[2024-04-22T16:22:02.083+0000] {processor.py:161} INFO - Started process (PID=325) to work on /home/airflow/.local/lib/python3.8/site-packages/airflow/example_dags/example_latest_only.py
[2024-04-22T16:22:02.084+0000] {processor.py:830} INFO - Processing file /home/airflow/.local/lib/python3.8/site-packages/airflow/example_dags/example_latest_only.py for tasks to queue
[2024-04-22T16:22:02.085+0000] {logging_mixin.py:188} INFO - [2024-04-22T16:22:02.085+0000] {dagbag.py:540} INFO - Filling up the DagBag from /home/airflow/.local/lib/python3.8/site-packages/airflow/example_dags/example_latest_only.py
[2024-04-22T16:22:02.093+0000] {processor.py:840} INFO - DAG(s) 'latest_only' retrieved from /home/airflow/.local/lib/python3.8/site-packages/airflow/example_dags/example_latest_only.py
[2024-04-22T16:22:02.133+0000] {logging_mixin.py:188} INFO - [2024-04-22T16:22:02.132+0000] {dag.py:3047} INFO - Sync 1 DAGs
[2024-04-22T16:22:02.163+0000] {logging_mixin.py:188} INFO - [2024-04-22T16:22:02.163+0000] {dag.py:3834} INFO - Setting next_dagrun for latest_only to 2024-04-22 12:00:00+00:00, run_after=2024-04-22 16:00:00+00:00
[2024-04-22T16:22:02.218+0000] {processor.py:183} INFO - Processing /home/airflow/.local/lib/python3.8/site-packages/airflow/example_dags/example_latest_only.py took 0.139 seconds
[2024-04-22T16:22:32.598+0000] {processor.py:161} INFO - Started process (PID=583) to work on /home/airflow/.local/lib/python3.8/site-packages/airflow/example_dags/example_latest_only.py
[2024-04-22T16:22:32.599+0000] {processor.py:830} INFO - Processing file /home/airflow/.local/lib/python3.8/site-packages/airflow/example_dags/example_latest_only.py for tasks to queue
[2024-04-22T16:22:32.600+0000] {logging_mixin.py:188} INFO - [2024-04-22T16:22:32.600+0000] {dagbag.py:540} INFO - Filling up the DagBag from /home/airflow/.local/lib/python3.8/site-packages/airflow/example_dags/example_latest_only.py
[2024-04-22T16:22:32.606+0000] {processor.py:840} INFO - DAG(s) 'latest_only' retrieved from /home/airflow/.local/lib/python3.8/site-packages/airflow/example_dags/example_latest_only.py
[2024-04-22T16:22:32.628+0000] {logging_mixin.py:188} INFO - [2024-04-22T16:22:32.627+0000] {dag.py:3047} INFO - Sync 1 DAGs
[2024-04-22T16:22:32.654+0000] {logging_mixin.py:188} INFO - [2024-04-22T16:22:32.654+0000] {dag.py:3834} INFO - Setting next_dagrun for latest_only to 2024-04-22 12:00:00+00:00, run_after=2024-04-22 16:00:00+00:00
[2024-04-22T16:22:32.689+0000] {processor.py:183} INFO - Processing /home/airflow/.local/lib/python3.8/site-packages/airflow/example_dags/example_latest_only.py took 0.094 seconds
[2024-04-22T16:23:02.762+0000] {processor.py:161} INFO - Started process (PID=837) to work on /home/airflow/.local/lib/python3.8/site-packages/airflow/example_dags/example_latest_only.py
[2024-04-22T16:23:02.763+0000] {processor.py:830} INFO - Processing file /home/airflow/.local/lib/python3.8/site-packages/airflow/example_dags/example_latest_only.py for tasks to queue
[2024-04-22T16:23:02.764+0000] {logging_mixin.py:188} INFO - [2024-04-22T16:23:02.764+0000] {dagbag.py:540} INFO - Filling up the DagBag from /home/airflow/.local/lib/python3.8/site-packages/airflow/example_dags/example_latest_only.py
[2024-04-22T16:23:02.772+0000] {processor.py:840} INFO - DAG(s) 'latest_only' retrieved from /home/airflow/.local/lib/python3.8/site-packages/airflow/example_dags/example_latest_only.py
[2024-04-22T16:23:02.794+0000] {logging_mixin.py:188} INFO - [2024-04-22T16:23:02.793+0000] {dag.py:3047} INFO - Sync 1 DAGs
[2024-04-22T16:23:02.819+0000] {logging_mixin.py:188} INFO - [2024-04-22T16:23:02.818+0000] {dag.py:3834} INFO - Setting next_dagrun for latest_only to 2024-04-22 12:00:00+00:00, run_after=2024-04-22 16:00:00+00:00
[2024-04-22T16:23:02.840+0000] {processor.py:183} INFO - Processing /home/airflow/.local/lib/python3.8/site-packages/airflow/example_dags/example_latest_only.py took 0.081 seconds
[2024-04-22T16:23:34.257+0000] {processor.py:161} INFO - Started process (PID=1096) to work on /home/airflow/.local/lib/python3.8/site-packages/airflow/example_dags/example_latest_only.py
[2024-04-22T16:23:34.259+0000] {processor.py:830} INFO - Processing file /home/airflow/.local/lib/python3.8/site-packages/airflow/example_dags/example_latest_only.py for tasks to queue
[2024-04-22T16:23:34.259+0000] {logging_mixin.py:188} INFO - [2024-04-22T16:23:34.259+0000] {dagbag.py:540} INFO - Filling up the DagBag from /home/airflow/.local/lib/python3.8/site-packages/airflow/example_dags/example_latest_only.py
[2024-04-22T16:23:34.267+0000] {processor.py:840} INFO - DAG(s) 'latest_only' retrieved from /home/airflow/.local/lib/python3.8/site-packages/airflow/example_dags/example_latest_only.py
[2024-04-22T16:23:34.290+0000] {logging_mixin.py:188} INFO - [2024-04-22T16:23:34.290+0000] {dag.py:3047} INFO - Sync 1 DAGs
[2024-04-22T16:23:34.356+0000] {logging_mixin.py:188} INFO - [2024-04-22T16:23:34.356+0000] {dag.py:3834} INFO - Setting next_dagrun for latest_only to 2024-04-22 12:00:00+00:00, run_after=2024-04-22 16:00:00+00:00
[2024-04-22T16:23:34.401+0000] {processor.py:183} INFO - Processing /home/airflow/.local/lib/python3.8/site-packages/airflow/example_dags/example_latest_only.py took 0.146 seconds
