[2024-04-22T16:22:00.043+0000] {processor.py:161} INFO - Started process (PID=241) to work on /home/airflow/.local/lib/python3.8/site-packages/airflow/example_dags/example_task_group_decorator.py
[2024-04-22T16:22:00.043+0000] {processor.py:830} INFO - Processing file /home/airflow/.local/lib/python3.8/site-packages/airflow/example_dags/example_task_group_decorator.py for tasks to queue
[2024-04-22T16:22:00.044+0000] {logging_mixin.py:188} INFO - [2024-04-22T16:22:00.044+0000] {dagbag.py:540} INFO - Filling up the DagBag from /home/airflow/.local/lib/python3.8/site-packages/airflow/example_dags/example_task_group_decorator.py
[2024-04-22T16:22:00.060+0000] {processor.py:840} INFO - DAG(s) 'example_task_group_decorator' retrieved from /home/airflow/.local/lib/python3.8/site-packages/airflow/example_dags/example_task_group_decorator.py
[2024-04-22T16:22:00.084+0000] {logging_mixin.py:188} INFO - [2024-04-22T16:22:00.083+0000] {dag.py:3047} INFO - Sync 1 DAGs
[2024-04-22T16:22:00.135+0000] {logging_mixin.py:188} INFO - [2024-04-22T16:22:00.134+0000] {dag.py:3834} INFO - Setting next_dagrun for example_task_group_decorator to 2024-04-21 00:00:00+00:00, run_after=2024-04-22 00:00:00+00:00
[2024-04-22T16:22:00.165+0000] {processor.py:183} INFO - Processing /home/airflow/.local/lib/python3.8/site-packages/airflow/example_dags/example_task_group_decorator.py took 0.128 seconds
[2024-04-22T16:22:30.248+0000] {processor.py:161} INFO - Started process (PID=496) to work on /home/airflow/.local/lib/python3.8/site-packages/airflow/example_dags/example_task_group_decorator.py
[2024-04-22T16:22:30.258+0000] {processor.py:830} INFO - Processing file /home/airflow/.local/lib/python3.8/site-packages/airflow/example_dags/example_task_group_decorator.py for tasks to queue
[2024-04-22T16:22:30.259+0000] {logging_mixin.py:188} INFO - [2024-04-22T16:22:30.258+0000] {dagbag.py:540} INFO - Filling up the DagBag from /home/airflow/.local/lib/python3.8/site-packages/airflow/example_dags/example_task_group_decorator.py
[2024-04-22T16:22:30.294+0000] {processor.py:840} INFO - DAG(s) 'example_task_group_decorator' retrieved from /home/airflow/.local/lib/python3.8/site-packages/airflow/example_dags/example_task_group_decorator.py
[2024-04-22T16:22:30.339+0000] {logging_mixin.py:188} INFO - [2024-04-22T16:22:30.339+0000] {dag.py:3047} INFO - Sync 1 DAGs
[2024-04-22T16:22:30.367+0000] {logging_mixin.py:188} INFO - [2024-04-22T16:22:30.367+0000] {dag.py:3834} INFO - Setting next_dagrun for example_task_group_decorator to 2024-04-21 00:00:00+00:00, run_after=2024-04-22 00:00:00+00:00
[2024-04-22T16:22:30.391+0000] {processor.py:183} INFO - Processing /home/airflow/.local/lib/python3.8/site-packages/airflow/example_dags/example_task_group_decorator.py took 0.145 seconds
[2024-04-22T16:23:00.523+0000] {processor.py:161} INFO - Started process (PID=752) to work on /home/airflow/.local/lib/python3.8/site-packages/airflow/example_dags/example_task_group_decorator.py
[2024-04-22T16:23:00.524+0000] {processor.py:830} INFO - Processing file /home/airflow/.local/lib/python3.8/site-packages/airflow/example_dags/example_task_group_decorator.py for tasks to queue
[2024-04-22T16:23:00.525+0000] {logging_mixin.py:188} INFO - [2024-04-22T16:23:00.525+0000] {dagbag.py:540} INFO - Filling up the DagBag from /home/airflow/.local/lib/python3.8/site-packages/airflow/example_dags/example_task_group_decorator.py
[2024-04-22T16:23:00.541+0000] {processor.py:840} INFO - DAG(s) 'example_task_group_decorator' retrieved from /home/airflow/.local/lib/python3.8/site-packages/airflow/example_dags/example_task_group_decorator.py
[2024-04-22T16:23:00.578+0000] {logging_mixin.py:188} INFO - [2024-04-22T16:23:00.577+0000] {dag.py:3047} INFO - Sync 1 DAGs
[2024-04-22T16:23:00.604+0000] {logging_mixin.py:188} INFO - [2024-04-22T16:23:00.604+0000] {dag.py:3834} INFO - Setting next_dagrun for example_task_group_decorator to 2024-04-21 00:00:00+00:00, run_after=2024-04-22 00:00:00+00:00
[2024-04-22T16:23:00.629+0000] {processor.py:183} INFO - Processing /home/airflow/.local/lib/python3.8/site-packages/airflow/example_dags/example_task_group_decorator.py took 0.109 seconds
[2024-04-22T16:23:31.528+0000] {processor.py:161} INFO - Started process (PID=1009) to work on /home/airflow/.local/lib/python3.8/site-packages/airflow/example_dags/example_task_group_decorator.py
[2024-04-22T16:23:31.529+0000] {processor.py:830} INFO - Processing file /home/airflow/.local/lib/python3.8/site-packages/airflow/example_dags/example_task_group_decorator.py for tasks to queue
[2024-04-22T16:23:31.530+0000] {logging_mixin.py:188} INFO - [2024-04-22T16:23:31.530+0000] {dagbag.py:540} INFO - Filling up the DagBag from /home/airflow/.local/lib/python3.8/site-packages/airflow/example_dags/example_task_group_decorator.py
[2024-04-22T16:23:31.556+0000] {processor.py:840} INFO - DAG(s) 'example_task_group_decorator' retrieved from /home/airflow/.local/lib/python3.8/site-packages/airflow/example_dags/example_task_group_decorator.py
[2024-04-22T16:23:31.597+0000] {logging_mixin.py:188} INFO - [2024-04-22T16:23:31.596+0000] {dag.py:3047} INFO - Sync 1 DAGs
[2024-04-22T16:23:31.624+0000] {logging_mixin.py:188} INFO - [2024-04-22T16:23:31.624+0000] {dag.py:3834} INFO - Setting next_dagrun for example_task_group_decorator to 2024-04-21 00:00:00+00:00, run_after=2024-04-22 00:00:00+00:00
[2024-04-22T16:23:31.652+0000] {processor.py:183} INFO - Processing /home/airflow/.local/lib/python3.8/site-packages/airflow/example_dags/example_task_group_decorator.py took 0.128 seconds
[2024-04-22T16:24:02.178+0000] {processor.py:161} INFO - Started process (PID=1266) to work on /home/airflow/.local/lib/python3.8/site-packages/airflow/example_dags/example_task_group_decorator.py
[2024-04-22T16:24:02.179+0000] {processor.py:830} INFO - Processing file /home/airflow/.local/lib/python3.8/site-packages/airflow/example_dags/example_task_group_decorator.py for tasks to queue
[2024-04-22T16:24:02.179+0000] {logging_mixin.py:188} INFO - [2024-04-22T16:24:02.179+0000] {dagbag.py:540} INFO - Filling up the DagBag from /home/airflow/.local/lib/python3.8/site-packages/airflow/example_dags/example_task_group_decorator.py
[2024-04-22T16:24:02.197+0000] {processor.py:840} INFO - DAG(s) 'example_task_group_decorator' retrieved from /home/airflow/.local/lib/python3.8/site-packages/airflow/example_dags/example_task_group_decorator.py
[2024-04-22T16:24:02.226+0000] {logging_mixin.py:188} INFO - [2024-04-22T16:24:02.226+0000] {dag.py:3047} INFO - Sync 1 DAGs
[2024-04-22T16:24:02.252+0000] {logging_mixin.py:188} INFO - [2024-04-22T16:24:02.252+0000] {dag.py:3834} INFO - Setting next_dagrun for example_task_group_decorator to 2024-04-21 00:00:00+00:00, run_after=2024-04-22 00:00:00+00:00
[2024-04-22T16:24:02.278+0000] {processor.py:183} INFO - Processing /home/airflow/.local/lib/python3.8/site-packages/airflow/example_dags/example_task_group_decorator.py took 0.103 seconds
[2024-04-22T16:24:32.603+0000] {processor.py:161} INFO - Started process (PID=1524) to work on /home/airflow/.local/lib/python3.8/site-packages/airflow/example_dags/example_task_group_decorator.py
[2024-04-22T16:24:32.604+0000] {processor.py:830} INFO - Processing file /home/airflow/.local/lib/python3.8/site-packages/airflow/example_dags/example_task_group_decorator.py for tasks to queue
[2024-04-22T16:24:32.605+0000] {logging_mixin.py:188} INFO - [2024-04-22T16:24:32.604+0000] {dagbag.py:540} INFO - Filling up the DagBag from /home/airflow/.local/lib/python3.8/site-packages/airflow/example_dags/example_task_group_decorator.py
[2024-04-22T16:24:32.625+0000] {processor.py:840} INFO - DAG(s) 'example_task_group_decorator' retrieved from /home/airflow/.local/lib/python3.8/site-packages/airflow/example_dags/example_task_group_decorator.py
[2024-04-22T16:24:32.694+0000] {logging_mixin.py:188} INFO - [2024-04-22T16:24:32.694+0000] {dag.py:3047} INFO - Sync 1 DAGs
[2024-04-22T16:24:32.719+0000] {logging_mixin.py:188} INFO - [2024-04-22T16:24:32.719+0000] {dag.py:3834} INFO - Setting next_dagrun for example_task_group_decorator to 2024-04-21 00:00:00+00:00, run_after=2024-04-22 00:00:00+00:00
[2024-04-22T16:24:32.748+0000] {processor.py:183} INFO - Processing /home/airflow/.local/lib/python3.8/site-packages/airflow/example_dags/example_task_group_decorator.py took 0.149 seconds
[2024-04-22T16:25:03.038+0000] {processor.py:161} INFO - Started process (PID=1782) to work on /home/airflow/.local/lib/python3.8/site-packages/airflow/example_dags/example_task_group_decorator.py
[2024-04-22T16:25:03.039+0000] {processor.py:830} INFO - Processing file /home/airflow/.local/lib/python3.8/site-packages/airflow/example_dags/example_task_group_decorator.py for tasks to queue
[2024-04-22T16:25:03.040+0000] {logging_mixin.py:188} INFO - [2024-04-22T16:25:03.039+0000] {dagbag.py:540} INFO - Filling up the DagBag from /home/airflow/.local/lib/python3.8/site-packages/airflow/example_dags/example_task_group_decorator.py
[2024-04-22T16:25:03.061+0000] {processor.py:840} INFO - DAG(s) 'example_task_group_decorator' retrieved from /home/airflow/.local/lib/python3.8/site-packages/airflow/example_dags/example_task_group_decorator.py
[2024-04-22T16:25:03.089+0000] {logging_mixin.py:188} INFO - [2024-04-22T16:25:03.089+0000] {dag.py:3047} INFO - Sync 1 DAGs
[2024-04-22T16:25:03.122+0000] {logging_mixin.py:188} INFO - [2024-04-22T16:25:03.122+0000] {dag.py:3834} INFO - Setting next_dagrun for example_task_group_decorator to 2024-04-21 00:00:00+00:00, run_after=2024-04-22 00:00:00+00:00
[2024-04-22T16:25:03.147+0000] {processor.py:183} INFO - Processing /home/airflow/.local/lib/python3.8/site-packages/airflow/example_dags/example_task_group_decorator.py took 0.113 seconds
[2024-04-22T16:25:33.736+0000] {processor.py:161} INFO - Started process (PID=2039) to work on /home/airflow/.local/lib/python3.8/site-packages/airflow/example_dags/example_task_group_decorator.py
[2024-04-22T16:25:33.737+0000] {processor.py:830} INFO - Processing file /home/airflow/.local/lib/python3.8/site-packages/airflow/example_dags/example_task_group_decorator.py for tasks to queue
[2024-04-22T16:25:33.738+0000] {logging_mixin.py:188} INFO - [2024-04-22T16:25:33.738+0000] {dagbag.py:540} INFO - Filling up the DagBag from /home/airflow/.local/lib/python3.8/site-packages/airflow/example_dags/example_task_group_decorator.py
[2024-04-22T16:25:33.760+0000] {processor.py:840} INFO - DAG(s) 'example_task_group_decorator' retrieved from /home/airflow/.local/lib/python3.8/site-packages/airflow/example_dags/example_task_group_decorator.py
[2024-04-22T16:25:33.790+0000] {logging_mixin.py:188} INFO - [2024-04-22T16:25:33.789+0000] {dag.py:3047} INFO - Sync 1 DAGs
[2024-04-22T16:25:33.823+0000] {logging_mixin.py:188} INFO - [2024-04-22T16:25:33.822+0000] {dag.py:3834} INFO - Setting next_dagrun for example_task_group_decorator to 2024-04-21 00:00:00+00:00, run_after=2024-04-22 00:00:00+00:00
[2024-04-22T16:25:33.859+0000] {processor.py:183} INFO - Processing /home/airflow/.local/lib/python3.8/site-packages/airflow/example_dags/example_task_group_decorator.py took 0.126 seconds
[2024-04-22T16:26:04.141+0000] {processor.py:161} INFO - Started process (PID=2296) to work on /home/airflow/.local/lib/python3.8/site-packages/airflow/example_dags/example_task_group_decorator.py
[2024-04-22T16:26:04.141+0000] {processor.py:830} INFO - Processing file /home/airflow/.local/lib/python3.8/site-packages/airflow/example_dags/example_task_group_decorator.py for tasks to queue
[2024-04-22T16:26:04.142+0000] {logging_mixin.py:188} INFO - [2024-04-22T16:26:04.142+0000] {dagbag.py:540} INFO - Filling up the DagBag from /home/airflow/.local/lib/python3.8/site-packages/airflow/example_dags/example_task_group_decorator.py
[2024-04-22T16:26:04.178+0000] {processor.py:840} INFO - DAG(s) 'example_task_group_decorator' retrieved from /home/airflow/.local/lib/python3.8/site-packages/airflow/example_dags/example_task_group_decorator.py
[2024-04-22T16:26:04.223+0000] {logging_mixin.py:188} INFO - [2024-04-22T16:26:04.223+0000] {dag.py:3047} INFO - Sync 1 DAGs
[2024-04-22T16:26:04.268+0000] {logging_mixin.py:188} INFO - [2024-04-22T16:26:04.268+0000] {dag.py:3834} INFO - Setting next_dagrun for example_task_group_decorator to 2024-04-21 00:00:00+00:00, run_after=2024-04-22 00:00:00+00:00
[2024-04-22T16:26:04.307+0000] {processor.py:183} INFO - Processing /home/airflow/.local/lib/python3.8/site-packages/airflow/example_dags/example_task_group_decorator.py took 0.169 seconds
[2024-04-22T16:26:34.502+0000] {processor.py:161} INFO - Started process (PID=2553) to work on /home/airflow/.local/lib/python3.8/site-packages/airflow/example_dags/example_task_group_decorator.py
[2024-04-22T16:26:34.503+0000] {processor.py:830} INFO - Processing file /home/airflow/.local/lib/python3.8/site-packages/airflow/example_dags/example_task_group_decorator.py for tasks to queue
[2024-04-22T16:26:34.504+0000] {logging_mixin.py:188} INFO - [2024-04-22T16:26:34.503+0000] {dagbag.py:540} INFO - Filling up the DagBag from /home/airflow/.local/lib/python3.8/site-packages/airflow/example_dags/example_task_group_decorator.py
[2024-04-22T16:26:34.522+0000] {processor.py:840} INFO - DAG(s) 'example_task_group_decorator' retrieved from /home/airflow/.local/lib/python3.8/site-packages/airflow/example_dags/example_task_group_decorator.py
[2024-04-22T16:26:34.551+0000] {logging_mixin.py:188} INFO - [2024-04-22T16:26:34.551+0000] {dag.py:3047} INFO - Sync 1 DAGs
[2024-04-22T16:26:34.577+0000] {logging_mixin.py:188} INFO - [2024-04-22T16:26:34.576+0000] {dag.py:3834} INFO - Setting next_dagrun for example_task_group_decorator to 2024-04-21 00:00:00+00:00, run_after=2024-04-22 00:00:00+00:00
[2024-04-22T16:26:34.600+0000] {processor.py:183} INFO - Processing /home/airflow/.local/lib/python3.8/site-packages/airflow/example_dags/example_task_group_decorator.py took 0.102 seconds
[2024-04-22T16:27:05.158+0000] {processor.py:161} INFO - Started process (PID=2812) to work on /home/airflow/.local/lib/python3.8/site-packages/airflow/example_dags/example_task_group_decorator.py
[2024-04-22T16:27:05.159+0000] {processor.py:830} INFO - Processing file /home/airflow/.local/lib/python3.8/site-packages/airflow/example_dags/example_task_group_decorator.py for tasks to queue
[2024-04-22T16:27:05.160+0000] {logging_mixin.py:188} INFO - [2024-04-22T16:27:05.160+0000] {dagbag.py:540} INFO - Filling up the DagBag from /home/airflow/.local/lib/python3.8/site-packages/airflow/example_dags/example_task_group_decorator.py
[2024-04-22T16:27:05.186+0000] {processor.py:840} INFO - DAG(s) 'example_task_group_decorator' retrieved from /home/airflow/.local/lib/python3.8/site-packages/airflow/example_dags/example_task_group_decorator.py
[2024-04-22T16:27:05.237+0000] {logging_mixin.py:188} INFO - [2024-04-22T16:27:05.237+0000] {dag.py:3047} INFO - Sync 1 DAGs
[2024-04-22T16:27:05.272+0000] {logging_mixin.py:188} INFO - [2024-04-22T16:27:05.272+0000] {dag.py:3834} INFO - Setting next_dagrun for example_task_group_decorator to 2024-04-21 00:00:00+00:00, run_after=2024-04-22 00:00:00+00:00
[2024-04-22T16:27:05.313+0000] {processor.py:183} INFO - Processing /home/airflow/.local/lib/python3.8/site-packages/airflow/example_dags/example_task_group_decorator.py took 0.158 seconds
[2024-04-22T16:27:35.875+0000] {processor.py:161} INFO - Started process (PID=3075) to work on /home/airflow/.local/lib/python3.8/site-packages/airflow/example_dags/example_task_group_decorator.py
[2024-04-22T16:27:35.876+0000] {processor.py:830} INFO - Processing file /home/airflow/.local/lib/python3.8/site-packages/airflow/example_dags/example_task_group_decorator.py for tasks to queue
[2024-04-22T16:27:35.877+0000] {logging_mixin.py:188} INFO - [2024-04-22T16:27:35.877+0000] {dagbag.py:540} INFO - Filling up the DagBag from /home/airflow/.local/lib/python3.8/site-packages/airflow/example_dags/example_task_group_decorator.py
[2024-04-22T16:27:35.897+0000] {processor.py:840} INFO - DAG(s) 'example_task_group_decorator' retrieved from /home/airflow/.local/lib/python3.8/site-packages/airflow/example_dags/example_task_group_decorator.py
[2024-04-22T16:27:35.932+0000] {logging_mixin.py:188} INFO - [2024-04-22T16:27:35.931+0000] {dag.py:3047} INFO - Sync 1 DAGs
[2024-04-22T16:27:35.954+0000] {logging_mixin.py:188} INFO - [2024-04-22T16:27:35.954+0000] {dag.py:3834} INFO - Setting next_dagrun for example_task_group_decorator to 2024-04-21 00:00:00+00:00, run_after=2024-04-22 00:00:00+00:00
[2024-04-22T16:27:35.978+0000] {processor.py:183} INFO - Processing /home/airflow/.local/lib/python3.8/site-packages/airflow/example_dags/example_task_group_decorator.py took 0.106 seconds
[2024-04-22T16:28:06.372+0000] {processor.py:161} INFO - Started process (PID=3335) to work on /home/airflow/.local/lib/python3.8/site-packages/airflow/example_dags/example_task_group_decorator.py
[2024-04-22T16:28:06.372+0000] {processor.py:830} INFO - Processing file /home/airflow/.local/lib/python3.8/site-packages/airflow/example_dags/example_task_group_decorator.py for tasks to queue
[2024-04-22T16:28:06.373+0000] {logging_mixin.py:188} INFO - [2024-04-22T16:28:06.373+0000] {dagbag.py:540} INFO - Filling up the DagBag from /home/airflow/.local/lib/python3.8/site-packages/airflow/example_dags/example_task_group_decorator.py
[2024-04-22T16:28:06.392+0000] {processor.py:840} INFO - DAG(s) 'example_task_group_decorator' retrieved from /home/airflow/.local/lib/python3.8/site-packages/airflow/example_dags/example_task_group_decorator.py
[2024-04-22T16:28:06.420+0000] {logging_mixin.py:188} INFO - [2024-04-22T16:28:06.419+0000] {dag.py:3047} INFO - Sync 1 DAGs
[2024-04-22T16:28:06.443+0000] {logging_mixin.py:188} INFO - [2024-04-22T16:28:06.443+0000] {dag.py:3834} INFO - Setting next_dagrun for example_task_group_decorator to 2024-04-21 00:00:00+00:00, run_after=2024-04-22 00:00:00+00:00
[2024-04-22T16:28:06.467+0000] {processor.py:183} INFO - Processing /home/airflow/.local/lib/python3.8/site-packages/airflow/example_dags/example_task_group_decorator.py took 0.099 seconds
[2024-04-22T16:28:37.388+0000] {processor.py:161} INFO - Started process (PID=3591) to work on /home/airflow/.local/lib/python3.8/site-packages/airflow/example_dags/example_task_group_decorator.py
[2024-04-22T16:28:37.389+0000] {processor.py:830} INFO - Processing file /home/airflow/.local/lib/python3.8/site-packages/airflow/example_dags/example_task_group_decorator.py for tasks to queue
[2024-04-22T16:28:37.390+0000] {logging_mixin.py:188} INFO - [2024-04-22T16:28:37.390+0000] {dagbag.py:540} INFO - Filling up the DagBag from /home/airflow/.local/lib/python3.8/site-packages/airflow/example_dags/example_task_group_decorator.py
[2024-04-22T16:28:37.409+0000] {processor.py:840} INFO - DAG(s) 'example_task_group_decorator' retrieved from /home/airflow/.local/lib/python3.8/site-packages/airflow/example_dags/example_task_group_decorator.py
[2024-04-22T16:28:37.437+0000] {logging_mixin.py:188} INFO - [2024-04-22T16:28:37.436+0000] {dag.py:3047} INFO - Sync 1 DAGs
[2024-04-22T16:28:37.461+0000] {logging_mixin.py:188} INFO - [2024-04-22T16:28:37.461+0000] {dag.py:3834} INFO - Setting next_dagrun for example_task_group_decorator to 2024-04-21 00:00:00+00:00, run_after=2024-04-22 00:00:00+00:00
[2024-04-22T16:28:37.490+0000] {processor.py:183} INFO - Processing /home/airflow/.local/lib/python3.8/site-packages/airflow/example_dags/example_task_group_decorator.py took 0.105 seconds
[2024-04-22T16:29:08.000+0000] {processor.py:161} INFO - Started process (PID=3848) to work on /home/airflow/.local/lib/python3.8/site-packages/airflow/example_dags/example_task_group_decorator.py
[2024-04-22T16:29:08.001+0000] {processor.py:830} INFO - Processing file /home/airflow/.local/lib/python3.8/site-packages/airflow/example_dags/example_task_group_decorator.py for tasks to queue
[2024-04-22T16:29:08.002+0000] {logging_mixin.py:188} INFO - [2024-04-22T16:29:08.001+0000] {dagbag.py:540} INFO - Filling up the DagBag from /home/airflow/.local/lib/python3.8/site-packages/airflow/example_dags/example_task_group_decorator.py
[2024-04-22T16:29:08.021+0000] {processor.py:840} INFO - DAG(s) 'example_task_group_decorator' retrieved from /home/airflow/.local/lib/python3.8/site-packages/airflow/example_dags/example_task_group_decorator.py
[2024-04-22T16:29:08.068+0000] {logging_mixin.py:188} INFO - [2024-04-22T16:29:08.068+0000] {dag.py:3047} INFO - Sync 1 DAGs
[2024-04-22T16:29:08.094+0000] {logging_mixin.py:188} INFO - [2024-04-22T16:29:08.094+0000] {dag.py:3834} INFO - Setting next_dagrun for example_task_group_decorator to 2024-04-21 00:00:00+00:00, run_after=2024-04-22 00:00:00+00:00
[2024-04-22T16:29:08.145+0000] {processor.py:183} INFO - Processing /home/airflow/.local/lib/python3.8/site-packages/airflow/example_dags/example_task_group_decorator.py took 0.149 seconds
[2024-04-22T16:29:38.394+0000] {processor.py:161} INFO - Started process (PID=4105) to work on /home/airflow/.local/lib/python3.8/site-packages/airflow/example_dags/example_task_group_decorator.py
[2024-04-22T16:29:38.395+0000] {processor.py:830} INFO - Processing file /home/airflow/.local/lib/python3.8/site-packages/airflow/example_dags/example_task_group_decorator.py for tasks to queue
[2024-04-22T16:29:38.396+0000] {logging_mixin.py:188} INFO - [2024-04-22T16:29:38.395+0000] {dagbag.py:540} INFO - Filling up the DagBag from /home/airflow/.local/lib/python3.8/site-packages/airflow/example_dags/example_task_group_decorator.py
[2024-04-22T16:29:38.414+0000] {processor.py:840} INFO - DAG(s) 'example_task_group_decorator' retrieved from /home/airflow/.local/lib/python3.8/site-packages/airflow/example_dags/example_task_group_decorator.py
[2024-04-22T16:29:38.441+0000] {logging_mixin.py:188} INFO - [2024-04-22T16:29:38.440+0000] {dag.py:3047} INFO - Sync 1 DAGs
[2024-04-22T16:29:38.465+0000] {logging_mixin.py:188} INFO - [2024-04-22T16:29:38.464+0000] {dag.py:3834} INFO - Setting next_dagrun for example_task_group_decorator to 2024-04-21 00:00:00+00:00, run_after=2024-04-22 00:00:00+00:00
[2024-04-22T16:29:38.494+0000] {processor.py:183} INFO - Processing /home/airflow/.local/lib/python3.8/site-packages/airflow/example_dags/example_task_group_decorator.py took 0.103 seconds
[2024-04-22T16:30:08.733+0000] {processor.py:161} INFO - Started process (PID=4362) to work on /home/airflow/.local/lib/python3.8/site-packages/airflow/example_dags/example_task_group_decorator.py
[2024-04-22T16:30:08.734+0000] {processor.py:830} INFO - Processing file /home/airflow/.local/lib/python3.8/site-packages/airflow/example_dags/example_task_group_decorator.py for tasks to queue
[2024-04-22T16:30:08.735+0000] {logging_mixin.py:188} INFO - [2024-04-22T16:30:08.735+0000] {dagbag.py:540} INFO - Filling up the DagBag from /home/airflow/.local/lib/python3.8/site-packages/airflow/example_dags/example_task_group_decorator.py
[2024-04-22T16:30:08.754+0000] {processor.py:840} INFO - DAG(s) 'example_task_group_decorator' retrieved from /home/airflow/.local/lib/python3.8/site-packages/airflow/example_dags/example_task_group_decorator.py
[2024-04-22T16:30:08.780+0000] {logging_mixin.py:188} INFO - [2024-04-22T16:30:08.780+0000] {dag.py:3047} INFO - Sync 1 DAGs
[2024-04-22T16:30:08.805+0000] {logging_mixin.py:188} INFO - [2024-04-22T16:30:08.804+0000] {dag.py:3834} INFO - Setting next_dagrun for example_task_group_decorator to 2024-04-21 00:00:00+00:00, run_after=2024-04-22 00:00:00+00:00
[2024-04-22T16:30:08.831+0000] {processor.py:183} INFO - Processing /home/airflow/.local/lib/python3.8/site-packages/airflow/example_dags/example_task_group_decorator.py took 0.101 seconds
[2024-04-22T16:30:39.216+0000] {processor.py:161} INFO - Started process (PID=4620) to work on /home/airflow/.local/lib/python3.8/site-packages/airflow/example_dags/example_task_group_decorator.py
[2024-04-22T16:30:39.217+0000] {processor.py:830} INFO - Processing file /home/airflow/.local/lib/python3.8/site-packages/airflow/example_dags/example_task_group_decorator.py for tasks to queue
[2024-04-22T16:30:39.218+0000] {logging_mixin.py:188} INFO - [2024-04-22T16:30:39.218+0000] {dagbag.py:540} INFO - Filling up the DagBag from /home/airflow/.local/lib/python3.8/site-packages/airflow/example_dags/example_task_group_decorator.py
[2024-04-22T16:30:39.237+0000] {processor.py:840} INFO - DAG(s) 'example_task_group_decorator' retrieved from /home/airflow/.local/lib/python3.8/site-packages/airflow/example_dags/example_task_group_decorator.py
[2024-04-22T16:30:39.265+0000] {logging_mixin.py:188} INFO - [2024-04-22T16:30:39.265+0000] {dag.py:3047} INFO - Sync 1 DAGs
[2024-04-22T16:30:39.294+0000] {logging_mixin.py:188} INFO - [2024-04-22T16:30:39.294+0000] {dag.py:3834} INFO - Setting next_dagrun for example_task_group_decorator to 2024-04-21 00:00:00+00:00, run_after=2024-04-22 00:00:00+00:00
[2024-04-22T16:30:39.320+0000] {processor.py:183} INFO - Processing /home/airflow/.local/lib/python3.8/site-packages/airflow/example_dags/example_task_group_decorator.py took 0.108 seconds
[2024-04-22T16:31:09.612+0000] {processor.py:161} INFO - Started process (PID=4877) to work on /home/airflow/.local/lib/python3.8/site-packages/airflow/example_dags/example_task_group_decorator.py
[2024-04-22T16:31:09.614+0000] {processor.py:830} INFO - Processing file /home/airflow/.local/lib/python3.8/site-packages/airflow/example_dags/example_task_group_decorator.py for tasks to queue
[2024-04-22T16:31:09.614+0000] {logging_mixin.py:188} INFO - [2024-04-22T16:31:09.614+0000] {dagbag.py:540} INFO - Filling up the DagBag from /home/airflow/.local/lib/python3.8/site-packages/airflow/example_dags/example_task_group_decorator.py
[2024-04-22T16:31:09.632+0000] {processor.py:840} INFO - DAG(s) 'example_task_group_decorator' retrieved from /home/airflow/.local/lib/python3.8/site-packages/airflow/example_dags/example_task_group_decorator.py
[2024-04-22T16:31:09.661+0000] {logging_mixin.py:188} INFO - [2024-04-22T16:31:09.660+0000] {dag.py:3047} INFO - Sync 1 DAGs
[2024-04-22T16:31:09.687+0000] {logging_mixin.py:188} INFO - [2024-04-22T16:31:09.687+0000] {dag.py:3834} INFO - Setting next_dagrun for example_task_group_decorator to 2024-04-21 00:00:00+00:00, run_after=2024-04-22 00:00:00+00:00
[2024-04-22T16:31:09.711+0000] {processor.py:183} INFO - Processing /home/airflow/.local/lib/python3.8/site-packages/airflow/example_dags/example_task_group_decorator.py took 0.102 seconds
[2024-04-22T16:31:40.356+0000] {processor.py:161} INFO - Started process (PID=5134) to work on /home/airflow/.local/lib/python3.8/site-packages/airflow/example_dags/example_task_group_decorator.py
[2024-04-22T16:31:40.357+0000] {processor.py:830} INFO - Processing file /home/airflow/.local/lib/python3.8/site-packages/airflow/example_dags/example_task_group_decorator.py for tasks to queue
[2024-04-22T16:31:40.358+0000] {logging_mixin.py:188} INFO - [2024-04-22T16:31:40.358+0000] {dagbag.py:540} INFO - Filling up the DagBag from /home/airflow/.local/lib/python3.8/site-packages/airflow/example_dags/example_task_group_decorator.py
[2024-04-22T16:31:40.377+0000] {processor.py:840} INFO - DAG(s) 'example_task_group_decorator' retrieved from /home/airflow/.local/lib/python3.8/site-packages/airflow/example_dags/example_task_group_decorator.py
[2024-04-22T16:31:40.408+0000] {logging_mixin.py:188} INFO - [2024-04-22T16:31:40.408+0000] {dag.py:3047} INFO - Sync 1 DAGs
[2024-04-22T16:31:40.434+0000] {logging_mixin.py:188} INFO - [2024-04-22T16:31:40.434+0000] {dag.py:3834} INFO - Setting next_dagrun for example_task_group_decorator to 2024-04-21 00:00:00+00:00, run_after=2024-04-22 00:00:00+00:00
[2024-04-22T16:31:40.457+0000] {processor.py:183} INFO - Processing /home/airflow/.local/lib/python3.8/site-packages/airflow/example_dags/example_task_group_decorator.py took 0.105 seconds
[2024-04-22T16:32:10.711+0000] {processor.py:161} INFO - Started process (PID=5393) to work on /home/airflow/.local/lib/python3.8/site-packages/airflow/example_dags/example_task_group_decorator.py
[2024-04-22T16:32:10.713+0000] {processor.py:830} INFO - Processing file /home/airflow/.local/lib/python3.8/site-packages/airflow/example_dags/example_task_group_decorator.py for tasks to queue
[2024-04-22T16:32:10.713+0000] {logging_mixin.py:188} INFO - [2024-04-22T16:32:10.713+0000] {dagbag.py:540} INFO - Filling up the DagBag from /home/airflow/.local/lib/python3.8/site-packages/airflow/example_dags/example_task_group_decorator.py
[2024-04-22T16:32:10.733+0000] {processor.py:840} INFO - DAG(s) 'example_task_group_decorator' retrieved from /home/airflow/.local/lib/python3.8/site-packages/airflow/example_dags/example_task_group_decorator.py
[2024-04-22T16:32:10.764+0000] {logging_mixin.py:188} INFO - [2024-04-22T16:32:10.763+0000] {dag.py:3047} INFO - Sync 1 DAGs
[2024-04-22T16:32:10.787+0000] {logging_mixin.py:188} INFO - [2024-04-22T16:32:10.787+0000] {dag.py:3834} INFO - Setting next_dagrun for example_task_group_decorator to 2024-04-21 00:00:00+00:00, run_after=2024-04-22 00:00:00+00:00
[2024-04-22T16:32:10.813+0000] {processor.py:183} INFO - Processing /home/airflow/.local/lib/python3.8/site-packages/airflow/example_dags/example_task_group_decorator.py took 0.105 seconds
[2024-04-22T16:32:41.000+0000] {processor.py:161} INFO - Started process (PID=5650) to work on /home/airflow/.local/lib/python3.8/site-packages/airflow/example_dags/example_task_group_decorator.py
[2024-04-22T16:32:41.000+0000] {processor.py:830} INFO - Processing file /home/airflow/.local/lib/python3.8/site-packages/airflow/example_dags/example_task_group_decorator.py for tasks to queue
[2024-04-22T16:32:41.001+0000] {logging_mixin.py:188} INFO - [2024-04-22T16:32:41.001+0000] {dagbag.py:540} INFO - Filling up the DagBag from /home/airflow/.local/lib/python3.8/site-packages/airflow/example_dags/example_task_group_decorator.py
[2024-04-22T16:32:41.021+0000] {processor.py:840} INFO - DAG(s) 'example_task_group_decorator' retrieved from /home/airflow/.local/lib/python3.8/site-packages/airflow/example_dags/example_task_group_decorator.py
[2024-04-22T16:32:41.050+0000] {logging_mixin.py:188} INFO - [2024-04-22T16:32:41.050+0000] {dag.py:3047} INFO - Sync 1 DAGs
[2024-04-22T16:32:41.075+0000] {logging_mixin.py:188} INFO - [2024-04-22T16:32:41.075+0000] {dag.py:3834} INFO - Setting next_dagrun for example_task_group_decorator to 2024-04-21 00:00:00+00:00, run_after=2024-04-22 00:00:00+00:00
[2024-04-22T16:32:41.100+0000] {processor.py:183} INFO - Processing /home/airflow/.local/lib/python3.8/site-packages/airflow/example_dags/example_task_group_decorator.py took 0.103 seconds
[2024-04-22T16:33:11.236+0000] {processor.py:161} INFO - Started process (PID=5909) to work on /home/airflow/.local/lib/python3.8/site-packages/airflow/example_dags/example_task_group_decorator.py
[2024-04-22T16:33:11.237+0000] {processor.py:830} INFO - Processing file /home/airflow/.local/lib/python3.8/site-packages/airflow/example_dags/example_task_group_decorator.py for tasks to queue
[2024-04-22T16:33:11.238+0000] {logging_mixin.py:188} INFO - [2024-04-22T16:33:11.237+0000] {dagbag.py:540} INFO - Filling up the DagBag from /home/airflow/.local/lib/python3.8/site-packages/airflow/example_dags/example_task_group_decorator.py
[2024-04-22T16:33:11.257+0000] {processor.py:840} INFO - DAG(s) 'example_task_group_decorator' retrieved from /home/airflow/.local/lib/python3.8/site-packages/airflow/example_dags/example_task_group_decorator.py
[2024-04-22T16:33:11.285+0000] {logging_mixin.py:188} INFO - [2024-04-22T16:33:11.285+0000] {dag.py:3047} INFO - Sync 1 DAGs
[2024-04-22T16:33:11.308+0000] {logging_mixin.py:188} INFO - [2024-04-22T16:33:11.308+0000] {dag.py:3834} INFO - Setting next_dagrun for example_task_group_decorator to 2024-04-21 00:00:00+00:00, run_after=2024-04-22 00:00:00+00:00
[2024-04-22T16:33:11.331+0000] {processor.py:183} INFO - Processing /home/airflow/.local/lib/python3.8/site-packages/airflow/example_dags/example_task_group_decorator.py took 0.098 seconds
[2024-04-22T16:33:41.819+0000] {processor.py:161} INFO - Started process (PID=6164) to work on /home/airflow/.local/lib/python3.8/site-packages/airflow/example_dags/example_task_group_decorator.py
[2024-04-22T16:33:41.820+0000] {processor.py:830} INFO - Processing file /home/airflow/.local/lib/python3.8/site-packages/airflow/example_dags/example_task_group_decorator.py for tasks to queue
[2024-04-22T16:33:41.821+0000] {logging_mixin.py:188} INFO - [2024-04-22T16:33:41.821+0000] {dagbag.py:540} INFO - Filling up the DagBag from /home/airflow/.local/lib/python3.8/site-packages/airflow/example_dags/example_task_group_decorator.py
[2024-04-22T16:33:41.842+0000] {processor.py:840} INFO - DAG(s) 'example_task_group_decorator' retrieved from /home/airflow/.local/lib/python3.8/site-packages/airflow/example_dags/example_task_group_decorator.py
[2024-04-22T16:33:41.867+0000] {logging_mixin.py:188} INFO - [2024-04-22T16:33:41.867+0000] {dag.py:3047} INFO - Sync 1 DAGs
[2024-04-22T16:33:41.891+0000] {logging_mixin.py:188} INFO - [2024-04-22T16:33:41.890+0000] {dag.py:3834} INFO - Setting next_dagrun for example_task_group_decorator to 2024-04-21 00:00:00+00:00, run_after=2024-04-22 00:00:00+00:00
[2024-04-22T16:33:41.916+0000] {processor.py:183} INFO - Processing /home/airflow/.local/lib/python3.8/site-packages/airflow/example_dags/example_task_group_decorator.py took 0.100 seconds
[2024-04-22T16:34:12.125+0000] {processor.py:161} INFO - Started process (PID=6423) to work on /home/airflow/.local/lib/python3.8/site-packages/airflow/example_dags/example_task_group_decorator.py
[2024-04-22T16:34:12.126+0000] {processor.py:830} INFO - Processing file /home/airflow/.local/lib/python3.8/site-packages/airflow/example_dags/example_task_group_decorator.py for tasks to queue
[2024-04-22T16:34:12.127+0000] {logging_mixin.py:188} INFO - [2024-04-22T16:34:12.127+0000] {dagbag.py:540} INFO - Filling up the DagBag from /home/airflow/.local/lib/python3.8/site-packages/airflow/example_dags/example_task_group_decorator.py
[2024-04-22T16:34:12.143+0000] {processor.py:840} INFO - DAG(s) 'example_task_group_decorator' retrieved from /home/airflow/.local/lib/python3.8/site-packages/airflow/example_dags/example_task_group_decorator.py
[2024-04-22T16:34:12.170+0000] {logging_mixin.py:188} INFO - [2024-04-22T16:34:12.170+0000] {dag.py:3047} INFO - Sync 1 DAGs
[2024-04-22T16:34:12.194+0000] {logging_mixin.py:188} INFO - [2024-04-22T16:34:12.194+0000] {dag.py:3834} INFO - Setting next_dagrun for example_task_group_decorator to 2024-04-21 00:00:00+00:00, run_after=2024-04-22 00:00:00+00:00
[2024-04-22T16:34:12.219+0000] {processor.py:183} INFO - Processing /home/airflow/.local/lib/python3.8/site-packages/airflow/example_dags/example_task_group_decorator.py took 0.098 seconds
[2024-04-22T16:34:42.470+0000] {processor.py:161} INFO - Started process (PID=6680) to work on /home/airflow/.local/lib/python3.8/site-packages/airflow/example_dags/example_task_group_decorator.py
[2024-04-22T16:34:42.471+0000] {processor.py:830} INFO - Processing file /home/airflow/.local/lib/python3.8/site-packages/airflow/example_dags/example_task_group_decorator.py for tasks to queue
[2024-04-22T16:34:42.472+0000] {logging_mixin.py:188} INFO - [2024-04-22T16:34:42.472+0000] {dagbag.py:540} INFO - Filling up the DagBag from /home/airflow/.local/lib/python3.8/site-packages/airflow/example_dags/example_task_group_decorator.py
[2024-04-22T16:34:42.492+0000] {processor.py:840} INFO - DAG(s) 'example_task_group_decorator' retrieved from /home/airflow/.local/lib/python3.8/site-packages/airflow/example_dags/example_task_group_decorator.py
[2024-04-22T16:34:42.521+0000] {logging_mixin.py:188} INFO - [2024-04-22T16:34:42.520+0000] {dag.py:3047} INFO - Sync 1 DAGs
[2024-04-22T16:34:42.545+0000] {logging_mixin.py:188} INFO - [2024-04-22T16:34:42.545+0000] {dag.py:3834} INFO - Setting next_dagrun for example_task_group_decorator to 2024-04-21 00:00:00+00:00, run_after=2024-04-22 00:00:00+00:00
[2024-04-22T16:34:42.571+0000] {processor.py:183} INFO - Processing /home/airflow/.local/lib/python3.8/site-packages/airflow/example_dags/example_task_group_decorator.py took 0.104 seconds
[2024-04-22T16:35:13.181+0000] {processor.py:161} INFO - Started process (PID=6937) to work on /home/airflow/.local/lib/python3.8/site-packages/airflow/example_dags/example_task_group_decorator.py
[2024-04-22T16:35:13.182+0000] {processor.py:830} INFO - Processing file /home/airflow/.local/lib/python3.8/site-packages/airflow/example_dags/example_task_group_decorator.py for tasks to queue
[2024-04-22T16:35:13.183+0000] {logging_mixin.py:188} INFO - [2024-04-22T16:35:13.182+0000] {dagbag.py:540} INFO - Filling up the DagBag from /home/airflow/.local/lib/python3.8/site-packages/airflow/example_dags/example_task_group_decorator.py
[2024-04-22T16:35:13.199+0000] {processor.py:840} INFO - DAG(s) 'example_task_group_decorator' retrieved from /home/airflow/.local/lib/python3.8/site-packages/airflow/example_dags/example_task_group_decorator.py
[2024-04-22T16:35:13.229+0000] {logging_mixin.py:188} INFO - [2024-04-22T16:35:13.228+0000] {dag.py:3047} INFO - Sync 1 DAGs
[2024-04-22T16:35:13.255+0000] {logging_mixin.py:188} INFO - [2024-04-22T16:35:13.255+0000] {dag.py:3834} INFO - Setting next_dagrun for example_task_group_decorator to 2024-04-21 00:00:00+00:00, run_after=2024-04-22 00:00:00+00:00
[2024-04-22T16:35:13.279+0000] {processor.py:183} INFO - Processing /home/airflow/.local/lib/python3.8/site-packages/airflow/example_dags/example_task_group_decorator.py took 0.102 seconds
[2024-04-22T16:35:43.451+0000] {processor.py:161} INFO - Started process (PID=7195) to work on /home/airflow/.local/lib/python3.8/site-packages/airflow/example_dags/example_task_group_decorator.py
[2024-04-22T16:35:43.452+0000] {processor.py:830} INFO - Processing file /home/airflow/.local/lib/python3.8/site-packages/airflow/example_dags/example_task_group_decorator.py for tasks to queue
[2024-04-22T16:35:43.453+0000] {logging_mixin.py:188} INFO - [2024-04-22T16:35:43.453+0000] {dagbag.py:540} INFO - Filling up the DagBag from /home/airflow/.local/lib/python3.8/site-packages/airflow/example_dags/example_task_group_decorator.py
[2024-04-22T16:35:43.472+0000] {processor.py:840} INFO - DAG(s) 'example_task_group_decorator' retrieved from /home/airflow/.local/lib/python3.8/site-packages/airflow/example_dags/example_task_group_decorator.py
[2024-04-22T16:35:43.500+0000] {logging_mixin.py:188} INFO - [2024-04-22T16:35:43.499+0000] {dag.py:3047} INFO - Sync 1 DAGs
[2024-04-22T16:35:43.526+0000] {logging_mixin.py:188} INFO - [2024-04-22T16:35:43.525+0000] {dag.py:3834} INFO - Setting next_dagrun for example_task_group_decorator to 2024-04-21 00:00:00+00:00, run_after=2024-04-22 00:00:00+00:00
[2024-04-22T16:35:43.551+0000] {processor.py:183} INFO - Processing /home/airflow/.local/lib/python3.8/site-packages/airflow/example_dags/example_task_group_decorator.py took 0.104 seconds
[2024-04-22T16:36:13.809+0000] {processor.py:161} INFO - Started process (PID=7456) to work on /home/airflow/.local/lib/python3.8/site-packages/airflow/example_dags/example_task_group_decorator.py
[2024-04-22T16:36:13.810+0000] {processor.py:830} INFO - Processing file /home/airflow/.local/lib/python3.8/site-packages/airflow/example_dags/example_task_group_decorator.py for tasks to queue
[2024-04-22T16:36:13.811+0000] {logging_mixin.py:188} INFO - [2024-04-22T16:36:13.811+0000] {dagbag.py:540} INFO - Filling up the DagBag from /home/airflow/.local/lib/python3.8/site-packages/airflow/example_dags/example_task_group_decorator.py
[2024-04-22T16:36:13.830+0000] {processor.py:840} INFO - DAG(s) 'example_task_group_decorator' retrieved from /home/airflow/.local/lib/python3.8/site-packages/airflow/example_dags/example_task_group_decorator.py
[2024-04-22T16:36:13.881+0000] {logging_mixin.py:188} INFO - [2024-04-22T16:36:13.880+0000] {dag.py:3047} INFO - Sync 1 DAGs
[2024-04-22T16:36:13.934+0000] {logging_mixin.py:188} INFO - [2024-04-22T16:36:13.933+0000] {dag.py:3834} INFO - Setting next_dagrun for example_task_group_decorator to 2024-04-21 00:00:00+00:00, run_after=2024-04-22 00:00:00+00:00
[2024-04-22T16:36:13.961+0000] {processor.py:183} INFO - Processing /home/airflow/.local/lib/python3.8/site-packages/airflow/example_dags/example_task_group_decorator.py took 0.155 seconds
[2024-04-22T16:36:44.069+0000] {processor.py:161} INFO - Started process (PID=7712) to work on /home/airflow/.local/lib/python3.8/site-packages/airflow/example_dags/example_task_group_decorator.py
[2024-04-22T16:36:44.070+0000] {processor.py:830} INFO - Processing file /home/airflow/.local/lib/python3.8/site-packages/airflow/example_dags/example_task_group_decorator.py for tasks to queue
[2024-04-22T16:36:44.071+0000] {logging_mixin.py:188} INFO - [2024-04-22T16:36:44.071+0000] {dagbag.py:540} INFO - Filling up the DagBag from /home/airflow/.local/lib/python3.8/site-packages/airflow/example_dags/example_task_group_decorator.py
[2024-04-22T16:36:44.091+0000] {processor.py:840} INFO - DAG(s) 'example_task_group_decorator' retrieved from /home/airflow/.local/lib/python3.8/site-packages/airflow/example_dags/example_task_group_decorator.py
[2024-04-22T16:36:44.118+0000] {logging_mixin.py:188} INFO - [2024-04-22T16:36:44.117+0000] {dag.py:3047} INFO - Sync 1 DAGs
[2024-04-22T16:36:44.142+0000] {logging_mixin.py:188} INFO - [2024-04-22T16:36:44.141+0000] {dag.py:3834} INFO - Setting next_dagrun for example_task_group_decorator to 2024-04-21 00:00:00+00:00, run_after=2024-04-22 00:00:00+00:00
[2024-04-22T16:36:44.166+0000] {processor.py:183} INFO - Processing /home/airflow/.local/lib/python3.8/site-packages/airflow/example_dags/example_task_group_decorator.py took 0.101 seconds
[2024-04-22T16:37:14.512+0000] {processor.py:161} INFO - Started process (PID=7970) to work on /home/airflow/.local/lib/python3.8/site-packages/airflow/example_dags/example_task_group_decorator.py
[2024-04-22T16:37:14.513+0000] {processor.py:830} INFO - Processing file /home/airflow/.local/lib/python3.8/site-packages/airflow/example_dags/example_task_group_decorator.py for tasks to queue
[2024-04-22T16:37:14.514+0000] {logging_mixin.py:188} INFO - [2024-04-22T16:37:14.513+0000] {dagbag.py:540} INFO - Filling up the DagBag from /home/airflow/.local/lib/python3.8/site-packages/airflow/example_dags/example_task_group_decorator.py
[2024-04-22T16:37:14.532+0000] {processor.py:840} INFO - DAG(s) 'example_task_group_decorator' retrieved from /home/airflow/.local/lib/python3.8/site-packages/airflow/example_dags/example_task_group_decorator.py
[2024-04-22T16:37:14.559+0000] {logging_mixin.py:188} INFO - [2024-04-22T16:37:14.559+0000] {dag.py:3047} INFO - Sync 1 DAGs
[2024-04-22T16:37:14.584+0000] {logging_mixin.py:188} INFO - [2024-04-22T16:37:14.584+0000] {dag.py:3834} INFO - Setting next_dagrun for example_task_group_decorator to 2024-04-21 00:00:00+00:00, run_after=2024-04-22 00:00:00+00:00
[2024-04-22T16:37:14.609+0000] {processor.py:183} INFO - Processing /home/airflow/.local/lib/python3.8/site-packages/airflow/example_dags/example_task_group_decorator.py took 0.101 seconds
[2024-04-22T16:37:44.831+0000] {processor.py:161} INFO - Started process (PID=8227) to work on /home/airflow/.local/lib/python3.8/site-packages/airflow/example_dags/example_task_group_decorator.py
[2024-04-22T16:37:44.832+0000] {processor.py:830} INFO - Processing file /home/airflow/.local/lib/python3.8/site-packages/airflow/example_dags/example_task_group_decorator.py for tasks to queue
[2024-04-22T16:37:44.832+0000] {logging_mixin.py:188} INFO - [2024-04-22T16:37:44.832+0000] {dagbag.py:540} INFO - Filling up the DagBag from /home/airflow/.local/lib/python3.8/site-packages/airflow/example_dags/example_task_group_decorator.py
[2024-04-22T16:37:44.852+0000] {processor.py:840} INFO - DAG(s) 'example_task_group_decorator' retrieved from /home/airflow/.local/lib/python3.8/site-packages/airflow/example_dags/example_task_group_decorator.py
[2024-04-22T16:37:44.880+0000] {logging_mixin.py:188} INFO - [2024-04-22T16:37:44.880+0000] {dag.py:3047} INFO - Sync 1 DAGs
[2024-04-22T16:37:44.904+0000] {logging_mixin.py:188} INFO - [2024-04-22T16:37:44.903+0000] {dag.py:3834} INFO - Setting next_dagrun for example_task_group_decorator to 2024-04-21 00:00:00+00:00, run_after=2024-04-22 00:00:00+00:00
[2024-04-22T16:37:44.931+0000] {processor.py:183} INFO - Processing /home/airflow/.local/lib/python3.8/site-packages/airflow/example_dags/example_task_group_decorator.py took 0.104 seconds
[2024-04-22T16:38:15.705+0000] {processor.py:161} INFO - Started process (PID=8484) to work on /home/airflow/.local/lib/python3.8/site-packages/airflow/example_dags/example_task_group_decorator.py
[2024-04-22T16:38:15.706+0000] {processor.py:830} INFO - Processing file /home/airflow/.local/lib/python3.8/site-packages/airflow/example_dags/example_task_group_decorator.py for tasks to queue
[2024-04-22T16:38:15.707+0000] {logging_mixin.py:188} INFO - [2024-04-22T16:38:15.707+0000] {dagbag.py:540} INFO - Filling up the DagBag from /home/airflow/.local/lib/python3.8/site-packages/airflow/example_dags/example_task_group_decorator.py
[2024-04-22T16:38:15.723+0000] {processor.py:840} INFO - DAG(s) 'example_task_group_decorator' retrieved from /home/airflow/.local/lib/python3.8/site-packages/airflow/example_dags/example_task_group_decorator.py
[2024-04-22T16:38:15.752+0000] {logging_mixin.py:188} INFO - [2024-04-22T16:38:15.752+0000] {dag.py:3047} INFO - Sync 1 DAGs
[2024-04-22T16:38:15.790+0000] {logging_mixin.py:188} INFO - [2024-04-22T16:38:15.790+0000] {dag.py:3834} INFO - Setting next_dagrun for example_task_group_decorator to 2024-04-21 00:00:00+00:00, run_after=2024-04-22 00:00:00+00:00
[2024-04-22T16:38:15.826+0000] {processor.py:183} INFO - Processing /home/airflow/.local/lib/python3.8/site-packages/airflow/example_dags/example_task_group_decorator.py took 0.124 seconds
[2024-04-22T16:38:46.585+0000] {processor.py:161} INFO - Started process (PID=8742) to work on /home/airflow/.local/lib/python3.8/site-packages/airflow/example_dags/example_task_group_decorator.py
[2024-04-22T16:38:46.586+0000] {processor.py:830} INFO - Processing file /home/airflow/.local/lib/python3.8/site-packages/airflow/example_dags/example_task_group_decorator.py for tasks to queue
[2024-04-22T16:38:46.586+0000] {logging_mixin.py:188} INFO - [2024-04-22T16:38:46.586+0000] {dagbag.py:540} INFO - Filling up the DagBag from /home/airflow/.local/lib/python3.8/site-packages/airflow/example_dags/example_task_group_decorator.py
[2024-04-22T16:38:46.606+0000] {processor.py:840} INFO - DAG(s) 'example_task_group_decorator' retrieved from /home/airflow/.local/lib/python3.8/site-packages/airflow/example_dags/example_task_group_decorator.py
[2024-04-22T16:38:46.634+0000] {logging_mixin.py:188} INFO - [2024-04-22T16:38:46.634+0000] {dag.py:3047} INFO - Sync 1 DAGs
[2024-04-22T16:38:46.659+0000] {logging_mixin.py:188} INFO - [2024-04-22T16:38:46.658+0000] {dag.py:3834} INFO - Setting next_dagrun for example_task_group_decorator to 2024-04-21 00:00:00+00:00, run_after=2024-04-22 00:00:00+00:00
[2024-04-22T16:38:46.700+0000] {processor.py:183} INFO - Processing /home/airflow/.local/lib/python3.8/site-packages/airflow/example_dags/example_task_group_decorator.py took 0.119 seconds
[2024-04-22T16:39:16.963+0000] {processor.py:161} INFO - Started process (PID=8999) to work on /home/airflow/.local/lib/python3.8/site-packages/airflow/example_dags/example_task_group_decorator.py
[2024-04-22T16:39:16.963+0000] {processor.py:830} INFO - Processing file /home/airflow/.local/lib/python3.8/site-packages/airflow/example_dags/example_task_group_decorator.py for tasks to queue
[2024-04-22T16:39:16.964+0000] {logging_mixin.py:188} INFO - [2024-04-22T16:39:16.964+0000] {dagbag.py:540} INFO - Filling up the DagBag from /home/airflow/.local/lib/python3.8/site-packages/airflow/example_dags/example_task_group_decorator.py
[2024-04-22T16:39:16.981+0000] {processor.py:840} INFO - DAG(s) 'example_task_group_decorator' retrieved from /home/airflow/.local/lib/python3.8/site-packages/airflow/example_dags/example_task_group_decorator.py
[2024-04-22T16:39:17.013+0000] {logging_mixin.py:188} INFO - [2024-04-22T16:39:17.010+0000] {dag.py:3047} INFO - Sync 1 DAGs
[2024-04-22T16:39:17.043+0000] {logging_mixin.py:188} INFO - [2024-04-22T16:39:17.042+0000] {dag.py:3834} INFO - Setting next_dagrun for example_task_group_decorator to 2024-04-21 00:00:00+00:00, run_after=2024-04-22 00:00:00+00:00
[2024-04-22T16:39:17.076+0000] {processor.py:183} INFO - Processing /home/airflow/.local/lib/python3.8/site-packages/airflow/example_dags/example_task_group_decorator.py took 0.117 seconds
[2024-04-22T16:39:47.236+0000] {processor.py:161} INFO - Started process (PID=9257) to work on /home/airflow/.local/lib/python3.8/site-packages/airflow/example_dags/example_task_group_decorator.py
[2024-04-22T16:39:47.236+0000] {processor.py:830} INFO - Processing file /home/airflow/.local/lib/python3.8/site-packages/airflow/example_dags/example_task_group_decorator.py for tasks to queue
[2024-04-22T16:39:47.237+0000] {logging_mixin.py:188} INFO - [2024-04-22T16:39:47.237+0000] {dagbag.py:540} INFO - Filling up the DagBag from /home/airflow/.local/lib/python3.8/site-packages/airflow/example_dags/example_task_group_decorator.py
[2024-04-22T16:39:47.275+0000] {processor.py:840} INFO - DAG(s) 'example_task_group_decorator' retrieved from /home/airflow/.local/lib/python3.8/site-packages/airflow/example_dags/example_task_group_decorator.py
[2024-04-22T16:39:47.318+0000] {logging_mixin.py:188} INFO - [2024-04-22T16:39:47.317+0000] {dag.py:3047} INFO - Sync 1 DAGs
[2024-04-22T16:39:47.343+0000] {logging_mixin.py:188} INFO - [2024-04-22T16:39:47.343+0000] {dag.py:3834} INFO - Setting next_dagrun for example_task_group_decorator to 2024-04-21 00:00:00+00:00, run_after=2024-04-22 00:00:00+00:00
[2024-04-22T16:39:47.368+0000] {processor.py:183} INFO - Processing /home/airflow/.local/lib/python3.8/site-packages/airflow/example_dags/example_task_group_decorator.py took 0.136 seconds
[2024-04-22T16:40:18.373+0000] {processor.py:161} INFO - Started process (PID=9516) to work on /home/airflow/.local/lib/python3.8/site-packages/airflow/example_dags/example_task_group_decorator.py
[2024-04-22T16:40:18.374+0000] {processor.py:830} INFO - Processing file /home/airflow/.local/lib/python3.8/site-packages/airflow/example_dags/example_task_group_decorator.py for tasks to queue
[2024-04-22T16:40:18.375+0000] {logging_mixin.py:188} INFO - [2024-04-22T16:40:18.375+0000] {dagbag.py:540} INFO - Filling up the DagBag from /home/airflow/.local/lib/python3.8/site-packages/airflow/example_dags/example_task_group_decorator.py
[2024-04-22T16:40:18.395+0000] {processor.py:840} INFO - DAG(s) 'example_task_group_decorator' retrieved from /home/airflow/.local/lib/python3.8/site-packages/airflow/example_dags/example_task_group_decorator.py
[2024-04-22T16:40:18.423+0000] {logging_mixin.py:188} INFO - [2024-04-22T16:40:18.422+0000] {dag.py:3047} INFO - Sync 1 DAGs
[2024-04-22T16:40:18.445+0000] {logging_mixin.py:188} INFO - [2024-04-22T16:40:18.445+0000] {dag.py:3834} INFO - Setting next_dagrun for example_task_group_decorator to 2024-04-21 00:00:00+00:00, run_after=2024-04-22 00:00:00+00:00
[2024-04-22T16:40:18.469+0000] {processor.py:183} INFO - Processing /home/airflow/.local/lib/python3.8/site-packages/airflow/example_dags/example_task_group_decorator.py took 0.098 seconds
[2024-04-22T16:40:48.760+0000] {processor.py:161} INFO - Started process (PID=9771) to work on /home/airflow/.local/lib/python3.8/site-packages/airflow/example_dags/example_task_group_decorator.py
[2024-04-22T16:40:48.761+0000] {processor.py:830} INFO - Processing file /home/airflow/.local/lib/python3.8/site-packages/airflow/example_dags/example_task_group_decorator.py for tasks to queue
[2024-04-22T16:40:48.762+0000] {logging_mixin.py:188} INFO - [2024-04-22T16:40:48.761+0000] {dagbag.py:540} INFO - Filling up the DagBag from /home/airflow/.local/lib/python3.8/site-packages/airflow/example_dags/example_task_group_decorator.py
[2024-04-22T16:40:48.778+0000] {processor.py:840} INFO - DAG(s) 'example_task_group_decorator' retrieved from /home/airflow/.local/lib/python3.8/site-packages/airflow/example_dags/example_task_group_decorator.py
[2024-04-22T16:40:48.806+0000] {logging_mixin.py:188} INFO - [2024-04-22T16:40:48.806+0000] {dag.py:3047} INFO - Sync 1 DAGs
[2024-04-22T16:40:48.831+0000] {logging_mixin.py:188} INFO - [2024-04-22T16:40:48.831+0000] {dag.py:3834} INFO - Setting next_dagrun for example_task_group_decorator to 2024-04-21 00:00:00+00:00, run_after=2024-04-22 00:00:00+00:00
[2024-04-22T16:40:48.856+0000] {processor.py:183} INFO - Processing /home/airflow/.local/lib/python3.8/site-packages/airflow/example_dags/example_task_group_decorator.py took 0.100 seconds
[2024-04-22T16:41:19.113+0000] {processor.py:161} INFO - Started process (PID=10031) to work on /home/airflow/.local/lib/python3.8/site-packages/airflow/example_dags/example_task_group_decorator.py
[2024-04-22T16:41:19.114+0000] {processor.py:830} INFO - Processing file /home/airflow/.local/lib/python3.8/site-packages/airflow/example_dags/example_task_group_decorator.py for tasks to queue
[2024-04-22T16:41:19.115+0000] {logging_mixin.py:188} INFO - [2024-04-22T16:41:19.115+0000] {dagbag.py:540} INFO - Filling up the DagBag from /home/airflow/.local/lib/python3.8/site-packages/airflow/example_dags/example_task_group_decorator.py
[2024-04-22T16:41:19.127+0000] {processor.py:840} INFO - DAG(s) 'example_task_group_decorator' retrieved from /home/airflow/.local/lib/python3.8/site-packages/airflow/example_dags/example_task_group_decorator.py
[2024-04-22T16:41:19.148+0000] {logging_mixin.py:188} INFO - [2024-04-22T16:41:19.147+0000] {dag.py:3047} INFO - Sync 1 DAGs
[2024-04-22T16:41:19.166+0000] {logging_mixin.py:188} INFO - [2024-04-22T16:41:19.165+0000] {dag.py:3834} INFO - Setting next_dagrun for example_task_group_decorator to 2024-04-21 00:00:00+00:00, run_after=2024-04-22 00:00:00+00:00
[2024-04-22T16:41:19.188+0000] {processor.py:183} INFO - Processing /home/airflow/.local/lib/python3.8/site-packages/airflow/example_dags/example_task_group_decorator.py took 0.078 seconds
[2024-04-22T16:41:50.143+0000] {processor.py:161} INFO - Started process (PID=10286) to work on /home/airflow/.local/lib/python3.8/site-packages/airflow/example_dags/example_task_group_decorator.py
[2024-04-22T16:41:50.144+0000] {processor.py:830} INFO - Processing file /home/airflow/.local/lib/python3.8/site-packages/airflow/example_dags/example_task_group_decorator.py for tasks to queue
[2024-04-22T16:41:50.144+0000] {logging_mixin.py:188} INFO - [2024-04-22T16:41:50.144+0000] {dagbag.py:540} INFO - Filling up the DagBag from /home/airflow/.local/lib/python3.8/site-packages/airflow/example_dags/example_task_group_decorator.py
[2024-04-22T16:41:50.164+0000] {processor.py:840} INFO - DAG(s) 'example_task_group_decorator' retrieved from /home/airflow/.local/lib/python3.8/site-packages/airflow/example_dags/example_task_group_decorator.py
[2024-04-22T16:41:50.194+0000] {logging_mixin.py:188} INFO - [2024-04-22T16:41:50.194+0000] {dag.py:3047} INFO - Sync 1 DAGs
[2024-04-22T16:41:50.220+0000] {logging_mixin.py:188} INFO - [2024-04-22T16:41:50.219+0000] {dag.py:3834} INFO - Setting next_dagrun for example_task_group_decorator to 2024-04-21 00:00:00+00:00, run_after=2024-04-22 00:00:00+00:00
[2024-04-22T16:41:50.244+0000] {processor.py:183} INFO - Processing /home/airflow/.local/lib/python3.8/site-packages/airflow/example_dags/example_task_group_decorator.py took 0.105 seconds
[2024-04-22T16:42:20.286+0000] {processor.py:161} INFO - Started process (PID=10538) to work on /home/airflow/.local/lib/python3.8/site-packages/airflow/example_dags/example_task_group_decorator.py
[2024-04-22T16:42:20.287+0000] {processor.py:830} INFO - Processing file /home/airflow/.local/lib/python3.8/site-packages/airflow/example_dags/example_task_group_decorator.py for tasks to queue
[2024-04-22T16:42:20.288+0000] {logging_mixin.py:188} INFO - [2024-04-22T16:42:20.288+0000] {dagbag.py:540} INFO - Filling up the DagBag from /home/airflow/.local/lib/python3.8/site-packages/airflow/example_dags/example_task_group_decorator.py
[2024-04-22T16:42:20.310+0000] {processor.py:840} INFO - DAG(s) 'example_task_group_decorator' retrieved from /home/airflow/.local/lib/python3.8/site-packages/airflow/example_dags/example_task_group_decorator.py
[2024-04-22T16:42:20.337+0000] {logging_mixin.py:188} INFO - [2024-04-22T16:42:20.337+0000] {dag.py:3047} INFO - Sync 1 DAGs
[2024-04-22T16:42:20.360+0000] {logging_mixin.py:188} INFO - [2024-04-22T16:42:20.360+0000] {dag.py:3834} INFO - Setting next_dagrun for example_task_group_decorator to 2024-04-21 00:00:00+00:00, run_after=2024-04-22 00:00:00+00:00
[2024-04-22T16:42:20.380+0000] {processor.py:183} INFO - Processing /home/airflow/.local/lib/python3.8/site-packages/airflow/example_dags/example_task_group_decorator.py took 0.097 seconds
[2024-04-22T16:42:50.769+0000] {processor.py:161} INFO - Started process (PID=10795) to work on /home/airflow/.local/lib/python3.8/site-packages/airflow/example_dags/example_task_group_decorator.py
[2024-04-22T16:42:50.770+0000] {processor.py:830} INFO - Processing file /home/airflow/.local/lib/python3.8/site-packages/airflow/example_dags/example_task_group_decorator.py for tasks to queue
[2024-04-22T16:42:50.771+0000] {logging_mixin.py:188} INFO - [2024-04-22T16:42:50.770+0000] {dagbag.py:540} INFO - Filling up the DagBag from /home/airflow/.local/lib/python3.8/site-packages/airflow/example_dags/example_task_group_decorator.py
[2024-04-22T16:42:50.790+0000] {processor.py:840} INFO - DAG(s) 'example_task_group_decorator' retrieved from /home/airflow/.local/lib/python3.8/site-packages/airflow/example_dags/example_task_group_decorator.py
[2024-04-22T16:42:50.822+0000] {logging_mixin.py:188} INFO - [2024-04-22T16:42:50.821+0000] {dag.py:3047} INFO - Sync 1 DAGs
[2024-04-22T16:42:50.844+0000] {logging_mixin.py:188} INFO - [2024-04-22T16:42:50.843+0000] {dag.py:3834} INFO - Setting next_dagrun for example_task_group_decorator to 2024-04-21 00:00:00+00:00, run_after=2024-04-22 00:00:00+00:00
[2024-04-22T16:42:50.865+0000] {processor.py:183} INFO - Processing /home/airflow/.local/lib/python3.8/site-packages/airflow/example_dags/example_task_group_decorator.py took 0.100 seconds
[2024-04-22T16:43:21.052+0000] {processor.py:161} INFO - Started process (PID=11053) to work on /home/airflow/.local/lib/python3.8/site-packages/airflow/example_dags/example_task_group_decorator.py
[2024-04-22T16:43:21.053+0000] {processor.py:830} INFO - Processing file /home/airflow/.local/lib/python3.8/site-packages/airflow/example_dags/example_task_group_decorator.py for tasks to queue
[2024-04-22T16:43:21.054+0000] {logging_mixin.py:188} INFO - [2024-04-22T16:43:21.054+0000] {dagbag.py:540} INFO - Filling up the DagBag from /home/airflow/.local/lib/python3.8/site-packages/airflow/example_dags/example_task_group_decorator.py
[2024-04-22T16:43:21.073+0000] {processor.py:840} INFO - DAG(s) 'example_task_group_decorator' retrieved from /home/airflow/.local/lib/python3.8/site-packages/airflow/example_dags/example_task_group_decorator.py
[2024-04-22T16:43:21.100+0000] {logging_mixin.py:188} INFO - [2024-04-22T16:43:21.099+0000] {dag.py:3047} INFO - Sync 1 DAGs
[2024-04-22T16:43:21.124+0000] {logging_mixin.py:188} INFO - [2024-04-22T16:43:21.123+0000] {dag.py:3834} INFO - Setting next_dagrun for example_task_group_decorator to 2024-04-21 00:00:00+00:00, run_after=2024-04-22 00:00:00+00:00
[2024-04-22T16:43:21.144+0000] {processor.py:183} INFO - Processing /home/airflow/.local/lib/python3.8/site-packages/airflow/example_dags/example_task_group_decorator.py took 0.095 seconds
[2024-04-22T16:43:51.401+0000] {processor.py:161} INFO - Started process (PID=11310) to work on /home/airflow/.local/lib/python3.8/site-packages/airflow/example_dags/example_task_group_decorator.py
[2024-04-22T16:43:51.402+0000] {processor.py:830} INFO - Processing file /home/airflow/.local/lib/python3.8/site-packages/airflow/example_dags/example_task_group_decorator.py for tasks to queue
[2024-04-22T16:43:51.403+0000] {logging_mixin.py:188} INFO - [2024-04-22T16:43:51.403+0000] {dagbag.py:540} INFO - Filling up the DagBag from /home/airflow/.local/lib/python3.8/site-packages/airflow/example_dags/example_task_group_decorator.py
[2024-04-22T16:43:51.427+0000] {processor.py:840} INFO - DAG(s) 'example_task_group_decorator' retrieved from /home/airflow/.local/lib/python3.8/site-packages/airflow/example_dags/example_task_group_decorator.py
[2024-04-22T16:43:51.453+0000] {logging_mixin.py:188} INFO - [2024-04-22T16:43:51.453+0000] {dag.py:3047} INFO - Sync 1 DAGs
[2024-04-22T16:43:51.476+0000] {logging_mixin.py:188} INFO - [2024-04-22T16:43:51.476+0000] {dag.py:3834} INFO - Setting next_dagrun for example_task_group_decorator to 2024-04-21 00:00:00+00:00, run_after=2024-04-22 00:00:00+00:00
[2024-04-22T16:43:51.496+0000] {processor.py:183} INFO - Processing /home/airflow/.local/lib/python3.8/site-packages/airflow/example_dags/example_task_group_decorator.py took 0.099 seconds
[2024-04-22T16:44:21.774+0000] {processor.py:161} INFO - Started process (PID=11568) to work on /home/airflow/.local/lib/python3.8/site-packages/airflow/example_dags/example_task_group_decorator.py
[2024-04-22T16:44:21.775+0000] {processor.py:830} INFO - Processing file /home/airflow/.local/lib/python3.8/site-packages/airflow/example_dags/example_task_group_decorator.py for tasks to queue
[2024-04-22T16:44:21.776+0000] {logging_mixin.py:188} INFO - [2024-04-22T16:44:21.775+0000] {dagbag.py:540} INFO - Filling up the DagBag from /home/airflow/.local/lib/python3.8/site-packages/airflow/example_dags/example_task_group_decorator.py
[2024-04-22T16:44:21.795+0000] {processor.py:840} INFO - DAG(s) 'example_task_group_decorator' retrieved from /home/airflow/.local/lib/python3.8/site-packages/airflow/example_dags/example_task_group_decorator.py
[2024-04-22T16:44:21.825+0000] {logging_mixin.py:188} INFO - [2024-04-22T16:44:21.824+0000] {dag.py:3047} INFO - Sync 1 DAGs
[2024-04-22T16:44:21.847+0000] {logging_mixin.py:188} INFO - [2024-04-22T16:44:21.846+0000] {dag.py:3834} INFO - Setting next_dagrun for example_task_group_decorator to 2024-04-21 00:00:00+00:00, run_after=2024-04-22 00:00:00+00:00
[2024-04-22T16:44:21.867+0000] {processor.py:183} INFO - Processing /home/airflow/.local/lib/python3.8/site-packages/airflow/example_dags/example_task_group_decorator.py took 0.097 seconds
[2024-04-22T16:44:51.979+0000] {processor.py:161} INFO - Started process (PID=11825) to work on /home/airflow/.local/lib/python3.8/site-packages/airflow/example_dags/example_task_group_decorator.py
[2024-04-22T16:44:51.980+0000] {processor.py:830} INFO - Processing file /home/airflow/.local/lib/python3.8/site-packages/airflow/example_dags/example_task_group_decorator.py for tasks to queue
[2024-04-22T16:44:51.981+0000] {logging_mixin.py:188} INFO - [2024-04-22T16:44:51.981+0000] {dagbag.py:540} INFO - Filling up the DagBag from /home/airflow/.local/lib/python3.8/site-packages/airflow/example_dags/example_task_group_decorator.py
[2024-04-22T16:44:52.001+0000] {processor.py:840} INFO - DAG(s) 'example_task_group_decorator' retrieved from /home/airflow/.local/lib/python3.8/site-packages/airflow/example_dags/example_task_group_decorator.py
[2024-04-22T16:44:52.030+0000] {logging_mixin.py:188} INFO - [2024-04-22T16:44:52.029+0000] {dag.py:3047} INFO - Sync 1 DAGs
[2024-04-22T16:44:52.055+0000] {logging_mixin.py:188} INFO - [2024-04-22T16:44:52.055+0000] {dag.py:3834} INFO - Setting next_dagrun for example_task_group_decorator to 2024-04-21 00:00:00+00:00, run_after=2024-04-22 00:00:00+00:00
[2024-04-22T16:44:52.078+0000] {processor.py:183} INFO - Processing /home/airflow/.local/lib/python3.8/site-packages/airflow/example_dags/example_task_group_decorator.py took 0.102 seconds
[2024-04-22T16:45:22.285+0000] {processor.py:161} INFO - Started process (PID=12083) to work on /home/airflow/.local/lib/python3.8/site-packages/airflow/example_dags/example_task_group_decorator.py
[2024-04-22T16:45:22.286+0000] {processor.py:830} INFO - Processing file /home/airflow/.local/lib/python3.8/site-packages/airflow/example_dags/example_task_group_decorator.py for tasks to queue
[2024-04-22T16:45:22.286+0000] {logging_mixin.py:188} INFO - [2024-04-22T16:45:22.286+0000] {dagbag.py:540} INFO - Filling up the DagBag from /home/airflow/.local/lib/python3.8/site-packages/airflow/example_dags/example_task_group_decorator.py
[2024-04-22T16:45:22.306+0000] {processor.py:840} INFO - DAG(s) 'example_task_group_decorator' retrieved from /home/airflow/.local/lib/python3.8/site-packages/airflow/example_dags/example_task_group_decorator.py
[2024-04-22T16:45:22.332+0000] {logging_mixin.py:188} INFO - [2024-04-22T16:45:22.332+0000] {dag.py:3047} INFO - Sync 1 DAGs
[2024-04-22T16:45:22.357+0000] {logging_mixin.py:188} INFO - [2024-04-22T16:45:22.357+0000] {dag.py:3834} INFO - Setting next_dagrun for example_task_group_decorator to 2024-04-21 00:00:00+00:00, run_after=2024-04-22 00:00:00+00:00
[2024-04-22T16:45:22.379+0000] {processor.py:183} INFO - Processing /home/airflow/.local/lib/python3.8/site-packages/airflow/example_dags/example_task_group_decorator.py took 0.098 seconds
[2024-04-22T16:45:52.727+0000] {processor.py:161} INFO - Started process (PID=12339) to work on /home/airflow/.local/lib/python3.8/site-packages/airflow/example_dags/example_task_group_decorator.py
[2024-04-22T16:45:52.728+0000] {processor.py:830} INFO - Processing file /home/airflow/.local/lib/python3.8/site-packages/airflow/example_dags/example_task_group_decorator.py for tasks to queue
[2024-04-22T16:45:52.729+0000] {logging_mixin.py:188} INFO - [2024-04-22T16:45:52.728+0000] {dagbag.py:540} INFO - Filling up the DagBag from /home/airflow/.local/lib/python3.8/site-packages/airflow/example_dags/example_task_group_decorator.py
[2024-04-22T16:45:52.754+0000] {processor.py:840} INFO - DAG(s) 'example_task_group_decorator' retrieved from /home/airflow/.local/lib/python3.8/site-packages/airflow/example_dags/example_task_group_decorator.py
[2024-04-22T16:45:52.796+0000] {logging_mixin.py:188} INFO - [2024-04-22T16:45:52.795+0000] {dag.py:3047} INFO - Sync 1 DAGs
[2024-04-22T16:45:52.820+0000] {logging_mixin.py:188} INFO - [2024-04-22T16:45:52.819+0000] {dag.py:3834} INFO - Setting next_dagrun for example_task_group_decorator to 2024-04-21 00:00:00+00:00, run_after=2024-04-22 00:00:00+00:00
[2024-04-22T16:45:52.843+0000] {processor.py:183} INFO - Processing /home/airflow/.local/lib/python3.8/site-packages/airflow/example_dags/example_task_group_decorator.py took 0.120 seconds
[2024-04-22T16:46:23.136+0000] {processor.py:161} INFO - Started process (PID=12595) to work on /home/airflow/.local/lib/python3.8/site-packages/airflow/example_dags/example_task_group_decorator.py
[2024-04-22T16:46:23.137+0000] {processor.py:830} INFO - Processing file /home/airflow/.local/lib/python3.8/site-packages/airflow/example_dags/example_task_group_decorator.py for tasks to queue
[2024-04-22T16:46:23.138+0000] {logging_mixin.py:188} INFO - [2024-04-22T16:46:23.138+0000] {dagbag.py:540} INFO - Filling up the DagBag from /home/airflow/.local/lib/python3.8/site-packages/airflow/example_dags/example_task_group_decorator.py
[2024-04-22T16:46:23.169+0000] {processor.py:840} INFO - DAG(s) 'example_task_group_decorator' retrieved from /home/airflow/.local/lib/python3.8/site-packages/airflow/example_dags/example_task_group_decorator.py
[2024-04-22T16:46:23.203+0000] {logging_mixin.py:188} INFO - [2024-04-22T16:46:23.203+0000] {dag.py:3047} INFO - Sync 1 DAGs
[2024-04-22T16:46:23.258+0000] {logging_mixin.py:188} INFO - [2024-04-22T16:46:23.258+0000] {dag.py:3834} INFO - Setting next_dagrun for example_task_group_decorator to 2024-04-21 00:00:00+00:00, run_after=2024-04-22 00:00:00+00:00
[2024-04-22T16:46:23.286+0000] {processor.py:183} INFO - Processing /home/airflow/.local/lib/python3.8/site-packages/airflow/example_dags/example_task_group_decorator.py took 0.153 seconds
[2024-04-22T16:46:53.513+0000] {processor.py:161} INFO - Started process (PID=12854) to work on /home/airflow/.local/lib/python3.8/site-packages/airflow/example_dags/example_task_group_decorator.py
[2024-04-22T16:46:53.514+0000] {processor.py:830} INFO - Processing file /home/airflow/.local/lib/python3.8/site-packages/airflow/example_dags/example_task_group_decorator.py for tasks to queue
[2024-04-22T16:46:53.515+0000] {logging_mixin.py:188} INFO - [2024-04-22T16:46:53.514+0000] {dagbag.py:540} INFO - Filling up the DagBag from /home/airflow/.local/lib/python3.8/site-packages/airflow/example_dags/example_task_group_decorator.py
[2024-04-22T16:46:53.533+0000] {processor.py:840} INFO - DAG(s) 'example_task_group_decorator' retrieved from /home/airflow/.local/lib/python3.8/site-packages/airflow/example_dags/example_task_group_decorator.py
[2024-04-22T16:46:53.560+0000] {logging_mixin.py:188} INFO - [2024-04-22T16:46:53.560+0000] {dag.py:3047} INFO - Sync 1 DAGs
[2024-04-22T16:46:53.584+0000] {logging_mixin.py:188} INFO - [2024-04-22T16:46:53.584+0000] {dag.py:3834} INFO - Setting next_dagrun for example_task_group_decorator to 2024-04-21 00:00:00+00:00, run_after=2024-04-22 00:00:00+00:00
[2024-04-22T16:46:53.603+0000] {processor.py:183} INFO - Processing /home/airflow/.local/lib/python3.8/site-packages/airflow/example_dags/example_task_group_decorator.py took 0.093 seconds
[2024-04-22T16:47:23.803+0000] {processor.py:161} INFO - Started process (PID=13111) to work on /home/airflow/.local/lib/python3.8/site-packages/airflow/example_dags/example_task_group_decorator.py
[2024-04-22T16:47:23.804+0000] {processor.py:830} INFO - Processing file /home/airflow/.local/lib/python3.8/site-packages/airflow/example_dags/example_task_group_decorator.py for tasks to queue
[2024-04-22T16:47:23.805+0000] {logging_mixin.py:188} INFO - [2024-04-22T16:47:23.804+0000] {dagbag.py:540} INFO - Filling up the DagBag from /home/airflow/.local/lib/python3.8/site-packages/airflow/example_dags/example_task_group_decorator.py
[2024-04-22T16:47:23.826+0000] {processor.py:840} INFO - DAG(s) 'example_task_group_decorator' retrieved from /home/airflow/.local/lib/python3.8/site-packages/airflow/example_dags/example_task_group_decorator.py
[2024-04-22T16:47:23.856+0000] {logging_mixin.py:188} INFO - [2024-04-22T16:47:23.856+0000] {dag.py:3047} INFO - Sync 1 DAGs
[2024-04-22T16:47:23.878+0000] {logging_mixin.py:188} INFO - [2024-04-22T16:47:23.878+0000] {dag.py:3834} INFO - Setting next_dagrun for example_task_group_decorator to 2024-04-21 00:00:00+00:00, run_after=2024-04-22 00:00:00+00:00
[2024-04-22T16:47:23.899+0000] {processor.py:183} INFO - Processing /home/airflow/.local/lib/python3.8/site-packages/airflow/example_dags/example_task_group_decorator.py took 0.100 seconds
[2024-04-22T16:47:54.424+0000] {processor.py:161} INFO - Started process (PID=13369) to work on /home/airflow/.local/lib/python3.8/site-packages/airflow/example_dags/example_task_group_decorator.py
[2024-04-22T16:47:54.425+0000] {processor.py:830} INFO - Processing file /home/airflow/.local/lib/python3.8/site-packages/airflow/example_dags/example_task_group_decorator.py for tasks to queue
[2024-04-22T16:47:54.426+0000] {logging_mixin.py:188} INFO - [2024-04-22T16:47:54.426+0000] {dagbag.py:540} INFO - Filling up the DagBag from /home/airflow/.local/lib/python3.8/site-packages/airflow/example_dags/example_task_group_decorator.py
[2024-04-22T16:47:54.451+0000] {processor.py:840} INFO - DAG(s) 'example_task_group_decorator' retrieved from /home/airflow/.local/lib/python3.8/site-packages/airflow/example_dags/example_task_group_decorator.py
[2024-04-22T16:47:54.477+0000] {logging_mixin.py:188} INFO - [2024-04-22T16:47:54.477+0000] {dag.py:3047} INFO - Sync 1 DAGs
[2024-04-22T16:47:54.517+0000] {logging_mixin.py:188} INFO - [2024-04-22T16:47:54.514+0000] {dag.py:3834} INFO - Setting next_dagrun for example_task_group_decorator to 2024-04-21 00:00:00+00:00, run_after=2024-04-22 00:00:00+00:00
[2024-04-22T16:47:54.552+0000] {processor.py:183} INFO - Processing /home/airflow/.local/lib/python3.8/site-packages/airflow/example_dags/example_task_group_decorator.py took 0.131 seconds
[2024-04-22T16:48:24.781+0000] {processor.py:161} INFO - Started process (PID=13626) to work on /home/airflow/.local/lib/python3.8/site-packages/airflow/example_dags/example_task_group_decorator.py
[2024-04-22T16:48:24.781+0000] {processor.py:830} INFO - Processing file /home/airflow/.local/lib/python3.8/site-packages/airflow/example_dags/example_task_group_decorator.py for tasks to queue
[2024-04-22T16:48:24.782+0000] {logging_mixin.py:188} INFO - [2024-04-22T16:48:24.782+0000] {dagbag.py:540} INFO - Filling up the DagBag from /home/airflow/.local/lib/python3.8/site-packages/airflow/example_dags/example_task_group_decorator.py
[2024-04-22T16:48:24.801+0000] {processor.py:840} INFO - DAG(s) 'example_task_group_decorator' retrieved from /home/airflow/.local/lib/python3.8/site-packages/airflow/example_dags/example_task_group_decorator.py
[2024-04-22T16:48:24.828+0000] {logging_mixin.py:188} INFO - [2024-04-22T16:48:24.828+0000] {dag.py:3047} INFO - Sync 1 DAGs
[2024-04-22T16:48:24.853+0000] {logging_mixin.py:188} INFO - [2024-04-22T16:48:24.853+0000] {dag.py:3834} INFO - Setting next_dagrun for example_task_group_decorator to 2024-04-21 00:00:00+00:00, run_after=2024-04-22 00:00:00+00:00
[2024-04-22T16:48:24.873+0000] {processor.py:183} INFO - Processing /home/airflow/.local/lib/python3.8/site-packages/airflow/example_dags/example_task_group_decorator.py took 0.095 seconds
[2024-04-22T16:48:55.263+0000] {processor.py:161} INFO - Started process (PID=13884) to work on /home/airflow/.local/lib/python3.8/site-packages/airflow/example_dags/example_task_group_decorator.py
[2024-04-22T16:48:55.264+0000] {processor.py:830} INFO - Processing file /home/airflow/.local/lib/python3.8/site-packages/airflow/example_dags/example_task_group_decorator.py for tasks to queue
[2024-04-22T16:48:55.266+0000] {logging_mixin.py:188} INFO - [2024-04-22T16:48:55.265+0000] {dagbag.py:540} INFO - Filling up the DagBag from /home/airflow/.local/lib/python3.8/site-packages/airflow/example_dags/example_task_group_decorator.py
[2024-04-22T16:48:55.286+0000] {processor.py:840} INFO - DAG(s) 'example_task_group_decorator' retrieved from /home/airflow/.local/lib/python3.8/site-packages/airflow/example_dags/example_task_group_decorator.py
[2024-04-22T16:48:55.316+0000] {logging_mixin.py:188} INFO - [2024-04-22T16:48:55.316+0000] {dag.py:3047} INFO - Sync 1 DAGs
[2024-04-22T16:48:55.339+0000] {logging_mixin.py:188} INFO - [2024-04-22T16:48:55.338+0000] {dag.py:3834} INFO - Setting next_dagrun for example_task_group_decorator to 2024-04-21 00:00:00+00:00, run_after=2024-04-22 00:00:00+00:00
[2024-04-22T16:48:55.360+0000] {processor.py:183} INFO - Processing /home/airflow/.local/lib/python3.8/site-packages/airflow/example_dags/example_task_group_decorator.py took 0.100 seconds
[2024-04-22T16:49:25.685+0000] {processor.py:161} INFO - Started process (PID=14142) to work on /home/airflow/.local/lib/python3.8/site-packages/airflow/example_dags/example_task_group_decorator.py
[2024-04-22T16:49:25.686+0000] {processor.py:830} INFO - Processing file /home/airflow/.local/lib/python3.8/site-packages/airflow/example_dags/example_task_group_decorator.py for tasks to queue
[2024-04-22T16:49:25.687+0000] {logging_mixin.py:188} INFO - [2024-04-22T16:49:25.687+0000] {dagbag.py:540} INFO - Filling up the DagBag from /home/airflow/.local/lib/python3.8/site-packages/airflow/example_dags/example_task_group_decorator.py
[2024-04-22T16:49:25.713+0000] {processor.py:840} INFO - DAG(s) 'example_task_group_decorator' retrieved from /home/airflow/.local/lib/python3.8/site-packages/airflow/example_dags/example_task_group_decorator.py
[2024-04-22T16:49:25.740+0000] {logging_mixin.py:188} INFO - [2024-04-22T16:49:25.740+0000] {dag.py:3047} INFO - Sync 1 DAGs
[2024-04-22T16:49:25.765+0000] {logging_mixin.py:188} INFO - [2024-04-22T16:49:25.765+0000] {dag.py:3834} INFO - Setting next_dagrun for example_task_group_decorator to 2024-04-21 00:00:00+00:00, run_after=2024-04-22 00:00:00+00:00
[2024-04-22T16:49:25.787+0000] {processor.py:183} INFO - Processing /home/airflow/.local/lib/python3.8/site-packages/airflow/example_dags/example_task_group_decorator.py took 0.106 seconds
[2024-04-22T16:49:56.296+0000] {processor.py:161} INFO - Started process (PID=14400) to work on /home/airflow/.local/lib/python3.8/site-packages/airflow/example_dags/example_task_group_decorator.py
[2024-04-22T16:49:56.297+0000] {processor.py:830} INFO - Processing file /home/airflow/.local/lib/python3.8/site-packages/airflow/example_dags/example_task_group_decorator.py for tasks to queue
[2024-04-22T16:49:56.298+0000] {logging_mixin.py:188} INFO - [2024-04-22T16:49:56.298+0000] {dagbag.py:540} INFO - Filling up the DagBag from /home/airflow/.local/lib/python3.8/site-packages/airflow/example_dags/example_task_group_decorator.py
[2024-04-22T16:49:56.317+0000] {processor.py:840} INFO - DAG(s) 'example_task_group_decorator' retrieved from /home/airflow/.local/lib/python3.8/site-packages/airflow/example_dags/example_task_group_decorator.py
[2024-04-22T16:49:56.346+0000] {logging_mixin.py:188} INFO - [2024-04-22T16:49:56.346+0000] {dag.py:3047} INFO - Sync 1 DAGs
[2024-04-22T16:49:56.369+0000] {logging_mixin.py:188} INFO - [2024-04-22T16:49:56.369+0000] {dag.py:3834} INFO - Setting next_dagrun for example_task_group_decorator to 2024-04-21 00:00:00+00:00, run_after=2024-04-22 00:00:00+00:00
[2024-04-22T16:49:56.389+0000] {processor.py:183} INFO - Processing /home/airflow/.local/lib/python3.8/site-packages/airflow/example_dags/example_task_group_decorator.py took 0.097 seconds
[2024-04-22T16:50:26.830+0000] {processor.py:161} INFO - Started process (PID=14657) to work on /home/airflow/.local/lib/python3.8/site-packages/airflow/example_dags/example_task_group_decorator.py
[2024-04-22T16:50:26.830+0000] {processor.py:830} INFO - Processing file /home/airflow/.local/lib/python3.8/site-packages/airflow/example_dags/example_task_group_decorator.py for tasks to queue
[2024-04-22T16:50:26.831+0000] {logging_mixin.py:188} INFO - [2024-04-22T16:50:26.831+0000] {dagbag.py:540} INFO - Filling up the DagBag from /home/airflow/.local/lib/python3.8/site-packages/airflow/example_dags/example_task_group_decorator.py
[2024-04-22T16:50:26.852+0000] {processor.py:840} INFO - DAG(s) 'example_task_group_decorator' retrieved from /home/airflow/.local/lib/python3.8/site-packages/airflow/example_dags/example_task_group_decorator.py
[2024-04-22T16:50:26.878+0000] {logging_mixin.py:188} INFO - [2024-04-22T16:50:26.876+0000] {dag.py:3047} INFO - Sync 1 DAGs
[2024-04-22T16:50:26.901+0000] {logging_mixin.py:188} INFO - [2024-04-22T16:50:26.901+0000] {dag.py:3834} INFO - Setting next_dagrun for example_task_group_decorator to 2024-04-21 00:00:00+00:00, run_after=2024-04-22 00:00:00+00:00
[2024-04-22T16:50:26.920+0000] {processor.py:183} INFO - Processing /home/airflow/.local/lib/python3.8/site-packages/airflow/example_dags/example_task_group_decorator.py took 0.094 seconds
[2024-04-22T16:50:57.085+0000] {processor.py:161} INFO - Started process (PID=14914) to work on /home/airflow/.local/lib/python3.8/site-packages/airflow/example_dags/example_task_group_decorator.py
[2024-04-22T16:50:57.086+0000] {processor.py:830} INFO - Processing file /home/airflow/.local/lib/python3.8/site-packages/airflow/example_dags/example_task_group_decorator.py for tasks to queue
[2024-04-22T16:50:57.086+0000] {logging_mixin.py:188} INFO - [2024-04-22T16:50:57.086+0000] {dagbag.py:540} INFO - Filling up the DagBag from /home/airflow/.local/lib/python3.8/site-packages/airflow/example_dags/example_task_group_decorator.py
[2024-04-22T16:50:57.112+0000] {processor.py:840} INFO - DAG(s) 'example_task_group_decorator' retrieved from /home/airflow/.local/lib/python3.8/site-packages/airflow/example_dags/example_task_group_decorator.py
[2024-04-22T16:50:57.139+0000] {logging_mixin.py:188} INFO - [2024-04-22T16:50:57.138+0000] {dag.py:3047} INFO - Sync 1 DAGs
[2024-04-22T16:50:57.166+0000] {logging_mixin.py:188} INFO - [2024-04-22T16:50:57.166+0000] {dag.py:3834} INFO - Setting next_dagrun for example_task_group_decorator to 2024-04-21 00:00:00+00:00, run_after=2024-04-22 00:00:00+00:00
[2024-04-22T16:50:57.185+0000] {processor.py:183} INFO - Processing /home/airflow/.local/lib/python3.8/site-packages/airflow/example_dags/example_task_group_decorator.py took 0.104 seconds
[2024-04-22T16:51:27.551+0000] {processor.py:161} INFO - Started process (PID=15171) to work on /home/airflow/.local/lib/python3.8/site-packages/airflow/example_dags/example_task_group_decorator.py
[2024-04-22T16:51:27.558+0000] {processor.py:830} INFO - Processing file /home/airflow/.local/lib/python3.8/site-packages/airflow/example_dags/example_task_group_decorator.py for tasks to queue
[2024-04-22T16:51:27.559+0000] {logging_mixin.py:188} INFO - [2024-04-22T16:51:27.558+0000] {dagbag.py:540} INFO - Filling up the DagBag from /home/airflow/.local/lib/python3.8/site-packages/airflow/example_dags/example_task_group_decorator.py
[2024-04-22T16:51:27.594+0000] {processor.py:840} INFO - DAG(s) 'example_task_group_decorator' retrieved from /home/airflow/.local/lib/python3.8/site-packages/airflow/example_dags/example_task_group_decorator.py
[2024-04-22T16:51:27.623+0000] {logging_mixin.py:188} INFO - [2024-04-22T16:51:27.623+0000] {dag.py:3047} INFO - Sync 1 DAGs
[2024-04-22T16:51:27.643+0000] {logging_mixin.py:188} INFO - [2024-04-22T16:51:27.643+0000] {dag.py:3834} INFO - Setting next_dagrun for example_task_group_decorator to 2024-04-21 00:00:00+00:00, run_after=2024-04-22 00:00:00+00:00
[2024-04-22T16:51:27.662+0000] {processor.py:183} INFO - Processing /home/airflow/.local/lib/python3.8/site-packages/airflow/example_dags/example_task_group_decorator.py took 0.136 seconds
[2024-04-22T16:51:57.949+0000] {processor.py:161} INFO - Started process (PID=15428) to work on /home/airflow/.local/lib/python3.8/site-packages/airflow/example_dags/example_task_group_decorator.py
[2024-04-22T16:51:57.951+0000] {processor.py:830} INFO - Processing file /home/airflow/.local/lib/python3.8/site-packages/airflow/example_dags/example_task_group_decorator.py for tasks to queue
[2024-04-22T16:51:57.952+0000] {logging_mixin.py:188} INFO - [2024-04-22T16:51:57.951+0000] {dagbag.py:540} INFO - Filling up the DagBag from /home/airflow/.local/lib/python3.8/site-packages/airflow/example_dags/example_task_group_decorator.py
[2024-04-22T16:51:57.971+0000] {processor.py:840} INFO - DAG(s) 'example_task_group_decorator' retrieved from /home/airflow/.local/lib/python3.8/site-packages/airflow/example_dags/example_task_group_decorator.py
[2024-04-22T16:51:57.999+0000] {logging_mixin.py:188} INFO - [2024-04-22T16:51:57.998+0000] {dag.py:3047} INFO - Sync 1 DAGs
[2024-04-22T16:51:58.030+0000] {logging_mixin.py:188} INFO - [2024-04-22T16:51:58.030+0000] {dag.py:3834} INFO - Setting next_dagrun for example_task_group_decorator to 2024-04-21 00:00:00+00:00, run_after=2024-04-22 00:00:00+00:00
[2024-04-22T16:51:58.049+0000] {processor.py:183} INFO - Processing /home/airflow/.local/lib/python3.8/site-packages/airflow/example_dags/example_task_group_decorator.py took 0.106 seconds
[2024-04-22T16:52:28.301+0000] {processor.py:161} INFO - Started process (PID=15686) to work on /home/airflow/.local/lib/python3.8/site-packages/airflow/example_dags/example_task_group_decorator.py
[2024-04-22T16:52:28.302+0000] {processor.py:830} INFO - Processing file /home/airflow/.local/lib/python3.8/site-packages/airflow/example_dags/example_task_group_decorator.py for tasks to queue
[2024-04-22T16:52:28.303+0000] {logging_mixin.py:188} INFO - [2024-04-22T16:52:28.303+0000] {dagbag.py:540} INFO - Filling up the DagBag from /home/airflow/.local/lib/python3.8/site-packages/airflow/example_dags/example_task_group_decorator.py
[2024-04-22T16:52:28.323+0000] {processor.py:840} INFO - DAG(s) 'example_task_group_decorator' retrieved from /home/airflow/.local/lib/python3.8/site-packages/airflow/example_dags/example_task_group_decorator.py
[2024-04-22T16:52:28.351+0000] {logging_mixin.py:188} INFO - [2024-04-22T16:52:28.351+0000] {dag.py:3047} INFO - Sync 1 DAGs
[2024-04-22T16:52:28.373+0000] {logging_mixin.py:188} INFO - [2024-04-22T16:52:28.373+0000] {dag.py:3834} INFO - Setting next_dagrun for example_task_group_decorator to 2024-04-21 00:00:00+00:00, run_after=2024-04-22 00:00:00+00:00
[2024-04-22T16:52:28.395+0000] {processor.py:183} INFO - Processing /home/airflow/.local/lib/python3.8/site-packages/airflow/example_dags/example_task_group_decorator.py took 0.097 seconds
[2024-04-22T16:52:58.728+0000] {processor.py:161} INFO - Started process (PID=15943) to work on /home/airflow/.local/lib/python3.8/site-packages/airflow/example_dags/example_task_group_decorator.py
[2024-04-22T16:52:58.729+0000] {processor.py:830} INFO - Processing file /home/airflow/.local/lib/python3.8/site-packages/airflow/example_dags/example_task_group_decorator.py for tasks to queue
[2024-04-22T16:52:58.730+0000] {logging_mixin.py:188} INFO - [2024-04-22T16:52:58.730+0000] {dagbag.py:540} INFO - Filling up the DagBag from /home/airflow/.local/lib/python3.8/site-packages/airflow/example_dags/example_task_group_decorator.py
[2024-04-22T16:52:58.751+0000] {processor.py:840} INFO - DAG(s) 'example_task_group_decorator' retrieved from /home/airflow/.local/lib/python3.8/site-packages/airflow/example_dags/example_task_group_decorator.py
[2024-04-22T16:52:58.780+0000] {logging_mixin.py:188} INFO - [2024-04-22T16:52:58.780+0000] {dag.py:3047} INFO - Sync 1 DAGs
[2024-04-22T16:52:58.802+0000] {logging_mixin.py:188} INFO - [2024-04-22T16:52:58.802+0000] {dag.py:3834} INFO - Setting next_dagrun for example_task_group_decorator to 2024-04-21 00:00:00+00:00, run_after=2024-04-22 00:00:00+00:00
[2024-04-22T16:52:58.822+0000] {processor.py:183} INFO - Processing /home/airflow/.local/lib/python3.8/site-packages/airflow/example_dags/example_task_group_decorator.py took 0.098 seconds
[2024-04-22T16:53:29.216+0000] {processor.py:161} INFO - Started process (PID=16202) to work on /home/airflow/.local/lib/python3.8/site-packages/airflow/example_dags/example_task_group_decorator.py
[2024-04-22T16:53:29.216+0000] {processor.py:830} INFO - Processing file /home/airflow/.local/lib/python3.8/site-packages/airflow/example_dags/example_task_group_decorator.py for tasks to queue
[2024-04-22T16:53:29.217+0000] {logging_mixin.py:188} INFO - [2024-04-22T16:53:29.217+0000] {dagbag.py:540} INFO - Filling up the DagBag from /home/airflow/.local/lib/python3.8/site-packages/airflow/example_dags/example_task_group_decorator.py
[2024-04-22T16:53:29.237+0000] {processor.py:840} INFO - DAG(s) 'example_task_group_decorator' retrieved from /home/airflow/.local/lib/python3.8/site-packages/airflow/example_dags/example_task_group_decorator.py
[2024-04-22T16:53:29.264+0000] {logging_mixin.py:188} INFO - [2024-04-22T16:53:29.264+0000] {dag.py:3047} INFO - Sync 1 DAGs
[2024-04-22T16:53:29.286+0000] {logging_mixin.py:188} INFO - [2024-04-22T16:53:29.286+0000] {dag.py:3834} INFO - Setting next_dagrun for example_task_group_decorator to 2024-04-21 00:00:00+00:00, run_after=2024-04-22 00:00:00+00:00
[2024-04-22T16:53:29.305+0000] {processor.py:183} INFO - Processing /home/airflow/.local/lib/python3.8/site-packages/airflow/example_dags/example_task_group_decorator.py took 0.093 seconds
[2024-04-22T16:54:00.255+0000] {processor.py:161} INFO - Started process (PID=16459) to work on /home/airflow/.local/lib/python3.8/site-packages/airflow/example_dags/example_task_group_decorator.py
[2024-04-22T16:54:00.256+0000] {processor.py:830} INFO - Processing file /home/airflow/.local/lib/python3.8/site-packages/airflow/example_dags/example_task_group_decorator.py for tasks to queue
[2024-04-22T16:54:00.256+0000] {logging_mixin.py:188} INFO - [2024-04-22T16:54:00.256+0000] {dagbag.py:540} INFO - Filling up the DagBag from /home/airflow/.local/lib/python3.8/site-packages/airflow/example_dags/example_task_group_decorator.py
[2024-04-22T16:54:00.277+0000] {processor.py:840} INFO - DAG(s) 'example_task_group_decorator' retrieved from /home/airflow/.local/lib/python3.8/site-packages/airflow/example_dags/example_task_group_decorator.py
[2024-04-22T16:54:00.314+0000] {logging_mixin.py:188} INFO - [2024-04-22T16:54:00.313+0000] {dag.py:3047} INFO - Sync 1 DAGs
[2024-04-22T16:54:00.336+0000] {logging_mixin.py:188} INFO - [2024-04-22T16:54:00.336+0000] {dag.py:3834} INFO - Setting next_dagrun for example_task_group_decorator to 2024-04-21 00:00:00+00:00, run_after=2024-04-22 00:00:00+00:00
[2024-04-22T16:54:00.362+0000] {processor.py:183} INFO - Processing /home/airflow/.local/lib/python3.8/site-packages/airflow/example_dags/example_task_group_decorator.py took 0.111 seconds
[2024-04-22T16:54:30.439+0000] {processor.py:161} INFO - Started process (PID=16719) to work on /home/airflow/.local/lib/python3.8/site-packages/airflow/example_dags/example_task_group_decorator.py
[2024-04-22T16:54:30.440+0000] {processor.py:830} INFO - Processing file /home/airflow/.local/lib/python3.8/site-packages/airflow/example_dags/example_task_group_decorator.py for tasks to queue
[2024-04-22T16:54:30.440+0000] {logging_mixin.py:188} INFO - [2024-04-22T16:54:30.440+0000] {dagbag.py:540} INFO - Filling up the DagBag from /home/airflow/.local/lib/python3.8/site-packages/airflow/example_dags/example_task_group_decorator.py
[2024-04-22T16:54:30.453+0000] {processor.py:840} INFO - DAG(s) 'example_task_group_decorator' retrieved from /home/airflow/.local/lib/python3.8/site-packages/airflow/example_dags/example_task_group_decorator.py
[2024-04-22T16:54:30.473+0000] {logging_mixin.py:188} INFO - [2024-04-22T16:54:30.473+0000] {dag.py:3047} INFO - Sync 1 DAGs
[2024-04-22T16:54:30.490+0000] {logging_mixin.py:188} INFO - [2024-04-22T16:54:30.490+0000] {dag.py:3834} INFO - Setting next_dagrun for example_task_group_decorator to 2024-04-21 00:00:00+00:00, run_after=2024-04-22 00:00:00+00:00
[2024-04-22T16:54:30.512+0000] {processor.py:183} INFO - Processing /home/airflow/.local/lib/python3.8/site-packages/airflow/example_dags/example_task_group_decorator.py took 0.076 seconds
