[2024-04-22T16:21:58.980+0000] {processor.py:161} INFO - Started process (PID=225) to work on /home/airflow/.local/lib/python3.8/site-packages/airflow/example_dags/example_params_trigger_ui.py
[2024-04-22T16:21:58.983+0000] {processor.py:830} INFO - Processing file /home/airflow/.local/lib/python3.8/site-packages/airflow/example_dags/example_params_trigger_ui.py for tasks to queue
[2024-04-22T16:21:58.984+0000] {logging_mixin.py:188} INFO - [2024-04-22T16:21:58.984+0000] {dagbag.py:540} INFO - Filling up the DagBag from /home/airflow/.local/lib/python3.8/site-packages/airflow/example_dags/example_params_trigger_ui.py
[2024-04-22T16:21:59.110+0000] {processor.py:840} INFO - DAG(s) 'example_params_trigger_ui' retrieved from /home/airflow/.local/lib/python3.8/site-packages/airflow/example_dags/example_params_trigger_ui.py
[2024-04-22T16:21:59.533+0000] {logging_mixin.py:188} INFO - [2024-04-22T16:21:59.532+0000] {dag.py:3047} INFO - Sync 1 DAGs
[2024-04-22T16:21:59.576+0000] {logging_mixin.py:188} INFO - [2024-04-22T16:21:59.576+0000] {dag.py:3834} INFO - Setting next_dagrun for example_params_trigger_ui to None, run_after=None
[2024-04-22T16:21:59.709+0000] {processor.py:183} INFO - Processing /home/airflow/.local/lib/python3.8/site-packages/airflow/example_dags/example_params_trigger_ui.py took 0.738 seconds
[2024-04-22T16:22:29.882+0000] {processor.py:161} INFO - Started process (PID=483) to work on /home/airflow/.local/lib/python3.8/site-packages/airflow/example_dags/example_params_trigger_ui.py
[2024-04-22T16:22:29.883+0000] {processor.py:830} INFO - Processing file /home/airflow/.local/lib/python3.8/site-packages/airflow/example_dags/example_params_trigger_ui.py for tasks to queue
[2024-04-22T16:22:29.883+0000] {logging_mixin.py:188} INFO - [2024-04-22T16:22:29.883+0000] {dagbag.py:540} INFO - Filling up the DagBag from /home/airflow/.local/lib/python3.8/site-packages/airflow/example_dags/example_params_trigger_ui.py
[2024-04-22T16:22:29.895+0000] {processor.py:840} INFO - DAG(s) 'example_params_trigger_ui' retrieved from /home/airflow/.local/lib/python3.8/site-packages/airflow/example_dags/example_params_trigger_ui.py
[2024-04-22T16:22:29.939+0000] {logging_mixin.py:188} INFO - [2024-04-22T16:22:29.938+0000] {dag.py:3047} INFO - Sync 1 DAGs
[2024-04-22T16:22:29.948+0000] {logging_mixin.py:188} INFO - [2024-04-22T16:22:29.948+0000] {dag.py:3834} INFO - Setting next_dagrun for example_params_trigger_ui to None, run_after=None
[2024-04-22T16:22:29.995+0000] {processor.py:183} INFO - Processing /home/airflow/.local/lib/python3.8/site-packages/airflow/example_dags/example_params_trigger_ui.py took 0.117 seconds
[2024-04-22T16:23:00.355+0000] {processor.py:161} INFO - Started process (PID=739) to work on /home/airflow/.local/lib/python3.8/site-packages/airflow/example_dags/example_params_trigger_ui.py
[2024-04-22T16:23:00.356+0000] {processor.py:830} INFO - Processing file /home/airflow/.local/lib/python3.8/site-packages/airflow/example_dags/example_params_trigger_ui.py for tasks to queue
[2024-04-22T16:23:00.357+0000] {logging_mixin.py:188} INFO - [2024-04-22T16:23:00.356+0000] {dagbag.py:540} INFO - Filling up the DagBag from /home/airflow/.local/lib/python3.8/site-packages/airflow/example_dags/example_params_trigger_ui.py
[2024-04-22T16:23:00.372+0000] {processor.py:840} INFO - DAG(s) 'example_params_trigger_ui' retrieved from /home/airflow/.local/lib/python3.8/site-packages/airflow/example_dags/example_params_trigger_ui.py
[2024-04-22T16:23:00.440+0000] {logging_mixin.py:188} INFO - [2024-04-22T16:23:00.440+0000] {dag.py:3047} INFO - Sync 1 DAGs
[2024-04-22T16:23:00.455+0000] {logging_mixin.py:188} INFO - [2024-04-22T16:23:00.454+0000] {dag.py:3834} INFO - Setting next_dagrun for example_params_trigger_ui to None, run_after=None
[2024-04-22T16:23:00.486+0000] {processor.py:183} INFO - Processing /home/airflow/.local/lib/python3.8/site-packages/airflow/example_dags/example_params_trigger_ui.py took 0.135 seconds
[2024-04-22T16:23:31.296+0000] {processor.py:161} INFO - Started process (PID=994) to work on /home/airflow/.local/lib/python3.8/site-packages/airflow/example_dags/example_params_trigger_ui.py
[2024-04-22T16:23:31.297+0000] {processor.py:830} INFO - Processing file /home/airflow/.local/lib/python3.8/site-packages/airflow/example_dags/example_params_trigger_ui.py for tasks to queue
[2024-04-22T16:23:31.298+0000] {logging_mixin.py:188} INFO - [2024-04-22T16:23:31.298+0000] {dagbag.py:540} INFO - Filling up the DagBag from /home/airflow/.local/lib/python3.8/site-packages/airflow/example_dags/example_params_trigger_ui.py
[2024-04-22T16:23:31.321+0000] {processor.py:840} INFO - DAG(s) 'example_params_trigger_ui' retrieved from /home/airflow/.local/lib/python3.8/site-packages/airflow/example_dags/example_params_trigger_ui.py
[2024-04-22T16:23:31.402+0000] {logging_mixin.py:188} INFO - [2024-04-22T16:23:31.402+0000] {dag.py:3047} INFO - Sync 1 DAGs
[2024-04-22T16:23:31.420+0000] {logging_mixin.py:188} INFO - [2024-04-22T16:23:31.420+0000] {dag.py:3834} INFO - Setting next_dagrun for example_params_trigger_ui to None, run_after=None
[2024-04-22T16:23:31.448+0000] {processor.py:183} INFO - Processing /home/airflow/.local/lib/python3.8/site-packages/airflow/example_dags/example_params_trigger_ui.py took 0.157 seconds
[2024-04-22T16:24:01.951+0000] {processor.py:161} INFO - Started process (PID=1251) to work on /home/airflow/.local/lib/python3.8/site-packages/airflow/example_dags/example_params_trigger_ui.py
[2024-04-22T16:24:01.952+0000] {processor.py:830} INFO - Processing file /home/airflow/.local/lib/python3.8/site-packages/airflow/example_dags/example_params_trigger_ui.py for tasks to queue
[2024-04-22T16:24:01.953+0000] {logging_mixin.py:188} INFO - [2024-04-22T16:24:01.953+0000] {dagbag.py:540} INFO - Filling up the DagBag from /home/airflow/.local/lib/python3.8/site-packages/airflow/example_dags/example_params_trigger_ui.py
[2024-04-22T16:24:01.969+0000] {processor.py:840} INFO - DAG(s) 'example_params_trigger_ui' retrieved from /home/airflow/.local/lib/python3.8/site-packages/airflow/example_dags/example_params_trigger_ui.py
[2024-04-22T16:24:02.042+0000] {logging_mixin.py:188} INFO - [2024-04-22T16:24:02.042+0000] {dag.py:3047} INFO - Sync 1 DAGs
[2024-04-22T16:24:02.056+0000] {logging_mixin.py:188} INFO - [2024-04-22T16:24:02.055+0000] {dag.py:3834} INFO - Setting next_dagrun for example_params_trigger_ui to None, run_after=None
[2024-04-22T16:24:02.085+0000] {processor.py:183} INFO - Processing /home/airflow/.local/lib/python3.8/site-packages/airflow/example_dags/example_params_trigger_ui.py took 0.137 seconds
[2024-04-22T16:24:32.315+0000] {processor.py:161} INFO - Started process (PID=1508) to work on /home/airflow/.local/lib/python3.8/site-packages/airflow/example_dags/example_params_trigger_ui.py
[2024-04-22T16:24:32.316+0000] {processor.py:830} INFO - Processing file /home/airflow/.local/lib/python3.8/site-packages/airflow/example_dags/example_params_trigger_ui.py for tasks to queue
[2024-04-22T16:24:32.317+0000] {logging_mixin.py:188} INFO - [2024-04-22T16:24:32.317+0000] {dagbag.py:540} INFO - Filling up the DagBag from /home/airflow/.local/lib/python3.8/site-packages/airflow/example_dags/example_params_trigger_ui.py
[2024-04-22T16:24:32.340+0000] {processor.py:840} INFO - DAG(s) 'example_params_trigger_ui' retrieved from /home/airflow/.local/lib/python3.8/site-packages/airflow/example_dags/example_params_trigger_ui.py
[2024-04-22T16:24:32.445+0000] {logging_mixin.py:188} INFO - [2024-04-22T16:24:32.444+0000] {dag.py:3047} INFO - Sync 1 DAGs
[2024-04-22T16:24:32.459+0000] {logging_mixin.py:188} INFO - [2024-04-22T16:24:32.458+0000] {dag.py:3834} INFO - Setting next_dagrun for example_params_trigger_ui to None, run_after=None
[2024-04-22T16:24:32.489+0000] {processor.py:183} INFO - Processing /home/airflow/.local/lib/python3.8/site-packages/airflow/example_dags/example_params_trigger_ui.py took 0.178 seconds
[2024-04-22T16:25:02.814+0000] {processor.py:161} INFO - Started process (PID=1767) to work on /home/airflow/.local/lib/python3.8/site-packages/airflow/example_dags/example_params_trigger_ui.py
[2024-04-22T16:25:02.816+0000] {processor.py:830} INFO - Processing file /home/airflow/.local/lib/python3.8/site-packages/airflow/example_dags/example_params_trigger_ui.py for tasks to queue
[2024-04-22T16:25:02.818+0000] {logging_mixin.py:188} INFO - [2024-04-22T16:25:02.817+0000] {dagbag.py:540} INFO - Filling up the DagBag from /home/airflow/.local/lib/python3.8/site-packages/airflow/example_dags/example_params_trigger_ui.py
[2024-04-22T16:25:02.833+0000] {processor.py:840} INFO - DAG(s) 'example_params_trigger_ui' retrieved from /home/airflow/.local/lib/python3.8/site-packages/airflow/example_dags/example_params_trigger_ui.py
[2024-04-22T16:25:02.908+0000] {logging_mixin.py:188} INFO - [2024-04-22T16:25:02.907+0000] {dag.py:3047} INFO - Sync 1 DAGs
[2024-04-22T16:25:02.922+0000] {logging_mixin.py:188} INFO - [2024-04-22T16:25:02.922+0000] {dag.py:3834} INFO - Setting next_dagrun for example_params_trigger_ui to None, run_after=None
[2024-04-22T16:25:02.948+0000] {processor.py:183} INFO - Processing /home/airflow/.local/lib/python3.8/site-packages/airflow/example_dags/example_params_trigger_ui.py took 0.137 seconds
[2024-04-22T16:25:33.448+0000] {processor.py:161} INFO - Started process (PID=2024) to work on /home/airflow/.local/lib/python3.8/site-packages/airflow/example_dags/example_params_trigger_ui.py
[2024-04-22T16:25:33.449+0000] {processor.py:830} INFO - Processing file /home/airflow/.local/lib/python3.8/site-packages/airflow/example_dags/example_params_trigger_ui.py for tasks to queue
[2024-04-22T16:25:33.450+0000] {logging_mixin.py:188} INFO - [2024-04-22T16:25:33.450+0000] {dagbag.py:540} INFO - Filling up the DagBag from /home/airflow/.local/lib/python3.8/site-packages/airflow/example_dags/example_params_trigger_ui.py
[2024-04-22T16:25:33.465+0000] {processor.py:840} INFO - DAG(s) 'example_params_trigger_ui' retrieved from /home/airflow/.local/lib/python3.8/site-packages/airflow/example_dags/example_params_trigger_ui.py
[2024-04-22T16:25:33.535+0000] {logging_mixin.py:188} INFO - [2024-04-22T16:25:33.534+0000] {dag.py:3047} INFO - Sync 1 DAGs
[2024-04-22T16:25:33.549+0000] {logging_mixin.py:188} INFO - [2024-04-22T16:25:33.548+0000] {dag.py:3834} INFO - Setting next_dagrun for example_params_trigger_ui to None, run_after=None
[2024-04-22T16:25:33.576+0000] {processor.py:183} INFO - Processing /home/airflow/.local/lib/python3.8/site-packages/airflow/example_dags/example_params_trigger_ui.py took 0.131 seconds
[2024-04-22T16:26:03.911+0000] {processor.py:161} INFO - Started process (PID=2281) to work on /home/airflow/.local/lib/python3.8/site-packages/airflow/example_dags/example_params_trigger_ui.py
[2024-04-22T16:26:03.917+0000] {processor.py:830} INFO - Processing file /home/airflow/.local/lib/python3.8/site-packages/airflow/example_dags/example_params_trigger_ui.py for tasks to queue
[2024-04-22T16:26:03.918+0000] {logging_mixin.py:188} INFO - [2024-04-22T16:26:03.917+0000] {dagbag.py:540} INFO - Filling up the DagBag from /home/airflow/.local/lib/python3.8/site-packages/airflow/example_dags/example_params_trigger_ui.py
[2024-04-22T16:26:03.937+0000] {processor.py:840} INFO - DAG(s) 'example_params_trigger_ui' retrieved from /home/airflow/.local/lib/python3.8/site-packages/airflow/example_dags/example_params_trigger_ui.py
[2024-04-22T16:26:04.002+0000] {logging_mixin.py:188} INFO - [2024-04-22T16:26:04.002+0000] {dag.py:3047} INFO - Sync 1 DAGs
[2024-04-22T16:26:04.017+0000] {logging_mixin.py:188} INFO - [2024-04-22T16:26:04.016+0000] {dag.py:3834} INFO - Setting next_dagrun for example_params_trigger_ui to None, run_after=None
[2024-04-22T16:26:04.042+0000] {processor.py:183} INFO - Processing /home/airflow/.local/lib/python3.8/site-packages/airflow/example_dags/example_params_trigger_ui.py took 0.135 seconds
[2024-04-22T16:26:34.170+0000] {processor.py:161} INFO - Started process (PID=2537) to work on /home/airflow/.local/lib/python3.8/site-packages/airflow/example_dags/example_params_trigger_ui.py
[2024-04-22T16:26:34.171+0000] {processor.py:830} INFO - Processing file /home/airflow/.local/lib/python3.8/site-packages/airflow/example_dags/example_params_trigger_ui.py for tasks to queue
[2024-04-22T16:26:34.174+0000] {logging_mixin.py:188} INFO - [2024-04-22T16:26:34.174+0000] {dagbag.py:540} INFO - Filling up the DagBag from /home/airflow/.local/lib/python3.8/site-packages/airflow/example_dags/example_params_trigger_ui.py
[2024-04-22T16:26:34.213+0000] {processor.py:840} INFO - DAG(s) 'example_params_trigger_ui' retrieved from /home/airflow/.local/lib/python3.8/site-packages/airflow/example_dags/example_params_trigger_ui.py
[2024-04-22T16:26:34.367+0000] {logging_mixin.py:188} INFO - [2024-04-22T16:26:34.367+0000] {dag.py:3047} INFO - Sync 1 DAGs
[2024-04-22T16:26:34.383+0000] {logging_mixin.py:188} INFO - [2024-04-22T16:26:34.383+0000] {dag.py:3834} INFO - Setting next_dagrun for example_params_trigger_ui to None, run_after=None
[2024-04-22T16:26:34.407+0000] {processor.py:183} INFO - Processing /home/airflow/.local/lib/python3.8/site-packages/airflow/example_dags/example_params_trigger_ui.py took 0.240 seconds
[2024-04-22T16:27:04.765+0000] {processor.py:161} INFO - Started process (PID=2796) to work on /home/airflow/.local/lib/python3.8/site-packages/airflow/example_dags/example_params_trigger_ui.py
[2024-04-22T16:27:04.766+0000] {processor.py:830} INFO - Processing file /home/airflow/.local/lib/python3.8/site-packages/airflow/example_dags/example_params_trigger_ui.py for tasks to queue
[2024-04-22T16:27:04.767+0000] {logging_mixin.py:188} INFO - [2024-04-22T16:27:04.766+0000] {dagbag.py:540} INFO - Filling up the DagBag from /home/airflow/.local/lib/python3.8/site-packages/airflow/example_dags/example_params_trigger_ui.py
[2024-04-22T16:27:04.783+0000] {processor.py:840} INFO - DAG(s) 'example_params_trigger_ui' retrieved from /home/airflow/.local/lib/python3.8/site-packages/airflow/example_dags/example_params_trigger_ui.py
[2024-04-22T16:27:04.911+0000] {logging_mixin.py:188} INFO - [2024-04-22T16:27:04.911+0000] {dag.py:3047} INFO - Sync 1 DAGs
[2024-04-22T16:27:04.942+0000] {logging_mixin.py:188} INFO - [2024-04-22T16:27:04.942+0000] {dag.py:3834} INFO - Setting next_dagrun for example_params_trigger_ui to None, run_after=None
[2024-04-22T16:27:04.996+0000] {processor.py:183} INFO - Processing /home/airflow/.local/lib/python3.8/site-packages/airflow/example_dags/example_params_trigger_ui.py took 0.235 seconds
[2024-04-22T16:27:35.606+0000] {processor.py:161} INFO - Started process (PID=3060) to work on /home/airflow/.local/lib/python3.8/site-packages/airflow/example_dags/example_params_trigger_ui.py
[2024-04-22T16:27:35.607+0000] {processor.py:830} INFO - Processing file /home/airflow/.local/lib/python3.8/site-packages/airflow/example_dags/example_params_trigger_ui.py for tasks to queue
[2024-04-22T16:27:35.607+0000] {logging_mixin.py:188} INFO - [2024-04-22T16:27:35.607+0000] {dagbag.py:540} INFO - Filling up the DagBag from /home/airflow/.local/lib/python3.8/site-packages/airflow/example_dags/example_params_trigger_ui.py
[2024-04-22T16:27:35.627+0000] {processor.py:840} INFO - DAG(s) 'example_params_trigger_ui' retrieved from /home/airflow/.local/lib/python3.8/site-packages/airflow/example_dags/example_params_trigger_ui.py
[2024-04-22T16:27:35.693+0000] {logging_mixin.py:188} INFO - [2024-04-22T16:27:35.693+0000] {dag.py:3047} INFO - Sync 1 DAGs
[2024-04-22T16:27:35.728+0000] {logging_mixin.py:188} INFO - [2024-04-22T16:27:35.728+0000] {dag.py:3834} INFO - Setting next_dagrun for example_params_trigger_ui to None, run_after=None
[2024-04-22T16:27:35.784+0000] {processor.py:183} INFO - Processing /home/airflow/.local/lib/python3.8/site-packages/airflow/example_dags/example_params_trigger_ui.py took 0.182 seconds
[2024-04-22T16:28:06.066+0000] {processor.py:161} INFO - Started process (PID=3318) to work on /home/airflow/.local/lib/python3.8/site-packages/airflow/example_dags/example_params_trigger_ui.py
[2024-04-22T16:28:06.067+0000] {processor.py:830} INFO - Processing file /home/airflow/.local/lib/python3.8/site-packages/airflow/example_dags/example_params_trigger_ui.py for tasks to queue
[2024-04-22T16:28:06.072+0000] {logging_mixin.py:188} INFO - [2024-04-22T16:28:06.071+0000] {dagbag.py:540} INFO - Filling up the DagBag from /home/airflow/.local/lib/python3.8/site-packages/airflow/example_dags/example_params_trigger_ui.py
[2024-04-22T16:28:06.095+0000] {processor.py:840} INFO - DAG(s) 'example_params_trigger_ui' retrieved from /home/airflow/.local/lib/python3.8/site-packages/airflow/example_dags/example_params_trigger_ui.py
[2024-04-22T16:28:06.172+0000] {logging_mixin.py:188} INFO - [2024-04-22T16:28:06.172+0000] {dag.py:3047} INFO - Sync 1 DAGs
[2024-04-22T16:28:06.189+0000] {logging_mixin.py:188} INFO - [2024-04-22T16:28:06.189+0000] {dag.py:3834} INFO - Setting next_dagrun for example_params_trigger_ui to None, run_after=None
[2024-04-22T16:28:06.213+0000] {processor.py:183} INFO - Processing /home/airflow/.local/lib/python3.8/site-packages/airflow/example_dags/example_params_trigger_ui.py took 0.156 seconds
[2024-04-22T16:28:37.219+0000] {processor.py:161} INFO - Started process (PID=3578) to work on /home/airflow/.local/lib/python3.8/site-packages/airflow/example_dags/example_params_trigger_ui.py
[2024-04-22T16:28:37.220+0000] {processor.py:830} INFO - Processing file /home/airflow/.local/lib/python3.8/site-packages/airflow/example_dags/example_params_trigger_ui.py for tasks to queue
[2024-04-22T16:28:37.221+0000] {logging_mixin.py:188} INFO - [2024-04-22T16:28:37.221+0000] {dagbag.py:540} INFO - Filling up the DagBag from /home/airflow/.local/lib/python3.8/site-packages/airflow/example_dags/example_params_trigger_ui.py
[2024-04-22T16:28:37.244+0000] {processor.py:840} INFO - DAG(s) 'example_params_trigger_ui' retrieved from /home/airflow/.local/lib/python3.8/site-packages/airflow/example_dags/example_params_trigger_ui.py
[2024-04-22T16:28:37.315+0000] {logging_mixin.py:188} INFO - [2024-04-22T16:28:37.315+0000] {dag.py:3047} INFO - Sync 1 DAGs
[2024-04-22T16:28:37.329+0000] {logging_mixin.py:188} INFO - [2024-04-22T16:28:37.329+0000] {dag.py:3834} INFO - Setting next_dagrun for example_params_trigger_ui to None, run_after=None
[2024-04-22T16:28:37.353+0000] {processor.py:183} INFO - Processing /home/airflow/.local/lib/python3.8/site-packages/airflow/example_dags/example_params_trigger_ui.py took 0.143 seconds
[2024-04-22T16:29:07.837+0000] {processor.py:161} INFO - Started process (PID=3835) to work on /home/airflow/.local/lib/python3.8/site-packages/airflow/example_dags/example_params_trigger_ui.py
[2024-04-22T16:29:07.838+0000] {processor.py:830} INFO - Processing file /home/airflow/.local/lib/python3.8/site-packages/airflow/example_dags/example_params_trigger_ui.py for tasks to queue
[2024-04-22T16:29:07.839+0000] {logging_mixin.py:188} INFO - [2024-04-22T16:29:07.838+0000] {dagbag.py:540} INFO - Filling up the DagBag from /home/airflow/.local/lib/python3.8/site-packages/airflow/example_dags/example_params_trigger_ui.py
[2024-04-22T16:29:07.854+0000] {processor.py:840} INFO - DAG(s) 'example_params_trigger_ui' retrieved from /home/airflow/.local/lib/python3.8/site-packages/airflow/example_dags/example_params_trigger_ui.py
[2024-04-22T16:29:07.926+0000] {logging_mixin.py:188} INFO - [2024-04-22T16:29:07.926+0000] {dag.py:3047} INFO - Sync 1 DAGs
[2024-04-22T16:29:07.940+0000] {logging_mixin.py:188} INFO - [2024-04-22T16:29:07.940+0000] {dag.py:3834} INFO - Setting next_dagrun for example_params_trigger_ui to None, run_after=None
[2024-04-22T16:29:07.964+0000] {processor.py:183} INFO - Processing /home/airflow/.local/lib/python3.8/site-packages/airflow/example_dags/example_params_trigger_ui.py took 0.130 seconds
[2024-04-22T16:29:38.227+0000] {processor.py:161} INFO - Started process (PID=4092) to work on /home/airflow/.local/lib/python3.8/site-packages/airflow/example_dags/example_params_trigger_ui.py
[2024-04-22T16:29:38.228+0000] {processor.py:830} INFO - Processing file /home/airflow/.local/lib/python3.8/site-packages/airflow/example_dags/example_params_trigger_ui.py for tasks to queue
[2024-04-22T16:29:38.229+0000] {logging_mixin.py:188} INFO - [2024-04-22T16:29:38.228+0000] {dagbag.py:540} INFO - Filling up the DagBag from /home/airflow/.local/lib/python3.8/site-packages/airflow/example_dags/example_params_trigger_ui.py
[2024-04-22T16:29:38.244+0000] {processor.py:840} INFO - DAG(s) 'example_params_trigger_ui' retrieved from /home/airflow/.local/lib/python3.8/site-packages/airflow/example_dags/example_params_trigger_ui.py
[2024-04-22T16:29:38.321+0000] {logging_mixin.py:188} INFO - [2024-04-22T16:29:38.321+0000] {dag.py:3047} INFO - Sync 1 DAGs
[2024-04-22T16:29:38.336+0000] {logging_mixin.py:188} INFO - [2024-04-22T16:29:38.336+0000] {dag.py:3834} INFO - Setting next_dagrun for example_params_trigger_ui to None, run_after=None
[2024-04-22T16:29:38.359+0000] {processor.py:183} INFO - Processing /home/airflow/.local/lib/python3.8/site-packages/airflow/example_dags/example_params_trigger_ui.py took 0.135 seconds
[2024-04-22T16:30:08.561+0000] {processor.py:161} INFO - Started process (PID=4349) to work on /home/airflow/.local/lib/python3.8/site-packages/airflow/example_dags/example_params_trigger_ui.py
[2024-04-22T16:30:08.562+0000] {processor.py:830} INFO - Processing file /home/airflow/.local/lib/python3.8/site-packages/airflow/example_dags/example_params_trigger_ui.py for tasks to queue
[2024-04-22T16:30:08.563+0000] {logging_mixin.py:188} INFO - [2024-04-22T16:30:08.563+0000] {dagbag.py:540} INFO - Filling up the DagBag from /home/airflow/.local/lib/python3.8/site-packages/airflow/example_dags/example_params_trigger_ui.py
[2024-04-22T16:30:08.578+0000] {processor.py:840} INFO - DAG(s) 'example_params_trigger_ui' retrieved from /home/airflow/.local/lib/python3.8/site-packages/airflow/example_dags/example_params_trigger_ui.py
[2024-04-22T16:30:08.659+0000] {logging_mixin.py:188} INFO - [2024-04-22T16:30:08.658+0000] {dag.py:3047} INFO - Sync 1 DAGs
[2024-04-22T16:30:08.671+0000] {logging_mixin.py:188} INFO - [2024-04-22T16:30:08.671+0000] {dag.py:3834} INFO - Setting next_dagrun for example_params_trigger_ui to None, run_after=None
[2024-04-22T16:30:08.696+0000] {processor.py:183} INFO - Processing /home/airflow/.local/lib/python3.8/site-packages/airflow/example_dags/example_params_trigger_ui.py took 0.138 seconds
[2024-04-22T16:30:39.053+0000] {processor.py:161} INFO - Started process (PID=4607) to work on /home/airflow/.local/lib/python3.8/site-packages/airflow/example_dags/example_params_trigger_ui.py
[2024-04-22T16:30:39.054+0000] {processor.py:830} INFO - Processing file /home/airflow/.local/lib/python3.8/site-packages/airflow/example_dags/example_params_trigger_ui.py for tasks to queue
[2024-04-22T16:30:39.054+0000] {logging_mixin.py:188} INFO - [2024-04-22T16:30:39.054+0000] {dagbag.py:540} INFO - Filling up the DagBag from /home/airflow/.local/lib/python3.8/site-packages/airflow/example_dags/example_params_trigger_ui.py
[2024-04-22T16:30:39.070+0000] {processor.py:840} INFO - DAG(s) 'example_params_trigger_ui' retrieved from /home/airflow/.local/lib/python3.8/site-packages/airflow/example_dags/example_params_trigger_ui.py
[2024-04-22T16:30:39.139+0000] {logging_mixin.py:188} INFO - [2024-04-22T16:30:39.139+0000] {dag.py:3047} INFO - Sync 1 DAGs
[2024-04-22T16:30:39.154+0000] {logging_mixin.py:188} INFO - [2024-04-22T16:30:39.154+0000] {dag.py:3834} INFO - Setting next_dagrun for example_params_trigger_ui to None, run_after=None
[2024-04-22T16:30:39.178+0000] {processor.py:183} INFO - Processing /home/airflow/.local/lib/python3.8/site-packages/airflow/example_dags/example_params_trigger_ui.py took 0.129 seconds
[2024-04-22T16:31:09.425+0000] {processor.py:161} INFO - Started process (PID=4864) to work on /home/airflow/.local/lib/python3.8/site-packages/airflow/example_dags/example_params_trigger_ui.py
[2024-04-22T16:31:09.426+0000] {processor.py:830} INFO - Processing file /home/airflow/.local/lib/python3.8/site-packages/airflow/example_dags/example_params_trigger_ui.py for tasks to queue
[2024-04-22T16:31:09.427+0000] {logging_mixin.py:188} INFO - [2024-04-22T16:31:09.427+0000] {dagbag.py:540} INFO - Filling up the DagBag from /home/airflow/.local/lib/python3.8/site-packages/airflow/example_dags/example_params_trigger_ui.py
[2024-04-22T16:31:09.451+0000] {processor.py:840} INFO - DAG(s) 'example_params_trigger_ui' retrieved from /home/airflow/.local/lib/python3.8/site-packages/airflow/example_dags/example_params_trigger_ui.py
[2024-04-22T16:31:09.536+0000] {logging_mixin.py:188} INFO - [2024-04-22T16:31:09.536+0000] {dag.py:3047} INFO - Sync 1 DAGs
[2024-04-22T16:31:09.550+0000] {logging_mixin.py:188} INFO - [2024-04-22T16:31:09.550+0000] {dag.py:3834} INFO - Setting next_dagrun for example_params_trigger_ui to None, run_after=None
[2024-04-22T16:31:09.577+0000] {processor.py:183} INFO - Processing /home/airflow/.local/lib/python3.8/site-packages/airflow/example_dags/example_params_trigger_ui.py took 0.155 seconds
[2024-04-22T16:31:40.167+0000] {processor.py:161} INFO - Started process (PID=5121) to work on /home/airflow/.local/lib/python3.8/site-packages/airflow/example_dags/example_params_trigger_ui.py
[2024-04-22T16:31:40.168+0000] {processor.py:830} INFO - Processing file /home/airflow/.local/lib/python3.8/site-packages/airflow/example_dags/example_params_trigger_ui.py for tasks to queue
[2024-04-22T16:31:40.168+0000] {logging_mixin.py:188} INFO - [2024-04-22T16:31:40.168+0000] {dagbag.py:540} INFO - Filling up the DagBag from /home/airflow/.local/lib/python3.8/site-packages/airflow/example_dags/example_params_trigger_ui.py
[2024-04-22T16:31:40.183+0000] {processor.py:840} INFO - DAG(s) 'example_params_trigger_ui' retrieved from /home/airflow/.local/lib/python3.8/site-packages/airflow/example_dags/example_params_trigger_ui.py
[2024-04-22T16:31:40.255+0000] {logging_mixin.py:188} INFO - [2024-04-22T16:31:40.254+0000] {dag.py:3047} INFO - Sync 1 DAGs
[2024-04-22T16:31:40.270+0000] {logging_mixin.py:188} INFO - [2024-04-22T16:31:40.270+0000] {dag.py:3834} INFO - Setting next_dagrun for example_params_trigger_ui to None, run_after=None
[2024-04-22T16:31:40.302+0000] {processor.py:183} INFO - Processing /home/airflow/.local/lib/python3.8/site-packages/airflow/example_dags/example_params_trigger_ui.py took 0.138 seconds
[2024-04-22T16:32:10.474+0000] {processor.py:161} INFO - Started process (PID=5378) to work on /home/airflow/.local/lib/python3.8/site-packages/airflow/example_dags/example_params_trigger_ui.py
[2024-04-22T16:32:10.475+0000] {processor.py:830} INFO - Processing file /home/airflow/.local/lib/python3.8/site-packages/airflow/example_dags/example_params_trigger_ui.py for tasks to queue
[2024-04-22T16:32:10.476+0000] {logging_mixin.py:188} INFO - [2024-04-22T16:32:10.476+0000] {dagbag.py:540} INFO - Filling up the DagBag from /home/airflow/.local/lib/python3.8/site-packages/airflow/example_dags/example_params_trigger_ui.py
[2024-04-22T16:32:10.492+0000] {processor.py:840} INFO - DAG(s) 'example_params_trigger_ui' retrieved from /home/airflow/.local/lib/python3.8/site-packages/airflow/example_dags/example_params_trigger_ui.py
[2024-04-22T16:32:10.567+0000] {logging_mixin.py:188} INFO - [2024-04-22T16:32:10.566+0000] {dag.py:3047} INFO - Sync 1 DAGs
[2024-04-22T16:32:10.581+0000] {logging_mixin.py:188} INFO - [2024-04-22T16:32:10.581+0000] {dag.py:3834} INFO - Setting next_dagrun for example_params_trigger_ui to None, run_after=None
[2024-04-22T16:32:10.609+0000] {processor.py:183} INFO - Processing /home/airflow/.local/lib/python3.8/site-packages/airflow/example_dags/example_params_trigger_ui.py took 0.138 seconds
[2024-04-22T16:32:40.770+0000] {processor.py:161} INFO - Started process (PID=5642) to work on /home/airflow/.local/lib/python3.8/site-packages/airflow/example_dags/example_params_trigger_ui.py
[2024-04-22T16:32:40.771+0000] {processor.py:830} INFO - Processing file /home/airflow/.local/lib/python3.8/site-packages/airflow/example_dags/example_params_trigger_ui.py for tasks to queue
[2024-04-22T16:32:40.772+0000] {logging_mixin.py:188} INFO - [2024-04-22T16:32:40.772+0000] {dagbag.py:540} INFO - Filling up the DagBag from /home/airflow/.local/lib/python3.8/site-packages/airflow/example_dags/example_params_trigger_ui.py
[2024-04-22T16:32:40.804+0000] {processor.py:840} INFO - DAG(s) 'example_params_trigger_ui' retrieved from /home/airflow/.local/lib/python3.8/site-packages/airflow/example_dags/example_params_trigger_ui.py
[2024-04-22T16:32:40.934+0000] {logging_mixin.py:188} INFO - [2024-04-22T16:32:40.934+0000] {dag.py:3047} INFO - Sync 1 DAGs
[2024-04-22T16:32:40.960+0000] {logging_mixin.py:188} INFO - [2024-04-22T16:32:40.959+0000] {dag.py:3834} INFO - Setting next_dagrun for example_params_trigger_ui to None, run_after=None
[2024-04-22T16:32:40.988+0000] {processor.py:183} INFO - Processing /home/airflow/.local/lib/python3.8/site-packages/airflow/example_dags/example_params_trigger_ui.py took 0.222 seconds
[2024-04-22T16:33:11.040+0000] {processor.py:161} INFO - Started process (PID=5899) to work on /home/airflow/.local/lib/python3.8/site-packages/airflow/example_dags/example_params_trigger_ui.py
[2024-04-22T16:33:11.041+0000] {processor.py:830} INFO - Processing file /home/airflow/.local/lib/python3.8/site-packages/airflow/example_dags/example_params_trigger_ui.py for tasks to queue
[2024-04-22T16:33:11.041+0000] {logging_mixin.py:188} INFO - [2024-04-22T16:33:11.041+0000] {dagbag.py:540} INFO - Filling up the DagBag from /home/airflow/.local/lib/python3.8/site-packages/airflow/example_dags/example_params_trigger_ui.py
[2024-04-22T16:33:11.052+0000] {processor.py:840} INFO - DAG(s) 'example_params_trigger_ui' retrieved from /home/airflow/.local/lib/python3.8/site-packages/airflow/example_dags/example_params_trigger_ui.py
[2024-04-22T16:33:11.097+0000] {logging_mixin.py:188} INFO - [2024-04-22T16:33:11.096+0000] {dag.py:3047} INFO - Sync 1 DAGs
[2024-04-22T16:33:11.106+0000] {logging_mixin.py:188} INFO - [2024-04-22T16:33:11.106+0000] {dag.py:3834} INFO - Setting next_dagrun for example_params_trigger_ui to None, run_after=None
[2024-04-22T16:33:11.127+0000] {processor.py:183} INFO - Processing /home/airflow/.local/lib/python3.8/site-packages/airflow/example_dags/example_params_trigger_ui.py took 0.089 seconds
[2024-04-22T16:33:41.659+0000] {processor.py:161} INFO - Started process (PID=6151) to work on /home/airflow/.local/lib/python3.8/site-packages/airflow/example_dags/example_params_trigger_ui.py
[2024-04-22T16:33:41.660+0000] {processor.py:830} INFO - Processing file /home/airflow/.local/lib/python3.8/site-packages/airflow/example_dags/example_params_trigger_ui.py for tasks to queue
[2024-04-22T16:33:41.661+0000] {logging_mixin.py:188} INFO - [2024-04-22T16:33:41.661+0000] {dagbag.py:540} INFO - Filling up the DagBag from /home/airflow/.local/lib/python3.8/site-packages/airflow/example_dags/example_params_trigger_ui.py
[2024-04-22T16:33:41.676+0000] {processor.py:840} INFO - DAG(s) 'example_params_trigger_ui' retrieved from /home/airflow/.local/lib/python3.8/site-packages/airflow/example_dags/example_params_trigger_ui.py
[2024-04-22T16:33:41.746+0000] {logging_mixin.py:188} INFO - [2024-04-22T16:33:41.746+0000] {dag.py:3047} INFO - Sync 1 DAGs
[2024-04-22T16:33:41.760+0000] {logging_mixin.py:188} INFO - [2024-04-22T16:33:41.760+0000] {dag.py:3834} INFO - Setting next_dagrun for example_params_trigger_ui to None, run_after=None
[2024-04-22T16:33:41.783+0000] {processor.py:183} INFO - Processing /home/airflow/.local/lib/python3.8/site-packages/airflow/example_dags/example_params_trigger_ui.py took 0.127 seconds
[2024-04-22T16:34:11.960+0000] {processor.py:161} INFO - Started process (PID=6410) to work on /home/airflow/.local/lib/python3.8/site-packages/airflow/example_dags/example_params_trigger_ui.py
[2024-04-22T16:34:11.963+0000] {processor.py:830} INFO - Processing file /home/airflow/.local/lib/python3.8/site-packages/airflow/example_dags/example_params_trigger_ui.py for tasks to queue
[2024-04-22T16:34:11.964+0000] {logging_mixin.py:188} INFO - [2024-04-22T16:34:11.963+0000] {dagbag.py:540} INFO - Filling up the DagBag from /home/airflow/.local/lib/python3.8/site-packages/airflow/example_dags/example_params_trigger_ui.py
[2024-04-22T16:34:11.981+0000] {processor.py:840} INFO - DAG(s) 'example_params_trigger_ui' retrieved from /home/airflow/.local/lib/python3.8/site-packages/airflow/example_dags/example_params_trigger_ui.py
[2024-04-22T16:34:12.052+0000] {logging_mixin.py:188} INFO - [2024-04-22T16:34:12.052+0000] {dag.py:3047} INFO - Sync 1 DAGs
[2024-04-22T16:34:12.065+0000] {logging_mixin.py:188} INFO - [2024-04-22T16:34:12.065+0000] {dag.py:3834} INFO - Setting next_dagrun for example_params_trigger_ui to None, run_after=None
[2024-04-22T16:34:12.089+0000] {processor.py:183} INFO - Processing /home/airflow/.local/lib/python3.8/site-packages/airflow/example_dags/example_params_trigger_ui.py took 0.132 seconds
[2024-04-22T16:34:42.301+0000] {processor.py:161} INFO - Started process (PID=6667) to work on /home/airflow/.local/lib/python3.8/site-packages/airflow/example_dags/example_params_trigger_ui.py
[2024-04-22T16:34:42.302+0000] {processor.py:830} INFO - Processing file /home/airflow/.local/lib/python3.8/site-packages/airflow/example_dags/example_params_trigger_ui.py for tasks to queue
[2024-04-22T16:34:42.303+0000] {logging_mixin.py:188} INFO - [2024-04-22T16:34:42.303+0000] {dagbag.py:540} INFO - Filling up the DagBag from /home/airflow/.local/lib/python3.8/site-packages/airflow/example_dags/example_params_trigger_ui.py
[2024-04-22T16:34:42.319+0000] {processor.py:840} INFO - DAG(s) 'example_params_trigger_ui' retrieved from /home/airflow/.local/lib/python3.8/site-packages/airflow/example_dags/example_params_trigger_ui.py
[2024-04-22T16:34:42.395+0000] {logging_mixin.py:188} INFO - [2024-04-22T16:34:42.395+0000] {dag.py:3047} INFO - Sync 1 DAGs
[2024-04-22T16:34:42.410+0000] {logging_mixin.py:188} INFO - [2024-04-22T16:34:42.410+0000] {dag.py:3834} INFO - Setting next_dagrun for example_params_trigger_ui to None, run_after=None
[2024-04-22T16:34:42.434+0000] {processor.py:183} INFO - Processing /home/airflow/.local/lib/python3.8/site-packages/airflow/example_dags/example_params_trigger_ui.py took 0.136 seconds
[2024-04-22T16:35:12.995+0000] {processor.py:161} INFO - Started process (PID=6924) to work on /home/airflow/.local/lib/python3.8/site-packages/airflow/example_dags/example_params_trigger_ui.py
[2024-04-22T16:35:12.996+0000] {processor.py:830} INFO - Processing file /home/airflow/.local/lib/python3.8/site-packages/airflow/example_dags/example_params_trigger_ui.py for tasks to queue
[2024-04-22T16:35:12.997+0000] {logging_mixin.py:188} INFO - [2024-04-22T16:35:12.997+0000] {dagbag.py:540} INFO - Filling up the DagBag from /home/airflow/.local/lib/python3.8/site-packages/airflow/example_dags/example_params_trigger_ui.py
[2024-04-22T16:35:13.022+0000] {processor.py:840} INFO - DAG(s) 'example_params_trigger_ui' retrieved from /home/airflow/.local/lib/python3.8/site-packages/airflow/example_dags/example_params_trigger_ui.py
[2024-04-22T16:35:13.102+0000] {logging_mixin.py:188} INFO - [2024-04-22T16:35:13.102+0000] {dag.py:3047} INFO - Sync 1 DAGs
[2024-04-22T16:35:13.115+0000] {logging_mixin.py:188} INFO - [2024-04-22T16:35:13.115+0000] {dag.py:3834} INFO - Setting next_dagrun for example_params_trigger_ui to None, run_after=None
[2024-04-22T16:35:13.145+0000] {processor.py:183} INFO - Processing /home/airflow/.local/lib/python3.8/site-packages/airflow/example_dags/example_params_trigger_ui.py took 0.153 seconds
[2024-04-22T16:35:43.249+0000] {processor.py:161} INFO - Started process (PID=7182) to work on /home/airflow/.local/lib/python3.8/site-packages/airflow/example_dags/example_params_trigger_ui.py
[2024-04-22T16:35:43.250+0000] {processor.py:830} INFO - Processing file /home/airflow/.local/lib/python3.8/site-packages/airflow/example_dags/example_params_trigger_ui.py for tasks to queue
[2024-04-22T16:35:43.251+0000] {logging_mixin.py:188} INFO - [2024-04-22T16:35:43.251+0000] {dagbag.py:540} INFO - Filling up the DagBag from /home/airflow/.local/lib/python3.8/site-packages/airflow/example_dags/example_params_trigger_ui.py
[2024-04-22T16:35:43.267+0000] {processor.py:840} INFO - DAG(s) 'example_params_trigger_ui' retrieved from /home/airflow/.local/lib/python3.8/site-packages/airflow/example_dags/example_params_trigger_ui.py
[2024-04-22T16:35:43.372+0000] {logging_mixin.py:188} INFO - [2024-04-22T16:35:43.371+0000] {dag.py:3047} INFO - Sync 1 DAGs
[2024-04-22T16:35:43.387+0000] {logging_mixin.py:188} INFO - [2024-04-22T16:35:43.386+0000] {dag.py:3834} INFO - Setting next_dagrun for example_params_trigger_ui to None, run_after=None
[2024-04-22T16:35:43.412+0000] {processor.py:183} INFO - Processing /home/airflow/.local/lib/python3.8/site-packages/airflow/example_dags/example_params_trigger_ui.py took 0.166 seconds
[2024-04-22T16:36:13.540+0000] {processor.py:161} INFO - Started process (PID=7441) to work on /home/airflow/.local/lib/python3.8/site-packages/airflow/example_dags/example_params_trigger_ui.py
[2024-04-22T16:36:13.540+0000] {processor.py:830} INFO - Processing file /home/airflow/.local/lib/python3.8/site-packages/airflow/example_dags/example_params_trigger_ui.py for tasks to queue
[2024-04-22T16:36:13.541+0000] {logging_mixin.py:188} INFO - [2024-04-22T16:36:13.541+0000] {dagbag.py:540} INFO - Filling up the DagBag from /home/airflow/.local/lib/python3.8/site-packages/airflow/example_dags/example_params_trigger_ui.py
[2024-04-22T16:36:13.562+0000] {processor.py:840} INFO - DAG(s) 'example_params_trigger_ui' retrieved from /home/airflow/.local/lib/python3.8/site-packages/airflow/example_dags/example_params_trigger_ui.py
[2024-04-22T16:36:13.649+0000] {logging_mixin.py:188} INFO - [2024-04-22T16:36:13.649+0000] {dag.py:3047} INFO - Sync 1 DAGs
[2024-04-22T16:36:13.664+0000] {logging_mixin.py:188} INFO - [2024-04-22T16:36:13.664+0000] {dag.py:3834} INFO - Setting next_dagrun for example_params_trigger_ui to None, run_after=None
[2024-04-22T16:36:13.692+0000] {processor.py:183} INFO - Processing /home/airflow/.local/lib/python3.8/site-packages/airflow/example_dags/example_params_trigger_ui.py took 0.156 seconds
[2024-04-22T16:36:43.904+0000] {processor.py:161} INFO - Started process (PID=7699) to work on /home/airflow/.local/lib/python3.8/site-packages/airflow/example_dags/example_params_trigger_ui.py
[2024-04-22T16:36:43.906+0000] {processor.py:830} INFO - Processing file /home/airflow/.local/lib/python3.8/site-packages/airflow/example_dags/example_params_trigger_ui.py for tasks to queue
[2024-04-22T16:36:43.906+0000] {logging_mixin.py:188} INFO - [2024-04-22T16:36:43.906+0000] {dagbag.py:540} INFO - Filling up the DagBag from /home/airflow/.local/lib/python3.8/site-packages/airflow/example_dags/example_params_trigger_ui.py
[2024-04-22T16:36:43.921+0000] {processor.py:840} INFO - DAG(s) 'example_params_trigger_ui' retrieved from /home/airflow/.local/lib/python3.8/site-packages/airflow/example_dags/example_params_trigger_ui.py
[2024-04-22T16:36:43.994+0000] {logging_mixin.py:188} INFO - [2024-04-22T16:36:43.993+0000] {dag.py:3047} INFO - Sync 1 DAGs
[2024-04-22T16:36:44.008+0000] {logging_mixin.py:188} INFO - [2024-04-22T16:36:44.008+0000] {dag.py:3834} INFO - Setting next_dagrun for example_params_trigger_ui to None, run_after=None
[2024-04-22T16:36:44.032+0000] {processor.py:183} INFO - Processing /home/airflow/.local/lib/python3.8/site-packages/airflow/example_dags/example_params_trigger_ui.py took 0.131 seconds
[2024-04-22T16:37:14.343+0000] {processor.py:161} INFO - Started process (PID=7957) to work on /home/airflow/.local/lib/python3.8/site-packages/airflow/example_dags/example_params_trigger_ui.py
[2024-04-22T16:37:14.343+0000] {processor.py:830} INFO - Processing file /home/airflow/.local/lib/python3.8/site-packages/airflow/example_dags/example_params_trigger_ui.py for tasks to queue
[2024-04-22T16:37:14.344+0000] {logging_mixin.py:188} INFO - [2024-04-22T16:37:14.344+0000] {dagbag.py:540} INFO - Filling up the DagBag from /home/airflow/.local/lib/python3.8/site-packages/airflow/example_dags/example_params_trigger_ui.py
[2024-04-22T16:37:14.360+0000] {processor.py:840} INFO - DAG(s) 'example_params_trigger_ui' retrieved from /home/airflow/.local/lib/python3.8/site-packages/airflow/example_dags/example_params_trigger_ui.py
[2024-04-22T16:37:14.436+0000] {logging_mixin.py:188} INFO - [2024-04-22T16:37:14.436+0000] {dag.py:3047} INFO - Sync 1 DAGs
[2024-04-22T16:37:14.450+0000] {logging_mixin.py:188} INFO - [2024-04-22T16:37:14.449+0000] {dag.py:3834} INFO - Setting next_dagrun for example_params_trigger_ui to None, run_after=None
[2024-04-22T16:37:14.475+0000] {processor.py:183} INFO - Processing /home/airflow/.local/lib/python3.8/site-packages/airflow/example_dags/example_params_trigger_ui.py took 0.135 seconds
[2024-04-22T16:37:44.664+0000] {processor.py:161} INFO - Started process (PID=8214) to work on /home/airflow/.local/lib/python3.8/site-packages/airflow/example_dags/example_params_trigger_ui.py
[2024-04-22T16:37:44.664+0000] {processor.py:830} INFO - Processing file /home/airflow/.local/lib/python3.8/site-packages/airflow/example_dags/example_params_trigger_ui.py for tasks to queue
[2024-04-22T16:37:44.665+0000] {logging_mixin.py:188} INFO - [2024-04-22T16:37:44.665+0000] {dagbag.py:540} INFO - Filling up the DagBag from /home/airflow/.local/lib/python3.8/site-packages/airflow/example_dags/example_params_trigger_ui.py
[2024-04-22T16:37:44.681+0000] {processor.py:840} INFO - DAG(s) 'example_params_trigger_ui' retrieved from /home/airflow/.local/lib/python3.8/site-packages/airflow/example_dags/example_params_trigger_ui.py
[2024-04-22T16:37:44.756+0000] {logging_mixin.py:188} INFO - [2024-04-22T16:37:44.756+0000] {dag.py:3047} INFO - Sync 1 DAGs
[2024-04-22T16:37:44.770+0000] {logging_mixin.py:188} INFO - [2024-04-22T16:37:44.770+0000] {dag.py:3834} INFO - Setting next_dagrun for example_params_trigger_ui to None, run_after=None
[2024-04-22T16:37:44.794+0000] {processor.py:183} INFO - Processing /home/airflow/.local/lib/python3.8/site-packages/airflow/example_dags/example_params_trigger_ui.py took 0.134 seconds
[2024-04-22T16:38:15.530+0000] {processor.py:161} INFO - Started process (PID=8471) to work on /home/airflow/.local/lib/python3.8/site-packages/airflow/example_dags/example_params_trigger_ui.py
[2024-04-22T16:38:15.531+0000] {processor.py:830} INFO - Processing file /home/airflow/.local/lib/python3.8/site-packages/airflow/example_dags/example_params_trigger_ui.py for tasks to queue
[2024-04-22T16:38:15.532+0000] {logging_mixin.py:188} INFO - [2024-04-22T16:38:15.532+0000] {dagbag.py:540} INFO - Filling up the DagBag from /home/airflow/.local/lib/python3.8/site-packages/airflow/example_dags/example_params_trigger_ui.py
[2024-04-22T16:38:15.549+0000] {processor.py:840} INFO - DAG(s) 'example_params_trigger_ui' retrieved from /home/airflow/.local/lib/python3.8/site-packages/airflow/example_dags/example_params_trigger_ui.py
[2024-04-22T16:38:15.624+0000] {logging_mixin.py:188} INFO - [2024-04-22T16:38:15.623+0000] {dag.py:3047} INFO - Sync 1 DAGs
[2024-04-22T16:38:15.638+0000] {logging_mixin.py:188} INFO - [2024-04-22T16:38:15.638+0000] {dag.py:3834} INFO - Setting next_dagrun for example_params_trigger_ui to None, run_after=None
[2024-04-22T16:38:15.664+0000] {processor.py:183} INFO - Processing /home/airflow/.local/lib/python3.8/site-packages/airflow/example_dags/example_params_trigger_ui.py took 0.137 seconds
[2024-04-22T16:38:46.422+0000] {processor.py:161} INFO - Started process (PID=8729) to work on /home/airflow/.local/lib/python3.8/site-packages/airflow/example_dags/example_params_trigger_ui.py
[2024-04-22T16:38:46.423+0000] {processor.py:830} INFO - Processing file /home/airflow/.local/lib/python3.8/site-packages/airflow/example_dags/example_params_trigger_ui.py for tasks to queue
[2024-04-22T16:38:46.424+0000] {logging_mixin.py:188} INFO - [2024-04-22T16:38:46.424+0000] {dagbag.py:540} INFO - Filling up the DagBag from /home/airflow/.local/lib/python3.8/site-packages/airflow/example_dags/example_params_trigger_ui.py
[2024-04-22T16:38:46.440+0000] {processor.py:840} INFO - DAG(s) 'example_params_trigger_ui' retrieved from /home/airflow/.local/lib/python3.8/site-packages/airflow/example_dags/example_params_trigger_ui.py
[2024-04-22T16:38:46.511+0000] {logging_mixin.py:188} INFO - [2024-04-22T16:38:46.511+0000] {dag.py:3047} INFO - Sync 1 DAGs
[2024-04-22T16:38:46.524+0000] {logging_mixin.py:188} INFO - [2024-04-22T16:38:46.524+0000] {dag.py:3834} INFO - Setting next_dagrun for example_params_trigger_ui to None, run_after=None
[2024-04-22T16:38:46.548+0000] {processor.py:183} INFO - Processing /home/airflow/.local/lib/python3.8/site-packages/airflow/example_dags/example_params_trigger_ui.py took 0.129 seconds
[2024-04-22T16:39:16.776+0000] {processor.py:161} INFO - Started process (PID=8986) to work on /home/airflow/.local/lib/python3.8/site-packages/airflow/example_dags/example_params_trigger_ui.py
[2024-04-22T16:39:16.778+0000] {processor.py:830} INFO - Processing file /home/airflow/.local/lib/python3.8/site-packages/airflow/example_dags/example_params_trigger_ui.py for tasks to queue
[2024-04-22T16:39:16.779+0000] {logging_mixin.py:188} INFO - [2024-04-22T16:39:16.778+0000] {dagbag.py:540} INFO - Filling up the DagBag from /home/airflow/.local/lib/python3.8/site-packages/airflow/example_dags/example_params_trigger_ui.py
[2024-04-22T16:39:16.794+0000] {processor.py:840} INFO - DAG(s) 'example_params_trigger_ui' retrieved from /home/airflow/.local/lib/python3.8/site-packages/airflow/example_dags/example_params_trigger_ui.py
[2024-04-22T16:39:16.867+0000] {logging_mixin.py:188} INFO - [2024-04-22T16:39:16.867+0000] {dag.py:3047} INFO - Sync 1 DAGs
[2024-04-22T16:39:16.885+0000] {logging_mixin.py:188} INFO - [2024-04-22T16:39:16.885+0000] {dag.py:3834} INFO - Setting next_dagrun for example_params_trigger_ui to None, run_after=None
[2024-04-22T16:39:16.914+0000] {processor.py:183} INFO - Processing /home/airflow/.local/lib/python3.8/site-packages/airflow/example_dags/example_params_trigger_ui.py took 0.143 seconds
[2024-04-22T16:39:47.055+0000] {processor.py:161} INFO - Started process (PID=9244) to work on /home/airflow/.local/lib/python3.8/site-packages/airflow/example_dags/example_params_trigger_ui.py
[2024-04-22T16:39:47.062+0000] {processor.py:830} INFO - Processing file /home/airflow/.local/lib/python3.8/site-packages/airflow/example_dags/example_params_trigger_ui.py for tasks to queue
[2024-04-22T16:39:47.063+0000] {logging_mixin.py:188} INFO - [2024-04-22T16:39:47.062+0000] {dagbag.py:540} INFO - Filling up the DagBag from /home/airflow/.local/lib/python3.8/site-packages/airflow/example_dags/example_params_trigger_ui.py
[2024-04-22T16:39:47.088+0000] {processor.py:840} INFO - DAG(s) 'example_params_trigger_ui' retrieved from /home/airflow/.local/lib/python3.8/site-packages/airflow/example_dags/example_params_trigger_ui.py
[2024-04-22T16:39:47.160+0000] {logging_mixin.py:188} INFO - [2024-04-22T16:39:47.159+0000] {dag.py:3047} INFO - Sync 1 DAGs
[2024-04-22T16:39:47.174+0000] {logging_mixin.py:188} INFO - [2024-04-22T16:39:47.173+0000] {dag.py:3834} INFO - Setting next_dagrun for example_params_trigger_ui to None, run_after=None
[2024-04-22T16:39:47.198+0000] {processor.py:183} INFO - Processing /home/airflow/.local/lib/python3.8/site-packages/airflow/example_dags/example_params_trigger_ui.py took 0.148 seconds
[2024-04-22T16:40:17.929+0000] {processor.py:161} INFO - Started process (PID=9499) to work on /home/airflow/.local/lib/python3.8/site-packages/airflow/example_dags/example_params_trigger_ui.py
[2024-04-22T16:40:17.930+0000] {processor.py:830} INFO - Processing file /home/airflow/.local/lib/python3.8/site-packages/airflow/example_dags/example_params_trigger_ui.py for tasks to queue
[2024-04-22T16:40:17.931+0000] {logging_mixin.py:188} INFO - [2024-04-22T16:40:17.931+0000] {dagbag.py:540} INFO - Filling up the DagBag from /home/airflow/.local/lib/python3.8/site-packages/airflow/example_dags/example_params_trigger_ui.py
[2024-04-22T16:40:17.947+0000] {processor.py:840} INFO - DAG(s) 'example_params_trigger_ui' retrieved from /home/airflow/.local/lib/python3.8/site-packages/airflow/example_dags/example_params_trigger_ui.py
[2024-04-22T16:40:18.035+0000] {logging_mixin.py:188} INFO - [2024-04-22T16:40:18.035+0000] {dag.py:3047} INFO - Sync 1 DAGs
[2024-04-22T16:40:18.050+0000] {logging_mixin.py:188} INFO - [2024-04-22T16:40:18.050+0000] {dag.py:3834} INFO - Setting next_dagrun for example_params_trigger_ui to None, run_after=None
[2024-04-22T16:40:18.075+0000] {processor.py:183} INFO - Processing /home/airflow/.local/lib/python3.8/site-packages/airflow/example_dags/example_params_trigger_ui.py took 0.150 seconds
[2024-04-22T16:40:48.377+0000] {processor.py:161} INFO - Started process (PID=9756) to work on /home/airflow/.local/lib/python3.8/site-packages/airflow/example_dags/example_params_trigger_ui.py
[2024-04-22T16:40:48.378+0000] {processor.py:830} INFO - Processing file /home/airflow/.local/lib/python3.8/site-packages/airflow/example_dags/example_params_trigger_ui.py for tasks to queue
[2024-04-22T16:40:48.379+0000] {logging_mixin.py:188} INFO - [2024-04-22T16:40:48.379+0000] {dagbag.py:540} INFO - Filling up the DagBag from /home/airflow/.local/lib/python3.8/site-packages/airflow/example_dags/example_params_trigger_ui.py
[2024-04-22T16:40:48.394+0000] {processor.py:840} INFO - DAG(s) 'example_params_trigger_ui' retrieved from /home/airflow/.local/lib/python3.8/site-packages/airflow/example_dags/example_params_trigger_ui.py
[2024-04-22T16:40:48.465+0000] {logging_mixin.py:188} INFO - [2024-04-22T16:40:48.465+0000] {dag.py:3047} INFO - Sync 1 DAGs
[2024-04-22T16:40:48.480+0000] {logging_mixin.py:188} INFO - [2024-04-22T16:40:48.479+0000] {dag.py:3834} INFO - Setting next_dagrun for example_params_trigger_ui to None, run_after=None
[2024-04-22T16:40:48.505+0000] {processor.py:183} INFO - Processing /home/airflow/.local/lib/python3.8/site-packages/airflow/example_dags/example_params_trigger_ui.py took 0.131 seconds
[2024-04-22T16:41:18.676+0000] {processor.py:161} INFO - Started process (PID=10011) to work on /home/airflow/.local/lib/python3.8/site-packages/airflow/example_dags/example_params_trigger_ui.py
[2024-04-22T16:41:18.677+0000] {processor.py:830} INFO - Processing file /home/airflow/.local/lib/python3.8/site-packages/airflow/example_dags/example_params_trigger_ui.py for tasks to queue
[2024-04-22T16:41:18.678+0000] {logging_mixin.py:188} INFO - [2024-04-22T16:41:18.677+0000] {dagbag.py:540} INFO - Filling up the DagBag from /home/airflow/.local/lib/python3.8/site-packages/airflow/example_dags/example_params_trigger_ui.py
[2024-04-22T16:41:18.688+0000] {processor.py:840} INFO - DAG(s) 'example_params_trigger_ui' retrieved from /home/airflow/.local/lib/python3.8/site-packages/airflow/example_dags/example_params_trigger_ui.py
[2024-04-22T16:41:18.733+0000] {logging_mixin.py:188} INFO - [2024-04-22T16:41:18.733+0000] {dag.py:3047} INFO - Sync 1 DAGs
[2024-04-22T16:41:18.746+0000] {logging_mixin.py:188} INFO - [2024-04-22T16:41:18.745+0000] {dag.py:3834} INFO - Setting next_dagrun for example_params_trigger_ui to None, run_after=None
[2024-04-22T16:41:18.772+0000] {processor.py:183} INFO - Processing /home/airflow/.local/lib/python3.8/site-packages/airflow/example_dags/example_params_trigger_ui.py took 0.098 seconds
[2024-04-22T16:41:48.875+0000] {processor.py:161} INFO - Started process (PID=10268) to work on /home/airflow/.local/lib/python3.8/site-packages/airflow/example_dags/example_params_trigger_ui.py
[2024-04-22T16:41:48.875+0000] {processor.py:830} INFO - Processing file /home/airflow/.local/lib/python3.8/site-packages/airflow/example_dags/example_params_trigger_ui.py for tasks to queue
[2024-04-22T16:41:48.876+0000] {logging_mixin.py:188} INFO - [2024-04-22T16:41:48.876+0000] {dagbag.py:540} INFO - Filling up the DagBag from /home/airflow/.local/lib/python3.8/site-packages/airflow/example_dags/example_params_trigger_ui.py
[2024-04-22T16:41:48.887+0000] {processor.py:840} INFO - DAG(s) 'example_params_trigger_ui' retrieved from /home/airflow/.local/lib/python3.8/site-packages/airflow/example_dags/example_params_trigger_ui.py
[2024-04-22T16:41:48.931+0000] {logging_mixin.py:188} INFO - [2024-04-22T16:41:48.931+0000] {dag.py:3047} INFO - Sync 1 DAGs
[2024-04-22T16:41:48.945+0000] {logging_mixin.py:188} INFO - [2024-04-22T16:41:48.945+0000] {dag.py:3834} INFO - Setting next_dagrun for example_params_trigger_ui to None, run_after=None
[2024-04-22T16:41:48.976+0000] {processor.py:183} INFO - Processing /home/airflow/.local/lib/python3.8/site-packages/airflow/example_dags/example_params_trigger_ui.py took 0.105 seconds
[2024-04-22T16:42:19.150+0000] {processor.py:161} INFO - Started process (PID=10525) to work on /home/airflow/.local/lib/python3.8/site-packages/airflow/example_dags/example_params_trigger_ui.py
[2024-04-22T16:42:19.150+0000] {processor.py:830} INFO - Processing file /home/airflow/.local/lib/python3.8/site-packages/airflow/example_dags/example_params_trigger_ui.py for tasks to queue
[2024-04-22T16:42:19.151+0000] {logging_mixin.py:188} INFO - [2024-04-22T16:42:19.151+0000] {dagbag.py:540} INFO - Filling up the DagBag from /home/airflow/.local/lib/python3.8/site-packages/airflow/example_dags/example_params_trigger_ui.py
[2024-04-22T16:42:19.166+0000] {processor.py:840} INFO - DAG(s) 'example_params_trigger_ui' retrieved from /home/airflow/.local/lib/python3.8/site-packages/airflow/example_dags/example_params_trigger_ui.py
[2024-04-22T16:42:19.240+0000] {logging_mixin.py:188} INFO - [2024-04-22T16:42:19.240+0000] {dag.py:3047} INFO - Sync 1 DAGs
[2024-04-22T16:42:19.254+0000] {logging_mixin.py:188} INFO - [2024-04-22T16:42:19.253+0000] {dag.py:3834} INFO - Setting next_dagrun for example_params_trigger_ui to None, run_after=None
[2024-04-22T16:42:19.274+0000] {processor.py:183} INFO - Processing /home/airflow/.local/lib/python3.8/site-packages/airflow/example_dags/example_params_trigger_ui.py took 0.128 seconds
[2024-04-22T16:42:49.628+0000] {processor.py:161} INFO - Started process (PID=10782) to work on /home/airflow/.local/lib/python3.8/site-packages/airflow/example_dags/example_params_trigger_ui.py
[2024-04-22T16:42:49.629+0000] {processor.py:830} INFO - Processing file /home/airflow/.local/lib/python3.8/site-packages/airflow/example_dags/example_params_trigger_ui.py for tasks to queue
[2024-04-22T16:42:49.629+0000] {logging_mixin.py:188} INFO - [2024-04-22T16:42:49.629+0000] {dagbag.py:540} INFO - Filling up the DagBag from /home/airflow/.local/lib/python3.8/site-packages/airflow/example_dags/example_params_trigger_ui.py
[2024-04-22T16:42:49.649+0000] {processor.py:840} INFO - DAG(s) 'example_params_trigger_ui' retrieved from /home/airflow/.local/lib/python3.8/site-packages/airflow/example_dags/example_params_trigger_ui.py
[2024-04-22T16:42:49.720+0000] {logging_mixin.py:188} INFO - [2024-04-22T16:42:49.720+0000] {dag.py:3047} INFO - Sync 1 DAGs
[2024-04-22T16:42:49.734+0000] {logging_mixin.py:188} INFO - [2024-04-22T16:42:49.733+0000] {dag.py:3834} INFO - Setting next_dagrun for example_params_trigger_ui to None, run_after=None
[2024-04-22T16:42:49.756+0000] {processor.py:183} INFO - Processing /home/airflow/.local/lib/python3.8/site-packages/airflow/example_dags/example_params_trigger_ui.py took 0.131 seconds
[2024-04-22T16:43:19.828+0000] {processor.py:161} INFO - Started process (PID=11040) to work on /home/airflow/.local/lib/python3.8/site-packages/airflow/example_dags/example_params_trigger_ui.py
[2024-04-22T16:43:19.829+0000] {processor.py:830} INFO - Processing file /home/airflow/.local/lib/python3.8/site-packages/airflow/example_dags/example_params_trigger_ui.py for tasks to queue
[2024-04-22T16:43:19.832+0000] {logging_mixin.py:188} INFO - [2024-04-22T16:43:19.830+0000] {dagbag.py:540} INFO - Filling up the DagBag from /home/airflow/.local/lib/python3.8/site-packages/airflow/example_dags/example_params_trigger_ui.py
[2024-04-22T16:43:19.855+0000] {processor.py:840} INFO - DAG(s) 'example_params_trigger_ui' retrieved from /home/airflow/.local/lib/python3.8/site-packages/airflow/example_dags/example_params_trigger_ui.py
[2024-04-22T16:43:19.963+0000] {logging_mixin.py:188} INFO - [2024-04-22T16:43:19.962+0000] {dag.py:3047} INFO - Sync 1 DAGs
[2024-04-22T16:43:19.983+0000] {logging_mixin.py:188} INFO - [2024-04-22T16:43:19.983+0000] {dag.py:3834} INFO - Setting next_dagrun for example_params_trigger_ui to None, run_after=None
[2024-04-22T16:43:20.022+0000] {processor.py:183} INFO - Processing /home/airflow/.local/lib/python3.8/site-packages/airflow/example_dags/example_params_trigger_ui.py took 0.198 seconds
[2024-04-22T16:43:50.245+0000] {processor.py:161} INFO - Started process (PID=11297) to work on /home/airflow/.local/lib/python3.8/site-packages/airflow/example_dags/example_params_trigger_ui.py
[2024-04-22T16:43:50.246+0000] {processor.py:830} INFO - Processing file /home/airflow/.local/lib/python3.8/site-packages/airflow/example_dags/example_params_trigger_ui.py for tasks to queue
[2024-04-22T16:43:50.247+0000] {logging_mixin.py:188} INFO - [2024-04-22T16:43:50.246+0000] {dagbag.py:540} INFO - Filling up the DagBag from /home/airflow/.local/lib/python3.8/site-packages/airflow/example_dags/example_params_trigger_ui.py
[2024-04-22T16:43:50.262+0000] {processor.py:840} INFO - DAG(s) 'example_params_trigger_ui' retrieved from /home/airflow/.local/lib/python3.8/site-packages/airflow/example_dags/example_params_trigger_ui.py
[2024-04-22T16:43:50.333+0000] {logging_mixin.py:188} INFO - [2024-04-22T16:43:50.332+0000] {dag.py:3047} INFO - Sync 1 DAGs
[2024-04-22T16:43:50.352+0000] {logging_mixin.py:188} INFO - [2024-04-22T16:43:50.352+0000] {dag.py:3834} INFO - Setting next_dagrun for example_params_trigger_ui to None, run_after=None
[2024-04-22T16:43:50.387+0000] {processor.py:183} INFO - Processing /home/airflow/.local/lib/python3.8/site-packages/airflow/example_dags/example_params_trigger_ui.py took 0.145 seconds
[2024-04-22T16:44:20.564+0000] {processor.py:161} INFO - Started process (PID=11555) to work on /home/airflow/.local/lib/python3.8/site-packages/airflow/example_dags/example_params_trigger_ui.py
[2024-04-22T16:44:20.565+0000] {processor.py:830} INFO - Processing file /home/airflow/.local/lib/python3.8/site-packages/airflow/example_dags/example_params_trigger_ui.py for tasks to queue
[2024-04-22T16:44:20.566+0000] {logging_mixin.py:188} INFO - [2024-04-22T16:44:20.565+0000] {dagbag.py:540} INFO - Filling up the DagBag from /home/airflow/.local/lib/python3.8/site-packages/airflow/example_dags/example_params_trigger_ui.py
[2024-04-22T16:44:20.581+0000] {processor.py:840} INFO - DAG(s) 'example_params_trigger_ui' retrieved from /home/airflow/.local/lib/python3.8/site-packages/airflow/example_dags/example_params_trigger_ui.py
[2024-04-22T16:44:20.692+0000] {logging_mixin.py:188} INFO - [2024-04-22T16:44:20.692+0000] {dag.py:3047} INFO - Sync 1 DAGs
[2024-04-22T16:44:20.724+0000] {logging_mixin.py:188} INFO - [2024-04-22T16:44:20.723+0000] {dag.py:3834} INFO - Setting next_dagrun for example_params_trigger_ui to None, run_after=None
[2024-04-22T16:44:20.767+0000] {processor.py:183} INFO - Processing /home/airflow/.local/lib/python3.8/site-packages/airflow/example_dags/example_params_trigger_ui.py took 0.206 seconds
[2024-04-22T16:44:50.808+0000] {processor.py:161} INFO - Started process (PID=11812) to work on /home/airflow/.local/lib/python3.8/site-packages/airflow/example_dags/example_params_trigger_ui.py
[2024-04-22T16:44:50.809+0000] {processor.py:830} INFO - Processing file /home/airflow/.local/lib/python3.8/site-packages/airflow/example_dags/example_params_trigger_ui.py for tasks to queue
[2024-04-22T16:44:50.810+0000] {logging_mixin.py:188} INFO - [2024-04-22T16:44:50.810+0000] {dagbag.py:540} INFO - Filling up the DagBag from /home/airflow/.local/lib/python3.8/site-packages/airflow/example_dags/example_params_trigger_ui.py
[2024-04-22T16:44:50.825+0000] {processor.py:840} INFO - DAG(s) 'example_params_trigger_ui' retrieved from /home/airflow/.local/lib/python3.8/site-packages/airflow/example_dags/example_params_trigger_ui.py
[2024-04-22T16:44:50.895+0000] {logging_mixin.py:188} INFO - [2024-04-22T16:44:50.895+0000] {dag.py:3047} INFO - Sync 1 DAGs
[2024-04-22T16:44:50.914+0000] {logging_mixin.py:188} INFO - [2024-04-22T16:44:50.914+0000] {dag.py:3834} INFO - Setting next_dagrun for example_params_trigger_ui to None, run_after=None
[2024-04-22T16:44:50.960+0000] {processor.py:183} INFO - Processing /home/airflow/.local/lib/python3.8/site-packages/airflow/example_dags/example_params_trigger_ui.py took 0.155 seconds
[2024-04-22T16:45:21.039+0000] {processor.py:161} INFO - Started process (PID=12070) to work on /home/airflow/.local/lib/python3.8/site-packages/airflow/example_dags/example_params_trigger_ui.py
[2024-04-22T16:45:21.040+0000] {processor.py:830} INFO - Processing file /home/airflow/.local/lib/python3.8/site-packages/airflow/example_dags/example_params_trigger_ui.py for tasks to queue
[2024-04-22T16:45:21.046+0000] {logging_mixin.py:188} INFO - [2024-04-22T16:45:21.041+0000] {dagbag.py:540} INFO - Filling up the DagBag from /home/airflow/.local/lib/python3.8/site-packages/airflow/example_dags/example_params_trigger_ui.py
[2024-04-22T16:45:21.066+0000] {processor.py:840} INFO - DAG(s) 'example_params_trigger_ui' retrieved from /home/airflow/.local/lib/python3.8/site-packages/airflow/example_dags/example_params_trigger_ui.py
[2024-04-22T16:45:21.215+0000] {logging_mixin.py:188} INFO - [2024-04-22T16:45:21.215+0000] {dag.py:3047} INFO - Sync 1 DAGs
[2024-04-22T16:45:21.226+0000] {logging_mixin.py:188} INFO - [2024-04-22T16:45:21.226+0000] {dag.py:3834} INFO - Setting next_dagrun for example_params_trigger_ui to None, run_after=None
[2024-04-22T16:45:21.250+0000] {processor.py:183} INFO - Processing /home/airflow/.local/lib/python3.8/site-packages/airflow/example_dags/example_params_trigger_ui.py took 0.219 seconds
[2024-04-22T16:45:51.569+0000] {processor.py:161} INFO - Started process (PID=12326) to work on /home/airflow/.local/lib/python3.8/site-packages/airflow/example_dags/example_params_trigger_ui.py
[2024-04-22T16:45:51.570+0000] {processor.py:830} INFO - Processing file /home/airflow/.local/lib/python3.8/site-packages/airflow/example_dags/example_params_trigger_ui.py for tasks to queue
[2024-04-22T16:45:51.571+0000] {logging_mixin.py:188} INFO - [2024-04-22T16:45:51.570+0000] {dagbag.py:540} INFO - Filling up the DagBag from /home/airflow/.local/lib/python3.8/site-packages/airflow/example_dags/example_params_trigger_ui.py
[2024-04-22T16:45:51.586+0000] {processor.py:840} INFO - DAG(s) 'example_params_trigger_ui' retrieved from /home/airflow/.local/lib/python3.8/site-packages/airflow/example_dags/example_params_trigger_ui.py
[2024-04-22T16:45:51.661+0000] {logging_mixin.py:188} INFO - [2024-04-22T16:45:51.661+0000] {dag.py:3047} INFO - Sync 1 DAGs
[2024-04-22T16:45:51.674+0000] {logging_mixin.py:188} INFO - [2024-04-22T16:45:51.673+0000] {dag.py:3834} INFO - Setting next_dagrun for example_params_trigger_ui to None, run_after=None
[2024-04-22T16:45:51.697+0000] {processor.py:183} INFO - Processing /home/airflow/.local/lib/python3.8/site-packages/airflow/example_dags/example_params_trigger_ui.py took 0.131 seconds
[2024-04-22T16:46:21.980+0000] {processor.py:161} INFO - Started process (PID=12583) to work on /home/airflow/.local/lib/python3.8/site-packages/airflow/example_dags/example_params_trigger_ui.py
[2024-04-22T16:46:21.980+0000] {processor.py:830} INFO - Processing file /home/airflow/.local/lib/python3.8/site-packages/airflow/example_dags/example_params_trigger_ui.py for tasks to queue
[2024-04-22T16:46:21.981+0000] {logging_mixin.py:188} INFO - [2024-04-22T16:46:21.981+0000] {dagbag.py:540} INFO - Filling up the DagBag from /home/airflow/.local/lib/python3.8/site-packages/airflow/example_dags/example_params_trigger_ui.py
[2024-04-22T16:46:21.998+0000] {processor.py:840} INFO - DAG(s) 'example_params_trigger_ui' retrieved from /home/airflow/.local/lib/python3.8/site-packages/airflow/example_dags/example_params_trigger_ui.py
[2024-04-22T16:46:22.071+0000] {logging_mixin.py:188} INFO - [2024-04-22T16:46:22.071+0000] {dag.py:3047} INFO - Sync 1 DAGs
[2024-04-22T16:46:22.085+0000] {logging_mixin.py:188} INFO - [2024-04-22T16:46:22.085+0000] {dag.py:3834} INFO - Setting next_dagrun for example_params_trigger_ui to None, run_after=None
[2024-04-22T16:46:22.108+0000] {processor.py:183} INFO - Processing /home/airflow/.local/lib/python3.8/site-packages/airflow/example_dags/example_params_trigger_ui.py took 0.131 seconds
[2024-04-22T16:46:52.346+0000] {processor.py:161} INFO - Started process (PID=12841) to work on /home/airflow/.local/lib/python3.8/site-packages/airflow/example_dags/example_params_trigger_ui.py
[2024-04-22T16:46:52.347+0000] {processor.py:830} INFO - Processing file /home/airflow/.local/lib/python3.8/site-packages/airflow/example_dags/example_params_trigger_ui.py for tasks to queue
[2024-04-22T16:46:52.348+0000] {logging_mixin.py:188} INFO - [2024-04-22T16:46:52.348+0000] {dagbag.py:540} INFO - Filling up the DagBag from /home/airflow/.local/lib/python3.8/site-packages/airflow/example_dags/example_params_trigger_ui.py
[2024-04-22T16:46:52.363+0000] {processor.py:840} INFO - DAG(s) 'example_params_trigger_ui' retrieved from /home/airflow/.local/lib/python3.8/site-packages/airflow/example_dags/example_params_trigger_ui.py
[2024-04-22T16:46:52.448+0000] {logging_mixin.py:188} INFO - [2024-04-22T16:46:52.447+0000] {dag.py:3047} INFO - Sync 1 DAGs
[2024-04-22T16:46:52.459+0000] {logging_mixin.py:188} INFO - [2024-04-22T16:46:52.459+0000] {dag.py:3834} INFO - Setting next_dagrun for example_params_trigger_ui to None, run_after=None
[2024-04-22T16:46:52.483+0000] {processor.py:183} INFO - Processing /home/airflow/.local/lib/python3.8/site-packages/airflow/example_dags/example_params_trigger_ui.py took 0.140 seconds
[2024-04-22T16:47:22.651+0000] {processor.py:161} INFO - Started process (PID=13098) to work on /home/airflow/.local/lib/python3.8/site-packages/airflow/example_dags/example_params_trigger_ui.py
[2024-04-22T16:47:22.652+0000] {processor.py:830} INFO - Processing file /home/airflow/.local/lib/python3.8/site-packages/airflow/example_dags/example_params_trigger_ui.py for tasks to queue
[2024-04-22T16:47:22.653+0000] {logging_mixin.py:188} INFO - [2024-04-22T16:47:22.653+0000] {dagbag.py:540} INFO - Filling up the DagBag from /home/airflow/.local/lib/python3.8/site-packages/airflow/example_dags/example_params_trigger_ui.py
[2024-04-22T16:47:22.669+0000] {processor.py:840} INFO - DAG(s) 'example_params_trigger_ui' retrieved from /home/airflow/.local/lib/python3.8/site-packages/airflow/example_dags/example_params_trigger_ui.py
[2024-04-22T16:47:22.755+0000] {logging_mixin.py:188} INFO - [2024-04-22T16:47:22.755+0000] {dag.py:3047} INFO - Sync 1 DAGs
[2024-04-22T16:47:22.769+0000] {logging_mixin.py:188} INFO - [2024-04-22T16:47:22.769+0000] {dag.py:3834} INFO - Setting next_dagrun for example_params_trigger_ui to None, run_after=None
[2024-04-22T16:47:22.790+0000] {processor.py:183} INFO - Processing /home/airflow/.local/lib/python3.8/site-packages/airflow/example_dags/example_params_trigger_ui.py took 0.142 seconds
[2024-04-22T16:47:53.242+0000] {processor.py:161} INFO - Started process (PID=13356) to work on /home/airflow/.local/lib/python3.8/site-packages/airflow/example_dags/example_params_trigger_ui.py
[2024-04-22T16:47:53.244+0000] {processor.py:830} INFO - Processing file /home/airflow/.local/lib/python3.8/site-packages/airflow/example_dags/example_params_trigger_ui.py for tasks to queue
[2024-04-22T16:47:53.245+0000] {logging_mixin.py:188} INFO - [2024-04-22T16:47:53.245+0000] {dagbag.py:540} INFO - Filling up the DagBag from /home/airflow/.local/lib/python3.8/site-packages/airflow/example_dags/example_params_trigger_ui.py
[2024-04-22T16:47:53.262+0000] {processor.py:840} INFO - DAG(s) 'example_params_trigger_ui' retrieved from /home/airflow/.local/lib/python3.8/site-packages/airflow/example_dags/example_params_trigger_ui.py
[2024-04-22T16:47:53.355+0000] {logging_mixin.py:188} INFO - [2024-04-22T16:47:53.354+0000] {dag.py:3047} INFO - Sync 1 DAGs
[2024-04-22T16:47:53.377+0000] {logging_mixin.py:188} INFO - [2024-04-22T16:47:53.377+0000] {dag.py:3834} INFO - Setting next_dagrun for example_params_trigger_ui to None, run_after=None
[2024-04-22T16:47:53.410+0000] {processor.py:183} INFO - Processing /home/airflow/.local/lib/python3.8/site-packages/airflow/example_dags/example_params_trigger_ui.py took 0.171 seconds
[2024-04-22T16:48:23.631+0000] {processor.py:161} INFO - Started process (PID=13613) to work on /home/airflow/.local/lib/python3.8/site-packages/airflow/example_dags/example_params_trigger_ui.py
[2024-04-22T16:48:23.632+0000] {processor.py:830} INFO - Processing file /home/airflow/.local/lib/python3.8/site-packages/airflow/example_dags/example_params_trigger_ui.py for tasks to queue
[2024-04-22T16:48:23.633+0000] {logging_mixin.py:188} INFO - [2024-04-22T16:48:23.633+0000] {dagbag.py:540} INFO - Filling up the DagBag from /home/airflow/.local/lib/python3.8/site-packages/airflow/example_dags/example_params_trigger_ui.py
[2024-04-22T16:48:23.650+0000] {processor.py:840} INFO - DAG(s) 'example_params_trigger_ui' retrieved from /home/airflow/.local/lib/python3.8/site-packages/airflow/example_dags/example_params_trigger_ui.py
[2024-04-22T16:48:23.721+0000] {logging_mixin.py:188} INFO - [2024-04-22T16:48:23.721+0000] {dag.py:3047} INFO - Sync 1 DAGs
[2024-04-22T16:48:23.735+0000] {logging_mixin.py:188} INFO - [2024-04-22T16:48:23.734+0000] {dag.py:3834} INFO - Setting next_dagrun for example_params_trigger_ui to None, run_after=None
[2024-04-22T16:48:23.756+0000] {processor.py:183} INFO - Processing /home/airflow/.local/lib/python3.8/site-packages/airflow/example_dags/example_params_trigger_ui.py took 0.128 seconds
[2024-04-22T16:48:54.125+0000] {processor.py:161} INFO - Started process (PID=13871) to work on /home/airflow/.local/lib/python3.8/site-packages/airflow/example_dags/example_params_trigger_ui.py
[2024-04-22T16:48:54.126+0000] {processor.py:830} INFO - Processing file /home/airflow/.local/lib/python3.8/site-packages/airflow/example_dags/example_params_trigger_ui.py for tasks to queue
[2024-04-22T16:48:54.127+0000] {logging_mixin.py:188} INFO - [2024-04-22T16:48:54.127+0000] {dagbag.py:540} INFO - Filling up the DagBag from /home/airflow/.local/lib/python3.8/site-packages/airflow/example_dags/example_params_trigger_ui.py
[2024-04-22T16:48:54.143+0000] {processor.py:840} INFO - DAG(s) 'example_params_trigger_ui' retrieved from /home/airflow/.local/lib/python3.8/site-packages/airflow/example_dags/example_params_trigger_ui.py
[2024-04-22T16:48:54.223+0000] {logging_mixin.py:188} INFO - [2024-04-22T16:48:54.223+0000] {dag.py:3047} INFO - Sync 1 DAGs
[2024-04-22T16:48:54.236+0000] {logging_mixin.py:188} INFO - [2024-04-22T16:48:54.236+0000] {dag.py:3834} INFO - Setting next_dagrun for example_params_trigger_ui to None, run_after=None
[2024-04-22T16:48:54.256+0000] {processor.py:183} INFO - Processing /home/airflow/.local/lib/python3.8/site-packages/airflow/example_dags/example_params_trigger_ui.py took 0.133 seconds
[2024-04-22T16:49:24.534+0000] {processor.py:161} INFO - Started process (PID=14129) to work on /home/airflow/.local/lib/python3.8/site-packages/airflow/example_dags/example_params_trigger_ui.py
[2024-04-22T16:49:24.534+0000] {processor.py:830} INFO - Processing file /home/airflow/.local/lib/python3.8/site-packages/airflow/example_dags/example_params_trigger_ui.py for tasks to queue
[2024-04-22T16:49:24.535+0000] {logging_mixin.py:188} INFO - [2024-04-22T16:49:24.535+0000] {dagbag.py:540} INFO - Filling up the DagBag from /home/airflow/.local/lib/python3.8/site-packages/airflow/example_dags/example_params_trigger_ui.py
[2024-04-22T16:49:24.552+0000] {processor.py:840} INFO - DAG(s) 'example_params_trigger_ui' retrieved from /home/airflow/.local/lib/python3.8/site-packages/airflow/example_dags/example_params_trigger_ui.py
[2024-04-22T16:49:24.628+0000] {logging_mixin.py:188} INFO - [2024-04-22T16:49:24.628+0000] {dag.py:3047} INFO - Sync 1 DAGs
[2024-04-22T16:49:24.643+0000] {logging_mixin.py:188} INFO - [2024-04-22T16:49:24.643+0000] {dag.py:3834} INFO - Setting next_dagrun for example_params_trigger_ui to None, run_after=None
[2024-04-22T16:49:24.670+0000] {processor.py:183} INFO - Processing /home/airflow/.local/lib/python3.8/site-packages/airflow/example_dags/example_params_trigger_ui.py took 0.139 seconds
[2024-04-22T16:49:54.979+0000] {processor.py:161} INFO - Started process (PID=14387) to work on /home/airflow/.local/lib/python3.8/site-packages/airflow/example_dags/example_params_trigger_ui.py
[2024-04-22T16:49:54.980+0000] {processor.py:830} INFO - Processing file /home/airflow/.local/lib/python3.8/site-packages/airflow/example_dags/example_params_trigger_ui.py for tasks to queue
[2024-04-22T16:49:54.981+0000] {logging_mixin.py:188} INFO - [2024-04-22T16:49:54.981+0000] {dagbag.py:540} INFO - Filling up the DagBag from /home/airflow/.local/lib/python3.8/site-packages/airflow/example_dags/example_params_trigger_ui.py
[2024-04-22T16:49:54.997+0000] {processor.py:840} INFO - DAG(s) 'example_params_trigger_ui' retrieved from /home/airflow/.local/lib/python3.8/site-packages/airflow/example_dags/example_params_trigger_ui.py
[2024-04-22T16:49:55.153+0000] {logging_mixin.py:188} INFO - [2024-04-22T16:49:55.152+0000] {dag.py:3047} INFO - Sync 1 DAGs
[2024-04-22T16:49:55.182+0000] {logging_mixin.py:188} INFO - [2024-04-22T16:49:55.181+0000] {dag.py:3834} INFO - Setting next_dagrun for example_params_trigger_ui to None, run_after=None
[2024-04-22T16:49:55.233+0000] {processor.py:183} INFO - Processing /home/airflow/.local/lib/python3.8/site-packages/airflow/example_dags/example_params_trigger_ui.py took 0.257 seconds
[2024-04-22T16:50:25.577+0000] {processor.py:161} INFO - Started process (PID=14644) to work on /home/airflow/.local/lib/python3.8/site-packages/airflow/example_dags/example_params_trigger_ui.py
[2024-04-22T16:50:25.581+0000] {processor.py:830} INFO - Processing file /home/airflow/.local/lib/python3.8/site-packages/airflow/example_dags/example_params_trigger_ui.py for tasks to queue
[2024-04-22T16:50:25.582+0000] {logging_mixin.py:188} INFO - [2024-04-22T16:50:25.582+0000] {dagbag.py:540} INFO - Filling up the DagBag from /home/airflow/.local/lib/python3.8/site-packages/airflow/example_dags/example_params_trigger_ui.py
[2024-04-22T16:50:25.610+0000] {processor.py:840} INFO - DAG(s) 'example_params_trigger_ui' retrieved from /home/airflow/.local/lib/python3.8/site-packages/airflow/example_dags/example_params_trigger_ui.py
[2024-04-22T16:50:25.760+0000] {logging_mixin.py:188} INFO - [2024-04-22T16:50:25.757+0000] {dag.py:3047} INFO - Sync 1 DAGs
[2024-04-22T16:50:25.774+0000] {logging_mixin.py:188} INFO - [2024-04-22T16:50:25.774+0000] {dag.py:3834} INFO - Setting next_dagrun for example_params_trigger_ui to None, run_after=None
[2024-04-22T16:50:25.798+0000] {processor.py:183} INFO - Processing /home/airflow/.local/lib/python3.8/site-packages/airflow/example_dags/example_params_trigger_ui.py took 0.225 seconds
[2024-04-22T16:50:55.903+0000] {processor.py:161} INFO - Started process (PID=14901) to work on /home/airflow/.local/lib/python3.8/site-packages/airflow/example_dags/example_params_trigger_ui.py
[2024-04-22T16:50:55.904+0000] {processor.py:830} INFO - Processing file /home/airflow/.local/lib/python3.8/site-packages/airflow/example_dags/example_params_trigger_ui.py for tasks to queue
[2024-04-22T16:50:55.905+0000] {logging_mixin.py:188} INFO - [2024-04-22T16:50:55.905+0000] {dagbag.py:540} INFO - Filling up the DagBag from /home/airflow/.local/lib/python3.8/site-packages/airflow/example_dags/example_params_trigger_ui.py
[2024-04-22T16:50:55.935+0000] {processor.py:840} INFO - DAG(s) 'example_params_trigger_ui' retrieved from /home/airflow/.local/lib/python3.8/site-packages/airflow/example_dags/example_params_trigger_ui.py
[2024-04-22T16:50:56.031+0000] {logging_mixin.py:188} INFO - [2024-04-22T16:50:56.030+0000] {dag.py:3047} INFO - Sync 1 DAGs
[2024-04-22T16:50:56.051+0000] {logging_mixin.py:188} INFO - [2024-04-22T16:50:56.051+0000] {dag.py:3834} INFO - Setting next_dagrun for example_params_trigger_ui to None, run_after=None
[2024-04-22T16:50:56.080+0000] {processor.py:183} INFO - Processing /home/airflow/.local/lib/python3.8/site-packages/airflow/example_dags/example_params_trigger_ui.py took 0.180 seconds
[2024-04-22T16:51:26.325+0000] {processor.py:161} INFO - Started process (PID=15158) to work on /home/airflow/.local/lib/python3.8/site-packages/airflow/example_dags/example_params_trigger_ui.py
[2024-04-22T16:51:26.326+0000] {processor.py:830} INFO - Processing file /home/airflow/.local/lib/python3.8/site-packages/airflow/example_dags/example_params_trigger_ui.py for tasks to queue
[2024-04-22T16:51:26.327+0000] {logging_mixin.py:188} INFO - [2024-04-22T16:51:26.327+0000] {dagbag.py:540} INFO - Filling up the DagBag from /home/airflow/.local/lib/python3.8/site-packages/airflow/example_dags/example_params_trigger_ui.py
[2024-04-22T16:51:26.343+0000] {processor.py:840} INFO - DAG(s) 'example_params_trigger_ui' retrieved from /home/airflow/.local/lib/python3.8/site-packages/airflow/example_dags/example_params_trigger_ui.py
[2024-04-22T16:51:26.447+0000] {logging_mixin.py:188} INFO - [2024-04-22T16:51:26.447+0000] {dag.py:3047} INFO - Sync 1 DAGs
[2024-04-22T16:51:26.470+0000] {logging_mixin.py:188} INFO - [2024-04-22T16:51:26.470+0000] {dag.py:3834} INFO - Setting next_dagrun for example_params_trigger_ui to None, run_after=None
[2024-04-22T16:51:26.516+0000] {processor.py:183} INFO - Processing /home/airflow/.local/lib/python3.8/site-packages/airflow/example_dags/example_params_trigger_ui.py took 0.195 seconds
[2024-04-22T16:51:56.747+0000] {processor.py:161} INFO - Started process (PID=15415) to work on /home/airflow/.local/lib/python3.8/site-packages/airflow/example_dags/example_params_trigger_ui.py
[2024-04-22T16:51:56.748+0000] {processor.py:830} INFO - Processing file /home/airflow/.local/lib/python3.8/site-packages/airflow/example_dags/example_params_trigger_ui.py for tasks to queue
[2024-04-22T16:51:56.749+0000] {logging_mixin.py:188} INFO - [2024-04-22T16:51:56.749+0000] {dagbag.py:540} INFO - Filling up the DagBag from /home/airflow/.local/lib/python3.8/site-packages/airflow/example_dags/example_params_trigger_ui.py
[2024-04-22T16:51:56.765+0000] {processor.py:840} INFO - DAG(s) 'example_params_trigger_ui' retrieved from /home/airflow/.local/lib/python3.8/site-packages/airflow/example_dags/example_params_trigger_ui.py
[2024-04-22T16:51:56.854+0000] {logging_mixin.py:188} INFO - [2024-04-22T16:51:56.854+0000] {dag.py:3047} INFO - Sync 1 DAGs
[2024-04-22T16:51:56.867+0000] {logging_mixin.py:188} INFO - [2024-04-22T16:51:56.867+0000] {dag.py:3834} INFO - Setting next_dagrun for example_params_trigger_ui to None, run_after=None
[2024-04-22T16:51:56.927+0000] {processor.py:183} INFO - Processing /home/airflow/.local/lib/python3.8/site-packages/airflow/example_dags/example_params_trigger_ui.py took 0.183 seconds
[2024-04-22T16:52:27.136+0000] {processor.py:161} INFO - Started process (PID=15673) to work on /home/airflow/.local/lib/python3.8/site-packages/airflow/example_dags/example_params_trigger_ui.py
[2024-04-22T16:52:27.138+0000] {processor.py:830} INFO - Processing file /home/airflow/.local/lib/python3.8/site-packages/airflow/example_dags/example_params_trigger_ui.py for tasks to queue
[2024-04-22T16:52:27.139+0000] {logging_mixin.py:188} INFO - [2024-04-22T16:52:27.138+0000] {dagbag.py:540} INFO - Filling up the DagBag from /home/airflow/.local/lib/python3.8/site-packages/airflow/example_dags/example_params_trigger_ui.py
[2024-04-22T16:52:27.155+0000] {processor.py:840} INFO - DAG(s) 'example_params_trigger_ui' retrieved from /home/airflow/.local/lib/python3.8/site-packages/airflow/example_dags/example_params_trigger_ui.py
[2024-04-22T16:52:27.238+0000] {logging_mixin.py:188} INFO - [2024-04-22T16:52:27.238+0000] {dag.py:3047} INFO - Sync 1 DAGs
[2024-04-22T16:52:27.252+0000] {logging_mixin.py:188} INFO - [2024-04-22T16:52:27.252+0000] {dag.py:3834} INFO - Setting next_dagrun for example_params_trigger_ui to None, run_after=None
[2024-04-22T16:52:27.280+0000] {processor.py:183} INFO - Processing /home/airflow/.local/lib/python3.8/site-packages/airflow/example_dags/example_params_trigger_ui.py took 0.147 seconds
[2024-04-22T16:52:57.549+0000] {processor.py:161} INFO - Started process (PID=15930) to work on /home/airflow/.local/lib/python3.8/site-packages/airflow/example_dags/example_params_trigger_ui.py
[2024-04-22T16:52:57.550+0000] {processor.py:830} INFO - Processing file /home/airflow/.local/lib/python3.8/site-packages/airflow/example_dags/example_params_trigger_ui.py for tasks to queue
[2024-04-22T16:52:57.551+0000] {logging_mixin.py:188} INFO - [2024-04-22T16:52:57.550+0000] {dagbag.py:540} INFO - Filling up the DagBag from /home/airflow/.local/lib/python3.8/site-packages/airflow/example_dags/example_params_trigger_ui.py
[2024-04-22T16:52:57.576+0000] {processor.py:840} INFO - DAG(s) 'example_params_trigger_ui' retrieved from /home/airflow/.local/lib/python3.8/site-packages/airflow/example_dags/example_params_trigger_ui.py
[2024-04-22T16:52:57.705+0000] {logging_mixin.py:188} INFO - [2024-04-22T16:52:57.705+0000] {dag.py:3047} INFO - Sync 1 DAGs
[2024-04-22T16:52:57.715+0000] {logging_mixin.py:188} INFO - [2024-04-22T16:52:57.715+0000] {dag.py:3834} INFO - Setting next_dagrun for example_params_trigger_ui to None, run_after=None
[2024-04-22T16:52:57.733+0000] {processor.py:183} INFO - Processing /home/airflow/.local/lib/python3.8/site-packages/airflow/example_dags/example_params_trigger_ui.py took 0.189 seconds
[2024-04-22T16:53:27.956+0000] {processor.py:161} INFO - Started process (PID=16189) to work on /home/airflow/.local/lib/python3.8/site-packages/airflow/example_dags/example_params_trigger_ui.py
[2024-04-22T16:53:27.963+0000] {processor.py:830} INFO - Processing file /home/airflow/.local/lib/python3.8/site-packages/airflow/example_dags/example_params_trigger_ui.py for tasks to queue
[2024-04-22T16:53:27.964+0000] {logging_mixin.py:188} INFO - [2024-04-22T16:53:27.963+0000] {dagbag.py:540} INFO - Filling up the DagBag from /home/airflow/.local/lib/python3.8/site-packages/airflow/example_dags/example_params_trigger_ui.py
[2024-04-22T16:53:27.983+0000] {processor.py:840} INFO - DAG(s) 'example_params_trigger_ui' retrieved from /home/airflow/.local/lib/python3.8/site-packages/airflow/example_dags/example_params_trigger_ui.py
[2024-04-22T16:53:28.072+0000] {logging_mixin.py:188} INFO - [2024-04-22T16:53:28.072+0000] {dag.py:3047} INFO - Sync 1 DAGs
[2024-04-22T16:53:28.091+0000] {logging_mixin.py:188} INFO - [2024-04-22T16:53:28.091+0000] {dag.py:3834} INFO - Setting next_dagrun for example_params_trigger_ui to None, run_after=None
[2024-04-22T16:53:28.158+0000] {processor.py:183} INFO - Processing /home/airflow/.local/lib/python3.8/site-packages/airflow/example_dags/example_params_trigger_ui.py took 0.207 seconds
[2024-04-22T16:53:59.107+0000] {processor.py:161} INFO - Started process (PID=16446) to work on /home/airflow/.local/lib/python3.8/site-packages/airflow/example_dags/example_params_trigger_ui.py
[2024-04-22T16:53:59.108+0000] {processor.py:830} INFO - Processing file /home/airflow/.local/lib/python3.8/site-packages/airflow/example_dags/example_params_trigger_ui.py for tasks to queue
[2024-04-22T16:53:59.109+0000] {logging_mixin.py:188} INFO - [2024-04-22T16:53:59.109+0000] {dagbag.py:540} INFO - Filling up the DagBag from /home/airflow/.local/lib/python3.8/site-packages/airflow/example_dags/example_params_trigger_ui.py
[2024-04-22T16:53:59.125+0000] {processor.py:840} INFO - DAG(s) 'example_params_trigger_ui' retrieved from /home/airflow/.local/lib/python3.8/site-packages/airflow/example_dags/example_params_trigger_ui.py
[2024-04-22T16:53:59.198+0000] {logging_mixin.py:188} INFO - [2024-04-22T16:53:59.198+0000] {dag.py:3047} INFO - Sync 1 DAGs
[2024-04-22T16:53:59.212+0000] {logging_mixin.py:188} INFO - [2024-04-22T16:53:59.211+0000] {dag.py:3834} INFO - Setting next_dagrun for example_params_trigger_ui to None, run_after=None
[2024-04-22T16:53:59.236+0000] {processor.py:183} INFO - Processing /home/airflow/.local/lib/python3.8/site-packages/airflow/example_dags/example_params_trigger_ui.py took 0.132 seconds
[2024-04-22T16:54:29.349+0000] {processor.py:161} INFO - Started process (PID=16709) to work on /home/airflow/.local/lib/python3.8/site-packages/airflow/example_dags/example_params_trigger_ui.py
[2024-04-22T16:54:29.350+0000] {processor.py:830} INFO - Processing file /home/airflow/.local/lib/python3.8/site-packages/airflow/example_dags/example_params_trigger_ui.py for tasks to queue
[2024-04-22T16:54:29.350+0000] {logging_mixin.py:188} INFO - [2024-04-22T16:54:29.350+0000] {dagbag.py:540} INFO - Filling up the DagBag from /home/airflow/.local/lib/python3.8/site-packages/airflow/example_dags/example_params_trigger_ui.py
[2024-04-22T16:54:29.362+0000] {processor.py:840} INFO - DAG(s) 'example_params_trigger_ui' retrieved from /home/airflow/.local/lib/python3.8/site-packages/airflow/example_dags/example_params_trigger_ui.py
[2024-04-22T16:54:29.410+0000] {logging_mixin.py:188} INFO - [2024-04-22T16:54:29.409+0000] {dag.py:3047} INFO - Sync 1 DAGs
[2024-04-22T16:54:29.420+0000] {logging_mixin.py:188} INFO - [2024-04-22T16:54:29.419+0000] {dag.py:3834} INFO - Setting next_dagrun for example_params_trigger_ui to None, run_after=None
[2024-04-22T16:54:29.439+0000] {processor.py:183} INFO - Processing /home/airflow/.local/lib/python3.8/site-packages/airflow/example_dags/example_params_trigger_ui.py took 0.093 seconds
