[2024-04-22T16:21:55.791+0000] {processor.py:161} INFO - Started process (PID=175) to work on /home/airflow/.local/lib/python3.8/site-packages/airflow/example_dags/example_branch_python_dop_operator_3.py
[2024-04-22T16:21:55.792+0000] {processor.py:830} INFO - Processing file /home/airflow/.local/lib/python3.8/site-packages/airflow/example_dags/example_branch_python_dop_operator_3.py for tasks to queue
[2024-04-22T16:21:55.795+0000] {logging_mixin.py:188} INFO - [2024-04-22T16:21:55.794+0000] {dagbag.py:540} INFO - Filling up the DagBag from /home/airflow/.local/lib/python3.8/site-packages/airflow/example_dags/example_branch_python_dop_operator_3.py
[2024-04-22T16:21:55.882+0000] {processor.py:840} INFO - DAG(s) 'example_branch_dop_operator_v3' retrieved from /home/airflow/.local/lib/python3.8/site-packages/airflow/example_dags/example_branch_python_dop_operator_3.py
[2024-04-22T16:21:55.957+0000] {logging_mixin.py:188} INFO - [2024-04-22T16:21:55.956+0000] {dag.py:3047} INFO - Sync 1 DAGs
[2024-04-22T16:21:56.048+0000] {logging_mixin.py:188} INFO - [2024-04-22T16:21:56.047+0000] {dag.py:3834} INFO - Setting next_dagrun for example_branch_dop_operator_v3 to 2024-04-22 16:20:00+00:00, run_after=2024-04-22 16:21:00+00:00
[2024-04-22T16:21:56.151+0000] {processor.py:183} INFO - Processing /home/airflow/.local/lib/python3.8/site-packages/airflow/example_dags/example_branch_python_dop_operator_3.py took 0.367 seconds
[2024-04-22T16:22:26.983+0000] {processor.py:161} INFO - Started process (PID=431) to work on /home/airflow/.local/lib/python3.8/site-packages/airflow/example_dags/example_branch_python_dop_operator_3.py
[2024-04-22T16:22:26.992+0000] {processor.py:830} INFO - Processing file /home/airflow/.local/lib/python3.8/site-packages/airflow/example_dags/example_branch_python_dop_operator_3.py for tasks to queue
[2024-04-22T16:22:26.993+0000] {logging_mixin.py:188} INFO - [2024-04-22T16:22:26.993+0000] {dagbag.py:540} INFO - Filling up the DagBag from /home/airflow/.local/lib/python3.8/site-packages/airflow/example_dags/example_branch_python_dop_operator_3.py
[2024-04-22T16:22:27.005+0000] {processor.py:840} INFO - DAG(s) 'example_branch_dop_operator_v3' retrieved from /home/airflow/.local/lib/python3.8/site-packages/airflow/example_dags/example_branch_python_dop_operator_3.py
[2024-04-22T16:22:27.036+0000] {logging_mixin.py:188} INFO - [2024-04-22T16:22:27.035+0000] {dag.py:3047} INFO - Sync 1 DAGs
[2024-04-22T16:22:27.070+0000] {logging_mixin.py:188} INFO - [2024-04-22T16:22:27.069+0000] {dag.py:3834} INFO - Setting next_dagrun for example_branch_dop_operator_v3 to 2024-04-22 16:21:00+00:00, run_after=2024-04-22 16:22:00+00:00
[2024-04-22T16:22:27.095+0000] {processor.py:183} INFO - Processing /home/airflow/.local/lib/python3.8/site-packages/airflow/example_dags/example_branch_python_dop_operator_3.py took 0.124 seconds
[2024-04-22T16:22:57.171+0000] {processor.py:161} INFO - Started process (PID=689) to work on /home/airflow/.local/lib/python3.8/site-packages/airflow/example_dags/example_branch_python_dop_operator_3.py
[2024-04-22T16:22:57.172+0000] {processor.py:830} INFO - Processing file /home/airflow/.local/lib/python3.8/site-packages/airflow/example_dags/example_branch_python_dop_operator_3.py for tasks to queue
[2024-04-22T16:22:57.173+0000] {logging_mixin.py:188} INFO - [2024-04-22T16:22:57.172+0000] {dagbag.py:540} INFO - Filling up the DagBag from /home/airflow/.local/lib/python3.8/site-packages/airflow/example_dags/example_branch_python_dop_operator_3.py
[2024-04-22T16:22:57.181+0000] {processor.py:840} INFO - DAG(s) 'example_branch_dop_operator_v3' retrieved from /home/airflow/.local/lib/python3.8/site-packages/airflow/example_dags/example_branch_python_dop_operator_3.py
[2024-04-22T16:22:57.198+0000] {logging_mixin.py:188} INFO - [2024-04-22T16:22:57.198+0000] {dag.py:3047} INFO - Sync 1 DAGs
[2024-04-22T16:22:57.221+0000] {logging_mixin.py:188} INFO - [2024-04-22T16:22:57.220+0000] {dag.py:3834} INFO - Setting next_dagrun for example_branch_dop_operator_v3 to 2024-04-22 16:21:00+00:00, run_after=2024-04-22 16:22:00+00:00
[2024-04-22T16:22:57.240+0000] {processor.py:183} INFO - Processing /home/airflow/.local/lib/python3.8/site-packages/airflow/example_dags/example_branch_python_dop_operator_3.py took 0.074 seconds
[2024-04-22T16:23:27.383+0000] {processor.py:161} INFO - Started process (PID=944) to work on /home/airflow/.local/lib/python3.8/site-packages/airflow/example_dags/example_branch_python_dop_operator_3.py
[2024-04-22T16:23:27.384+0000] {processor.py:830} INFO - Processing file /home/airflow/.local/lib/python3.8/site-packages/airflow/example_dags/example_branch_python_dop_operator_3.py for tasks to queue
[2024-04-22T16:23:27.385+0000] {logging_mixin.py:188} INFO - [2024-04-22T16:23:27.384+0000] {dagbag.py:540} INFO - Filling up the DagBag from /home/airflow/.local/lib/python3.8/site-packages/airflow/example_dags/example_branch_python_dop_operator_3.py
[2024-04-22T16:23:27.399+0000] {processor.py:840} INFO - DAG(s) 'example_branch_dop_operator_v3' retrieved from /home/airflow/.local/lib/python3.8/site-packages/airflow/example_dags/example_branch_python_dop_operator_3.py
[2024-04-22T16:23:27.442+0000] {logging_mixin.py:188} INFO - [2024-04-22T16:23:27.441+0000] {dag.py:3047} INFO - Sync 1 DAGs
[2024-04-22T16:23:27.472+0000] {logging_mixin.py:188} INFO - [2024-04-22T16:23:27.471+0000] {dag.py:3834} INFO - Setting next_dagrun for example_branch_dop_operator_v3 to 2024-04-22 16:22:00+00:00, run_after=2024-04-22 16:23:00+00:00
[2024-04-22T16:23:27.497+0000] {processor.py:183} INFO - Processing /home/airflow/.local/lib/python3.8/site-packages/airflow/example_dags/example_branch_python_dop_operator_3.py took 0.117 seconds
[2024-04-22T16:23:58.209+0000] {processor.py:161} INFO - Started process (PID=1201) to work on /home/airflow/.local/lib/python3.8/site-packages/airflow/example_dags/example_branch_python_dop_operator_3.py
[2024-04-22T16:23:58.210+0000] {processor.py:830} INFO - Processing file /home/airflow/.local/lib/python3.8/site-packages/airflow/example_dags/example_branch_python_dop_operator_3.py for tasks to queue
[2024-04-22T16:23:58.211+0000] {logging_mixin.py:188} INFO - [2024-04-22T16:23:58.210+0000] {dagbag.py:540} INFO - Filling up the DagBag from /home/airflow/.local/lib/python3.8/site-packages/airflow/example_dags/example_branch_python_dop_operator_3.py
[2024-04-22T16:23:58.222+0000] {processor.py:840} INFO - DAG(s) 'example_branch_dop_operator_v3' retrieved from /home/airflow/.local/lib/python3.8/site-packages/airflow/example_dags/example_branch_python_dop_operator_3.py
[2024-04-22T16:23:58.244+0000] {logging_mixin.py:188} INFO - [2024-04-22T16:23:58.244+0000] {dag.py:3047} INFO - Sync 1 DAGs
[2024-04-22T16:23:58.275+0000] {logging_mixin.py:188} INFO - [2024-04-22T16:23:58.274+0000] {dag.py:3834} INFO - Setting next_dagrun for example_branch_dop_operator_v3 to 2024-04-22 16:22:00+00:00, run_after=2024-04-22 16:23:00+00:00
[2024-04-22T16:23:58.297+0000] {processor.py:183} INFO - Processing /home/airflow/.local/lib/python3.8/site-packages/airflow/example_dags/example_branch_python_dop_operator_3.py took 0.091 seconds
[2024-04-22T16:24:28.490+0000] {processor.py:161} INFO - Started process (PID=1459) to work on /home/airflow/.local/lib/python3.8/site-packages/airflow/example_dags/example_branch_python_dop_operator_3.py
[2024-04-22T16:24:28.491+0000] {processor.py:830} INFO - Processing file /home/airflow/.local/lib/python3.8/site-packages/airflow/example_dags/example_branch_python_dop_operator_3.py for tasks to queue
[2024-04-22T16:24:28.492+0000] {logging_mixin.py:188} INFO - [2024-04-22T16:24:28.491+0000] {dagbag.py:540} INFO - Filling up the DagBag from /home/airflow/.local/lib/python3.8/site-packages/airflow/example_dags/example_branch_python_dop_operator_3.py
[2024-04-22T16:24:28.502+0000] {processor.py:840} INFO - DAG(s) 'example_branch_dop_operator_v3' retrieved from /home/airflow/.local/lib/python3.8/site-packages/airflow/example_dags/example_branch_python_dop_operator_3.py
[2024-04-22T16:24:28.525+0000] {logging_mixin.py:188} INFO - [2024-04-22T16:24:28.525+0000] {dag.py:3047} INFO - Sync 1 DAGs
[2024-04-22T16:24:28.556+0000] {logging_mixin.py:188} INFO - [2024-04-22T16:24:28.556+0000] {dag.py:3834} INFO - Setting next_dagrun for example_branch_dop_operator_v3 to 2024-04-22 16:23:00+00:00, run_after=2024-04-22 16:24:00+00:00
[2024-04-22T16:24:28.581+0000] {processor.py:183} INFO - Processing /home/airflow/.local/lib/python3.8/site-packages/airflow/example_dags/example_branch_python_dop_operator_3.py took 0.095 seconds
[2024-04-22T16:24:59.057+0000] {processor.py:161} INFO - Started process (PID=1717) to work on /home/airflow/.local/lib/python3.8/site-packages/airflow/example_dags/example_branch_python_dop_operator_3.py
[2024-04-22T16:24:59.059+0000] {processor.py:830} INFO - Processing file /home/airflow/.local/lib/python3.8/site-packages/airflow/example_dags/example_branch_python_dop_operator_3.py for tasks to queue
[2024-04-22T16:24:59.060+0000] {logging_mixin.py:188} INFO - [2024-04-22T16:24:59.059+0000] {dagbag.py:540} INFO - Filling up the DagBag from /home/airflow/.local/lib/python3.8/site-packages/airflow/example_dags/example_branch_python_dop_operator_3.py
[2024-04-22T16:24:59.071+0000] {processor.py:840} INFO - DAG(s) 'example_branch_dop_operator_v3' retrieved from /home/airflow/.local/lib/python3.8/site-packages/airflow/example_dags/example_branch_python_dop_operator_3.py
[2024-04-22T16:24:59.093+0000] {logging_mixin.py:188} INFO - [2024-04-22T16:24:59.093+0000] {dag.py:3047} INFO - Sync 1 DAGs
[2024-04-22T16:24:59.125+0000] {logging_mixin.py:188} INFO - [2024-04-22T16:24:59.124+0000] {dag.py:3834} INFO - Setting next_dagrun for example_branch_dop_operator_v3 to 2024-04-22 16:23:00+00:00, run_after=2024-04-22 16:24:00+00:00
[2024-04-22T16:24:59.147+0000] {processor.py:183} INFO - Processing /home/airflow/.local/lib/python3.8/site-packages/airflow/example_dags/example_branch_python_dop_operator_3.py took 0.093 seconds
[2024-04-22T16:25:29.835+0000] {processor.py:161} INFO - Started process (PID=1974) to work on /home/airflow/.local/lib/python3.8/site-packages/airflow/example_dags/example_branch_python_dop_operator_3.py
[2024-04-22T16:25:29.836+0000] {processor.py:830} INFO - Processing file /home/airflow/.local/lib/python3.8/site-packages/airflow/example_dags/example_branch_python_dop_operator_3.py for tasks to queue
[2024-04-22T16:25:29.837+0000] {logging_mixin.py:188} INFO - [2024-04-22T16:25:29.837+0000] {dagbag.py:540} INFO - Filling up the DagBag from /home/airflow/.local/lib/python3.8/site-packages/airflow/example_dags/example_branch_python_dop_operator_3.py
[2024-04-22T16:25:29.847+0000] {processor.py:840} INFO - DAG(s) 'example_branch_dop_operator_v3' retrieved from /home/airflow/.local/lib/python3.8/site-packages/airflow/example_dags/example_branch_python_dop_operator_3.py
[2024-04-22T16:25:29.887+0000] {logging_mixin.py:188} INFO - [2024-04-22T16:25:29.886+0000] {dag.py:3047} INFO - Sync 1 DAGs
[2024-04-22T16:25:29.916+0000] {logging_mixin.py:188} INFO - [2024-04-22T16:25:29.916+0000] {dag.py:3834} INFO - Setting next_dagrun for example_branch_dop_operator_v3 to 2024-04-22 16:24:00+00:00, run_after=2024-04-22 16:25:00+00:00
[2024-04-22T16:25:29.941+0000] {processor.py:183} INFO - Processing /home/airflow/.local/lib/python3.8/site-packages/airflow/example_dags/example_branch_python_dop_operator_3.py took 0.109 seconds
[2024-04-22T16:25:59.998+0000] {processor.py:161} INFO - Started process (PID=2231) to work on /home/airflow/.local/lib/python3.8/site-packages/airflow/example_dags/example_branch_python_dop_operator_3.py
[2024-04-22T16:25:59.999+0000] {processor.py:830} INFO - Processing file /home/airflow/.local/lib/python3.8/site-packages/airflow/example_dags/example_branch_python_dop_operator_3.py for tasks to queue
[2024-04-22T16:26:00.000+0000] {logging_mixin.py:188} INFO - [2024-04-22T16:26:00.000+0000] {dagbag.py:540} INFO - Filling up the DagBag from /home/airflow/.local/lib/python3.8/site-packages/airflow/example_dags/example_branch_python_dop_operator_3.py
[2024-04-22T16:26:00.012+0000] {processor.py:840} INFO - DAG(s) 'example_branch_dop_operator_v3' retrieved from /home/airflow/.local/lib/python3.8/site-packages/airflow/example_dags/example_branch_python_dop_operator_3.py
[2024-04-22T16:26:00.036+0000] {logging_mixin.py:188} INFO - [2024-04-22T16:26:00.035+0000] {dag.py:3047} INFO - Sync 1 DAGs
[2024-04-22T16:26:00.064+0000] {logging_mixin.py:188} INFO - [2024-04-22T16:26:00.064+0000] {dag.py:3834} INFO - Setting next_dagrun for example_branch_dop_operator_v3 to 2024-04-22 16:25:00+00:00, run_after=2024-04-22 16:26:00+00:00
[2024-04-22T16:26:00.092+0000] {processor.py:183} INFO - Processing /home/airflow/.local/lib/python3.8/site-packages/airflow/example_dags/example_branch_python_dop_operator_3.py took 0.097 seconds
[2024-04-22T16:26:30.455+0000] {processor.py:161} INFO - Started process (PID=2488) to work on /home/airflow/.local/lib/python3.8/site-packages/airflow/example_dags/example_branch_python_dop_operator_3.py
[2024-04-22T16:26:30.455+0000] {processor.py:830} INFO - Processing file /home/airflow/.local/lib/python3.8/site-packages/airflow/example_dags/example_branch_python_dop_operator_3.py for tasks to queue
[2024-04-22T16:26:30.456+0000] {logging_mixin.py:188} INFO - [2024-04-22T16:26:30.456+0000] {dagbag.py:540} INFO - Filling up the DagBag from /home/airflow/.local/lib/python3.8/site-packages/airflow/example_dags/example_branch_python_dop_operator_3.py
[2024-04-22T16:26:30.469+0000] {processor.py:840} INFO - DAG(s) 'example_branch_dop_operator_v3' retrieved from /home/airflow/.local/lib/python3.8/site-packages/airflow/example_dags/example_branch_python_dop_operator_3.py
[2024-04-22T16:26:30.521+0000] {logging_mixin.py:188} INFO - [2024-04-22T16:26:30.521+0000] {dag.py:3047} INFO - Sync 1 DAGs
[2024-04-22T16:26:30.552+0000] {logging_mixin.py:188} INFO - [2024-04-22T16:26:30.552+0000] {dag.py:3834} INFO - Setting next_dagrun for example_branch_dop_operator_v3 to 2024-04-22 16:25:00+00:00, run_after=2024-04-22 16:26:00+00:00
[2024-04-22T16:26:30.577+0000] {processor.py:183} INFO - Processing /home/airflow/.local/lib/python3.8/site-packages/airflow/example_dags/example_branch_python_dop_operator_3.py took 0.126 seconds
[2024-04-22T16:27:01.070+0000] {processor.py:161} INFO - Started process (PID=2746) to work on /home/airflow/.local/lib/python3.8/site-packages/airflow/example_dags/example_branch_python_dop_operator_3.py
[2024-04-22T16:27:01.077+0000] {processor.py:830} INFO - Processing file /home/airflow/.local/lib/python3.8/site-packages/airflow/example_dags/example_branch_python_dop_operator_3.py for tasks to queue
[2024-04-22T16:27:01.078+0000] {logging_mixin.py:188} INFO - [2024-04-22T16:27:01.078+0000] {dagbag.py:540} INFO - Filling up the DagBag from /home/airflow/.local/lib/python3.8/site-packages/airflow/example_dags/example_branch_python_dop_operator_3.py
[2024-04-22T16:27:01.106+0000] {processor.py:840} INFO - DAG(s) 'example_branch_dop_operator_v3' retrieved from /home/airflow/.local/lib/python3.8/site-packages/airflow/example_dags/example_branch_python_dop_operator_3.py
[2024-04-22T16:27:01.148+0000] {logging_mixin.py:188} INFO - [2024-04-22T16:27:01.148+0000] {dag.py:3047} INFO - Sync 1 DAGs
[2024-04-22T16:27:01.178+0000] {logging_mixin.py:188} INFO - [2024-04-22T16:27:01.178+0000] {dag.py:3834} INFO - Setting next_dagrun for example_branch_dop_operator_v3 to 2024-04-22 16:26:00+00:00, run_after=2024-04-22 16:27:00+00:00
[2024-04-22T16:27:01.203+0000] {processor.py:183} INFO - Processing /home/airflow/.local/lib/python3.8/site-packages/airflow/example_dags/example_branch_python_dop_operator_3.py took 0.136 seconds
[2024-04-22T16:27:31.849+0000] {processor.py:161} INFO - Started process (PID=3003) to work on /home/airflow/.local/lib/python3.8/site-packages/airflow/example_dags/example_branch_python_dop_operator_3.py
[2024-04-22T16:27:31.850+0000] {processor.py:830} INFO - Processing file /home/airflow/.local/lib/python3.8/site-packages/airflow/example_dags/example_branch_python_dop_operator_3.py for tasks to queue
[2024-04-22T16:27:31.851+0000] {logging_mixin.py:188} INFO - [2024-04-22T16:27:31.851+0000] {dagbag.py:540} INFO - Filling up the DagBag from /home/airflow/.local/lib/python3.8/site-packages/airflow/example_dags/example_branch_python_dop_operator_3.py
[2024-04-22T16:27:31.862+0000] {processor.py:840} INFO - DAG(s) 'example_branch_dop_operator_v3' retrieved from /home/airflow/.local/lib/python3.8/site-packages/airflow/example_dags/example_branch_python_dop_operator_3.py
[2024-04-22T16:27:31.883+0000] {logging_mixin.py:188} INFO - [2024-04-22T16:27:31.883+0000] {dag.py:3047} INFO - Sync 1 DAGs
[2024-04-22T16:27:31.911+0000] {logging_mixin.py:188} INFO - [2024-04-22T16:27:31.911+0000] {dag.py:3834} INFO - Setting next_dagrun for example_branch_dop_operator_v3 to 2024-04-22 16:26:00+00:00, run_after=2024-04-22 16:27:00+00:00
[2024-04-22T16:27:31.934+0000] {processor.py:183} INFO - Processing /home/airflow/.local/lib/python3.8/site-packages/airflow/example_dags/example_branch_python_dop_operator_3.py took 0.087 seconds
[2024-04-22T16:28:02.096+0000] {processor.py:161} INFO - Started process (PID=3259) to work on /home/airflow/.local/lib/python3.8/site-packages/airflow/example_dags/example_branch_python_dop_operator_3.py
[2024-04-22T16:28:02.100+0000] {processor.py:830} INFO - Processing file /home/airflow/.local/lib/python3.8/site-packages/airflow/example_dags/example_branch_python_dop_operator_3.py for tasks to queue
[2024-04-22T16:28:02.101+0000] {logging_mixin.py:188} INFO - [2024-04-22T16:28:02.101+0000] {dagbag.py:540} INFO - Filling up the DagBag from /home/airflow/.local/lib/python3.8/site-packages/airflow/example_dags/example_branch_python_dop_operator_3.py
[2024-04-22T16:28:02.130+0000] {processor.py:840} INFO - DAG(s) 'example_branch_dop_operator_v3' retrieved from /home/airflow/.local/lib/python3.8/site-packages/airflow/example_dags/example_branch_python_dop_operator_3.py
[2024-04-22T16:28:02.197+0000] {logging_mixin.py:188} INFO - [2024-04-22T16:28:02.197+0000] {dag.py:3047} INFO - Sync 1 DAGs
[2024-04-22T16:28:02.273+0000] {logging_mixin.py:188} INFO - [2024-04-22T16:28:02.273+0000] {dag.py:3834} INFO - Setting next_dagrun for example_branch_dop_operator_v3 to 2024-04-22 16:27:00+00:00, run_after=2024-04-22 16:28:00+00:00
[2024-04-22T16:28:02.324+0000] {processor.py:183} INFO - Processing /home/airflow/.local/lib/python3.8/site-packages/airflow/example_dags/example_branch_python_dop_operator_3.py took 0.242 seconds
[2024-04-22T16:28:32.372+0000] {processor.py:161} INFO - Started process (PID=3516) to work on /home/airflow/.local/lib/python3.8/site-packages/airflow/example_dags/example_branch_python_dop_operator_3.py
[2024-04-22T16:28:32.373+0000] {processor.py:830} INFO - Processing file /home/airflow/.local/lib/python3.8/site-packages/airflow/example_dags/example_branch_python_dop_operator_3.py for tasks to queue
[2024-04-22T16:28:32.374+0000] {logging_mixin.py:188} INFO - [2024-04-22T16:28:32.373+0000] {dagbag.py:540} INFO - Filling up the DagBag from /home/airflow/.local/lib/python3.8/site-packages/airflow/example_dags/example_branch_python_dop_operator_3.py
[2024-04-22T16:28:32.381+0000] {processor.py:840} INFO - DAG(s) 'example_branch_dop_operator_v3' retrieved from /home/airflow/.local/lib/python3.8/site-packages/airflow/example_dags/example_branch_python_dop_operator_3.py
[2024-04-22T16:28:32.398+0000] {logging_mixin.py:188} INFO - [2024-04-22T16:28:32.397+0000] {dag.py:3047} INFO - Sync 1 DAGs
[2024-04-22T16:28:32.419+0000] {logging_mixin.py:188} INFO - [2024-04-22T16:28:32.419+0000] {dag.py:3834} INFO - Setting next_dagrun for example_branch_dop_operator_v3 to 2024-04-22 16:27:00+00:00, run_after=2024-04-22 16:28:00+00:00
[2024-04-22T16:28:32.439+0000] {processor.py:183} INFO - Processing /home/airflow/.local/lib/python3.8/site-packages/airflow/example_dags/example_branch_python_dop_operator_3.py took 0.070 seconds
[2024-04-22T16:29:02.836+0000] {processor.py:161} INFO - Started process (PID=3777) to work on /home/airflow/.local/lib/python3.8/site-packages/airflow/example_dags/example_branch_python_dop_operator_3.py
[2024-04-22T16:29:02.837+0000] {processor.py:830} INFO - Processing file /home/airflow/.local/lib/python3.8/site-packages/airflow/example_dags/example_branch_python_dop_operator_3.py for tasks to queue
[2024-04-22T16:29:02.838+0000] {logging_mixin.py:188} INFO - [2024-04-22T16:29:02.837+0000] {dagbag.py:540} INFO - Filling up the DagBag from /home/airflow/.local/lib/python3.8/site-packages/airflow/example_dags/example_branch_python_dop_operator_3.py
[2024-04-22T16:29:02.848+0000] {processor.py:840} INFO - DAG(s) 'example_branch_dop_operator_v3' retrieved from /home/airflow/.local/lib/python3.8/site-packages/airflow/example_dags/example_branch_python_dop_operator_3.py
[2024-04-22T16:29:02.917+0000] {logging_mixin.py:188} INFO - [2024-04-22T16:29:02.917+0000] {dag.py:3047} INFO - Sync 1 DAGs
[2024-04-22T16:29:02.988+0000] {logging_mixin.py:188} INFO - [2024-04-22T16:29:02.988+0000] {dag.py:3834} INFO - Setting next_dagrun for example_branch_dop_operator_v3 to 2024-04-22 16:28:00+00:00, run_after=2024-04-22 16:29:00+00:00
[2024-04-22T16:29:03.019+0000] {processor.py:183} INFO - Processing /home/airflow/.local/lib/python3.8/site-packages/airflow/example_dags/example_branch_python_dop_operator_3.py took 0.187 seconds
[2024-04-22T16:29:33.442+0000] {processor.py:161} INFO - Started process (PID=4034) to work on /home/airflow/.local/lib/python3.8/site-packages/airflow/example_dags/example_branch_python_dop_operator_3.py
[2024-04-22T16:29:33.443+0000] {processor.py:830} INFO - Processing file /home/airflow/.local/lib/python3.8/site-packages/airflow/example_dags/example_branch_python_dop_operator_3.py for tasks to queue
[2024-04-22T16:29:33.444+0000] {logging_mixin.py:188} INFO - [2024-04-22T16:29:33.444+0000] {dagbag.py:540} INFO - Filling up the DagBag from /home/airflow/.local/lib/python3.8/site-packages/airflow/example_dags/example_branch_python_dop_operator_3.py
[2024-04-22T16:29:33.455+0000] {processor.py:840} INFO - DAG(s) 'example_branch_dop_operator_v3' retrieved from /home/airflow/.local/lib/python3.8/site-packages/airflow/example_dags/example_branch_python_dop_operator_3.py
[2024-04-22T16:29:33.476+0000] {logging_mixin.py:188} INFO - [2024-04-22T16:29:33.476+0000] {dag.py:3047} INFO - Sync 1 DAGs
[2024-04-22T16:29:33.504+0000] {logging_mixin.py:188} INFO - [2024-04-22T16:29:33.504+0000] {dag.py:3834} INFO - Setting next_dagrun for example_branch_dop_operator_v3 to 2024-04-22 16:28:00+00:00, run_after=2024-04-22 16:29:00+00:00
[2024-04-22T16:29:33.527+0000] {processor.py:183} INFO - Processing /home/airflow/.local/lib/python3.8/site-packages/airflow/example_dags/example_branch_python_dop_operator_3.py took 0.087 seconds
[2024-04-22T16:30:03.789+0000] {processor.py:161} INFO - Started process (PID=4291) to work on /home/airflow/.local/lib/python3.8/site-packages/airflow/example_dags/example_branch_python_dop_operator_3.py
[2024-04-22T16:30:03.790+0000] {processor.py:830} INFO - Processing file /home/airflow/.local/lib/python3.8/site-packages/airflow/example_dags/example_branch_python_dop_operator_3.py for tasks to queue
[2024-04-22T16:30:03.791+0000] {logging_mixin.py:188} INFO - [2024-04-22T16:30:03.790+0000] {dagbag.py:540} INFO - Filling up the DagBag from /home/airflow/.local/lib/python3.8/site-packages/airflow/example_dags/example_branch_python_dop_operator_3.py
[2024-04-22T16:30:03.802+0000] {processor.py:840} INFO - DAG(s) 'example_branch_dop_operator_v3' retrieved from /home/airflow/.local/lib/python3.8/site-packages/airflow/example_dags/example_branch_python_dop_operator_3.py
[2024-04-22T16:30:03.825+0000] {logging_mixin.py:188} INFO - [2024-04-22T16:30:03.825+0000] {dag.py:3047} INFO - Sync 1 DAGs
[2024-04-22T16:30:03.854+0000] {logging_mixin.py:188} INFO - [2024-04-22T16:30:03.854+0000] {dag.py:3834} INFO - Setting next_dagrun for example_branch_dop_operator_v3 to 2024-04-22 16:29:00+00:00, run_after=2024-04-22 16:30:00+00:00
[2024-04-22T16:30:03.877+0000] {processor.py:183} INFO - Processing /home/airflow/.local/lib/python3.8/site-packages/airflow/example_dags/example_branch_python_dop_operator_3.py took 0.092 seconds
[2024-04-22T16:30:34.355+0000] {processor.py:161} INFO - Started process (PID=4548) to work on /home/airflow/.local/lib/python3.8/site-packages/airflow/example_dags/example_branch_python_dop_operator_3.py
[2024-04-22T16:30:34.356+0000] {processor.py:830} INFO - Processing file /home/airflow/.local/lib/python3.8/site-packages/airflow/example_dags/example_branch_python_dop_operator_3.py for tasks to queue
[2024-04-22T16:30:34.357+0000] {logging_mixin.py:188} INFO - [2024-04-22T16:30:34.357+0000] {dagbag.py:540} INFO - Filling up the DagBag from /home/airflow/.local/lib/python3.8/site-packages/airflow/example_dags/example_branch_python_dop_operator_3.py
[2024-04-22T16:30:34.369+0000] {processor.py:840} INFO - DAG(s) 'example_branch_dop_operator_v3' retrieved from /home/airflow/.local/lib/python3.8/site-packages/airflow/example_dags/example_branch_python_dop_operator_3.py
[2024-04-22T16:30:34.393+0000] {logging_mixin.py:188} INFO - [2024-04-22T16:30:34.393+0000] {dag.py:3047} INFO - Sync 1 DAGs
[2024-04-22T16:30:34.426+0000] {logging_mixin.py:188} INFO - [2024-04-22T16:30:34.426+0000] {dag.py:3834} INFO - Setting next_dagrun for example_branch_dop_operator_v3 to 2024-04-22 16:29:00+00:00, run_after=2024-04-22 16:30:00+00:00
[2024-04-22T16:30:34.452+0000] {processor.py:183} INFO - Processing /home/airflow/.local/lib/python3.8/site-packages/airflow/example_dags/example_branch_python_dop_operator_3.py took 0.100 seconds
[2024-04-22T16:31:04.705+0000] {processor.py:161} INFO - Started process (PID=4806) to work on /home/airflow/.local/lib/python3.8/site-packages/airflow/example_dags/example_branch_python_dop_operator_3.py
[2024-04-22T16:31:04.706+0000] {processor.py:830} INFO - Processing file /home/airflow/.local/lib/python3.8/site-packages/airflow/example_dags/example_branch_python_dop_operator_3.py for tasks to queue
[2024-04-22T16:31:04.707+0000] {logging_mixin.py:188} INFO - [2024-04-22T16:31:04.707+0000] {dagbag.py:540} INFO - Filling up the DagBag from /home/airflow/.local/lib/python3.8/site-packages/airflow/example_dags/example_branch_python_dop_operator_3.py
[2024-04-22T16:31:04.717+0000] {processor.py:840} INFO - DAG(s) 'example_branch_dop_operator_v3' retrieved from /home/airflow/.local/lib/python3.8/site-packages/airflow/example_dags/example_branch_python_dop_operator_3.py
[2024-04-22T16:31:04.739+0000] {logging_mixin.py:188} INFO - [2024-04-22T16:31:04.738+0000] {dag.py:3047} INFO - Sync 1 DAGs
[2024-04-22T16:31:04.768+0000] {logging_mixin.py:188} INFO - [2024-04-22T16:31:04.768+0000] {dag.py:3834} INFO - Setting next_dagrun for example_branch_dop_operator_v3 to 2024-04-22 16:30:00+00:00, run_after=2024-04-22 16:31:00+00:00
[2024-04-22T16:31:04.793+0000] {processor.py:183} INFO - Processing /home/airflow/.local/lib/python3.8/site-packages/airflow/example_dags/example_branch_python_dop_operator_3.py took 0.091 seconds
[2024-04-22T16:31:35.382+0000] {processor.py:161} INFO - Started process (PID=5061) to work on /home/airflow/.local/lib/python3.8/site-packages/airflow/example_dags/example_branch_python_dop_operator_3.py
[2024-04-22T16:31:35.383+0000] {processor.py:830} INFO - Processing file /home/airflow/.local/lib/python3.8/site-packages/airflow/example_dags/example_branch_python_dop_operator_3.py for tasks to queue
[2024-04-22T16:31:35.384+0000] {logging_mixin.py:188} INFO - [2024-04-22T16:31:35.384+0000] {dagbag.py:540} INFO - Filling up the DagBag from /home/airflow/.local/lib/python3.8/site-packages/airflow/example_dags/example_branch_python_dop_operator_3.py
[2024-04-22T16:31:35.408+0000] {processor.py:840} INFO - DAG(s) 'example_branch_dop_operator_v3' retrieved from /home/airflow/.local/lib/python3.8/site-packages/airflow/example_dags/example_branch_python_dop_operator_3.py
[2024-04-22T16:31:35.474+0000] {logging_mixin.py:188} INFO - [2024-04-22T16:31:35.473+0000] {dag.py:3047} INFO - Sync 1 DAGs
[2024-04-22T16:31:35.519+0000] {logging_mixin.py:188} INFO - [2024-04-22T16:31:35.518+0000] {dag.py:3834} INFO - Setting next_dagrun for example_branch_dop_operator_v3 to 2024-04-22 16:30:00+00:00, run_after=2024-04-22 16:31:00+00:00
[2024-04-22T16:31:35.569+0000] {processor.py:183} INFO - Processing /home/airflow/.local/lib/python3.8/site-packages/airflow/example_dags/example_branch_python_dop_operator_3.py took 0.194 seconds
[2024-04-22T16:32:05.648+0000] {processor.py:161} INFO - Started process (PID=5320) to work on /home/airflow/.local/lib/python3.8/site-packages/airflow/example_dags/example_branch_python_dop_operator_3.py
[2024-04-22T16:32:05.649+0000] {processor.py:830} INFO - Processing file /home/airflow/.local/lib/python3.8/site-packages/airflow/example_dags/example_branch_python_dop_operator_3.py for tasks to queue
[2024-04-22T16:32:05.650+0000] {logging_mixin.py:188} INFO - [2024-04-22T16:32:05.650+0000] {dagbag.py:540} INFO - Filling up the DagBag from /home/airflow/.local/lib/python3.8/site-packages/airflow/example_dags/example_branch_python_dop_operator_3.py
[2024-04-22T16:32:05.661+0000] {processor.py:840} INFO - DAG(s) 'example_branch_dop_operator_v3' retrieved from /home/airflow/.local/lib/python3.8/site-packages/airflow/example_dags/example_branch_python_dop_operator_3.py
[2024-04-22T16:32:05.683+0000] {logging_mixin.py:188} INFO - [2024-04-22T16:32:05.683+0000] {dag.py:3047} INFO - Sync 1 DAGs
[2024-04-22T16:32:05.710+0000] {logging_mixin.py:188} INFO - [2024-04-22T16:32:05.710+0000] {dag.py:3834} INFO - Setting next_dagrun for example_branch_dop_operator_v3 to 2024-04-22 16:31:00+00:00, run_after=2024-04-22 16:32:00+00:00
[2024-04-22T16:32:05.734+0000] {processor.py:183} INFO - Processing /home/airflow/.local/lib/python3.8/site-packages/airflow/example_dags/example_branch_python_dop_operator_3.py took 0.090 seconds
[2024-04-22T16:32:35.986+0000] {processor.py:161} INFO - Started process (PID=5577) to work on /home/airflow/.local/lib/python3.8/site-packages/airflow/example_dags/example_branch_python_dop_operator_3.py
[2024-04-22T16:32:35.987+0000] {processor.py:830} INFO - Processing file /home/airflow/.local/lib/python3.8/site-packages/airflow/example_dags/example_branch_python_dop_operator_3.py for tasks to queue
[2024-04-22T16:32:35.988+0000] {logging_mixin.py:188} INFO - [2024-04-22T16:32:35.988+0000] {dagbag.py:540} INFO - Filling up the DagBag from /home/airflow/.local/lib/python3.8/site-packages/airflow/example_dags/example_branch_python_dop_operator_3.py
[2024-04-22T16:32:36.000+0000] {processor.py:840} INFO - DAG(s) 'example_branch_dop_operator_v3' retrieved from /home/airflow/.local/lib/python3.8/site-packages/airflow/example_dags/example_branch_python_dop_operator_3.py
[2024-04-22T16:32:36.026+0000] {logging_mixin.py:188} INFO - [2024-04-22T16:32:36.026+0000] {dag.py:3047} INFO - Sync 1 DAGs
[2024-04-22T16:32:36.061+0000] {logging_mixin.py:188} INFO - [2024-04-22T16:32:36.060+0000] {dag.py:3834} INFO - Setting next_dagrun for example_branch_dop_operator_v3 to 2024-04-22 16:31:00+00:00, run_after=2024-04-22 16:32:00+00:00
[2024-04-22T16:32:36.086+0000] {processor.py:183} INFO - Processing /home/airflow/.local/lib/python3.8/site-packages/airflow/example_dags/example_branch_python_dop_operator_3.py took 0.103 seconds
[2024-04-22T16:33:06.289+0000] {processor.py:161} INFO - Started process (PID=5836) to work on /home/airflow/.local/lib/python3.8/site-packages/airflow/example_dags/example_branch_python_dop_operator_3.py
[2024-04-22T16:33:06.290+0000] {processor.py:830} INFO - Processing file /home/airflow/.local/lib/python3.8/site-packages/airflow/example_dags/example_branch_python_dop_operator_3.py for tasks to queue
[2024-04-22T16:33:06.291+0000] {logging_mixin.py:188} INFO - [2024-04-22T16:33:06.291+0000] {dagbag.py:540} INFO - Filling up the DagBag from /home/airflow/.local/lib/python3.8/site-packages/airflow/example_dags/example_branch_python_dop_operator_3.py
[2024-04-22T16:33:06.301+0000] {processor.py:840} INFO - DAG(s) 'example_branch_dop_operator_v3' retrieved from /home/airflow/.local/lib/python3.8/site-packages/airflow/example_dags/example_branch_python_dop_operator_3.py
[2024-04-22T16:33:06.323+0000] {logging_mixin.py:188} INFO - [2024-04-22T16:33:06.323+0000] {dag.py:3047} INFO - Sync 1 DAGs
[2024-04-22T16:33:06.353+0000] {logging_mixin.py:188} INFO - [2024-04-22T16:33:06.353+0000] {dag.py:3834} INFO - Setting next_dagrun for example_branch_dop_operator_v3 to 2024-04-22 16:32:00+00:00, run_after=2024-04-22 16:33:00+00:00
[2024-04-22T16:33:06.396+0000] {processor.py:183} INFO - Processing /home/airflow/.local/lib/python3.8/site-packages/airflow/example_dags/example_branch_python_dop_operator_3.py took 0.111 seconds
[2024-04-22T16:33:36.894+0000] {processor.py:161} INFO - Started process (PID=6099) to work on /home/airflow/.local/lib/python3.8/site-packages/airflow/example_dags/example_branch_python_dop_operator_3.py
[2024-04-22T16:33:36.895+0000] {processor.py:830} INFO - Processing file /home/airflow/.local/lib/python3.8/site-packages/airflow/example_dags/example_branch_python_dop_operator_3.py for tasks to queue
[2024-04-22T16:33:36.896+0000] {logging_mixin.py:188} INFO - [2024-04-22T16:33:36.896+0000] {dagbag.py:540} INFO - Filling up the DagBag from /home/airflow/.local/lib/python3.8/site-packages/airflow/example_dags/example_branch_python_dop_operator_3.py
[2024-04-22T16:33:36.906+0000] {processor.py:840} INFO - DAG(s) 'example_branch_dop_operator_v3' retrieved from /home/airflow/.local/lib/python3.8/site-packages/airflow/example_dags/example_branch_python_dop_operator_3.py
[2024-04-22T16:33:36.927+0000] {logging_mixin.py:188} INFO - [2024-04-22T16:33:36.927+0000] {dag.py:3047} INFO - Sync 1 DAGs
[2024-04-22T16:33:36.991+0000] {logging_mixin.py:188} INFO - [2024-04-22T16:33:36.991+0000] {dag.py:3834} INFO - Setting next_dagrun for example_branch_dop_operator_v3 to 2024-04-22 16:32:00+00:00, run_after=2024-04-22 16:33:00+00:00
[2024-04-22T16:33:37.016+0000] {processor.py:183} INFO - Processing /home/airflow/.local/lib/python3.8/site-packages/airflow/example_dags/example_branch_python_dop_operator_3.py took 0.125 seconds
[2024-04-22T16:34:07.174+0000] {processor.py:161} INFO - Started process (PID=6358) to work on /home/airflow/.local/lib/python3.8/site-packages/airflow/example_dags/example_branch_python_dop_operator_3.py
[2024-04-22T16:34:07.175+0000] {processor.py:830} INFO - Processing file /home/airflow/.local/lib/python3.8/site-packages/airflow/example_dags/example_branch_python_dop_operator_3.py for tasks to queue
[2024-04-22T16:34:07.176+0000] {logging_mixin.py:188} INFO - [2024-04-22T16:34:07.176+0000] {dagbag.py:540} INFO - Filling up the DagBag from /home/airflow/.local/lib/python3.8/site-packages/airflow/example_dags/example_branch_python_dop_operator_3.py
[2024-04-22T16:34:07.186+0000] {processor.py:840} INFO - DAG(s) 'example_branch_dop_operator_v3' retrieved from /home/airflow/.local/lib/python3.8/site-packages/airflow/example_dags/example_branch_python_dop_operator_3.py
[2024-04-22T16:34:07.212+0000] {logging_mixin.py:188} INFO - [2024-04-22T16:34:07.212+0000] {dag.py:3047} INFO - Sync 1 DAGs
[2024-04-22T16:34:07.243+0000] {logging_mixin.py:188} INFO - [2024-04-22T16:34:07.242+0000] {dag.py:3834} INFO - Setting next_dagrun for example_branch_dop_operator_v3 to 2024-04-22 16:33:00+00:00, run_after=2024-04-22 16:34:00+00:00
[2024-04-22T16:34:07.267+0000] {processor.py:183} INFO - Processing /home/airflow/.local/lib/python3.8/site-packages/airflow/example_dags/example_branch_python_dop_operator_3.py took 0.096 seconds
[2024-04-22T16:34:37.503+0000] {processor.py:161} INFO - Started process (PID=6615) to work on /home/airflow/.local/lib/python3.8/site-packages/airflow/example_dags/example_branch_python_dop_operator_3.py
[2024-04-22T16:34:37.504+0000] {processor.py:830} INFO - Processing file /home/airflow/.local/lib/python3.8/site-packages/airflow/example_dags/example_branch_python_dop_operator_3.py for tasks to queue
[2024-04-22T16:34:37.505+0000] {logging_mixin.py:188} INFO - [2024-04-22T16:34:37.504+0000] {dagbag.py:540} INFO - Filling up the DagBag from /home/airflow/.local/lib/python3.8/site-packages/airflow/example_dags/example_branch_python_dop_operator_3.py
[2024-04-22T16:34:37.515+0000] {processor.py:840} INFO - DAG(s) 'example_branch_dop_operator_v3' retrieved from /home/airflow/.local/lib/python3.8/site-packages/airflow/example_dags/example_branch_python_dop_operator_3.py
[2024-04-22T16:34:37.537+0000] {logging_mixin.py:188} INFO - [2024-04-22T16:34:37.537+0000] {dag.py:3047} INFO - Sync 1 DAGs
[2024-04-22T16:34:37.568+0000] {logging_mixin.py:188} INFO - [2024-04-22T16:34:37.568+0000] {dag.py:3834} INFO - Setting next_dagrun for example_branch_dop_operator_v3 to 2024-04-22 16:33:00+00:00, run_after=2024-04-22 16:34:00+00:00
[2024-04-22T16:34:37.590+0000] {processor.py:183} INFO - Processing /home/airflow/.local/lib/python3.8/site-packages/airflow/example_dags/example_branch_python_dop_operator_3.py took 0.090 seconds
[2024-04-22T16:35:07.991+0000] {processor.py:161} INFO - Started process (PID=6872) to work on /home/airflow/.local/lib/python3.8/site-packages/airflow/example_dags/example_branch_python_dop_operator_3.py
[2024-04-22T16:35:07.993+0000] {processor.py:830} INFO - Processing file /home/airflow/.local/lib/python3.8/site-packages/airflow/example_dags/example_branch_python_dop_operator_3.py for tasks to queue
[2024-04-22T16:35:07.994+0000] {logging_mixin.py:188} INFO - [2024-04-22T16:35:07.993+0000] {dagbag.py:540} INFO - Filling up the DagBag from /home/airflow/.local/lib/python3.8/site-packages/airflow/example_dags/example_branch_python_dop_operator_3.py
[2024-04-22T16:35:08.005+0000] {processor.py:840} INFO - DAG(s) 'example_branch_dop_operator_v3' retrieved from /home/airflow/.local/lib/python3.8/site-packages/airflow/example_dags/example_branch_python_dop_operator_3.py
[2024-04-22T16:35:08.026+0000] {logging_mixin.py:188} INFO - [2024-04-22T16:35:08.026+0000] {dag.py:3047} INFO - Sync 1 DAGs
[2024-04-22T16:35:08.057+0000] {logging_mixin.py:188} INFO - [2024-04-22T16:35:08.057+0000] {dag.py:3834} INFO - Setting next_dagrun for example_branch_dop_operator_v3 to 2024-04-22 16:34:00+00:00, run_after=2024-04-22 16:35:00+00:00
[2024-04-22T16:35:08.089+0000] {processor.py:183} INFO - Processing /home/airflow/.local/lib/python3.8/site-packages/airflow/example_dags/example_branch_python_dop_operator_3.py took 0.101 seconds
[2024-04-22T16:35:38.461+0000] {processor.py:161} INFO - Started process (PID=7130) to work on /home/airflow/.local/lib/python3.8/site-packages/airflow/example_dags/example_branch_python_dop_operator_3.py
[2024-04-22T16:35:38.462+0000] {processor.py:830} INFO - Processing file /home/airflow/.local/lib/python3.8/site-packages/airflow/example_dags/example_branch_python_dop_operator_3.py for tasks to queue
[2024-04-22T16:35:38.463+0000] {logging_mixin.py:188} INFO - [2024-04-22T16:35:38.463+0000] {dagbag.py:540} INFO - Filling up the DagBag from /home/airflow/.local/lib/python3.8/site-packages/airflow/example_dags/example_branch_python_dop_operator_3.py
[2024-04-22T16:35:38.473+0000] {processor.py:840} INFO - DAG(s) 'example_branch_dop_operator_v3' retrieved from /home/airflow/.local/lib/python3.8/site-packages/airflow/example_dags/example_branch_python_dop_operator_3.py
[2024-04-22T16:35:38.495+0000] {logging_mixin.py:188} INFO - [2024-04-22T16:35:38.495+0000] {dag.py:3047} INFO - Sync 1 DAGs
[2024-04-22T16:35:38.527+0000] {logging_mixin.py:188} INFO - [2024-04-22T16:35:38.527+0000] {dag.py:3834} INFO - Setting next_dagrun for example_branch_dop_operator_v3 to 2024-04-22 16:34:00+00:00, run_after=2024-04-22 16:35:00+00:00
[2024-04-22T16:35:38.551+0000] {processor.py:183} INFO - Processing /home/airflow/.local/lib/python3.8/site-packages/airflow/example_dags/example_branch_python_dop_operator_3.py took 0.092 seconds
[2024-04-22T16:36:08.936+0000] {processor.py:161} INFO - Started process (PID=7389) to work on /home/airflow/.local/lib/python3.8/site-packages/airflow/example_dags/example_branch_python_dop_operator_3.py
[2024-04-22T16:36:08.937+0000] {processor.py:830} INFO - Processing file /home/airflow/.local/lib/python3.8/site-packages/airflow/example_dags/example_branch_python_dop_operator_3.py for tasks to queue
[2024-04-22T16:36:08.938+0000] {logging_mixin.py:188} INFO - [2024-04-22T16:36:08.938+0000] {dagbag.py:540} INFO - Filling up the DagBag from /home/airflow/.local/lib/python3.8/site-packages/airflow/example_dags/example_branch_python_dop_operator_3.py
[2024-04-22T16:36:08.954+0000] {processor.py:840} INFO - DAG(s) 'example_branch_dop_operator_v3' retrieved from /home/airflow/.local/lib/python3.8/site-packages/airflow/example_dags/example_branch_python_dop_operator_3.py
[2024-04-22T16:36:08.976+0000] {logging_mixin.py:188} INFO - [2024-04-22T16:36:08.976+0000] {dag.py:3047} INFO - Sync 1 DAGs
[2024-04-22T16:36:09.006+0000] {logging_mixin.py:188} INFO - [2024-04-22T16:36:09.006+0000] {dag.py:3834} INFO - Setting next_dagrun for example_branch_dop_operator_v3 to 2024-04-22 16:35:00+00:00, run_after=2024-04-22 16:36:00+00:00
[2024-04-22T16:36:09.031+0000] {processor.py:183} INFO - Processing /home/airflow/.local/lib/python3.8/site-packages/airflow/example_dags/example_branch_python_dop_operator_3.py took 0.098 seconds
[2024-04-22T16:36:39.273+0000] {processor.py:161} INFO - Started process (PID=7647) to work on /home/airflow/.local/lib/python3.8/site-packages/airflow/example_dags/example_branch_python_dop_operator_3.py
[2024-04-22T16:36:39.274+0000] {processor.py:830} INFO - Processing file /home/airflow/.local/lib/python3.8/site-packages/airflow/example_dags/example_branch_python_dop_operator_3.py for tasks to queue
[2024-04-22T16:36:39.275+0000] {logging_mixin.py:188} INFO - [2024-04-22T16:36:39.274+0000] {dagbag.py:540} INFO - Filling up the DagBag from /home/airflow/.local/lib/python3.8/site-packages/airflow/example_dags/example_branch_python_dop_operator_3.py
[2024-04-22T16:36:39.285+0000] {processor.py:840} INFO - DAG(s) 'example_branch_dop_operator_v3' retrieved from /home/airflow/.local/lib/python3.8/site-packages/airflow/example_dags/example_branch_python_dop_operator_3.py
[2024-04-22T16:36:39.307+0000] {logging_mixin.py:188} INFO - [2024-04-22T16:36:39.306+0000] {dag.py:3047} INFO - Sync 1 DAGs
[2024-04-22T16:36:39.355+0000] {logging_mixin.py:188} INFO - [2024-04-22T16:36:39.355+0000] {dag.py:3834} INFO - Setting next_dagrun for example_branch_dop_operator_v3 to 2024-04-22 16:35:00+00:00, run_after=2024-04-22 16:36:00+00:00
[2024-04-22T16:36:39.381+0000] {processor.py:183} INFO - Processing /home/airflow/.local/lib/python3.8/site-packages/airflow/example_dags/example_branch_python_dop_operator_3.py took 0.112 seconds
[2024-04-22T16:37:09.487+0000] {processor.py:161} INFO - Started process (PID=7905) to work on /home/airflow/.local/lib/python3.8/site-packages/airflow/example_dags/example_branch_python_dop_operator_3.py
[2024-04-22T16:37:09.488+0000] {processor.py:830} INFO - Processing file /home/airflow/.local/lib/python3.8/site-packages/airflow/example_dags/example_branch_python_dop_operator_3.py for tasks to queue
[2024-04-22T16:37:09.489+0000] {logging_mixin.py:188} INFO - [2024-04-22T16:37:09.489+0000] {dagbag.py:540} INFO - Filling up the DagBag from /home/airflow/.local/lib/python3.8/site-packages/airflow/example_dags/example_branch_python_dop_operator_3.py
[2024-04-22T16:37:09.500+0000] {processor.py:840} INFO - DAG(s) 'example_branch_dop_operator_v3' retrieved from /home/airflow/.local/lib/python3.8/site-packages/airflow/example_dags/example_branch_python_dop_operator_3.py
[2024-04-22T16:37:09.523+0000] {logging_mixin.py:188} INFO - [2024-04-22T16:37:09.523+0000] {dag.py:3047} INFO - Sync 1 DAGs
[2024-04-22T16:37:09.556+0000] {logging_mixin.py:188} INFO - [2024-04-22T16:37:09.556+0000] {dag.py:3834} INFO - Setting next_dagrun for example_branch_dop_operator_v3 to 2024-04-22 16:36:00+00:00, run_after=2024-04-22 16:37:00+00:00
[2024-04-22T16:37:09.582+0000] {processor.py:183} INFO - Processing /home/airflow/.local/lib/python3.8/site-packages/airflow/example_dags/example_branch_python_dop_operator_3.py took 0.099 seconds
[2024-04-22T16:37:39.929+0000] {processor.py:161} INFO - Started process (PID=8162) to work on /home/airflow/.local/lib/python3.8/site-packages/airflow/example_dags/example_branch_python_dop_operator_3.py
[2024-04-22T16:37:39.930+0000] {processor.py:830} INFO - Processing file /home/airflow/.local/lib/python3.8/site-packages/airflow/example_dags/example_branch_python_dop_operator_3.py for tasks to queue
[2024-04-22T16:37:39.931+0000] {logging_mixin.py:188} INFO - [2024-04-22T16:37:39.930+0000] {dagbag.py:540} INFO - Filling up the DagBag from /home/airflow/.local/lib/python3.8/site-packages/airflow/example_dags/example_branch_python_dop_operator_3.py
[2024-04-22T16:37:39.941+0000] {processor.py:840} INFO - DAG(s) 'example_branch_dop_operator_v3' retrieved from /home/airflow/.local/lib/python3.8/site-packages/airflow/example_dags/example_branch_python_dop_operator_3.py
[2024-04-22T16:37:39.963+0000] {logging_mixin.py:188} INFO - [2024-04-22T16:37:39.962+0000] {dag.py:3047} INFO - Sync 1 DAGs
[2024-04-22T16:37:39.991+0000] {logging_mixin.py:188} INFO - [2024-04-22T16:37:39.990+0000] {dag.py:3834} INFO - Setting next_dagrun for example_branch_dop_operator_v3 to 2024-04-22 16:36:00+00:00, run_after=2024-04-22 16:37:00+00:00
[2024-04-22T16:37:40.014+0000] {processor.py:183} INFO - Processing /home/airflow/.local/lib/python3.8/site-packages/airflow/example_dags/example_branch_python_dop_operator_3.py took 0.089 seconds
[2024-04-22T16:38:10.534+0000] {processor.py:161} INFO - Started process (PID=8419) to work on /home/airflow/.local/lib/python3.8/site-packages/airflow/example_dags/example_branch_python_dop_operator_3.py
[2024-04-22T16:38:10.535+0000] {processor.py:830} INFO - Processing file /home/airflow/.local/lib/python3.8/site-packages/airflow/example_dags/example_branch_python_dop_operator_3.py for tasks to queue
[2024-04-22T16:38:10.536+0000] {logging_mixin.py:188} INFO - [2024-04-22T16:38:10.535+0000] {dagbag.py:540} INFO - Filling up the DagBag from /home/airflow/.local/lib/python3.8/site-packages/airflow/example_dags/example_branch_python_dop_operator_3.py
[2024-04-22T16:38:10.546+0000] {processor.py:840} INFO - DAG(s) 'example_branch_dop_operator_v3' retrieved from /home/airflow/.local/lib/python3.8/site-packages/airflow/example_dags/example_branch_python_dop_operator_3.py
[2024-04-22T16:38:10.568+0000] {logging_mixin.py:188} INFO - [2024-04-22T16:38:10.568+0000] {dag.py:3047} INFO - Sync 1 DAGs
[2024-04-22T16:38:10.597+0000] {logging_mixin.py:188} INFO - [2024-04-22T16:38:10.597+0000] {dag.py:3834} INFO - Setting next_dagrun for example_branch_dop_operator_v3 to 2024-04-22 16:37:00+00:00, run_after=2024-04-22 16:38:00+00:00
[2024-04-22T16:38:10.623+0000] {processor.py:183} INFO - Processing /home/airflow/.local/lib/python3.8/site-packages/airflow/example_dags/example_branch_python_dop_operator_3.py took 0.093 seconds
[2024-04-22T16:38:40.663+0000] {processor.py:161} INFO - Started process (PID=8677) to work on /home/airflow/.local/lib/python3.8/site-packages/airflow/example_dags/example_branch_python_dop_operator_3.py
[2024-04-22T16:38:40.664+0000] {processor.py:830} INFO - Processing file /home/airflow/.local/lib/python3.8/site-packages/airflow/example_dags/example_branch_python_dop_operator_3.py for tasks to queue
[2024-04-22T16:38:40.665+0000] {logging_mixin.py:188} INFO - [2024-04-22T16:38:40.664+0000] {dagbag.py:540} INFO - Filling up the DagBag from /home/airflow/.local/lib/python3.8/site-packages/airflow/example_dags/example_branch_python_dop_operator_3.py
[2024-04-22T16:38:40.676+0000] {processor.py:840} INFO - DAG(s) 'example_branch_dop_operator_v3' retrieved from /home/airflow/.local/lib/python3.8/site-packages/airflow/example_dags/example_branch_python_dop_operator_3.py
[2024-04-22T16:38:40.698+0000] {logging_mixin.py:188} INFO - [2024-04-22T16:38:40.697+0000] {dag.py:3047} INFO - Sync 1 DAGs
[2024-04-22T16:38:40.731+0000] {logging_mixin.py:188} INFO - [2024-04-22T16:38:40.731+0000] {dag.py:3834} INFO - Setting next_dagrun for example_branch_dop_operator_v3 to 2024-04-22 16:37:00+00:00, run_after=2024-04-22 16:38:00+00:00
[2024-04-22T16:38:40.750+0000] {processor.py:183} INFO - Processing /home/airflow/.local/lib/python3.8/site-packages/airflow/example_dags/example_branch_python_dop_operator_3.py took 0.091 seconds
[2024-04-22T16:39:10.884+0000] {processor.py:161} INFO - Started process (PID=8934) to work on /home/airflow/.local/lib/python3.8/site-packages/airflow/example_dags/example_branch_python_dop_operator_3.py
[2024-04-22T16:39:10.885+0000] {processor.py:830} INFO - Processing file /home/airflow/.local/lib/python3.8/site-packages/airflow/example_dags/example_branch_python_dop_operator_3.py for tasks to queue
[2024-04-22T16:39:10.886+0000] {logging_mixin.py:188} INFO - [2024-04-22T16:39:10.886+0000] {dagbag.py:540} INFO - Filling up the DagBag from /home/airflow/.local/lib/python3.8/site-packages/airflow/example_dags/example_branch_python_dop_operator_3.py
[2024-04-22T16:39:10.897+0000] {processor.py:840} INFO - DAG(s) 'example_branch_dop_operator_v3' retrieved from /home/airflow/.local/lib/python3.8/site-packages/airflow/example_dags/example_branch_python_dop_operator_3.py
[2024-04-22T16:39:10.918+0000] {logging_mixin.py:188} INFO - [2024-04-22T16:39:10.918+0000] {dag.py:3047} INFO - Sync 1 DAGs
[2024-04-22T16:39:10.946+0000] {logging_mixin.py:188} INFO - [2024-04-22T16:39:10.946+0000] {dag.py:3834} INFO - Setting next_dagrun for example_branch_dop_operator_v3 to 2024-04-22 16:38:00+00:00, run_after=2024-04-22 16:39:00+00:00
[2024-04-22T16:39:10.969+0000] {processor.py:183} INFO - Processing /home/airflow/.local/lib/python3.8/site-packages/airflow/example_dags/example_branch_python_dop_operator_3.py took 0.089 seconds
[2024-04-22T16:39:41.155+0000] {processor.py:161} INFO - Started process (PID=9192) to work on /home/airflow/.local/lib/python3.8/site-packages/airflow/example_dags/example_branch_python_dop_operator_3.py
[2024-04-22T16:39:41.156+0000] {processor.py:830} INFO - Processing file /home/airflow/.local/lib/python3.8/site-packages/airflow/example_dags/example_branch_python_dop_operator_3.py for tasks to queue
[2024-04-22T16:39:41.157+0000] {logging_mixin.py:188} INFO - [2024-04-22T16:39:41.157+0000] {dagbag.py:540} INFO - Filling up the DagBag from /home/airflow/.local/lib/python3.8/site-packages/airflow/example_dags/example_branch_python_dop_operator_3.py
[2024-04-22T16:39:41.168+0000] {processor.py:840} INFO - DAG(s) 'example_branch_dop_operator_v3' retrieved from /home/airflow/.local/lib/python3.8/site-packages/airflow/example_dags/example_branch_python_dop_operator_3.py
[2024-04-22T16:39:41.190+0000] {logging_mixin.py:188} INFO - [2024-04-22T16:39:41.190+0000] {dag.py:3047} INFO - Sync 1 DAGs
[2024-04-22T16:39:41.218+0000] {logging_mixin.py:188} INFO - [2024-04-22T16:39:41.218+0000] {dag.py:3834} INFO - Setting next_dagrun for example_branch_dop_operator_v3 to 2024-04-22 16:38:00+00:00, run_after=2024-04-22 16:39:00+00:00
[2024-04-22T16:39:41.240+0000] {processor.py:183} INFO - Processing /home/airflow/.local/lib/python3.8/site-packages/airflow/example_dags/example_branch_python_dop_operator_3.py took 0.089 seconds
[2024-04-22T16:40:11.501+0000] {processor.py:161} INFO - Started process (PID=9449) to work on /home/airflow/.local/lib/python3.8/site-packages/airflow/example_dags/example_branch_python_dop_operator_3.py
[2024-04-22T16:40:11.502+0000] {processor.py:830} INFO - Processing file /home/airflow/.local/lib/python3.8/site-packages/airflow/example_dags/example_branch_python_dop_operator_3.py for tasks to queue
[2024-04-22T16:40:11.503+0000] {logging_mixin.py:188} INFO - [2024-04-22T16:40:11.503+0000] {dagbag.py:540} INFO - Filling up the DagBag from /home/airflow/.local/lib/python3.8/site-packages/airflow/example_dags/example_branch_python_dop_operator_3.py
[2024-04-22T16:40:11.514+0000] {processor.py:840} INFO - DAG(s) 'example_branch_dop_operator_v3' retrieved from /home/airflow/.local/lib/python3.8/site-packages/airflow/example_dags/example_branch_python_dop_operator_3.py
[2024-04-22T16:40:11.536+0000] {logging_mixin.py:188} INFO - [2024-04-22T16:40:11.536+0000] {dag.py:3047} INFO - Sync 1 DAGs
[2024-04-22T16:40:11.565+0000] {logging_mixin.py:188} INFO - [2024-04-22T16:40:11.565+0000] {dag.py:3834} INFO - Setting next_dagrun for example_branch_dop_operator_v3 to 2024-04-22 16:39:00+00:00, run_after=2024-04-22 16:40:00+00:00
[2024-04-22T16:40:11.589+0000] {processor.py:183} INFO - Processing /home/airflow/.local/lib/python3.8/site-packages/airflow/example_dags/example_branch_python_dop_operator_3.py took 0.091 seconds
[2024-04-22T16:40:41.854+0000] {processor.py:161} INFO - Started process (PID=9704) to work on /home/airflow/.local/lib/python3.8/site-packages/airflow/example_dags/example_branch_python_dop_operator_3.py
[2024-04-22T16:40:41.854+0000] {processor.py:830} INFO - Processing file /home/airflow/.local/lib/python3.8/site-packages/airflow/example_dags/example_branch_python_dop_operator_3.py for tasks to queue
[2024-04-22T16:40:41.855+0000] {logging_mixin.py:188} INFO - [2024-04-22T16:40:41.855+0000] {dagbag.py:540} INFO - Filling up the DagBag from /home/airflow/.local/lib/python3.8/site-packages/airflow/example_dags/example_branch_python_dop_operator_3.py
[2024-04-22T16:40:41.866+0000] {processor.py:840} INFO - DAG(s) 'example_branch_dop_operator_v3' retrieved from /home/airflow/.local/lib/python3.8/site-packages/airflow/example_dags/example_branch_python_dop_operator_3.py
[2024-04-22T16:40:41.886+0000] {logging_mixin.py:188} INFO - [2024-04-22T16:40:41.886+0000] {dag.py:3047} INFO - Sync 1 DAGs
[2024-04-22T16:40:41.917+0000] {logging_mixin.py:188} INFO - [2024-04-22T16:40:41.917+0000] {dag.py:3834} INFO - Setting next_dagrun for example_branch_dop_operator_v3 to 2024-04-22 16:39:00+00:00, run_after=2024-04-22 16:40:00+00:00
[2024-04-22T16:40:41.941+0000] {processor.py:183} INFO - Processing /home/airflow/.local/lib/python3.8/site-packages/airflow/example_dags/example_branch_python_dop_operator_3.py took 0.090 seconds
[2024-04-22T16:41:12.136+0000] {processor.py:161} INFO - Started process (PID=9964) to work on /home/airflow/.local/lib/python3.8/site-packages/airflow/example_dags/example_branch_python_dop_operator_3.py
[2024-04-22T16:41:12.137+0000] {processor.py:830} INFO - Processing file /home/airflow/.local/lib/python3.8/site-packages/airflow/example_dags/example_branch_python_dop_operator_3.py for tasks to queue
[2024-04-22T16:41:12.138+0000] {logging_mixin.py:188} INFO - [2024-04-22T16:41:12.137+0000] {dagbag.py:540} INFO - Filling up the DagBag from /home/airflow/.local/lib/python3.8/site-packages/airflow/example_dags/example_branch_python_dop_operator_3.py
[2024-04-22T16:41:12.148+0000] {processor.py:840} INFO - DAG(s) 'example_branch_dop_operator_v3' retrieved from /home/airflow/.local/lib/python3.8/site-packages/airflow/example_dags/example_branch_python_dop_operator_3.py
[2024-04-22T16:41:12.172+0000] {logging_mixin.py:188} INFO - [2024-04-22T16:41:12.172+0000] {dag.py:3047} INFO - Sync 1 DAGs
[2024-04-22T16:41:12.202+0000] {logging_mixin.py:188} INFO - [2024-04-22T16:41:12.202+0000] {dag.py:3834} INFO - Setting next_dagrun for example_branch_dop_operator_v3 to 2024-04-22 16:40:00+00:00, run_after=2024-04-22 16:41:00+00:00
[2024-04-22T16:41:12.226+0000] {processor.py:183} INFO - Processing /home/airflow/.local/lib/python3.8/site-packages/airflow/example_dags/example_branch_python_dop_operator_3.py took 0.093 seconds
[2024-04-22T16:41:42.358+0000] {processor.py:161} INFO - Started process (PID=10220) to work on /home/airflow/.local/lib/python3.8/site-packages/airflow/example_dags/example_branch_python_dop_operator_3.py
[2024-04-22T16:41:42.359+0000] {processor.py:830} INFO - Processing file /home/airflow/.local/lib/python3.8/site-packages/airflow/example_dags/example_branch_python_dop_operator_3.py for tasks to queue
[2024-04-22T16:41:42.360+0000] {logging_mixin.py:188} INFO - [2024-04-22T16:41:42.359+0000] {dagbag.py:540} INFO - Filling up the DagBag from /home/airflow/.local/lib/python3.8/site-packages/airflow/example_dags/example_branch_python_dop_operator_3.py
[2024-04-22T16:41:42.370+0000] {processor.py:840} INFO - DAG(s) 'example_branch_dop_operator_v3' retrieved from /home/airflow/.local/lib/python3.8/site-packages/airflow/example_dags/example_branch_python_dop_operator_3.py
[2024-04-22T16:41:42.392+0000] {logging_mixin.py:188} INFO - [2024-04-22T16:41:42.392+0000] {dag.py:3047} INFO - Sync 1 DAGs
[2024-04-22T16:41:42.448+0000] {logging_mixin.py:188} INFO - [2024-04-22T16:41:42.448+0000] {dag.py:3834} INFO - Setting next_dagrun for example_branch_dop_operator_v3 to 2024-04-22 16:40:00+00:00, run_after=2024-04-22 16:41:00+00:00
[2024-04-22T16:41:42.474+0000] {processor.py:183} INFO - Processing /home/airflow/.local/lib/python3.8/site-packages/airflow/example_dags/example_branch_python_dop_operator_3.py took 0.120 seconds
[2024-04-22T16:42:12.692+0000] {processor.py:161} INFO - Started process (PID=10478) to work on /home/airflow/.local/lib/python3.8/site-packages/airflow/example_dags/example_branch_python_dop_operator_3.py
[2024-04-22T16:42:12.693+0000] {processor.py:830} INFO - Processing file /home/airflow/.local/lib/python3.8/site-packages/airflow/example_dags/example_branch_python_dop_operator_3.py for tasks to queue
[2024-04-22T16:42:12.695+0000] {logging_mixin.py:188} INFO - [2024-04-22T16:42:12.695+0000] {dagbag.py:540} INFO - Filling up the DagBag from /home/airflow/.local/lib/python3.8/site-packages/airflow/example_dags/example_branch_python_dop_operator_3.py
[2024-04-22T16:42:12.706+0000] {processor.py:840} INFO - DAG(s) 'example_branch_dop_operator_v3' retrieved from /home/airflow/.local/lib/python3.8/site-packages/airflow/example_dags/example_branch_python_dop_operator_3.py
[2024-04-22T16:42:12.752+0000] {logging_mixin.py:188} INFO - [2024-04-22T16:42:12.751+0000] {dag.py:3047} INFO - Sync 1 DAGs
[2024-04-22T16:42:12.820+0000] {logging_mixin.py:188} INFO - [2024-04-22T16:42:12.818+0000] {dag.py:3834} INFO - Setting next_dagrun for example_branch_dop_operator_v3 to 2024-04-22 16:41:00+00:00, run_after=2024-04-22 16:42:00+00:00
[2024-04-22T16:42:12.853+0000] {processor.py:183} INFO - Processing /home/airflow/.local/lib/python3.8/site-packages/airflow/example_dags/example_branch_python_dop_operator_3.py took 0.165 seconds
[2024-04-22T16:42:43.154+0000] {processor.py:161} INFO - Started process (PID=10735) to work on /home/airflow/.local/lib/python3.8/site-packages/airflow/example_dags/example_branch_python_dop_operator_3.py
[2024-04-22T16:42:43.155+0000] {processor.py:830} INFO - Processing file /home/airflow/.local/lib/python3.8/site-packages/airflow/example_dags/example_branch_python_dop_operator_3.py for tasks to queue
[2024-04-22T16:42:43.156+0000] {logging_mixin.py:188} INFO - [2024-04-22T16:42:43.156+0000] {dagbag.py:540} INFO - Filling up the DagBag from /home/airflow/.local/lib/python3.8/site-packages/airflow/example_dags/example_branch_python_dop_operator_3.py
[2024-04-22T16:42:43.167+0000] {processor.py:840} INFO - DAG(s) 'example_branch_dop_operator_v3' retrieved from /home/airflow/.local/lib/python3.8/site-packages/airflow/example_dags/example_branch_python_dop_operator_3.py
[2024-04-22T16:42:43.188+0000] {logging_mixin.py:188} INFO - [2024-04-22T16:42:43.188+0000] {dag.py:3047} INFO - Sync 1 DAGs
[2024-04-22T16:42:43.216+0000] {logging_mixin.py:188} INFO - [2024-04-22T16:42:43.216+0000] {dag.py:3834} INFO - Setting next_dagrun for example_branch_dop_operator_v3 to 2024-04-22 16:41:00+00:00, run_after=2024-04-22 16:42:00+00:00
[2024-04-22T16:42:43.240+0000] {processor.py:183} INFO - Processing /home/airflow/.local/lib/python3.8/site-packages/airflow/example_dags/example_branch_python_dop_operator_3.py took 0.089 seconds
[2024-04-22T16:43:13.300+0000] {processor.py:161} INFO - Started process (PID=10993) to work on /home/airflow/.local/lib/python3.8/site-packages/airflow/example_dags/example_branch_python_dop_operator_3.py
[2024-04-22T16:43:13.301+0000] {processor.py:830} INFO - Processing file /home/airflow/.local/lib/python3.8/site-packages/airflow/example_dags/example_branch_python_dop_operator_3.py for tasks to queue
[2024-04-22T16:43:13.302+0000] {logging_mixin.py:188} INFO - [2024-04-22T16:43:13.302+0000] {dagbag.py:540} INFO - Filling up the DagBag from /home/airflow/.local/lib/python3.8/site-packages/airflow/example_dags/example_branch_python_dop_operator_3.py
[2024-04-22T16:43:13.313+0000] {processor.py:840} INFO - DAG(s) 'example_branch_dop_operator_v3' retrieved from /home/airflow/.local/lib/python3.8/site-packages/airflow/example_dags/example_branch_python_dop_operator_3.py
[2024-04-22T16:43:13.338+0000] {logging_mixin.py:188} INFO - [2024-04-22T16:43:13.337+0000] {dag.py:3047} INFO - Sync 1 DAGs
[2024-04-22T16:43:13.369+0000] {logging_mixin.py:188} INFO - [2024-04-22T16:43:13.369+0000] {dag.py:3834} INFO - Setting next_dagrun for example_branch_dop_operator_v3 to 2024-04-22 16:42:00+00:00, run_after=2024-04-22 16:43:00+00:00
[2024-04-22T16:43:13.395+0000] {processor.py:183} INFO - Processing /home/airflow/.local/lib/python3.8/site-packages/airflow/example_dags/example_branch_python_dop_operator_3.py took 0.098 seconds
[2024-04-22T16:43:43.662+0000] {processor.py:161} INFO - Started process (PID=11250) to work on /home/airflow/.local/lib/python3.8/site-packages/airflow/example_dags/example_branch_python_dop_operator_3.py
[2024-04-22T16:43:43.664+0000] {processor.py:830} INFO - Processing file /home/airflow/.local/lib/python3.8/site-packages/airflow/example_dags/example_branch_python_dop_operator_3.py for tasks to queue
[2024-04-22T16:43:43.664+0000] {logging_mixin.py:188} INFO - [2024-04-22T16:43:43.664+0000] {dagbag.py:540} INFO - Filling up the DagBag from /home/airflow/.local/lib/python3.8/site-packages/airflow/example_dags/example_branch_python_dop_operator_3.py
[2024-04-22T16:43:43.675+0000] {processor.py:840} INFO - DAG(s) 'example_branch_dop_operator_v3' retrieved from /home/airflow/.local/lib/python3.8/site-packages/airflow/example_dags/example_branch_python_dop_operator_3.py
[2024-04-22T16:43:43.700+0000] {logging_mixin.py:188} INFO - [2024-04-22T16:43:43.700+0000] {dag.py:3047} INFO - Sync 1 DAGs
[2024-04-22T16:43:43.734+0000] {logging_mixin.py:188} INFO - [2024-04-22T16:43:43.734+0000] {dag.py:3834} INFO - Setting next_dagrun for example_branch_dop_operator_v3 to 2024-04-22 16:42:00+00:00, run_after=2024-04-22 16:43:00+00:00
[2024-04-22T16:43:43.759+0000] {processor.py:183} INFO - Processing /home/airflow/.local/lib/python3.8/site-packages/airflow/example_dags/example_branch_python_dop_operator_3.py took 0.101 seconds
[2024-04-22T16:44:14.068+0000] {processor.py:161} INFO - Started process (PID=11508) to work on /home/airflow/.local/lib/python3.8/site-packages/airflow/example_dags/example_branch_python_dop_operator_3.py
[2024-04-22T16:44:14.070+0000] {processor.py:830} INFO - Processing file /home/airflow/.local/lib/python3.8/site-packages/airflow/example_dags/example_branch_python_dop_operator_3.py for tasks to queue
[2024-04-22T16:44:14.070+0000] {logging_mixin.py:188} INFO - [2024-04-22T16:44:14.070+0000] {dagbag.py:540} INFO - Filling up the DagBag from /home/airflow/.local/lib/python3.8/site-packages/airflow/example_dags/example_branch_python_dop_operator_3.py
[2024-04-22T16:44:14.081+0000] {processor.py:840} INFO - DAG(s) 'example_branch_dop_operator_v3' retrieved from /home/airflow/.local/lib/python3.8/site-packages/airflow/example_dags/example_branch_python_dop_operator_3.py
[2024-04-22T16:44:14.102+0000] {logging_mixin.py:188} INFO - [2024-04-22T16:44:14.102+0000] {dag.py:3047} INFO - Sync 1 DAGs
[2024-04-22T16:44:14.131+0000] {logging_mixin.py:188} INFO - [2024-04-22T16:44:14.131+0000] {dag.py:3834} INFO - Setting next_dagrun for example_branch_dop_operator_v3 to 2024-04-22 16:43:00+00:00, run_after=2024-04-22 16:44:00+00:00
[2024-04-22T16:44:14.154+0000] {processor.py:183} INFO - Processing /home/airflow/.local/lib/python3.8/site-packages/airflow/example_dags/example_branch_python_dop_operator_3.py took 0.090 seconds
[2024-04-22T16:44:44.311+0000] {processor.py:161} INFO - Started process (PID=11765) to work on /home/airflow/.local/lib/python3.8/site-packages/airflow/example_dags/example_branch_python_dop_operator_3.py
[2024-04-22T16:44:44.313+0000] {processor.py:830} INFO - Processing file /home/airflow/.local/lib/python3.8/site-packages/airflow/example_dags/example_branch_python_dop_operator_3.py for tasks to queue
[2024-04-22T16:44:44.314+0000] {logging_mixin.py:188} INFO - [2024-04-22T16:44:44.314+0000] {dagbag.py:540} INFO - Filling up the DagBag from /home/airflow/.local/lib/python3.8/site-packages/airflow/example_dags/example_branch_python_dop_operator_3.py
[2024-04-22T16:44:44.326+0000] {processor.py:840} INFO - DAG(s) 'example_branch_dop_operator_v3' retrieved from /home/airflow/.local/lib/python3.8/site-packages/airflow/example_dags/example_branch_python_dop_operator_3.py
[2024-04-22T16:44:44.349+0000] {logging_mixin.py:188} INFO - [2024-04-22T16:44:44.349+0000] {dag.py:3047} INFO - Sync 1 DAGs
[2024-04-22T16:44:44.384+0000] {logging_mixin.py:188} INFO - [2024-04-22T16:44:44.383+0000] {dag.py:3834} INFO - Setting next_dagrun for example_branch_dop_operator_v3 to 2024-04-22 16:43:00+00:00, run_after=2024-04-22 16:44:00+00:00
[2024-04-22T16:44:44.412+0000] {processor.py:183} INFO - Processing /home/airflow/.local/lib/python3.8/site-packages/airflow/example_dags/example_branch_python_dop_operator_3.py took 0.104 seconds
[2024-04-22T16:45:14.518+0000] {processor.py:161} INFO - Started process (PID=12023) to work on /home/airflow/.local/lib/python3.8/site-packages/airflow/example_dags/example_branch_python_dop_operator_3.py
[2024-04-22T16:45:14.519+0000] {processor.py:830} INFO - Processing file /home/airflow/.local/lib/python3.8/site-packages/airflow/example_dags/example_branch_python_dop_operator_3.py for tasks to queue
[2024-04-22T16:45:14.520+0000] {logging_mixin.py:188} INFO - [2024-04-22T16:45:14.519+0000] {dagbag.py:540} INFO - Filling up the DagBag from /home/airflow/.local/lib/python3.8/site-packages/airflow/example_dags/example_branch_python_dop_operator_3.py
[2024-04-22T16:45:14.530+0000] {processor.py:840} INFO - DAG(s) 'example_branch_dop_operator_v3' retrieved from /home/airflow/.local/lib/python3.8/site-packages/airflow/example_dags/example_branch_python_dop_operator_3.py
[2024-04-22T16:45:14.555+0000] {logging_mixin.py:188} INFO - [2024-04-22T16:45:14.554+0000] {dag.py:3047} INFO - Sync 1 DAGs
[2024-04-22T16:45:14.583+0000] {logging_mixin.py:188} INFO - [2024-04-22T16:45:14.582+0000] {dag.py:3834} INFO - Setting next_dagrun for example_branch_dop_operator_v3 to 2024-04-22 16:44:00+00:00, run_after=2024-04-22 16:45:00+00:00
[2024-04-22T16:45:14.606+0000] {processor.py:183} INFO - Processing /home/airflow/.local/lib/python3.8/site-packages/airflow/example_dags/example_branch_python_dop_operator_3.py took 0.091 seconds
[2024-04-22T16:45:45.063+0000] {processor.py:161} INFO - Started process (PID=12279) to work on /home/airflow/.local/lib/python3.8/site-packages/airflow/example_dags/example_branch_python_dop_operator_3.py
[2024-04-22T16:45:45.064+0000] {processor.py:830} INFO - Processing file /home/airflow/.local/lib/python3.8/site-packages/airflow/example_dags/example_branch_python_dop_operator_3.py for tasks to queue
[2024-04-22T16:45:45.065+0000] {logging_mixin.py:188} INFO - [2024-04-22T16:45:45.065+0000] {dagbag.py:540} INFO - Filling up the DagBag from /home/airflow/.local/lib/python3.8/site-packages/airflow/example_dags/example_branch_python_dop_operator_3.py
[2024-04-22T16:45:45.094+0000] {processor.py:840} INFO - DAG(s) 'example_branch_dop_operator_v3' retrieved from /home/airflow/.local/lib/python3.8/site-packages/airflow/example_dags/example_branch_python_dop_operator_3.py
[2024-04-22T16:45:45.117+0000] {logging_mixin.py:188} INFO - [2024-04-22T16:45:45.116+0000] {dag.py:3047} INFO - Sync 1 DAGs
[2024-04-22T16:45:45.144+0000] {logging_mixin.py:188} INFO - [2024-04-22T16:45:45.144+0000] {dag.py:3834} INFO - Setting next_dagrun for example_branch_dop_operator_v3 to 2024-04-22 16:44:00+00:00, run_after=2024-04-22 16:45:00+00:00
[2024-04-22T16:45:45.167+0000] {processor.py:183} INFO - Processing /home/airflow/.local/lib/python3.8/site-packages/airflow/example_dags/example_branch_python_dop_operator_3.py took 0.108 seconds
[2024-04-22T16:46:15.383+0000] {processor.py:161} INFO - Started process (PID=12536) to work on /home/airflow/.local/lib/python3.8/site-packages/airflow/example_dags/example_branch_python_dop_operator_3.py
[2024-04-22T16:46:15.384+0000] {processor.py:830} INFO - Processing file /home/airflow/.local/lib/python3.8/site-packages/airflow/example_dags/example_branch_python_dop_operator_3.py for tasks to queue
[2024-04-22T16:46:15.385+0000] {logging_mixin.py:188} INFO - [2024-04-22T16:46:15.385+0000] {dagbag.py:540} INFO - Filling up the DagBag from /home/airflow/.local/lib/python3.8/site-packages/airflow/example_dags/example_branch_python_dop_operator_3.py
[2024-04-22T16:46:15.399+0000] {processor.py:840} INFO - DAG(s) 'example_branch_dop_operator_v3' retrieved from /home/airflow/.local/lib/python3.8/site-packages/airflow/example_dags/example_branch_python_dop_operator_3.py
[2024-04-22T16:46:15.426+0000] {logging_mixin.py:188} INFO - [2024-04-22T16:46:15.425+0000] {dag.py:3047} INFO - Sync 1 DAGs
[2024-04-22T16:46:15.474+0000] {logging_mixin.py:188} INFO - [2024-04-22T16:46:15.473+0000] {dag.py:3834} INFO - Setting next_dagrun for example_branch_dop_operator_v3 to 2024-04-22 16:45:00+00:00, run_after=2024-04-22 16:46:00+00:00
[2024-04-22T16:46:15.505+0000] {processor.py:183} INFO - Processing /home/airflow/.local/lib/python3.8/site-packages/airflow/example_dags/example_branch_python_dop_operator_3.py took 0.127 seconds
[2024-04-22T16:46:45.871+0000] {processor.py:161} INFO - Started process (PID=12794) to work on /home/airflow/.local/lib/python3.8/site-packages/airflow/example_dags/example_branch_python_dop_operator_3.py
[2024-04-22T16:46:45.872+0000] {processor.py:830} INFO - Processing file /home/airflow/.local/lib/python3.8/site-packages/airflow/example_dags/example_branch_python_dop_operator_3.py for tasks to queue
[2024-04-22T16:46:45.872+0000] {logging_mixin.py:188} INFO - [2024-04-22T16:46:45.872+0000] {dagbag.py:540} INFO - Filling up the DagBag from /home/airflow/.local/lib/python3.8/site-packages/airflow/example_dags/example_branch_python_dop_operator_3.py
[2024-04-22T16:46:45.883+0000] {processor.py:840} INFO - DAG(s) 'example_branch_dop_operator_v3' retrieved from /home/airflow/.local/lib/python3.8/site-packages/airflow/example_dags/example_branch_python_dop_operator_3.py
[2024-04-22T16:46:45.905+0000] {logging_mixin.py:188} INFO - [2024-04-22T16:46:45.904+0000] {dag.py:3047} INFO - Sync 1 DAGs
[2024-04-22T16:46:45.933+0000] {logging_mixin.py:188} INFO - [2024-04-22T16:46:45.932+0000] {dag.py:3834} INFO - Setting next_dagrun for example_branch_dop_operator_v3 to 2024-04-22 16:45:00+00:00, run_after=2024-04-22 16:46:00+00:00
[2024-04-22T16:46:45.955+0000] {processor.py:183} INFO - Processing /home/airflow/.local/lib/python3.8/site-packages/airflow/example_dags/example_branch_python_dop_operator_3.py took 0.088 seconds
[2024-04-22T16:47:16.164+0000] {processor.py:161} INFO - Started process (PID=13051) to work on /home/airflow/.local/lib/python3.8/site-packages/airflow/example_dags/example_branch_python_dop_operator_3.py
[2024-04-22T16:47:16.166+0000] {processor.py:830} INFO - Processing file /home/airflow/.local/lib/python3.8/site-packages/airflow/example_dags/example_branch_python_dop_operator_3.py for tasks to queue
[2024-04-22T16:47:16.167+0000] {logging_mixin.py:188} INFO - [2024-04-22T16:47:16.166+0000] {dagbag.py:540} INFO - Filling up the DagBag from /home/airflow/.local/lib/python3.8/site-packages/airflow/example_dags/example_branch_python_dop_operator_3.py
[2024-04-22T16:47:16.177+0000] {processor.py:840} INFO - DAG(s) 'example_branch_dop_operator_v3' retrieved from /home/airflow/.local/lib/python3.8/site-packages/airflow/example_dags/example_branch_python_dop_operator_3.py
[2024-04-22T16:47:16.199+0000] {logging_mixin.py:188} INFO - [2024-04-22T16:47:16.198+0000] {dag.py:3047} INFO - Sync 1 DAGs
[2024-04-22T16:47:16.227+0000] {logging_mixin.py:188} INFO - [2024-04-22T16:47:16.227+0000] {dag.py:3834} INFO - Setting next_dagrun for example_branch_dop_operator_v3 to 2024-04-22 16:46:00+00:00, run_after=2024-04-22 16:47:00+00:00
[2024-04-22T16:47:16.250+0000] {processor.py:183} INFO - Processing /home/airflow/.local/lib/python3.8/site-packages/airflow/example_dags/example_branch_python_dop_operator_3.py took 0.089 seconds
[2024-04-22T16:47:46.712+0000] {processor.py:161} INFO - Started process (PID=13309) to work on /home/airflow/.local/lib/python3.8/site-packages/airflow/example_dags/example_branch_python_dop_operator_3.py
[2024-04-22T16:47:46.715+0000] {processor.py:830} INFO - Processing file /home/airflow/.local/lib/python3.8/site-packages/airflow/example_dags/example_branch_python_dop_operator_3.py for tasks to queue
[2024-04-22T16:47:46.716+0000] {logging_mixin.py:188} INFO - [2024-04-22T16:47:46.716+0000] {dagbag.py:540} INFO - Filling up the DagBag from /home/airflow/.local/lib/python3.8/site-packages/airflow/example_dags/example_branch_python_dop_operator_3.py
[2024-04-22T16:47:46.728+0000] {processor.py:840} INFO - DAG(s) 'example_branch_dop_operator_v3' retrieved from /home/airflow/.local/lib/python3.8/site-packages/airflow/example_dags/example_branch_python_dop_operator_3.py
[2024-04-22T16:47:46.749+0000] {logging_mixin.py:188} INFO - [2024-04-22T16:47:46.748+0000] {dag.py:3047} INFO - Sync 1 DAGs
[2024-04-22T16:47:46.784+0000] {logging_mixin.py:188} INFO - [2024-04-22T16:47:46.784+0000] {dag.py:3834} INFO - Setting next_dagrun for example_branch_dop_operator_v3 to 2024-04-22 16:46:00+00:00, run_after=2024-04-22 16:47:00+00:00
[2024-04-22T16:47:46.810+0000] {processor.py:183} INFO - Processing /home/airflow/.local/lib/python3.8/site-packages/airflow/example_dags/example_branch_python_dop_operator_3.py took 0.115 seconds
[2024-04-22T16:48:17.142+0000] {processor.py:161} INFO - Started process (PID=13566) to work on /home/airflow/.local/lib/python3.8/site-packages/airflow/example_dags/example_branch_python_dop_operator_3.py
[2024-04-22T16:48:17.142+0000] {processor.py:830} INFO - Processing file /home/airflow/.local/lib/python3.8/site-packages/airflow/example_dags/example_branch_python_dop_operator_3.py for tasks to queue
[2024-04-22T16:48:17.143+0000] {logging_mixin.py:188} INFO - [2024-04-22T16:48:17.143+0000] {dagbag.py:540} INFO - Filling up the DagBag from /home/airflow/.local/lib/python3.8/site-packages/airflow/example_dags/example_branch_python_dop_operator_3.py
[2024-04-22T16:48:17.155+0000] {processor.py:840} INFO - DAG(s) 'example_branch_dop_operator_v3' retrieved from /home/airflow/.local/lib/python3.8/site-packages/airflow/example_dags/example_branch_python_dop_operator_3.py
[2024-04-22T16:48:17.177+0000] {logging_mixin.py:188} INFO - [2024-04-22T16:48:17.177+0000] {dag.py:3047} INFO - Sync 1 DAGs
[2024-04-22T16:48:17.222+0000] {logging_mixin.py:188} INFO - [2024-04-22T16:48:17.222+0000] {dag.py:3834} INFO - Setting next_dagrun for example_branch_dop_operator_v3 to 2024-04-22 16:47:00+00:00, run_after=2024-04-22 16:48:00+00:00
[2024-04-22T16:48:17.247+0000] {processor.py:183} INFO - Processing /home/airflow/.local/lib/python3.8/site-packages/airflow/example_dags/example_branch_python_dop_operator_3.py took 0.109 seconds
[2024-04-22T16:48:47.535+0000] {processor.py:161} INFO - Started process (PID=13824) to work on /home/airflow/.local/lib/python3.8/site-packages/airflow/example_dags/example_branch_python_dop_operator_3.py
[2024-04-22T16:48:47.536+0000] {processor.py:830} INFO - Processing file /home/airflow/.local/lib/python3.8/site-packages/airflow/example_dags/example_branch_python_dop_operator_3.py for tasks to queue
[2024-04-22T16:48:47.537+0000] {logging_mixin.py:188} INFO - [2024-04-22T16:48:47.537+0000] {dagbag.py:540} INFO - Filling up the DagBag from /home/airflow/.local/lib/python3.8/site-packages/airflow/example_dags/example_branch_python_dop_operator_3.py
[2024-04-22T16:48:47.549+0000] {processor.py:840} INFO - DAG(s) 'example_branch_dop_operator_v3' retrieved from /home/airflow/.local/lib/python3.8/site-packages/airflow/example_dags/example_branch_python_dop_operator_3.py
[2024-04-22T16:48:47.571+0000] {logging_mixin.py:188} INFO - [2024-04-22T16:48:47.571+0000] {dag.py:3047} INFO - Sync 1 DAGs
[2024-04-22T16:48:47.607+0000] {logging_mixin.py:188} INFO - [2024-04-22T16:48:47.606+0000] {dag.py:3834} INFO - Setting next_dagrun for example_branch_dop_operator_v3 to 2024-04-22 16:47:00+00:00, run_after=2024-04-22 16:48:00+00:00
[2024-04-22T16:48:47.632+0000] {processor.py:183} INFO - Processing /home/airflow/.local/lib/python3.8/site-packages/airflow/example_dags/example_branch_python_dop_operator_3.py took 0.100 seconds
[2024-04-22T16:49:17.902+0000] {processor.py:161} INFO - Started process (PID=14082) to work on /home/airflow/.local/lib/python3.8/site-packages/airflow/example_dags/example_branch_python_dop_operator_3.py
[2024-04-22T16:49:17.903+0000] {processor.py:830} INFO - Processing file /home/airflow/.local/lib/python3.8/site-packages/airflow/example_dags/example_branch_python_dop_operator_3.py for tasks to queue
[2024-04-22T16:49:17.908+0000] {logging_mixin.py:188} INFO - [2024-04-22T16:49:17.903+0000] {dagbag.py:540} INFO - Filling up the DagBag from /home/airflow/.local/lib/python3.8/site-packages/airflow/example_dags/example_branch_python_dop_operator_3.py
[2024-04-22T16:49:17.918+0000] {processor.py:840} INFO - DAG(s) 'example_branch_dop_operator_v3' retrieved from /home/airflow/.local/lib/python3.8/site-packages/airflow/example_dags/example_branch_python_dop_operator_3.py
[2024-04-22T16:49:17.946+0000] {logging_mixin.py:188} INFO - [2024-04-22T16:49:17.945+0000] {dag.py:3047} INFO - Sync 1 DAGs
[2024-04-22T16:49:17.977+0000] {logging_mixin.py:188} INFO - [2024-04-22T16:49:17.976+0000] {dag.py:3834} INFO - Setting next_dagrun for example_branch_dop_operator_v3 to 2024-04-22 16:48:00+00:00, run_after=2024-04-22 16:49:00+00:00
[2024-04-22T16:49:18.013+0000] {processor.py:183} INFO - Processing /home/airflow/.local/lib/python3.8/site-packages/airflow/example_dags/example_branch_python_dop_operator_3.py took 0.114 seconds
[2024-04-22T16:49:48.399+0000] {processor.py:161} INFO - Started process (PID=14339) to work on /home/airflow/.local/lib/python3.8/site-packages/airflow/example_dags/example_branch_python_dop_operator_3.py
[2024-04-22T16:49:48.400+0000] {processor.py:830} INFO - Processing file /home/airflow/.local/lib/python3.8/site-packages/airflow/example_dags/example_branch_python_dop_operator_3.py for tasks to queue
[2024-04-22T16:49:48.401+0000] {logging_mixin.py:188} INFO - [2024-04-22T16:49:48.400+0000] {dagbag.py:540} INFO - Filling up the DagBag from /home/airflow/.local/lib/python3.8/site-packages/airflow/example_dags/example_branch_python_dop_operator_3.py
[2024-04-22T16:49:48.418+0000] {processor.py:840} INFO - DAG(s) 'example_branch_dop_operator_v3' retrieved from /home/airflow/.local/lib/python3.8/site-packages/airflow/example_dags/example_branch_python_dop_operator_3.py
[2024-04-22T16:49:48.484+0000] {logging_mixin.py:188} INFO - [2024-04-22T16:49:48.484+0000] {dag.py:3047} INFO - Sync 1 DAGs
[2024-04-22T16:49:48.515+0000] {logging_mixin.py:188} INFO - [2024-04-22T16:49:48.515+0000] {dag.py:3834} INFO - Setting next_dagrun for example_branch_dop_operator_v3 to 2024-04-22 16:48:00+00:00, run_after=2024-04-22 16:49:00+00:00
[2024-04-22T16:49:48.549+0000] {processor.py:183} INFO - Processing /home/airflow/.local/lib/python3.8/site-packages/airflow/example_dags/example_branch_python_dop_operator_3.py took 0.153 seconds
[2024-04-22T16:50:19.048+0000] {processor.py:161} INFO - Started process (PID=14596) to work on /home/airflow/.local/lib/python3.8/site-packages/airflow/example_dags/example_branch_python_dop_operator_3.py
[2024-04-22T16:50:19.049+0000] {processor.py:830} INFO - Processing file /home/airflow/.local/lib/python3.8/site-packages/airflow/example_dags/example_branch_python_dop_operator_3.py for tasks to queue
[2024-04-22T16:50:19.050+0000] {logging_mixin.py:188} INFO - [2024-04-22T16:50:19.049+0000] {dagbag.py:540} INFO - Filling up the DagBag from /home/airflow/.local/lib/python3.8/site-packages/airflow/example_dags/example_branch_python_dop_operator_3.py
[2024-04-22T16:50:19.065+0000] {processor.py:840} INFO - DAG(s) 'example_branch_dop_operator_v3' retrieved from /home/airflow/.local/lib/python3.8/site-packages/airflow/example_dags/example_branch_python_dop_operator_3.py
[2024-04-22T16:50:19.087+0000] {logging_mixin.py:188} INFO - [2024-04-22T16:50:19.087+0000] {dag.py:3047} INFO - Sync 1 DAGs
[2024-04-22T16:50:19.139+0000] {logging_mixin.py:188} INFO - [2024-04-22T16:50:19.139+0000] {dag.py:3834} INFO - Setting next_dagrun for example_branch_dop_operator_v3 to 2024-04-22 16:49:00+00:00, run_after=2024-04-22 16:50:00+00:00
[2024-04-22T16:50:19.164+0000] {processor.py:183} INFO - Processing /home/airflow/.local/lib/python3.8/site-packages/airflow/example_dags/example_branch_python_dop_operator_3.py took 0.120 seconds
[2024-04-22T16:50:49.344+0000] {processor.py:161} INFO - Started process (PID=14854) to work on /home/airflow/.local/lib/python3.8/site-packages/airflow/example_dags/example_branch_python_dop_operator_3.py
[2024-04-22T16:50:49.346+0000] {processor.py:830} INFO - Processing file /home/airflow/.local/lib/python3.8/site-packages/airflow/example_dags/example_branch_python_dop_operator_3.py for tasks to queue
[2024-04-22T16:50:49.347+0000] {logging_mixin.py:188} INFO - [2024-04-22T16:50:49.346+0000] {dagbag.py:540} INFO - Filling up the DagBag from /home/airflow/.local/lib/python3.8/site-packages/airflow/example_dags/example_branch_python_dop_operator_3.py
[2024-04-22T16:50:49.360+0000] {processor.py:840} INFO - DAG(s) 'example_branch_dop_operator_v3' retrieved from /home/airflow/.local/lib/python3.8/site-packages/airflow/example_dags/example_branch_python_dop_operator_3.py
[2024-04-22T16:50:49.392+0000] {logging_mixin.py:188} INFO - [2024-04-22T16:50:49.391+0000] {dag.py:3047} INFO - Sync 1 DAGs
[2024-04-22T16:50:49.438+0000] {logging_mixin.py:188} INFO - [2024-04-22T16:50:49.437+0000] {dag.py:3834} INFO - Setting next_dagrun for example_branch_dop_operator_v3 to 2024-04-22 16:49:00+00:00, run_after=2024-04-22 16:50:00+00:00
[2024-04-22T16:50:49.466+0000] {processor.py:183} INFO - Processing /home/airflow/.local/lib/python3.8/site-packages/airflow/example_dags/example_branch_python_dop_operator_3.py took 0.125 seconds
[2024-04-22T16:51:19.910+0000] {processor.py:161} INFO - Started process (PID=15111) to work on /home/airflow/.local/lib/python3.8/site-packages/airflow/example_dags/example_branch_python_dop_operator_3.py
[2024-04-22T16:51:19.911+0000] {processor.py:830} INFO - Processing file /home/airflow/.local/lib/python3.8/site-packages/airflow/example_dags/example_branch_python_dop_operator_3.py for tasks to queue
[2024-04-22T16:51:19.912+0000] {logging_mixin.py:188} INFO - [2024-04-22T16:51:19.912+0000] {dagbag.py:540} INFO - Filling up the DagBag from /home/airflow/.local/lib/python3.8/site-packages/airflow/example_dags/example_branch_python_dop_operator_3.py
[2024-04-22T16:51:19.922+0000] {processor.py:840} INFO - DAG(s) 'example_branch_dop_operator_v3' retrieved from /home/airflow/.local/lib/python3.8/site-packages/airflow/example_dags/example_branch_python_dop_operator_3.py
[2024-04-22T16:51:19.945+0000] {logging_mixin.py:188} INFO - [2024-04-22T16:51:19.945+0000] {dag.py:3047} INFO - Sync 1 DAGs
[2024-04-22T16:51:19.976+0000] {logging_mixin.py:188} INFO - [2024-04-22T16:51:19.975+0000] {dag.py:3834} INFO - Setting next_dagrun for example_branch_dop_operator_v3 to 2024-04-22 16:50:00+00:00, run_after=2024-04-22 16:51:00+00:00
[2024-04-22T16:51:20.002+0000] {processor.py:183} INFO - Processing /home/airflow/.local/lib/python3.8/site-packages/airflow/example_dags/example_branch_python_dop_operator_3.py took 0.095 seconds
[2024-04-22T16:51:50.162+0000] {processor.py:161} INFO - Started process (PID=15362) to work on /home/airflow/.local/lib/python3.8/site-packages/airflow/example_dags/example_branch_python_dop_operator_3.py
[2024-04-22T16:51:50.163+0000] {processor.py:830} INFO - Processing file /home/airflow/.local/lib/python3.8/site-packages/airflow/example_dags/example_branch_python_dop_operator_3.py for tasks to queue
[2024-04-22T16:51:50.164+0000] {logging_mixin.py:188} INFO - [2024-04-22T16:51:50.163+0000] {dagbag.py:540} INFO - Filling up the DagBag from /home/airflow/.local/lib/python3.8/site-packages/airflow/example_dags/example_branch_python_dop_operator_3.py
[2024-04-22T16:51:50.174+0000] {processor.py:840} INFO - DAG(s) 'example_branch_dop_operator_v3' retrieved from /home/airflow/.local/lib/python3.8/site-packages/airflow/example_dags/example_branch_python_dop_operator_3.py
[2024-04-22T16:51:50.197+0000] {logging_mixin.py:188} INFO - [2024-04-22T16:51:50.196+0000] {dag.py:3047} INFO - Sync 1 DAGs
[2024-04-22T16:51:50.225+0000] {logging_mixin.py:188} INFO - [2024-04-22T16:51:50.225+0000] {dag.py:3834} INFO - Setting next_dagrun for example_branch_dop_operator_v3 to 2024-04-22 16:50:00+00:00, run_after=2024-04-22 16:51:00+00:00
[2024-04-22T16:51:50.249+0000] {processor.py:183} INFO - Processing /home/airflow/.local/lib/python3.8/site-packages/airflow/example_dags/example_branch_python_dop_operator_3.py took 0.091 seconds
[2024-04-22T16:52:20.502+0000] {processor.py:161} INFO - Started process (PID=15620) to work on /home/airflow/.local/lib/python3.8/site-packages/airflow/example_dags/example_branch_python_dop_operator_3.py
[2024-04-22T16:52:20.503+0000] {processor.py:830} INFO - Processing file /home/airflow/.local/lib/python3.8/site-packages/airflow/example_dags/example_branch_python_dop_operator_3.py for tasks to queue
[2024-04-22T16:52:20.504+0000] {logging_mixin.py:188} INFO - [2024-04-22T16:52:20.504+0000] {dagbag.py:540} INFO - Filling up the DagBag from /home/airflow/.local/lib/python3.8/site-packages/airflow/example_dags/example_branch_python_dop_operator_3.py
[2024-04-22T16:52:20.515+0000] {processor.py:840} INFO - DAG(s) 'example_branch_dop_operator_v3' retrieved from /home/airflow/.local/lib/python3.8/site-packages/airflow/example_dags/example_branch_python_dop_operator_3.py
[2024-04-22T16:52:20.537+0000] {logging_mixin.py:188} INFO - [2024-04-22T16:52:20.536+0000] {dag.py:3047} INFO - Sync 1 DAGs
[2024-04-22T16:52:20.567+0000] {logging_mixin.py:188} INFO - [2024-04-22T16:52:20.567+0000] {dag.py:3834} INFO - Setting next_dagrun for example_branch_dop_operator_v3 to 2024-04-22 16:51:00+00:00, run_after=2024-04-22 16:52:00+00:00
[2024-04-22T16:52:20.590+0000] {processor.py:183} INFO - Processing /home/airflow/.local/lib/python3.8/site-packages/airflow/example_dags/example_branch_python_dop_operator_3.py took 0.092 seconds
[2024-04-22T16:52:50.976+0000] {processor.py:161} INFO - Started process (PID=15877) to work on /home/airflow/.local/lib/python3.8/site-packages/airflow/example_dags/example_branch_python_dop_operator_3.py
[2024-04-22T16:52:50.976+0000] {processor.py:830} INFO - Processing file /home/airflow/.local/lib/python3.8/site-packages/airflow/example_dags/example_branch_python_dop_operator_3.py for tasks to queue
[2024-04-22T16:52:50.977+0000] {logging_mixin.py:188} INFO - [2024-04-22T16:52:50.977+0000] {dagbag.py:540} INFO - Filling up the DagBag from /home/airflow/.local/lib/python3.8/site-packages/airflow/example_dags/example_branch_python_dop_operator_3.py
[2024-04-22T16:52:50.988+0000] {processor.py:840} INFO - DAG(s) 'example_branch_dop_operator_v3' retrieved from /home/airflow/.local/lib/python3.8/site-packages/airflow/example_dags/example_branch_python_dop_operator_3.py
[2024-04-22T16:52:51.010+0000] {logging_mixin.py:188} INFO - [2024-04-22T16:52:51.010+0000] {dag.py:3047} INFO - Sync 1 DAGs
[2024-04-22T16:52:51.040+0000] {logging_mixin.py:188} INFO - [2024-04-22T16:52:51.040+0000] {dag.py:3834} INFO - Setting next_dagrun for example_branch_dop_operator_v3 to 2024-04-22 16:51:00+00:00, run_after=2024-04-22 16:52:00+00:00
[2024-04-22T16:52:51.062+0000] {processor.py:183} INFO - Processing /home/airflow/.local/lib/python3.8/site-packages/airflow/example_dags/example_branch_python_dop_operator_3.py took 0.089 seconds
[2024-04-22T16:53:21.304+0000] {processor.py:161} INFO - Started process (PID=16136) to work on /home/airflow/.local/lib/python3.8/site-packages/airflow/example_dags/example_branch_python_dop_operator_3.py
[2024-04-22T16:53:21.305+0000] {processor.py:830} INFO - Processing file /home/airflow/.local/lib/python3.8/site-packages/airflow/example_dags/example_branch_python_dop_operator_3.py for tasks to queue
[2024-04-22T16:53:21.306+0000] {logging_mixin.py:188} INFO - [2024-04-22T16:53:21.305+0000] {dagbag.py:540} INFO - Filling up the DagBag from /home/airflow/.local/lib/python3.8/site-packages/airflow/example_dags/example_branch_python_dop_operator_3.py
[2024-04-22T16:53:21.316+0000] {processor.py:840} INFO - DAG(s) 'example_branch_dop_operator_v3' retrieved from /home/airflow/.local/lib/python3.8/site-packages/airflow/example_dags/example_branch_python_dop_operator_3.py
[2024-04-22T16:53:21.342+0000] {logging_mixin.py:188} INFO - [2024-04-22T16:53:21.342+0000] {dag.py:3047} INFO - Sync 1 DAGs
[2024-04-22T16:53:21.381+0000] {logging_mixin.py:188} INFO - [2024-04-22T16:53:21.381+0000] {dag.py:3834} INFO - Setting next_dagrun for example_branch_dop_operator_v3 to 2024-04-22 16:52:00+00:00, run_after=2024-04-22 16:53:00+00:00
[2024-04-22T16:53:21.404+0000] {processor.py:183} INFO - Processing /home/airflow/.local/lib/python3.8/site-packages/airflow/example_dags/example_branch_python_dop_operator_3.py took 0.103 seconds
[2024-04-22T16:53:52.099+0000] {processor.py:161} INFO - Started process (PID=16393) to work on /home/airflow/.local/lib/python3.8/site-packages/airflow/example_dags/example_branch_python_dop_operator_3.py
[2024-04-22T16:53:52.100+0000] {processor.py:830} INFO - Processing file /home/airflow/.local/lib/python3.8/site-packages/airflow/example_dags/example_branch_python_dop_operator_3.py for tasks to queue
[2024-04-22T16:53:52.101+0000] {logging_mixin.py:188} INFO - [2024-04-22T16:53:52.101+0000] {dagbag.py:540} INFO - Filling up the DagBag from /home/airflow/.local/lib/python3.8/site-packages/airflow/example_dags/example_branch_python_dop_operator_3.py
[2024-04-22T16:53:52.112+0000] {processor.py:840} INFO - DAG(s) 'example_branch_dop_operator_v3' retrieved from /home/airflow/.local/lib/python3.8/site-packages/airflow/example_dags/example_branch_python_dop_operator_3.py
[2024-04-22T16:53:52.133+0000] {logging_mixin.py:188} INFO - [2024-04-22T16:53:52.133+0000] {dag.py:3047} INFO - Sync 1 DAGs
[2024-04-22T16:53:52.163+0000] {logging_mixin.py:188} INFO - [2024-04-22T16:53:52.163+0000] {dag.py:3834} INFO - Setting next_dagrun for example_branch_dop_operator_v3 to 2024-04-22 16:52:00+00:00, run_after=2024-04-22 16:53:00+00:00
[2024-04-22T16:53:52.184+0000] {processor.py:183} INFO - Processing /home/airflow/.local/lib/python3.8/site-packages/airflow/example_dags/example_branch_python_dop_operator_3.py took 0.089 seconds
[2024-04-22T16:54:22.292+0000] {processor.py:161} INFO - Started process (PID=16651) to work on /home/airflow/.local/lib/python3.8/site-packages/airflow/example_dags/example_branch_python_dop_operator_3.py
[2024-04-22T16:54:22.293+0000] {processor.py:830} INFO - Processing file /home/airflow/.local/lib/python3.8/site-packages/airflow/example_dags/example_branch_python_dop_operator_3.py for tasks to queue
[2024-04-22T16:54:22.294+0000] {logging_mixin.py:188} INFO - [2024-04-22T16:54:22.294+0000] {dagbag.py:540} INFO - Filling up the DagBag from /home/airflow/.local/lib/python3.8/site-packages/airflow/example_dags/example_branch_python_dop_operator_3.py
[2024-04-22T16:54:22.304+0000] {processor.py:840} INFO - DAG(s) 'example_branch_dop_operator_v3' retrieved from /home/airflow/.local/lib/python3.8/site-packages/airflow/example_dags/example_branch_python_dop_operator_3.py
[2024-04-22T16:54:22.342+0000] {logging_mixin.py:188} INFO - [2024-04-22T16:54:22.341+0000] {dag.py:3047} INFO - Sync 1 DAGs
[2024-04-22T16:54:22.395+0000] {logging_mixin.py:188} INFO - [2024-04-22T16:54:22.394+0000] {dag.py:3834} INFO - Setting next_dagrun for example_branch_dop_operator_v3 to 2024-04-22 16:53:00+00:00, run_after=2024-04-22 16:54:00+00:00
[2024-04-22T16:54:22.424+0000] {processor.py:183} INFO - Processing /home/airflow/.local/lib/python3.8/site-packages/airflow/example_dags/example_branch_python_dop_operator_3.py took 0.136 seconds
