[2024-04-22T16:22:03.786+0000] {processor.py:161} INFO - Started process (PID=391) to work on /home/airflow/.local/lib/python3.8/site-packages/airflow/example_dags/example_bash_operator.py
[2024-04-22T16:22:03.787+0000] {processor.py:830} INFO - Processing file /home/airflow/.local/lib/python3.8/site-packages/airflow/example_dags/example_bash_operator.py for tasks to queue
[2024-04-22T16:22:03.788+0000] {logging_mixin.py:188} INFO - [2024-04-22T16:22:03.788+0000] {dagbag.py:540} INFO - Filling up the DagBag from /home/airflow/.local/lib/python3.8/site-packages/airflow/example_dags/example_bash_operator.py
[2024-04-22T16:22:03.810+0000] {processor.py:840} INFO - DAG(s) 'example_bash_operator' retrieved from /home/airflow/.local/lib/python3.8/site-packages/airflow/example_dags/example_bash_operator.py
[2024-04-22T16:22:03.899+0000] {logging_mixin.py:188} INFO - [2024-04-22T16:22:03.899+0000] {dag.py:3047} INFO - Sync 1 DAGs
[2024-04-22T16:22:04.021+0000] {logging_mixin.py:188} INFO - [2024-04-22T16:22:04.020+0000] {dag.py:3834} INFO - Setting next_dagrun for example_bash_operator to 2024-04-21 00:00:00+00:00, run_after=2024-04-22 00:00:00+00:00
[2024-04-22T16:22:04.065+0000] {processor.py:183} INFO - Processing /home/airflow/.local/lib/python3.8/site-packages/airflow/example_dags/example_bash_operator.py took 0.285 seconds
[2024-04-22T16:22:34.566+0000] {processor.py:161} INFO - Started process (PID=646) to work on /home/airflow/.local/lib/python3.8/site-packages/airflow/example_dags/example_bash_operator.py
[2024-04-22T16:22:34.567+0000] {processor.py:830} INFO - Processing file /home/airflow/.local/lib/python3.8/site-packages/airflow/example_dags/example_bash_operator.py for tasks to queue
[2024-04-22T16:22:34.568+0000] {logging_mixin.py:188} INFO - [2024-04-22T16:22:34.568+0000] {dagbag.py:540} INFO - Filling up the DagBag from /home/airflow/.local/lib/python3.8/site-packages/airflow/example_dags/example_bash_operator.py
[2024-04-22T16:22:34.600+0000] {processor.py:840} INFO - DAG(s) 'example_bash_operator' retrieved from /home/airflow/.local/lib/python3.8/site-packages/airflow/example_dags/example_bash_operator.py
[2024-04-22T16:22:34.682+0000] {logging_mixin.py:188} INFO - [2024-04-22T16:22:34.682+0000] {dag.py:3047} INFO - Sync 1 DAGs
[2024-04-22T16:22:34.796+0000] {logging_mixin.py:188} INFO - [2024-04-22T16:22:34.795+0000] {dag.py:3834} INFO - Setting next_dagrun for example_bash_operator to 2024-04-21 00:00:00+00:00, run_after=2024-04-22 00:00:00+00:00
[2024-04-22T16:22:34.847+0000] {processor.py:183} INFO - Processing /home/airflow/.local/lib/python3.8/site-packages/airflow/example_dags/example_bash_operator.py took 0.284 seconds
[2024-04-22T16:23:05.740+0000] {processor.py:161} INFO - Started process (PID=905) to work on /home/airflow/.local/lib/python3.8/site-packages/airflow/example_dags/example_bash_operator.py
[2024-04-22T16:23:05.743+0000] {processor.py:830} INFO - Processing file /home/airflow/.local/lib/python3.8/site-packages/airflow/example_dags/example_bash_operator.py for tasks to queue
[2024-04-22T16:23:05.746+0000] {logging_mixin.py:188} INFO - [2024-04-22T16:23:05.745+0000] {dagbag.py:540} INFO - Filling up the DagBag from /home/airflow/.local/lib/python3.8/site-packages/airflow/example_dags/example_bash_operator.py
[2024-04-22T16:23:05.793+0000] {processor.py:840} INFO - DAG(s) 'example_bash_operator' retrieved from /home/airflow/.local/lib/python3.8/site-packages/airflow/example_dags/example_bash_operator.py
[2024-04-22T16:23:05.864+0000] {logging_mixin.py:188} INFO - [2024-04-22T16:23:05.864+0000] {dag.py:3047} INFO - Sync 1 DAGs
[2024-04-22T16:23:05.890+0000] {logging_mixin.py:188} INFO - [2024-04-22T16:23:05.890+0000] {dag.py:3834} INFO - Setting next_dagrun for example_bash_operator to 2024-04-21 00:00:00+00:00, run_after=2024-04-22 00:00:00+00:00
[2024-04-22T16:23:05.914+0000] {processor.py:183} INFO - Processing /home/airflow/.local/lib/python3.8/site-packages/airflow/example_dags/example_bash_operator.py took 0.189 seconds
[2024-04-22T16:23:36.459+0000] {processor.py:161} INFO - Started process (PID=1167) to work on /home/airflow/.local/lib/python3.8/site-packages/airflow/example_dags/example_bash_operator.py
[2024-04-22T16:23:36.460+0000] {processor.py:830} INFO - Processing file /home/airflow/.local/lib/python3.8/site-packages/airflow/example_dags/example_bash_operator.py for tasks to queue
[2024-04-22T16:23:36.461+0000] {logging_mixin.py:188} INFO - [2024-04-22T16:23:36.461+0000] {dagbag.py:540} INFO - Filling up the DagBag from /home/airflow/.local/lib/python3.8/site-packages/airflow/example_dags/example_bash_operator.py
[2024-04-22T16:23:36.475+0000] {processor.py:840} INFO - DAG(s) 'example_bash_operator' retrieved from /home/airflow/.local/lib/python3.8/site-packages/airflow/example_dags/example_bash_operator.py
[2024-04-22T16:23:36.511+0000] {logging_mixin.py:188} INFO - [2024-04-22T16:23:36.511+0000] {dag.py:3047} INFO - Sync 1 DAGs
[2024-04-22T16:23:36.538+0000] {logging_mixin.py:188} INFO - [2024-04-22T16:23:36.537+0000] {dag.py:3834} INFO - Setting next_dagrun for example_bash_operator to 2024-04-21 00:00:00+00:00, run_after=2024-04-22 00:00:00+00:00
[2024-04-22T16:23:36.566+0000] {processor.py:183} INFO - Processing /home/airflow/.local/lib/python3.8/site-packages/airflow/example_dags/example_bash_operator.py took 0.110 seconds
[2024-04-22T16:24:07.090+0000] {processor.py:161} INFO - Started process (PID=1418) to work on /home/airflow/.local/lib/python3.8/site-packages/airflow/example_dags/example_bash_operator.py
[2024-04-22T16:24:07.091+0000] {processor.py:830} INFO - Processing file /home/airflow/.local/lib/python3.8/site-packages/airflow/example_dags/example_bash_operator.py for tasks to queue
[2024-04-22T16:24:07.092+0000] {logging_mixin.py:188} INFO - [2024-04-22T16:24:07.091+0000] {dagbag.py:540} INFO - Filling up the DagBag from /home/airflow/.local/lib/python3.8/site-packages/airflow/example_dags/example_bash_operator.py
[2024-04-22T16:24:07.105+0000] {processor.py:840} INFO - DAG(s) 'example_bash_operator' retrieved from /home/airflow/.local/lib/python3.8/site-packages/airflow/example_dags/example_bash_operator.py
[2024-04-22T16:24:07.141+0000] {logging_mixin.py:188} INFO - [2024-04-22T16:24:07.141+0000] {dag.py:3047} INFO - Sync 1 DAGs
[2024-04-22T16:24:07.166+0000] {logging_mixin.py:188} INFO - [2024-04-22T16:24:07.166+0000] {dag.py:3834} INFO - Setting next_dagrun for example_bash_operator to 2024-04-21 00:00:00+00:00, run_after=2024-04-22 00:00:00+00:00
[2024-04-22T16:24:07.192+0000] {processor.py:183} INFO - Processing /home/airflow/.local/lib/python3.8/site-packages/airflow/example_dags/example_bash_operator.py took 0.106 seconds
[2024-04-22T16:24:37.648+0000] {processor.py:161} INFO - Started process (PID=1676) to work on /home/airflow/.local/lib/python3.8/site-packages/airflow/example_dags/example_bash_operator.py
[2024-04-22T16:24:37.649+0000] {processor.py:830} INFO - Processing file /home/airflow/.local/lib/python3.8/site-packages/airflow/example_dags/example_bash_operator.py for tasks to queue
[2024-04-22T16:24:37.650+0000] {logging_mixin.py:188} INFO - [2024-04-22T16:24:37.649+0000] {dagbag.py:540} INFO - Filling up the DagBag from /home/airflow/.local/lib/python3.8/site-packages/airflow/example_dags/example_bash_operator.py
[2024-04-22T16:24:37.663+0000] {processor.py:840} INFO - DAG(s) 'example_bash_operator' retrieved from /home/airflow/.local/lib/python3.8/site-packages/airflow/example_dags/example_bash_operator.py
[2024-04-22T16:24:37.700+0000] {logging_mixin.py:188} INFO - [2024-04-22T16:24:37.699+0000] {dag.py:3047} INFO - Sync 1 DAGs
[2024-04-22T16:24:37.729+0000] {logging_mixin.py:188} INFO - [2024-04-22T16:24:37.729+0000] {dag.py:3834} INFO - Setting next_dagrun for example_bash_operator to 2024-04-21 00:00:00+00:00, run_after=2024-04-22 00:00:00+00:00
[2024-04-22T16:24:37.756+0000] {processor.py:183} INFO - Processing /home/airflow/.local/lib/python3.8/site-packages/airflow/example_dags/example_bash_operator.py took 0.111 seconds
[2024-04-22T16:25:08.382+0000] {processor.py:161} INFO - Started process (PID=1933) to work on /home/airflow/.local/lib/python3.8/site-packages/airflow/example_dags/example_bash_operator.py
[2024-04-22T16:25:08.383+0000] {processor.py:830} INFO - Processing file /home/airflow/.local/lib/python3.8/site-packages/airflow/example_dags/example_bash_operator.py for tasks to queue
[2024-04-22T16:25:08.384+0000] {logging_mixin.py:188} INFO - [2024-04-22T16:25:08.384+0000] {dagbag.py:540} INFO - Filling up the DagBag from /home/airflow/.local/lib/python3.8/site-packages/airflow/example_dags/example_bash_operator.py
[2024-04-22T16:25:08.397+0000] {processor.py:840} INFO - DAG(s) 'example_bash_operator' retrieved from /home/airflow/.local/lib/python3.8/site-packages/airflow/example_dags/example_bash_operator.py
[2024-04-22T16:25:08.435+0000] {logging_mixin.py:188} INFO - [2024-04-22T16:25:08.435+0000] {dag.py:3047} INFO - Sync 1 DAGs
[2024-04-22T16:25:08.462+0000] {logging_mixin.py:188} INFO - [2024-04-22T16:25:08.462+0000] {dag.py:3834} INFO - Setting next_dagrun for example_bash_operator to 2024-04-21 00:00:00+00:00, run_after=2024-04-22 00:00:00+00:00
[2024-04-22T16:25:08.486+0000] {processor.py:183} INFO - Processing /home/airflow/.local/lib/python3.8/site-packages/airflow/example_dags/example_bash_operator.py took 0.108 seconds
[2024-04-22T16:25:38.689+0000] {processor.py:161} INFO - Started process (PID=2192) to work on /home/airflow/.local/lib/python3.8/site-packages/airflow/example_dags/example_bash_operator.py
[2024-04-22T16:25:38.690+0000] {processor.py:830} INFO - Processing file /home/airflow/.local/lib/python3.8/site-packages/airflow/example_dags/example_bash_operator.py for tasks to queue
[2024-04-22T16:25:38.691+0000] {logging_mixin.py:188} INFO - [2024-04-22T16:25:38.690+0000] {dagbag.py:540} INFO - Filling up the DagBag from /home/airflow/.local/lib/python3.8/site-packages/airflow/example_dags/example_bash_operator.py
[2024-04-22T16:25:38.700+0000] {processor.py:840} INFO - DAG(s) 'example_bash_operator' retrieved from /home/airflow/.local/lib/python3.8/site-packages/airflow/example_dags/example_bash_operator.py
[2024-04-22T16:25:38.724+0000] {logging_mixin.py:188} INFO - [2024-04-22T16:25:38.724+0000] {dag.py:3047} INFO - Sync 1 DAGs
[2024-04-22T16:25:38.742+0000] {logging_mixin.py:188} INFO - [2024-04-22T16:25:38.742+0000] {dag.py:3834} INFO - Setting next_dagrun for example_bash_operator to 2024-04-21 00:00:00+00:00, run_after=2024-04-22 00:00:00+00:00
[2024-04-22T16:25:38.763+0000] {processor.py:183} INFO - Processing /home/airflow/.local/lib/python3.8/site-packages/airflow/example_dags/example_bash_operator.py took 0.076 seconds
[2024-04-22T16:26:09.121+0000] {processor.py:161} INFO - Started process (PID=2447) to work on /home/airflow/.local/lib/python3.8/site-packages/airflow/example_dags/example_bash_operator.py
[2024-04-22T16:26:09.126+0000] {processor.py:830} INFO - Processing file /home/airflow/.local/lib/python3.8/site-packages/airflow/example_dags/example_bash_operator.py for tasks to queue
[2024-04-22T16:26:09.128+0000] {logging_mixin.py:188} INFO - [2024-04-22T16:26:09.127+0000] {dagbag.py:540} INFO - Filling up the DagBag from /home/airflow/.local/lib/python3.8/site-packages/airflow/example_dags/example_bash_operator.py
[2024-04-22T16:26:09.141+0000] {processor.py:840} INFO - DAG(s) 'example_bash_operator' retrieved from /home/airflow/.local/lib/python3.8/site-packages/airflow/example_dags/example_bash_operator.py
[2024-04-22T16:26:09.180+0000] {logging_mixin.py:188} INFO - [2024-04-22T16:26:09.179+0000] {dag.py:3047} INFO - Sync 1 DAGs
[2024-04-22T16:26:09.204+0000] {logging_mixin.py:188} INFO - [2024-04-22T16:26:09.204+0000] {dag.py:3834} INFO - Setting next_dagrun for example_bash_operator to 2024-04-21 00:00:00+00:00, run_after=2024-04-22 00:00:00+00:00
[2024-04-22T16:26:09.252+0000] {processor.py:183} INFO - Processing /home/airflow/.local/lib/python3.8/site-packages/airflow/example_dags/example_bash_operator.py took 0.135 seconds
