[2024-04-22T16:22:00.801+0000] {processor.py:161} INFO - Started process (PID=265) to work on /home/airflow/.local/lib/python3.8/site-packages/airflow/example_dags/example_nested_branch_dag.py
[2024-04-22T16:22:00.814+0000] {processor.py:830} INFO - Processing file /home/airflow/.local/lib/python3.8/site-packages/airflow/example_dags/example_nested_branch_dag.py for tasks to queue
[2024-04-22T16:22:00.815+0000] {logging_mixin.py:188} INFO - [2024-04-22T16:22:00.815+0000] {dagbag.py:540} INFO - Filling up the DagBag from /home/airflow/.local/lib/python3.8/site-packages/airflow/example_dags/example_nested_branch_dag.py
[2024-04-22T16:22:00.847+0000] {processor.py:840} INFO - DAG(s) 'example_nested_branch_dag' retrieved from /home/airflow/.local/lib/python3.8/site-packages/airflow/example_dags/example_nested_branch_dag.py
[2024-04-22T16:22:00.912+0000] {logging_mixin.py:188} INFO - [2024-04-22T16:22:00.911+0000] {dag.py:3047} INFO - Sync 1 DAGs
[2024-04-22T16:22:00.971+0000] {logging_mixin.py:188} INFO - [2024-04-22T16:22:00.971+0000] {dag.py:3834} INFO - Setting next_dagrun for example_nested_branch_dag to 2024-04-21 00:00:00+00:00, run_after=2024-04-22 00:00:00+00:00
[2024-04-22T16:22:01.028+0000] {processor.py:183} INFO - Processing /home/airflow/.local/lib/python3.8/site-packages/airflow/example_dags/example_nested_branch_dag.py took 0.230 seconds
[2024-04-22T16:22:31.586+0000] {processor.py:161} INFO - Started process (PID=521) to work on /home/airflow/.local/lib/python3.8/site-packages/airflow/example_dags/example_nested_branch_dag.py
[2024-04-22T16:22:31.587+0000] {processor.py:830} INFO - Processing file /home/airflow/.local/lib/python3.8/site-packages/airflow/example_dags/example_nested_branch_dag.py for tasks to queue
[2024-04-22T16:22:31.588+0000] {logging_mixin.py:188} INFO - [2024-04-22T16:22:31.588+0000] {dagbag.py:540} INFO - Filling up the DagBag from /home/airflow/.local/lib/python3.8/site-packages/airflow/example_dags/example_nested_branch_dag.py
[2024-04-22T16:22:31.600+0000] {processor.py:840} INFO - DAG(s) 'example_nested_branch_dag' retrieved from /home/airflow/.local/lib/python3.8/site-packages/airflow/example_dags/example_nested_branch_dag.py
[2024-04-22T16:22:31.629+0000] {logging_mixin.py:188} INFO - [2024-04-22T16:22:31.628+0000] {dag.py:3047} INFO - Sync 1 DAGs
[2024-04-22T16:22:31.663+0000] {logging_mixin.py:188} INFO - [2024-04-22T16:22:31.662+0000] {dag.py:3834} INFO - Setting next_dagrun for example_nested_branch_dag to 2024-04-21 00:00:00+00:00, run_after=2024-04-22 00:00:00+00:00
[2024-04-22T16:22:31.687+0000] {processor.py:183} INFO - Processing /home/airflow/.local/lib/python3.8/site-packages/airflow/example_dags/example_nested_branch_dag.py took 0.105 seconds
[2024-04-22T16:23:01.821+0000] {processor.py:161} INFO - Started process (PID=777) to work on /home/airflow/.local/lib/python3.8/site-packages/airflow/example_dags/example_nested_branch_dag.py
[2024-04-22T16:23:01.822+0000] {processor.py:830} INFO - Processing file /home/airflow/.local/lib/python3.8/site-packages/airflow/example_dags/example_nested_branch_dag.py for tasks to queue
[2024-04-22T16:23:01.823+0000] {logging_mixin.py:188} INFO - [2024-04-22T16:23:01.823+0000] {dagbag.py:540} INFO - Filling up the DagBag from /home/airflow/.local/lib/python3.8/site-packages/airflow/example_dags/example_nested_branch_dag.py
[2024-04-22T16:23:01.835+0000] {processor.py:840} INFO - DAG(s) 'example_nested_branch_dag' retrieved from /home/airflow/.local/lib/python3.8/site-packages/airflow/example_dags/example_nested_branch_dag.py
[2024-04-22T16:23:01.860+0000] {logging_mixin.py:188} INFO - [2024-04-22T16:23:01.860+0000] {dag.py:3047} INFO - Sync 1 DAGs
[2024-04-22T16:23:01.886+0000] {logging_mixin.py:188} INFO - [2024-04-22T16:23:01.885+0000] {dag.py:3834} INFO - Setting next_dagrun for example_nested_branch_dag to 2024-04-21 00:00:00+00:00, run_after=2024-04-22 00:00:00+00:00
[2024-04-22T16:23:01.909+0000] {processor.py:183} INFO - Processing /home/airflow/.local/lib/python3.8/site-packages/airflow/example_dags/example_nested_branch_dag.py took 0.092 seconds
[2024-04-22T16:23:32.862+0000] {processor.py:161} INFO - Started process (PID=1034) to work on /home/airflow/.local/lib/python3.8/site-packages/airflow/example_dags/example_nested_branch_dag.py
[2024-04-22T16:23:32.863+0000] {processor.py:830} INFO - Processing file /home/airflow/.local/lib/python3.8/site-packages/airflow/example_dags/example_nested_branch_dag.py for tasks to queue
[2024-04-22T16:23:32.864+0000] {logging_mixin.py:188} INFO - [2024-04-22T16:23:32.864+0000] {dagbag.py:540} INFO - Filling up the DagBag from /home/airflow/.local/lib/python3.8/site-packages/airflow/example_dags/example_nested_branch_dag.py
[2024-04-22T16:23:32.877+0000] {processor.py:840} INFO - DAG(s) 'example_nested_branch_dag' retrieved from /home/airflow/.local/lib/python3.8/site-packages/airflow/example_dags/example_nested_branch_dag.py
[2024-04-22T16:23:32.903+0000] {logging_mixin.py:188} INFO - [2024-04-22T16:23:32.902+0000] {dag.py:3047} INFO - Sync 1 DAGs
[2024-04-22T16:23:32.965+0000] {logging_mixin.py:188} INFO - [2024-04-22T16:23:32.965+0000] {dag.py:3834} INFO - Setting next_dagrun for example_nested_branch_dag to 2024-04-21 00:00:00+00:00, run_after=2024-04-22 00:00:00+00:00
[2024-04-22T16:23:33.045+0000] {processor.py:183} INFO - Processing /home/airflow/.local/lib/python3.8/site-packages/airflow/example_dags/example_nested_branch_dag.py took 0.186 seconds
[2024-04-22T16:24:03.474+0000] {processor.py:161} INFO - Started process (PID=1291) to work on /home/airflow/.local/lib/python3.8/site-packages/airflow/example_dags/example_nested_branch_dag.py
[2024-04-22T16:24:03.475+0000] {processor.py:830} INFO - Processing file /home/airflow/.local/lib/python3.8/site-packages/airflow/example_dags/example_nested_branch_dag.py for tasks to queue
[2024-04-22T16:24:03.476+0000] {logging_mixin.py:188} INFO - [2024-04-22T16:24:03.476+0000] {dagbag.py:540} INFO - Filling up the DagBag from /home/airflow/.local/lib/python3.8/site-packages/airflow/example_dags/example_nested_branch_dag.py
[2024-04-22T16:24:03.488+0000] {processor.py:840} INFO - DAG(s) 'example_nested_branch_dag' retrieved from /home/airflow/.local/lib/python3.8/site-packages/airflow/example_dags/example_nested_branch_dag.py
[2024-04-22T16:24:03.514+0000] {logging_mixin.py:188} INFO - [2024-04-22T16:24:03.514+0000] {dag.py:3047} INFO - Sync 1 DAGs
[2024-04-22T16:24:03.542+0000] {logging_mixin.py:188} INFO - [2024-04-22T16:24:03.542+0000] {dag.py:3834} INFO - Setting next_dagrun for example_nested_branch_dag to 2024-04-21 00:00:00+00:00, run_after=2024-04-22 00:00:00+00:00
[2024-04-22T16:24:03.570+0000] {processor.py:183} INFO - Processing /home/airflow/.local/lib/python3.8/site-packages/airflow/example_dags/example_nested_branch_dag.py took 0.099 seconds
[2024-04-22T16:24:33.941+0000] {processor.py:161} INFO - Started process (PID=1549) to work on /home/airflow/.local/lib/python3.8/site-packages/airflow/example_dags/example_nested_branch_dag.py
[2024-04-22T16:24:33.942+0000] {processor.py:830} INFO - Processing file /home/airflow/.local/lib/python3.8/site-packages/airflow/example_dags/example_nested_branch_dag.py for tasks to queue
[2024-04-22T16:24:33.943+0000] {logging_mixin.py:188} INFO - [2024-04-22T16:24:33.943+0000] {dagbag.py:540} INFO - Filling up the DagBag from /home/airflow/.local/lib/python3.8/site-packages/airflow/example_dags/example_nested_branch_dag.py
[2024-04-22T16:24:33.957+0000] {processor.py:840} INFO - DAG(s) 'example_nested_branch_dag' retrieved from /home/airflow/.local/lib/python3.8/site-packages/airflow/example_dags/example_nested_branch_dag.py
[2024-04-22T16:24:33.989+0000] {logging_mixin.py:188} INFO - [2024-04-22T16:24:33.989+0000] {dag.py:3047} INFO - Sync 1 DAGs
[2024-04-22T16:24:34.023+0000] {logging_mixin.py:188} INFO - [2024-04-22T16:24:34.023+0000] {dag.py:3834} INFO - Setting next_dagrun for example_nested_branch_dag to 2024-04-21 00:00:00+00:00, run_after=2024-04-22 00:00:00+00:00
[2024-04-22T16:24:34.065+0000] {processor.py:183} INFO - Processing /home/airflow/.local/lib/python3.8/site-packages/airflow/example_dags/example_nested_branch_dag.py took 0.127 seconds
[2024-04-22T16:25:04.463+0000] {processor.py:161} INFO - Started process (PID=1809) to work on /home/airflow/.local/lib/python3.8/site-packages/airflow/example_dags/example_nested_branch_dag.py
[2024-04-22T16:25:04.463+0000] {processor.py:830} INFO - Processing file /home/airflow/.local/lib/python3.8/site-packages/airflow/example_dags/example_nested_branch_dag.py for tasks to queue
[2024-04-22T16:25:04.464+0000] {logging_mixin.py:188} INFO - [2024-04-22T16:25:04.464+0000] {dagbag.py:540} INFO - Filling up the DagBag from /home/airflow/.local/lib/python3.8/site-packages/airflow/example_dags/example_nested_branch_dag.py
[2024-04-22T16:25:04.472+0000] {processor.py:840} INFO - DAG(s) 'example_nested_branch_dag' retrieved from /home/airflow/.local/lib/python3.8/site-packages/airflow/example_dags/example_nested_branch_dag.py
[2024-04-22T16:25:04.491+0000] {logging_mixin.py:188} INFO - [2024-04-22T16:25:04.491+0000] {dag.py:3047} INFO - Sync 1 DAGs
[2024-04-22T16:25:04.509+0000] {logging_mixin.py:188} INFO - [2024-04-22T16:25:04.509+0000] {dag.py:3834} INFO - Setting next_dagrun for example_nested_branch_dag to 2024-04-21 00:00:00+00:00, run_after=2024-04-22 00:00:00+00:00
[2024-04-22T16:25:04.529+0000] {processor.py:183} INFO - Processing /home/airflow/.local/lib/python3.8/site-packages/airflow/example_dags/example_nested_branch_dag.py took 0.069 seconds
[2024-04-22T16:25:35.019+0000] {processor.py:161} INFO - Started process (PID=2070) to work on /home/airflow/.local/lib/python3.8/site-packages/airflow/example_dags/example_nested_branch_dag.py
[2024-04-22T16:25:35.020+0000] {processor.py:830} INFO - Processing file /home/airflow/.local/lib/python3.8/site-packages/airflow/example_dags/example_nested_branch_dag.py for tasks to queue
[2024-04-22T16:25:35.022+0000] {logging_mixin.py:188} INFO - [2024-04-22T16:25:35.021+0000] {dagbag.py:540} INFO - Filling up the DagBag from /home/airflow/.local/lib/python3.8/site-packages/airflow/example_dags/example_nested_branch_dag.py
[2024-04-22T16:25:35.035+0000] {processor.py:840} INFO - DAG(s) 'example_nested_branch_dag' retrieved from /home/airflow/.local/lib/python3.8/site-packages/airflow/example_dags/example_nested_branch_dag.py
[2024-04-22T16:25:35.062+0000] {logging_mixin.py:188} INFO - [2024-04-22T16:25:35.062+0000] {dag.py:3047} INFO - Sync 1 DAGs
[2024-04-22T16:25:35.088+0000] {logging_mixin.py:188} INFO - [2024-04-22T16:25:35.088+0000] {dag.py:3834} INFO - Setting next_dagrun for example_nested_branch_dag to 2024-04-21 00:00:00+00:00, run_after=2024-04-22 00:00:00+00:00
[2024-04-22T16:25:35.111+0000] {processor.py:183} INFO - Processing /home/airflow/.local/lib/python3.8/site-packages/airflow/example_dags/example_nested_branch_dag.py took 0.098 seconds
[2024-04-22T16:26:05.503+0000] {processor.py:161} INFO - Started process (PID=2327) to work on /home/airflow/.local/lib/python3.8/site-packages/airflow/example_dags/example_nested_branch_dag.py
[2024-04-22T16:26:05.504+0000] {processor.py:830} INFO - Processing file /home/airflow/.local/lib/python3.8/site-packages/airflow/example_dags/example_nested_branch_dag.py for tasks to queue
[2024-04-22T16:26:05.505+0000] {logging_mixin.py:188} INFO - [2024-04-22T16:26:05.505+0000] {dagbag.py:540} INFO - Filling up the DagBag from /home/airflow/.local/lib/python3.8/site-packages/airflow/example_dags/example_nested_branch_dag.py
[2024-04-22T16:26:05.517+0000] {processor.py:840} INFO - DAG(s) 'example_nested_branch_dag' retrieved from /home/airflow/.local/lib/python3.8/site-packages/airflow/example_dags/example_nested_branch_dag.py
[2024-04-22T16:26:05.543+0000] {logging_mixin.py:188} INFO - [2024-04-22T16:26:05.543+0000] {dag.py:3047} INFO - Sync 1 DAGs
[2024-04-22T16:26:05.567+0000] {logging_mixin.py:188} INFO - [2024-04-22T16:26:05.567+0000] {dag.py:3834} INFO - Setting next_dagrun for example_nested_branch_dag to 2024-04-21 00:00:00+00:00, run_after=2024-04-22 00:00:00+00:00
[2024-04-22T16:26:05.589+0000] {processor.py:183} INFO - Processing /home/airflow/.local/lib/python3.8/site-packages/airflow/example_dags/example_nested_branch_dag.py took 0.090 seconds
[2024-04-22T16:26:35.863+0000] {processor.py:161} INFO - Started process (PID=2587) to work on /home/airflow/.local/lib/python3.8/site-packages/airflow/example_dags/example_nested_branch_dag.py
[2024-04-22T16:26:35.864+0000] {processor.py:830} INFO - Processing file /home/airflow/.local/lib/python3.8/site-packages/airflow/example_dags/example_nested_branch_dag.py for tasks to queue
[2024-04-22T16:26:35.865+0000] {logging_mixin.py:188} INFO - [2024-04-22T16:26:35.864+0000] {dagbag.py:540} INFO - Filling up the DagBag from /home/airflow/.local/lib/python3.8/site-packages/airflow/example_dags/example_nested_branch_dag.py
[2024-04-22T16:26:35.873+0000] {processor.py:840} INFO - DAG(s) 'example_nested_branch_dag' retrieved from /home/airflow/.local/lib/python3.8/site-packages/airflow/example_dags/example_nested_branch_dag.py
[2024-04-22T16:26:35.891+0000] {logging_mixin.py:188} INFO - [2024-04-22T16:26:35.890+0000] {dag.py:3047} INFO - Sync 1 DAGs
[2024-04-22T16:26:35.909+0000] {logging_mixin.py:188} INFO - [2024-04-22T16:26:35.908+0000] {dag.py:3834} INFO - Setting next_dagrun for example_nested_branch_dag to 2024-04-21 00:00:00+00:00, run_after=2024-04-22 00:00:00+00:00
[2024-04-22T16:26:35.928+0000] {processor.py:183} INFO - Processing /home/airflow/.local/lib/python3.8/site-packages/airflow/example_dags/example_nested_branch_dag.py took 0.067 seconds
[2024-04-22T16:27:06.522+0000] {processor.py:161} INFO - Started process (PID=2842) to work on /home/airflow/.local/lib/python3.8/site-packages/airflow/example_dags/example_nested_branch_dag.py
[2024-04-22T16:27:06.523+0000] {processor.py:830} INFO - Processing file /home/airflow/.local/lib/python3.8/site-packages/airflow/example_dags/example_nested_branch_dag.py for tasks to queue
[2024-04-22T16:27:06.524+0000] {logging_mixin.py:188} INFO - [2024-04-22T16:27:06.523+0000] {dagbag.py:540} INFO - Filling up the DagBag from /home/airflow/.local/lib/python3.8/site-packages/airflow/example_dags/example_nested_branch_dag.py
[2024-04-22T16:27:06.576+0000] {processor.py:840} INFO - DAG(s) 'example_nested_branch_dag' retrieved from /home/airflow/.local/lib/python3.8/site-packages/airflow/example_dags/example_nested_branch_dag.py
[2024-04-22T16:27:06.654+0000] {logging_mixin.py:188} INFO - [2024-04-22T16:27:06.654+0000] {dag.py:3047} INFO - Sync 1 DAGs
[2024-04-22T16:27:06.697+0000] {logging_mixin.py:188} INFO - [2024-04-22T16:27:06.696+0000] {dag.py:3834} INFO - Setting next_dagrun for example_nested_branch_dag to 2024-04-21 00:00:00+00:00, run_after=2024-04-22 00:00:00+00:00
[2024-04-22T16:27:06.760+0000] {processor.py:183} INFO - Processing /home/airflow/.local/lib/python3.8/site-packages/airflow/example_dags/example_nested_branch_dag.py took 0.242 seconds
[2024-04-22T16:27:37.173+0000] {processor.py:161} INFO - Started process (PID=3100) to work on /home/airflow/.local/lib/python3.8/site-packages/airflow/example_dags/example_nested_branch_dag.py
[2024-04-22T16:27:37.175+0000] {processor.py:830} INFO - Processing file /home/airflow/.local/lib/python3.8/site-packages/airflow/example_dags/example_nested_branch_dag.py for tasks to queue
[2024-04-22T16:27:37.175+0000] {logging_mixin.py:188} INFO - [2024-04-22T16:27:37.175+0000] {dagbag.py:540} INFO - Filling up the DagBag from /home/airflow/.local/lib/python3.8/site-packages/airflow/example_dags/example_nested_branch_dag.py
[2024-04-22T16:27:37.188+0000] {processor.py:840} INFO - DAG(s) 'example_nested_branch_dag' retrieved from /home/airflow/.local/lib/python3.8/site-packages/airflow/example_dags/example_nested_branch_dag.py
[2024-04-22T16:27:37.213+0000] {logging_mixin.py:188} INFO - [2024-04-22T16:27:37.213+0000] {dag.py:3047} INFO - Sync 1 DAGs
[2024-04-22T16:27:37.238+0000] {logging_mixin.py:188} INFO - [2024-04-22T16:27:37.238+0000] {dag.py:3834} INFO - Setting next_dagrun for example_nested_branch_dag to 2024-04-21 00:00:00+00:00, run_after=2024-04-22 00:00:00+00:00
[2024-04-22T16:27:37.262+0000] {processor.py:183} INFO - Processing /home/airflow/.local/lib/python3.8/site-packages/airflow/example_dags/example_nested_branch_dag.py took 0.092 seconds
[2024-04-22T16:28:07.648+0000] {processor.py:161} INFO - Started process (PID=3358) to work on /home/airflow/.local/lib/python3.8/site-packages/airflow/example_dags/example_nested_branch_dag.py
[2024-04-22T16:28:07.649+0000] {processor.py:830} INFO - Processing file /home/airflow/.local/lib/python3.8/site-packages/airflow/example_dags/example_nested_branch_dag.py for tasks to queue
[2024-04-22T16:28:07.650+0000] {logging_mixin.py:188} INFO - [2024-04-22T16:28:07.650+0000] {dagbag.py:540} INFO - Filling up the DagBag from /home/airflow/.local/lib/python3.8/site-packages/airflow/example_dags/example_nested_branch_dag.py
[2024-04-22T16:28:07.662+0000] {processor.py:840} INFO - DAG(s) 'example_nested_branch_dag' retrieved from /home/airflow/.local/lib/python3.8/site-packages/airflow/example_dags/example_nested_branch_dag.py
[2024-04-22T16:28:07.688+0000] {logging_mixin.py:188} INFO - [2024-04-22T16:28:07.687+0000] {dag.py:3047} INFO - Sync 1 DAGs
[2024-04-22T16:28:07.715+0000] {logging_mixin.py:188} INFO - [2024-04-22T16:28:07.715+0000] {dag.py:3834} INFO - Setting next_dagrun for example_nested_branch_dag to 2024-04-21 00:00:00+00:00, run_after=2024-04-22 00:00:00+00:00
[2024-04-22T16:28:07.739+0000] {processor.py:183} INFO - Processing /home/airflow/.local/lib/python3.8/site-packages/airflow/example_dags/example_nested_branch_dag.py took 0.095 seconds
[2024-04-22T16:28:38.762+0000] {processor.py:161} INFO - Started process (PID=3618) to work on /home/airflow/.local/lib/python3.8/site-packages/airflow/example_dags/example_nested_branch_dag.py
[2024-04-22T16:28:38.763+0000] {processor.py:830} INFO - Processing file /home/airflow/.local/lib/python3.8/site-packages/airflow/example_dags/example_nested_branch_dag.py for tasks to queue
[2024-04-22T16:28:38.764+0000] {logging_mixin.py:188} INFO - [2024-04-22T16:28:38.764+0000] {dagbag.py:540} INFO - Filling up the DagBag from /home/airflow/.local/lib/python3.8/site-packages/airflow/example_dags/example_nested_branch_dag.py
[2024-04-22T16:28:38.777+0000] {processor.py:840} INFO - DAG(s) 'example_nested_branch_dag' retrieved from /home/airflow/.local/lib/python3.8/site-packages/airflow/example_dags/example_nested_branch_dag.py
[2024-04-22T16:28:38.804+0000] {logging_mixin.py:188} INFO - [2024-04-22T16:28:38.804+0000] {dag.py:3047} INFO - Sync 1 DAGs
[2024-04-22T16:28:38.832+0000] {logging_mixin.py:188} INFO - [2024-04-22T16:28:38.832+0000] {dag.py:3834} INFO - Setting next_dagrun for example_nested_branch_dag to 2024-04-21 00:00:00+00:00, run_after=2024-04-22 00:00:00+00:00
[2024-04-22T16:28:38.857+0000] {processor.py:183} INFO - Processing /home/airflow/.local/lib/python3.8/site-packages/airflow/example_dags/example_nested_branch_dag.py took 0.098 seconds
[2024-04-22T16:29:09.602+0000] {processor.py:161} INFO - Started process (PID=3875) to work on /home/airflow/.local/lib/python3.8/site-packages/airflow/example_dags/example_nested_branch_dag.py
[2024-04-22T16:29:09.603+0000] {processor.py:830} INFO - Processing file /home/airflow/.local/lib/python3.8/site-packages/airflow/example_dags/example_nested_branch_dag.py for tasks to queue
[2024-04-22T16:29:09.604+0000] {logging_mixin.py:188} INFO - [2024-04-22T16:29:09.603+0000] {dagbag.py:540} INFO - Filling up the DagBag from /home/airflow/.local/lib/python3.8/site-packages/airflow/example_dags/example_nested_branch_dag.py
[2024-04-22T16:29:09.616+0000] {processor.py:840} INFO - DAG(s) 'example_nested_branch_dag' retrieved from /home/airflow/.local/lib/python3.8/site-packages/airflow/example_dags/example_nested_branch_dag.py
[2024-04-22T16:29:09.642+0000] {logging_mixin.py:188} INFO - [2024-04-22T16:29:09.642+0000] {dag.py:3047} INFO - Sync 1 DAGs
[2024-04-22T16:29:09.667+0000] {logging_mixin.py:188} INFO - [2024-04-22T16:29:09.667+0000] {dag.py:3834} INFO - Setting next_dagrun for example_nested_branch_dag to 2024-04-21 00:00:00+00:00, run_after=2024-04-22 00:00:00+00:00
[2024-04-22T16:29:09.695+0000] {processor.py:183} INFO - Processing /home/airflow/.local/lib/python3.8/site-packages/airflow/example_dags/example_nested_branch_dag.py took 0.097 seconds
[2024-04-22T16:29:39.745+0000] {processor.py:161} INFO - Started process (PID=4132) to work on /home/airflow/.local/lib/python3.8/site-packages/airflow/example_dags/example_nested_branch_dag.py
[2024-04-22T16:29:39.746+0000] {processor.py:830} INFO - Processing file /home/airflow/.local/lib/python3.8/site-packages/airflow/example_dags/example_nested_branch_dag.py for tasks to queue
[2024-04-22T16:29:39.747+0000] {logging_mixin.py:188} INFO - [2024-04-22T16:29:39.746+0000] {dagbag.py:540} INFO - Filling up the DagBag from /home/airflow/.local/lib/python3.8/site-packages/airflow/example_dags/example_nested_branch_dag.py
[2024-04-22T16:29:39.766+0000] {processor.py:840} INFO - DAG(s) 'example_nested_branch_dag' retrieved from /home/airflow/.local/lib/python3.8/site-packages/airflow/example_dags/example_nested_branch_dag.py
[2024-04-22T16:29:39.792+0000] {logging_mixin.py:188} INFO - [2024-04-22T16:29:39.791+0000] {dag.py:3047} INFO - Sync 1 DAGs
[2024-04-22T16:29:39.819+0000] {logging_mixin.py:188} INFO - [2024-04-22T16:29:39.818+0000] {dag.py:3834} INFO - Setting next_dagrun for example_nested_branch_dag to 2024-04-21 00:00:00+00:00, run_after=2024-04-22 00:00:00+00:00
[2024-04-22T16:29:39.850+0000] {processor.py:183} INFO - Processing /home/airflow/.local/lib/python3.8/site-packages/airflow/example_dags/example_nested_branch_dag.py took 0.109 seconds
[2024-04-22T16:30:10.038+0000] {processor.py:161} INFO - Started process (PID=4387) to work on /home/airflow/.local/lib/python3.8/site-packages/airflow/example_dags/example_nested_branch_dag.py
[2024-04-22T16:30:10.038+0000] {processor.py:830} INFO - Processing file /home/airflow/.local/lib/python3.8/site-packages/airflow/example_dags/example_nested_branch_dag.py for tasks to queue
[2024-04-22T16:30:10.039+0000] {logging_mixin.py:188} INFO - [2024-04-22T16:30:10.039+0000] {dagbag.py:540} INFO - Filling up the DagBag from /home/airflow/.local/lib/python3.8/site-packages/airflow/example_dags/example_nested_branch_dag.py
[2024-04-22T16:30:10.051+0000] {processor.py:840} INFO - DAG(s) 'example_nested_branch_dag' retrieved from /home/airflow/.local/lib/python3.8/site-packages/airflow/example_dags/example_nested_branch_dag.py
[2024-04-22T16:30:10.077+0000] {logging_mixin.py:188} INFO - [2024-04-22T16:30:10.077+0000] {dag.py:3047} INFO - Sync 1 DAGs
[2024-04-22T16:30:10.103+0000] {logging_mixin.py:188} INFO - [2024-04-22T16:30:10.102+0000] {dag.py:3834} INFO - Setting next_dagrun for example_nested_branch_dag to 2024-04-21 00:00:00+00:00, run_after=2024-04-22 00:00:00+00:00
[2024-04-22T16:30:10.127+0000] {processor.py:183} INFO - Processing /home/airflow/.local/lib/python3.8/site-packages/airflow/example_dags/example_nested_branch_dag.py took 0.093 seconds
[2024-04-22T16:30:40.546+0000] {processor.py:161} INFO - Started process (PID=4645) to work on /home/airflow/.local/lib/python3.8/site-packages/airflow/example_dags/example_nested_branch_dag.py
[2024-04-22T16:30:40.551+0000] {processor.py:830} INFO - Processing file /home/airflow/.local/lib/python3.8/site-packages/airflow/example_dags/example_nested_branch_dag.py for tasks to queue
[2024-04-22T16:30:40.555+0000] {logging_mixin.py:188} INFO - [2024-04-22T16:30:40.552+0000] {dagbag.py:540} INFO - Filling up the DagBag from /home/airflow/.local/lib/python3.8/site-packages/airflow/example_dags/example_nested_branch_dag.py
[2024-04-22T16:30:40.585+0000] {processor.py:840} INFO - DAG(s) 'example_nested_branch_dag' retrieved from /home/airflow/.local/lib/python3.8/site-packages/airflow/example_dags/example_nested_branch_dag.py
[2024-04-22T16:30:40.633+0000] {logging_mixin.py:188} INFO - [2024-04-22T16:30:40.633+0000] {dag.py:3047} INFO - Sync 1 DAGs
[2024-04-22T16:30:40.677+0000] {logging_mixin.py:188} INFO - [2024-04-22T16:30:40.676+0000] {dag.py:3834} INFO - Setting next_dagrun for example_nested_branch_dag to 2024-04-21 00:00:00+00:00, run_after=2024-04-22 00:00:00+00:00
[2024-04-22T16:30:40.814+0000] {processor.py:183} INFO - Processing /home/airflow/.local/lib/python3.8/site-packages/airflow/example_dags/example_nested_branch_dag.py took 0.285 seconds
[2024-04-22T16:31:10.899+0000] {processor.py:161} INFO - Started process (PID=4902) to work on /home/airflow/.local/lib/python3.8/site-packages/airflow/example_dags/example_nested_branch_dag.py
[2024-04-22T16:31:10.900+0000] {processor.py:830} INFO - Processing file /home/airflow/.local/lib/python3.8/site-packages/airflow/example_dags/example_nested_branch_dag.py for tasks to queue
[2024-04-22T16:31:10.901+0000] {logging_mixin.py:188} INFO - [2024-04-22T16:31:10.901+0000] {dagbag.py:540} INFO - Filling up the DagBag from /home/airflow/.local/lib/python3.8/site-packages/airflow/example_dags/example_nested_branch_dag.py
[2024-04-22T16:31:10.931+0000] {processor.py:840} INFO - DAG(s) 'example_nested_branch_dag' retrieved from /home/airflow/.local/lib/python3.8/site-packages/airflow/example_dags/example_nested_branch_dag.py
[2024-04-22T16:31:10.957+0000] {logging_mixin.py:188} INFO - [2024-04-22T16:31:10.957+0000] {dag.py:3047} INFO - Sync 1 DAGs
[2024-04-22T16:31:10.980+0000] {logging_mixin.py:188} INFO - [2024-04-22T16:31:10.980+0000] {dag.py:3834} INFO - Setting next_dagrun for example_nested_branch_dag to 2024-04-21 00:00:00+00:00, run_after=2024-04-22 00:00:00+00:00
[2024-04-22T16:31:11.000+0000] {processor.py:183} INFO - Processing /home/airflow/.local/lib/python3.8/site-packages/airflow/example_dags/example_nested_branch_dag.py took 0.104 seconds
[2024-04-22T16:31:41.724+0000] {processor.py:161} INFO - Started process (PID=5159) to work on /home/airflow/.local/lib/python3.8/site-packages/airflow/example_dags/example_nested_branch_dag.py
[2024-04-22T16:31:41.725+0000] {processor.py:830} INFO - Processing file /home/airflow/.local/lib/python3.8/site-packages/airflow/example_dags/example_nested_branch_dag.py for tasks to queue
[2024-04-22T16:31:41.726+0000] {logging_mixin.py:188} INFO - [2024-04-22T16:31:41.726+0000] {dagbag.py:540} INFO - Filling up the DagBag from /home/airflow/.local/lib/python3.8/site-packages/airflow/example_dags/example_nested_branch_dag.py
[2024-04-22T16:31:41.738+0000] {processor.py:840} INFO - DAG(s) 'example_nested_branch_dag' retrieved from /home/airflow/.local/lib/python3.8/site-packages/airflow/example_dags/example_nested_branch_dag.py
[2024-04-22T16:31:41.762+0000] {logging_mixin.py:188} INFO - [2024-04-22T16:31:41.762+0000] {dag.py:3047} INFO - Sync 1 DAGs
[2024-04-22T16:31:41.788+0000] {logging_mixin.py:188} INFO - [2024-04-22T16:31:41.788+0000] {dag.py:3834} INFO - Setting next_dagrun for example_nested_branch_dag to 2024-04-21 00:00:00+00:00, run_after=2024-04-22 00:00:00+00:00
[2024-04-22T16:31:41.812+0000] {processor.py:183} INFO - Processing /home/airflow/.local/lib/python3.8/site-packages/airflow/example_dags/example_nested_branch_dag.py took 0.092 seconds
[2024-04-22T16:32:12.091+0000] {processor.py:161} INFO - Started process (PID=5416) to work on /home/airflow/.local/lib/python3.8/site-packages/airflow/example_dags/example_nested_branch_dag.py
[2024-04-22T16:32:12.092+0000] {processor.py:830} INFO - Processing file /home/airflow/.local/lib/python3.8/site-packages/airflow/example_dags/example_nested_branch_dag.py for tasks to queue
[2024-04-22T16:32:12.093+0000] {logging_mixin.py:188} INFO - [2024-04-22T16:32:12.093+0000] {dagbag.py:540} INFO - Filling up the DagBag from /home/airflow/.local/lib/python3.8/site-packages/airflow/example_dags/example_nested_branch_dag.py
[2024-04-22T16:32:12.123+0000] {processor.py:840} INFO - DAG(s) 'example_nested_branch_dag' retrieved from /home/airflow/.local/lib/python3.8/site-packages/airflow/example_dags/example_nested_branch_dag.py
[2024-04-22T16:32:12.148+0000] {logging_mixin.py:188} INFO - [2024-04-22T16:32:12.148+0000] {dag.py:3047} INFO - Sync 1 DAGs
[2024-04-22T16:32:12.177+0000] {logging_mixin.py:188} INFO - [2024-04-22T16:32:12.177+0000] {dag.py:3834} INFO - Setting next_dagrun for example_nested_branch_dag to 2024-04-21 00:00:00+00:00, run_after=2024-04-22 00:00:00+00:00
[2024-04-22T16:32:12.201+0000] {processor.py:183} INFO - Processing /home/airflow/.local/lib/python3.8/site-packages/airflow/example_dags/example_nested_branch_dag.py took 0.114 seconds
[2024-04-22T16:32:42.437+0000] {processor.py:161} INFO - Started process (PID=5675) to work on /home/airflow/.local/lib/python3.8/site-packages/airflow/example_dags/example_nested_branch_dag.py
[2024-04-22T16:32:42.438+0000] {processor.py:830} INFO - Processing file /home/airflow/.local/lib/python3.8/site-packages/airflow/example_dags/example_nested_branch_dag.py for tasks to queue
[2024-04-22T16:32:42.439+0000] {logging_mixin.py:188} INFO - [2024-04-22T16:32:42.438+0000] {dagbag.py:540} INFO - Filling up the DagBag from /home/airflow/.local/lib/python3.8/site-packages/airflow/example_dags/example_nested_branch_dag.py
[2024-04-22T16:32:42.450+0000] {processor.py:840} INFO - DAG(s) 'example_nested_branch_dag' retrieved from /home/airflow/.local/lib/python3.8/site-packages/airflow/example_dags/example_nested_branch_dag.py
[2024-04-22T16:32:42.474+0000] {logging_mixin.py:188} INFO - [2024-04-22T16:32:42.474+0000] {dag.py:3047} INFO - Sync 1 DAGs
[2024-04-22T16:32:42.501+0000] {logging_mixin.py:188} INFO - [2024-04-22T16:32:42.500+0000] {dag.py:3834} INFO - Setting next_dagrun for example_nested_branch_dag to 2024-04-21 00:00:00+00:00, run_after=2024-04-22 00:00:00+00:00
[2024-04-22T16:32:42.525+0000] {processor.py:183} INFO - Processing /home/airflow/.local/lib/python3.8/site-packages/airflow/example_dags/example_nested_branch_dag.py took 0.092 seconds
[2024-04-22T16:33:12.651+0000] {processor.py:161} INFO - Started process (PID=5934) to work on /home/airflow/.local/lib/python3.8/site-packages/airflow/example_dags/example_nested_branch_dag.py
[2024-04-22T16:33:12.652+0000] {processor.py:830} INFO - Processing file /home/airflow/.local/lib/python3.8/site-packages/airflow/example_dags/example_nested_branch_dag.py for tasks to queue
[2024-04-22T16:33:12.653+0000] {logging_mixin.py:188} INFO - [2024-04-22T16:33:12.653+0000] {dagbag.py:540} INFO - Filling up the DagBag from /home/airflow/.local/lib/python3.8/site-packages/airflow/example_dags/example_nested_branch_dag.py
[2024-04-22T16:33:12.667+0000] {processor.py:840} INFO - DAG(s) 'example_nested_branch_dag' retrieved from /home/airflow/.local/lib/python3.8/site-packages/airflow/example_dags/example_nested_branch_dag.py
[2024-04-22T16:33:12.705+0000] {logging_mixin.py:188} INFO - [2024-04-22T16:33:12.705+0000] {dag.py:3047} INFO - Sync 1 DAGs
[2024-04-22T16:33:12.749+0000] {logging_mixin.py:188} INFO - [2024-04-22T16:33:12.749+0000] {dag.py:3834} INFO - Setting next_dagrun for example_nested_branch_dag to 2024-04-21 00:00:00+00:00, run_after=2024-04-22 00:00:00+00:00
[2024-04-22T16:33:12.805+0000] {processor.py:183} INFO - Processing /home/airflow/.local/lib/python3.8/site-packages/airflow/example_dags/example_nested_branch_dag.py took 0.158 seconds
[2024-04-22T16:33:43.112+0000] {processor.py:161} INFO - Started process (PID=6189) to work on /home/airflow/.local/lib/python3.8/site-packages/airflow/example_dags/example_nested_branch_dag.py
[2024-04-22T16:33:43.113+0000] {processor.py:830} INFO - Processing file /home/airflow/.local/lib/python3.8/site-packages/airflow/example_dags/example_nested_branch_dag.py for tasks to queue
[2024-04-22T16:33:43.114+0000] {logging_mixin.py:188} INFO - [2024-04-22T16:33:43.113+0000] {dagbag.py:540} INFO - Filling up the DagBag from /home/airflow/.local/lib/python3.8/site-packages/airflow/example_dags/example_nested_branch_dag.py
[2024-04-22T16:33:43.126+0000] {processor.py:840} INFO - DAG(s) 'example_nested_branch_dag' retrieved from /home/airflow/.local/lib/python3.8/site-packages/airflow/example_dags/example_nested_branch_dag.py
[2024-04-22T16:33:43.159+0000] {logging_mixin.py:188} INFO - [2024-04-22T16:33:43.158+0000] {dag.py:3047} INFO - Sync 1 DAGs
[2024-04-22T16:33:43.187+0000] {logging_mixin.py:188} INFO - [2024-04-22T16:33:43.187+0000] {dag.py:3834} INFO - Setting next_dagrun for example_nested_branch_dag to 2024-04-21 00:00:00+00:00, run_after=2024-04-22 00:00:00+00:00
[2024-04-22T16:33:43.248+0000] {processor.py:183} INFO - Processing /home/airflow/.local/lib/python3.8/site-packages/airflow/example_dags/example_nested_branch_dag.py took 0.140 seconds
[2024-04-22T16:34:13.463+0000] {processor.py:161} INFO - Started process (PID=6448) to work on /home/airflow/.local/lib/python3.8/site-packages/airflow/example_dags/example_nested_branch_dag.py
[2024-04-22T16:34:13.464+0000] {processor.py:830} INFO - Processing file /home/airflow/.local/lib/python3.8/site-packages/airflow/example_dags/example_nested_branch_dag.py for tasks to queue
[2024-04-22T16:34:13.465+0000] {logging_mixin.py:188} INFO - [2024-04-22T16:34:13.465+0000] {dagbag.py:540} INFO - Filling up the DagBag from /home/airflow/.local/lib/python3.8/site-packages/airflow/example_dags/example_nested_branch_dag.py
[2024-04-22T16:34:13.478+0000] {processor.py:840} INFO - DAG(s) 'example_nested_branch_dag' retrieved from /home/airflow/.local/lib/python3.8/site-packages/airflow/example_dags/example_nested_branch_dag.py
[2024-04-22T16:34:13.502+0000] {logging_mixin.py:188} INFO - [2024-04-22T16:34:13.502+0000] {dag.py:3047} INFO - Sync 1 DAGs
[2024-04-22T16:34:13.531+0000] {logging_mixin.py:188} INFO - [2024-04-22T16:34:13.531+0000] {dag.py:3834} INFO - Setting next_dagrun for example_nested_branch_dag to 2024-04-21 00:00:00+00:00, run_after=2024-04-22 00:00:00+00:00
[2024-04-22T16:34:13.559+0000] {processor.py:183} INFO - Processing /home/airflow/.local/lib/python3.8/site-packages/airflow/example_dags/example_nested_branch_dag.py took 0.099 seconds
[2024-04-22T16:34:43.781+0000] {processor.py:161} INFO - Started process (PID=6705) to work on /home/airflow/.local/lib/python3.8/site-packages/airflow/example_dags/example_nested_branch_dag.py
[2024-04-22T16:34:43.782+0000] {processor.py:830} INFO - Processing file /home/airflow/.local/lib/python3.8/site-packages/airflow/example_dags/example_nested_branch_dag.py for tasks to queue
[2024-04-22T16:34:43.783+0000] {logging_mixin.py:188} INFO - [2024-04-22T16:34:43.783+0000] {dagbag.py:540} INFO - Filling up the DagBag from /home/airflow/.local/lib/python3.8/site-packages/airflow/example_dags/example_nested_branch_dag.py
[2024-04-22T16:34:43.795+0000] {processor.py:840} INFO - DAG(s) 'example_nested_branch_dag' retrieved from /home/airflow/.local/lib/python3.8/site-packages/airflow/example_dags/example_nested_branch_dag.py
[2024-04-22T16:34:43.821+0000] {logging_mixin.py:188} INFO - [2024-04-22T16:34:43.821+0000] {dag.py:3047} INFO - Sync 1 DAGs
[2024-04-22T16:34:43.845+0000] {logging_mixin.py:188} INFO - [2024-04-22T16:34:43.845+0000] {dag.py:3834} INFO - Setting next_dagrun for example_nested_branch_dag to 2024-04-21 00:00:00+00:00, run_after=2024-04-22 00:00:00+00:00
[2024-04-22T16:34:43.868+0000] {processor.py:183} INFO - Processing /home/airflow/.local/lib/python3.8/site-packages/airflow/example_dags/example_nested_branch_dag.py took 0.092 seconds
[2024-04-22T16:35:14.537+0000] {processor.py:161} INFO - Started process (PID=6962) to work on /home/airflow/.local/lib/python3.8/site-packages/airflow/example_dags/example_nested_branch_dag.py
[2024-04-22T16:35:14.538+0000] {processor.py:830} INFO - Processing file /home/airflow/.local/lib/python3.8/site-packages/airflow/example_dags/example_nested_branch_dag.py for tasks to queue
[2024-04-22T16:35:14.539+0000] {logging_mixin.py:188} INFO - [2024-04-22T16:35:14.539+0000] {dagbag.py:540} INFO - Filling up the DagBag from /home/airflow/.local/lib/python3.8/site-packages/airflow/example_dags/example_nested_branch_dag.py
[2024-04-22T16:35:14.552+0000] {processor.py:840} INFO - DAG(s) 'example_nested_branch_dag' retrieved from /home/airflow/.local/lib/python3.8/site-packages/airflow/example_dags/example_nested_branch_dag.py
[2024-04-22T16:35:14.574+0000] {logging_mixin.py:188} INFO - [2024-04-22T16:35:14.574+0000] {dag.py:3047} INFO - Sync 1 DAGs
[2024-04-22T16:35:14.600+0000] {logging_mixin.py:188} INFO - [2024-04-22T16:35:14.600+0000] {dag.py:3834} INFO - Setting next_dagrun for example_nested_branch_dag to 2024-04-21 00:00:00+00:00, run_after=2024-04-22 00:00:00+00:00
[2024-04-22T16:35:14.624+0000] {processor.py:183} INFO - Processing /home/airflow/.local/lib/python3.8/site-packages/airflow/example_dags/example_nested_branch_dag.py took 0.090 seconds
[2024-04-22T16:35:44.746+0000] {processor.py:161} INFO - Started process (PID=7220) to work on /home/airflow/.local/lib/python3.8/site-packages/airflow/example_dags/example_nested_branch_dag.py
[2024-04-22T16:35:44.747+0000] {processor.py:830} INFO - Processing file /home/airflow/.local/lib/python3.8/site-packages/airflow/example_dags/example_nested_branch_dag.py for tasks to queue
[2024-04-22T16:35:44.748+0000] {logging_mixin.py:188} INFO - [2024-04-22T16:35:44.748+0000] {dagbag.py:540} INFO - Filling up the DagBag from /home/airflow/.local/lib/python3.8/site-packages/airflow/example_dags/example_nested_branch_dag.py
[2024-04-22T16:35:44.760+0000] {processor.py:840} INFO - DAG(s) 'example_nested_branch_dag' retrieved from /home/airflow/.local/lib/python3.8/site-packages/airflow/example_dags/example_nested_branch_dag.py
[2024-04-22T16:35:44.787+0000] {logging_mixin.py:188} INFO - [2024-04-22T16:35:44.787+0000] {dag.py:3047} INFO - Sync 1 DAGs
[2024-04-22T16:35:44.812+0000] {logging_mixin.py:188} INFO - [2024-04-22T16:35:44.812+0000] {dag.py:3834} INFO - Setting next_dagrun for example_nested_branch_dag to 2024-04-21 00:00:00+00:00, run_after=2024-04-22 00:00:00+00:00
[2024-04-22T16:35:44.852+0000] {processor.py:183} INFO - Processing /home/airflow/.local/lib/python3.8/site-packages/airflow/example_dags/example_nested_branch_dag.py took 0.110 seconds
[2024-04-22T16:36:15.111+0000] {processor.py:161} INFO - Started process (PID=7479) to work on /home/airflow/.local/lib/python3.8/site-packages/airflow/example_dags/example_nested_branch_dag.py
[2024-04-22T16:36:15.112+0000] {processor.py:830} INFO - Processing file /home/airflow/.local/lib/python3.8/site-packages/airflow/example_dags/example_nested_branch_dag.py for tasks to queue
[2024-04-22T16:36:15.113+0000] {logging_mixin.py:188} INFO - [2024-04-22T16:36:15.113+0000] {dagbag.py:540} INFO - Filling up the DagBag from /home/airflow/.local/lib/python3.8/site-packages/airflow/example_dags/example_nested_branch_dag.py
[2024-04-22T16:36:15.125+0000] {processor.py:840} INFO - DAG(s) 'example_nested_branch_dag' retrieved from /home/airflow/.local/lib/python3.8/site-packages/airflow/example_dags/example_nested_branch_dag.py
[2024-04-22T16:36:15.150+0000] {logging_mixin.py:188} INFO - [2024-04-22T16:36:15.150+0000] {dag.py:3047} INFO - Sync 1 DAGs
[2024-04-22T16:36:15.174+0000] {logging_mixin.py:188} INFO - [2024-04-22T16:36:15.174+0000] {dag.py:3834} INFO - Setting next_dagrun for example_nested_branch_dag to 2024-04-21 00:00:00+00:00, run_after=2024-04-22 00:00:00+00:00
[2024-04-22T16:36:15.197+0000] {processor.py:183} INFO - Processing /home/airflow/.local/lib/python3.8/site-packages/airflow/example_dags/example_nested_branch_dag.py took 0.089 seconds
[2024-04-22T16:36:45.367+0000] {processor.py:161} INFO - Started process (PID=7737) to work on /home/airflow/.local/lib/python3.8/site-packages/airflow/example_dags/example_nested_branch_dag.py
[2024-04-22T16:36:45.368+0000] {processor.py:830} INFO - Processing file /home/airflow/.local/lib/python3.8/site-packages/airflow/example_dags/example_nested_branch_dag.py for tasks to queue
[2024-04-22T16:36:45.369+0000] {logging_mixin.py:188} INFO - [2024-04-22T16:36:45.369+0000] {dagbag.py:540} INFO - Filling up the DagBag from /home/airflow/.local/lib/python3.8/site-packages/airflow/example_dags/example_nested_branch_dag.py
[2024-04-22T16:36:45.381+0000] {processor.py:840} INFO - DAG(s) 'example_nested_branch_dag' retrieved from /home/airflow/.local/lib/python3.8/site-packages/airflow/example_dags/example_nested_branch_dag.py
[2024-04-22T16:36:45.407+0000] {logging_mixin.py:188} INFO - [2024-04-22T16:36:45.407+0000] {dag.py:3047} INFO - Sync 1 DAGs
[2024-04-22T16:36:45.431+0000] {logging_mixin.py:188} INFO - [2024-04-22T16:36:45.431+0000] {dag.py:3834} INFO - Setting next_dagrun for example_nested_branch_dag to 2024-04-21 00:00:00+00:00, run_after=2024-04-22 00:00:00+00:00
[2024-04-22T16:36:45.467+0000] {processor.py:183} INFO - Processing /home/airflow/.local/lib/python3.8/site-packages/airflow/example_dags/example_nested_branch_dag.py took 0.103 seconds
[2024-04-22T16:37:15.878+0000] {processor.py:161} INFO - Started process (PID=7997) to work on /home/airflow/.local/lib/python3.8/site-packages/airflow/example_dags/example_nested_branch_dag.py
[2024-04-22T16:37:15.879+0000] {processor.py:830} INFO - Processing file /home/airflow/.local/lib/python3.8/site-packages/airflow/example_dags/example_nested_branch_dag.py for tasks to queue
[2024-04-22T16:37:15.880+0000] {logging_mixin.py:188} INFO - [2024-04-22T16:37:15.879+0000] {dagbag.py:540} INFO - Filling up the DagBag from /home/airflow/.local/lib/python3.8/site-packages/airflow/example_dags/example_nested_branch_dag.py
[2024-04-22T16:37:15.892+0000] {processor.py:840} INFO - DAG(s) 'example_nested_branch_dag' retrieved from /home/airflow/.local/lib/python3.8/site-packages/airflow/example_dags/example_nested_branch_dag.py
[2024-04-22T16:37:15.917+0000] {logging_mixin.py:188} INFO - [2024-04-22T16:37:15.917+0000] {dag.py:3047} INFO - Sync 1 DAGs
[2024-04-22T16:37:15.945+0000] {logging_mixin.py:188} INFO - [2024-04-22T16:37:15.944+0000] {dag.py:3834} INFO - Setting next_dagrun for example_nested_branch_dag to 2024-04-21 00:00:00+00:00, run_after=2024-04-22 00:00:00+00:00
[2024-04-22T16:37:15.984+0000] {processor.py:183} INFO - Processing /home/airflow/.local/lib/python3.8/site-packages/airflow/example_dags/example_nested_branch_dag.py took 0.110 seconds
[2024-04-22T16:37:46.232+0000] {processor.py:161} INFO - Started process (PID=8254) to work on /home/airflow/.local/lib/python3.8/site-packages/airflow/example_dags/example_nested_branch_dag.py
[2024-04-22T16:37:46.233+0000] {processor.py:830} INFO - Processing file /home/airflow/.local/lib/python3.8/site-packages/airflow/example_dags/example_nested_branch_dag.py for tasks to queue
[2024-04-22T16:37:46.234+0000] {logging_mixin.py:188} INFO - [2024-04-22T16:37:46.234+0000] {dagbag.py:540} INFO - Filling up the DagBag from /home/airflow/.local/lib/python3.8/site-packages/airflow/example_dags/example_nested_branch_dag.py
[2024-04-22T16:37:46.254+0000] {processor.py:840} INFO - DAG(s) 'example_nested_branch_dag' retrieved from /home/airflow/.local/lib/python3.8/site-packages/airflow/example_dags/example_nested_branch_dag.py
[2024-04-22T16:37:46.302+0000] {logging_mixin.py:188} INFO - [2024-04-22T16:37:46.302+0000] {dag.py:3047} INFO - Sync 1 DAGs
[2024-04-22T16:37:46.351+0000] {logging_mixin.py:188} INFO - [2024-04-22T16:37:46.351+0000] {dag.py:3834} INFO - Setting next_dagrun for example_nested_branch_dag to 2024-04-21 00:00:00+00:00, run_after=2024-04-22 00:00:00+00:00
[2024-04-22T16:37:46.462+0000] {processor.py:183} INFO - Processing /home/airflow/.local/lib/python3.8/site-packages/airflow/example_dags/example_nested_branch_dag.py took 0.233 seconds
[2024-04-22T16:38:17.076+0000] {processor.py:161} INFO - Started process (PID=8509) to work on /home/airflow/.local/lib/python3.8/site-packages/airflow/example_dags/example_nested_branch_dag.py
[2024-04-22T16:38:17.077+0000] {processor.py:830} INFO - Processing file /home/airflow/.local/lib/python3.8/site-packages/airflow/example_dags/example_nested_branch_dag.py for tasks to queue
[2024-04-22T16:38:17.078+0000] {logging_mixin.py:188} INFO - [2024-04-22T16:38:17.077+0000] {dagbag.py:540} INFO - Filling up the DagBag from /home/airflow/.local/lib/python3.8/site-packages/airflow/example_dags/example_nested_branch_dag.py
[2024-04-22T16:38:17.090+0000] {processor.py:840} INFO - DAG(s) 'example_nested_branch_dag' retrieved from /home/airflow/.local/lib/python3.8/site-packages/airflow/example_dags/example_nested_branch_dag.py
[2024-04-22T16:38:17.144+0000] {logging_mixin.py:188} INFO - [2024-04-22T16:38:17.143+0000] {dag.py:3047} INFO - Sync 1 DAGs
[2024-04-22T16:38:17.184+0000] {logging_mixin.py:188} INFO - [2024-04-22T16:38:17.184+0000] {dag.py:3834} INFO - Setting next_dagrun for example_nested_branch_dag to 2024-04-21 00:00:00+00:00, run_after=2024-04-22 00:00:00+00:00
[2024-04-22T16:38:17.213+0000] {processor.py:183} INFO - Processing /home/airflow/.local/lib/python3.8/site-packages/airflow/example_dags/example_nested_branch_dag.py took 0.141 seconds
[2024-04-22T16:38:47.897+0000] {processor.py:161} INFO - Started process (PID=8767) to work on /home/airflow/.local/lib/python3.8/site-packages/airflow/example_dags/example_nested_branch_dag.py
[2024-04-22T16:38:47.898+0000] {processor.py:830} INFO - Processing file /home/airflow/.local/lib/python3.8/site-packages/airflow/example_dags/example_nested_branch_dag.py for tasks to queue
[2024-04-22T16:38:47.898+0000] {logging_mixin.py:188} INFO - [2024-04-22T16:38:47.898+0000] {dagbag.py:540} INFO - Filling up the DagBag from /home/airflow/.local/lib/python3.8/site-packages/airflow/example_dags/example_nested_branch_dag.py
[2024-04-22T16:38:47.911+0000] {processor.py:840} INFO - DAG(s) 'example_nested_branch_dag' retrieved from /home/airflow/.local/lib/python3.8/site-packages/airflow/example_dags/example_nested_branch_dag.py
[2024-04-22T16:38:47.936+0000] {logging_mixin.py:188} INFO - [2024-04-22T16:38:47.936+0000] {dag.py:3047} INFO - Sync 1 DAGs
[2024-04-22T16:38:47.987+0000] {logging_mixin.py:188} INFO - [2024-04-22T16:38:47.987+0000] {dag.py:3834} INFO - Setting next_dagrun for example_nested_branch_dag to 2024-04-21 00:00:00+00:00, run_after=2024-04-22 00:00:00+00:00
[2024-04-22T16:38:48.031+0000] {processor.py:183} INFO - Processing /home/airflow/.local/lib/python3.8/site-packages/airflow/example_dags/example_nested_branch_dag.py took 0.138 seconds
[2024-04-22T16:39:18.181+0000] {processor.py:161} INFO - Started process (PID=9024) to work on /home/airflow/.local/lib/python3.8/site-packages/airflow/example_dags/example_nested_branch_dag.py
[2024-04-22T16:39:18.182+0000] {processor.py:830} INFO - Processing file /home/airflow/.local/lib/python3.8/site-packages/airflow/example_dags/example_nested_branch_dag.py for tasks to queue
[2024-04-22T16:39:18.183+0000] {logging_mixin.py:188} INFO - [2024-04-22T16:39:18.183+0000] {dagbag.py:540} INFO - Filling up the DagBag from /home/airflow/.local/lib/python3.8/site-packages/airflow/example_dags/example_nested_branch_dag.py
[2024-04-22T16:39:18.195+0000] {processor.py:840} INFO - DAG(s) 'example_nested_branch_dag' retrieved from /home/airflow/.local/lib/python3.8/site-packages/airflow/example_dags/example_nested_branch_dag.py
[2024-04-22T16:39:18.221+0000] {logging_mixin.py:188} INFO - [2024-04-22T16:39:18.221+0000] {dag.py:3047} INFO - Sync 1 DAGs
[2024-04-22T16:39:18.246+0000] {logging_mixin.py:188} INFO - [2024-04-22T16:39:18.245+0000] {dag.py:3834} INFO - Setting next_dagrun for example_nested_branch_dag to 2024-04-21 00:00:00+00:00, run_after=2024-04-22 00:00:00+00:00
[2024-04-22T16:39:18.282+0000] {processor.py:183} INFO - Processing /home/airflow/.local/lib/python3.8/site-packages/airflow/example_dags/example_nested_branch_dag.py took 0.104 seconds
[2024-04-22T16:39:48.559+0000] {processor.py:161} INFO - Started process (PID=9282) to work on /home/airflow/.local/lib/python3.8/site-packages/airflow/example_dags/example_nested_branch_dag.py
[2024-04-22T16:39:48.560+0000] {processor.py:830} INFO - Processing file /home/airflow/.local/lib/python3.8/site-packages/airflow/example_dags/example_nested_branch_dag.py for tasks to queue
[2024-04-22T16:39:48.561+0000] {logging_mixin.py:188} INFO - [2024-04-22T16:39:48.561+0000] {dagbag.py:540} INFO - Filling up the DagBag from /home/airflow/.local/lib/python3.8/site-packages/airflow/example_dags/example_nested_branch_dag.py
[2024-04-22T16:39:48.573+0000] {processor.py:840} INFO - DAG(s) 'example_nested_branch_dag' retrieved from /home/airflow/.local/lib/python3.8/site-packages/airflow/example_dags/example_nested_branch_dag.py
[2024-04-22T16:39:48.608+0000] {logging_mixin.py:188} INFO - [2024-04-22T16:39:48.608+0000] {dag.py:3047} INFO - Sync 1 DAGs
[2024-04-22T16:39:48.630+0000] {logging_mixin.py:188} INFO - [2024-04-22T16:39:48.630+0000] {dag.py:3834} INFO - Setting next_dagrun for example_nested_branch_dag to 2024-04-21 00:00:00+00:00, run_after=2024-04-22 00:00:00+00:00
[2024-04-22T16:39:48.653+0000] {processor.py:183} INFO - Processing /home/airflow/.local/lib/python3.8/site-packages/airflow/example_dags/example_nested_branch_dag.py took 0.097 seconds
[2024-04-22T16:40:19.648+0000] {processor.py:161} INFO - Started process (PID=9539) to work on /home/airflow/.local/lib/python3.8/site-packages/airflow/example_dags/example_nested_branch_dag.py
[2024-04-22T16:40:19.649+0000] {processor.py:830} INFO - Processing file /home/airflow/.local/lib/python3.8/site-packages/airflow/example_dags/example_nested_branch_dag.py for tasks to queue
[2024-04-22T16:40:19.650+0000] {logging_mixin.py:188} INFO - [2024-04-22T16:40:19.650+0000] {dagbag.py:540} INFO - Filling up the DagBag from /home/airflow/.local/lib/python3.8/site-packages/airflow/example_dags/example_nested_branch_dag.py
[2024-04-22T16:40:19.662+0000] {processor.py:840} INFO - DAG(s) 'example_nested_branch_dag' retrieved from /home/airflow/.local/lib/python3.8/site-packages/airflow/example_dags/example_nested_branch_dag.py
[2024-04-22T16:40:19.689+0000] {logging_mixin.py:188} INFO - [2024-04-22T16:40:19.689+0000] {dag.py:3047} INFO - Sync 1 DAGs
[2024-04-22T16:40:19.713+0000] {logging_mixin.py:188} INFO - [2024-04-22T16:40:19.712+0000] {dag.py:3834} INFO - Setting next_dagrun for example_nested_branch_dag to 2024-04-21 00:00:00+00:00, run_after=2024-04-22 00:00:00+00:00
[2024-04-22T16:40:19.735+0000] {processor.py:183} INFO - Processing /home/airflow/.local/lib/python3.8/site-packages/airflow/example_dags/example_nested_branch_dag.py took 0.091 seconds
[2024-04-22T16:40:50.133+0000] {processor.py:161} INFO - Started process (PID=9798) to work on /home/airflow/.local/lib/python3.8/site-packages/airflow/example_dags/example_nested_branch_dag.py
[2024-04-22T16:40:50.134+0000] {processor.py:830} INFO - Processing file /home/airflow/.local/lib/python3.8/site-packages/airflow/example_dags/example_nested_branch_dag.py for tasks to queue
[2024-04-22T16:40:50.135+0000] {logging_mixin.py:188} INFO - [2024-04-22T16:40:50.135+0000] {dagbag.py:540} INFO - Filling up the DagBag from /home/airflow/.local/lib/python3.8/site-packages/airflow/example_dags/example_nested_branch_dag.py
[2024-04-22T16:40:50.148+0000] {processor.py:840} INFO - DAG(s) 'example_nested_branch_dag' retrieved from /home/airflow/.local/lib/python3.8/site-packages/airflow/example_dags/example_nested_branch_dag.py
[2024-04-22T16:40:50.175+0000] {logging_mixin.py:188} INFO - [2024-04-22T16:40:50.175+0000] {dag.py:3047} INFO - Sync 1 DAGs
[2024-04-22T16:40:50.203+0000] {logging_mixin.py:188} INFO - [2024-04-22T16:40:50.203+0000] {dag.py:3834} INFO - Setting next_dagrun for example_nested_branch_dag to 2024-04-21 00:00:00+00:00, run_after=2024-04-22 00:00:00+00:00
[2024-04-22T16:40:50.228+0000] {processor.py:183} INFO - Processing /home/airflow/.local/lib/python3.8/site-packages/airflow/example_dags/example_nested_branch_dag.py took 0.098 seconds
[2024-04-22T16:41:20.420+0000] {processor.py:161} INFO - Started process (PID=10054) to work on /home/airflow/.local/lib/python3.8/site-packages/airflow/example_dags/example_nested_branch_dag.py
[2024-04-22T16:41:20.421+0000] {processor.py:830} INFO - Processing file /home/airflow/.local/lib/python3.8/site-packages/airflow/example_dags/example_nested_branch_dag.py for tasks to queue
[2024-04-22T16:41:20.422+0000] {logging_mixin.py:188} INFO - [2024-04-22T16:41:20.422+0000] {dagbag.py:540} INFO - Filling up the DagBag from /home/airflow/.local/lib/python3.8/site-packages/airflow/example_dags/example_nested_branch_dag.py
[2024-04-22T16:41:20.434+0000] {processor.py:840} INFO - DAG(s) 'example_nested_branch_dag' retrieved from /home/airflow/.local/lib/python3.8/site-packages/airflow/example_dags/example_nested_branch_dag.py
[2024-04-22T16:41:20.462+0000] {logging_mixin.py:188} INFO - [2024-04-22T16:41:20.461+0000] {dag.py:3047} INFO - Sync 1 DAGs
[2024-04-22T16:41:20.497+0000] {logging_mixin.py:188} INFO - [2024-04-22T16:41:20.497+0000] {dag.py:3834} INFO - Setting next_dagrun for example_nested_branch_dag to 2024-04-21 00:00:00+00:00, run_after=2024-04-22 00:00:00+00:00
[2024-04-22T16:41:20.540+0000] {processor.py:183} INFO - Processing /home/airflow/.local/lib/python3.8/site-packages/airflow/example_dags/example_nested_branch_dag.py took 0.124 seconds
[2024-04-22T16:41:50.595+0000] {processor.py:161} INFO - Started process (PID=10308) to work on /home/airflow/.local/lib/python3.8/site-packages/airflow/example_dags/example_nested_branch_dag.py
[2024-04-22T16:41:50.596+0000] {processor.py:830} INFO - Processing file /home/airflow/.local/lib/python3.8/site-packages/airflow/example_dags/example_nested_branch_dag.py for tasks to queue
[2024-04-22T16:41:50.596+0000] {logging_mixin.py:188} INFO - [2024-04-22T16:41:50.596+0000] {dagbag.py:540} INFO - Filling up the DagBag from /home/airflow/.local/lib/python3.8/site-packages/airflow/example_dags/example_nested_branch_dag.py
[2024-04-22T16:41:50.605+0000] {processor.py:840} INFO - DAG(s) 'example_nested_branch_dag' retrieved from /home/airflow/.local/lib/python3.8/site-packages/airflow/example_dags/example_nested_branch_dag.py
[2024-04-22T16:41:50.623+0000] {logging_mixin.py:188} INFO - [2024-04-22T16:41:50.623+0000] {dag.py:3047} INFO - Sync 1 DAGs
[2024-04-22T16:41:50.642+0000] {logging_mixin.py:188} INFO - [2024-04-22T16:41:50.642+0000] {dag.py:3834} INFO - Setting next_dagrun for example_nested_branch_dag to 2024-04-21 00:00:00+00:00, run_after=2024-04-22 00:00:00+00:00
[2024-04-22T16:41:50.661+0000] {processor.py:183} INFO - Processing /home/airflow/.local/lib/python3.8/site-packages/airflow/example_dags/example_nested_branch_dag.py took 0.069 seconds
[2024-04-22T16:42:21.769+0000] {processor.py:161} INFO - Started process (PID=10568) to work on /home/airflow/.local/lib/python3.8/site-packages/airflow/example_dags/example_nested_branch_dag.py
[2024-04-22T16:42:21.770+0000] {processor.py:830} INFO - Processing file /home/airflow/.local/lib/python3.8/site-packages/airflow/example_dags/example_nested_branch_dag.py for tasks to queue
[2024-04-22T16:42:21.771+0000] {logging_mixin.py:188} INFO - [2024-04-22T16:42:21.770+0000] {dagbag.py:540} INFO - Filling up the DagBag from /home/airflow/.local/lib/python3.8/site-packages/airflow/example_dags/example_nested_branch_dag.py
[2024-04-22T16:42:21.783+0000] {processor.py:840} INFO - DAG(s) 'example_nested_branch_dag' retrieved from /home/airflow/.local/lib/python3.8/site-packages/airflow/example_dags/example_nested_branch_dag.py
[2024-04-22T16:42:21.806+0000] {logging_mixin.py:188} INFO - [2024-04-22T16:42:21.806+0000] {dag.py:3047} INFO - Sync 1 DAGs
[2024-04-22T16:42:21.831+0000] {logging_mixin.py:188} INFO - [2024-04-22T16:42:21.830+0000] {dag.py:3834} INFO - Setting next_dagrun for example_nested_branch_dag to 2024-04-21 00:00:00+00:00, run_after=2024-04-22 00:00:00+00:00
[2024-04-22T16:42:21.855+0000] {processor.py:183} INFO - Processing /home/airflow/.local/lib/python3.8/site-packages/airflow/example_dags/example_nested_branch_dag.py took 0.090 seconds
[2024-04-22T16:42:52.243+0000] {processor.py:161} INFO - Started process (PID=10827) to work on /home/airflow/.local/lib/python3.8/site-packages/airflow/example_dags/example_nested_branch_dag.py
[2024-04-22T16:42:52.243+0000] {processor.py:830} INFO - Processing file /home/airflow/.local/lib/python3.8/site-packages/airflow/example_dags/example_nested_branch_dag.py for tasks to queue
[2024-04-22T16:42:52.244+0000] {logging_mixin.py:188} INFO - [2024-04-22T16:42:52.244+0000] {dagbag.py:540} INFO - Filling up the DagBag from /home/airflow/.local/lib/python3.8/site-packages/airflow/example_dags/example_nested_branch_dag.py
[2024-04-22T16:42:52.255+0000] {processor.py:840} INFO - DAG(s) 'example_nested_branch_dag' retrieved from /home/airflow/.local/lib/python3.8/site-packages/airflow/example_dags/example_nested_branch_dag.py
[2024-04-22T16:42:52.283+0000] {logging_mixin.py:188} INFO - [2024-04-22T16:42:52.283+0000] {dag.py:3047} INFO - Sync 1 DAGs
[2024-04-22T16:42:52.349+0000] {logging_mixin.py:188} INFO - [2024-04-22T16:42:52.349+0000] {dag.py:3834} INFO - Setting next_dagrun for example_nested_branch_dag to 2024-04-21 00:00:00+00:00, run_after=2024-04-22 00:00:00+00:00
[2024-04-22T16:42:52.379+0000] {processor.py:183} INFO - Processing /home/airflow/.local/lib/python3.8/site-packages/airflow/example_dags/example_nested_branch_dag.py took 0.140 seconds
[2024-04-22T16:43:22.619+0000] {processor.py:161} INFO - Started process (PID=11083) to work on /home/airflow/.local/lib/python3.8/site-packages/airflow/example_dags/example_nested_branch_dag.py
[2024-04-22T16:43:22.628+0000] {processor.py:830} INFO - Processing file /home/airflow/.local/lib/python3.8/site-packages/airflow/example_dags/example_nested_branch_dag.py for tasks to queue
[2024-04-22T16:43:22.629+0000] {logging_mixin.py:188} INFO - [2024-04-22T16:43:22.628+0000] {dagbag.py:540} INFO - Filling up the DagBag from /home/airflow/.local/lib/python3.8/site-packages/airflow/example_dags/example_nested_branch_dag.py
[2024-04-22T16:43:22.673+0000] {processor.py:840} INFO - DAG(s) 'example_nested_branch_dag' retrieved from /home/airflow/.local/lib/python3.8/site-packages/airflow/example_dags/example_nested_branch_dag.py
[2024-04-22T16:43:22.735+0000] {logging_mixin.py:188} INFO - [2024-04-22T16:43:22.735+0000] {dag.py:3047} INFO - Sync 1 DAGs
[2024-04-22T16:43:22.767+0000] {logging_mixin.py:188} INFO - [2024-04-22T16:43:22.767+0000] {dag.py:3834} INFO - Setting next_dagrun for example_nested_branch_dag to 2024-04-21 00:00:00+00:00, run_after=2024-04-22 00:00:00+00:00
[2024-04-22T16:43:22.790+0000] {processor.py:183} INFO - Processing /home/airflow/.local/lib/python3.8/site-packages/airflow/example_dags/example_nested_branch_dag.py took 0.189 seconds
[2024-04-22T16:43:52.972+0000] {processor.py:161} INFO - Started process (PID=11340) to work on /home/airflow/.local/lib/python3.8/site-packages/airflow/example_dags/example_nested_branch_dag.py
[2024-04-22T16:43:52.973+0000] {processor.py:830} INFO - Processing file /home/airflow/.local/lib/python3.8/site-packages/airflow/example_dags/example_nested_branch_dag.py for tasks to queue
[2024-04-22T16:43:52.974+0000] {logging_mixin.py:188} INFO - [2024-04-22T16:43:52.974+0000] {dagbag.py:540} INFO - Filling up the DagBag from /home/airflow/.local/lib/python3.8/site-packages/airflow/example_dags/example_nested_branch_dag.py
[2024-04-22T16:43:52.985+0000] {processor.py:840} INFO - DAG(s) 'example_nested_branch_dag' retrieved from /home/airflow/.local/lib/python3.8/site-packages/airflow/example_dags/example_nested_branch_dag.py
[2024-04-22T16:43:53.013+0000] {logging_mixin.py:188} INFO - [2024-04-22T16:43:53.013+0000] {dag.py:3047} INFO - Sync 1 DAGs
[2024-04-22T16:43:53.041+0000] {logging_mixin.py:188} INFO - [2024-04-22T16:43:53.041+0000] {dag.py:3834} INFO - Setting next_dagrun for example_nested_branch_dag to 2024-04-21 00:00:00+00:00, run_after=2024-04-22 00:00:00+00:00
[2024-04-22T16:43:53.065+0000] {processor.py:183} INFO - Processing /home/airflow/.local/lib/python3.8/site-packages/airflow/example_dags/example_nested_branch_dag.py took 0.096 seconds
[2024-04-22T16:44:23.396+0000] {processor.py:161} INFO - Started process (PID=11598) to work on /home/airflow/.local/lib/python3.8/site-packages/airflow/example_dags/example_nested_branch_dag.py
[2024-04-22T16:44:23.397+0000] {processor.py:830} INFO - Processing file /home/airflow/.local/lib/python3.8/site-packages/airflow/example_dags/example_nested_branch_dag.py for tasks to queue
[2024-04-22T16:44:23.397+0000] {logging_mixin.py:188} INFO - [2024-04-22T16:44:23.397+0000] {dagbag.py:540} INFO - Filling up the DagBag from /home/airflow/.local/lib/python3.8/site-packages/airflow/example_dags/example_nested_branch_dag.py
[2024-04-22T16:44:23.411+0000] {processor.py:840} INFO - DAG(s) 'example_nested_branch_dag' retrieved from /home/airflow/.local/lib/python3.8/site-packages/airflow/example_dags/example_nested_branch_dag.py
[2024-04-22T16:44:23.435+0000] {logging_mixin.py:188} INFO - [2024-04-22T16:44:23.434+0000] {dag.py:3047} INFO - Sync 1 DAGs
[2024-04-22T16:44:23.462+0000] {logging_mixin.py:188} INFO - [2024-04-22T16:44:23.462+0000] {dag.py:3834} INFO - Setting next_dagrun for example_nested_branch_dag to 2024-04-21 00:00:00+00:00, run_after=2024-04-22 00:00:00+00:00
[2024-04-22T16:44:23.485+0000] {processor.py:183} INFO - Processing /home/airflow/.local/lib/python3.8/site-packages/airflow/example_dags/example_nested_branch_dag.py took 0.092 seconds
[2024-04-22T16:44:54.511+0000] {processor.py:161} INFO - Started process (PID=11857) to work on /home/airflow/.local/lib/python3.8/site-packages/airflow/example_dags/example_nested_branch_dag.py
[2024-04-22T16:44:54.511+0000] {processor.py:830} INFO - Processing file /home/airflow/.local/lib/python3.8/site-packages/airflow/example_dags/example_nested_branch_dag.py for tasks to queue
[2024-04-22T16:44:54.512+0000] {logging_mixin.py:188} INFO - [2024-04-22T16:44:54.512+0000] {dagbag.py:540} INFO - Filling up the DagBag from /home/airflow/.local/lib/python3.8/site-packages/airflow/example_dags/example_nested_branch_dag.py
[2024-04-22T16:44:54.524+0000] {processor.py:840} INFO - DAG(s) 'example_nested_branch_dag' retrieved from /home/airflow/.local/lib/python3.8/site-packages/airflow/example_dags/example_nested_branch_dag.py
[2024-04-22T16:44:54.551+0000] {logging_mixin.py:188} INFO - [2024-04-22T16:44:54.551+0000] {dag.py:3047} INFO - Sync 1 DAGs
[2024-04-22T16:44:54.577+0000] {logging_mixin.py:188} INFO - [2024-04-22T16:44:54.577+0000] {dag.py:3834} INFO - Setting next_dagrun for example_nested_branch_dag to 2024-04-21 00:00:00+00:00, run_after=2024-04-22 00:00:00+00:00
[2024-04-22T16:44:54.607+0000] {processor.py:183} INFO - Processing /home/airflow/.local/lib/python3.8/site-packages/airflow/example_dags/example_nested_branch_dag.py took 0.100 seconds
[2024-04-22T16:45:24.796+0000] {processor.py:161} INFO - Started process (PID=12113) to work on /home/airflow/.local/lib/python3.8/site-packages/airflow/example_dags/example_nested_branch_dag.py
[2024-04-22T16:45:24.797+0000] {processor.py:830} INFO - Processing file /home/airflow/.local/lib/python3.8/site-packages/airflow/example_dags/example_nested_branch_dag.py for tasks to queue
[2024-04-22T16:45:24.797+0000] {logging_mixin.py:188} INFO - [2024-04-22T16:45:24.797+0000] {dagbag.py:540} INFO - Filling up the DagBag from /home/airflow/.local/lib/python3.8/site-packages/airflow/example_dags/example_nested_branch_dag.py
[2024-04-22T16:45:24.811+0000] {processor.py:840} INFO - DAG(s) 'example_nested_branch_dag' retrieved from /home/airflow/.local/lib/python3.8/site-packages/airflow/example_dags/example_nested_branch_dag.py
[2024-04-22T16:45:24.839+0000] {logging_mixin.py:188} INFO - [2024-04-22T16:45:24.838+0000] {dag.py:3047} INFO - Sync 1 DAGs
[2024-04-22T16:45:24.867+0000] {logging_mixin.py:188} INFO - [2024-04-22T16:45:24.867+0000] {dag.py:3834} INFO - Setting next_dagrun for example_nested_branch_dag to 2024-04-21 00:00:00+00:00, run_after=2024-04-22 00:00:00+00:00
[2024-04-22T16:45:24.892+0000] {processor.py:183} INFO - Processing /home/airflow/.local/lib/python3.8/site-packages/airflow/example_dags/example_nested_branch_dag.py took 0.099 seconds
[2024-04-22T16:45:55.225+0000] {processor.py:161} INFO - Started process (PID=12369) to work on /home/airflow/.local/lib/python3.8/site-packages/airflow/example_dags/example_nested_branch_dag.py
[2024-04-22T16:45:55.226+0000] {processor.py:830} INFO - Processing file /home/airflow/.local/lib/python3.8/site-packages/airflow/example_dags/example_nested_branch_dag.py for tasks to queue
[2024-04-22T16:45:55.227+0000] {logging_mixin.py:188} INFO - [2024-04-22T16:45:55.227+0000] {dagbag.py:540} INFO - Filling up the DagBag from /home/airflow/.local/lib/python3.8/site-packages/airflow/example_dags/example_nested_branch_dag.py
[2024-04-22T16:45:55.239+0000] {processor.py:840} INFO - DAG(s) 'example_nested_branch_dag' retrieved from /home/airflow/.local/lib/python3.8/site-packages/airflow/example_dags/example_nested_branch_dag.py
[2024-04-22T16:45:55.266+0000] {logging_mixin.py:188} INFO - [2024-04-22T16:45:55.266+0000] {dag.py:3047} INFO - Sync 1 DAGs
[2024-04-22T16:45:55.291+0000] {logging_mixin.py:188} INFO - [2024-04-22T16:45:55.290+0000] {dag.py:3834} INFO - Setting next_dagrun for example_nested_branch_dag to 2024-04-21 00:00:00+00:00, run_after=2024-04-22 00:00:00+00:00
[2024-04-22T16:45:55.314+0000] {processor.py:183} INFO - Processing /home/airflow/.local/lib/python3.8/site-packages/airflow/example_dags/example_nested_branch_dag.py took 0.093 seconds
[2024-04-22T16:46:25.679+0000] {processor.py:161} INFO - Started process (PID=12626) to work on /home/airflow/.local/lib/python3.8/site-packages/airflow/example_dags/example_nested_branch_dag.py
[2024-04-22T16:46:25.680+0000] {processor.py:830} INFO - Processing file /home/airflow/.local/lib/python3.8/site-packages/airflow/example_dags/example_nested_branch_dag.py for tasks to queue
[2024-04-22T16:46:25.681+0000] {logging_mixin.py:188} INFO - [2024-04-22T16:46:25.681+0000] {dagbag.py:540} INFO - Filling up the DagBag from /home/airflow/.local/lib/python3.8/site-packages/airflow/example_dags/example_nested_branch_dag.py
[2024-04-22T16:46:25.693+0000] {processor.py:840} INFO - DAG(s) 'example_nested_branch_dag' retrieved from /home/airflow/.local/lib/python3.8/site-packages/airflow/example_dags/example_nested_branch_dag.py
[2024-04-22T16:46:25.718+0000] {logging_mixin.py:188} INFO - [2024-04-22T16:46:25.718+0000] {dag.py:3047} INFO - Sync 1 DAGs
[2024-04-22T16:46:25.742+0000] {logging_mixin.py:188} INFO - [2024-04-22T16:46:25.741+0000] {dag.py:3834} INFO - Setting next_dagrun for example_nested_branch_dag to 2024-04-21 00:00:00+00:00, run_after=2024-04-22 00:00:00+00:00
[2024-04-22T16:46:25.765+0000] {processor.py:183} INFO - Processing /home/airflow/.local/lib/python3.8/site-packages/airflow/example_dags/example_nested_branch_dag.py took 0.090 seconds
[2024-04-22T16:46:55.927+0000] {processor.py:161} INFO - Started process (PID=12884) to work on /home/airflow/.local/lib/python3.8/site-packages/airflow/example_dags/example_nested_branch_dag.py
[2024-04-22T16:46:55.928+0000] {processor.py:830} INFO - Processing file /home/airflow/.local/lib/python3.8/site-packages/airflow/example_dags/example_nested_branch_dag.py for tasks to queue
[2024-04-22T16:46:55.929+0000] {logging_mixin.py:188} INFO - [2024-04-22T16:46:55.928+0000] {dagbag.py:540} INFO - Filling up the DagBag from /home/airflow/.local/lib/python3.8/site-packages/airflow/example_dags/example_nested_branch_dag.py
[2024-04-22T16:46:55.941+0000] {processor.py:840} INFO - DAG(s) 'example_nested_branch_dag' retrieved from /home/airflow/.local/lib/python3.8/site-packages/airflow/example_dags/example_nested_branch_dag.py
[2024-04-22T16:46:55.969+0000] {logging_mixin.py:188} INFO - [2024-04-22T16:46:55.969+0000] {dag.py:3047} INFO - Sync 1 DAGs
[2024-04-22T16:46:55.996+0000] {logging_mixin.py:188} INFO - [2024-04-22T16:46:55.995+0000] {dag.py:3834} INFO - Setting next_dagrun for example_nested_branch_dag to 2024-04-21 00:00:00+00:00, run_after=2024-04-22 00:00:00+00:00
[2024-04-22T16:46:56.019+0000] {processor.py:183} INFO - Processing /home/airflow/.local/lib/python3.8/site-packages/airflow/example_dags/example_nested_branch_dag.py took 0.096 seconds
[2024-04-22T16:47:26.200+0000] {processor.py:161} INFO - Started process (PID=13141) to work on /home/airflow/.local/lib/python3.8/site-packages/airflow/example_dags/example_nested_branch_dag.py
[2024-04-22T16:47:26.201+0000] {processor.py:830} INFO - Processing file /home/airflow/.local/lib/python3.8/site-packages/airflow/example_dags/example_nested_branch_dag.py for tasks to queue
[2024-04-22T16:47:26.202+0000] {logging_mixin.py:188} INFO - [2024-04-22T16:47:26.202+0000] {dagbag.py:540} INFO - Filling up the DagBag from /home/airflow/.local/lib/python3.8/site-packages/airflow/example_dags/example_nested_branch_dag.py
[2024-04-22T16:47:26.214+0000] {processor.py:840} INFO - DAG(s) 'example_nested_branch_dag' retrieved from /home/airflow/.local/lib/python3.8/site-packages/airflow/example_dags/example_nested_branch_dag.py
[2024-04-22T16:47:26.238+0000] {logging_mixin.py:188} INFO - [2024-04-22T16:47:26.238+0000] {dag.py:3047} INFO - Sync 1 DAGs
[2024-04-22T16:47:26.263+0000] {logging_mixin.py:188} INFO - [2024-04-22T16:47:26.262+0000] {dag.py:3834} INFO - Setting next_dagrun for example_nested_branch_dag to 2024-04-21 00:00:00+00:00, run_after=2024-04-22 00:00:00+00:00
[2024-04-22T16:47:26.286+0000] {processor.py:183} INFO - Processing /home/airflow/.local/lib/python3.8/site-packages/airflow/example_dags/example_nested_branch_dag.py took 0.089 seconds
[2024-04-22T16:47:57.009+0000] {processor.py:161} INFO - Started process (PID=13399) to work on /home/airflow/.local/lib/python3.8/site-packages/airflow/example_dags/example_nested_branch_dag.py
[2024-04-22T16:47:57.010+0000] {processor.py:830} INFO - Processing file /home/airflow/.local/lib/python3.8/site-packages/airflow/example_dags/example_nested_branch_dag.py for tasks to queue
[2024-04-22T16:47:57.011+0000] {logging_mixin.py:188} INFO - [2024-04-22T16:47:57.010+0000] {dagbag.py:540} INFO - Filling up the DagBag from /home/airflow/.local/lib/python3.8/site-packages/airflow/example_dags/example_nested_branch_dag.py
[2024-04-22T16:47:57.020+0000] {processor.py:840} INFO - DAG(s) 'example_nested_branch_dag' retrieved from /home/airflow/.local/lib/python3.8/site-packages/airflow/example_dags/example_nested_branch_dag.py
[2024-04-22T16:47:57.048+0000] {logging_mixin.py:188} INFO - [2024-04-22T16:47:57.048+0000] {dag.py:3047} INFO - Sync 1 DAGs
[2024-04-22T16:47:57.078+0000] {logging_mixin.py:188} INFO - [2024-04-22T16:47:57.078+0000] {dag.py:3834} INFO - Setting next_dagrun for example_nested_branch_dag to 2024-04-21 00:00:00+00:00, run_after=2024-04-22 00:00:00+00:00
[2024-04-22T16:47:57.102+0000] {processor.py:183} INFO - Processing /home/airflow/.local/lib/python3.8/site-packages/airflow/example_dags/example_nested_branch_dag.py took 0.098 seconds
[2024-04-22T16:48:27.493+0000] {processor.py:161} INFO - Started process (PID=13658) to work on /home/airflow/.local/lib/python3.8/site-packages/airflow/example_dags/example_nested_branch_dag.py
[2024-04-22T16:48:27.493+0000] {processor.py:830} INFO - Processing file /home/airflow/.local/lib/python3.8/site-packages/airflow/example_dags/example_nested_branch_dag.py for tasks to queue
[2024-04-22T16:48:27.494+0000] {logging_mixin.py:188} INFO - [2024-04-22T16:48:27.494+0000] {dagbag.py:540} INFO - Filling up the DagBag from /home/airflow/.local/lib/python3.8/site-packages/airflow/example_dags/example_nested_branch_dag.py
[2024-04-22T16:48:27.507+0000] {processor.py:840} INFO - DAG(s) 'example_nested_branch_dag' retrieved from /home/airflow/.local/lib/python3.8/site-packages/airflow/example_dags/example_nested_branch_dag.py
[2024-04-22T16:48:27.532+0000] {logging_mixin.py:188} INFO - [2024-04-22T16:48:27.532+0000] {dag.py:3047} INFO - Sync 1 DAGs
[2024-04-22T16:48:27.560+0000] {logging_mixin.py:188} INFO - [2024-04-22T16:48:27.560+0000] {dag.py:3834} INFO - Setting next_dagrun for example_nested_branch_dag to 2024-04-21 00:00:00+00:00, run_after=2024-04-22 00:00:00+00:00
[2024-04-22T16:48:27.586+0000] {processor.py:183} INFO - Processing /home/airflow/.local/lib/python3.8/site-packages/airflow/example_dags/example_nested_branch_dag.py took 0.097 seconds
[2024-04-22T16:48:57.760+0000] {processor.py:161} INFO - Started process (PID=13914) to work on /home/airflow/.local/lib/python3.8/site-packages/airflow/example_dags/example_nested_branch_dag.py
[2024-04-22T16:48:57.761+0000] {processor.py:830} INFO - Processing file /home/airflow/.local/lib/python3.8/site-packages/airflow/example_dags/example_nested_branch_dag.py for tasks to queue
[2024-04-22T16:48:57.763+0000] {logging_mixin.py:188} INFO - [2024-04-22T16:48:57.763+0000] {dagbag.py:540} INFO - Filling up the DagBag from /home/airflow/.local/lib/python3.8/site-packages/airflow/example_dags/example_nested_branch_dag.py
[2024-04-22T16:48:57.775+0000] {processor.py:840} INFO - DAG(s) 'example_nested_branch_dag' retrieved from /home/airflow/.local/lib/python3.8/site-packages/airflow/example_dags/example_nested_branch_dag.py
[2024-04-22T16:48:57.800+0000] {logging_mixin.py:188} INFO - [2024-04-22T16:48:57.800+0000] {dag.py:3047} INFO - Sync 1 DAGs
[2024-04-22T16:48:57.825+0000] {logging_mixin.py:188} INFO - [2024-04-22T16:48:57.825+0000] {dag.py:3834} INFO - Setting next_dagrun for example_nested_branch_dag to 2024-04-21 00:00:00+00:00, run_after=2024-04-22 00:00:00+00:00
[2024-04-22T16:48:57.861+0000] {processor.py:183} INFO - Processing /home/airflow/.local/lib/python3.8/site-packages/airflow/example_dags/example_nested_branch_dag.py took 0.104 seconds
[2024-04-22T16:49:28.418+0000] {processor.py:161} INFO - Started process (PID=14172) to work on /home/airflow/.local/lib/python3.8/site-packages/airflow/example_dags/example_nested_branch_dag.py
[2024-04-22T16:49:28.419+0000] {processor.py:830} INFO - Processing file /home/airflow/.local/lib/python3.8/site-packages/airflow/example_dags/example_nested_branch_dag.py for tasks to queue
[2024-04-22T16:49:28.420+0000] {logging_mixin.py:188} INFO - [2024-04-22T16:49:28.420+0000] {dagbag.py:540} INFO - Filling up the DagBag from /home/airflow/.local/lib/python3.8/site-packages/airflow/example_dags/example_nested_branch_dag.py
[2024-04-22T16:49:28.441+0000] {processor.py:840} INFO - DAG(s) 'example_nested_branch_dag' retrieved from /home/airflow/.local/lib/python3.8/site-packages/airflow/example_dags/example_nested_branch_dag.py
[2024-04-22T16:49:28.472+0000] {logging_mixin.py:188} INFO - [2024-04-22T16:49:28.472+0000] {dag.py:3047} INFO - Sync 1 DAGs
[2024-04-22T16:49:28.500+0000] {logging_mixin.py:188} INFO - [2024-04-22T16:49:28.500+0000] {dag.py:3834} INFO - Setting next_dagrun for example_nested_branch_dag to 2024-04-21 00:00:00+00:00, run_after=2024-04-22 00:00:00+00:00
[2024-04-22T16:49:28.525+0000] {processor.py:183} INFO - Processing /home/airflow/.local/lib/python3.8/site-packages/airflow/example_dags/example_nested_branch_dag.py took 0.110 seconds
[2024-04-22T16:49:58.926+0000] {processor.py:161} INFO - Started process (PID=14430) to work on /home/airflow/.local/lib/python3.8/site-packages/airflow/example_dags/example_nested_branch_dag.py
[2024-04-22T16:49:58.927+0000] {processor.py:830} INFO - Processing file /home/airflow/.local/lib/python3.8/site-packages/airflow/example_dags/example_nested_branch_dag.py for tasks to queue
[2024-04-22T16:49:58.928+0000] {logging_mixin.py:188} INFO - [2024-04-22T16:49:58.928+0000] {dagbag.py:540} INFO - Filling up the DagBag from /home/airflow/.local/lib/python3.8/site-packages/airflow/example_dags/example_nested_branch_dag.py
[2024-04-22T16:49:58.939+0000] {processor.py:840} INFO - DAG(s) 'example_nested_branch_dag' retrieved from /home/airflow/.local/lib/python3.8/site-packages/airflow/example_dags/example_nested_branch_dag.py
[2024-04-22T16:49:58.969+0000] {logging_mixin.py:188} INFO - [2024-04-22T16:49:58.969+0000] {dag.py:3047} INFO - Sync 1 DAGs
[2024-04-22T16:49:58.997+0000] {logging_mixin.py:188} INFO - [2024-04-22T16:49:58.997+0000] {dag.py:3834} INFO - Setting next_dagrun for example_nested_branch_dag to 2024-04-21 00:00:00+00:00, run_after=2024-04-22 00:00:00+00:00
[2024-04-22T16:49:59.021+0000] {processor.py:183} INFO - Processing /home/airflow/.local/lib/python3.8/site-packages/airflow/example_dags/example_nested_branch_dag.py took 0.098 seconds
[2024-04-22T16:50:29.339+0000] {processor.py:161} INFO - Started process (PID=14687) to work on /home/airflow/.local/lib/python3.8/site-packages/airflow/example_dags/example_nested_branch_dag.py
[2024-04-22T16:50:29.340+0000] {processor.py:830} INFO - Processing file /home/airflow/.local/lib/python3.8/site-packages/airflow/example_dags/example_nested_branch_dag.py for tasks to queue
[2024-04-22T16:50:29.341+0000] {logging_mixin.py:188} INFO - [2024-04-22T16:50:29.341+0000] {dagbag.py:540} INFO - Filling up the DagBag from /home/airflow/.local/lib/python3.8/site-packages/airflow/example_dags/example_nested_branch_dag.py
[2024-04-22T16:50:29.355+0000] {processor.py:840} INFO - DAG(s) 'example_nested_branch_dag' retrieved from /home/airflow/.local/lib/python3.8/site-packages/airflow/example_dags/example_nested_branch_dag.py
[2024-04-22T16:50:29.380+0000] {logging_mixin.py:188} INFO - [2024-04-22T16:50:29.380+0000] {dag.py:3047} INFO - Sync 1 DAGs
[2024-04-22T16:50:29.405+0000] {logging_mixin.py:188} INFO - [2024-04-22T16:50:29.405+0000] {dag.py:3834} INFO - Setting next_dagrun for example_nested_branch_dag to 2024-04-21 00:00:00+00:00, run_after=2024-04-22 00:00:00+00:00
[2024-04-22T16:50:29.442+0000] {processor.py:183} INFO - Processing /home/airflow/.local/lib/python3.8/site-packages/airflow/example_dags/example_nested_branch_dag.py took 0.107 seconds
[2024-04-22T16:50:59.771+0000] {processor.py:161} INFO - Started process (PID=14944) to work on /home/airflow/.local/lib/python3.8/site-packages/airflow/example_dags/example_nested_branch_dag.py
[2024-04-22T16:50:59.772+0000] {processor.py:830} INFO - Processing file /home/airflow/.local/lib/python3.8/site-packages/airflow/example_dags/example_nested_branch_dag.py for tasks to queue
[2024-04-22T16:50:59.773+0000] {logging_mixin.py:188} INFO - [2024-04-22T16:50:59.773+0000] {dagbag.py:540} INFO - Filling up the DagBag from /home/airflow/.local/lib/python3.8/site-packages/airflow/example_dags/example_nested_branch_dag.py
[2024-04-22T16:50:59.784+0000] {processor.py:840} INFO - DAG(s) 'example_nested_branch_dag' retrieved from /home/airflow/.local/lib/python3.8/site-packages/airflow/example_dags/example_nested_branch_dag.py
[2024-04-22T16:50:59.809+0000] {logging_mixin.py:188} INFO - [2024-04-22T16:50:59.809+0000] {dag.py:3047} INFO - Sync 1 DAGs
[2024-04-22T16:50:59.840+0000] {logging_mixin.py:188} INFO - [2024-04-22T16:50:59.839+0000] {dag.py:3834} INFO - Setting next_dagrun for example_nested_branch_dag to 2024-04-21 00:00:00+00:00, run_after=2024-04-22 00:00:00+00:00
[2024-04-22T16:50:59.883+0000] {processor.py:183} INFO - Processing /home/airflow/.local/lib/python3.8/site-packages/airflow/example_dags/example_nested_branch_dag.py took 0.116 seconds
[2024-04-22T16:51:29.914+0000] {processor.py:161} INFO - Started process (PID=15198) to work on /home/airflow/.local/lib/python3.8/site-packages/airflow/example_dags/example_nested_branch_dag.py
[2024-04-22T16:51:29.915+0000] {processor.py:830} INFO - Processing file /home/airflow/.local/lib/python3.8/site-packages/airflow/example_dags/example_nested_branch_dag.py for tasks to queue
[2024-04-22T16:51:29.916+0000] {logging_mixin.py:188} INFO - [2024-04-22T16:51:29.916+0000] {dagbag.py:540} INFO - Filling up the DagBag from /home/airflow/.local/lib/python3.8/site-packages/airflow/example_dags/example_nested_branch_dag.py
[2024-04-22T16:51:29.929+0000] {processor.py:840} INFO - DAG(s) 'example_nested_branch_dag' retrieved from /home/airflow/.local/lib/python3.8/site-packages/airflow/example_dags/example_nested_branch_dag.py
[2024-04-22T16:51:29.953+0000] {logging_mixin.py:188} INFO - [2024-04-22T16:51:29.953+0000] {dag.py:3047} INFO - Sync 1 DAGs
[2024-04-22T16:51:29.981+0000] {logging_mixin.py:188} INFO - [2024-04-22T16:51:29.980+0000] {dag.py:3834} INFO - Setting next_dagrun for example_nested_branch_dag to 2024-04-21 00:00:00+00:00, run_after=2024-04-22 00:00:00+00:00
[2024-04-22T16:51:30.005+0000] {processor.py:183} INFO - Processing /home/airflow/.local/lib/python3.8/site-packages/airflow/example_dags/example_nested_branch_dag.py took 0.095 seconds
[2024-04-22T16:52:00.278+0000] {processor.py:161} INFO - Started process (PID=15453) to work on /home/airflow/.local/lib/python3.8/site-packages/airflow/example_dags/example_nested_branch_dag.py
[2024-04-22T16:52:00.279+0000] {processor.py:830} INFO - Processing file /home/airflow/.local/lib/python3.8/site-packages/airflow/example_dags/example_nested_branch_dag.py for tasks to queue
[2024-04-22T16:52:00.280+0000] {logging_mixin.py:188} INFO - [2024-04-22T16:52:00.280+0000] {dagbag.py:540} INFO - Filling up the DagBag from /home/airflow/.local/lib/python3.8/site-packages/airflow/example_dags/example_nested_branch_dag.py
[2024-04-22T16:52:00.292+0000] {processor.py:840} INFO - DAG(s) 'example_nested_branch_dag' retrieved from /home/airflow/.local/lib/python3.8/site-packages/airflow/example_dags/example_nested_branch_dag.py
[2024-04-22T16:52:00.322+0000] {logging_mixin.py:188} INFO - [2024-04-22T16:52:00.322+0000] {dag.py:3047} INFO - Sync 1 DAGs
[2024-04-22T16:52:00.352+0000] {logging_mixin.py:188} INFO - [2024-04-22T16:52:00.352+0000] {dag.py:3834} INFO - Setting next_dagrun for example_nested_branch_dag to 2024-04-21 00:00:00+00:00, run_after=2024-04-22 00:00:00+00:00
[2024-04-22T16:52:00.375+0000] {processor.py:183} INFO - Processing /home/airflow/.local/lib/python3.8/site-packages/airflow/example_dags/example_nested_branch_dag.py took 0.101 seconds
[2024-04-22T16:52:30.595+0000] {processor.py:161} INFO - Started process (PID=15711) to work on /home/airflow/.local/lib/python3.8/site-packages/airflow/example_dags/example_nested_branch_dag.py
[2024-04-22T16:52:30.596+0000] {processor.py:830} INFO - Processing file /home/airflow/.local/lib/python3.8/site-packages/airflow/example_dags/example_nested_branch_dag.py for tasks to queue
[2024-04-22T16:52:30.597+0000] {logging_mixin.py:188} INFO - [2024-04-22T16:52:30.596+0000] {dagbag.py:540} INFO - Filling up the DagBag from /home/airflow/.local/lib/python3.8/site-packages/airflow/example_dags/example_nested_branch_dag.py
[2024-04-22T16:52:30.610+0000] {processor.py:840} INFO - DAG(s) 'example_nested_branch_dag' retrieved from /home/airflow/.local/lib/python3.8/site-packages/airflow/example_dags/example_nested_branch_dag.py
[2024-04-22T16:52:30.635+0000] {logging_mixin.py:188} INFO - [2024-04-22T16:52:30.635+0000] {dag.py:3047} INFO - Sync 1 DAGs
[2024-04-22T16:52:30.659+0000] {logging_mixin.py:188} INFO - [2024-04-22T16:52:30.659+0000] {dag.py:3834} INFO - Setting next_dagrun for example_nested_branch_dag to 2024-04-21 00:00:00+00:00, run_after=2024-04-22 00:00:00+00:00
[2024-04-22T16:52:30.682+0000] {processor.py:183} INFO - Processing /home/airflow/.local/lib/python3.8/site-packages/airflow/example_dags/example_nested_branch_dag.py took 0.091 seconds
[2024-04-22T16:53:01.008+0000] {processor.py:161} INFO - Started process (PID=15968) to work on /home/airflow/.local/lib/python3.8/site-packages/airflow/example_dags/example_nested_branch_dag.py
[2024-04-22T16:53:01.010+0000] {processor.py:830} INFO - Processing file /home/airflow/.local/lib/python3.8/site-packages/airflow/example_dags/example_nested_branch_dag.py for tasks to queue
[2024-04-22T16:53:01.011+0000] {logging_mixin.py:188} INFO - [2024-04-22T16:53:01.010+0000] {dagbag.py:540} INFO - Filling up the DagBag from /home/airflow/.local/lib/python3.8/site-packages/airflow/example_dags/example_nested_branch_dag.py
[2024-04-22T16:53:01.022+0000] {processor.py:840} INFO - DAG(s) 'example_nested_branch_dag' retrieved from /home/airflow/.local/lib/python3.8/site-packages/airflow/example_dags/example_nested_branch_dag.py
[2024-04-22T16:53:01.067+0000] {logging_mixin.py:188} INFO - [2024-04-22T16:53:01.067+0000] {dag.py:3047} INFO - Sync 1 DAGs
[2024-04-22T16:53:01.092+0000] {logging_mixin.py:188} INFO - [2024-04-22T16:53:01.092+0000] {dag.py:3834} INFO - Setting next_dagrun for example_nested_branch_dag to 2024-04-21 00:00:00+00:00, run_after=2024-04-22 00:00:00+00:00
[2024-04-22T16:53:01.118+0000] {processor.py:183} INFO - Processing /home/airflow/.local/lib/python3.8/site-packages/airflow/example_dags/example_nested_branch_dag.py took 0.114 seconds
[2024-04-22T16:53:31.488+0000] {processor.py:161} INFO - Started process (PID=16227) to work on /home/airflow/.local/lib/python3.8/site-packages/airflow/example_dags/example_nested_branch_dag.py
[2024-04-22T16:53:31.489+0000] {processor.py:830} INFO - Processing file /home/airflow/.local/lib/python3.8/site-packages/airflow/example_dags/example_nested_branch_dag.py for tasks to queue
[2024-04-22T16:53:31.490+0000] {logging_mixin.py:188} INFO - [2024-04-22T16:53:31.490+0000] {dagbag.py:540} INFO - Filling up the DagBag from /home/airflow/.local/lib/python3.8/site-packages/airflow/example_dags/example_nested_branch_dag.py
[2024-04-22T16:53:31.502+0000] {processor.py:840} INFO - DAG(s) 'example_nested_branch_dag' retrieved from /home/airflow/.local/lib/python3.8/site-packages/airflow/example_dags/example_nested_branch_dag.py
[2024-04-22T16:53:31.528+0000] {logging_mixin.py:188} INFO - [2024-04-22T16:53:31.528+0000] {dag.py:3047} INFO - Sync 1 DAGs
[2024-04-22T16:53:31.553+0000] {logging_mixin.py:188} INFO - [2024-04-22T16:53:31.553+0000] {dag.py:3834} INFO - Setting next_dagrun for example_nested_branch_dag to 2024-04-21 00:00:00+00:00, run_after=2024-04-22 00:00:00+00:00
[2024-04-22T16:53:31.590+0000] {processor.py:183} INFO - Processing /home/airflow/.local/lib/python3.8/site-packages/airflow/example_dags/example_nested_branch_dag.py took 0.105 seconds
[2024-04-22T16:54:01.713+0000] {processor.py:161} INFO - Started process (PID=16486) to work on /home/airflow/.local/lib/python3.8/site-packages/airflow/example_dags/example_nested_branch_dag.py
[2024-04-22T16:54:01.714+0000] {processor.py:830} INFO - Processing file /home/airflow/.local/lib/python3.8/site-packages/airflow/example_dags/example_nested_branch_dag.py for tasks to queue
[2024-04-22T16:54:01.714+0000] {logging_mixin.py:188} INFO - [2024-04-22T16:54:01.714+0000] {dagbag.py:540} INFO - Filling up the DagBag from /home/airflow/.local/lib/python3.8/site-packages/airflow/example_dags/example_nested_branch_dag.py
[2024-04-22T16:54:01.722+0000] {processor.py:840} INFO - DAG(s) 'example_nested_branch_dag' retrieved from /home/airflow/.local/lib/python3.8/site-packages/airflow/example_dags/example_nested_branch_dag.py
[2024-04-22T16:54:01.740+0000] {logging_mixin.py:188} INFO - [2024-04-22T16:54:01.740+0000] {dag.py:3047} INFO - Sync 1 DAGs
[2024-04-22T16:54:01.759+0000] {logging_mixin.py:188} INFO - [2024-04-22T16:54:01.759+0000] {dag.py:3834} INFO - Setting next_dagrun for example_nested_branch_dag to 2024-04-21 00:00:00+00:00, run_after=2024-04-22 00:00:00+00:00
[2024-04-22T16:54:01.779+0000] {processor.py:183} INFO - Processing /home/airflow/.local/lib/python3.8/site-packages/airflow/example_dags/example_nested_branch_dag.py took 0.068 seconds
[2024-04-22T16:54:31.853+0000] {processor.py:161} INFO - Started process (PID=16744) to work on /home/airflow/.local/lib/python3.8/site-packages/airflow/example_dags/example_nested_branch_dag.py
[2024-04-22T16:54:31.854+0000] {processor.py:830} INFO - Processing file /home/airflow/.local/lib/python3.8/site-packages/airflow/example_dags/example_nested_branch_dag.py for tasks to queue
[2024-04-22T16:54:31.855+0000] {logging_mixin.py:188} INFO - [2024-04-22T16:54:31.855+0000] {dagbag.py:540} INFO - Filling up the DagBag from /home/airflow/.local/lib/python3.8/site-packages/airflow/example_dags/example_nested_branch_dag.py
[2024-04-22T16:54:31.864+0000] {processor.py:840} INFO - DAG(s) 'example_nested_branch_dag' retrieved from /home/airflow/.local/lib/python3.8/site-packages/airflow/example_dags/example_nested_branch_dag.py
[2024-04-22T16:54:31.881+0000] {logging_mixin.py:188} INFO - [2024-04-22T16:54:31.881+0000] {dag.py:3047} INFO - Sync 1 DAGs
[2024-04-22T16:54:31.908+0000] {logging_mixin.py:188} INFO - [2024-04-22T16:54:31.907+0000] {dag.py:3834} INFO - Setting next_dagrun for example_nested_branch_dag to 2024-04-21 00:00:00+00:00, run_after=2024-04-22 00:00:00+00:00
[2024-04-22T16:54:31.934+0000] {processor.py:183} INFO - Processing /home/airflow/.local/lib/python3.8/site-packages/airflow/example_dags/example_nested_branch_dag.py took 0.084 seconds
