[2024-04-22T16:22:00.335+0000] {processor.py:161} INFO - Started process (PID=255) to work on /home/airflow/.local/lib/python3.8/site-packages/airflow/example_dags/example_subdag_operator.py
[2024-04-22T16:22:00.336+0000] {processor.py:830} INFO - Processing file /home/airflow/.local/lib/python3.8/site-packages/airflow/example_dags/example_subdag_operator.py for tasks to queue
[2024-04-22T16:22:00.337+0000] {logging_mixin.py:188} INFO - [2024-04-22T16:22:00.337+0000] {dagbag.py:540} INFO - Filling up the DagBag from /home/airflow/.local/lib/python3.8/site-packages/airflow/example_dags/example_subdag_operator.py
[2024-04-22T16:22:00.414+0000] {processor.py:840} INFO - DAG(s) 'example_subdag_operator.section-1', 'example_subdag_operator.section-2', 'example_subdag_operator' retrieved from /home/airflow/.local/lib/python3.8/site-packages/airflow/example_dags/example_subdag_operator.py
[2024-04-22T16:22:00.463+0000] {logging_mixin.py:188} INFO - [2024-04-22T16:22:00.463+0000] {dag.py:3047} INFO - Sync 3 DAGs
[2024-04-22T16:22:00.570+0000] {logging_mixin.py:188} INFO - [2024-04-22T16:22:00.570+0000] {dag.py:3834} INFO - Setting next_dagrun for example_subdag_operator to 2022-01-01 00:00:00+00:00, run_after=2022-01-01 00:00:00+00:00
[2024-04-22T16:22:00.577+0000] {logging_mixin.py:188} INFO - [2024-04-22T16:22:00.576+0000] {dag.py:3834} INFO - Setting next_dagrun for example_subdag_operator.section-1 to None, run_after=None
[2024-04-22T16:22:00.581+0000] {logging_mixin.py:188} INFO - [2024-04-22T16:22:00.581+0000] {dag.py:3834} INFO - Setting next_dagrun for example_subdag_operator.section-2 to None, run_after=None
[2024-04-22T16:22:00.604+0000] {logging_mixin.py:188} INFO - [2024-04-22T16:22:00.604+0000] {dag.py:3047} INFO - Sync 2 DAGs
[2024-04-22T16:22:00.639+0000] {logging_mixin.py:188} INFO - [2024-04-22T16:22:00.639+0000] {dag.py:3834} INFO - Setting next_dagrun for example_subdag_operator.section-1 to None, run_after=None
[2024-04-22T16:22:00.640+0000] {logging_mixin.py:188} INFO - [2024-04-22T16:22:00.639+0000] {dag.py:3834} INFO - Setting next_dagrun for example_subdag_operator.section-2 to None, run_after=None
[2024-04-22T16:22:00.666+0000] {processor.py:183} INFO - Processing /home/airflow/.local/lib/python3.8/site-packages/airflow/example_dags/example_subdag_operator.py took 0.343 seconds
[2024-04-22T16:22:31.441+0000] {processor.py:161} INFO - Started process (PID=511) to work on /home/airflow/.local/lib/python3.8/site-packages/airflow/example_dags/example_subdag_operator.py
[2024-04-22T16:22:31.442+0000] {processor.py:830} INFO - Processing file /home/airflow/.local/lib/python3.8/site-packages/airflow/example_dags/example_subdag_operator.py for tasks to queue
[2024-04-22T16:22:31.443+0000] {logging_mixin.py:188} INFO - [2024-04-22T16:22:31.442+0000] {dagbag.py:540} INFO - Filling up the DagBag from /home/airflow/.local/lib/python3.8/site-packages/airflow/example_dags/example_subdag_operator.py
[2024-04-22T16:22:31.469+0000] {processor.py:840} INFO - DAG(s) 'example_subdag_operator.section-1', 'example_subdag_operator.section-2', 'example_subdag_operator' retrieved from /home/airflow/.local/lib/python3.8/site-packages/airflow/example_dags/example_subdag_operator.py
[2024-04-22T16:22:31.490+0000] {logging_mixin.py:188} INFO - [2024-04-22T16:22:31.489+0000] {dag.py:3047} INFO - Sync 3 DAGs
[2024-04-22T16:22:31.512+0000] {logging_mixin.py:188} INFO - [2024-04-22T16:22:31.512+0000] {dag.py:3834} INFO - Setting next_dagrun for example_subdag_operator to 2022-01-01 00:00:00+00:00, run_after=2022-01-01 00:00:00+00:00
[2024-04-22T16:22:31.516+0000] {logging_mixin.py:188} INFO - [2024-04-22T16:22:31.516+0000] {dag.py:3834} INFO - Setting next_dagrun for example_subdag_operator.section-1 to None, run_after=None
[2024-04-22T16:22:31.517+0000] {logging_mixin.py:188} INFO - [2024-04-22T16:22:31.517+0000] {dag.py:3834} INFO - Setting next_dagrun for example_subdag_operator.section-2 to None, run_after=None
[2024-04-22T16:22:31.524+0000] {logging_mixin.py:188} INFO - [2024-04-22T16:22:31.524+0000] {dag.py:3047} INFO - Sync 2 DAGs
[2024-04-22T16:22:31.531+0000] {logging_mixin.py:188} INFO - [2024-04-22T16:22:31.531+0000] {dag.py:3834} INFO - Setting next_dagrun for example_subdag_operator.section-1 to None, run_after=None
[2024-04-22T16:22:31.532+0000] {logging_mixin.py:188} INFO - [2024-04-22T16:22:31.532+0000] {dag.py:3834} INFO - Setting next_dagrun for example_subdag_operator.section-2 to None, run_after=None
[2024-04-22T16:22:31.549+0000] {processor.py:183} INFO - Processing /home/airflow/.local/lib/python3.8/site-packages/airflow/example_dags/example_subdag_operator.py took 0.112 seconds
[2024-04-22T16:23:01.679+0000] {processor.py:161} INFO - Started process (PID=767) to work on /home/airflow/.local/lib/python3.8/site-packages/airflow/example_dags/example_subdag_operator.py
[2024-04-22T16:23:01.680+0000] {processor.py:830} INFO - Processing file /home/airflow/.local/lib/python3.8/site-packages/airflow/example_dags/example_subdag_operator.py for tasks to queue
[2024-04-22T16:23:01.681+0000] {logging_mixin.py:188} INFO - [2024-04-22T16:23:01.680+0000] {dagbag.py:540} INFO - Filling up the DagBag from /home/airflow/.local/lib/python3.8/site-packages/airflow/example_dags/example_subdag_operator.py
[2024-04-22T16:23:01.708+0000] {processor.py:840} INFO - DAG(s) 'example_subdag_operator.section-1', 'example_subdag_operator.section-2', 'example_subdag_operator' retrieved from /home/airflow/.local/lib/python3.8/site-packages/airflow/example_dags/example_subdag_operator.py
[2024-04-22T16:23:01.728+0000] {logging_mixin.py:188} INFO - [2024-04-22T16:23:01.728+0000] {dag.py:3047} INFO - Sync 3 DAGs
[2024-04-22T16:23:01.752+0000] {logging_mixin.py:188} INFO - [2024-04-22T16:23:01.752+0000] {dag.py:3834} INFO - Setting next_dagrun for example_subdag_operator to 2022-01-01 00:00:00+00:00, run_after=2022-01-01 00:00:00+00:00
[2024-04-22T16:23:01.755+0000] {logging_mixin.py:188} INFO - [2024-04-22T16:23:01.755+0000] {dag.py:3834} INFO - Setting next_dagrun for example_subdag_operator.section-1 to None, run_after=None
[2024-04-22T16:23:01.756+0000] {logging_mixin.py:188} INFO - [2024-04-22T16:23:01.756+0000] {dag.py:3834} INFO - Setting next_dagrun for example_subdag_operator.section-2 to None, run_after=None
[2024-04-22T16:23:01.764+0000] {logging_mixin.py:188} INFO - [2024-04-22T16:23:01.764+0000] {dag.py:3047} INFO - Sync 2 DAGs
[2024-04-22T16:23:01.769+0000] {logging_mixin.py:188} INFO - [2024-04-22T16:23:01.769+0000] {dag.py:3834} INFO - Setting next_dagrun for example_subdag_operator.section-1 to None, run_after=None
[2024-04-22T16:23:01.770+0000] {logging_mixin.py:188} INFO - [2024-04-22T16:23:01.769+0000] {dag.py:3834} INFO - Setting next_dagrun for example_subdag_operator.section-2 to None, run_after=None
[2024-04-22T16:23:01.785+0000] {processor.py:183} INFO - Processing /home/airflow/.local/lib/python3.8/site-packages/airflow/example_dags/example_subdag_operator.py took 0.109 seconds
[2024-04-22T16:23:32.704+0000] {processor.py:161} INFO - Started process (PID=1024) to work on /home/airflow/.local/lib/python3.8/site-packages/airflow/example_dags/example_subdag_operator.py
[2024-04-22T16:23:32.705+0000] {processor.py:830} INFO - Processing file /home/airflow/.local/lib/python3.8/site-packages/airflow/example_dags/example_subdag_operator.py for tasks to queue
[2024-04-22T16:23:32.706+0000] {logging_mixin.py:188} INFO - [2024-04-22T16:23:32.706+0000] {dagbag.py:540} INFO - Filling up the DagBag from /home/airflow/.local/lib/python3.8/site-packages/airflow/example_dags/example_subdag_operator.py
[2024-04-22T16:23:32.735+0000] {processor.py:840} INFO - DAG(s) 'example_subdag_operator.section-1', 'example_subdag_operator.section-2', 'example_subdag_operator' retrieved from /home/airflow/.local/lib/python3.8/site-packages/airflow/example_dags/example_subdag_operator.py
[2024-04-22T16:23:32.755+0000] {logging_mixin.py:188} INFO - [2024-04-22T16:23:32.755+0000] {dag.py:3047} INFO - Sync 3 DAGs
[2024-04-22T16:23:32.782+0000] {logging_mixin.py:188} INFO - [2024-04-22T16:23:32.782+0000] {dag.py:3834} INFO - Setting next_dagrun for example_subdag_operator to 2022-01-01 00:00:00+00:00, run_after=2022-01-01 00:00:00+00:00
[2024-04-22T16:23:32.786+0000] {logging_mixin.py:188} INFO - [2024-04-22T16:23:32.786+0000] {dag.py:3834} INFO - Setting next_dagrun for example_subdag_operator.section-1 to None, run_after=None
[2024-04-22T16:23:32.787+0000] {logging_mixin.py:188} INFO - [2024-04-22T16:23:32.787+0000] {dag.py:3834} INFO - Setting next_dagrun for example_subdag_operator.section-2 to None, run_after=None
[2024-04-22T16:23:32.793+0000] {logging_mixin.py:188} INFO - [2024-04-22T16:23:32.793+0000] {dag.py:3047} INFO - Sync 2 DAGs
[2024-04-22T16:23:32.798+0000] {logging_mixin.py:188} INFO - [2024-04-22T16:23:32.798+0000] {dag.py:3834} INFO - Setting next_dagrun for example_subdag_operator.section-1 to None, run_after=None
[2024-04-22T16:23:32.799+0000] {logging_mixin.py:188} INFO - [2024-04-22T16:23:32.799+0000] {dag.py:3834} INFO - Setting next_dagrun for example_subdag_operator.section-2 to None, run_after=None
[2024-04-22T16:23:32.818+0000] {processor.py:183} INFO - Processing /home/airflow/.local/lib/python3.8/site-packages/airflow/example_dags/example_subdag_operator.py took 0.118 seconds
