[2024-04-22T16:22:01.288+0000] {processor.py:161} INFO - Started process (PID=287) to work on /home/airflow/.local/lib/python3.8/site-packages/airflow/example_dags/example_sla_dag.py
[2024-04-22T16:22:01.289+0000] {processor.py:830} INFO - Processing file /home/airflow/.local/lib/python3.8/site-packages/airflow/example_dags/example_sla_dag.py for tasks to queue
[2024-04-22T16:22:01.290+0000] {logging_mixin.py:188} INFO - [2024-04-22T16:22:01.290+0000] {dagbag.py:540} INFO - Filling up the DagBag from /home/airflow/.local/lib/python3.8/site-packages/airflow/example_dags/example_sla_dag.py
[2024-04-22T16:22:01.303+0000] {processor.py:840} INFO - DAG(s) 'example_sla_dag' retrieved from /home/airflow/.local/lib/python3.8/site-packages/airflow/example_dags/example_sla_dag.py
[2024-04-22T16:22:01.326+0000] {logging_mixin.py:188} INFO - [2024-04-22T16:22:01.326+0000] {dag.py:3047} INFO - Sync 1 DAGs
[2024-04-22T16:22:01.359+0000] {logging_mixin.py:188} INFO - [2024-04-22T16:22:01.358+0000] {dag.py:3834} INFO - Setting next_dagrun for example_sla_dag to 2024-04-22 16:20:00+00:00, run_after=2024-04-22 16:22:00+00:00
[2024-04-22T16:22:01.384+0000] {processor.py:183} INFO - Processing /home/airflow/.local/lib/python3.8/site-packages/airflow/example_dags/example_sla_dag.py took 0.103 seconds
[2024-04-22T16:22:31.847+0000] {processor.py:161} INFO - Started process (PID=541) to work on /home/airflow/.local/lib/python3.8/site-packages/airflow/example_dags/example_sla_dag.py
[2024-04-22T16:22:31.848+0000] {processor.py:830} INFO - Processing file /home/airflow/.local/lib/python3.8/site-packages/airflow/example_dags/example_sla_dag.py for tasks to queue
[2024-04-22T16:22:31.849+0000] {logging_mixin.py:188} INFO - [2024-04-22T16:22:31.849+0000] {dagbag.py:540} INFO - Filling up the DagBag from /home/airflow/.local/lib/python3.8/site-packages/airflow/example_dags/example_sla_dag.py
[2024-04-22T16:22:31.864+0000] {processor.py:840} INFO - DAG(s) 'example_sla_dag' retrieved from /home/airflow/.local/lib/python3.8/site-packages/airflow/example_dags/example_sla_dag.py
[2024-04-22T16:22:31.887+0000] {logging_mixin.py:188} INFO - [2024-04-22T16:22:31.887+0000] {dag.py:3047} INFO - Sync 1 DAGs
[2024-04-22T16:22:31.916+0000] {logging_mixin.py:188} INFO - [2024-04-22T16:22:31.916+0000] {dag.py:3834} INFO - Setting next_dagrun for example_sla_dag to 2024-04-22 16:20:00+00:00, run_after=2024-04-22 16:22:00+00:00
[2024-04-22T16:22:31.940+0000] {processor.py:183} INFO - Processing /home/airflow/.local/lib/python3.8/site-packages/airflow/example_dags/example_sla_dag.py took 0.097 seconds
[2024-04-22T16:23:02.078+0000] {processor.py:161} INFO - Started process (PID=797) to work on /home/airflow/.local/lib/python3.8/site-packages/airflow/example_dags/example_sla_dag.py
[2024-04-22T16:23:02.079+0000] {processor.py:830} INFO - Processing file /home/airflow/.local/lib/python3.8/site-packages/airflow/example_dags/example_sla_dag.py for tasks to queue
[2024-04-22T16:23:02.080+0000] {logging_mixin.py:188} INFO - [2024-04-22T16:23:02.080+0000] {dagbag.py:540} INFO - Filling up the DagBag from /home/airflow/.local/lib/python3.8/site-packages/airflow/example_dags/example_sla_dag.py
[2024-04-22T16:23:02.090+0000] {processor.py:840} INFO - DAG(s) 'example_sla_dag' retrieved from /home/airflow/.local/lib/python3.8/site-packages/airflow/example_dags/example_sla_dag.py
[2024-04-22T16:23:02.112+0000] {logging_mixin.py:188} INFO - [2024-04-22T16:23:02.112+0000] {dag.py:3047} INFO - Sync 1 DAGs
[2024-04-22T16:23:02.140+0000] {logging_mixin.py:188} INFO - [2024-04-22T16:23:02.140+0000] {dag.py:3834} INFO - Setting next_dagrun for example_sla_dag to 2024-04-22 16:20:00+00:00, run_after=2024-04-22 16:22:00+00:00
[2024-04-22T16:23:02.169+0000] {processor.py:183} INFO - Processing /home/airflow/.local/lib/python3.8/site-packages/airflow/example_dags/example_sla_dag.py took 0.094 seconds
[2024-04-22T16:23:33.360+0000] {processor.py:161} INFO - Started process (PID=1055) to work on /home/airflow/.local/lib/python3.8/site-packages/airflow/example_dags/example_sla_dag.py
[2024-04-22T16:23:33.363+0000] {processor.py:830} INFO - Processing file /home/airflow/.local/lib/python3.8/site-packages/airflow/example_dags/example_sla_dag.py for tasks to queue
[2024-04-22T16:23:33.364+0000] {logging_mixin.py:188} INFO - [2024-04-22T16:23:33.364+0000] {dagbag.py:540} INFO - Filling up the DagBag from /home/airflow/.local/lib/python3.8/site-packages/airflow/example_dags/example_sla_dag.py
[2024-04-22T16:23:33.398+0000] {processor.py:840} INFO - DAG(s) 'example_sla_dag' retrieved from /home/airflow/.local/lib/python3.8/site-packages/airflow/example_dags/example_sla_dag.py
[2024-04-22T16:23:33.467+0000] {logging_mixin.py:188} INFO - [2024-04-22T16:23:33.467+0000] {dag.py:3047} INFO - Sync 1 DAGs
[2024-04-22T16:23:33.610+0000] {logging_mixin.py:188} INFO - [2024-04-22T16:23:33.605+0000] {dag.py:3834} INFO - Setting next_dagrun for example_sla_dag to 2024-04-22 16:20:00+00:00, run_after=2024-04-22 16:22:00+00:00
[2024-04-22T16:23:33.667+0000] {processor.py:183} INFO - Processing /home/airflow/.local/lib/python3.8/site-packages/airflow/example_dags/example_sla_dag.py took 0.312 seconds
