[2024-04-22T16:22:01.814+0000] {processor.py:161} INFO - Started process (PID=317) to work on /home/airflow/.local/lib/python3.8/site-packages/airflow/example_dags/example_params_ui_tutorial.py
[2024-04-22T16:22:01.815+0000] {processor.py:830} INFO - Processing file /home/airflow/.local/lib/python3.8/site-packages/airflow/example_dags/example_params_ui_tutorial.py for tasks to queue
[2024-04-22T16:22:01.816+0000] {logging_mixin.py:188} INFO - [2024-04-22T16:22:01.815+0000] {dagbag.py:540} INFO - Filling up the DagBag from /home/airflow/.local/lib/python3.8/site-packages/airflow/example_dags/example_params_ui_tutorial.py
[2024-04-22T16:22:01.826+0000] {processor.py:840} INFO - DAG(s) 'example_params_ui_tutorial' retrieved from /home/airflow/.local/lib/python3.8/site-packages/airflow/example_dags/example_params_ui_tutorial.py
[2024-04-22T16:22:01.985+0000] {logging_mixin.py:188} INFO - [2024-04-22T16:22:01.984+0000] {dag.py:3047} INFO - Sync 1 DAGs
[2024-04-22T16:22:01.996+0000] {logging_mixin.py:188} INFO - [2024-04-22T16:22:01.996+0000] {dag.py:3834} INFO - Setting next_dagrun for example_params_ui_tutorial to None, run_after=None
[2024-04-22T16:22:02.026+0000] {processor.py:183} INFO - Processing /home/airflow/.local/lib/python3.8/site-packages/airflow/example_dags/example_params_ui_tutorial.py took 0.215 seconds
[2024-04-22T16:22:32.377+0000] {processor.py:161} INFO - Started process (PID=571) to work on /home/airflow/.local/lib/python3.8/site-packages/airflow/example_dags/example_params_ui_tutorial.py
[2024-04-22T16:22:32.378+0000] {processor.py:830} INFO - Processing file /home/airflow/.local/lib/python3.8/site-packages/airflow/example_dags/example_params_ui_tutorial.py for tasks to queue
[2024-04-22T16:22:32.379+0000] {logging_mixin.py:188} INFO - [2024-04-22T16:22:32.379+0000] {dagbag.py:540} INFO - Filling up the DagBag from /home/airflow/.local/lib/python3.8/site-packages/airflow/example_dags/example_params_ui_tutorial.py
[2024-04-22T16:22:32.393+0000] {processor.py:840} INFO - DAG(s) 'example_params_ui_tutorial' retrieved from /home/airflow/.local/lib/python3.8/site-packages/airflow/example_dags/example_params_ui_tutorial.py
[2024-04-22T16:22:32.476+0000] {logging_mixin.py:188} INFO - [2024-04-22T16:22:32.476+0000] {dag.py:3047} INFO - Sync 1 DAGs
[2024-04-22T16:22:32.491+0000] {logging_mixin.py:188} INFO - [2024-04-22T16:22:32.490+0000] {dag.py:3834} INFO - Setting next_dagrun for example_params_ui_tutorial to None, run_after=None
[2024-04-22T16:22:32.534+0000] {processor.py:183} INFO - Processing /home/airflow/.local/lib/python3.8/site-packages/airflow/example_dags/example_params_ui_tutorial.py took 0.161 seconds
[2024-04-22T16:23:02.608+0000] {processor.py:161} INFO - Started process (PID=829) to work on /home/airflow/.local/lib/python3.8/site-packages/airflow/example_dags/example_params_ui_tutorial.py
[2024-04-22T16:23:02.609+0000] {processor.py:830} INFO - Processing file /home/airflow/.local/lib/python3.8/site-packages/airflow/example_dags/example_params_ui_tutorial.py for tasks to queue
[2024-04-22T16:23:02.611+0000] {logging_mixin.py:188} INFO - [2024-04-22T16:23:02.610+0000] {dagbag.py:540} INFO - Filling up the DagBag from /home/airflow/.local/lib/python3.8/site-packages/airflow/example_dags/example_params_ui_tutorial.py
[2024-04-22T16:23:02.623+0000] {processor.py:840} INFO - DAG(s) 'example_params_ui_tutorial' retrieved from /home/airflow/.local/lib/python3.8/site-packages/airflow/example_dags/example_params_ui_tutorial.py
[2024-04-22T16:23:02.691+0000] {logging_mixin.py:188} INFO - [2024-04-22T16:23:02.690+0000] {dag.py:3047} INFO - Sync 1 DAGs
[2024-04-22T16:23:02.702+0000] {logging_mixin.py:188} INFO - [2024-04-22T16:23:02.702+0000] {dag.py:3834} INFO - Setting next_dagrun for example_params_ui_tutorial to None, run_after=None
[2024-04-22T16:23:02.726+0000] {processor.py:183} INFO - Processing /home/airflow/.local/lib/python3.8/site-packages/airflow/example_dags/example_params_ui_tutorial.py took 0.120 seconds
[2024-04-22T16:23:34.042+0000] {processor.py:161} INFO - Started process (PID=1084) to work on /home/airflow/.local/lib/python3.8/site-packages/airflow/example_dags/example_params_ui_tutorial.py
[2024-04-22T16:23:34.043+0000] {processor.py:830} INFO - Processing file /home/airflow/.local/lib/python3.8/site-packages/airflow/example_dags/example_params_ui_tutorial.py for tasks to queue
[2024-04-22T16:23:34.044+0000] {logging_mixin.py:188} INFO - [2024-04-22T16:23:34.043+0000] {dagbag.py:540} INFO - Filling up the DagBag from /home/airflow/.local/lib/python3.8/site-packages/airflow/example_dags/example_params_ui_tutorial.py
[2024-04-22T16:23:34.060+0000] {processor.py:840} INFO - DAG(s) 'example_params_ui_tutorial' retrieved from /home/airflow/.local/lib/python3.8/site-packages/airflow/example_dags/example_params_ui_tutorial.py
[2024-04-22T16:23:34.174+0000] {logging_mixin.py:188} INFO - [2024-04-22T16:23:34.174+0000] {dag.py:3047} INFO - Sync 1 DAGs
[2024-04-22T16:23:34.191+0000] {logging_mixin.py:188} INFO - [2024-04-22T16:23:34.191+0000] {dag.py:3834} INFO - Setting next_dagrun for example_params_ui_tutorial to None, run_after=None
[2024-04-22T16:23:34.217+0000] {processor.py:183} INFO - Processing /home/airflow/.local/lib/python3.8/site-packages/airflow/example_dags/example_params_ui_tutorial.py took 0.180 seconds
