[2024-04-22T16:22:03.244+0000] {processor.py:161} INFO - Started process (PID=372) to work on /home/airflow/.local/lib/python3.8/site-packages/airflow/example_dags/example_sensors.py
[2024-04-22T16:22:03.245+0000] {processor.py:830} INFO - Processing file /home/airflow/.local/lib/python3.8/site-packages/airflow/example_dags/example_sensors.py for tasks to queue
[2024-04-22T16:22:03.246+0000] {logging_mixin.py:188} INFO - [2024-04-22T16:22:03.246+0000] {dagbag.py:540} INFO - Filling up the DagBag from /home/airflow/.local/lib/python3.8/site-packages/airflow/example_dags/example_sensors.py
[2024-04-22T16:22:03.260+0000] {processor.py:840} INFO - DAG(s) 'example_sensors' retrieved from /home/airflow/.local/lib/python3.8/site-packages/airflow/example_dags/example_sensors.py
[2024-04-22T16:22:03.287+0000] {logging_mixin.py:188} INFO - [2024-04-22T16:22:03.287+0000] {dag.py:3047} INFO - Sync 1 DAGs
[2024-04-22T16:22:03.298+0000] {logging_mixin.py:188} INFO - [2024-04-22T16:22:03.298+0000] {dag.py:3834} INFO - Setting next_dagrun for example_sensors to None, run_after=None
[2024-04-22T16:22:03.322+0000] {processor.py:183} INFO - Processing /home/airflow/.local/lib/python3.8/site-packages/airflow/example_dags/example_sensors.py took 0.082 seconds
[2024-04-22T16:22:34.283+0000] {processor.py:161} INFO - Started process (PID=626) to work on /home/airflow/.local/lib/python3.8/site-packages/airflow/example_dags/example_sensors.py
[2024-04-22T16:22:34.285+0000] {processor.py:830} INFO - Processing file /home/airflow/.local/lib/python3.8/site-packages/airflow/example_dags/example_sensors.py for tasks to queue
[2024-04-22T16:22:34.286+0000] {logging_mixin.py:188} INFO - [2024-04-22T16:22:34.286+0000] {dagbag.py:540} INFO - Filling up the DagBag from /home/airflow/.local/lib/python3.8/site-packages/airflow/example_dags/example_sensors.py
[2024-04-22T16:22:34.296+0000] {processor.py:840} INFO - DAG(s) 'example_sensors' retrieved from /home/airflow/.local/lib/python3.8/site-packages/airflow/example_dags/example_sensors.py
[2024-04-22T16:22:34.325+0000] {logging_mixin.py:188} INFO - [2024-04-22T16:22:34.325+0000] {dag.py:3047} INFO - Sync 1 DAGs
[2024-04-22T16:22:34.340+0000] {logging_mixin.py:188} INFO - [2024-04-22T16:22:34.340+0000] {dag.py:3834} INFO - Setting next_dagrun for example_sensors to None, run_after=None
[2024-04-22T16:22:34.365+0000] {processor.py:183} INFO - Processing /home/airflow/.local/lib/python3.8/site-packages/airflow/example_dags/example_sensors.py took 0.086 seconds
[2024-04-22T16:23:05.438+0000] {processor.py:161} INFO - Started process (PID=885) to work on /home/airflow/.local/lib/python3.8/site-packages/airflow/example_dags/example_sensors.py
[2024-04-22T16:23:05.438+0000] {processor.py:830} INFO - Processing file /home/airflow/.local/lib/python3.8/site-packages/airflow/example_dags/example_sensors.py for tasks to queue
[2024-04-22T16:23:05.439+0000] {logging_mixin.py:188} INFO - [2024-04-22T16:23:05.439+0000] {dagbag.py:540} INFO - Filling up the DagBag from /home/airflow/.local/lib/python3.8/site-packages/airflow/example_dags/example_sensors.py
[2024-04-22T16:23:05.450+0000] {processor.py:840} INFO - DAG(s) 'example_sensors' retrieved from /home/airflow/.local/lib/python3.8/site-packages/airflow/example_dags/example_sensors.py
[2024-04-22T16:23:05.489+0000] {logging_mixin.py:188} INFO - [2024-04-22T16:23:05.488+0000] {dag.py:3047} INFO - Sync 1 DAGs
[2024-04-22T16:23:05.503+0000] {logging_mixin.py:188} INFO - [2024-04-22T16:23:05.503+0000] {dag.py:3834} INFO - Setting next_dagrun for example_sensors to None, run_after=None
[2024-04-22T16:23:05.551+0000] {processor.py:183} INFO - Processing /home/airflow/.local/lib/python3.8/site-packages/airflow/example_dags/example_sensors.py took 0.116 seconds
[2024-04-22T16:23:35.977+0000] {processor.py:161} INFO - Started process (PID=1141) to work on /home/airflow/.local/lib/python3.8/site-packages/airflow/example_dags/example_sensors.py
[2024-04-22T16:23:35.981+0000] {processor.py:830} INFO - Processing file /home/airflow/.local/lib/python3.8/site-packages/airflow/example_dags/example_sensors.py for tasks to queue
[2024-04-22T16:23:35.982+0000] {logging_mixin.py:188} INFO - [2024-04-22T16:23:35.982+0000] {dagbag.py:540} INFO - Filling up the DagBag from /home/airflow/.local/lib/python3.8/site-packages/airflow/example_dags/example_sensors.py
[2024-04-22T16:23:36.010+0000] {processor.py:840} INFO - DAG(s) 'example_sensors' retrieved from /home/airflow/.local/lib/python3.8/site-packages/airflow/example_dags/example_sensors.py
[2024-04-22T16:23:36.124+0000] {logging_mixin.py:188} INFO - [2024-04-22T16:23:36.124+0000] {dag.py:3047} INFO - Sync 1 DAGs
[2024-04-22T16:23:36.156+0000] {logging_mixin.py:188} INFO - [2024-04-22T16:23:36.156+0000] {dag.py:3834} INFO - Setting next_dagrun for example_sensors to None, run_after=None
[2024-04-22T16:23:36.192+0000] {processor.py:183} INFO - Processing /home/airflow/.local/lib/python3.8/site-packages/airflow/example_dags/example_sensors.py took 0.220 seconds
[2024-04-22T16:24:06.835+0000] {processor.py:161} INFO - Started process (PID=1398) to work on /home/airflow/.local/lib/python3.8/site-packages/airflow/example_dags/example_sensors.py
[2024-04-22T16:24:06.835+0000] {processor.py:830} INFO - Processing file /home/airflow/.local/lib/python3.8/site-packages/airflow/example_dags/example_sensors.py for tasks to queue
[2024-04-22T16:24:06.836+0000] {logging_mixin.py:188} INFO - [2024-04-22T16:24:06.836+0000] {dagbag.py:540} INFO - Filling up the DagBag from /home/airflow/.local/lib/python3.8/site-packages/airflow/example_dags/example_sensors.py
[2024-04-22T16:24:06.847+0000] {processor.py:840} INFO - DAG(s) 'example_sensors' retrieved from /home/airflow/.local/lib/python3.8/site-packages/airflow/example_dags/example_sensors.py
[2024-04-22T16:24:06.878+0000] {logging_mixin.py:188} INFO - [2024-04-22T16:24:06.877+0000] {dag.py:3047} INFO - Sync 1 DAGs
[2024-04-22T16:24:06.893+0000] {logging_mixin.py:188} INFO - [2024-04-22T16:24:06.893+0000] {dag.py:3834} INFO - Setting next_dagrun for example_sensors to None, run_after=None
[2024-04-22T16:24:06.918+0000] {processor.py:183} INFO - Processing /home/airflow/.local/lib/python3.8/site-packages/airflow/example_dags/example_sensors.py took 0.087 seconds
[2024-04-22T16:24:37.400+0000] {processor.py:161} INFO - Started process (PID=1656) to work on /home/airflow/.local/lib/python3.8/site-packages/airflow/example_dags/example_sensors.py
[2024-04-22T16:24:37.401+0000] {processor.py:830} INFO - Processing file /home/airflow/.local/lib/python3.8/site-packages/airflow/example_dags/example_sensors.py for tasks to queue
[2024-04-22T16:24:37.402+0000] {logging_mixin.py:188} INFO - [2024-04-22T16:24:37.402+0000] {dagbag.py:540} INFO - Filling up the DagBag from /home/airflow/.local/lib/python3.8/site-packages/airflow/example_dags/example_sensors.py
[2024-04-22T16:24:37.412+0000] {processor.py:840} INFO - DAG(s) 'example_sensors' retrieved from /home/airflow/.local/lib/python3.8/site-packages/airflow/example_dags/example_sensors.py
[2024-04-22T16:24:37.442+0000] {logging_mixin.py:188} INFO - [2024-04-22T16:24:37.441+0000] {dag.py:3047} INFO - Sync 1 DAGs
[2024-04-22T16:24:37.457+0000] {logging_mixin.py:188} INFO - [2024-04-22T16:24:37.457+0000] {dag.py:3834} INFO - Setting next_dagrun for example_sensors to None, run_after=None
[2024-04-22T16:24:37.485+0000] {processor.py:183} INFO - Processing /home/airflow/.local/lib/python3.8/site-packages/airflow/example_dags/example_sensors.py took 0.088 seconds
[2024-04-22T16:25:08.141+0000] {processor.py:161} INFO - Started process (PID=1913) to work on /home/airflow/.local/lib/python3.8/site-packages/airflow/example_dags/example_sensors.py
[2024-04-22T16:25:08.142+0000] {processor.py:830} INFO - Processing file /home/airflow/.local/lib/python3.8/site-packages/airflow/example_dags/example_sensors.py for tasks to queue
[2024-04-22T16:25:08.142+0000] {logging_mixin.py:188} INFO - [2024-04-22T16:25:08.142+0000] {dagbag.py:540} INFO - Filling up the DagBag from /home/airflow/.local/lib/python3.8/site-packages/airflow/example_dags/example_sensors.py
[2024-04-22T16:25:08.155+0000] {processor.py:840} INFO - DAG(s) 'example_sensors' retrieved from /home/airflow/.local/lib/python3.8/site-packages/airflow/example_dags/example_sensors.py
[2024-04-22T16:25:08.183+0000] {logging_mixin.py:188} INFO - [2024-04-22T16:25:08.183+0000] {dag.py:3047} INFO - Sync 1 DAGs
[2024-04-22T16:25:08.198+0000] {logging_mixin.py:188} INFO - [2024-04-22T16:25:08.198+0000] {dag.py:3834} INFO - Setting next_dagrun for example_sensors to None, run_after=None
[2024-04-22T16:25:08.222+0000] {processor.py:183} INFO - Processing /home/airflow/.local/lib/python3.8/site-packages/airflow/example_dags/example_sensors.py took 0.085 seconds
[2024-04-22T16:25:38.394+0000] {processor.py:161} INFO - Started process (PID=2172) to work on /home/airflow/.local/lib/python3.8/site-packages/airflow/example_dags/example_sensors.py
[2024-04-22T16:25:38.395+0000] {processor.py:830} INFO - Processing file /home/airflow/.local/lib/python3.8/site-packages/airflow/example_dags/example_sensors.py for tasks to queue
[2024-04-22T16:25:38.395+0000] {logging_mixin.py:188} INFO - [2024-04-22T16:25:38.395+0000] {dagbag.py:540} INFO - Filling up the DagBag from /home/airflow/.local/lib/python3.8/site-packages/airflow/example_dags/example_sensors.py
[2024-04-22T16:25:38.403+0000] {processor.py:840} INFO - DAG(s) 'example_sensors' retrieved from /home/airflow/.local/lib/python3.8/site-packages/airflow/example_dags/example_sensors.py
[2024-04-22T16:25:38.424+0000] {logging_mixin.py:188} INFO - [2024-04-22T16:25:38.424+0000] {dag.py:3047} INFO - Sync 1 DAGs
[2024-04-22T16:25:38.434+0000] {logging_mixin.py:188} INFO - [2024-04-22T16:25:38.434+0000] {dag.py:3834} INFO - Setting next_dagrun for example_sensors to None, run_after=None
[2024-04-22T16:25:38.454+0000] {processor.py:183} INFO - Processing /home/airflow/.local/lib/python3.8/site-packages/airflow/example_dags/example_sensors.py took 0.062 seconds
[2024-04-22T16:26:08.863+0000] {processor.py:161} INFO - Started process (PID=2427) to work on /home/airflow/.local/lib/python3.8/site-packages/airflow/example_dags/example_sensors.py
[2024-04-22T16:26:08.864+0000] {processor.py:830} INFO - Processing file /home/airflow/.local/lib/python3.8/site-packages/airflow/example_dags/example_sensors.py for tasks to queue
[2024-04-22T16:26:08.865+0000] {logging_mixin.py:188} INFO - [2024-04-22T16:26:08.865+0000] {dagbag.py:540} INFO - Filling up the DagBag from /home/airflow/.local/lib/python3.8/site-packages/airflow/example_dags/example_sensors.py
[2024-04-22T16:26:08.881+0000] {processor.py:840} INFO - DAG(s) 'example_sensors' retrieved from /home/airflow/.local/lib/python3.8/site-packages/airflow/example_dags/example_sensors.py
[2024-04-22T16:26:08.911+0000] {logging_mixin.py:188} INFO - [2024-04-22T16:26:08.911+0000] {dag.py:3047} INFO - Sync 1 DAGs
[2024-04-22T16:26:08.926+0000] {logging_mixin.py:188} INFO - [2024-04-22T16:26:08.926+0000] {dag.py:3834} INFO - Setting next_dagrun for example_sensors to None, run_after=None
[2024-04-22T16:26:08.951+0000] {processor.py:183} INFO - Processing /home/airflow/.local/lib/python3.8/site-packages/airflow/example_dags/example_sensors.py took 0.093 seconds
