[2024-04-22T16:21:57.987+0000] {processor.py:161} INFO - Started process (PID=207) to work on /home/airflow/.local/lib/python3.8/site-packages/airflow/example_dags/example_task_group.py
[2024-04-22T16:21:57.988+0000] {processor.py:830} INFO - Processing file /home/airflow/.local/lib/python3.8/site-packages/airflow/example_dags/example_task_group.py for tasks to queue
[2024-04-22T16:21:57.989+0000] {logging_mixin.py:188} INFO - [2024-04-22T16:21:57.988+0000] {dagbag.py:540} INFO - Filling up the DagBag from /home/airflow/.local/lib/python3.8/site-packages/airflow/example_dags/example_task_group.py
[2024-04-22T16:21:58.021+0000] {processor.py:840} INFO - DAG(s) 'example_task_group' retrieved from /home/airflow/.local/lib/python3.8/site-packages/airflow/example_dags/example_task_group.py
[2024-04-22T16:21:58.230+0000] {logging_mixin.py:188} INFO - [2024-04-22T16:21:58.230+0000] {dag.py:3047} INFO - Sync 1 DAGs
[2024-04-22T16:21:58.366+0000] {logging_mixin.py:188} INFO - [2024-04-22T16:21:58.362+0000] {dag.py:3834} INFO - Setting next_dagrun for example_task_group to 2024-04-21 00:00:00+00:00, run_after=2024-04-22 00:00:00+00:00
[2024-04-22T16:21:58.508+0000] {processor.py:183} INFO - Processing /home/airflow/.local/lib/python3.8/site-packages/airflow/example_dags/example_task_group.py took 0.553 seconds
[2024-04-22T16:22:29.578+0000] {processor.py:161} INFO - Started process (PID=463) to work on /home/airflow/.local/lib/python3.8/site-packages/airflow/example_dags/example_task_group.py
[2024-04-22T16:22:29.579+0000] {processor.py:830} INFO - Processing file /home/airflow/.local/lib/python3.8/site-packages/airflow/example_dags/example_task_group.py for tasks to queue
[2024-04-22T16:22:29.580+0000] {logging_mixin.py:188} INFO - [2024-04-22T16:22:29.580+0000] {dagbag.py:540} INFO - Filling up the DagBag from /home/airflow/.local/lib/python3.8/site-packages/airflow/example_dags/example_task_group.py
[2024-04-22T16:22:29.601+0000] {processor.py:840} INFO - DAG(s) 'example_task_group' retrieved from /home/airflow/.local/lib/python3.8/site-packages/airflow/example_dags/example_task_group.py
[2024-04-22T16:22:29.635+0000] {logging_mixin.py:188} INFO - [2024-04-22T16:22:29.635+0000] {dag.py:3047} INFO - Sync 1 DAGs
[2024-04-22T16:22:29.664+0000] {logging_mixin.py:188} INFO - [2024-04-22T16:22:29.664+0000] {dag.py:3834} INFO - Setting next_dagrun for example_task_group to 2024-04-21 00:00:00+00:00, run_after=2024-04-22 00:00:00+00:00
[2024-04-22T16:22:29.694+0000] {processor.py:183} INFO - Processing /home/airflow/.local/lib/python3.8/site-packages/airflow/example_dags/example_task_group.py took 0.119 seconds
[2024-04-22T16:22:59.909+0000] {processor.py:161} INFO - Started process (PID=719) to work on /home/airflow/.local/lib/python3.8/site-packages/airflow/example_dags/example_task_group.py
[2024-04-22T16:22:59.910+0000] {processor.py:830} INFO - Processing file /home/airflow/.local/lib/python3.8/site-packages/airflow/example_dags/example_task_group.py for tasks to queue
[2024-04-22T16:22:59.910+0000] {logging_mixin.py:188} INFO - [2024-04-22T16:22:59.910+0000] {dagbag.py:540} INFO - Filling up the DagBag from /home/airflow/.local/lib/python3.8/site-packages/airflow/example_dags/example_task_group.py
[2024-04-22T16:22:59.919+0000] {processor.py:840} INFO - DAG(s) 'example_task_group' retrieved from /home/airflow/.local/lib/python3.8/site-packages/airflow/example_dags/example_task_group.py
[2024-04-22T16:22:59.944+0000] {logging_mixin.py:188} INFO - [2024-04-22T16:22:59.944+0000] {dag.py:3047} INFO - Sync 1 DAGs
[2024-04-22T16:22:59.991+0000] {logging_mixin.py:188} INFO - [2024-04-22T16:22:59.990+0000] {dag.py:3834} INFO - Setting next_dagrun for example_task_group to 2024-04-21 00:00:00+00:00, run_after=2024-04-22 00:00:00+00:00
[2024-04-22T16:23:00.052+0000] {processor.py:183} INFO - Processing /home/airflow/.local/lib/python3.8/site-packages/airflow/example_dags/example_task_group.py took 0.146 seconds
[2024-04-22T16:23:30.138+0000] {processor.py:161} INFO - Started process (PID=976) to work on /home/airflow/.local/lib/python3.8/site-packages/airflow/example_dags/example_task_group.py
[2024-04-22T16:23:30.139+0000] {processor.py:830} INFO - Processing file /home/airflow/.local/lib/python3.8/site-packages/airflow/example_dags/example_task_group.py for tasks to queue
[2024-04-22T16:23:30.139+0000] {logging_mixin.py:188} INFO - [2024-04-22T16:23:30.139+0000] {dagbag.py:540} INFO - Filling up the DagBag from /home/airflow/.local/lib/python3.8/site-packages/airflow/example_dags/example_task_group.py
[2024-04-22T16:23:30.148+0000] {processor.py:840} INFO - DAG(s) 'example_task_group' retrieved from /home/airflow/.local/lib/python3.8/site-packages/airflow/example_dags/example_task_group.py
[2024-04-22T16:23:30.174+0000] {logging_mixin.py:188} INFO - [2024-04-22T16:23:30.174+0000] {dag.py:3047} INFO - Sync 1 DAGs
[2024-04-22T16:23:30.199+0000] {logging_mixin.py:188} INFO - [2024-04-22T16:23:30.199+0000] {dag.py:3834} INFO - Setting next_dagrun for example_task_group to 2024-04-21 00:00:00+00:00, run_after=2024-04-22 00:00:00+00:00
[2024-04-22T16:23:30.225+0000] {processor.py:183} INFO - Processing /home/airflow/.local/lib/python3.8/site-packages/airflow/example_dags/example_task_group.py took 0.090 seconds
