[2024-04-22T16:21:56.302+0000] {processor.py:161} INFO - Started process (PID=187) to work on /home/airflow/.local/lib/python3.8/site-packages/airflow/example_dags/example_short_circuit_operator.py
[2024-04-22T16:21:56.303+0000] {processor.py:830} INFO - Processing file /home/airflow/.local/lib/python3.8/site-packages/airflow/example_dags/example_short_circuit_operator.py for tasks to queue
[2024-04-22T16:21:56.304+0000] {logging_mixin.py:188} INFO - [2024-04-22T16:21:56.304+0000] {dagbag.py:540} INFO - Filling up the DagBag from /home/airflow/.local/lib/python3.8/site-packages/airflow/example_dags/example_short_circuit_operator.py
[2024-04-22T16:21:56.394+0000] {processor.py:840} INFO - DAG(s) 'example_short_circuit_operator' retrieved from /home/airflow/.local/lib/python3.8/site-packages/airflow/example_dags/example_short_circuit_operator.py
[2024-04-22T16:21:56.483+0000] {logging_mixin.py:188} INFO - [2024-04-22T16:21:56.482+0000] {dag.py:3047} INFO - Sync 1 DAGs
[2024-04-22T16:21:56.585+0000] {logging_mixin.py:188} INFO - [2024-04-22T16:21:56.585+0000] {dag.py:3834} INFO - Setting next_dagrun for example_short_circuit_operator to 2024-04-21 00:00:00+00:00, run_after=2024-04-22 00:00:00+00:00
[2024-04-22T16:21:56.638+0000] {processor.py:183} INFO - Processing /home/airflow/.local/lib/python3.8/site-packages/airflow/example_dags/example_short_circuit_operator.py took 0.343 seconds
[2024-04-22T16:22:27.132+0000] {processor.py:161} INFO - Started process (PID=441) to work on /home/airflow/.local/lib/python3.8/site-packages/airflow/example_dags/example_short_circuit_operator.py
[2024-04-22T16:22:27.133+0000] {processor.py:830} INFO - Processing file /home/airflow/.local/lib/python3.8/site-packages/airflow/example_dags/example_short_circuit_operator.py for tasks to queue
[2024-04-22T16:22:27.134+0000] {logging_mixin.py:188} INFO - [2024-04-22T16:22:27.134+0000] {dagbag.py:540} INFO - Filling up the DagBag from /home/airflow/.local/lib/python3.8/site-packages/airflow/example_dags/example_short_circuit_operator.py
[2024-04-22T16:22:27.142+0000] {processor.py:840} INFO - DAG(s) 'example_short_circuit_operator' retrieved from /home/airflow/.local/lib/python3.8/site-packages/airflow/example_dags/example_short_circuit_operator.py
[2024-04-22T16:22:27.182+0000] {logging_mixin.py:188} INFO - [2024-04-22T16:22:27.182+0000] {dag.py:3047} INFO - Sync 1 DAGs
[2024-04-22T16:22:27.219+0000] {logging_mixin.py:188} INFO - [2024-04-22T16:22:27.219+0000] {dag.py:3834} INFO - Setting next_dagrun for example_short_circuit_operator to 2024-04-21 00:00:00+00:00, run_after=2024-04-22 00:00:00+00:00
[2024-04-22T16:22:27.243+0000] {processor.py:183} INFO - Processing /home/airflow/.local/lib/python3.8/site-packages/airflow/example_dags/example_short_circuit_operator.py took 0.115 seconds
[2024-04-22T16:22:57.362+0000] {processor.py:161} INFO - Started process (PID=699) to work on /home/airflow/.local/lib/python3.8/site-packages/airflow/example_dags/example_short_circuit_operator.py
[2024-04-22T16:22:57.363+0000] {processor.py:830} INFO - Processing file /home/airflow/.local/lib/python3.8/site-packages/airflow/example_dags/example_short_circuit_operator.py for tasks to queue
[2024-04-22T16:22:57.364+0000] {logging_mixin.py:188} INFO - [2024-04-22T16:22:57.363+0000] {dagbag.py:540} INFO - Filling up the DagBag from /home/airflow/.local/lib/python3.8/site-packages/airflow/example_dags/example_short_circuit_operator.py
[2024-04-22T16:22:57.373+0000] {processor.py:840} INFO - DAG(s) 'example_short_circuit_operator' retrieved from /home/airflow/.local/lib/python3.8/site-packages/airflow/example_dags/example_short_circuit_operator.py
[2024-04-22T16:22:57.399+0000] {logging_mixin.py:188} INFO - [2024-04-22T16:22:57.398+0000] {dag.py:3047} INFO - Sync 1 DAGs
[2024-04-22T16:22:57.425+0000] {logging_mixin.py:188} INFO - [2024-04-22T16:22:57.425+0000] {dag.py:3834} INFO - Setting next_dagrun for example_short_circuit_operator to 2024-04-21 00:00:00+00:00, run_after=2024-04-22 00:00:00+00:00
[2024-04-22T16:22:57.448+0000] {processor.py:183} INFO - Processing /home/airflow/.local/lib/python3.8/site-packages/airflow/example_dags/example_short_circuit_operator.py took 0.090 seconds
[2024-04-22T16:23:27.552+0000] {processor.py:161} INFO - Started process (PID=954) to work on /home/airflow/.local/lib/python3.8/site-packages/airflow/example_dags/example_short_circuit_operator.py
[2024-04-22T16:23:27.553+0000] {processor.py:830} INFO - Processing file /home/airflow/.local/lib/python3.8/site-packages/airflow/example_dags/example_short_circuit_operator.py for tasks to queue
[2024-04-22T16:23:27.554+0000] {logging_mixin.py:188} INFO - [2024-04-22T16:23:27.554+0000] {dagbag.py:540} INFO - Filling up the DagBag from /home/airflow/.local/lib/python3.8/site-packages/airflow/example_dags/example_short_circuit_operator.py
[2024-04-22T16:23:27.564+0000] {processor.py:840} INFO - DAG(s) 'example_short_circuit_operator' retrieved from /home/airflow/.local/lib/python3.8/site-packages/airflow/example_dags/example_short_circuit_operator.py
[2024-04-22T16:23:27.662+0000] {logging_mixin.py:188} INFO - [2024-04-22T16:23:27.662+0000] {dag.py:3047} INFO - Sync 1 DAGs
[2024-04-22T16:23:27.727+0000] {logging_mixin.py:188} INFO - [2024-04-22T16:23:27.726+0000] {dag.py:3834} INFO - Setting next_dagrun for example_short_circuit_operator to 2024-04-21 00:00:00+00:00, run_after=2024-04-22 00:00:00+00:00
[2024-04-22T16:23:27.750+0000] {processor.py:183} INFO - Processing /home/airflow/.local/lib/python3.8/site-packages/airflow/example_dags/example_short_circuit_operator.py took 0.205 seconds
