[2024-04-22T16:22:02.059+0000] {processor.py:161} INFO - Started process (PID=322) to work on /home/airflow/.local/lib/python3.8/site-packages/airflow/example_dags/example_python_decorator.py
[2024-04-22T16:22:02.060+0000] {processor.py:830} INFO - Processing file /home/airflow/.local/lib/python3.8/site-packages/airflow/example_dags/example_python_decorator.py for tasks to queue
[2024-04-22T16:22:02.061+0000] {logging_mixin.py:188} INFO - [2024-04-22T16:22:02.061+0000] {dagbag.py:540} INFO - Filling up the DagBag from /home/airflow/.local/lib/python3.8/site-packages/airflow/example_dags/example_python_decorator.py
[2024-04-22T16:22:02.083+0000] {processor.py:840} INFO - DAG(s) 'example_python_decorator' retrieved from /home/airflow/.local/lib/python3.8/site-packages/airflow/example_dags/example_python_decorator.py
[2024-04-22T16:22:02.281+0000] {logging_mixin.py:188} INFO - [2024-04-22T16:22:02.280+0000] {dag.py:3047} INFO - Sync 1 DAGs
[2024-04-22T16:22:02.296+0000] {logging_mixin.py:188} INFO - [2024-04-22T16:22:02.296+0000] {dag.py:3834} INFO - Setting next_dagrun for example_python_decorator to None, run_after=None
[2024-04-22T16:22:02.332+0000] {processor.py:183} INFO - Processing /home/airflow/.local/lib/python3.8/site-packages/airflow/example_dags/example_python_decorator.py took 0.277 seconds
[2024-04-22T16:22:32.471+0000] {processor.py:161} INFO - Started process (PID=576) to work on /home/airflow/.local/lib/python3.8/site-packages/airflow/example_dags/example_python_decorator.py
[2024-04-22T16:22:32.472+0000] {processor.py:830} INFO - Processing file /home/airflow/.local/lib/python3.8/site-packages/airflow/example_dags/example_python_decorator.py for tasks to queue
[2024-04-22T16:22:32.473+0000] {logging_mixin.py:188} INFO - [2024-04-22T16:22:32.472+0000] {dagbag.py:540} INFO - Filling up the DagBag from /home/airflow/.local/lib/python3.8/site-packages/airflow/example_dags/example_python_decorator.py
[2024-04-22T16:22:32.489+0000] {processor.py:840} INFO - DAG(s) 'example_python_decorator' retrieved from /home/airflow/.local/lib/python3.8/site-packages/airflow/example_dags/example_python_decorator.py
[2024-04-22T16:22:32.513+0000] {logging_mixin.py:188} INFO - [2024-04-22T16:22:32.511+0000] {dag.py:3047} INFO - Sync 1 DAGs
[2024-04-22T16:22:32.546+0000] {logging_mixin.py:188} INFO - [2024-04-22T16:22:32.546+0000] {dag.py:3834} INFO - Setting next_dagrun for example_python_decorator to None, run_after=None
[2024-04-22T16:22:32.572+0000] {processor.py:183} INFO - Processing /home/airflow/.local/lib/python3.8/site-packages/airflow/example_dags/example_python_decorator.py took 0.105 seconds
[2024-04-22T16:23:02.752+0000] {processor.py:161} INFO - Started process (PID=834) to work on /home/airflow/.local/lib/python3.8/site-packages/airflow/example_dags/example_python_decorator.py
[2024-04-22T16:23:02.753+0000] {processor.py:830} INFO - Processing file /home/airflow/.local/lib/python3.8/site-packages/airflow/example_dags/example_python_decorator.py for tasks to queue
[2024-04-22T16:23:02.754+0000] {logging_mixin.py:188} INFO - [2024-04-22T16:23:02.754+0000] {dagbag.py:540} INFO - Filling up the DagBag from /home/airflow/.local/lib/python3.8/site-packages/airflow/example_dags/example_python_decorator.py
[2024-04-22T16:23:02.769+0000] {processor.py:840} INFO - DAG(s) 'example_python_decorator' retrieved from /home/airflow/.local/lib/python3.8/site-packages/airflow/example_dags/example_python_decorator.py
[2024-04-22T16:23:02.795+0000] {logging_mixin.py:188} INFO - [2024-04-22T16:23:02.794+0000] {dag.py:3047} INFO - Sync 1 DAGs
[2024-04-22T16:23:02.807+0000] {logging_mixin.py:188} INFO - [2024-04-22T16:23:02.807+0000] {dag.py:3834} INFO - Setting next_dagrun for example_python_decorator to None, run_after=None
[2024-04-22T16:23:02.832+0000] {processor.py:183} INFO - Processing /home/airflow/.local/lib/python3.8/site-packages/airflow/example_dags/example_python_decorator.py took 0.083 seconds
[2024-04-22T16:23:34.128+0000] {processor.py:161} INFO - Started process (PID=1089) to work on /home/airflow/.local/lib/python3.8/site-packages/airflow/example_dags/example_python_decorator.py
[2024-04-22T16:23:34.129+0000] {processor.py:830} INFO - Processing file /home/airflow/.local/lib/python3.8/site-packages/airflow/example_dags/example_python_decorator.py for tasks to queue
[2024-04-22T16:23:34.130+0000] {logging_mixin.py:188} INFO - [2024-04-22T16:23:34.129+0000] {dagbag.py:540} INFO - Filling up the DagBag from /home/airflow/.local/lib/python3.8/site-packages/airflow/example_dags/example_python_decorator.py
[2024-04-22T16:23:34.149+0000] {processor.py:840} INFO - DAG(s) 'example_python_decorator' retrieved from /home/airflow/.local/lib/python3.8/site-packages/airflow/example_dags/example_python_decorator.py
[2024-04-22T16:23:34.179+0000] {logging_mixin.py:188} INFO - [2024-04-22T16:23:34.178+0000] {dag.py:3047} INFO - Sync 1 DAGs
[2024-04-22T16:23:34.195+0000] {logging_mixin.py:188} INFO - [2024-04-22T16:23:34.194+0000] {dag.py:3834} INFO - Setting next_dagrun for example_python_decorator to None, run_after=None
[2024-04-22T16:23:34.228+0000] {processor.py:183} INFO - Processing /home/airflow/.local/lib/python3.8/site-packages/airflow/example_dags/example_python_decorator.py took 0.104 seconds
[2024-04-22T16:24:05.214+0000] {processor.py:161} INFO - Started process (PID=1353) to work on /home/airflow/.local/lib/python3.8/site-packages/airflow/example_dags/example_python_decorator.py
[2024-04-22T16:24:05.216+0000] {processor.py:830} INFO - Processing file /home/airflow/.local/lib/python3.8/site-packages/airflow/example_dags/example_python_decorator.py for tasks to queue
[2024-04-22T16:24:05.217+0000] {logging_mixin.py:188} INFO - [2024-04-22T16:24:05.217+0000] {dagbag.py:540} INFO - Filling up the DagBag from /home/airflow/.local/lib/python3.8/site-packages/airflow/example_dags/example_python_decorator.py
[2024-04-22T16:24:05.233+0000] {processor.py:840} INFO - DAG(s) 'example_python_decorator' retrieved from /home/airflow/.local/lib/python3.8/site-packages/airflow/example_dags/example_python_decorator.py
[2024-04-22T16:24:05.258+0000] {logging_mixin.py:188} INFO - [2024-04-22T16:24:05.258+0000] {dag.py:3047} INFO - Sync 1 DAGs
[2024-04-22T16:24:05.282+0000] {logging_mixin.py:188} INFO - [2024-04-22T16:24:05.282+0000] {dag.py:3834} INFO - Setting next_dagrun for example_python_decorator to None, run_after=None
[2024-04-22T16:24:05.308+0000] {processor.py:183} INFO - Processing /home/airflow/.local/lib/python3.8/site-packages/airflow/example_dags/example_python_decorator.py took 0.098 seconds
[2024-04-22T16:24:35.768+0000] {processor.py:161} INFO - Started process (PID=1611) to work on /home/airflow/.local/lib/python3.8/site-packages/airflow/example_dags/example_python_decorator.py
[2024-04-22T16:24:35.769+0000] {processor.py:830} INFO - Processing file /home/airflow/.local/lib/python3.8/site-packages/airflow/example_dags/example_python_decorator.py for tasks to queue
[2024-04-22T16:24:35.771+0000] {logging_mixin.py:188} INFO - [2024-04-22T16:24:35.770+0000] {dagbag.py:540} INFO - Filling up the DagBag from /home/airflow/.local/lib/python3.8/site-packages/airflow/example_dags/example_python_decorator.py
[2024-04-22T16:24:35.789+0000] {processor.py:840} INFO - DAG(s) 'example_python_decorator' retrieved from /home/airflow/.local/lib/python3.8/site-packages/airflow/example_dags/example_python_decorator.py
[2024-04-22T16:24:35.816+0000] {logging_mixin.py:188} INFO - [2024-04-22T16:24:35.816+0000] {dag.py:3047} INFO - Sync 1 DAGs
[2024-04-22T16:24:35.831+0000] {logging_mixin.py:188} INFO - [2024-04-22T16:24:35.831+0000] {dag.py:3834} INFO - Setting next_dagrun for example_python_decorator to None, run_after=None
[2024-04-22T16:24:35.855+0000] {processor.py:183} INFO - Processing /home/airflow/.local/lib/python3.8/site-packages/airflow/example_dags/example_python_decorator.py took 0.090 seconds
[2024-04-22T16:25:06.460+0000] {processor.py:161} INFO - Started process (PID=1868) to work on /home/airflow/.local/lib/python3.8/site-packages/airflow/example_dags/example_python_decorator.py
[2024-04-22T16:25:06.461+0000] {processor.py:830} INFO - Processing file /home/airflow/.local/lib/python3.8/site-packages/airflow/example_dags/example_python_decorator.py for tasks to queue
[2024-04-22T16:25:06.462+0000] {logging_mixin.py:188} INFO - [2024-04-22T16:25:06.462+0000] {dagbag.py:540} INFO - Filling up the DagBag from /home/airflow/.local/lib/python3.8/site-packages/airflow/example_dags/example_python_decorator.py
[2024-04-22T16:25:06.478+0000] {processor.py:840} INFO - DAG(s) 'example_python_decorator' retrieved from /home/airflow/.local/lib/python3.8/site-packages/airflow/example_dags/example_python_decorator.py
[2024-04-22T16:25:06.501+0000] {logging_mixin.py:188} INFO - [2024-04-22T16:25:06.501+0000] {dag.py:3047} INFO - Sync 1 DAGs
[2024-04-22T16:25:06.532+0000] {logging_mixin.py:188} INFO - [2024-04-22T16:25:06.532+0000] {dag.py:3834} INFO - Setting next_dagrun for example_python_decorator to None, run_after=None
[2024-04-22T16:25:06.587+0000] {processor.py:183} INFO - Processing /home/airflow/.local/lib/python3.8/site-packages/airflow/example_dags/example_python_decorator.py took 0.136 seconds
[2024-04-22T16:25:36.771+0000] {processor.py:161} INFO - Started process (PID=2125) to work on /home/airflow/.local/lib/python3.8/site-packages/airflow/example_dags/example_python_decorator.py
[2024-04-22T16:25:36.772+0000] {processor.py:830} INFO - Processing file /home/airflow/.local/lib/python3.8/site-packages/airflow/example_dags/example_python_decorator.py for tasks to queue
[2024-04-22T16:25:36.773+0000] {logging_mixin.py:188} INFO - [2024-04-22T16:25:36.772+0000] {dagbag.py:540} INFO - Filling up the DagBag from /home/airflow/.local/lib/python3.8/site-packages/airflow/example_dags/example_python_decorator.py
[2024-04-22T16:25:36.788+0000] {processor.py:840} INFO - DAG(s) 'example_python_decorator' retrieved from /home/airflow/.local/lib/python3.8/site-packages/airflow/example_dags/example_python_decorator.py
[2024-04-22T16:25:36.811+0000] {logging_mixin.py:188} INFO - [2024-04-22T16:25:36.811+0000] {dag.py:3047} INFO - Sync 1 DAGs
[2024-04-22T16:25:36.826+0000] {logging_mixin.py:188} INFO - [2024-04-22T16:25:36.826+0000] {dag.py:3834} INFO - Setting next_dagrun for example_python_decorator to None, run_after=None
[2024-04-22T16:25:36.852+0000] {processor.py:183} INFO - Processing /home/airflow/.local/lib/python3.8/site-packages/airflow/example_dags/example_python_decorator.py took 0.085 seconds
[2024-04-22T16:26:07.252+0000] {processor.py:161} INFO - Started process (PID=2382) to work on /home/airflow/.local/lib/python3.8/site-packages/airflow/example_dags/example_python_decorator.py
[2024-04-22T16:26:07.253+0000] {processor.py:830} INFO - Processing file /home/airflow/.local/lib/python3.8/site-packages/airflow/example_dags/example_python_decorator.py for tasks to queue
[2024-04-22T16:26:07.254+0000] {logging_mixin.py:188} INFO - [2024-04-22T16:26:07.253+0000] {dagbag.py:540} INFO - Filling up the DagBag from /home/airflow/.local/lib/python3.8/site-packages/airflow/example_dags/example_python_decorator.py
[2024-04-22T16:26:07.270+0000] {processor.py:840} INFO - DAG(s) 'example_python_decorator' retrieved from /home/airflow/.local/lib/python3.8/site-packages/airflow/example_dags/example_python_decorator.py
[2024-04-22T16:26:07.294+0000] {logging_mixin.py:188} INFO - [2024-04-22T16:26:07.294+0000] {dag.py:3047} INFO - Sync 1 DAGs
[2024-04-22T16:26:07.308+0000] {logging_mixin.py:188} INFO - [2024-04-22T16:26:07.308+0000] {dag.py:3834} INFO - Setting next_dagrun for example_python_decorator to None, run_after=None
[2024-04-22T16:26:07.332+0000] {processor.py:183} INFO - Processing /home/airflow/.local/lib/python3.8/site-packages/airflow/example_dags/example_python_decorator.py took 0.084 seconds
[2024-04-22T16:26:37.617+0000] {processor.py:161} INFO - Started process (PID=2640) to work on /home/airflow/.local/lib/python3.8/site-packages/airflow/example_dags/example_python_decorator.py
[2024-04-22T16:26:37.618+0000] {processor.py:830} INFO - Processing file /home/airflow/.local/lib/python3.8/site-packages/airflow/example_dags/example_python_decorator.py for tasks to queue
[2024-04-22T16:26:37.619+0000] {logging_mixin.py:188} INFO - [2024-04-22T16:26:37.619+0000] {dagbag.py:540} INFO - Filling up the DagBag from /home/airflow/.local/lib/python3.8/site-packages/airflow/example_dags/example_python_decorator.py
[2024-04-22T16:26:37.636+0000] {processor.py:840} INFO - DAG(s) 'example_python_decorator' retrieved from /home/airflow/.local/lib/python3.8/site-packages/airflow/example_dags/example_python_decorator.py
[2024-04-22T16:26:37.663+0000] {logging_mixin.py:188} INFO - [2024-04-22T16:26:37.663+0000] {dag.py:3047} INFO - Sync 1 DAGs
[2024-04-22T16:26:37.678+0000] {logging_mixin.py:188} INFO - [2024-04-22T16:26:37.678+0000] {dag.py:3834} INFO - Setting next_dagrun for example_python_decorator to None, run_after=None
[2024-04-22T16:26:37.703+0000] {processor.py:183} INFO - Processing /home/airflow/.local/lib/python3.8/site-packages/airflow/example_dags/example_python_decorator.py took 0.090 seconds
[2024-04-22T16:27:08.469+0000] {processor.py:161} INFO - Started process (PID=2897) to work on /home/airflow/.local/lib/python3.8/site-packages/airflow/example_dags/example_python_decorator.py
[2024-04-22T16:27:08.470+0000] {processor.py:830} INFO - Processing file /home/airflow/.local/lib/python3.8/site-packages/airflow/example_dags/example_python_decorator.py for tasks to queue
[2024-04-22T16:27:08.471+0000] {logging_mixin.py:188} INFO - [2024-04-22T16:27:08.471+0000] {dagbag.py:540} INFO - Filling up the DagBag from /home/airflow/.local/lib/python3.8/site-packages/airflow/example_dags/example_python_decorator.py
[2024-04-22T16:27:08.487+0000] {processor.py:840} INFO - DAG(s) 'example_python_decorator' retrieved from /home/airflow/.local/lib/python3.8/site-packages/airflow/example_dags/example_python_decorator.py
[2024-04-22T16:27:08.511+0000] {logging_mixin.py:188} INFO - [2024-04-22T16:27:08.511+0000] {dag.py:3047} INFO - Sync 1 DAGs
[2024-04-22T16:27:08.525+0000] {logging_mixin.py:188} INFO - [2024-04-22T16:27:08.524+0000] {dag.py:3834} INFO - Setting next_dagrun for example_python_decorator to None, run_after=None
[2024-04-22T16:27:08.550+0000] {processor.py:183} INFO - Processing /home/airflow/.local/lib/python3.8/site-packages/airflow/example_dags/example_python_decorator.py took 0.085 seconds
[2024-04-22T16:27:38.872+0000] {processor.py:161} INFO - Started process (PID=3155) to work on /home/airflow/.local/lib/python3.8/site-packages/airflow/example_dags/example_python_decorator.py
[2024-04-22T16:27:38.873+0000] {processor.py:830} INFO - Processing file /home/airflow/.local/lib/python3.8/site-packages/airflow/example_dags/example_python_decorator.py for tasks to queue
[2024-04-22T16:27:38.874+0000] {logging_mixin.py:188} INFO - [2024-04-22T16:27:38.874+0000] {dagbag.py:540} INFO - Filling up the DagBag from /home/airflow/.local/lib/python3.8/site-packages/airflow/example_dags/example_python_decorator.py
[2024-04-22T16:27:38.890+0000] {processor.py:840} INFO - DAG(s) 'example_python_decorator' retrieved from /home/airflow/.local/lib/python3.8/site-packages/airflow/example_dags/example_python_decorator.py
[2024-04-22T16:27:38.914+0000] {logging_mixin.py:188} INFO - [2024-04-22T16:27:38.914+0000] {dag.py:3047} INFO - Sync 1 DAGs
[2024-04-22T16:27:38.933+0000] {logging_mixin.py:188} INFO - [2024-04-22T16:27:38.933+0000] {dag.py:3834} INFO - Setting next_dagrun for example_python_decorator to None, run_after=None
[2024-04-22T16:27:38.957+0000] {processor.py:183} INFO - Processing /home/airflow/.local/lib/python3.8/site-packages/airflow/example_dags/example_python_decorator.py took 0.089 seconds
[2024-04-22T16:28:09.520+0000] {processor.py:161} INFO - Started process (PID=3413) to work on /home/airflow/.local/lib/python3.8/site-packages/airflow/example_dags/example_python_decorator.py
[2024-04-22T16:28:09.522+0000] {processor.py:830} INFO - Processing file /home/airflow/.local/lib/python3.8/site-packages/airflow/example_dags/example_python_decorator.py for tasks to queue
[2024-04-22T16:28:09.527+0000] {logging_mixin.py:188} INFO - [2024-04-22T16:28:09.527+0000] {dagbag.py:540} INFO - Filling up the DagBag from /home/airflow/.local/lib/python3.8/site-packages/airflow/example_dags/example_python_decorator.py
[2024-04-22T16:28:09.591+0000] {processor.py:840} INFO - DAG(s) 'example_python_decorator' retrieved from /home/airflow/.local/lib/python3.8/site-packages/airflow/example_dags/example_python_decorator.py
[2024-04-22T16:28:09.727+0000] {logging_mixin.py:188} INFO - [2024-04-22T16:28:09.726+0000] {dag.py:3047} INFO - Sync 1 DAGs
[2024-04-22T16:28:09.764+0000] {logging_mixin.py:188} INFO - [2024-04-22T16:28:09.764+0000] {dag.py:3834} INFO - Setting next_dagrun for example_python_decorator to None, run_after=None
[2024-04-22T16:28:09.864+0000] {processor.py:183} INFO - Processing /home/airflow/.local/lib/python3.8/site-packages/airflow/example_dags/example_python_decorator.py took 0.347 seconds
[2024-04-22T16:28:40.505+0000] {processor.py:161} INFO - Started process (PID=3670) to work on /home/airflow/.local/lib/python3.8/site-packages/airflow/example_dags/example_python_decorator.py
[2024-04-22T16:28:40.506+0000] {processor.py:830} INFO - Processing file /home/airflow/.local/lib/python3.8/site-packages/airflow/example_dags/example_python_decorator.py for tasks to queue
[2024-04-22T16:28:40.507+0000] {logging_mixin.py:188} INFO - [2024-04-22T16:28:40.506+0000] {dagbag.py:540} INFO - Filling up the DagBag from /home/airflow/.local/lib/python3.8/site-packages/airflow/example_dags/example_python_decorator.py
[2024-04-22T16:28:40.522+0000] {processor.py:840} INFO - DAG(s) 'example_python_decorator' retrieved from /home/airflow/.local/lib/python3.8/site-packages/airflow/example_dags/example_python_decorator.py
[2024-04-22T16:28:40.553+0000] {logging_mixin.py:188} INFO - [2024-04-22T16:28:40.552+0000] {dag.py:3047} INFO - Sync 1 DAGs
[2024-04-22T16:28:40.567+0000] {logging_mixin.py:188} INFO - [2024-04-22T16:28:40.566+0000] {dag.py:3834} INFO - Setting next_dagrun for example_python_decorator to None, run_after=None
[2024-04-22T16:28:40.590+0000] {processor.py:183} INFO - Processing /home/airflow/.local/lib/python3.8/site-packages/airflow/example_dags/example_python_decorator.py took 0.089 seconds
[2024-04-22T16:29:11.196+0000] {processor.py:161} INFO - Started process (PID=3928) to work on /home/airflow/.local/lib/python3.8/site-packages/airflow/example_dags/example_python_decorator.py
[2024-04-22T16:29:11.196+0000] {processor.py:830} INFO - Processing file /home/airflow/.local/lib/python3.8/site-packages/airflow/example_dags/example_python_decorator.py for tasks to queue
[2024-04-22T16:29:11.197+0000] {logging_mixin.py:188} INFO - [2024-04-22T16:29:11.197+0000] {dagbag.py:540} INFO - Filling up the DagBag from /home/airflow/.local/lib/python3.8/site-packages/airflow/example_dags/example_python_decorator.py
[2024-04-22T16:29:11.214+0000] {processor.py:840} INFO - DAG(s) 'example_python_decorator' retrieved from /home/airflow/.local/lib/python3.8/site-packages/airflow/example_dags/example_python_decorator.py
[2024-04-22T16:29:11.241+0000] {logging_mixin.py:188} INFO - [2024-04-22T16:29:11.240+0000] {dag.py:3047} INFO - Sync 1 DAGs
[2024-04-22T16:29:11.258+0000] {logging_mixin.py:188} INFO - [2024-04-22T16:29:11.258+0000] {dag.py:3834} INFO - Setting next_dagrun for example_python_decorator to None, run_after=None
[2024-04-22T16:29:11.284+0000] {processor.py:183} INFO - Processing /home/airflow/.local/lib/python3.8/site-packages/airflow/example_dags/example_python_decorator.py took 0.091 seconds
[2024-04-22T16:29:41.532+0000] {processor.py:161} INFO - Started process (PID=4185) to work on /home/airflow/.local/lib/python3.8/site-packages/airflow/example_dags/example_python_decorator.py
[2024-04-22T16:29:41.532+0000] {processor.py:830} INFO - Processing file /home/airflow/.local/lib/python3.8/site-packages/airflow/example_dags/example_python_decorator.py for tasks to queue
[2024-04-22T16:29:41.533+0000] {logging_mixin.py:188} INFO - [2024-04-22T16:29:41.533+0000] {dagbag.py:540} INFO - Filling up the DagBag from /home/airflow/.local/lib/python3.8/site-packages/airflow/example_dags/example_python_decorator.py
[2024-04-22T16:29:41.550+0000] {processor.py:840} INFO - DAG(s) 'example_python_decorator' retrieved from /home/airflow/.local/lib/python3.8/site-packages/airflow/example_dags/example_python_decorator.py
[2024-04-22T16:29:41.575+0000] {logging_mixin.py:188} INFO - [2024-04-22T16:29:41.575+0000] {dag.py:3047} INFO - Sync 1 DAGs
[2024-04-22T16:29:41.593+0000] {logging_mixin.py:188} INFO - [2024-04-22T16:29:41.593+0000] {dag.py:3834} INFO - Setting next_dagrun for example_python_decorator to None, run_after=None
[2024-04-22T16:29:41.617+0000] {processor.py:183} INFO - Processing /home/airflow/.local/lib/python3.8/site-packages/airflow/example_dags/example_python_decorator.py took 0.089 seconds
[2024-04-22T16:30:11.866+0000] {processor.py:161} INFO - Started process (PID=4442) to work on /home/airflow/.local/lib/python3.8/site-packages/airflow/example_dags/example_python_decorator.py
[2024-04-22T16:30:11.867+0000] {processor.py:830} INFO - Processing file /home/airflow/.local/lib/python3.8/site-packages/airflow/example_dags/example_python_decorator.py for tasks to queue
[2024-04-22T16:30:11.867+0000] {logging_mixin.py:188} INFO - [2024-04-22T16:30:11.867+0000] {dagbag.py:540} INFO - Filling up the DagBag from /home/airflow/.local/lib/python3.8/site-packages/airflow/example_dags/example_python_decorator.py
[2024-04-22T16:30:11.883+0000] {processor.py:840} INFO - DAG(s) 'example_python_decorator' retrieved from /home/airflow/.local/lib/python3.8/site-packages/airflow/example_dags/example_python_decorator.py
[2024-04-22T16:30:11.907+0000] {logging_mixin.py:188} INFO - [2024-04-22T16:30:11.907+0000] {dag.py:3047} INFO - Sync 1 DAGs
[2024-04-22T16:30:11.921+0000] {logging_mixin.py:188} INFO - [2024-04-22T16:30:11.921+0000] {dag.py:3834} INFO - Setting next_dagrun for example_python_decorator to None, run_after=None
[2024-04-22T16:30:11.946+0000] {processor.py:183} INFO - Processing /home/airflow/.local/lib/python3.8/site-packages/airflow/example_dags/example_python_decorator.py took 0.083 seconds
[2024-04-22T16:30:42.441+0000] {processor.py:161} INFO - Started process (PID=4700) to work on /home/airflow/.local/lib/python3.8/site-packages/airflow/example_dags/example_python_decorator.py
[2024-04-22T16:30:42.442+0000] {processor.py:830} INFO - Processing file /home/airflow/.local/lib/python3.8/site-packages/airflow/example_dags/example_python_decorator.py for tasks to queue
[2024-04-22T16:30:42.443+0000] {logging_mixin.py:188} INFO - [2024-04-22T16:30:42.443+0000] {dagbag.py:540} INFO - Filling up the DagBag from /home/airflow/.local/lib/python3.8/site-packages/airflow/example_dags/example_python_decorator.py
[2024-04-22T16:30:42.460+0000] {processor.py:840} INFO - DAG(s) 'example_python_decorator' retrieved from /home/airflow/.local/lib/python3.8/site-packages/airflow/example_dags/example_python_decorator.py
[2024-04-22T16:30:42.492+0000] {logging_mixin.py:188} INFO - [2024-04-22T16:30:42.492+0000] {dag.py:3047} INFO - Sync 1 DAGs
[2024-04-22T16:30:42.508+0000] {logging_mixin.py:188} INFO - [2024-04-22T16:30:42.507+0000] {dag.py:3834} INFO - Setting next_dagrun for example_python_decorator to None, run_after=None
[2024-04-22T16:30:42.535+0000] {processor.py:183} INFO - Processing /home/airflow/.local/lib/python3.8/site-packages/airflow/example_dags/example_python_decorator.py took 0.100 seconds
[2024-04-22T16:31:12.723+0000] {processor.py:161} INFO - Started process (PID=4957) to work on /home/airflow/.local/lib/python3.8/site-packages/airflow/example_dags/example_python_decorator.py
[2024-04-22T16:31:12.724+0000] {processor.py:830} INFO - Processing file /home/airflow/.local/lib/python3.8/site-packages/airflow/example_dags/example_python_decorator.py for tasks to queue
[2024-04-22T16:31:12.725+0000] {logging_mixin.py:188} INFO - [2024-04-22T16:31:12.724+0000] {dagbag.py:540} INFO - Filling up the DagBag from /home/airflow/.local/lib/python3.8/site-packages/airflow/example_dags/example_python_decorator.py
[2024-04-22T16:31:12.739+0000] {processor.py:840} INFO - DAG(s) 'example_python_decorator' retrieved from /home/airflow/.local/lib/python3.8/site-packages/airflow/example_dags/example_python_decorator.py
[2024-04-22T16:31:12.791+0000] {logging_mixin.py:188} INFO - [2024-04-22T16:31:12.788+0000] {dag.py:3047} INFO - Sync 1 DAGs
[2024-04-22T16:31:12.852+0000] {logging_mixin.py:188} INFO - [2024-04-22T16:31:12.852+0000] {dag.py:3834} INFO - Setting next_dagrun for example_python_decorator to None, run_after=None
[2024-04-22T16:31:12.892+0000] {processor.py:183} INFO - Processing /home/airflow/.local/lib/python3.8/site-packages/airflow/example_dags/example_python_decorator.py took 0.173 seconds
[2024-04-22T16:31:43.368+0000] {processor.py:161} INFO - Started process (PID=5214) to work on /home/airflow/.local/lib/python3.8/site-packages/airflow/example_dags/example_python_decorator.py
[2024-04-22T16:31:43.369+0000] {processor.py:830} INFO - Processing file /home/airflow/.local/lib/python3.8/site-packages/airflow/example_dags/example_python_decorator.py for tasks to queue
[2024-04-22T16:31:43.370+0000] {logging_mixin.py:188} INFO - [2024-04-22T16:31:43.370+0000] {dagbag.py:540} INFO - Filling up the DagBag from /home/airflow/.local/lib/python3.8/site-packages/airflow/example_dags/example_python_decorator.py
[2024-04-22T16:31:43.387+0000] {processor.py:840} INFO - DAG(s) 'example_python_decorator' retrieved from /home/airflow/.local/lib/python3.8/site-packages/airflow/example_dags/example_python_decorator.py
[2024-04-22T16:31:43.414+0000] {logging_mixin.py:188} INFO - [2024-04-22T16:31:43.413+0000] {dag.py:3047} INFO - Sync 1 DAGs
[2024-04-22T16:31:43.427+0000] {logging_mixin.py:188} INFO - [2024-04-22T16:31:43.427+0000] {dag.py:3834} INFO - Setting next_dagrun for example_python_decorator to None, run_after=None
[2024-04-22T16:31:43.452+0000] {processor.py:183} INFO - Processing /home/airflow/.local/lib/python3.8/site-packages/airflow/example_dags/example_python_decorator.py took 0.087 seconds
[2024-04-22T16:32:13.765+0000] {processor.py:161} INFO - Started process (PID=5471) to work on /home/airflow/.local/lib/python3.8/site-packages/airflow/example_dags/example_python_decorator.py
[2024-04-22T16:32:13.766+0000] {processor.py:830} INFO - Processing file /home/airflow/.local/lib/python3.8/site-packages/airflow/example_dags/example_python_decorator.py for tasks to queue
[2024-04-22T16:32:13.767+0000] {logging_mixin.py:188} INFO - [2024-04-22T16:32:13.766+0000] {dagbag.py:540} INFO - Filling up the DagBag from /home/airflow/.local/lib/python3.8/site-packages/airflow/example_dags/example_python_decorator.py
[2024-04-22T16:32:13.784+0000] {processor.py:840} INFO - DAG(s) 'example_python_decorator' retrieved from /home/airflow/.local/lib/python3.8/site-packages/airflow/example_dags/example_python_decorator.py
[2024-04-22T16:32:13.812+0000] {logging_mixin.py:188} INFO - [2024-04-22T16:32:13.812+0000] {dag.py:3047} INFO - Sync 1 DAGs
[2024-04-22T16:32:13.827+0000] {logging_mixin.py:188} INFO - [2024-04-22T16:32:13.827+0000] {dag.py:3834} INFO - Setting next_dagrun for example_python_decorator to None, run_after=None
[2024-04-22T16:32:13.853+0000] {processor.py:183} INFO - Processing /home/airflow/.local/lib/python3.8/site-packages/airflow/example_dags/example_python_decorator.py took 0.091 seconds
[2024-04-22T16:32:44.034+0000] {processor.py:161} INFO - Started process (PID=5730) to work on /home/airflow/.local/lib/python3.8/site-packages/airflow/example_dags/example_python_decorator.py
[2024-04-22T16:32:44.034+0000] {processor.py:830} INFO - Processing file /home/airflow/.local/lib/python3.8/site-packages/airflow/example_dags/example_python_decorator.py for tasks to queue
[2024-04-22T16:32:44.035+0000] {logging_mixin.py:188} INFO - [2024-04-22T16:32:44.035+0000] {dagbag.py:540} INFO - Filling up the DagBag from /home/airflow/.local/lib/python3.8/site-packages/airflow/example_dags/example_python_decorator.py
[2024-04-22T16:32:44.051+0000] {processor.py:840} INFO - DAG(s) 'example_python_decorator' retrieved from /home/airflow/.local/lib/python3.8/site-packages/airflow/example_dags/example_python_decorator.py
[2024-04-22T16:32:44.078+0000] {logging_mixin.py:188} INFO - [2024-04-22T16:32:44.077+0000] {dag.py:3047} INFO - Sync 1 DAGs
[2024-04-22T16:32:44.094+0000] {logging_mixin.py:188} INFO - [2024-04-22T16:32:44.093+0000] {dag.py:3834} INFO - Setting next_dagrun for example_python_decorator to None, run_after=None
[2024-04-22T16:32:44.122+0000] {processor.py:183} INFO - Processing /home/airflow/.local/lib/python3.8/site-packages/airflow/example_dags/example_python_decorator.py took 0.092 seconds
[2024-04-22T16:33:14.491+0000] {processor.py:161} INFO - Started process (PID=5987) to work on /home/airflow/.local/lib/python3.8/site-packages/airflow/example_dags/example_python_decorator.py
[2024-04-22T16:33:14.492+0000] {processor.py:830} INFO - Processing file /home/airflow/.local/lib/python3.8/site-packages/airflow/example_dags/example_python_decorator.py for tasks to queue
[2024-04-22T16:33:14.493+0000] {logging_mixin.py:188} INFO - [2024-04-22T16:33:14.493+0000] {dagbag.py:540} INFO - Filling up the DagBag from /home/airflow/.local/lib/python3.8/site-packages/airflow/example_dags/example_python_decorator.py
[2024-04-22T16:33:14.509+0000] {processor.py:840} INFO - DAG(s) 'example_python_decorator' retrieved from /home/airflow/.local/lib/python3.8/site-packages/airflow/example_dags/example_python_decorator.py
[2024-04-22T16:33:14.536+0000] {logging_mixin.py:188} INFO - [2024-04-22T16:33:14.536+0000] {dag.py:3047} INFO - Sync 1 DAGs
[2024-04-22T16:33:14.551+0000] {logging_mixin.py:188} INFO - [2024-04-22T16:33:14.551+0000] {dag.py:3834} INFO - Setting next_dagrun for example_python_decorator to None, run_after=None
[2024-04-22T16:33:14.580+0000] {processor.py:183} INFO - Processing /home/airflow/.local/lib/python3.8/site-packages/airflow/example_dags/example_python_decorator.py took 0.092 seconds
[2024-04-22T16:33:44.929+0000] {processor.py:161} INFO - Started process (PID=6244) to work on /home/airflow/.local/lib/python3.8/site-packages/airflow/example_dags/example_python_decorator.py
[2024-04-22T16:33:44.930+0000] {processor.py:830} INFO - Processing file /home/airflow/.local/lib/python3.8/site-packages/airflow/example_dags/example_python_decorator.py for tasks to queue
[2024-04-22T16:33:44.931+0000] {logging_mixin.py:188} INFO - [2024-04-22T16:33:44.931+0000] {dagbag.py:540} INFO - Filling up the DagBag from /home/airflow/.local/lib/python3.8/site-packages/airflow/example_dags/example_python_decorator.py
[2024-04-22T16:33:44.946+0000] {processor.py:840} INFO - DAG(s) 'example_python_decorator' retrieved from /home/airflow/.local/lib/python3.8/site-packages/airflow/example_dags/example_python_decorator.py
[2024-04-22T16:33:44.972+0000] {logging_mixin.py:188} INFO - [2024-04-22T16:33:44.972+0000] {dag.py:3047} INFO - Sync 1 DAGs
[2024-04-22T16:33:44.986+0000] {logging_mixin.py:188} INFO - [2024-04-22T16:33:44.986+0000] {dag.py:3834} INFO - Setting next_dagrun for example_python_decorator to None, run_after=None
[2024-04-22T16:33:45.011+0000] {processor.py:183} INFO - Processing /home/airflow/.local/lib/python3.8/site-packages/airflow/example_dags/example_python_decorator.py took 0.085 seconds
[2024-04-22T16:34:15.239+0000] {processor.py:161} INFO - Started process (PID=6503) to work on /home/airflow/.local/lib/python3.8/site-packages/airflow/example_dags/example_python_decorator.py
[2024-04-22T16:34:15.240+0000] {processor.py:830} INFO - Processing file /home/airflow/.local/lib/python3.8/site-packages/airflow/example_dags/example_python_decorator.py for tasks to queue
[2024-04-22T16:34:15.241+0000] {logging_mixin.py:188} INFO - [2024-04-22T16:34:15.241+0000] {dagbag.py:540} INFO - Filling up the DagBag from /home/airflow/.local/lib/python3.8/site-packages/airflow/example_dags/example_python_decorator.py
[2024-04-22T16:34:15.257+0000] {processor.py:840} INFO - DAG(s) 'example_python_decorator' retrieved from /home/airflow/.local/lib/python3.8/site-packages/airflow/example_dags/example_python_decorator.py
[2024-04-22T16:34:15.282+0000] {logging_mixin.py:188} INFO - [2024-04-22T16:34:15.282+0000] {dag.py:3047} INFO - Sync 1 DAGs
[2024-04-22T16:34:15.297+0000] {logging_mixin.py:188} INFO - [2024-04-22T16:34:15.297+0000] {dag.py:3834} INFO - Setting next_dagrun for example_python_decorator to None, run_after=None
[2024-04-22T16:34:15.322+0000] {processor.py:183} INFO - Processing /home/airflow/.local/lib/python3.8/site-packages/airflow/example_dags/example_python_decorator.py took 0.087 seconds
[2024-04-22T16:34:45.426+0000] {processor.py:161} INFO - Started process (PID=6760) to work on /home/airflow/.local/lib/python3.8/site-packages/airflow/example_dags/example_python_decorator.py
[2024-04-22T16:34:45.427+0000] {processor.py:830} INFO - Processing file /home/airflow/.local/lib/python3.8/site-packages/airflow/example_dags/example_python_decorator.py for tasks to queue
[2024-04-22T16:34:45.428+0000] {logging_mixin.py:188} INFO - [2024-04-22T16:34:45.427+0000] {dagbag.py:540} INFO - Filling up the DagBag from /home/airflow/.local/lib/python3.8/site-packages/airflow/example_dags/example_python_decorator.py
[2024-04-22T16:34:45.444+0000] {processor.py:840} INFO - DAG(s) 'example_python_decorator' retrieved from /home/airflow/.local/lib/python3.8/site-packages/airflow/example_dags/example_python_decorator.py
[2024-04-22T16:34:45.469+0000] {logging_mixin.py:188} INFO - [2024-04-22T16:34:45.469+0000] {dag.py:3047} INFO - Sync 1 DAGs
[2024-04-22T16:34:45.485+0000] {logging_mixin.py:188} INFO - [2024-04-22T16:34:45.484+0000] {dag.py:3834} INFO - Setting next_dagrun for example_python_decorator to None, run_after=None
[2024-04-22T16:34:45.513+0000] {processor.py:183} INFO - Processing /home/airflow/.local/lib/python3.8/site-packages/airflow/example_dags/example_python_decorator.py took 0.090 seconds
[2024-04-22T16:35:16.160+0000] {processor.py:161} INFO - Started process (PID=7016) to work on /home/airflow/.local/lib/python3.8/site-packages/airflow/example_dags/example_python_decorator.py
[2024-04-22T16:35:16.161+0000] {processor.py:830} INFO - Processing file /home/airflow/.local/lib/python3.8/site-packages/airflow/example_dags/example_python_decorator.py for tasks to queue
[2024-04-22T16:35:16.162+0000] {logging_mixin.py:188} INFO - [2024-04-22T16:35:16.162+0000] {dagbag.py:540} INFO - Filling up the DagBag from /home/airflow/.local/lib/python3.8/site-packages/airflow/example_dags/example_python_decorator.py
[2024-04-22T16:35:16.177+0000] {processor.py:840} INFO - DAG(s) 'example_python_decorator' retrieved from /home/airflow/.local/lib/python3.8/site-packages/airflow/example_dags/example_python_decorator.py
[2024-04-22T16:35:16.203+0000] {logging_mixin.py:188} INFO - [2024-04-22T16:35:16.202+0000] {dag.py:3047} INFO - Sync 1 DAGs
[2024-04-22T16:35:16.219+0000] {logging_mixin.py:188} INFO - [2024-04-22T16:35:16.219+0000] {dag.py:3834} INFO - Setting next_dagrun for example_python_decorator to None, run_after=None
[2024-04-22T16:35:16.245+0000] {processor.py:183} INFO - Processing /home/airflow/.local/lib/python3.8/site-packages/airflow/example_dags/example_python_decorator.py took 0.088 seconds
[2024-04-22T16:35:46.505+0000] {processor.py:161} INFO - Started process (PID=7275) to work on /home/airflow/.local/lib/python3.8/site-packages/airflow/example_dags/example_python_decorator.py
[2024-04-22T16:35:46.506+0000] {processor.py:830} INFO - Processing file /home/airflow/.local/lib/python3.8/site-packages/airflow/example_dags/example_python_decorator.py for tasks to queue
[2024-04-22T16:35:46.507+0000] {logging_mixin.py:188} INFO - [2024-04-22T16:35:46.506+0000] {dagbag.py:540} INFO - Filling up the DagBag from /home/airflow/.local/lib/python3.8/site-packages/airflow/example_dags/example_python_decorator.py
[2024-04-22T16:35:46.527+0000] {processor.py:840} INFO - DAG(s) 'example_python_decorator' retrieved from /home/airflow/.local/lib/python3.8/site-packages/airflow/example_dags/example_python_decorator.py
[2024-04-22T16:35:46.569+0000] {logging_mixin.py:188} INFO - [2024-04-22T16:35:46.568+0000] {dag.py:3047} INFO - Sync 1 DAGs
[2024-04-22T16:35:46.588+0000] {logging_mixin.py:188} INFO - [2024-04-22T16:35:46.588+0000] {dag.py:3834} INFO - Setting next_dagrun for example_python_decorator to None, run_after=None
[2024-04-22T16:35:46.615+0000] {processor.py:183} INFO - Processing /home/airflow/.local/lib/python3.8/site-packages/airflow/example_dags/example_python_decorator.py took 0.114 seconds
[2024-04-22T16:36:16.802+0000] {processor.py:161} INFO - Started process (PID=7534) to work on /home/airflow/.local/lib/python3.8/site-packages/airflow/example_dags/example_python_decorator.py
[2024-04-22T16:36:16.803+0000] {processor.py:830} INFO - Processing file /home/airflow/.local/lib/python3.8/site-packages/airflow/example_dags/example_python_decorator.py for tasks to queue
[2024-04-22T16:36:16.804+0000] {logging_mixin.py:188} INFO - [2024-04-22T16:36:16.804+0000] {dagbag.py:540} INFO - Filling up the DagBag from /home/airflow/.local/lib/python3.8/site-packages/airflow/example_dags/example_python_decorator.py
[2024-04-22T16:36:16.823+0000] {processor.py:840} INFO - DAG(s) 'example_python_decorator' retrieved from /home/airflow/.local/lib/python3.8/site-packages/airflow/example_dags/example_python_decorator.py
[2024-04-22T16:36:16.852+0000] {logging_mixin.py:188} INFO - [2024-04-22T16:36:16.852+0000] {dag.py:3047} INFO - Sync 1 DAGs
[2024-04-22T16:36:16.879+0000] {logging_mixin.py:188} INFO - [2024-04-22T16:36:16.879+0000] {dag.py:3834} INFO - Setting next_dagrun for example_python_decorator to None, run_after=None
[2024-04-22T16:36:16.959+0000] {processor.py:183} INFO - Processing /home/airflow/.local/lib/python3.8/site-packages/airflow/example_dags/example_python_decorator.py took 0.160 seconds
[2024-04-22T16:36:47.048+0000] {processor.py:161} INFO - Started process (PID=7789) to work on /home/airflow/.local/lib/python3.8/site-packages/airflow/example_dags/example_python_decorator.py
[2024-04-22T16:36:47.049+0000] {processor.py:830} INFO - Processing file /home/airflow/.local/lib/python3.8/site-packages/airflow/example_dags/example_python_decorator.py for tasks to queue
[2024-04-22T16:36:47.050+0000] {logging_mixin.py:188} INFO - [2024-04-22T16:36:47.049+0000] {dagbag.py:540} INFO - Filling up the DagBag from /home/airflow/.local/lib/python3.8/site-packages/airflow/example_dags/example_python_decorator.py
[2024-04-22T16:36:47.060+0000] {processor.py:840} INFO - DAG(s) 'example_python_decorator' retrieved from /home/airflow/.local/lib/python3.8/site-packages/airflow/example_dags/example_python_decorator.py
[2024-04-22T16:36:47.078+0000] {logging_mixin.py:188} INFO - [2024-04-22T16:36:47.078+0000] {dag.py:3047} INFO - Sync 1 DAGs
[2024-04-22T16:36:47.087+0000] {logging_mixin.py:188} INFO - [2024-04-22T16:36:47.087+0000] {dag.py:3834} INFO - Setting next_dagrun for example_python_decorator to None, run_after=None
[2024-04-22T16:36:47.110+0000] {processor.py:183} INFO - Processing /home/airflow/.local/lib/python3.8/site-packages/airflow/example_dags/example_python_decorator.py took 0.065 seconds
[2024-04-22T16:37:17.625+0000] {processor.py:161} INFO - Started process (PID=8050) to work on /home/airflow/.local/lib/python3.8/site-packages/airflow/example_dags/example_python_decorator.py
[2024-04-22T16:37:17.626+0000] {processor.py:830} INFO - Processing file /home/airflow/.local/lib/python3.8/site-packages/airflow/example_dags/example_python_decorator.py for tasks to queue
[2024-04-22T16:37:17.627+0000] {logging_mixin.py:188} INFO - [2024-04-22T16:37:17.626+0000] {dagbag.py:540} INFO - Filling up the DagBag from /home/airflow/.local/lib/python3.8/site-packages/airflow/example_dags/example_python_decorator.py
[2024-04-22T16:37:17.643+0000] {processor.py:840} INFO - DAG(s) 'example_python_decorator' retrieved from /home/airflow/.local/lib/python3.8/site-packages/airflow/example_dags/example_python_decorator.py
[2024-04-22T16:37:17.673+0000] {logging_mixin.py:188} INFO - [2024-04-22T16:37:17.673+0000] {dag.py:3047} INFO - Sync 1 DAGs
[2024-04-22T16:37:17.688+0000] {logging_mixin.py:188} INFO - [2024-04-22T16:37:17.688+0000] {dag.py:3834} INFO - Setting next_dagrun for example_python_decorator to None, run_after=None
[2024-04-22T16:37:17.713+0000] {processor.py:183} INFO - Processing /home/airflow/.local/lib/python3.8/site-packages/airflow/example_dags/example_python_decorator.py took 0.092 seconds
[2024-04-22T16:37:48.181+0000] {processor.py:161} INFO - Started process (PID=8307) to work on /home/airflow/.local/lib/python3.8/site-packages/airflow/example_dags/example_python_decorator.py
[2024-04-22T16:37:48.182+0000] {processor.py:830} INFO - Processing file /home/airflow/.local/lib/python3.8/site-packages/airflow/example_dags/example_python_decorator.py for tasks to queue
[2024-04-22T16:37:48.183+0000] {logging_mixin.py:188} INFO - [2024-04-22T16:37:48.183+0000] {dagbag.py:540} INFO - Filling up the DagBag from /home/airflow/.local/lib/python3.8/site-packages/airflow/example_dags/example_python_decorator.py
[2024-04-22T16:37:48.199+0000] {processor.py:840} INFO - DAG(s) 'example_python_decorator' retrieved from /home/airflow/.local/lib/python3.8/site-packages/airflow/example_dags/example_python_decorator.py
[2024-04-22T16:37:48.229+0000] {logging_mixin.py:188} INFO - [2024-04-22T16:37:48.229+0000] {dag.py:3047} INFO - Sync 1 DAGs
[2024-04-22T16:37:48.244+0000] {logging_mixin.py:188} INFO - [2024-04-22T16:37:48.244+0000] {dag.py:3834} INFO - Setting next_dagrun for example_python_decorator to None, run_after=None
[2024-04-22T16:37:48.269+0000] {processor.py:183} INFO - Processing /home/airflow/.local/lib/python3.8/site-packages/airflow/example_dags/example_python_decorator.py took 0.092 seconds
[2024-04-22T16:38:18.854+0000] {processor.py:161} INFO - Started process (PID=8564) to work on /home/airflow/.local/lib/python3.8/site-packages/airflow/example_dags/example_python_decorator.py
[2024-04-22T16:38:18.855+0000] {processor.py:830} INFO - Processing file /home/airflow/.local/lib/python3.8/site-packages/airflow/example_dags/example_python_decorator.py for tasks to queue
[2024-04-22T16:38:18.855+0000] {logging_mixin.py:188} INFO - [2024-04-22T16:38:18.855+0000] {dagbag.py:540} INFO - Filling up the DagBag from /home/airflow/.local/lib/python3.8/site-packages/airflow/example_dags/example_python_decorator.py
[2024-04-22T16:38:18.873+0000] {processor.py:840} INFO - DAG(s) 'example_python_decorator' retrieved from /home/airflow/.local/lib/python3.8/site-packages/airflow/example_dags/example_python_decorator.py
[2024-04-22T16:38:18.900+0000] {logging_mixin.py:188} INFO - [2024-04-22T16:38:18.900+0000] {dag.py:3047} INFO - Sync 1 DAGs
[2024-04-22T16:38:18.922+0000] {logging_mixin.py:188} INFO - [2024-04-22T16:38:18.921+0000] {dag.py:3834} INFO - Setting next_dagrun for example_python_decorator to None, run_after=None
[2024-04-22T16:38:18.950+0000] {processor.py:183} INFO - Processing /home/airflow/.local/lib/python3.8/site-packages/airflow/example_dags/example_python_decorator.py took 0.100 seconds
[2024-04-22T16:38:49.637+0000] {processor.py:161} INFO - Started process (PID=8822) to work on /home/airflow/.local/lib/python3.8/site-packages/airflow/example_dags/example_python_decorator.py
[2024-04-22T16:38:49.638+0000] {processor.py:830} INFO - Processing file /home/airflow/.local/lib/python3.8/site-packages/airflow/example_dags/example_python_decorator.py for tasks to queue
[2024-04-22T16:38:49.639+0000] {logging_mixin.py:188} INFO - [2024-04-22T16:38:49.639+0000] {dagbag.py:540} INFO - Filling up the DagBag from /home/airflow/.local/lib/python3.8/site-packages/airflow/example_dags/example_python_decorator.py
[2024-04-22T16:38:49.655+0000] {processor.py:840} INFO - DAG(s) 'example_python_decorator' retrieved from /home/airflow/.local/lib/python3.8/site-packages/airflow/example_dags/example_python_decorator.py
[2024-04-22T16:38:49.683+0000] {logging_mixin.py:188} INFO - [2024-04-22T16:38:49.683+0000] {dag.py:3047} INFO - Sync 1 DAGs
[2024-04-22T16:38:49.702+0000] {logging_mixin.py:188} INFO - [2024-04-22T16:38:49.702+0000] {dag.py:3834} INFO - Setting next_dagrun for example_python_decorator to None, run_after=None
[2024-04-22T16:38:49.728+0000] {processor.py:183} INFO - Processing /home/airflow/.local/lib/python3.8/site-packages/airflow/example_dags/example_python_decorator.py took 0.095 seconds
[2024-04-22T16:39:19.804+0000] {processor.py:161} INFO - Started process (PID=9076) to work on /home/airflow/.local/lib/python3.8/site-packages/airflow/example_dags/example_python_decorator.py
[2024-04-22T16:39:19.804+0000] {processor.py:830} INFO - Processing file /home/airflow/.local/lib/python3.8/site-packages/airflow/example_dags/example_python_decorator.py for tasks to queue
[2024-04-22T16:39:19.805+0000] {logging_mixin.py:188} INFO - [2024-04-22T16:39:19.805+0000] {dagbag.py:540} INFO - Filling up the DagBag from /home/airflow/.local/lib/python3.8/site-packages/airflow/example_dags/example_python_decorator.py
[2024-04-22T16:39:19.816+0000] {processor.py:840} INFO - DAG(s) 'example_python_decorator' retrieved from /home/airflow/.local/lib/python3.8/site-packages/airflow/example_dags/example_python_decorator.py
[2024-04-22T16:39:19.835+0000] {logging_mixin.py:188} INFO - [2024-04-22T16:39:19.835+0000] {dag.py:3047} INFO - Sync 1 DAGs
[2024-04-22T16:39:19.845+0000] {logging_mixin.py:188} INFO - [2024-04-22T16:39:19.844+0000] {dag.py:3834} INFO - Setting next_dagrun for example_python_decorator to None, run_after=None
[2024-04-22T16:39:19.902+0000] {processor.py:183} INFO - Processing /home/airflow/.local/lib/python3.8/site-packages/airflow/example_dags/example_python_decorator.py took 0.101 seconds
[2024-04-22T16:39:50.321+0000] {processor.py:161} INFO - Started process (PID=9337) to work on /home/airflow/.local/lib/python3.8/site-packages/airflow/example_dags/example_python_decorator.py
[2024-04-22T16:39:50.322+0000] {processor.py:830} INFO - Processing file /home/airflow/.local/lib/python3.8/site-packages/airflow/example_dags/example_python_decorator.py for tasks to queue
[2024-04-22T16:39:50.327+0000] {logging_mixin.py:188} INFO - [2024-04-22T16:39:50.327+0000] {dagbag.py:540} INFO - Filling up the DagBag from /home/airflow/.local/lib/python3.8/site-packages/airflow/example_dags/example_python_decorator.py
[2024-04-22T16:39:50.343+0000] {processor.py:840} INFO - DAG(s) 'example_python_decorator' retrieved from /home/airflow/.local/lib/python3.8/site-packages/airflow/example_dags/example_python_decorator.py
[2024-04-22T16:39:50.370+0000] {logging_mixin.py:188} INFO - [2024-04-22T16:39:50.370+0000] {dag.py:3047} INFO - Sync 1 DAGs
[2024-04-22T16:39:50.385+0000] {logging_mixin.py:188} INFO - [2024-04-22T16:39:50.385+0000] {dag.py:3834} INFO - Setting next_dagrun for example_python_decorator to None, run_after=None
[2024-04-22T16:39:50.414+0000] {processor.py:183} INFO - Processing /home/airflow/.local/lib/python3.8/site-packages/airflow/example_dags/example_python_decorator.py took 0.097 seconds
[2024-04-22T16:40:21.401+0000] {processor.py:161} INFO - Started process (PID=9594) to work on /home/airflow/.local/lib/python3.8/site-packages/airflow/example_dags/example_python_decorator.py
[2024-04-22T16:40:21.402+0000] {processor.py:830} INFO - Processing file /home/airflow/.local/lib/python3.8/site-packages/airflow/example_dags/example_python_decorator.py for tasks to queue
[2024-04-22T16:40:21.403+0000] {logging_mixin.py:188} INFO - [2024-04-22T16:40:21.403+0000] {dagbag.py:540} INFO - Filling up the DagBag from /home/airflow/.local/lib/python3.8/site-packages/airflow/example_dags/example_python_decorator.py
[2024-04-22T16:40:21.420+0000] {processor.py:840} INFO - DAG(s) 'example_python_decorator' retrieved from /home/airflow/.local/lib/python3.8/site-packages/airflow/example_dags/example_python_decorator.py
[2024-04-22T16:40:21.448+0000] {logging_mixin.py:188} INFO - [2024-04-22T16:40:21.447+0000] {dag.py:3047} INFO - Sync 1 DAGs
[2024-04-22T16:40:21.464+0000] {logging_mixin.py:188} INFO - [2024-04-22T16:40:21.464+0000] {dag.py:3834} INFO - Setting next_dagrun for example_python_decorator to None, run_after=None
[2024-04-22T16:40:21.490+0000] {processor.py:183} INFO - Processing /home/airflow/.local/lib/python3.8/site-packages/airflow/example_dags/example_python_decorator.py took 0.092 seconds
[2024-04-22T16:40:51.806+0000] {processor.py:161} INFO - Started process (PID=9851) to work on /home/airflow/.local/lib/python3.8/site-packages/airflow/example_dags/example_python_decorator.py
[2024-04-22T16:40:51.807+0000] {processor.py:830} INFO - Processing file /home/airflow/.local/lib/python3.8/site-packages/airflow/example_dags/example_python_decorator.py for tasks to queue
[2024-04-22T16:40:51.807+0000] {logging_mixin.py:188} INFO - [2024-04-22T16:40:51.807+0000] {dagbag.py:540} INFO - Filling up the DagBag from /home/airflow/.local/lib/python3.8/site-packages/airflow/example_dags/example_python_decorator.py
[2024-04-22T16:40:51.823+0000] {processor.py:840} INFO - DAG(s) 'example_python_decorator' retrieved from /home/airflow/.local/lib/python3.8/site-packages/airflow/example_dags/example_python_decorator.py
[2024-04-22T16:40:51.848+0000] {logging_mixin.py:188} INFO - [2024-04-22T16:40:51.848+0000] {dag.py:3047} INFO - Sync 1 DAGs
[2024-04-22T16:40:51.862+0000] {logging_mixin.py:188} INFO - [2024-04-22T16:40:51.862+0000] {dag.py:3834} INFO - Setting next_dagrun for example_python_decorator to None, run_after=None
[2024-04-22T16:40:51.888+0000] {processor.py:183} INFO - Processing /home/airflow/.local/lib/python3.8/site-packages/airflow/example_dags/example_python_decorator.py took 0.085 seconds
[2024-04-22T16:41:22.139+0000] {processor.py:161} INFO - Started process (PID=10109) to work on /home/airflow/.local/lib/python3.8/site-packages/airflow/example_dags/example_python_decorator.py
[2024-04-22T16:41:22.140+0000] {processor.py:830} INFO - Processing file /home/airflow/.local/lib/python3.8/site-packages/airflow/example_dags/example_python_decorator.py for tasks to queue
[2024-04-22T16:41:22.141+0000] {logging_mixin.py:188} INFO - [2024-04-22T16:41:22.141+0000] {dagbag.py:540} INFO - Filling up the DagBag from /home/airflow/.local/lib/python3.8/site-packages/airflow/example_dags/example_python_decorator.py
[2024-04-22T16:41:22.158+0000] {processor.py:840} INFO - DAG(s) 'example_python_decorator' retrieved from /home/airflow/.local/lib/python3.8/site-packages/airflow/example_dags/example_python_decorator.py
[2024-04-22T16:41:22.188+0000] {logging_mixin.py:188} INFO - [2024-04-22T16:41:22.188+0000] {dag.py:3047} INFO - Sync 1 DAGs
[2024-04-22T16:41:22.203+0000] {logging_mixin.py:188} INFO - [2024-04-22T16:41:22.203+0000] {dag.py:3834} INFO - Setting next_dagrun for example_python_decorator to None, run_after=None
[2024-04-22T16:41:22.229+0000] {processor.py:183} INFO - Processing /home/airflow/.local/lib/python3.8/site-packages/airflow/example_dags/example_python_decorator.py took 0.093 seconds
[2024-04-22T16:41:52.316+0000] {processor.py:161} INFO - Started process (PID=10366) to work on /home/airflow/.local/lib/python3.8/site-packages/airflow/example_dags/example_python_decorator.py
[2024-04-22T16:41:52.316+0000] {processor.py:830} INFO - Processing file /home/airflow/.local/lib/python3.8/site-packages/airflow/example_dags/example_python_decorator.py for tasks to queue
[2024-04-22T16:41:52.317+0000] {logging_mixin.py:188} INFO - [2024-04-22T16:41:52.317+0000] {dagbag.py:540} INFO - Filling up the DagBag from /home/airflow/.local/lib/python3.8/site-packages/airflow/example_dags/example_python_decorator.py
[2024-04-22T16:41:52.333+0000] {processor.py:840} INFO - DAG(s) 'example_python_decorator' retrieved from /home/airflow/.local/lib/python3.8/site-packages/airflow/example_dags/example_python_decorator.py
[2024-04-22T16:41:52.359+0000] {logging_mixin.py:188} INFO - [2024-04-22T16:41:52.358+0000] {dag.py:3047} INFO - Sync 1 DAGs
[2024-04-22T16:41:52.378+0000] {logging_mixin.py:188} INFO - [2024-04-22T16:41:52.378+0000] {dag.py:3834} INFO - Setting next_dagrun for example_python_decorator to None, run_after=None
[2024-04-22T16:41:52.404+0000] {processor.py:183} INFO - Processing /home/airflow/.local/lib/python3.8/site-packages/airflow/example_dags/example_python_decorator.py took 0.092 seconds
[2024-04-22T16:42:22.552+0000] {processor.py:161} INFO - Started process (PID=10623) to work on /home/airflow/.local/lib/python3.8/site-packages/airflow/example_dags/example_python_decorator.py
[2024-04-22T16:42:22.553+0000] {processor.py:830} INFO - Processing file /home/airflow/.local/lib/python3.8/site-packages/airflow/example_dags/example_python_decorator.py for tasks to queue
[2024-04-22T16:42:22.554+0000] {logging_mixin.py:188} INFO - [2024-04-22T16:42:22.553+0000] {dagbag.py:540} INFO - Filling up the DagBag from /home/airflow/.local/lib/python3.8/site-packages/airflow/example_dags/example_python_decorator.py
[2024-04-22T16:42:22.569+0000] {processor.py:840} INFO - DAG(s) 'example_python_decorator' retrieved from /home/airflow/.local/lib/python3.8/site-packages/airflow/example_dags/example_python_decorator.py
[2024-04-22T16:42:22.594+0000] {logging_mixin.py:188} INFO - [2024-04-22T16:42:22.594+0000] {dag.py:3047} INFO - Sync 1 DAGs
[2024-04-22T16:42:22.634+0000] {logging_mixin.py:188} INFO - [2024-04-22T16:42:22.634+0000] {dag.py:3834} INFO - Setting next_dagrun for example_python_decorator to None, run_after=None
[2024-04-22T16:42:22.665+0000] {processor.py:183} INFO - Processing /home/airflow/.local/lib/python3.8/site-packages/airflow/example_dags/example_python_decorator.py took 0.117 seconds
[2024-04-22T16:42:53.050+0000] {processor.py:161} INFO - Started process (PID=10880) to work on /home/airflow/.local/lib/python3.8/site-packages/airflow/example_dags/example_python_decorator.py
[2024-04-22T16:42:53.051+0000] {processor.py:830} INFO - Processing file /home/airflow/.local/lib/python3.8/site-packages/airflow/example_dags/example_python_decorator.py for tasks to queue
[2024-04-22T16:42:53.052+0000] {logging_mixin.py:188} INFO - [2024-04-22T16:42:53.052+0000] {dagbag.py:540} INFO - Filling up the DagBag from /home/airflow/.local/lib/python3.8/site-packages/airflow/example_dags/example_python_decorator.py
[2024-04-22T16:42:53.069+0000] {processor.py:840} INFO - DAG(s) 'example_python_decorator' retrieved from /home/airflow/.local/lib/python3.8/site-packages/airflow/example_dags/example_python_decorator.py
[2024-04-22T16:42:53.095+0000] {logging_mixin.py:188} INFO - [2024-04-22T16:42:53.094+0000] {dag.py:3047} INFO - Sync 1 DAGs
[2024-04-22T16:42:53.120+0000] {logging_mixin.py:188} INFO - [2024-04-22T16:42:53.120+0000] {dag.py:3834} INFO - Setting next_dagrun for example_python_decorator to None, run_after=None
[2024-04-22T16:42:53.177+0000] {processor.py:183} INFO - Processing /home/airflow/.local/lib/python3.8/site-packages/airflow/example_dags/example_python_decorator.py took 0.130 seconds
[2024-04-22T16:43:23.350+0000] {processor.py:161} INFO - Started process (PID=11138) to work on /home/airflow/.local/lib/python3.8/site-packages/airflow/example_dags/example_python_decorator.py
[2024-04-22T16:43:23.351+0000] {processor.py:830} INFO - Processing file /home/airflow/.local/lib/python3.8/site-packages/airflow/example_dags/example_python_decorator.py for tasks to queue
[2024-04-22T16:43:23.352+0000] {logging_mixin.py:188} INFO - [2024-04-22T16:43:23.351+0000] {dagbag.py:540} INFO - Filling up the DagBag from /home/airflow/.local/lib/python3.8/site-packages/airflow/example_dags/example_python_decorator.py
[2024-04-22T16:43:23.368+0000] {processor.py:840} INFO - DAG(s) 'example_python_decorator' retrieved from /home/airflow/.local/lib/python3.8/site-packages/airflow/example_dags/example_python_decorator.py
[2024-04-22T16:43:23.394+0000] {logging_mixin.py:188} INFO - [2024-04-22T16:43:23.394+0000] {dag.py:3047} INFO - Sync 1 DAGs
[2024-04-22T16:43:23.409+0000] {logging_mixin.py:188} INFO - [2024-04-22T16:43:23.409+0000] {dag.py:3834} INFO - Setting next_dagrun for example_python_decorator to None, run_after=None
[2024-04-22T16:43:23.438+0000] {processor.py:183} INFO - Processing /home/airflow/.local/lib/python3.8/site-packages/airflow/example_dags/example_python_decorator.py took 0.093 seconds
[2024-04-22T16:43:53.753+0000] {processor.py:161} INFO - Started process (PID=11395) to work on /home/airflow/.local/lib/python3.8/site-packages/airflow/example_dags/example_python_decorator.py
[2024-04-22T16:43:53.754+0000] {processor.py:830} INFO - Processing file /home/airflow/.local/lib/python3.8/site-packages/airflow/example_dags/example_python_decorator.py for tasks to queue
[2024-04-22T16:43:53.755+0000] {logging_mixin.py:188} INFO - [2024-04-22T16:43:53.755+0000] {dagbag.py:540} INFO - Filling up the DagBag from /home/airflow/.local/lib/python3.8/site-packages/airflow/example_dags/example_python_decorator.py
[2024-04-22T16:43:53.771+0000] {processor.py:840} INFO - DAG(s) 'example_python_decorator' retrieved from /home/airflow/.local/lib/python3.8/site-packages/airflow/example_dags/example_python_decorator.py
[2024-04-22T16:43:53.797+0000] {logging_mixin.py:188} INFO - [2024-04-22T16:43:53.797+0000] {dag.py:3047} INFO - Sync 1 DAGs
[2024-04-22T16:43:53.812+0000] {logging_mixin.py:188} INFO - [2024-04-22T16:43:53.812+0000] {dag.py:3834} INFO - Setting next_dagrun for example_python_decorator to None, run_after=None
[2024-04-22T16:43:53.841+0000] {processor.py:183} INFO - Processing /home/airflow/.local/lib/python3.8/site-packages/airflow/example_dags/example_python_decorator.py took 0.094 seconds
[2024-04-22T16:44:24.199+0000] {processor.py:161} INFO - Started process (PID=11653) to work on /home/airflow/.local/lib/python3.8/site-packages/airflow/example_dags/example_python_decorator.py
[2024-04-22T16:44:24.200+0000] {processor.py:830} INFO - Processing file /home/airflow/.local/lib/python3.8/site-packages/airflow/example_dags/example_python_decorator.py for tasks to queue
[2024-04-22T16:44:24.200+0000] {logging_mixin.py:188} INFO - [2024-04-22T16:44:24.200+0000] {dagbag.py:540} INFO - Filling up the DagBag from /home/airflow/.local/lib/python3.8/site-packages/airflow/example_dags/example_python_decorator.py
[2024-04-22T16:44:24.215+0000] {processor.py:840} INFO - DAG(s) 'example_python_decorator' retrieved from /home/airflow/.local/lib/python3.8/site-packages/airflow/example_dags/example_python_decorator.py
[2024-04-22T16:44:24.238+0000] {logging_mixin.py:188} INFO - [2024-04-22T16:44:24.238+0000] {dag.py:3047} INFO - Sync 1 DAGs
[2024-04-22T16:44:24.253+0000] {logging_mixin.py:188} INFO - [2024-04-22T16:44:24.253+0000] {dag.py:3834} INFO - Setting next_dagrun for example_python_decorator to None, run_after=None
[2024-04-22T16:44:24.277+0000] {processor.py:183} INFO - Processing /home/airflow/.local/lib/python3.8/site-packages/airflow/example_dags/example_python_decorator.py took 0.083 seconds
[2024-04-22T16:44:55.278+0000] {processor.py:161} INFO - Started process (PID=11910) to work on /home/airflow/.local/lib/python3.8/site-packages/airflow/example_dags/example_python_decorator.py
[2024-04-22T16:44:55.279+0000] {processor.py:830} INFO - Processing file /home/airflow/.local/lib/python3.8/site-packages/airflow/example_dags/example_python_decorator.py for tasks to queue
[2024-04-22T16:44:55.280+0000] {logging_mixin.py:188} INFO - [2024-04-22T16:44:55.280+0000] {dagbag.py:540} INFO - Filling up the DagBag from /home/airflow/.local/lib/python3.8/site-packages/airflow/example_dags/example_python_decorator.py
[2024-04-22T16:44:55.296+0000] {processor.py:840} INFO - DAG(s) 'example_python_decorator' retrieved from /home/airflow/.local/lib/python3.8/site-packages/airflow/example_dags/example_python_decorator.py
[2024-04-22T16:44:55.354+0000] {logging_mixin.py:188} INFO - [2024-04-22T16:44:55.354+0000] {dag.py:3047} INFO - Sync 1 DAGs
[2024-04-22T16:44:55.369+0000] {logging_mixin.py:188} INFO - [2024-04-22T16:44:55.369+0000] {dag.py:3834} INFO - Setting next_dagrun for example_python_decorator to None, run_after=None
[2024-04-22T16:44:55.393+0000] {processor.py:183} INFO - Processing /home/airflow/.local/lib/python3.8/site-packages/airflow/example_dags/example_python_decorator.py took 0.118 seconds
[2024-04-22T16:45:25.504+0000] {processor.py:161} INFO - Started process (PID=12168) to work on /home/airflow/.local/lib/python3.8/site-packages/airflow/example_dags/example_python_decorator.py
[2024-04-22T16:45:25.505+0000] {processor.py:830} INFO - Processing file /home/airflow/.local/lib/python3.8/site-packages/airflow/example_dags/example_python_decorator.py for tasks to queue
[2024-04-22T16:45:25.507+0000] {logging_mixin.py:188} INFO - [2024-04-22T16:45:25.506+0000] {dagbag.py:540} INFO - Filling up the DagBag from /home/airflow/.local/lib/python3.8/site-packages/airflow/example_dags/example_python_decorator.py
[2024-04-22T16:45:25.543+0000] {processor.py:840} INFO - DAG(s) 'example_python_decorator' retrieved from /home/airflow/.local/lib/python3.8/site-packages/airflow/example_dags/example_python_decorator.py
[2024-04-22T16:45:25.578+0000] {logging_mixin.py:188} INFO - [2024-04-22T16:45:25.577+0000] {dag.py:3047} INFO - Sync 1 DAGs
[2024-04-22T16:45:25.590+0000] {logging_mixin.py:188} INFO - [2024-04-22T16:45:25.590+0000] {dag.py:3834} INFO - Setting next_dagrun for example_python_decorator to None, run_after=None
[2024-04-22T16:45:25.625+0000] {processor.py:183} INFO - Processing /home/airflow/.local/lib/python3.8/site-packages/airflow/example_dags/example_python_decorator.py took 0.124 seconds
[2024-04-22T16:45:56.005+0000] {processor.py:161} INFO - Started process (PID=12424) to work on /home/airflow/.local/lib/python3.8/site-packages/airflow/example_dags/example_python_decorator.py
[2024-04-22T16:45:56.006+0000] {processor.py:830} INFO - Processing file /home/airflow/.local/lib/python3.8/site-packages/airflow/example_dags/example_python_decorator.py for tasks to queue
[2024-04-22T16:45:56.009+0000] {logging_mixin.py:188} INFO - [2024-04-22T16:45:56.008+0000] {dagbag.py:540} INFO - Filling up the DagBag from /home/airflow/.local/lib/python3.8/site-packages/airflow/example_dags/example_python_decorator.py
[2024-04-22T16:45:56.025+0000] {processor.py:840} INFO - DAG(s) 'example_python_decorator' retrieved from /home/airflow/.local/lib/python3.8/site-packages/airflow/example_dags/example_python_decorator.py
[2024-04-22T16:45:56.051+0000] {logging_mixin.py:188} INFO - [2024-04-22T16:45:56.051+0000] {dag.py:3047} INFO - Sync 1 DAGs
[2024-04-22T16:45:56.066+0000] {logging_mixin.py:188} INFO - [2024-04-22T16:45:56.066+0000] {dag.py:3834} INFO - Setting next_dagrun for example_python_decorator to None, run_after=None
[2024-04-22T16:45:56.093+0000] {processor.py:183} INFO - Processing /home/airflow/.local/lib/python3.8/site-packages/airflow/example_dags/example_python_decorator.py took 0.092 seconds
[2024-04-22T16:46:26.479+0000] {processor.py:161} INFO - Started process (PID=12681) to work on /home/airflow/.local/lib/python3.8/site-packages/airflow/example_dags/example_python_decorator.py
[2024-04-22T16:46:26.480+0000] {processor.py:830} INFO - Processing file /home/airflow/.local/lib/python3.8/site-packages/airflow/example_dags/example_python_decorator.py for tasks to queue
[2024-04-22T16:46:26.481+0000] {logging_mixin.py:188} INFO - [2024-04-22T16:46:26.481+0000] {dagbag.py:540} INFO - Filling up the DagBag from /home/airflow/.local/lib/python3.8/site-packages/airflow/example_dags/example_python_decorator.py
[2024-04-22T16:46:26.497+0000] {processor.py:840} INFO - DAG(s) 'example_python_decorator' retrieved from /home/airflow/.local/lib/python3.8/site-packages/airflow/example_dags/example_python_decorator.py
[2024-04-22T16:46:26.520+0000] {logging_mixin.py:188} INFO - [2024-04-22T16:46:26.519+0000] {dag.py:3047} INFO - Sync 1 DAGs
[2024-04-22T16:46:26.533+0000] {logging_mixin.py:188} INFO - [2024-04-22T16:46:26.533+0000] {dag.py:3834} INFO - Setting next_dagrun for example_python_decorator to None, run_after=None
[2024-04-22T16:46:26.557+0000] {processor.py:183} INFO - Processing /home/airflow/.local/lib/python3.8/site-packages/airflow/example_dags/example_python_decorator.py took 0.082 seconds
[2024-04-22T16:46:56.730+0000] {processor.py:161} INFO - Started process (PID=12939) to work on /home/airflow/.local/lib/python3.8/site-packages/airflow/example_dags/example_python_decorator.py
[2024-04-22T16:46:56.731+0000] {processor.py:830} INFO - Processing file /home/airflow/.local/lib/python3.8/site-packages/airflow/example_dags/example_python_decorator.py for tasks to queue
[2024-04-22T16:46:56.732+0000] {logging_mixin.py:188} INFO - [2024-04-22T16:46:56.732+0000] {dagbag.py:540} INFO - Filling up the DagBag from /home/airflow/.local/lib/python3.8/site-packages/airflow/example_dags/example_python_decorator.py
[2024-04-22T16:46:56.749+0000] {processor.py:840} INFO - DAG(s) 'example_python_decorator' retrieved from /home/airflow/.local/lib/python3.8/site-packages/airflow/example_dags/example_python_decorator.py
[2024-04-22T16:46:56.775+0000] {logging_mixin.py:188} INFO - [2024-04-22T16:46:56.774+0000] {dag.py:3047} INFO - Sync 1 DAGs
[2024-04-22T16:46:56.787+0000] {logging_mixin.py:188} INFO - [2024-04-22T16:46:56.787+0000] {dag.py:3834} INFO - Setting next_dagrun for example_python_decorator to None, run_after=None
[2024-04-22T16:46:56.808+0000] {processor.py:183} INFO - Processing /home/airflow/.local/lib/python3.8/site-packages/airflow/example_dags/example_python_decorator.py took 0.082 seconds
[2024-04-22T16:47:27.272+0000] {processor.py:161} INFO - Started process (PID=13196) to work on /home/airflow/.local/lib/python3.8/site-packages/airflow/example_dags/example_python_decorator.py
[2024-04-22T16:47:27.273+0000] {processor.py:830} INFO - Processing file /home/airflow/.local/lib/python3.8/site-packages/airflow/example_dags/example_python_decorator.py for tasks to queue
[2024-04-22T16:47:27.274+0000] {logging_mixin.py:188} INFO - [2024-04-22T16:47:27.274+0000] {dagbag.py:540} INFO - Filling up the DagBag from /home/airflow/.local/lib/python3.8/site-packages/airflow/example_dags/example_python_decorator.py
[2024-04-22T16:47:27.289+0000] {processor.py:840} INFO - DAG(s) 'example_python_decorator' retrieved from /home/airflow/.local/lib/python3.8/site-packages/airflow/example_dags/example_python_decorator.py
[2024-04-22T16:47:27.316+0000] {logging_mixin.py:188} INFO - [2024-04-22T16:47:27.316+0000] {dag.py:3047} INFO - Sync 1 DAGs
[2024-04-22T16:47:27.338+0000] {logging_mixin.py:188} INFO - [2024-04-22T16:47:27.338+0000] {dag.py:3834} INFO - Setting next_dagrun for example_python_decorator to None, run_after=None
[2024-04-22T16:47:27.366+0000] {processor.py:183} INFO - Processing /home/airflow/.local/lib/python3.8/site-packages/airflow/example_dags/example_python_decorator.py took 0.098 seconds
[2024-04-22T16:47:57.919+0000] {processor.py:161} INFO - Started process (PID=13454) to work on /home/airflow/.local/lib/python3.8/site-packages/airflow/example_dags/example_python_decorator.py
[2024-04-22T16:47:57.920+0000] {processor.py:830} INFO - Processing file /home/airflow/.local/lib/python3.8/site-packages/airflow/example_dags/example_python_decorator.py for tasks to queue
[2024-04-22T16:47:57.921+0000] {logging_mixin.py:188} INFO - [2024-04-22T16:47:57.921+0000] {dagbag.py:540} INFO - Filling up the DagBag from /home/airflow/.local/lib/python3.8/site-packages/airflow/example_dags/example_python_decorator.py
[2024-04-22T16:47:57.936+0000] {processor.py:840} INFO - DAG(s) 'example_python_decorator' retrieved from /home/airflow/.local/lib/python3.8/site-packages/airflow/example_dags/example_python_decorator.py
[2024-04-22T16:47:57.963+0000] {logging_mixin.py:188} INFO - [2024-04-22T16:47:57.963+0000] {dag.py:3047} INFO - Sync 1 DAGs
[2024-04-22T16:47:57.978+0000] {logging_mixin.py:188} INFO - [2024-04-22T16:47:57.978+0000] {dag.py:3834} INFO - Setting next_dagrun for example_python_decorator to None, run_after=None
[2024-04-22T16:47:58.004+0000] {processor.py:183} INFO - Processing /home/airflow/.local/lib/python3.8/site-packages/airflow/example_dags/example_python_decorator.py took 0.088 seconds
[2024-04-22T16:48:28.349+0000] {processor.py:161} INFO - Started process (PID=13711) to work on /home/airflow/.local/lib/python3.8/site-packages/airflow/example_dags/example_python_decorator.py
[2024-04-22T16:48:28.350+0000] {processor.py:830} INFO - Processing file /home/airflow/.local/lib/python3.8/site-packages/airflow/example_dags/example_python_decorator.py for tasks to queue
[2024-04-22T16:48:28.351+0000] {logging_mixin.py:188} INFO - [2024-04-22T16:48:28.351+0000] {dagbag.py:540} INFO - Filling up the DagBag from /home/airflow/.local/lib/python3.8/site-packages/airflow/example_dags/example_python_decorator.py
[2024-04-22T16:48:28.368+0000] {processor.py:840} INFO - DAG(s) 'example_python_decorator' retrieved from /home/airflow/.local/lib/python3.8/site-packages/airflow/example_dags/example_python_decorator.py
[2024-04-22T16:48:28.395+0000] {logging_mixin.py:188} INFO - [2024-04-22T16:48:28.395+0000] {dag.py:3047} INFO - Sync 1 DAGs
[2024-04-22T16:48:28.410+0000] {logging_mixin.py:188} INFO - [2024-04-22T16:48:28.410+0000] {dag.py:3834} INFO - Setting next_dagrun for example_python_decorator to None, run_after=None
[2024-04-22T16:48:28.435+0000] {processor.py:183} INFO - Processing /home/airflow/.local/lib/python3.8/site-packages/airflow/example_dags/example_python_decorator.py took 0.090 seconds
[2024-04-22T16:48:58.687+0000] {processor.py:161} INFO - Started process (PID=13969) to work on /home/airflow/.local/lib/python3.8/site-packages/airflow/example_dags/example_python_decorator.py
[2024-04-22T16:48:58.687+0000] {processor.py:830} INFO - Processing file /home/airflow/.local/lib/python3.8/site-packages/airflow/example_dags/example_python_decorator.py for tasks to queue
[2024-04-22T16:48:58.688+0000] {logging_mixin.py:188} INFO - [2024-04-22T16:48:58.688+0000] {dagbag.py:540} INFO - Filling up the DagBag from /home/airflow/.local/lib/python3.8/site-packages/airflow/example_dags/example_python_decorator.py
[2024-04-22T16:48:58.702+0000] {processor.py:840} INFO - DAG(s) 'example_python_decorator' retrieved from /home/airflow/.local/lib/python3.8/site-packages/airflow/example_dags/example_python_decorator.py
[2024-04-22T16:48:58.729+0000] {logging_mixin.py:188} INFO - [2024-04-22T16:48:58.729+0000] {dag.py:3047} INFO - Sync 1 DAGs
[2024-04-22T16:48:58.744+0000] {logging_mixin.py:188} INFO - [2024-04-22T16:48:58.743+0000] {dag.py:3834} INFO - Setting next_dagrun for example_python_decorator to None, run_after=None
[2024-04-22T16:48:58.771+0000] {processor.py:183} INFO - Processing /home/airflow/.local/lib/python3.8/site-packages/airflow/example_dags/example_python_decorator.py took 0.088 seconds
[2024-04-22T16:49:29.162+0000] {processor.py:161} INFO - Started process (PID=14227) to work on /home/airflow/.local/lib/python3.8/site-packages/airflow/example_dags/example_python_decorator.py
[2024-04-22T16:49:29.163+0000] {processor.py:830} INFO - Processing file /home/airflow/.local/lib/python3.8/site-packages/airflow/example_dags/example_python_decorator.py for tasks to queue
[2024-04-22T16:49:29.164+0000] {logging_mixin.py:188} INFO - [2024-04-22T16:49:29.164+0000] {dagbag.py:540} INFO - Filling up the DagBag from /home/airflow/.local/lib/python3.8/site-packages/airflow/example_dags/example_python_decorator.py
[2024-04-22T16:49:29.180+0000] {processor.py:840} INFO - DAG(s) 'example_python_decorator' retrieved from /home/airflow/.local/lib/python3.8/site-packages/airflow/example_dags/example_python_decorator.py
[2024-04-22T16:49:29.204+0000] {logging_mixin.py:188} INFO - [2024-04-22T16:49:29.204+0000] {dag.py:3047} INFO - Sync 1 DAGs
[2024-04-22T16:49:29.220+0000] {logging_mixin.py:188} INFO - [2024-04-22T16:49:29.220+0000] {dag.py:3834} INFO - Setting next_dagrun for example_python_decorator to None, run_after=None
[2024-04-22T16:49:29.246+0000] {processor.py:183} INFO - Processing /home/airflow/.local/lib/python3.8/site-packages/airflow/example_dags/example_python_decorator.py took 0.088 seconds
[2024-04-22T16:49:59.576+0000] {processor.py:161} INFO - Started process (PID=14485) to work on /home/airflow/.local/lib/python3.8/site-packages/airflow/example_dags/example_python_decorator.py
[2024-04-22T16:49:59.577+0000] {processor.py:830} INFO - Processing file /home/airflow/.local/lib/python3.8/site-packages/airflow/example_dags/example_python_decorator.py for tasks to queue
[2024-04-22T16:49:59.578+0000] {logging_mixin.py:188} INFO - [2024-04-22T16:49:59.578+0000] {dagbag.py:540} INFO - Filling up the DagBag from /home/airflow/.local/lib/python3.8/site-packages/airflow/example_dags/example_python_decorator.py
[2024-04-22T16:49:59.595+0000] {processor.py:840} INFO - DAG(s) 'example_python_decorator' retrieved from /home/airflow/.local/lib/python3.8/site-packages/airflow/example_dags/example_python_decorator.py
[2024-04-22T16:49:59.622+0000] {logging_mixin.py:188} INFO - [2024-04-22T16:49:59.622+0000] {dag.py:3047} INFO - Sync 1 DAGs
[2024-04-22T16:49:59.636+0000] {logging_mixin.py:188} INFO - [2024-04-22T16:49:59.635+0000] {dag.py:3834} INFO - Setting next_dagrun for example_python_decorator to None, run_after=None
[2024-04-22T16:49:59.659+0000] {processor.py:183} INFO - Processing /home/airflow/.local/lib/python3.8/site-packages/airflow/example_dags/example_python_decorator.py took 0.086 seconds
[2024-04-22T16:50:30.104+0000] {processor.py:161} INFO - Started process (PID=14742) to work on /home/airflow/.local/lib/python3.8/site-packages/airflow/example_dags/example_python_decorator.py
[2024-04-22T16:50:30.105+0000] {processor.py:830} INFO - Processing file /home/airflow/.local/lib/python3.8/site-packages/airflow/example_dags/example_python_decorator.py for tasks to queue
[2024-04-22T16:50:30.106+0000] {logging_mixin.py:188} INFO - [2024-04-22T16:50:30.105+0000] {dagbag.py:540} INFO - Filling up the DagBag from /home/airflow/.local/lib/python3.8/site-packages/airflow/example_dags/example_python_decorator.py
[2024-04-22T16:50:30.122+0000] {processor.py:840} INFO - DAG(s) 'example_python_decorator' retrieved from /home/airflow/.local/lib/python3.8/site-packages/airflow/example_dags/example_python_decorator.py
[2024-04-22T16:50:30.149+0000] {logging_mixin.py:188} INFO - [2024-04-22T16:50:30.149+0000] {dag.py:3047} INFO - Sync 1 DAGs
[2024-04-22T16:50:30.164+0000] {logging_mixin.py:188} INFO - [2024-04-22T16:50:30.163+0000] {dag.py:3834} INFO - Setting next_dagrun for example_python_decorator to None, run_after=None
[2024-04-22T16:50:30.189+0000] {processor.py:183} INFO - Processing /home/airflow/.local/lib/python3.8/site-packages/airflow/example_dags/example_python_decorator.py took 0.089 seconds
[2024-04-22T16:51:00.641+0000] {processor.py:161} INFO - Started process (PID=14999) to work on /home/airflow/.local/lib/python3.8/site-packages/airflow/example_dags/example_python_decorator.py
[2024-04-22T16:51:00.642+0000] {processor.py:830} INFO - Processing file /home/airflow/.local/lib/python3.8/site-packages/airflow/example_dags/example_python_decorator.py for tasks to queue
[2024-04-22T16:51:00.643+0000] {logging_mixin.py:188} INFO - [2024-04-22T16:51:00.642+0000] {dagbag.py:540} INFO - Filling up the DagBag from /home/airflow/.local/lib/python3.8/site-packages/airflow/example_dags/example_python_decorator.py
[2024-04-22T16:51:00.658+0000] {processor.py:840} INFO - DAG(s) 'example_python_decorator' retrieved from /home/airflow/.local/lib/python3.8/site-packages/airflow/example_dags/example_python_decorator.py
[2024-04-22T16:51:00.684+0000] {logging_mixin.py:188} INFO - [2024-04-22T16:51:00.684+0000] {dag.py:3047} INFO - Sync 1 DAGs
[2024-04-22T16:51:00.698+0000] {logging_mixin.py:188} INFO - [2024-04-22T16:51:00.698+0000] {dag.py:3834} INFO - Setting next_dagrun for example_python_decorator to None, run_after=None
[2024-04-22T16:51:00.721+0000] {processor.py:183} INFO - Processing /home/airflow/.local/lib/python3.8/site-packages/airflow/example_dags/example_python_decorator.py took 0.084 seconds
[2024-04-22T16:51:30.907+0000] {processor.py:161} INFO - Started process (PID=15256) to work on /home/airflow/.local/lib/python3.8/site-packages/airflow/example_dags/example_python_decorator.py
[2024-04-22T16:51:30.908+0000] {processor.py:830} INFO - Processing file /home/airflow/.local/lib/python3.8/site-packages/airflow/example_dags/example_python_decorator.py for tasks to queue
[2024-04-22T16:51:30.909+0000] {logging_mixin.py:188} INFO - [2024-04-22T16:51:30.908+0000] {dagbag.py:540} INFO - Filling up the DagBag from /home/airflow/.local/lib/python3.8/site-packages/airflow/example_dags/example_python_decorator.py
[2024-04-22T16:51:30.924+0000] {processor.py:840} INFO - DAG(s) 'example_python_decorator' retrieved from /home/airflow/.local/lib/python3.8/site-packages/airflow/example_dags/example_python_decorator.py
[2024-04-22T16:51:30.949+0000] {logging_mixin.py:188} INFO - [2024-04-22T16:51:30.949+0000] {dag.py:3047} INFO - Sync 1 DAGs
[2024-04-22T16:51:30.964+0000] {logging_mixin.py:188} INFO - [2024-04-22T16:51:30.964+0000] {dag.py:3834} INFO - Setting next_dagrun for example_python_decorator to None, run_after=None
[2024-04-22T16:51:30.989+0000] {processor.py:183} INFO - Processing /home/airflow/.local/lib/python3.8/site-packages/airflow/example_dags/example_python_decorator.py took 0.086 seconds
[2024-04-22T16:52:01.320+0000] {processor.py:161} INFO - Started process (PID=15513) to work on /home/airflow/.local/lib/python3.8/site-packages/airflow/example_dags/example_python_decorator.py
[2024-04-22T16:52:01.321+0000] {processor.py:830} INFO - Processing file /home/airflow/.local/lib/python3.8/site-packages/airflow/example_dags/example_python_decorator.py for tasks to queue
[2024-04-22T16:52:01.322+0000] {logging_mixin.py:188} INFO - [2024-04-22T16:52:01.321+0000] {dagbag.py:540} INFO - Filling up the DagBag from /home/airflow/.local/lib/python3.8/site-packages/airflow/example_dags/example_python_decorator.py
[2024-04-22T16:52:01.338+0000] {processor.py:840} INFO - DAG(s) 'example_python_decorator' retrieved from /home/airflow/.local/lib/python3.8/site-packages/airflow/example_dags/example_python_decorator.py
[2024-04-22T16:52:01.363+0000] {logging_mixin.py:188} INFO - [2024-04-22T16:52:01.363+0000] {dag.py:3047} INFO - Sync 1 DAGs
[2024-04-22T16:52:01.378+0000] {logging_mixin.py:188} INFO - [2024-04-22T16:52:01.378+0000] {dag.py:3834} INFO - Setting next_dagrun for example_python_decorator to None, run_after=None
[2024-04-22T16:52:01.404+0000] {processor.py:183} INFO - Processing /home/airflow/.local/lib/python3.8/site-packages/airflow/example_dags/example_python_decorator.py took 0.088 seconds
[2024-04-22T16:52:31.669+0000] {processor.py:161} INFO - Started process (PID=15771) to work on /home/airflow/.local/lib/python3.8/site-packages/airflow/example_dags/example_python_decorator.py
[2024-04-22T16:52:31.671+0000] {processor.py:830} INFO - Processing file /home/airflow/.local/lib/python3.8/site-packages/airflow/example_dags/example_python_decorator.py for tasks to queue
[2024-04-22T16:52:31.671+0000] {logging_mixin.py:188} INFO - [2024-04-22T16:52:31.671+0000] {dagbag.py:540} INFO - Filling up the DagBag from /home/airflow/.local/lib/python3.8/site-packages/airflow/example_dags/example_python_decorator.py
[2024-04-22T16:52:31.687+0000] {processor.py:840} INFO - DAG(s) 'example_python_decorator' retrieved from /home/airflow/.local/lib/python3.8/site-packages/airflow/example_dags/example_python_decorator.py
[2024-04-22T16:52:31.728+0000] {logging_mixin.py:188} INFO - [2024-04-22T16:52:31.728+0000] {dag.py:3047} INFO - Sync 1 DAGs
[2024-04-22T16:52:31.744+0000] {logging_mixin.py:188} INFO - [2024-04-22T16:52:31.744+0000] {dag.py:3834} INFO - Setting next_dagrun for example_python_decorator to None, run_after=None
[2024-04-22T16:52:31.772+0000] {processor.py:183} INFO - Processing /home/airflow/.local/lib/python3.8/site-packages/airflow/example_dags/example_python_decorator.py took 0.106 seconds
[2024-04-22T16:53:02.044+0000] {processor.py:161} INFO - Started process (PID=16028) to work on /home/airflow/.local/lib/python3.8/site-packages/airflow/example_dags/example_python_decorator.py
[2024-04-22T16:53:02.046+0000] {processor.py:830} INFO - Processing file /home/airflow/.local/lib/python3.8/site-packages/airflow/example_dags/example_python_decorator.py for tasks to queue
[2024-04-22T16:53:02.046+0000] {logging_mixin.py:188} INFO - [2024-04-22T16:53:02.046+0000] {dagbag.py:540} INFO - Filling up the DagBag from /home/airflow/.local/lib/python3.8/site-packages/airflow/example_dags/example_python_decorator.py
[2024-04-22T16:53:02.062+0000] {processor.py:840} INFO - DAG(s) 'example_python_decorator' retrieved from /home/airflow/.local/lib/python3.8/site-packages/airflow/example_dags/example_python_decorator.py
[2024-04-22T16:53:02.088+0000] {logging_mixin.py:188} INFO - [2024-04-22T16:53:02.088+0000] {dag.py:3047} INFO - Sync 1 DAGs
[2024-04-22T16:53:02.103+0000] {logging_mixin.py:188} INFO - [2024-04-22T16:53:02.103+0000] {dag.py:3834} INFO - Setting next_dagrun for example_python_decorator to None, run_after=None
[2024-04-22T16:53:02.133+0000] {processor.py:183} INFO - Processing /home/airflow/.local/lib/python3.8/site-packages/airflow/example_dags/example_python_decorator.py took 0.092 seconds
[2024-04-22T16:53:32.568+0000] {processor.py:161} INFO - Started process (PID=16287) to work on /home/airflow/.local/lib/python3.8/site-packages/airflow/example_dags/example_python_decorator.py
[2024-04-22T16:53:32.568+0000] {processor.py:830} INFO - Processing file /home/airflow/.local/lib/python3.8/site-packages/airflow/example_dags/example_python_decorator.py for tasks to queue
[2024-04-22T16:53:32.570+0000] {logging_mixin.py:188} INFO - [2024-04-22T16:53:32.569+0000] {dagbag.py:540} INFO - Filling up the DagBag from /home/airflow/.local/lib/python3.8/site-packages/airflow/example_dags/example_python_decorator.py
[2024-04-22T16:53:32.585+0000] {processor.py:840} INFO - DAG(s) 'example_python_decorator' retrieved from /home/airflow/.local/lib/python3.8/site-packages/airflow/example_dags/example_python_decorator.py
[2024-04-22T16:53:32.612+0000] {logging_mixin.py:188} INFO - [2024-04-22T16:53:32.611+0000] {dag.py:3047} INFO - Sync 1 DAGs
[2024-04-22T16:53:32.629+0000] {logging_mixin.py:188} INFO - [2024-04-22T16:53:32.629+0000] {dag.py:3834} INFO - Setting next_dagrun for example_python_decorator to None, run_after=None
[2024-04-22T16:53:32.656+0000] {processor.py:183} INFO - Processing /home/airflow/.local/lib/python3.8/site-packages/airflow/example_dags/example_python_decorator.py took 0.092 seconds
[2024-04-22T16:54:02.981+0000] {processor.py:161} INFO - Started process (PID=16544) to work on /home/airflow/.local/lib/python3.8/site-packages/airflow/example_dags/example_python_decorator.py
[2024-04-22T16:54:02.982+0000] {processor.py:830} INFO - Processing file /home/airflow/.local/lib/python3.8/site-packages/airflow/example_dags/example_python_decorator.py for tasks to queue
[2024-04-22T16:54:02.986+0000] {logging_mixin.py:188} INFO - [2024-04-22T16:54:02.986+0000] {dagbag.py:540} INFO - Filling up the DagBag from /home/airflow/.local/lib/python3.8/site-packages/airflow/example_dags/example_python_decorator.py
[2024-04-22T16:54:03.024+0000] {processor.py:840} INFO - DAG(s) 'example_python_decorator' retrieved from /home/airflow/.local/lib/python3.8/site-packages/airflow/example_dags/example_python_decorator.py
[2024-04-22T16:54:03.063+0000] {logging_mixin.py:188} INFO - [2024-04-22T16:54:03.062+0000] {dag.py:3047} INFO - Sync 1 DAGs
[2024-04-22T16:54:03.088+0000] {logging_mixin.py:188} INFO - [2024-04-22T16:54:03.087+0000] {dag.py:3834} INFO - Setting next_dagrun for example_python_decorator to None, run_after=None
[2024-04-22T16:54:03.129+0000] {processor.py:183} INFO - Processing /home/airflow/.local/lib/python3.8/site-packages/airflow/example_dags/example_python_decorator.py took 0.155 seconds
[2024-04-22T16:54:34.180+0000] {processor.py:161} INFO - Started process (PID=16802) to work on /home/airflow/.local/lib/python3.8/site-packages/airflow/example_dags/example_python_decorator.py
[2024-04-22T16:54:34.181+0000] {processor.py:830} INFO - Processing file /home/airflow/.local/lib/python3.8/site-packages/airflow/example_dags/example_python_decorator.py for tasks to queue
[2024-04-22T16:54:34.182+0000] {logging_mixin.py:188} INFO - [2024-04-22T16:54:34.181+0000] {dagbag.py:540} INFO - Filling up the DagBag from /home/airflow/.local/lib/python3.8/site-packages/airflow/example_dags/example_python_decorator.py
[2024-04-22T16:54:34.199+0000] {processor.py:840} INFO - DAG(s) 'example_python_decorator' retrieved from /home/airflow/.local/lib/python3.8/site-packages/airflow/example_dags/example_python_decorator.py
[2024-04-22T16:54:34.226+0000] {logging_mixin.py:188} INFO - [2024-04-22T16:54:34.226+0000] {dag.py:3047} INFO - Sync 1 DAGs
[2024-04-22T16:54:34.252+0000] {logging_mixin.py:188} INFO - [2024-04-22T16:54:34.252+0000] {dag.py:3834} INFO - Setting next_dagrun for example_python_decorator to None, run_after=None
[2024-04-22T16:54:34.277+0000] {processor.py:183} INFO - Processing /home/airflow/.local/lib/python3.8/site-packages/airflow/example_dags/example_python_decorator.py took 0.101 seconds
