[2024-04-22T16:22:01.166+0000] {processor.py:161} INFO - Started process (PID=280) to work on /home/airflow/.local/lib/python3.8/site-packages/airflow/example_dags/example_xcomargs.py
[2024-04-22T16:22:01.167+0000] {processor.py:830} INFO - Processing file /home/airflow/.local/lib/python3.8/site-packages/airflow/example_dags/example_xcomargs.py for tasks to queue
[2024-04-22T16:22:01.169+0000] {logging_mixin.py:188} INFO - [2024-04-22T16:22:01.168+0000] {dagbag.py:540} INFO - Filling up the DagBag from /home/airflow/.local/lib/python3.8/site-packages/airflow/example_dags/example_xcomargs.py
[2024-04-22T16:22:01.179+0000] {processor.py:840} INFO - DAG(s) 'example_xcom_args', 'example_xcom_args_with_operators' retrieved from /home/airflow/.local/lib/python3.8/site-packages/airflow/example_dags/example_xcomargs.py
[2024-04-22T16:22:01.208+0000] {logging_mixin.py:188} INFO - [2024-04-22T16:22:01.208+0000] {dag.py:3047} INFO - Sync 2 DAGs
[2024-04-22T16:22:01.223+0000] {logging_mixin.py:188} INFO - [2024-04-22T16:22:01.223+0000] {dag.py:3834} INFO - Setting next_dagrun for example_xcom_args to None, run_after=None
[2024-04-22T16:22:01.227+0000] {logging_mixin.py:188} INFO - [2024-04-22T16:22:01.227+0000] {dag.py:3834} INFO - Setting next_dagrun for example_xcom_args_with_operators to None, run_after=None
[2024-04-22T16:22:01.251+0000] {processor.py:183} INFO - Processing /home/airflow/.local/lib/python3.8/site-packages/airflow/example_dags/example_xcomargs.py took 0.089 seconds
[2024-04-22T16:22:31.802+0000] {processor.py:161} INFO - Started process (PID=536) to work on /home/airflow/.local/lib/python3.8/site-packages/airflow/example_dags/example_xcomargs.py
[2024-04-22T16:22:31.803+0000] {processor.py:830} INFO - Processing file /home/airflow/.local/lib/python3.8/site-packages/airflow/example_dags/example_xcomargs.py for tasks to queue
[2024-04-22T16:22:31.804+0000] {logging_mixin.py:188} INFO - [2024-04-22T16:22:31.804+0000] {dagbag.py:540} INFO - Filling up the DagBag from /home/airflow/.local/lib/python3.8/site-packages/airflow/example_dags/example_xcomargs.py
[2024-04-22T16:22:31.815+0000] {processor.py:840} INFO - DAG(s) 'example_xcom_args', 'example_xcom_args_with_operators' retrieved from /home/airflow/.local/lib/python3.8/site-packages/airflow/example_dags/example_xcomargs.py
[2024-04-22T16:22:31.841+0000] {logging_mixin.py:188} INFO - [2024-04-22T16:22:31.841+0000] {dag.py:3047} INFO - Sync 2 DAGs
[2024-04-22T16:22:31.857+0000] {logging_mixin.py:188} INFO - [2024-04-22T16:22:31.857+0000] {dag.py:3834} INFO - Setting next_dagrun for example_xcom_args to None, run_after=None
[2024-04-22T16:22:31.861+0000] {logging_mixin.py:188} INFO - [2024-04-22T16:22:31.861+0000] {dag.py:3834} INFO - Setting next_dagrun for example_xcom_args_with_operators to None, run_after=None
[2024-04-22T16:22:31.885+0000] {processor.py:183} INFO - Processing /home/airflow/.local/lib/python3.8/site-packages/airflow/example_dags/example_xcomargs.py took 0.086 seconds
[2024-04-22T16:23:02.027+0000] {processor.py:161} INFO - Started process (PID=792) to work on /home/airflow/.local/lib/python3.8/site-packages/airflow/example_dags/example_xcomargs.py
[2024-04-22T16:23:02.028+0000] {processor.py:830} INFO - Processing file /home/airflow/.local/lib/python3.8/site-packages/airflow/example_dags/example_xcomargs.py for tasks to queue
[2024-04-22T16:23:02.028+0000] {logging_mixin.py:188} INFO - [2024-04-22T16:23:02.028+0000] {dagbag.py:540} INFO - Filling up the DagBag from /home/airflow/.local/lib/python3.8/site-packages/airflow/example_dags/example_xcomargs.py
[2024-04-22T16:23:02.038+0000] {processor.py:840} INFO - DAG(s) 'example_xcom_args', 'example_xcom_args_with_operators' retrieved from /home/airflow/.local/lib/python3.8/site-packages/airflow/example_dags/example_xcomargs.py
[2024-04-22T16:23:02.064+0000] {logging_mixin.py:188} INFO - [2024-04-22T16:23:02.064+0000] {dag.py:3047} INFO - Sync 2 DAGs
[2024-04-22T16:23:02.079+0000] {logging_mixin.py:188} INFO - [2024-04-22T16:23:02.079+0000] {dag.py:3834} INFO - Setting next_dagrun for example_xcom_args to None, run_after=None
[2024-04-22T16:23:02.083+0000] {logging_mixin.py:188} INFO - [2024-04-22T16:23:02.083+0000] {dag.py:3834} INFO - Setting next_dagrun for example_xcom_args_with_operators to None, run_after=None
[2024-04-22T16:23:02.106+0000] {processor.py:183} INFO - Processing /home/airflow/.local/lib/python3.8/site-packages/airflow/example_dags/example_xcomargs.py took 0.081 seconds
[2024-04-22T16:23:33.186+0000] {processor.py:161} INFO - Started process (PID=1049) to work on /home/airflow/.local/lib/python3.8/site-packages/airflow/example_dags/example_xcomargs.py
[2024-04-22T16:23:33.187+0000] {processor.py:830} INFO - Processing file /home/airflow/.local/lib/python3.8/site-packages/airflow/example_dags/example_xcomargs.py for tasks to queue
[2024-04-22T16:23:33.188+0000] {logging_mixin.py:188} INFO - [2024-04-22T16:23:33.188+0000] {dagbag.py:540} INFO - Filling up the DagBag from /home/airflow/.local/lib/python3.8/site-packages/airflow/example_dags/example_xcomargs.py
[2024-04-22T16:23:33.199+0000] {processor.py:840} INFO - DAG(s) 'example_xcom_args', 'example_xcom_args_with_operators' retrieved from /home/airflow/.local/lib/python3.8/site-packages/airflow/example_dags/example_xcomargs.py
[2024-04-22T16:23:33.243+0000] {logging_mixin.py:188} INFO - [2024-04-22T16:23:33.243+0000] {dag.py:3047} INFO - Sync 2 DAGs
[2024-04-22T16:23:33.261+0000] {logging_mixin.py:188} INFO - [2024-04-22T16:23:33.261+0000] {dag.py:3834} INFO - Setting next_dagrun for example_xcom_args to None, run_after=None
[2024-04-22T16:23:33.265+0000] {logging_mixin.py:188} INFO - [2024-04-22T16:23:33.265+0000] {dag.py:3834} INFO - Setting next_dagrun for example_xcom_args_with_operators to None, run_after=None
[2024-04-22T16:23:33.312+0000] {processor.py:183} INFO - Processing /home/airflow/.local/lib/python3.8/site-packages/airflow/example_dags/example_xcomargs.py took 0.130 seconds
[2024-04-22T16:24:03.701+0000] {processor.py:161} INFO - Started process (PID=1306) to work on /home/airflow/.local/lib/python3.8/site-packages/airflow/example_dags/example_xcomargs.py
[2024-04-22T16:24:03.702+0000] {processor.py:830} INFO - Processing file /home/airflow/.local/lib/python3.8/site-packages/airflow/example_dags/example_xcomargs.py for tasks to queue
[2024-04-22T16:24:03.703+0000] {logging_mixin.py:188} INFO - [2024-04-22T16:24:03.703+0000] {dagbag.py:540} INFO - Filling up the DagBag from /home/airflow/.local/lib/python3.8/site-packages/airflow/example_dags/example_xcomargs.py
[2024-04-22T16:24:03.711+0000] {processor.py:840} INFO - DAG(s) 'example_xcom_args', 'example_xcom_args_with_operators' retrieved from /home/airflow/.local/lib/python3.8/site-packages/airflow/example_dags/example_xcomargs.py
[2024-04-22T16:24:03.738+0000] {logging_mixin.py:188} INFO - [2024-04-22T16:24:03.737+0000] {dag.py:3047} INFO - Sync 2 DAGs
[2024-04-22T16:24:03.754+0000] {logging_mixin.py:188} INFO - [2024-04-22T16:24:03.754+0000] {dag.py:3834} INFO - Setting next_dagrun for example_xcom_args to None, run_after=None
[2024-04-22T16:24:03.758+0000] {logging_mixin.py:188} INFO - [2024-04-22T16:24:03.758+0000] {dag.py:3834} INFO - Setting next_dagrun for example_xcom_args_with_operators to None, run_after=None
[2024-04-22T16:24:03.781+0000] {processor.py:183} INFO - Processing /home/airflow/.local/lib/python3.8/site-packages/airflow/example_dags/example_xcomargs.py took 0.083 seconds
[2024-04-22T16:24:34.233+0000] {processor.py:161} INFO - Started process (PID=1564) to work on /home/airflow/.local/lib/python3.8/site-packages/airflow/example_dags/example_xcomargs.py
[2024-04-22T16:24:34.234+0000] {processor.py:830} INFO - Processing file /home/airflow/.local/lib/python3.8/site-packages/airflow/example_dags/example_xcomargs.py for tasks to queue
[2024-04-22T16:24:34.235+0000] {logging_mixin.py:188} INFO - [2024-04-22T16:24:34.235+0000] {dagbag.py:540} INFO - Filling up the DagBag from /home/airflow/.local/lib/python3.8/site-packages/airflow/example_dags/example_xcomargs.py
[2024-04-22T16:24:34.244+0000] {processor.py:840} INFO - DAG(s) 'example_xcom_args', 'example_xcom_args_with_operators' retrieved from /home/airflow/.local/lib/python3.8/site-packages/airflow/example_dags/example_xcomargs.py
[2024-04-22T16:24:34.280+0000] {logging_mixin.py:188} INFO - [2024-04-22T16:24:34.280+0000] {dag.py:3047} INFO - Sync 2 DAGs
[2024-04-22T16:24:34.296+0000] {logging_mixin.py:188} INFO - [2024-04-22T16:24:34.296+0000] {dag.py:3834} INFO - Setting next_dagrun for example_xcom_args to None, run_after=None
[2024-04-22T16:24:34.302+0000] {logging_mixin.py:188} INFO - [2024-04-22T16:24:34.300+0000] {dag.py:3834} INFO - Setting next_dagrun for example_xcom_args_with_operators to None, run_after=None
[2024-04-22T16:24:34.325+0000] {processor.py:183} INFO - Processing /home/airflow/.local/lib/python3.8/site-packages/airflow/example_dags/example_xcomargs.py took 0.095 seconds
[2024-04-22T16:25:04.739+0000] {processor.py:161} INFO - Started process (PID=1830) to work on /home/airflow/.local/lib/python3.8/site-packages/airflow/example_dags/example_xcomargs.py
[2024-04-22T16:25:04.739+0000] {processor.py:830} INFO - Processing file /home/airflow/.local/lib/python3.8/site-packages/airflow/example_dags/example_xcomargs.py for tasks to queue
[2024-04-22T16:25:04.740+0000] {logging_mixin.py:188} INFO - [2024-04-22T16:25:04.740+0000] {dagbag.py:540} INFO - Filling up the DagBag from /home/airflow/.local/lib/python3.8/site-packages/airflow/example_dags/example_xcomargs.py
[2024-04-22T16:25:04.748+0000] {processor.py:840} INFO - DAG(s) 'example_xcom_args_with_operators', 'example_xcom_args' retrieved from /home/airflow/.local/lib/python3.8/site-packages/airflow/example_dags/example_xcomargs.py
[2024-04-22T16:25:04.771+0000] {logging_mixin.py:188} INFO - [2024-04-22T16:25:04.771+0000] {dag.py:3047} INFO - Sync 2 DAGs
[2024-04-22T16:25:04.787+0000] {logging_mixin.py:188} INFO - [2024-04-22T16:25:04.786+0000] {dag.py:3834} INFO - Setting next_dagrun for example_xcom_args to None, run_after=None
[2024-04-22T16:25:04.791+0000] {logging_mixin.py:188} INFO - [2024-04-22T16:25:04.791+0000] {dag.py:3834} INFO - Setting next_dagrun for example_xcom_args_with_operators to None, run_after=None
[2024-04-22T16:25:04.812+0000] {processor.py:183} INFO - Processing /home/airflow/.local/lib/python3.8/site-packages/airflow/example_dags/example_xcomargs.py took 0.076 seconds
[2024-04-22T16:25:35.224+0000] {processor.py:161} INFO - Started process (PID=2085) to work on /home/airflow/.local/lib/python3.8/site-packages/airflow/example_dags/example_xcomargs.py
[2024-04-22T16:25:35.225+0000] {processor.py:830} INFO - Processing file /home/airflow/.local/lib/python3.8/site-packages/airflow/example_dags/example_xcomargs.py for tasks to queue
[2024-04-22T16:25:35.225+0000] {logging_mixin.py:188} INFO - [2024-04-22T16:25:35.225+0000] {dagbag.py:540} INFO - Filling up the DagBag from /home/airflow/.local/lib/python3.8/site-packages/airflow/example_dags/example_xcomargs.py
[2024-04-22T16:25:35.234+0000] {processor.py:840} INFO - DAG(s) 'example_xcom_args_with_operators', 'example_xcom_args' retrieved from /home/airflow/.local/lib/python3.8/site-packages/airflow/example_dags/example_xcomargs.py
[2024-04-22T16:25:35.261+0000] {logging_mixin.py:188} INFO - [2024-04-22T16:25:35.260+0000] {dag.py:3047} INFO - Sync 2 DAGs
[2024-04-22T16:25:35.275+0000] {logging_mixin.py:188} INFO - [2024-04-22T16:25:35.275+0000] {dag.py:3834} INFO - Setting next_dagrun for example_xcom_args to None, run_after=None
[2024-04-22T16:25:35.279+0000] {logging_mixin.py:188} INFO - [2024-04-22T16:25:35.279+0000] {dag.py:3834} INFO - Setting next_dagrun for example_xcom_args_with_operators to None, run_after=None
[2024-04-22T16:25:35.300+0000] {processor.py:183} INFO - Processing /home/airflow/.local/lib/python3.8/site-packages/airflow/example_dags/example_xcomargs.py took 0.080 seconds
[2024-04-22T16:26:05.720+0000] {processor.py:161} INFO - Started process (PID=2342) to work on /home/airflow/.local/lib/python3.8/site-packages/airflow/example_dags/example_xcomargs.py
[2024-04-22T16:26:05.721+0000] {processor.py:830} INFO - Processing file /home/airflow/.local/lib/python3.8/site-packages/airflow/example_dags/example_xcomargs.py for tasks to queue
[2024-04-22T16:26:05.722+0000] {logging_mixin.py:188} INFO - [2024-04-22T16:26:05.722+0000] {dagbag.py:540} INFO - Filling up the DagBag from /home/airflow/.local/lib/python3.8/site-packages/airflow/example_dags/example_xcomargs.py
[2024-04-22T16:26:05.731+0000] {processor.py:840} INFO - DAG(s) 'example_xcom_args', 'example_xcom_args_with_operators' retrieved from /home/airflow/.local/lib/python3.8/site-packages/airflow/example_dags/example_xcomargs.py
[2024-04-22T16:26:05.759+0000] {logging_mixin.py:188} INFO - [2024-04-22T16:26:05.758+0000] {dag.py:3047} INFO - Sync 2 DAGs
[2024-04-22T16:26:05.774+0000] {logging_mixin.py:188} INFO - [2024-04-22T16:26:05.774+0000] {dag.py:3834} INFO - Setting next_dagrun for example_xcom_args to None, run_after=None
[2024-04-22T16:26:05.788+0000] {logging_mixin.py:188} INFO - [2024-04-22T16:26:05.788+0000] {dag.py:3834} INFO - Setting next_dagrun for example_xcom_args_with_operators to None, run_after=None
[2024-04-22T16:26:05.825+0000] {processor.py:183} INFO - Processing /home/airflow/.local/lib/python3.8/site-packages/airflow/example_dags/example_xcomargs.py took 0.108 seconds
[2024-04-22T16:26:36.064+0000] {processor.py:161} INFO - Started process (PID=2600) to work on /home/airflow/.local/lib/python3.8/site-packages/airflow/example_dags/example_xcomargs.py
[2024-04-22T16:26:36.065+0000] {processor.py:830} INFO - Processing file /home/airflow/.local/lib/python3.8/site-packages/airflow/example_dags/example_xcomargs.py for tasks to queue
[2024-04-22T16:26:36.066+0000] {logging_mixin.py:188} INFO - [2024-04-22T16:26:36.066+0000] {dagbag.py:540} INFO - Filling up the DagBag from /home/airflow/.local/lib/python3.8/site-packages/airflow/example_dags/example_xcomargs.py
[2024-04-22T16:26:36.075+0000] {processor.py:840} INFO - DAG(s) 'example_xcom_args_with_operators', 'example_xcom_args' retrieved from /home/airflow/.local/lib/python3.8/site-packages/airflow/example_dags/example_xcomargs.py
[2024-04-22T16:26:36.102+0000] {logging_mixin.py:188} INFO - [2024-04-22T16:26:36.102+0000] {dag.py:3047} INFO - Sync 2 DAGs
[2024-04-22T16:26:36.118+0000] {logging_mixin.py:188} INFO - [2024-04-22T16:26:36.118+0000] {dag.py:3834} INFO - Setting next_dagrun for example_xcom_args to None, run_after=None
[2024-04-22T16:26:36.122+0000] {logging_mixin.py:188} INFO - [2024-04-22T16:26:36.122+0000] {dag.py:3834} INFO - Setting next_dagrun for example_xcom_args_with_operators to None, run_after=None
[2024-04-22T16:26:36.144+0000] {processor.py:183} INFO - Processing /home/airflow/.local/lib/python3.8/site-packages/airflow/example_dags/example_xcomargs.py took 0.083 seconds
[2024-04-22T16:27:06.902+0000] {processor.py:161} INFO - Started process (PID=2857) to work on /home/airflow/.local/lib/python3.8/site-packages/airflow/example_dags/example_xcomargs.py
[2024-04-22T16:27:06.903+0000] {processor.py:830} INFO - Processing file /home/airflow/.local/lib/python3.8/site-packages/airflow/example_dags/example_xcomargs.py for tasks to queue
[2024-04-22T16:27:06.904+0000] {logging_mixin.py:188} INFO - [2024-04-22T16:27:06.904+0000] {dagbag.py:540} INFO - Filling up the DagBag from /home/airflow/.local/lib/python3.8/site-packages/airflow/example_dags/example_xcomargs.py
[2024-04-22T16:27:06.913+0000] {processor.py:840} INFO - DAG(s) 'example_xcom_args', 'example_xcom_args_with_operators' retrieved from /home/airflow/.local/lib/python3.8/site-packages/airflow/example_dags/example_xcomargs.py
[2024-04-22T16:27:06.942+0000] {logging_mixin.py:188} INFO - [2024-04-22T16:27:06.942+0000] {dag.py:3047} INFO - Sync 2 DAGs
[2024-04-22T16:27:06.961+0000] {logging_mixin.py:188} INFO - [2024-04-22T16:27:06.961+0000] {dag.py:3834} INFO - Setting next_dagrun for example_xcom_args to None, run_after=None
[2024-04-22T16:27:06.965+0000] {logging_mixin.py:188} INFO - [2024-04-22T16:27:06.965+0000] {dag.py:3834} INFO - Setting next_dagrun for example_xcom_args_with_operators to None, run_after=None
[2024-04-22T16:27:06.987+0000] {processor.py:183} INFO - Processing /home/airflow/.local/lib/python3.8/site-packages/airflow/example_dags/example_xcomargs.py took 0.088 seconds
[2024-04-22T16:27:37.379+0000] {processor.py:161} INFO - Started process (PID=3115) to work on /home/airflow/.local/lib/python3.8/site-packages/airflow/example_dags/example_xcomargs.py
[2024-04-22T16:27:37.380+0000] {processor.py:830} INFO - Processing file /home/airflow/.local/lib/python3.8/site-packages/airflow/example_dags/example_xcomargs.py for tasks to queue
[2024-04-22T16:27:37.381+0000] {logging_mixin.py:188} INFO - [2024-04-22T16:27:37.380+0000] {dagbag.py:540} INFO - Filling up the DagBag from /home/airflow/.local/lib/python3.8/site-packages/airflow/example_dags/example_xcomargs.py
[2024-04-22T16:27:37.390+0000] {processor.py:840} INFO - DAG(s) 'example_xcom_args', 'example_xcom_args_with_operators' retrieved from /home/airflow/.local/lib/python3.8/site-packages/airflow/example_dags/example_xcomargs.py
[2024-04-22T16:27:37.415+0000] {logging_mixin.py:188} INFO - [2024-04-22T16:27:37.414+0000] {dag.py:3047} INFO - Sync 2 DAGs
[2024-04-22T16:27:37.430+0000] {logging_mixin.py:188} INFO - [2024-04-22T16:27:37.430+0000] {dag.py:3834} INFO - Setting next_dagrun for example_xcom_args to None, run_after=None
[2024-04-22T16:27:37.434+0000] {logging_mixin.py:188} INFO - [2024-04-22T16:27:37.434+0000] {dag.py:3834} INFO - Setting next_dagrun for example_xcom_args_with_operators to None, run_after=None
[2024-04-22T16:27:37.457+0000] {processor.py:183} INFO - Processing /home/airflow/.local/lib/python3.8/site-packages/airflow/example_dags/example_xcomargs.py took 0.082 seconds
[2024-04-22T16:28:07.860+0000] {processor.py:161} INFO - Started process (PID=3373) to work on /home/airflow/.local/lib/python3.8/site-packages/airflow/example_dags/example_xcomargs.py
[2024-04-22T16:28:07.861+0000] {processor.py:830} INFO - Processing file /home/airflow/.local/lib/python3.8/site-packages/airflow/example_dags/example_xcomargs.py for tasks to queue
[2024-04-22T16:28:07.862+0000] {logging_mixin.py:188} INFO - [2024-04-22T16:28:07.861+0000] {dagbag.py:540} INFO - Filling up the DagBag from /home/airflow/.local/lib/python3.8/site-packages/airflow/example_dags/example_xcomargs.py
[2024-04-22T16:28:07.881+0000] {processor.py:840} INFO - DAG(s) 'example_xcom_args_with_operators', 'example_xcom_args' retrieved from /home/airflow/.local/lib/python3.8/site-packages/airflow/example_dags/example_xcomargs.py
[2024-04-22T16:28:07.907+0000] {logging_mixin.py:188} INFO - [2024-04-22T16:28:07.907+0000] {dag.py:3047} INFO - Sync 2 DAGs
[2024-04-22T16:28:07.938+0000] {logging_mixin.py:188} INFO - [2024-04-22T16:28:07.937+0000] {dag.py:3834} INFO - Setting next_dagrun for example_xcom_args to None, run_after=None
[2024-04-22T16:28:07.942+0000] {logging_mixin.py:188} INFO - [2024-04-22T16:28:07.941+0000] {dag.py:3834} INFO - Setting next_dagrun for example_xcom_args_with_operators to None, run_after=None
[2024-04-22T16:28:07.964+0000] {processor.py:183} INFO - Processing /home/airflow/.local/lib/python3.8/site-packages/airflow/example_dags/example_xcomargs.py took 0.107 seconds
[2024-04-22T16:28:39.013+0000] {processor.py:161} INFO - Started process (PID=3633) to work on /home/airflow/.local/lib/python3.8/site-packages/airflow/example_dags/example_xcomargs.py
[2024-04-22T16:28:39.014+0000] {processor.py:830} INFO - Processing file /home/airflow/.local/lib/python3.8/site-packages/airflow/example_dags/example_xcomargs.py for tasks to queue
[2024-04-22T16:28:39.014+0000] {logging_mixin.py:188} INFO - [2024-04-22T16:28:39.014+0000] {dagbag.py:540} INFO - Filling up the DagBag from /home/airflow/.local/lib/python3.8/site-packages/airflow/example_dags/example_xcomargs.py
[2024-04-22T16:28:39.037+0000] {processor.py:840} INFO - DAG(s) 'example_xcom_args', 'example_xcom_args_with_operators' retrieved from /home/airflow/.local/lib/python3.8/site-packages/airflow/example_dags/example_xcomargs.py
[2024-04-22T16:28:39.089+0000] {logging_mixin.py:188} INFO - [2024-04-22T16:28:39.089+0000] {dag.py:3047} INFO - Sync 2 DAGs
[2024-04-22T16:28:39.116+0000] {logging_mixin.py:188} INFO - [2024-04-22T16:28:39.116+0000] {dag.py:3834} INFO - Setting next_dagrun for example_xcom_args to None, run_after=None
[2024-04-22T16:28:39.124+0000] {logging_mixin.py:188} INFO - [2024-04-22T16:28:39.123+0000] {dag.py:3834} INFO - Setting next_dagrun for example_xcom_args_with_operators to None, run_after=None
[2024-04-22T16:28:39.146+0000] {processor.py:183} INFO - Processing /home/airflow/.local/lib/python3.8/site-packages/airflow/example_dags/example_xcomargs.py took 0.137 seconds
[2024-04-22T16:29:09.806+0000] {processor.py:161} INFO - Started process (PID=3890) to work on /home/airflow/.local/lib/python3.8/site-packages/airflow/example_dags/example_xcomargs.py
[2024-04-22T16:29:09.807+0000] {processor.py:830} INFO - Processing file /home/airflow/.local/lib/python3.8/site-packages/airflow/example_dags/example_xcomargs.py for tasks to queue
[2024-04-22T16:29:09.808+0000] {logging_mixin.py:188} INFO - [2024-04-22T16:29:09.807+0000] {dagbag.py:540} INFO - Filling up the DagBag from /home/airflow/.local/lib/python3.8/site-packages/airflow/example_dags/example_xcomargs.py
[2024-04-22T16:29:09.817+0000] {processor.py:840} INFO - DAG(s) 'example_xcom_args_with_operators', 'example_xcom_args' retrieved from /home/airflow/.local/lib/python3.8/site-packages/airflow/example_dags/example_xcomargs.py
[2024-04-22T16:29:09.853+0000] {logging_mixin.py:188} INFO - [2024-04-22T16:29:09.852+0000] {dag.py:3047} INFO - Sync 2 DAGs
[2024-04-22T16:29:09.867+0000] {logging_mixin.py:188} INFO - [2024-04-22T16:29:09.867+0000] {dag.py:3834} INFO - Setting next_dagrun for example_xcom_args to None, run_after=None
[2024-04-22T16:29:09.871+0000] {logging_mixin.py:188} INFO - [2024-04-22T16:29:09.871+0000] {dag.py:3834} INFO - Setting next_dagrun for example_xcom_args_with_operators to None, run_after=None
[2024-04-22T16:29:09.894+0000] {processor.py:183} INFO - Processing /home/airflow/.local/lib/python3.8/site-packages/airflow/example_dags/example_xcomargs.py took 0.092 seconds
[2024-04-22T16:29:40.057+0000] {processor.py:161} INFO - Started process (PID=4145) to work on /home/airflow/.local/lib/python3.8/site-packages/airflow/example_dags/example_xcomargs.py
[2024-04-22T16:29:40.058+0000] {processor.py:830} INFO - Processing file /home/airflow/.local/lib/python3.8/site-packages/airflow/example_dags/example_xcomargs.py for tasks to queue
[2024-04-22T16:29:40.059+0000] {logging_mixin.py:188} INFO - [2024-04-22T16:29:40.058+0000] {dagbag.py:540} INFO - Filling up the DagBag from /home/airflow/.local/lib/python3.8/site-packages/airflow/example_dags/example_xcomargs.py
[2024-04-22T16:29:40.068+0000] {processor.py:840} INFO - DAG(s) 'example_xcom_args_with_operators', 'example_xcom_args' retrieved from /home/airflow/.local/lib/python3.8/site-packages/airflow/example_dags/example_xcomargs.py
[2024-04-22T16:29:40.093+0000] {logging_mixin.py:188} INFO - [2024-04-22T16:29:40.092+0000] {dag.py:3047} INFO - Sync 2 DAGs
[2024-04-22T16:29:40.108+0000] {logging_mixin.py:188} INFO - [2024-04-22T16:29:40.107+0000] {dag.py:3834} INFO - Setting next_dagrun for example_xcom_args to None, run_after=None
[2024-04-22T16:29:40.111+0000] {logging_mixin.py:188} INFO - [2024-04-22T16:29:40.111+0000] {dag.py:3834} INFO - Setting next_dagrun for example_xcom_args_with_operators to None, run_after=None
[2024-04-22T16:29:40.134+0000] {processor.py:183} INFO - Processing /home/airflow/.local/lib/python3.8/site-packages/airflow/example_dags/example_xcomargs.py took 0.080 seconds
[2024-04-22T16:30:10.321+0000] {processor.py:161} INFO - Started process (PID=4402) to work on /home/airflow/.local/lib/python3.8/site-packages/airflow/example_dags/example_xcomargs.py
[2024-04-22T16:30:10.332+0000] {processor.py:830} INFO - Processing file /home/airflow/.local/lib/python3.8/site-packages/airflow/example_dags/example_xcomargs.py for tasks to queue
[2024-04-22T16:30:10.334+0000] {logging_mixin.py:188} INFO - [2024-04-22T16:30:10.333+0000] {dagbag.py:540} INFO - Filling up the DagBag from /home/airflow/.local/lib/python3.8/site-packages/airflow/example_dags/example_xcomargs.py
[2024-04-22T16:30:10.357+0000] {processor.py:840} INFO - DAG(s) 'example_xcom_args', 'example_xcom_args_with_operators' retrieved from /home/airflow/.local/lib/python3.8/site-packages/airflow/example_dags/example_xcomargs.py
[2024-04-22T16:30:10.417+0000] {logging_mixin.py:188} INFO - [2024-04-22T16:30:10.416+0000] {dag.py:3047} INFO - Sync 2 DAGs
[2024-04-22T16:30:10.441+0000] {logging_mixin.py:188} INFO - [2024-04-22T16:30:10.441+0000] {dag.py:3834} INFO - Setting next_dagrun for example_xcom_args to None, run_after=None
[2024-04-22T16:30:10.445+0000] {logging_mixin.py:188} INFO - [2024-04-22T16:30:10.445+0000] {dag.py:3834} INFO - Setting next_dagrun for example_xcom_args_with_operators to None, run_after=None
[2024-04-22T16:30:10.468+0000] {processor.py:183} INFO - Processing /home/airflow/.local/lib/python3.8/site-packages/airflow/example_dags/example_xcomargs.py took 0.151 seconds
[2024-04-22T16:30:41.026+0000] {processor.py:161} INFO - Started process (PID=4660) to work on /home/airflow/.local/lib/python3.8/site-packages/airflow/example_dags/example_xcomargs.py
[2024-04-22T16:30:41.028+0000] {processor.py:830} INFO - Processing file /home/airflow/.local/lib/python3.8/site-packages/airflow/example_dags/example_xcomargs.py for tasks to queue
[2024-04-22T16:30:41.029+0000] {logging_mixin.py:188} INFO - [2024-04-22T16:30:41.028+0000] {dagbag.py:540} INFO - Filling up the DagBag from /home/airflow/.local/lib/python3.8/site-packages/airflow/example_dags/example_xcomargs.py
[2024-04-22T16:30:41.040+0000] {processor.py:840} INFO - DAG(s) 'example_xcom_args_with_operators', 'example_xcom_args' retrieved from /home/airflow/.local/lib/python3.8/site-packages/airflow/example_dags/example_xcomargs.py
[2024-04-22T16:30:41.067+0000] {logging_mixin.py:188} INFO - [2024-04-22T16:30:41.067+0000] {dag.py:3047} INFO - Sync 2 DAGs
[2024-04-22T16:30:41.082+0000] {logging_mixin.py:188} INFO - [2024-04-22T16:30:41.082+0000] {dag.py:3834} INFO - Setting next_dagrun for example_xcom_args to None, run_after=None
[2024-04-22T16:30:41.086+0000] {logging_mixin.py:188} INFO - [2024-04-22T16:30:41.086+0000] {dag.py:3834} INFO - Setting next_dagrun for example_xcom_args_with_operators to None, run_after=None
[2024-04-22T16:30:41.110+0000] {processor.py:183} INFO - Processing /home/airflow/.local/lib/python3.8/site-packages/airflow/example_dags/example_xcomargs.py took 0.087 seconds
[2024-04-22T16:31:11.258+0000] {processor.py:161} INFO - Started process (PID=4919) to work on /home/airflow/.local/lib/python3.8/site-packages/airflow/example_dags/example_xcomargs.py
[2024-04-22T16:31:11.259+0000] {processor.py:830} INFO - Processing file /home/airflow/.local/lib/python3.8/site-packages/airflow/example_dags/example_xcomargs.py for tasks to queue
[2024-04-22T16:31:11.260+0000] {logging_mixin.py:188} INFO - [2024-04-22T16:31:11.260+0000] {dagbag.py:540} INFO - Filling up the DagBag from /home/airflow/.local/lib/python3.8/site-packages/airflow/example_dags/example_xcomargs.py
[2024-04-22T16:31:11.269+0000] {processor.py:840} INFO - DAG(s) 'example_xcom_args_with_operators', 'example_xcom_args' retrieved from /home/airflow/.local/lib/python3.8/site-packages/airflow/example_dags/example_xcomargs.py
[2024-04-22T16:31:11.298+0000] {logging_mixin.py:188} INFO - [2024-04-22T16:31:11.297+0000] {dag.py:3047} INFO - Sync 2 DAGs
[2024-04-22T16:31:11.313+0000] {logging_mixin.py:188} INFO - [2024-04-22T16:31:11.312+0000] {dag.py:3834} INFO - Setting next_dagrun for example_xcom_args to None, run_after=None
[2024-04-22T16:31:11.317+0000] {logging_mixin.py:188} INFO - [2024-04-22T16:31:11.316+0000] {dag.py:3834} INFO - Setting next_dagrun for example_xcom_args_with_operators to None, run_after=None
[2024-04-22T16:31:11.340+0000] {processor.py:183} INFO - Processing /home/airflow/.local/lib/python3.8/site-packages/airflow/example_dags/example_xcomargs.py took 0.085 seconds
[2024-04-22T16:31:41.921+0000] {processor.py:161} INFO - Started process (PID=5174) to work on /home/airflow/.local/lib/python3.8/site-packages/airflow/example_dags/example_xcomargs.py
[2024-04-22T16:31:41.922+0000] {processor.py:830} INFO - Processing file /home/airflow/.local/lib/python3.8/site-packages/airflow/example_dags/example_xcomargs.py for tasks to queue
[2024-04-22T16:31:41.922+0000] {logging_mixin.py:188} INFO - [2024-04-22T16:31:41.922+0000] {dagbag.py:540} INFO - Filling up the DagBag from /home/airflow/.local/lib/python3.8/site-packages/airflow/example_dags/example_xcomargs.py
[2024-04-22T16:31:41.930+0000] {processor.py:840} INFO - DAG(s) 'example_xcom_args', 'example_xcom_args_with_operators' retrieved from /home/airflow/.local/lib/python3.8/site-packages/airflow/example_dags/example_xcomargs.py
[2024-04-22T16:31:41.955+0000] {logging_mixin.py:188} INFO - [2024-04-22T16:31:41.954+0000] {dag.py:3047} INFO - Sync 2 DAGs
[2024-04-22T16:31:41.969+0000] {logging_mixin.py:188} INFO - [2024-04-22T16:31:41.969+0000] {dag.py:3834} INFO - Setting next_dagrun for example_xcom_args to None, run_after=None
[2024-04-22T16:31:41.973+0000] {logging_mixin.py:188} INFO - [2024-04-22T16:31:41.973+0000] {dag.py:3834} INFO - Setting next_dagrun for example_xcom_args_with_operators to None, run_after=None
[2024-04-22T16:31:41.995+0000] {processor.py:183} INFO - Processing /home/airflow/.local/lib/python3.8/site-packages/airflow/example_dags/example_xcomargs.py took 0.078 seconds
[2024-04-22T16:32:12.310+0000] {processor.py:161} INFO - Started process (PID=5431) to work on /home/airflow/.local/lib/python3.8/site-packages/airflow/example_dags/example_xcomargs.py
[2024-04-22T16:32:12.311+0000] {processor.py:830} INFO - Processing file /home/airflow/.local/lib/python3.8/site-packages/airflow/example_dags/example_xcomargs.py for tasks to queue
[2024-04-22T16:32:12.312+0000] {logging_mixin.py:188} INFO - [2024-04-22T16:32:12.311+0000] {dagbag.py:540} INFO - Filling up the DagBag from /home/airflow/.local/lib/python3.8/site-packages/airflow/example_dags/example_xcomargs.py
[2024-04-22T16:32:12.319+0000] {processor.py:840} INFO - DAG(s) 'example_xcom_args_with_operators', 'example_xcom_args' retrieved from /home/airflow/.local/lib/python3.8/site-packages/airflow/example_dags/example_xcomargs.py
[2024-04-22T16:32:12.349+0000] {logging_mixin.py:188} INFO - [2024-04-22T16:32:12.348+0000] {dag.py:3047} INFO - Sync 2 DAGs
[2024-04-22T16:32:12.363+0000] {logging_mixin.py:188} INFO - [2024-04-22T16:32:12.363+0000] {dag.py:3834} INFO - Setting next_dagrun for example_xcom_args to None, run_after=None
[2024-04-22T16:32:12.367+0000] {logging_mixin.py:188} INFO - [2024-04-22T16:32:12.367+0000] {dag.py:3834} INFO - Setting next_dagrun for example_xcom_args_with_operators to None, run_after=None
[2024-04-22T16:32:12.390+0000] {processor.py:183} INFO - Processing /home/airflow/.local/lib/python3.8/site-packages/airflow/example_dags/example_xcomargs.py took 0.084 seconds
[2024-04-22T16:32:42.590+0000] {processor.py:161} INFO - Started process (PID=5690) to work on /home/airflow/.local/lib/python3.8/site-packages/airflow/example_dags/example_xcomargs.py
[2024-04-22T16:32:42.591+0000] {processor.py:830} INFO - Processing file /home/airflow/.local/lib/python3.8/site-packages/airflow/example_dags/example_xcomargs.py for tasks to queue
[2024-04-22T16:32:42.592+0000] {logging_mixin.py:188} INFO - [2024-04-22T16:32:42.592+0000] {dagbag.py:540} INFO - Filling up the DagBag from /home/airflow/.local/lib/python3.8/site-packages/airflow/example_dags/example_xcomargs.py
[2024-04-22T16:32:42.601+0000] {processor.py:840} INFO - DAG(s) 'example_xcom_args_with_operators', 'example_xcom_args' retrieved from /home/airflow/.local/lib/python3.8/site-packages/airflow/example_dags/example_xcomargs.py
[2024-04-22T16:32:42.629+0000] {logging_mixin.py:188} INFO - [2024-04-22T16:32:42.629+0000] {dag.py:3047} INFO - Sync 2 DAGs
[2024-04-22T16:32:42.640+0000] {logging_mixin.py:188} INFO - [2024-04-22T16:32:42.640+0000] {dag.py:3834} INFO - Setting next_dagrun for example_xcom_args to None, run_after=None
[2024-04-22T16:32:42.644+0000] {logging_mixin.py:188} INFO - [2024-04-22T16:32:42.643+0000] {dag.py:3834} INFO - Setting next_dagrun for example_xcom_args_with_operators to None, run_after=None
[2024-04-22T16:32:42.664+0000] {processor.py:183} INFO - Processing /home/airflow/.local/lib/python3.8/site-packages/airflow/example_dags/example_xcomargs.py took 0.078 seconds
[2024-04-22T16:33:12.994+0000] {processor.py:161} INFO - Started process (PID=5949) to work on /home/airflow/.local/lib/python3.8/site-packages/airflow/example_dags/example_xcomargs.py
[2024-04-22T16:33:12.995+0000] {processor.py:830} INFO - Processing file /home/airflow/.local/lib/python3.8/site-packages/airflow/example_dags/example_xcomargs.py for tasks to queue
[2024-04-22T16:33:12.996+0000] {logging_mixin.py:188} INFO - [2024-04-22T16:33:12.996+0000] {dagbag.py:540} INFO - Filling up the DagBag from /home/airflow/.local/lib/python3.8/site-packages/airflow/example_dags/example_xcomargs.py
[2024-04-22T16:33:13.005+0000] {processor.py:840} INFO - DAG(s) 'example_xcom_args_with_operators', 'example_xcom_args' retrieved from /home/airflow/.local/lib/python3.8/site-packages/airflow/example_dags/example_xcomargs.py
[2024-04-22T16:33:13.029+0000] {logging_mixin.py:188} INFO - [2024-04-22T16:33:13.029+0000] {dag.py:3047} INFO - Sync 2 DAGs
[2024-04-22T16:33:13.040+0000] {logging_mixin.py:188} INFO - [2024-04-22T16:33:13.040+0000] {dag.py:3834} INFO - Setting next_dagrun for example_xcom_args to None, run_after=None
[2024-04-22T16:33:13.045+0000] {logging_mixin.py:188} INFO - [2024-04-22T16:33:13.044+0000] {dag.py:3834} INFO - Setting next_dagrun for example_xcom_args_with_operators to None, run_after=None
[2024-04-22T16:33:13.063+0000] {processor.py:183} INFO - Processing /home/airflow/.local/lib/python3.8/site-packages/airflow/example_dags/example_xcomargs.py took 0.072 seconds
[2024-04-22T16:33:43.390+0000] {processor.py:161} INFO - Started process (PID=6204) to work on /home/airflow/.local/lib/python3.8/site-packages/airflow/example_dags/example_xcomargs.py
[2024-04-22T16:33:43.391+0000] {processor.py:830} INFO - Processing file /home/airflow/.local/lib/python3.8/site-packages/airflow/example_dags/example_xcomargs.py for tasks to queue
[2024-04-22T16:33:43.392+0000] {logging_mixin.py:188} INFO - [2024-04-22T16:33:43.391+0000] {dagbag.py:540} INFO - Filling up the DagBag from /home/airflow/.local/lib/python3.8/site-packages/airflow/example_dags/example_xcomargs.py
[2024-04-22T16:33:43.401+0000] {processor.py:840} INFO - DAG(s) 'example_xcom_args', 'example_xcom_args_with_operators' retrieved from /home/airflow/.local/lib/python3.8/site-packages/airflow/example_dags/example_xcomargs.py
[2024-04-22T16:33:43.426+0000] {logging_mixin.py:188} INFO - [2024-04-22T16:33:43.426+0000] {dag.py:3047} INFO - Sync 2 DAGs
[2024-04-22T16:33:43.441+0000] {logging_mixin.py:188} INFO - [2024-04-22T16:33:43.441+0000] {dag.py:3834} INFO - Setting next_dagrun for example_xcom_args to None, run_after=None
[2024-04-22T16:33:43.445+0000] {logging_mixin.py:188} INFO - [2024-04-22T16:33:43.444+0000] {dag.py:3834} INFO - Setting next_dagrun for example_xcom_args_with_operators to None, run_after=None
[2024-04-22T16:33:43.466+0000] {processor.py:183} INFO - Processing /home/airflow/.local/lib/python3.8/site-packages/airflow/example_dags/example_xcomargs.py took 0.080 seconds
[2024-04-22T16:34:13.762+0000] {processor.py:161} INFO - Started process (PID=6463) to work on /home/airflow/.local/lib/python3.8/site-packages/airflow/example_dags/example_xcomargs.py
[2024-04-22T16:34:13.763+0000] {processor.py:830} INFO - Processing file /home/airflow/.local/lib/python3.8/site-packages/airflow/example_dags/example_xcomargs.py for tasks to queue
[2024-04-22T16:34:13.763+0000] {logging_mixin.py:188} INFO - [2024-04-22T16:34:13.763+0000] {dagbag.py:540} INFO - Filling up the DagBag from /home/airflow/.local/lib/python3.8/site-packages/airflow/example_dags/example_xcomargs.py
[2024-04-22T16:34:13.777+0000] {processor.py:840} INFO - DAG(s) 'example_xcom_args_with_operators', 'example_xcom_args' retrieved from /home/airflow/.local/lib/python3.8/site-packages/airflow/example_dags/example_xcomargs.py
[2024-04-22T16:34:13.830+0000] {logging_mixin.py:188} INFO - [2024-04-22T16:34:13.830+0000] {dag.py:3047} INFO - Sync 2 DAGs
[2024-04-22T16:34:13.847+0000] {logging_mixin.py:188} INFO - [2024-04-22T16:34:13.846+0000] {dag.py:3834} INFO - Setting next_dagrun for example_xcom_args to None, run_after=None
[2024-04-22T16:34:13.851+0000] {logging_mixin.py:188} INFO - [2024-04-22T16:34:13.851+0000] {dag.py:3834} INFO - Setting next_dagrun for example_xcom_args_with_operators to None, run_after=None
[2024-04-22T16:34:13.877+0000] {processor.py:183} INFO - Processing /home/airflow/.local/lib/python3.8/site-packages/airflow/example_dags/example_xcomargs.py took 0.119 seconds
[2024-04-22T16:34:44.002+0000] {processor.py:161} INFO - Started process (PID=6720) to work on /home/airflow/.local/lib/python3.8/site-packages/airflow/example_dags/example_xcomargs.py
[2024-04-22T16:34:44.003+0000] {processor.py:830} INFO - Processing file /home/airflow/.local/lib/python3.8/site-packages/airflow/example_dags/example_xcomargs.py for tasks to queue
[2024-04-22T16:34:44.004+0000] {logging_mixin.py:188} INFO - [2024-04-22T16:34:44.004+0000] {dagbag.py:540} INFO - Filling up the DagBag from /home/airflow/.local/lib/python3.8/site-packages/airflow/example_dags/example_xcomargs.py
[2024-04-22T16:34:44.047+0000] {processor.py:840} INFO - DAG(s) 'example_xcom_args', 'example_xcom_args_with_operators' retrieved from /home/airflow/.local/lib/python3.8/site-packages/airflow/example_dags/example_xcomargs.py
[2024-04-22T16:34:44.086+0000] {logging_mixin.py:188} INFO - [2024-04-22T16:34:44.085+0000] {dag.py:3047} INFO - Sync 2 DAGs
[2024-04-22T16:34:44.107+0000] {logging_mixin.py:188} INFO - [2024-04-22T16:34:44.107+0000] {dag.py:3834} INFO - Setting next_dagrun for example_xcom_args to None, run_after=None
[2024-04-22T16:34:44.111+0000] {logging_mixin.py:188} INFO - [2024-04-22T16:34:44.111+0000] {dag.py:3834} INFO - Setting next_dagrun for example_xcom_args_with_operators to None, run_after=None
[2024-04-22T16:34:44.135+0000] {processor.py:183} INFO - Processing /home/airflow/.local/lib/python3.8/site-packages/airflow/example_dags/example_xcomargs.py took 0.136 seconds
[2024-04-22T16:35:14.729+0000] {processor.py:161} INFO - Started process (PID=6977) to work on /home/airflow/.local/lib/python3.8/site-packages/airflow/example_dags/example_xcomargs.py
[2024-04-22T16:35:14.730+0000] {processor.py:830} INFO - Processing file /home/airflow/.local/lib/python3.8/site-packages/airflow/example_dags/example_xcomargs.py for tasks to queue
[2024-04-22T16:35:14.730+0000] {logging_mixin.py:188} INFO - [2024-04-22T16:35:14.730+0000] {dagbag.py:540} INFO - Filling up the DagBag from /home/airflow/.local/lib/python3.8/site-packages/airflow/example_dags/example_xcomargs.py
[2024-04-22T16:35:14.738+0000] {processor.py:840} INFO - DAG(s) 'example_xcom_args', 'example_xcom_args_with_operators' retrieved from /home/airflow/.local/lib/python3.8/site-packages/airflow/example_dags/example_xcomargs.py
[2024-04-22T16:35:14.764+0000] {logging_mixin.py:188} INFO - [2024-04-22T16:35:14.764+0000] {dag.py:3047} INFO - Sync 2 DAGs
[2024-04-22T16:35:14.779+0000] {logging_mixin.py:188} INFO - [2024-04-22T16:35:14.778+0000] {dag.py:3834} INFO - Setting next_dagrun for example_xcom_args to None, run_after=None
[2024-04-22T16:35:14.782+0000] {logging_mixin.py:188} INFO - [2024-04-22T16:35:14.782+0000] {dag.py:3834} INFO - Setting next_dagrun for example_xcom_args_with_operators to None, run_after=None
[2024-04-22T16:35:14.805+0000] {processor.py:183} INFO - Processing /home/airflow/.local/lib/python3.8/site-packages/airflow/example_dags/example_xcomargs.py took 0.079 seconds
[2024-04-22T16:35:45.003+0000] {processor.py:161} INFO - Started process (PID=7235) to work on /home/airflow/.local/lib/python3.8/site-packages/airflow/example_dags/example_xcomargs.py
[2024-04-22T16:35:45.004+0000] {processor.py:830} INFO - Processing file /home/airflow/.local/lib/python3.8/site-packages/airflow/example_dags/example_xcomargs.py for tasks to queue
[2024-04-22T16:35:45.005+0000] {logging_mixin.py:188} INFO - [2024-04-22T16:35:45.004+0000] {dagbag.py:540} INFO - Filling up the DagBag from /home/airflow/.local/lib/python3.8/site-packages/airflow/example_dags/example_xcomargs.py
[2024-04-22T16:35:45.014+0000] {processor.py:840} INFO - DAG(s) 'example_xcom_args_with_operators', 'example_xcom_args' retrieved from /home/airflow/.local/lib/python3.8/site-packages/airflow/example_dags/example_xcomargs.py
[2024-04-22T16:35:45.040+0000] {logging_mixin.py:188} INFO - [2024-04-22T16:35:45.040+0000] {dag.py:3047} INFO - Sync 2 DAGs
[2024-04-22T16:35:45.056+0000] {logging_mixin.py:188} INFO - [2024-04-22T16:35:45.056+0000] {dag.py:3834} INFO - Setting next_dagrun for example_xcom_args to None, run_after=None
[2024-04-22T16:35:45.060+0000] {logging_mixin.py:188} INFO - [2024-04-22T16:35:45.060+0000] {dag.py:3834} INFO - Setting next_dagrun for example_xcom_args_with_operators to None, run_after=None
[2024-04-22T16:35:45.083+0000] {processor.py:183} INFO - Processing /home/airflow/.local/lib/python3.8/site-packages/airflow/example_dags/example_xcomargs.py took 0.084 seconds
[2024-04-22T16:36:15.370+0000] {processor.py:161} INFO - Started process (PID=7494) to work on /home/airflow/.local/lib/python3.8/site-packages/airflow/example_dags/example_xcomargs.py
[2024-04-22T16:36:15.370+0000] {processor.py:830} INFO - Processing file /home/airflow/.local/lib/python3.8/site-packages/airflow/example_dags/example_xcomargs.py for tasks to queue
[2024-04-22T16:36:15.371+0000] {logging_mixin.py:188} INFO - [2024-04-22T16:36:15.371+0000] {dagbag.py:540} INFO - Filling up the DagBag from /home/airflow/.local/lib/python3.8/site-packages/airflow/example_dags/example_xcomargs.py
[2024-04-22T16:36:15.379+0000] {processor.py:840} INFO - DAG(s) 'example_xcom_args_with_operators', 'example_xcom_args' retrieved from /home/airflow/.local/lib/python3.8/site-packages/airflow/example_dags/example_xcomargs.py
[2024-04-22T16:36:15.404+0000] {logging_mixin.py:188} INFO - [2024-04-22T16:36:15.404+0000] {dag.py:3047} INFO - Sync 2 DAGs
[2024-04-22T16:36:15.421+0000] {logging_mixin.py:188} INFO - [2024-04-22T16:36:15.421+0000] {dag.py:3834} INFO - Setting next_dagrun for example_xcom_args to None, run_after=None
[2024-04-22T16:36:15.425+0000] {logging_mixin.py:188} INFO - [2024-04-22T16:36:15.425+0000] {dag.py:3834} INFO - Setting next_dagrun for example_xcom_args_with_operators to None, run_after=None
[2024-04-22T16:36:15.452+0000] {processor.py:183} INFO - Processing /home/airflow/.local/lib/python3.8/site-packages/airflow/example_dags/example_xcomargs.py took 0.088 seconds
[2024-04-22T16:36:45.580+0000] {processor.py:161} INFO - Started process (PID=7752) to work on /home/airflow/.local/lib/python3.8/site-packages/airflow/example_dags/example_xcomargs.py
[2024-04-22T16:36:45.582+0000] {processor.py:830} INFO - Processing file /home/airflow/.local/lib/python3.8/site-packages/airflow/example_dags/example_xcomargs.py for tasks to queue
[2024-04-22T16:36:45.583+0000] {logging_mixin.py:188} INFO - [2024-04-22T16:36:45.582+0000] {dagbag.py:540} INFO - Filling up the DagBag from /home/airflow/.local/lib/python3.8/site-packages/airflow/example_dags/example_xcomargs.py
[2024-04-22T16:36:45.593+0000] {processor.py:840} INFO - DAG(s) 'example_xcom_args_with_operators', 'example_xcom_args' retrieved from /home/airflow/.local/lib/python3.8/site-packages/airflow/example_dags/example_xcomargs.py
[2024-04-22T16:36:45.627+0000] {logging_mixin.py:188} INFO - [2024-04-22T16:36:45.627+0000] {dag.py:3047} INFO - Sync 2 DAGs
[2024-04-22T16:36:45.650+0000] {logging_mixin.py:188} INFO - [2024-04-22T16:36:45.649+0000] {dag.py:3834} INFO - Setting next_dagrun for example_xcom_args to None, run_after=None
[2024-04-22T16:36:45.653+0000] {logging_mixin.py:188} INFO - [2024-04-22T16:36:45.653+0000] {dag.py:3834} INFO - Setting next_dagrun for example_xcom_args_with_operators to None, run_after=None
[2024-04-22T16:36:45.697+0000] {processor.py:183} INFO - Processing /home/airflow/.local/lib/python3.8/site-packages/airflow/example_dags/example_xcomargs.py took 0.119 seconds
[2024-04-22T16:37:16.146+0000] {processor.py:161} INFO - Started process (PID=8012) to work on /home/airflow/.local/lib/python3.8/site-packages/airflow/example_dags/example_xcomargs.py
[2024-04-22T16:37:16.147+0000] {processor.py:830} INFO - Processing file /home/airflow/.local/lib/python3.8/site-packages/airflow/example_dags/example_xcomargs.py for tasks to queue
[2024-04-22T16:37:16.148+0000] {logging_mixin.py:188} INFO - [2024-04-22T16:37:16.148+0000] {dagbag.py:540} INFO - Filling up the DagBag from /home/airflow/.local/lib/python3.8/site-packages/airflow/example_dags/example_xcomargs.py
[2024-04-22T16:37:16.158+0000] {processor.py:840} INFO - DAG(s) 'example_xcom_args_with_operators', 'example_xcom_args' retrieved from /home/airflow/.local/lib/python3.8/site-packages/airflow/example_dags/example_xcomargs.py
[2024-04-22T16:37:16.185+0000] {logging_mixin.py:188} INFO - [2024-04-22T16:37:16.185+0000] {dag.py:3047} INFO - Sync 2 DAGs
[2024-04-22T16:37:16.200+0000] {logging_mixin.py:188} INFO - [2024-04-22T16:37:16.200+0000] {dag.py:3834} INFO - Setting next_dagrun for example_xcom_args to None, run_after=None
[2024-04-22T16:37:16.204+0000] {logging_mixin.py:188} INFO - [2024-04-22T16:37:16.204+0000] {dag.py:3834} INFO - Setting next_dagrun for example_xcom_args_with_operators to None, run_after=None
[2024-04-22T16:37:16.227+0000] {processor.py:183} INFO - Processing /home/airflow/.local/lib/python3.8/site-packages/airflow/example_dags/example_xcomargs.py took 0.084 seconds
[2024-04-22T16:37:46.691+0000] {processor.py:161} INFO - Started process (PID=8269) to work on /home/airflow/.local/lib/python3.8/site-packages/airflow/example_dags/example_xcomargs.py
[2024-04-22T16:37:46.692+0000] {processor.py:830} INFO - Processing file /home/airflow/.local/lib/python3.8/site-packages/airflow/example_dags/example_xcomargs.py for tasks to queue
[2024-04-22T16:37:46.693+0000] {logging_mixin.py:188} INFO - [2024-04-22T16:37:46.692+0000] {dagbag.py:540} INFO - Filling up the DagBag from /home/airflow/.local/lib/python3.8/site-packages/airflow/example_dags/example_xcomargs.py
[2024-04-22T16:37:46.702+0000] {processor.py:840} INFO - DAG(s) 'example_xcom_args', 'example_xcom_args_with_operators' retrieved from /home/airflow/.local/lib/python3.8/site-packages/airflow/example_dags/example_xcomargs.py
[2024-04-22T16:37:46.753+0000] {logging_mixin.py:188} INFO - [2024-04-22T16:37:46.753+0000] {dag.py:3047} INFO - Sync 2 DAGs
[2024-04-22T16:37:46.776+0000] {logging_mixin.py:188} INFO - [2024-04-22T16:37:46.776+0000] {dag.py:3834} INFO - Setting next_dagrun for example_xcom_args to None, run_after=None
[2024-04-22T16:37:46.785+0000] {logging_mixin.py:188} INFO - [2024-04-22T16:37:46.784+0000] {dag.py:3834} INFO - Setting next_dagrun for example_xcom_args_with_operators to None, run_after=None
[2024-04-22T16:37:46.815+0000] {processor.py:183} INFO - Processing /home/airflow/.local/lib/python3.8/site-packages/airflow/example_dags/example_xcomargs.py took 0.127 seconds
[2024-04-22T16:38:17.433+0000] {processor.py:161} INFO - Started process (PID=8524) to work on /home/airflow/.local/lib/python3.8/site-packages/airflow/example_dags/example_xcomargs.py
[2024-04-22T16:38:17.434+0000] {processor.py:830} INFO - Processing file /home/airflow/.local/lib/python3.8/site-packages/airflow/example_dags/example_xcomargs.py for tasks to queue
[2024-04-22T16:38:17.435+0000] {logging_mixin.py:188} INFO - [2024-04-22T16:38:17.434+0000] {dagbag.py:540} INFO - Filling up the DagBag from /home/airflow/.local/lib/python3.8/site-packages/airflow/example_dags/example_xcomargs.py
[2024-04-22T16:38:17.444+0000] {processor.py:840} INFO - DAG(s) 'example_xcom_args', 'example_xcom_args_with_operators' retrieved from /home/airflow/.local/lib/python3.8/site-packages/airflow/example_dags/example_xcomargs.py
[2024-04-22T16:38:17.472+0000] {logging_mixin.py:188} INFO - [2024-04-22T16:38:17.471+0000] {dag.py:3047} INFO - Sync 2 DAGs
[2024-04-22T16:38:17.493+0000] {logging_mixin.py:188} INFO - [2024-04-22T16:38:17.492+0000] {dag.py:3834} INFO - Setting next_dagrun for example_xcom_args to None, run_after=None
[2024-04-22T16:38:17.497+0000] {logging_mixin.py:188} INFO - [2024-04-22T16:38:17.496+0000] {dag.py:3834} INFO - Setting next_dagrun for example_xcom_args_with_operators to None, run_after=None
[2024-04-22T16:38:17.519+0000] {processor.py:183} INFO - Processing /home/airflow/.local/lib/python3.8/site-packages/airflow/example_dags/example_xcomargs.py took 0.090 seconds
[2024-04-22T16:38:48.232+0000] {processor.py:161} INFO - Started process (PID=8782) to work on /home/airflow/.local/lib/python3.8/site-packages/airflow/example_dags/example_xcomargs.py
[2024-04-22T16:38:48.233+0000] {processor.py:830} INFO - Processing file /home/airflow/.local/lib/python3.8/site-packages/airflow/example_dags/example_xcomargs.py for tasks to queue
[2024-04-22T16:38:48.234+0000] {logging_mixin.py:188} INFO - [2024-04-22T16:38:48.234+0000] {dagbag.py:540} INFO - Filling up the DagBag from /home/airflow/.local/lib/python3.8/site-packages/airflow/example_dags/example_xcomargs.py
[2024-04-22T16:38:48.244+0000] {processor.py:840} INFO - DAG(s) 'example_xcom_args_with_operators', 'example_xcom_args' retrieved from /home/airflow/.local/lib/python3.8/site-packages/airflow/example_dags/example_xcomargs.py
[2024-04-22T16:38:48.271+0000] {logging_mixin.py:188} INFO - [2024-04-22T16:38:48.271+0000] {dag.py:3047} INFO - Sync 2 DAGs
[2024-04-22T16:38:48.287+0000] {logging_mixin.py:188} INFO - [2024-04-22T16:38:48.286+0000] {dag.py:3834} INFO - Setting next_dagrun for example_xcom_args to None, run_after=None
[2024-04-22T16:38:48.290+0000] {logging_mixin.py:188} INFO - [2024-04-22T16:38:48.290+0000] {dag.py:3834} INFO - Setting next_dagrun for example_xcom_args_with_operators to None, run_after=None
[2024-04-22T16:38:48.314+0000] {processor.py:183} INFO - Processing /home/airflow/.local/lib/python3.8/site-packages/airflow/example_dags/example_xcomargs.py took 0.086 seconds
[2024-04-22T16:39:18.390+0000] {processor.py:161} INFO - Started process (PID=9039) to work on /home/airflow/.local/lib/python3.8/site-packages/airflow/example_dags/example_xcomargs.py
[2024-04-22T16:39:18.391+0000] {processor.py:830} INFO - Processing file /home/airflow/.local/lib/python3.8/site-packages/airflow/example_dags/example_xcomargs.py for tasks to queue
[2024-04-22T16:39:18.391+0000] {logging_mixin.py:188} INFO - [2024-04-22T16:39:18.391+0000] {dagbag.py:540} INFO - Filling up the DagBag from /home/airflow/.local/lib/python3.8/site-packages/airflow/example_dags/example_xcomargs.py
[2024-04-22T16:39:18.400+0000] {processor.py:840} INFO - DAG(s) 'example_xcom_args_with_operators', 'example_xcom_args' retrieved from /home/airflow/.local/lib/python3.8/site-packages/airflow/example_dags/example_xcomargs.py
[2024-04-22T16:39:18.428+0000] {logging_mixin.py:188} INFO - [2024-04-22T16:39:18.428+0000] {dag.py:3047} INFO - Sync 2 DAGs
[2024-04-22T16:39:18.443+0000] {logging_mixin.py:188} INFO - [2024-04-22T16:39:18.442+0000] {dag.py:3834} INFO - Setting next_dagrun for example_xcom_args to None, run_after=None
[2024-04-22T16:39:18.447+0000] {logging_mixin.py:188} INFO - [2024-04-22T16:39:18.446+0000] {dag.py:3834} INFO - Setting next_dagrun for example_xcom_args_with_operators to None, run_after=None
[2024-04-22T16:39:18.476+0000] {processor.py:183} INFO - Processing /home/airflow/.local/lib/python3.8/site-packages/airflow/example_dags/example_xcomargs.py took 0.089 seconds
[2024-04-22T16:39:48.794+0000] {processor.py:161} INFO - Started process (PID=9297) to work on /home/airflow/.local/lib/python3.8/site-packages/airflow/example_dags/example_xcomargs.py
[2024-04-22T16:39:48.795+0000] {processor.py:830} INFO - Processing file /home/airflow/.local/lib/python3.8/site-packages/airflow/example_dags/example_xcomargs.py for tasks to queue
[2024-04-22T16:39:48.795+0000] {logging_mixin.py:188} INFO - [2024-04-22T16:39:48.795+0000] {dagbag.py:540} INFO - Filling up the DagBag from /home/airflow/.local/lib/python3.8/site-packages/airflow/example_dags/example_xcomargs.py
[2024-04-22T16:39:48.808+0000] {processor.py:840} INFO - DAG(s) 'example_xcom_args', 'example_xcom_args_with_operators' retrieved from /home/airflow/.local/lib/python3.8/site-packages/airflow/example_dags/example_xcomargs.py
[2024-04-22T16:39:48.860+0000] {logging_mixin.py:188} INFO - [2024-04-22T16:39:48.859+0000] {dag.py:3047} INFO - Sync 2 DAGs
[2024-04-22T16:39:48.876+0000] {logging_mixin.py:188} INFO - [2024-04-22T16:39:48.876+0000] {dag.py:3834} INFO - Setting next_dagrun for example_xcom_args to None, run_after=None
[2024-04-22T16:39:48.884+0000] {logging_mixin.py:188} INFO - [2024-04-22T16:39:48.880+0000] {dag.py:3834} INFO - Setting next_dagrun for example_xcom_args_with_operators to None, run_after=None
[2024-04-22T16:39:48.907+0000] {processor.py:183} INFO - Processing /home/airflow/.local/lib/python3.8/site-packages/airflow/example_dags/example_xcomargs.py took 0.116 seconds
[2024-04-22T16:40:19.857+0000] {processor.py:161} INFO - Started process (PID=9554) to work on /home/airflow/.local/lib/python3.8/site-packages/airflow/example_dags/example_xcomargs.py
[2024-04-22T16:40:19.858+0000] {processor.py:830} INFO - Processing file /home/airflow/.local/lib/python3.8/site-packages/airflow/example_dags/example_xcomargs.py for tasks to queue
[2024-04-22T16:40:19.859+0000] {logging_mixin.py:188} INFO - [2024-04-22T16:40:19.859+0000] {dagbag.py:540} INFO - Filling up the DagBag from /home/airflow/.local/lib/python3.8/site-packages/airflow/example_dags/example_xcomargs.py
[2024-04-22T16:40:19.869+0000] {processor.py:840} INFO - DAG(s) 'example_xcom_args_with_operators', 'example_xcom_args' retrieved from /home/airflow/.local/lib/python3.8/site-packages/airflow/example_dags/example_xcomargs.py
[2024-04-22T16:40:19.898+0000] {logging_mixin.py:188} INFO - [2024-04-22T16:40:19.896+0000] {dag.py:3047} INFO - Sync 2 DAGs
[2024-04-22T16:40:19.912+0000] {logging_mixin.py:188} INFO - [2024-04-22T16:40:19.912+0000] {dag.py:3834} INFO - Setting next_dagrun for example_xcom_args to None, run_after=None
[2024-04-22T16:40:19.916+0000] {logging_mixin.py:188} INFO - [2024-04-22T16:40:19.916+0000] {dag.py:3834} INFO - Setting next_dagrun for example_xcom_args_with_operators to None, run_after=None
[2024-04-22T16:40:19.943+0000] {processor.py:183} INFO - Processing /home/airflow/.local/lib/python3.8/site-packages/airflow/example_dags/example_xcomargs.py took 0.089 seconds
[2024-04-22T16:40:50.276+0000] {processor.py:161} INFO - Started process (PID=9811) to work on /home/airflow/.local/lib/python3.8/site-packages/airflow/example_dags/example_xcomargs.py
[2024-04-22T16:40:50.277+0000] {processor.py:830} INFO - Processing file /home/airflow/.local/lib/python3.8/site-packages/airflow/example_dags/example_xcomargs.py for tasks to queue
[2024-04-22T16:40:50.278+0000] {logging_mixin.py:188} INFO - [2024-04-22T16:40:50.277+0000] {dagbag.py:540} INFO - Filling up the DagBag from /home/airflow/.local/lib/python3.8/site-packages/airflow/example_dags/example_xcomargs.py
[2024-04-22T16:40:50.287+0000] {processor.py:840} INFO - DAG(s) 'example_xcom_args_with_operators', 'example_xcom_args' retrieved from /home/airflow/.local/lib/python3.8/site-packages/airflow/example_dags/example_xcomargs.py
[2024-04-22T16:40:50.313+0000] {logging_mixin.py:188} INFO - [2024-04-22T16:40:50.313+0000] {dag.py:3047} INFO - Sync 2 DAGs
[2024-04-22T16:40:50.329+0000] {logging_mixin.py:188} INFO - [2024-04-22T16:40:50.329+0000] {dag.py:3834} INFO - Setting next_dagrun for example_xcom_args to None, run_after=None
[2024-04-22T16:40:50.333+0000] {logging_mixin.py:188} INFO - [2024-04-22T16:40:50.333+0000] {dag.py:3834} INFO - Setting next_dagrun for example_xcom_args_with_operators to None, run_after=None
[2024-04-22T16:40:50.354+0000] {processor.py:183} INFO - Processing /home/airflow/.local/lib/python3.8/site-packages/airflow/example_dags/example_xcomargs.py took 0.082 seconds
[2024-04-22T16:41:20.701+0000] {processor.py:161} INFO - Started process (PID=10069) to work on /home/airflow/.local/lib/python3.8/site-packages/airflow/example_dags/example_xcomargs.py
[2024-04-22T16:41:20.702+0000] {processor.py:830} INFO - Processing file /home/airflow/.local/lib/python3.8/site-packages/airflow/example_dags/example_xcomargs.py for tasks to queue
[2024-04-22T16:41:20.702+0000] {logging_mixin.py:188} INFO - [2024-04-22T16:41:20.702+0000] {dagbag.py:540} INFO - Filling up the DagBag from /home/airflow/.local/lib/python3.8/site-packages/airflow/example_dags/example_xcomargs.py
[2024-04-22T16:41:20.710+0000] {processor.py:840} INFO - DAG(s) 'example_xcom_args', 'example_xcom_args_with_operators' retrieved from /home/airflow/.local/lib/python3.8/site-packages/airflow/example_dags/example_xcomargs.py
[2024-04-22T16:41:20.735+0000] {logging_mixin.py:188} INFO - [2024-04-22T16:41:20.735+0000] {dag.py:3047} INFO - Sync 2 DAGs
[2024-04-22T16:41:20.752+0000] {logging_mixin.py:188} INFO - [2024-04-22T16:41:20.751+0000] {dag.py:3834} INFO - Setting next_dagrun for example_xcom_args to None, run_after=None
[2024-04-22T16:41:20.756+0000] {logging_mixin.py:188} INFO - [2024-04-22T16:41:20.756+0000] {dag.py:3834} INFO - Setting next_dagrun for example_xcom_args_with_operators to None, run_after=None
[2024-04-22T16:41:20.781+0000] {processor.py:183} INFO - Processing /home/airflow/.local/lib/python3.8/site-packages/airflow/example_dags/example_xcomargs.py took 0.084 seconds
[2024-04-22T16:41:50.900+0000] {processor.py:161} INFO - Started process (PID=10326) to work on /home/airflow/.local/lib/python3.8/site-packages/airflow/example_dags/example_xcomargs.py
[2024-04-22T16:41:50.902+0000] {processor.py:830} INFO - Processing file /home/airflow/.local/lib/python3.8/site-packages/airflow/example_dags/example_xcomargs.py for tasks to queue
[2024-04-22T16:41:50.903+0000] {logging_mixin.py:188} INFO - [2024-04-22T16:41:50.902+0000] {dagbag.py:540} INFO - Filling up the DagBag from /home/airflow/.local/lib/python3.8/site-packages/airflow/example_dags/example_xcomargs.py
[2024-04-22T16:41:50.912+0000] {processor.py:840} INFO - DAG(s) 'example_xcom_args', 'example_xcom_args_with_operators' retrieved from /home/airflow/.local/lib/python3.8/site-packages/airflow/example_dags/example_xcomargs.py
[2024-04-22T16:41:50.939+0000] {logging_mixin.py:188} INFO - [2024-04-22T16:41:50.939+0000] {dag.py:3047} INFO - Sync 2 DAGs
[2024-04-22T16:41:50.956+0000] {logging_mixin.py:188} INFO - [2024-04-22T16:41:50.955+0000] {dag.py:3834} INFO - Setting next_dagrun for example_xcom_args to None, run_after=None
[2024-04-22T16:41:50.960+0000] {logging_mixin.py:188} INFO - [2024-04-22T16:41:50.960+0000] {dag.py:3834} INFO - Setting next_dagrun for example_xcom_args_with_operators to None, run_after=None
[2024-04-22T16:41:50.984+0000] {processor.py:183} INFO - Processing /home/airflow/.local/lib/python3.8/site-packages/airflow/example_dags/example_xcomargs.py took 0.087 seconds
[2024-04-22T16:42:21.954+0000] {processor.py:161} INFO - Started process (PID=10583) to work on /home/airflow/.local/lib/python3.8/site-packages/airflow/example_dags/example_xcomargs.py
[2024-04-22T16:42:21.955+0000] {processor.py:830} INFO - Processing file /home/airflow/.local/lib/python3.8/site-packages/airflow/example_dags/example_xcomargs.py for tasks to queue
[2024-04-22T16:42:21.956+0000] {logging_mixin.py:188} INFO - [2024-04-22T16:42:21.956+0000] {dagbag.py:540} INFO - Filling up the DagBag from /home/airflow/.local/lib/python3.8/site-packages/airflow/example_dags/example_xcomargs.py
[2024-04-22T16:42:21.965+0000] {processor.py:840} INFO - DAG(s) 'example_xcom_args', 'example_xcom_args_with_operators' retrieved from /home/airflow/.local/lib/python3.8/site-packages/airflow/example_dags/example_xcomargs.py
[2024-04-22T16:42:21.989+0000] {logging_mixin.py:188} INFO - [2024-04-22T16:42:21.989+0000] {dag.py:3047} INFO - Sync 2 DAGs
[2024-04-22T16:42:22.004+0000] {logging_mixin.py:188} INFO - [2024-04-22T16:42:22.004+0000] {dag.py:3834} INFO - Setting next_dagrun for example_xcom_args to None, run_after=None
[2024-04-22T16:42:22.008+0000] {logging_mixin.py:188} INFO - [2024-04-22T16:42:22.008+0000] {dag.py:3834} INFO - Setting next_dagrun for example_xcom_args_with_operators to None, run_after=None
[2024-04-22T16:42:22.036+0000] {processor.py:183} INFO - Processing /home/airflow/.local/lib/python3.8/site-packages/airflow/example_dags/example_xcomargs.py took 0.085 seconds
[2024-04-22T16:42:52.473+0000] {processor.py:161} INFO - Started process (PID=10840) to work on /home/airflow/.local/lib/python3.8/site-packages/airflow/example_dags/example_xcomargs.py
[2024-04-22T16:42:52.488+0000] {processor.py:830} INFO - Processing file /home/airflow/.local/lib/python3.8/site-packages/airflow/example_dags/example_xcomargs.py for tasks to queue
[2024-04-22T16:42:52.489+0000] {logging_mixin.py:188} INFO - [2024-04-22T16:42:52.489+0000] {dagbag.py:540} INFO - Filling up the DagBag from /home/airflow/.local/lib/python3.8/site-packages/airflow/example_dags/example_xcomargs.py
[2024-04-22T16:42:52.508+0000] {processor.py:840} INFO - DAG(s) 'example_xcom_args', 'example_xcom_args_with_operators' retrieved from /home/airflow/.local/lib/python3.8/site-packages/airflow/example_dags/example_xcomargs.py
[2024-04-22T16:42:52.567+0000] {logging_mixin.py:188} INFO - [2024-04-22T16:42:52.566+0000] {dag.py:3047} INFO - Sync 2 DAGs
[2024-04-22T16:42:52.580+0000] {logging_mixin.py:188} INFO - [2024-04-22T16:42:52.580+0000] {dag.py:3834} INFO - Setting next_dagrun for example_xcom_args to None, run_after=None
[2024-04-22T16:42:52.585+0000] {logging_mixin.py:188} INFO - [2024-04-22T16:42:52.584+0000] {dag.py:3834} INFO - Setting next_dagrun for example_xcom_args_with_operators to None, run_after=None
[2024-04-22T16:42:52.608+0000] {processor.py:183} INFO - Processing /home/airflow/.local/lib/python3.8/site-packages/airflow/example_dags/example_xcomargs.py took 0.139 seconds
[2024-04-22T16:43:22.852+0000] {processor.py:161} INFO - Started process (PID=11098) to work on /home/airflow/.local/lib/python3.8/site-packages/airflow/example_dags/example_xcomargs.py
[2024-04-22T16:43:22.853+0000] {processor.py:830} INFO - Processing file /home/airflow/.local/lib/python3.8/site-packages/airflow/example_dags/example_xcomargs.py for tasks to queue
[2024-04-22T16:43:22.854+0000] {logging_mixin.py:188} INFO - [2024-04-22T16:43:22.854+0000] {dagbag.py:540} INFO - Filling up the DagBag from /home/airflow/.local/lib/python3.8/site-packages/airflow/example_dags/example_xcomargs.py
[2024-04-22T16:43:22.863+0000] {processor.py:840} INFO - DAG(s) 'example_xcom_args_with_operators', 'example_xcom_args' retrieved from /home/airflow/.local/lib/python3.8/site-packages/airflow/example_dags/example_xcomargs.py
[2024-04-22T16:43:22.892+0000] {logging_mixin.py:188} INFO - [2024-04-22T16:43:22.892+0000] {dag.py:3047} INFO - Sync 2 DAGs
[2024-04-22T16:43:22.906+0000] {logging_mixin.py:188} INFO - [2024-04-22T16:43:22.906+0000] {dag.py:3834} INFO - Setting next_dagrun for example_xcom_args to None, run_after=None
[2024-04-22T16:43:22.909+0000] {logging_mixin.py:188} INFO - [2024-04-22T16:43:22.909+0000] {dag.py:3834} INFO - Setting next_dagrun for example_xcom_args_with_operators to None, run_after=None
[2024-04-22T16:43:22.931+0000] {processor.py:183} INFO - Processing /home/airflow/.local/lib/python3.8/site-packages/airflow/example_dags/example_xcomargs.py took 0.082 seconds
[2024-04-22T16:43:53.130+0000] {processor.py:161} INFO - Started process (PID=11355) to work on /home/airflow/.local/lib/python3.8/site-packages/airflow/example_dags/example_xcomargs.py
[2024-04-22T16:43:53.131+0000] {processor.py:830} INFO - Processing file /home/airflow/.local/lib/python3.8/site-packages/airflow/example_dags/example_xcomargs.py for tasks to queue
[2024-04-22T16:43:53.132+0000] {logging_mixin.py:188} INFO - [2024-04-22T16:43:53.132+0000] {dagbag.py:540} INFO - Filling up the DagBag from /home/airflow/.local/lib/python3.8/site-packages/airflow/example_dags/example_xcomargs.py
[2024-04-22T16:43:53.148+0000] {processor.py:840} INFO - DAG(s) 'example_xcom_args_with_operators', 'example_xcom_args' retrieved from /home/airflow/.local/lib/python3.8/site-packages/airflow/example_dags/example_xcomargs.py
[2024-04-22T16:43:53.210+0000] {logging_mixin.py:188} INFO - [2024-04-22T16:43:53.210+0000] {dag.py:3047} INFO - Sync 2 DAGs
[2024-04-22T16:43:53.232+0000] {logging_mixin.py:188} INFO - [2024-04-22T16:43:53.232+0000] {dag.py:3834} INFO - Setting next_dagrun for example_xcom_args to None, run_after=None
[2024-04-22T16:43:53.237+0000] {logging_mixin.py:188} INFO - [2024-04-22T16:43:53.236+0000] {dag.py:3834} INFO - Setting next_dagrun for example_xcom_args_with_operators to None, run_after=None
[2024-04-22T16:43:53.263+0000] {processor.py:183} INFO - Processing /home/airflow/.local/lib/python3.8/site-packages/airflow/example_dags/example_xcomargs.py took 0.136 seconds
[2024-04-22T16:44:23.549+0000] {processor.py:161} INFO - Started process (PID=11613) to work on /home/airflow/.local/lib/python3.8/site-packages/airflow/example_dags/example_xcomargs.py
[2024-04-22T16:44:23.550+0000] {processor.py:830} INFO - Processing file /home/airflow/.local/lib/python3.8/site-packages/airflow/example_dags/example_xcomargs.py for tasks to queue
[2024-04-22T16:44:23.551+0000] {logging_mixin.py:188} INFO - [2024-04-22T16:44:23.550+0000] {dagbag.py:540} INFO - Filling up the DagBag from /home/airflow/.local/lib/python3.8/site-packages/airflow/example_dags/example_xcomargs.py
[2024-04-22T16:44:23.560+0000] {processor.py:840} INFO - DAG(s) 'example_xcom_args', 'example_xcom_args_with_operators' retrieved from /home/airflow/.local/lib/python3.8/site-packages/airflow/example_dags/example_xcomargs.py
[2024-04-22T16:44:23.586+0000] {logging_mixin.py:188} INFO - [2024-04-22T16:44:23.586+0000] {dag.py:3047} INFO - Sync 2 DAGs
[2024-04-22T16:44:23.602+0000] {logging_mixin.py:188} INFO - [2024-04-22T16:44:23.601+0000] {dag.py:3834} INFO - Setting next_dagrun for example_xcom_args to None, run_after=None
[2024-04-22T16:44:23.606+0000] {logging_mixin.py:188} INFO - [2024-04-22T16:44:23.605+0000] {dag.py:3834} INFO - Setting next_dagrun for example_xcom_args_with_operators to None, run_after=None
[2024-04-22T16:44:23.644+0000] {processor.py:183} INFO - Processing /home/airflow/.local/lib/python3.8/site-packages/airflow/example_dags/example_xcomargs.py took 0.099 seconds
[2024-04-22T16:44:54.718+0000] {processor.py:161} INFO - Started process (PID=11872) to work on /home/airflow/.local/lib/python3.8/site-packages/airflow/example_dags/example_xcomargs.py
[2024-04-22T16:44:54.719+0000] {processor.py:830} INFO - Processing file /home/airflow/.local/lib/python3.8/site-packages/airflow/example_dags/example_xcomargs.py for tasks to queue
[2024-04-22T16:44:54.720+0000] {logging_mixin.py:188} INFO - [2024-04-22T16:44:54.719+0000] {dagbag.py:540} INFO - Filling up the DagBag from /home/airflow/.local/lib/python3.8/site-packages/airflow/example_dags/example_xcomargs.py
[2024-04-22T16:44:54.729+0000] {processor.py:840} INFO - DAG(s) 'example_xcom_args', 'example_xcom_args_with_operators' retrieved from /home/airflow/.local/lib/python3.8/site-packages/airflow/example_dags/example_xcomargs.py
[2024-04-22T16:44:54.764+0000] {logging_mixin.py:188} INFO - [2024-04-22T16:44:54.764+0000] {dag.py:3047} INFO - Sync 2 DAGs
[2024-04-22T16:44:54.779+0000] {logging_mixin.py:188} INFO - [2024-04-22T16:44:54.779+0000] {dag.py:3834} INFO - Setting next_dagrun for example_xcom_args to None, run_after=None
[2024-04-22T16:44:54.783+0000] {logging_mixin.py:188} INFO - [2024-04-22T16:44:54.783+0000] {dag.py:3834} INFO - Setting next_dagrun for example_xcom_args_with_operators to None, run_after=None
[2024-04-22T16:44:54.804+0000] {processor.py:183} INFO - Processing /home/airflow/.local/lib/python3.8/site-packages/airflow/example_dags/example_xcomargs.py took 0.090 seconds
[2024-04-22T16:45:24.990+0000] {processor.py:161} INFO - Started process (PID=12128) to work on /home/airflow/.local/lib/python3.8/site-packages/airflow/example_dags/example_xcomargs.py
[2024-04-22T16:45:24.991+0000] {processor.py:830} INFO - Processing file /home/airflow/.local/lib/python3.8/site-packages/airflow/example_dags/example_xcomargs.py for tasks to queue
[2024-04-22T16:45:24.992+0000] {logging_mixin.py:188} INFO - [2024-04-22T16:45:24.992+0000] {dagbag.py:540} INFO - Filling up the DagBag from /home/airflow/.local/lib/python3.8/site-packages/airflow/example_dags/example_xcomargs.py
[2024-04-22T16:45:25.002+0000] {processor.py:840} INFO - DAG(s) 'example_xcom_args', 'example_xcom_args_with_operators' retrieved from /home/airflow/.local/lib/python3.8/site-packages/airflow/example_dags/example_xcomargs.py
[2024-04-22T16:45:25.029+0000] {logging_mixin.py:188} INFO - [2024-04-22T16:45:25.029+0000] {dag.py:3047} INFO - Sync 2 DAGs
[2024-04-22T16:45:25.043+0000] {logging_mixin.py:188} INFO - [2024-04-22T16:45:25.043+0000] {dag.py:3834} INFO - Setting next_dagrun for example_xcom_args to None, run_after=None
[2024-04-22T16:45:25.047+0000] {logging_mixin.py:188} INFO - [2024-04-22T16:45:25.047+0000] {dag.py:3834} INFO - Setting next_dagrun for example_xcom_args_with_operators to None, run_after=None
[2024-04-22T16:45:25.070+0000] {processor.py:183} INFO - Processing /home/airflow/.local/lib/python3.8/site-packages/airflow/example_dags/example_xcomargs.py took 0.083 seconds
[2024-04-22T16:45:55.448+0000] {processor.py:161} INFO - Started process (PID=12384) to work on /home/airflow/.local/lib/python3.8/site-packages/airflow/example_dags/example_xcomargs.py
[2024-04-22T16:45:55.449+0000] {processor.py:830} INFO - Processing file /home/airflow/.local/lib/python3.8/site-packages/airflow/example_dags/example_xcomargs.py for tasks to queue
[2024-04-22T16:45:55.450+0000] {logging_mixin.py:188} INFO - [2024-04-22T16:45:55.450+0000] {dagbag.py:540} INFO - Filling up the DagBag from /home/airflow/.local/lib/python3.8/site-packages/airflow/example_dags/example_xcomargs.py
[2024-04-22T16:45:55.460+0000] {processor.py:840} INFO - DAG(s) 'example_xcom_args_with_operators', 'example_xcom_args' retrieved from /home/airflow/.local/lib/python3.8/site-packages/airflow/example_dags/example_xcomargs.py
[2024-04-22T16:45:55.486+0000] {logging_mixin.py:188} INFO - [2024-04-22T16:45:55.486+0000] {dag.py:3047} INFO - Sync 2 DAGs
[2024-04-22T16:45:55.501+0000] {logging_mixin.py:188} INFO - [2024-04-22T16:45:55.500+0000] {dag.py:3834} INFO - Setting next_dagrun for example_xcom_args to None, run_after=None
[2024-04-22T16:45:55.505+0000] {logging_mixin.py:188} INFO - [2024-04-22T16:45:55.504+0000] {dag.py:3834} INFO - Setting next_dagrun for example_xcom_args_with_operators to None, run_after=None
[2024-04-22T16:45:55.527+0000] {processor.py:183} INFO - Processing /home/airflow/.local/lib/python3.8/site-packages/airflow/example_dags/example_xcomargs.py took 0.083 seconds
[2024-04-22T16:46:25.884+0000] {processor.py:161} INFO - Started process (PID=12641) to work on /home/airflow/.local/lib/python3.8/site-packages/airflow/example_dags/example_xcomargs.py
[2024-04-22T16:46:25.885+0000] {processor.py:830} INFO - Processing file /home/airflow/.local/lib/python3.8/site-packages/airflow/example_dags/example_xcomargs.py for tasks to queue
[2024-04-22T16:46:25.886+0000] {logging_mixin.py:188} INFO - [2024-04-22T16:46:25.885+0000] {dagbag.py:540} INFO - Filling up the DagBag from /home/airflow/.local/lib/python3.8/site-packages/airflow/example_dags/example_xcomargs.py
[2024-04-22T16:46:25.896+0000] {processor.py:840} INFO - DAG(s) 'example_xcom_args_with_operators', 'example_xcom_args' retrieved from /home/airflow/.local/lib/python3.8/site-packages/airflow/example_dags/example_xcomargs.py
[2024-04-22T16:46:25.923+0000] {logging_mixin.py:188} INFO - [2024-04-22T16:46:25.923+0000] {dag.py:3047} INFO - Sync 2 DAGs
[2024-04-22T16:46:25.939+0000] {logging_mixin.py:188} INFO - [2024-04-22T16:46:25.938+0000] {dag.py:3834} INFO - Setting next_dagrun for example_xcom_args to None, run_after=None
[2024-04-22T16:46:25.942+0000] {logging_mixin.py:188} INFO - [2024-04-22T16:46:25.942+0000] {dag.py:3834} INFO - Setting next_dagrun for example_xcom_args_with_operators to None, run_after=None
[2024-04-22T16:46:25.966+0000] {processor.py:183} INFO - Processing /home/airflow/.local/lib/python3.8/site-packages/airflow/example_dags/example_xcomargs.py took 0.085 seconds
[2024-04-22T16:46:56.167+0000] {processor.py:161} INFO - Started process (PID=12899) to work on /home/airflow/.local/lib/python3.8/site-packages/airflow/example_dags/example_xcomargs.py
[2024-04-22T16:46:56.168+0000] {processor.py:830} INFO - Processing file /home/airflow/.local/lib/python3.8/site-packages/airflow/example_dags/example_xcomargs.py for tasks to queue
[2024-04-22T16:46:56.169+0000] {logging_mixin.py:188} INFO - [2024-04-22T16:46:56.169+0000] {dagbag.py:540} INFO - Filling up the DagBag from /home/airflow/.local/lib/python3.8/site-packages/airflow/example_dags/example_xcomargs.py
[2024-04-22T16:46:56.176+0000] {processor.py:840} INFO - DAG(s) 'example_xcom_args', 'example_xcom_args_with_operators' retrieved from /home/airflow/.local/lib/python3.8/site-packages/airflow/example_dags/example_xcomargs.py
[2024-04-22T16:46:56.203+0000] {logging_mixin.py:188} INFO - [2024-04-22T16:46:56.203+0000] {dag.py:3047} INFO - Sync 2 DAGs
[2024-04-22T16:46:56.218+0000] {logging_mixin.py:188} INFO - [2024-04-22T16:46:56.218+0000] {dag.py:3834} INFO - Setting next_dagrun for example_xcom_args to None, run_after=None
[2024-04-22T16:46:56.222+0000] {logging_mixin.py:188} INFO - [2024-04-22T16:46:56.222+0000] {dag.py:3834} INFO - Setting next_dagrun for example_xcom_args_with_operators to None, run_after=None
[2024-04-22T16:46:56.244+0000] {processor.py:183} INFO - Processing /home/airflow/.local/lib/python3.8/site-packages/airflow/example_dags/example_xcomargs.py took 0.081 seconds
[2024-04-22T16:47:26.513+0000] {processor.py:161} INFO - Started process (PID=13156) to work on /home/airflow/.local/lib/python3.8/site-packages/airflow/example_dags/example_xcomargs.py
[2024-04-22T16:47:26.514+0000] {processor.py:830} INFO - Processing file /home/airflow/.local/lib/python3.8/site-packages/airflow/example_dags/example_xcomargs.py for tasks to queue
[2024-04-22T16:47:26.515+0000] {logging_mixin.py:188} INFO - [2024-04-22T16:47:26.514+0000] {dagbag.py:540} INFO - Filling up the DagBag from /home/airflow/.local/lib/python3.8/site-packages/airflow/example_dags/example_xcomargs.py
[2024-04-22T16:47:26.525+0000] {processor.py:840} INFO - DAG(s) 'example_xcom_args', 'example_xcom_args_with_operators' retrieved from /home/airflow/.local/lib/python3.8/site-packages/airflow/example_dags/example_xcomargs.py
[2024-04-22T16:47:26.551+0000] {logging_mixin.py:188} INFO - [2024-04-22T16:47:26.550+0000] {dag.py:3047} INFO - Sync 2 DAGs
[2024-04-22T16:47:26.566+0000] {logging_mixin.py:188} INFO - [2024-04-22T16:47:26.565+0000] {dag.py:3834} INFO - Setting next_dagrun for example_xcom_args to None, run_after=None
[2024-04-22T16:47:26.569+0000] {logging_mixin.py:188} INFO - [2024-04-22T16:47:26.569+0000] {dag.py:3834} INFO - Setting next_dagrun for example_xcom_args_with_operators to None, run_after=None
[2024-04-22T16:47:26.595+0000] {processor.py:183} INFO - Processing /home/airflow/.local/lib/python3.8/site-packages/airflow/example_dags/example_xcomargs.py took 0.084 seconds
[2024-04-22T16:47:57.187+0000] {processor.py:161} INFO - Started process (PID=13414) to work on /home/airflow/.local/lib/python3.8/site-packages/airflow/example_dags/example_xcomargs.py
[2024-04-22T16:47:57.188+0000] {processor.py:830} INFO - Processing file /home/airflow/.local/lib/python3.8/site-packages/airflow/example_dags/example_xcomargs.py for tasks to queue
[2024-04-22T16:47:57.189+0000] {logging_mixin.py:188} INFO - [2024-04-22T16:47:57.188+0000] {dagbag.py:540} INFO - Filling up the DagBag from /home/airflow/.local/lib/python3.8/site-packages/airflow/example_dags/example_xcomargs.py
[2024-04-22T16:47:57.198+0000] {processor.py:840} INFO - DAG(s) 'example_xcom_args_with_operators', 'example_xcom_args' retrieved from /home/airflow/.local/lib/python3.8/site-packages/airflow/example_dags/example_xcomargs.py
[2024-04-22T16:47:57.226+0000] {logging_mixin.py:188} INFO - [2024-04-22T16:47:57.226+0000] {dag.py:3047} INFO - Sync 2 DAGs
[2024-04-22T16:47:57.264+0000] {logging_mixin.py:188} INFO - [2024-04-22T16:47:57.264+0000] {dag.py:3834} INFO - Setting next_dagrun for example_xcom_args to None, run_after=None
[2024-04-22T16:47:57.268+0000] {logging_mixin.py:188} INFO - [2024-04-22T16:47:57.268+0000] {dag.py:3834} INFO - Setting next_dagrun for example_xcom_args_with_operators to None, run_after=None
[2024-04-22T16:47:57.294+0000] {processor.py:183} INFO - Processing /home/airflow/.local/lib/python3.8/site-packages/airflow/example_dags/example_xcomargs.py took 0.111 seconds
[2024-04-22T16:48:27.649+0000] {processor.py:161} INFO - Started process (PID=13671) to work on /home/airflow/.local/lib/python3.8/site-packages/airflow/example_dags/example_xcomargs.py
[2024-04-22T16:48:27.650+0000] {processor.py:830} INFO - Processing file /home/airflow/.local/lib/python3.8/site-packages/airflow/example_dags/example_xcomargs.py for tasks to queue
[2024-04-22T16:48:27.651+0000] {logging_mixin.py:188} INFO - [2024-04-22T16:48:27.651+0000] {dagbag.py:540} INFO - Filling up the DagBag from /home/airflow/.local/lib/python3.8/site-packages/airflow/example_dags/example_xcomargs.py
[2024-04-22T16:48:27.695+0000] {processor.py:840} INFO - DAG(s) 'example_xcom_args_with_operators', 'example_xcom_args' retrieved from /home/airflow/.local/lib/python3.8/site-packages/airflow/example_dags/example_xcomargs.py
[2024-04-22T16:48:27.732+0000] {logging_mixin.py:188} INFO - [2024-04-22T16:48:27.732+0000] {dag.py:3047} INFO - Sync 2 DAGs
[2024-04-22T16:48:27.762+0000] {logging_mixin.py:188} INFO - [2024-04-22T16:48:27.762+0000] {dag.py:3834} INFO - Setting next_dagrun for example_xcom_args to None, run_after=None
[2024-04-22T16:48:27.767+0000] {logging_mixin.py:188} INFO - [2024-04-22T16:48:27.767+0000] {dag.py:3834} INFO - Setting next_dagrun for example_xcom_args_with_operators to None, run_after=None
[2024-04-22T16:48:27.818+0000] {processor.py:183} INFO - Processing /home/airflow/.local/lib/python3.8/site-packages/airflow/example_dags/example_xcomargs.py took 0.173 seconds
[2024-04-22T16:48:58.132+0000] {processor.py:161} INFO - Started process (PID=13929) to work on /home/airflow/.local/lib/python3.8/site-packages/airflow/example_dags/example_xcomargs.py
[2024-04-22T16:48:58.137+0000] {processor.py:830} INFO - Processing file /home/airflow/.local/lib/python3.8/site-packages/airflow/example_dags/example_xcomargs.py for tasks to queue
[2024-04-22T16:48:58.138+0000] {logging_mixin.py:188} INFO - [2024-04-22T16:48:58.138+0000] {dagbag.py:540} INFO - Filling up the DagBag from /home/airflow/.local/lib/python3.8/site-packages/airflow/example_dags/example_xcomargs.py
[2024-04-22T16:48:58.158+0000] {processor.py:840} INFO - DAG(s) 'example_xcom_args_with_operators', 'example_xcom_args' retrieved from /home/airflow/.local/lib/python3.8/site-packages/airflow/example_dags/example_xcomargs.py
[2024-04-22T16:48:58.186+0000] {logging_mixin.py:188} INFO - [2024-04-22T16:48:58.185+0000] {dag.py:3047} INFO - Sync 2 DAGs
[2024-04-22T16:48:58.201+0000] {logging_mixin.py:188} INFO - [2024-04-22T16:48:58.200+0000] {dag.py:3834} INFO - Setting next_dagrun for example_xcom_args to None, run_after=None
[2024-04-22T16:48:58.205+0000] {logging_mixin.py:188} INFO - [2024-04-22T16:48:58.205+0000] {dag.py:3834} INFO - Setting next_dagrun for example_xcom_args_with_operators to None, run_after=None
[2024-04-22T16:48:58.232+0000] {processor.py:183} INFO - Processing /home/airflow/.local/lib/python3.8/site-packages/airflow/example_dags/example_xcomargs.py took 0.105 seconds
[2024-04-22T16:49:28.605+0000] {processor.py:161} INFO - Started process (PID=14187) to work on /home/airflow/.local/lib/python3.8/site-packages/airflow/example_dags/example_xcomargs.py
[2024-04-22T16:49:28.610+0000] {processor.py:830} INFO - Processing file /home/airflow/.local/lib/python3.8/site-packages/airflow/example_dags/example_xcomargs.py for tasks to queue
[2024-04-22T16:49:28.611+0000] {logging_mixin.py:188} INFO - [2024-04-22T16:49:28.611+0000] {dagbag.py:540} INFO - Filling up the DagBag from /home/airflow/.local/lib/python3.8/site-packages/airflow/example_dags/example_xcomargs.py
[2024-04-22T16:49:28.631+0000] {processor.py:840} INFO - DAG(s) 'example_xcom_args_with_operators', 'example_xcom_args' retrieved from /home/airflow/.local/lib/python3.8/site-packages/airflow/example_dags/example_xcomargs.py
[2024-04-22T16:49:28.667+0000] {logging_mixin.py:188} INFO - [2024-04-22T16:49:28.667+0000] {dag.py:3047} INFO - Sync 2 DAGs
[2024-04-22T16:49:28.682+0000] {logging_mixin.py:188} INFO - [2024-04-22T16:49:28.682+0000] {dag.py:3834} INFO - Setting next_dagrun for example_xcom_args to None, run_after=None
[2024-04-22T16:49:28.686+0000] {logging_mixin.py:188} INFO - [2024-04-22T16:49:28.686+0000] {dag.py:3834} INFO - Setting next_dagrun for example_xcom_args_with_operators to None, run_after=None
[2024-04-22T16:49:28.714+0000] {processor.py:183} INFO - Processing /home/airflow/.local/lib/python3.8/site-packages/airflow/example_dags/example_xcomargs.py took 0.116 seconds
[2024-04-22T16:49:59.081+0000] {processor.py:161} INFO - Started process (PID=14445) to work on /home/airflow/.local/lib/python3.8/site-packages/airflow/example_dags/example_xcomargs.py
[2024-04-22T16:49:59.082+0000] {processor.py:830} INFO - Processing file /home/airflow/.local/lib/python3.8/site-packages/airflow/example_dags/example_xcomargs.py for tasks to queue
[2024-04-22T16:49:59.083+0000] {logging_mixin.py:188} INFO - [2024-04-22T16:49:59.083+0000] {dagbag.py:540} INFO - Filling up the DagBag from /home/airflow/.local/lib/python3.8/site-packages/airflow/example_dags/example_xcomargs.py
[2024-04-22T16:49:59.092+0000] {processor.py:840} INFO - DAG(s) 'example_xcom_args', 'example_xcom_args_with_operators' retrieved from /home/airflow/.local/lib/python3.8/site-packages/airflow/example_dags/example_xcomargs.py
[2024-04-22T16:49:59.120+0000] {logging_mixin.py:188} INFO - [2024-04-22T16:49:59.120+0000] {dag.py:3047} INFO - Sync 2 DAGs
[2024-04-22T16:49:59.132+0000] {logging_mixin.py:188} INFO - [2024-04-22T16:49:59.132+0000] {dag.py:3834} INFO - Setting next_dagrun for example_xcom_args to None, run_after=None
[2024-04-22T16:49:59.136+0000] {logging_mixin.py:188} INFO - [2024-04-22T16:49:59.136+0000] {dag.py:3834} INFO - Setting next_dagrun for example_xcom_args_with_operators to None, run_after=None
[2024-04-22T16:49:59.158+0000] {processor.py:183} INFO - Processing /home/airflow/.local/lib/python3.8/site-packages/airflow/example_dags/example_xcomargs.py took 0.081 seconds
[2024-04-22T16:50:29.635+0000] {processor.py:161} INFO - Started process (PID=14704) to work on /home/airflow/.local/lib/python3.8/site-packages/airflow/example_dags/example_xcomargs.py
[2024-04-22T16:50:29.636+0000] {processor.py:830} INFO - Processing file /home/airflow/.local/lib/python3.8/site-packages/airflow/example_dags/example_xcomargs.py for tasks to queue
[2024-04-22T16:50:29.637+0000] {logging_mixin.py:188} INFO - [2024-04-22T16:50:29.637+0000] {dagbag.py:540} INFO - Filling up the DagBag from /home/airflow/.local/lib/python3.8/site-packages/airflow/example_dags/example_xcomargs.py
[2024-04-22T16:50:29.646+0000] {processor.py:840} INFO - DAG(s) 'example_xcom_args', 'example_xcom_args_with_operators' retrieved from /home/airflow/.local/lib/python3.8/site-packages/airflow/example_dags/example_xcomargs.py
[2024-04-22T16:50:29.674+0000] {logging_mixin.py:188} INFO - [2024-04-22T16:50:29.673+0000] {dag.py:3047} INFO - Sync 2 DAGs
[2024-04-22T16:50:29.689+0000] {logging_mixin.py:188} INFO - [2024-04-22T16:50:29.688+0000] {dag.py:3834} INFO - Setting next_dagrun for example_xcom_args to None, run_after=None
[2024-04-22T16:50:29.692+0000] {logging_mixin.py:188} INFO - [2024-04-22T16:50:29.692+0000] {dag.py:3834} INFO - Setting next_dagrun for example_xcom_args_with_operators to None, run_after=None
[2024-04-22T16:50:29.715+0000] {processor.py:183} INFO - Processing /home/airflow/.local/lib/python3.8/site-packages/airflow/example_dags/example_xcomargs.py took 0.082 seconds
[2024-04-22T16:51:00.070+0000] {processor.py:161} INFO - Started process (PID=14959) to work on /home/airflow/.local/lib/python3.8/site-packages/airflow/example_dags/example_xcomargs.py
[2024-04-22T16:51:00.071+0000] {processor.py:830} INFO - Processing file /home/airflow/.local/lib/python3.8/site-packages/airflow/example_dags/example_xcomargs.py for tasks to queue
[2024-04-22T16:51:00.072+0000] {logging_mixin.py:188} INFO - [2024-04-22T16:51:00.072+0000] {dagbag.py:540} INFO - Filling up the DagBag from /home/airflow/.local/lib/python3.8/site-packages/airflow/example_dags/example_xcomargs.py
[2024-04-22T16:51:00.081+0000] {processor.py:840} INFO - DAG(s) 'example_xcom_args', 'example_xcom_args_with_operators' retrieved from /home/airflow/.local/lib/python3.8/site-packages/airflow/example_dags/example_xcomargs.py
[2024-04-22T16:51:00.107+0000] {logging_mixin.py:188} INFO - [2024-04-22T16:51:00.106+0000] {dag.py:3047} INFO - Sync 2 DAGs
[2024-04-22T16:51:00.124+0000] {logging_mixin.py:188} INFO - [2024-04-22T16:51:00.124+0000] {dag.py:3834} INFO - Setting next_dagrun for example_xcom_args to None, run_after=None
[2024-04-22T16:51:00.128+0000] {logging_mixin.py:188} INFO - [2024-04-22T16:51:00.128+0000] {dag.py:3834} INFO - Setting next_dagrun for example_xcom_args_with_operators to None, run_after=None
[2024-04-22T16:51:00.151+0000] {processor.py:183} INFO - Processing /home/airflow/.local/lib/python3.8/site-packages/airflow/example_dags/example_xcomargs.py took 0.084 seconds
[2024-04-22T16:51:30.413+0000] {processor.py:161} INFO - Started process (PID=15217) to work on /home/airflow/.local/lib/python3.8/site-packages/airflow/example_dags/example_xcomargs.py
[2024-04-22T16:51:30.414+0000] {processor.py:830} INFO - Processing file /home/airflow/.local/lib/python3.8/site-packages/airflow/example_dags/example_xcomargs.py for tasks to queue
[2024-04-22T16:51:30.415+0000] {logging_mixin.py:188} INFO - [2024-04-22T16:51:30.415+0000] {dagbag.py:540} INFO - Filling up the DagBag from /home/airflow/.local/lib/python3.8/site-packages/airflow/example_dags/example_xcomargs.py
[2024-04-22T16:51:30.426+0000] {processor.py:840} INFO - DAG(s) 'example_xcom_args_with_operators', 'example_xcom_args' retrieved from /home/airflow/.local/lib/python3.8/site-packages/airflow/example_dags/example_xcomargs.py
[2024-04-22T16:51:30.454+0000] {logging_mixin.py:188} INFO - [2024-04-22T16:51:30.453+0000] {dag.py:3047} INFO - Sync 2 DAGs
[2024-04-22T16:51:30.470+0000] {logging_mixin.py:188} INFO - [2024-04-22T16:51:30.470+0000] {dag.py:3834} INFO - Setting next_dagrun for example_xcom_args to None, run_after=None
[2024-04-22T16:51:30.474+0000] {logging_mixin.py:188} INFO - [2024-04-22T16:51:30.474+0000] {dag.py:3834} INFO - Setting next_dagrun for example_xcom_args_with_operators to None, run_after=None
[2024-04-22T16:51:30.497+0000] {processor.py:183} INFO - Processing /home/airflow/.local/lib/python3.8/site-packages/airflow/example_dags/example_xcomargs.py took 0.088 seconds
[2024-04-22T16:52:00.803+0000] {processor.py:161} INFO - Started process (PID=15475) to work on /home/airflow/.local/lib/python3.8/site-packages/airflow/example_dags/example_xcomargs.py
[2024-04-22T16:52:00.804+0000] {processor.py:830} INFO - Processing file /home/airflow/.local/lib/python3.8/site-packages/airflow/example_dags/example_xcomargs.py for tasks to queue
[2024-04-22T16:52:00.805+0000] {logging_mixin.py:188} INFO - [2024-04-22T16:52:00.805+0000] {dagbag.py:540} INFO - Filling up the DagBag from /home/airflow/.local/lib/python3.8/site-packages/airflow/example_dags/example_xcomargs.py
[2024-04-22T16:52:00.819+0000] {processor.py:840} INFO - DAG(s) 'example_xcom_args_with_operators', 'example_xcom_args' retrieved from /home/airflow/.local/lib/python3.8/site-packages/airflow/example_dags/example_xcomargs.py
[2024-04-22T16:52:00.860+0000] {logging_mixin.py:188} INFO - [2024-04-22T16:52:00.860+0000] {dag.py:3047} INFO - Sync 2 DAGs
[2024-04-22T16:52:00.876+0000] {logging_mixin.py:188} INFO - [2024-04-22T16:52:00.876+0000] {dag.py:3834} INFO - Setting next_dagrun for example_xcom_args to None, run_after=None
[2024-04-22T16:52:00.880+0000] {logging_mixin.py:188} INFO - [2024-04-22T16:52:00.880+0000] {dag.py:3834} INFO - Setting next_dagrun for example_xcom_args_with_operators to None, run_after=None
[2024-04-22T16:52:00.905+0000] {processor.py:183} INFO - Processing /home/airflow/.local/lib/python3.8/site-packages/airflow/example_dags/example_xcomargs.py took 0.106 seconds
[2024-04-22T16:52:31.121+0000] {processor.py:161} INFO - Started process (PID=15733) to work on /home/airflow/.local/lib/python3.8/site-packages/airflow/example_dags/example_xcomargs.py
[2024-04-22T16:52:31.122+0000] {processor.py:830} INFO - Processing file /home/airflow/.local/lib/python3.8/site-packages/airflow/example_dags/example_xcomargs.py for tasks to queue
[2024-04-22T16:52:31.123+0000] {logging_mixin.py:188} INFO - [2024-04-22T16:52:31.123+0000] {dagbag.py:540} INFO - Filling up the DagBag from /home/airflow/.local/lib/python3.8/site-packages/airflow/example_dags/example_xcomargs.py
[2024-04-22T16:52:31.135+0000] {processor.py:840} INFO - DAG(s) 'example_xcom_args_with_operators', 'example_xcom_args' retrieved from /home/airflow/.local/lib/python3.8/site-packages/airflow/example_dags/example_xcomargs.py
[2024-04-22T16:52:31.163+0000] {logging_mixin.py:188} INFO - [2024-04-22T16:52:31.163+0000] {dag.py:3047} INFO - Sync 2 DAGs
[2024-04-22T16:52:31.177+0000] {logging_mixin.py:188} INFO - [2024-04-22T16:52:31.177+0000] {dag.py:3834} INFO - Setting next_dagrun for example_xcom_args to None, run_after=None
[2024-04-22T16:52:31.181+0000] {logging_mixin.py:188} INFO - [2024-04-22T16:52:31.181+0000] {dag.py:3834} INFO - Setting next_dagrun for example_xcom_args_with_operators to None, run_after=None
[2024-04-22T16:52:31.201+0000] {processor.py:183} INFO - Processing /home/airflow/.local/lib/python3.8/site-packages/airflow/example_dags/example_xcomargs.py took 0.084 seconds
[2024-04-22T16:53:01.342+0000] {processor.py:161} INFO - Started process (PID=15988) to work on /home/airflow/.local/lib/python3.8/site-packages/airflow/example_dags/example_xcomargs.py
[2024-04-22T16:53:01.343+0000] {processor.py:830} INFO - Processing file /home/airflow/.local/lib/python3.8/site-packages/airflow/example_dags/example_xcomargs.py for tasks to queue
[2024-04-22T16:53:01.344+0000] {logging_mixin.py:188} INFO - [2024-04-22T16:53:01.344+0000] {dagbag.py:540} INFO - Filling up the DagBag from /home/airflow/.local/lib/python3.8/site-packages/airflow/example_dags/example_xcomargs.py
[2024-04-22T16:53:01.354+0000] {processor.py:840} INFO - DAG(s) 'example_xcom_args', 'example_xcom_args_with_operators' retrieved from /home/airflow/.local/lib/python3.8/site-packages/airflow/example_dags/example_xcomargs.py
[2024-04-22T16:53:01.385+0000] {logging_mixin.py:188} INFO - [2024-04-22T16:53:01.385+0000] {dag.py:3047} INFO - Sync 2 DAGs
[2024-04-22T16:53:01.411+0000] {logging_mixin.py:188} INFO - [2024-04-22T16:53:01.410+0000] {dag.py:3834} INFO - Setting next_dagrun for example_xcom_args to None, run_after=None
[2024-04-22T16:53:01.424+0000] {logging_mixin.py:188} INFO - [2024-04-22T16:53:01.424+0000] {dag.py:3834} INFO - Setting next_dagrun for example_xcom_args_with_operators to None, run_after=None
[2024-04-22T16:53:01.457+0000] {processor.py:183} INFO - Processing /home/airflow/.local/lib/python3.8/site-packages/airflow/example_dags/example_xcomargs.py took 0.118 seconds
[2024-04-22T16:53:31.755+0000] {processor.py:161} INFO - Started process (PID=16247) to work on /home/airflow/.local/lib/python3.8/site-packages/airflow/example_dags/example_xcomargs.py
[2024-04-22T16:53:31.756+0000] {processor.py:830} INFO - Processing file /home/airflow/.local/lib/python3.8/site-packages/airflow/example_dags/example_xcomargs.py for tasks to queue
[2024-04-22T16:53:31.757+0000] {logging_mixin.py:188} INFO - [2024-04-22T16:53:31.756+0000] {dagbag.py:540} INFO - Filling up the DagBag from /home/airflow/.local/lib/python3.8/site-packages/airflow/example_dags/example_xcomargs.py
[2024-04-22T16:53:31.766+0000] {processor.py:840} INFO - DAG(s) 'example_xcom_args_with_operators', 'example_xcom_args' retrieved from /home/airflow/.local/lib/python3.8/site-packages/airflow/example_dags/example_xcomargs.py
[2024-04-22T16:53:31.815+0000] {logging_mixin.py:188} INFO - [2024-04-22T16:53:31.814+0000] {dag.py:3047} INFO - Sync 2 DAGs
[2024-04-22T16:53:31.836+0000] {logging_mixin.py:188} INFO - [2024-04-22T16:53:31.835+0000] {dag.py:3834} INFO - Setting next_dagrun for example_xcom_args to None, run_after=None
[2024-04-22T16:53:31.840+0000] {logging_mixin.py:188} INFO - [2024-04-22T16:53:31.839+0000] {dag.py:3834} INFO - Setting next_dagrun for example_xcom_args_with_operators to None, run_after=None
[2024-04-22T16:53:31.863+0000] {processor.py:183} INFO - Processing /home/airflow/.local/lib/python3.8/site-packages/airflow/example_dags/example_xcomargs.py took 0.113 seconds
[2024-04-22T16:54:01.971+0000] {processor.py:161} INFO - Started process (PID=16501) to work on /home/airflow/.local/lib/python3.8/site-packages/airflow/example_dags/example_xcomargs.py
[2024-04-22T16:54:01.972+0000] {processor.py:830} INFO - Processing file /home/airflow/.local/lib/python3.8/site-packages/airflow/example_dags/example_xcomargs.py for tasks to queue
[2024-04-22T16:54:01.973+0000] {logging_mixin.py:188} INFO - [2024-04-22T16:54:01.972+0000] {dagbag.py:540} INFO - Filling up the DagBag from /home/airflow/.local/lib/python3.8/site-packages/airflow/example_dags/example_xcomargs.py
[2024-04-22T16:54:01.984+0000] {processor.py:840} INFO - DAG(s) 'example_xcom_args_with_operators', 'example_xcom_args' retrieved from /home/airflow/.local/lib/python3.8/site-packages/airflow/example_dags/example_xcomargs.py
[2024-04-22T16:54:02.004+0000] {logging_mixin.py:188} INFO - [2024-04-22T16:54:02.004+0000] {dag.py:3047} INFO - Sync 2 DAGs
[2024-04-22T16:54:02.015+0000] {logging_mixin.py:188} INFO - [2024-04-22T16:54:02.014+0000] {dag.py:3834} INFO - Setting next_dagrun for example_xcom_args to None, run_after=None
[2024-04-22T16:54:02.017+0000] {logging_mixin.py:188} INFO - [2024-04-22T16:54:02.017+0000] {dag.py:3834} INFO - Setting next_dagrun for example_xcom_args_with_operators to None, run_after=None
[2024-04-22T16:54:02.036+0000] {processor.py:183} INFO - Processing /home/airflow/.local/lib/python3.8/site-packages/airflow/example_dags/example_xcomargs.py took 0.067 seconds
[2024-04-22T16:54:32.115+0000] {processor.py:161} INFO - Started process (PID=16755) to work on /home/airflow/.local/lib/python3.8/site-packages/airflow/example_dags/example_xcomargs.py
[2024-04-22T16:54:32.118+0000] {processor.py:830} INFO - Processing file /home/airflow/.local/lib/python3.8/site-packages/airflow/example_dags/example_xcomargs.py for tasks to queue
[2024-04-22T16:54:32.124+0000] {logging_mixin.py:188} INFO - [2024-04-22T16:54:32.123+0000] {dagbag.py:540} INFO - Filling up the DagBag from /home/airflow/.local/lib/python3.8/site-packages/airflow/example_dags/example_xcomargs.py
[2024-04-22T16:54:32.139+0000] {processor.py:840} INFO - DAG(s) 'example_xcom_args', 'example_xcom_args_with_operators' retrieved from /home/airflow/.local/lib/python3.8/site-packages/airflow/example_dags/example_xcomargs.py
[2024-04-22T16:54:32.166+0000] {logging_mixin.py:188} INFO - [2024-04-22T16:54:32.166+0000] {dag.py:3047} INFO - Sync 2 DAGs
[2024-04-22T16:54:32.181+0000] {logging_mixin.py:188} INFO - [2024-04-22T16:54:32.181+0000] {dag.py:3834} INFO - Setting next_dagrun for example_xcom_args to None, run_after=None
[2024-04-22T16:54:32.196+0000] {logging_mixin.py:188} INFO - [2024-04-22T16:54:32.189+0000] {dag.py:3834} INFO - Setting next_dagrun for example_xcom_args_with_operators to None, run_after=None
[2024-04-22T16:54:32.227+0000] {processor.py:183} INFO - Processing /home/airflow/.local/lib/python3.8/site-packages/airflow/example_dags/example_xcomargs.py took 0.116 seconds
