[2024-04-22T16:21:55.563+0000] {processor.py:161} INFO - Started process (PID=172) to work on /home/airflow/.local/lib/python3.8/site-packages/airflow/example_dags/example_skip_dag.py
[2024-04-22T16:21:55.572+0000] {processor.py:830} INFO - Processing file /home/airflow/.local/lib/python3.8/site-packages/airflow/example_dags/example_skip_dag.py for tasks to queue
[2024-04-22T16:21:55.573+0000] {logging_mixin.py:188} INFO - [2024-04-22T16:21:55.572+0000] {dagbag.py:540} INFO - Filling up the DagBag from /home/airflow/.local/lib/python3.8/site-packages/airflow/example_dags/example_skip_dag.py
[2024-04-22T16:21:55.601+0000] {processor.py:840} INFO - DAG(s) 'example_skip_dag' retrieved from /home/airflow/.local/lib/python3.8/site-packages/airflow/example_dags/example_skip_dag.py
[2024-04-22T16:21:55.713+0000] {logging_mixin.py:188} INFO - [2024-04-22T16:21:55.713+0000] {dag.py:3047} INFO - Sync 1 DAGs
[2024-04-22T16:21:55.859+0000] {logging_mixin.py:188} INFO - [2024-04-22T16:21:55.858+0000] {dag.py:3834} INFO - Setting next_dagrun for example_skip_dag to 2024-04-21 00:00:00+00:00, run_after=2024-04-22 00:00:00+00:00
[2024-04-22T16:21:55.906+0000] {processor.py:183} INFO - Processing /home/airflow/.local/lib/python3.8/site-packages/airflow/example_dags/example_skip_dag.py took 0.350 seconds
[2024-04-22T16:22:26.923+0000] {processor.py:161} INFO - Started process (PID=428) to work on /home/airflow/.local/lib/python3.8/site-packages/airflow/example_dags/example_skip_dag.py
[2024-04-22T16:22:26.924+0000] {processor.py:830} INFO - Processing file /home/airflow/.local/lib/python3.8/site-packages/airflow/example_dags/example_skip_dag.py for tasks to queue
[2024-04-22T16:22:26.925+0000] {logging_mixin.py:188} INFO - [2024-04-22T16:22:26.925+0000] {dagbag.py:540} INFO - Filling up the DagBag from /home/airflow/.local/lib/python3.8/site-packages/airflow/example_dags/example_skip_dag.py
[2024-04-22T16:22:26.933+0000] {processor.py:840} INFO - DAG(s) 'example_skip_dag' retrieved from /home/airflow/.local/lib/python3.8/site-packages/airflow/example_dags/example_skip_dag.py
[2024-04-22T16:22:26.970+0000] {logging_mixin.py:188} INFO - [2024-04-22T16:22:26.970+0000] {dag.py:3047} INFO - Sync 1 DAGs
[2024-04-22T16:22:27.002+0000] {logging_mixin.py:188} INFO - [2024-04-22T16:22:27.002+0000] {dag.py:3834} INFO - Setting next_dagrun for example_skip_dag to 2024-04-21 00:00:00+00:00, run_after=2024-04-22 00:00:00+00:00
[2024-04-22T16:22:27.030+0000] {processor.py:183} INFO - Processing /home/airflow/.local/lib/python3.8/site-packages/airflow/example_dags/example_skip_dag.py took 0.110 seconds
[2024-04-22T16:22:57.078+0000] {processor.py:161} INFO - Started process (PID=684) to work on /home/airflow/.local/lib/python3.8/site-packages/airflow/example_dags/example_skip_dag.py
[2024-04-22T16:22:57.079+0000] {processor.py:830} INFO - Processing file /home/airflow/.local/lib/python3.8/site-packages/airflow/example_dags/example_skip_dag.py for tasks to queue
[2024-04-22T16:22:57.079+0000] {logging_mixin.py:188} INFO - [2024-04-22T16:22:57.079+0000] {dagbag.py:540} INFO - Filling up the DagBag from /home/airflow/.local/lib/python3.8/site-packages/airflow/example_dags/example_skip_dag.py
[2024-04-22T16:22:57.085+0000] {processor.py:840} INFO - DAG(s) 'example_skip_dag' retrieved from /home/airflow/.local/lib/python3.8/site-packages/airflow/example_dags/example_skip_dag.py
[2024-04-22T16:22:57.103+0000] {logging_mixin.py:188} INFO - [2024-04-22T16:22:57.103+0000] {dag.py:3047} INFO - Sync 1 DAGs
[2024-04-22T16:22:57.120+0000] {logging_mixin.py:188} INFO - [2024-04-22T16:22:57.120+0000] {dag.py:3834} INFO - Setting next_dagrun for example_skip_dag to 2024-04-21 00:00:00+00:00, run_after=2024-04-22 00:00:00+00:00
[2024-04-22T16:22:57.140+0000] {processor.py:183} INFO - Processing /home/airflow/.local/lib/python3.8/site-packages/airflow/example_dags/example_skip_dag.py took 0.066 seconds
[2024-04-22T16:23:27.361+0000] {processor.py:161} INFO - Started process (PID=941) to work on /home/airflow/.local/lib/python3.8/site-packages/airflow/example_dags/example_skip_dag.py
[2024-04-22T16:23:27.362+0000] {processor.py:830} INFO - Processing file /home/airflow/.local/lib/python3.8/site-packages/airflow/example_dags/example_skip_dag.py for tasks to queue
[2024-04-22T16:23:27.363+0000] {logging_mixin.py:188} INFO - [2024-04-22T16:23:27.362+0000] {dagbag.py:540} INFO - Filling up the DagBag from /home/airflow/.local/lib/python3.8/site-packages/airflow/example_dags/example_skip_dag.py
[2024-04-22T16:23:27.373+0000] {processor.py:840} INFO - DAG(s) 'example_skip_dag' retrieved from /home/airflow/.local/lib/python3.8/site-packages/airflow/example_dags/example_skip_dag.py
[2024-04-22T16:23:27.425+0000] {logging_mixin.py:188} INFO - [2024-04-22T16:23:27.424+0000] {dag.py:3047} INFO - Sync 1 DAGs
[2024-04-22T16:23:27.458+0000] {logging_mixin.py:188} INFO - [2024-04-22T16:23:27.458+0000] {dag.py:3834} INFO - Setting next_dagrun for example_skip_dag to 2024-04-21 00:00:00+00:00, run_after=2024-04-22 00:00:00+00:00
[2024-04-22T16:23:27.483+0000] {processor.py:183} INFO - Processing /home/airflow/.local/lib/python3.8/site-packages/airflow/example_dags/example_skip_dag.py took 0.126 seconds
