[2024-04-22T16:21:58.035+0000] {processor.py:161} INFO - Started process (PID=210) to work on /home/airflow/.local/lib/python3.8/site-packages/airflow/example_dags/example_complex.py
[2024-04-22T16:21:58.043+0000] {processor.py:830} INFO - Processing file /home/airflow/.local/lib/python3.8/site-packages/airflow/example_dags/example_complex.py for tasks to queue
[2024-04-22T16:21:58.049+0000] {logging_mixin.py:188} INFO - [2024-04-22T16:21:58.048+0000] {dagbag.py:540} INFO - Filling up the DagBag from /home/airflow/.local/lib/python3.8/site-packages/airflow/example_dags/example_complex.py
[2024-04-22T16:21:58.105+0000] {processor.py:840} INFO - DAG(s) 'example_complex' retrieved from /home/airflow/.local/lib/python3.8/site-packages/airflow/example_dags/example_complex.py
[2024-04-22T16:21:58.371+0000] {logging_mixin.py:188} INFO - [2024-04-22T16:21:58.371+0000] {dag.py:3047} INFO - Sync 1 DAGs
[2024-04-22T16:21:58.489+0000] {logging_mixin.py:188} INFO - [2024-04-22T16:21:58.488+0000] {dag.py:3834} INFO - Setting next_dagrun for example_complex to None, run_after=None
[2024-04-22T16:21:58.657+0000] {processor.py:183} INFO - Processing /home/airflow/.local/lib/python3.8/site-packages/airflow/example_dags/example_complex.py took 0.631 seconds
[2024-04-22T16:22:29.588+0000] {processor.py:161} INFO - Started process (PID=466) to work on /home/airflow/.local/lib/python3.8/site-packages/airflow/example_dags/example_complex.py
[2024-04-22T16:22:29.589+0000] {processor.py:830} INFO - Processing file /home/airflow/.local/lib/python3.8/site-packages/airflow/example_dags/example_complex.py for tasks to queue
[2024-04-22T16:22:29.590+0000] {logging_mixin.py:188} INFO - [2024-04-22T16:22:29.589+0000] {dagbag.py:540} INFO - Filling up the DagBag from /home/airflow/.local/lib/python3.8/site-packages/airflow/example_dags/example_complex.py
[2024-04-22T16:22:29.605+0000] {processor.py:840} INFO - DAG(s) 'example_complex' retrieved from /home/airflow/.local/lib/python3.8/site-packages/airflow/example_dags/example_complex.py
[2024-04-22T16:22:29.648+0000] {logging_mixin.py:188} INFO - [2024-04-22T16:22:29.648+0000] {dag.py:3047} INFO - Sync 1 DAGs
[2024-04-22T16:22:29.664+0000] {logging_mixin.py:188} INFO - [2024-04-22T16:22:29.664+0000] {dag.py:3834} INFO - Setting next_dagrun for example_complex to None, run_after=None
[2024-04-22T16:22:29.687+0000] {processor.py:183} INFO - Processing /home/airflow/.local/lib/python3.8/site-packages/airflow/example_dags/example_complex.py took 0.103 seconds
[2024-04-22T16:22:59.922+0000] {processor.py:161} INFO - Started process (PID=722) to work on /home/airflow/.local/lib/python3.8/site-packages/airflow/example_dags/example_complex.py
[2024-04-22T16:22:59.923+0000] {processor.py:830} INFO - Processing file /home/airflow/.local/lib/python3.8/site-packages/airflow/example_dags/example_complex.py for tasks to queue
[2024-04-22T16:22:59.924+0000] {logging_mixin.py:188} INFO - [2024-04-22T16:22:59.924+0000] {dagbag.py:540} INFO - Filling up the DagBag from /home/airflow/.local/lib/python3.8/site-packages/airflow/example_dags/example_complex.py
[2024-04-22T16:22:59.939+0000] {processor.py:840} INFO - DAG(s) 'example_complex' retrieved from /home/airflow/.local/lib/python3.8/site-packages/airflow/example_dags/example_complex.py
[2024-04-22T16:22:59.991+0000] {logging_mixin.py:188} INFO - [2024-04-22T16:22:59.991+0000] {dag.py:3047} INFO - Sync 1 DAGs
[2024-04-22T16:23:00.009+0000] {logging_mixin.py:188} INFO - [2024-04-22T16:23:00.009+0000] {dag.py:3834} INFO - Setting next_dagrun for example_complex to None, run_after=None
[2024-04-22T16:23:00.061+0000] {processor.py:183} INFO - Processing /home/airflow/.local/lib/python3.8/site-packages/airflow/example_dags/example_complex.py took 0.142 seconds
[2024-04-22T16:23:30.150+0000] {processor.py:161} INFO - Started process (PID=979) to work on /home/airflow/.local/lib/python3.8/site-packages/airflow/example_dags/example_complex.py
[2024-04-22T16:23:30.151+0000] {processor.py:830} INFO - Processing file /home/airflow/.local/lib/python3.8/site-packages/airflow/example_dags/example_complex.py for tasks to queue
[2024-04-22T16:23:30.152+0000] {logging_mixin.py:188} INFO - [2024-04-22T16:23:30.152+0000] {dagbag.py:540} INFO - Filling up the DagBag from /home/airflow/.local/lib/python3.8/site-packages/airflow/example_dags/example_complex.py
[2024-04-22T16:23:30.167+0000] {processor.py:840} INFO - DAG(s) 'example_complex' retrieved from /home/airflow/.local/lib/python3.8/site-packages/airflow/example_dags/example_complex.py
[2024-04-22T16:23:30.209+0000] {logging_mixin.py:188} INFO - [2024-04-22T16:23:30.209+0000] {dag.py:3047} INFO - Sync 1 DAGs
[2024-04-22T16:23:30.221+0000] {logging_mixin.py:188} INFO - [2024-04-22T16:23:30.220+0000] {dag.py:3834} INFO - Setting next_dagrun for example_complex to None, run_after=None
[2024-04-22T16:23:30.246+0000] {processor.py:183} INFO - Processing /home/airflow/.local/lib/python3.8/site-packages/airflow/example_dags/example_complex.py took 0.099 seconds
