[2024-04-22T16:22:00.521+0000] {processor.py:161} INFO - Started process (PID=260) to work on /home/airflow/.local/lib/python3.8/site-packages/airflow/example_dags/example_branch_labels.py
[2024-04-22T16:22:00.522+0000] {processor.py:830} INFO - Processing file /home/airflow/.local/lib/python3.8/site-packages/airflow/example_dags/example_branch_labels.py for tasks to queue
[2024-04-22T16:22:00.523+0000] {logging_mixin.py:188} INFO - [2024-04-22T16:22:00.522+0000] {dagbag.py:540} INFO - Filling up the DagBag from /home/airflow/.local/lib/python3.8/site-packages/airflow/example_dags/example_branch_labels.py
[2024-04-22T16:22:00.555+0000] {processor.py:840} INFO - DAG(s) 'example_branch_labels' retrieved from /home/airflow/.local/lib/python3.8/site-packages/airflow/example_dags/example_branch_labels.py
[2024-04-22T16:22:00.654+0000] {logging_mixin.py:188} INFO - [2024-04-22T16:22:00.653+0000] {dag.py:3047} INFO - Sync 1 DAGs
[2024-04-22T16:22:00.773+0000] {logging_mixin.py:188} INFO - [2024-04-22T16:22:00.773+0000] {dag.py:3834} INFO - Setting next_dagrun for example_branch_labels to 2024-04-21 00:00:00+00:00, run_after=2024-04-22 00:00:00+00:00
[2024-04-22T16:22:00.850+0000] {processor.py:183} INFO - Processing /home/airflow/.local/lib/python3.8/site-packages/airflow/example_dags/example_branch_labels.py took 0.340 seconds
[2024-04-22T16:22:31.552+0000] {processor.py:161} INFO - Started process (PID=516) to work on /home/airflow/.local/lib/python3.8/site-packages/airflow/example_dags/example_branch_labels.py
[2024-04-22T16:22:31.553+0000] {processor.py:830} INFO - Processing file /home/airflow/.local/lib/python3.8/site-packages/airflow/example_dags/example_branch_labels.py for tasks to queue
[2024-04-22T16:22:31.554+0000] {logging_mixin.py:188} INFO - [2024-04-22T16:22:31.554+0000] {dagbag.py:540} INFO - Filling up the DagBag from /home/airflow/.local/lib/python3.8/site-packages/airflow/example_dags/example_branch_labels.py
[2024-04-22T16:22:31.563+0000] {processor.py:840} INFO - DAG(s) 'example_branch_labels' retrieved from /home/airflow/.local/lib/python3.8/site-packages/airflow/example_dags/example_branch_labels.py
[2024-04-22T16:22:31.587+0000] {logging_mixin.py:188} INFO - [2024-04-22T16:22:31.587+0000] {dag.py:3047} INFO - Sync 1 DAGs
[2024-04-22T16:22:31.616+0000] {logging_mixin.py:188} INFO - [2024-04-22T16:22:31.615+0000] {dag.py:3834} INFO - Setting next_dagrun for example_branch_labels to 2024-04-21 00:00:00+00:00, run_after=2024-04-22 00:00:00+00:00
[2024-04-22T16:22:31.654+0000] {processor.py:183} INFO - Processing /home/airflow/.local/lib/python3.8/site-packages/airflow/example_dags/example_branch_labels.py took 0.105 seconds
[2024-04-22T16:23:01.793+0000] {processor.py:161} INFO - Started process (PID=772) to work on /home/airflow/.local/lib/python3.8/site-packages/airflow/example_dags/example_branch_labels.py
[2024-04-22T16:23:01.794+0000] {processor.py:830} INFO - Processing file /home/airflow/.local/lib/python3.8/site-packages/airflow/example_dags/example_branch_labels.py for tasks to queue
[2024-04-22T16:23:01.795+0000] {logging_mixin.py:188} INFO - [2024-04-22T16:23:01.795+0000] {dagbag.py:540} INFO - Filling up the DagBag from /home/airflow/.local/lib/python3.8/site-packages/airflow/example_dags/example_branch_labels.py
[2024-04-22T16:23:01.804+0000] {processor.py:840} INFO - DAG(s) 'example_branch_labels' retrieved from /home/airflow/.local/lib/python3.8/site-packages/airflow/example_dags/example_branch_labels.py
[2024-04-22T16:23:01.828+0000] {logging_mixin.py:188} INFO - [2024-04-22T16:23:01.828+0000] {dag.py:3047} INFO - Sync 1 DAGs
[2024-04-22T16:23:01.854+0000] {logging_mixin.py:188} INFO - [2024-04-22T16:23:01.854+0000] {dag.py:3834} INFO - Setting next_dagrun for example_branch_labels to 2024-04-21 00:00:00+00:00, run_after=2024-04-22 00:00:00+00:00
[2024-04-22T16:23:01.881+0000] {processor.py:183} INFO - Processing /home/airflow/.local/lib/python3.8/site-packages/airflow/example_dags/example_branch_labels.py took 0.090 seconds
[2024-04-22T16:23:32.834+0000] {processor.py:161} INFO - Started process (PID=1031) to work on /home/airflow/.local/lib/python3.8/site-packages/airflow/example_dags/example_branch_labels.py
[2024-04-22T16:23:32.835+0000] {processor.py:830} INFO - Processing file /home/airflow/.local/lib/python3.8/site-packages/airflow/example_dags/example_branch_labels.py for tasks to queue
[2024-04-22T16:23:32.836+0000] {logging_mixin.py:188} INFO - [2024-04-22T16:23:32.835+0000] {dagbag.py:540} INFO - Filling up the DagBag from /home/airflow/.local/lib/python3.8/site-packages/airflow/example_dags/example_branch_labels.py
[2024-04-22T16:23:32.844+0000] {processor.py:840} INFO - DAG(s) 'example_branch_labels' retrieved from /home/airflow/.local/lib/python3.8/site-packages/airflow/example_dags/example_branch_labels.py
[2024-04-22T16:23:32.876+0000] {logging_mixin.py:188} INFO - [2024-04-22T16:23:32.875+0000] {dag.py:3047} INFO - Sync 1 DAGs
[2024-04-22T16:23:32.907+0000] {logging_mixin.py:188} INFO - [2024-04-22T16:23:32.907+0000] {dag.py:3834} INFO - Setting next_dagrun for example_branch_labels to 2024-04-21 00:00:00+00:00, run_after=2024-04-22 00:00:00+00:00
[2024-04-22T16:23:32.956+0000] {processor.py:183} INFO - Processing /home/airflow/.local/lib/python3.8/site-packages/airflow/example_dags/example_branch_labels.py took 0.126 seconds
[2024-04-22T16:24:03.440+0000] {processor.py:161} INFO - Started process (PID=1286) to work on /home/airflow/.local/lib/python3.8/site-packages/airflow/example_dags/example_branch_labels.py
[2024-04-22T16:24:03.441+0000] {processor.py:830} INFO - Processing file /home/airflow/.local/lib/python3.8/site-packages/airflow/example_dags/example_branch_labels.py for tasks to queue
[2024-04-22T16:24:03.442+0000] {logging_mixin.py:188} INFO - [2024-04-22T16:24:03.442+0000] {dagbag.py:540} INFO - Filling up the DagBag from /home/airflow/.local/lib/python3.8/site-packages/airflow/example_dags/example_branch_labels.py
[2024-04-22T16:24:03.451+0000] {processor.py:840} INFO - DAG(s) 'example_branch_labels' retrieved from /home/airflow/.local/lib/python3.8/site-packages/airflow/example_dags/example_branch_labels.py
[2024-04-22T16:24:03.476+0000] {logging_mixin.py:188} INFO - [2024-04-22T16:24:03.475+0000] {dag.py:3047} INFO - Sync 1 DAGs
[2024-04-22T16:24:03.504+0000] {logging_mixin.py:188} INFO - [2024-04-22T16:24:03.503+0000] {dag.py:3834} INFO - Setting next_dagrun for example_branch_labels to 2024-04-21 00:00:00+00:00, run_after=2024-04-22 00:00:00+00:00
[2024-04-22T16:24:03.550+0000] {processor.py:183} INFO - Processing /home/airflow/.local/lib/python3.8/site-packages/airflow/example_dags/example_branch_labels.py took 0.113 seconds
[2024-04-22T16:24:33.922+0000] {processor.py:161} INFO - Started process (PID=1544) to work on /home/airflow/.local/lib/python3.8/site-packages/airflow/example_dags/example_branch_labels.py
[2024-04-22T16:24:33.923+0000] {processor.py:830} INFO - Processing file /home/airflow/.local/lib/python3.8/site-packages/airflow/example_dags/example_branch_labels.py for tasks to queue
[2024-04-22T16:24:33.924+0000] {logging_mixin.py:188} INFO - [2024-04-22T16:24:33.924+0000] {dagbag.py:540} INFO - Filling up the DagBag from /home/airflow/.local/lib/python3.8/site-packages/airflow/example_dags/example_branch_labels.py
[2024-04-22T16:24:33.933+0000] {processor.py:840} INFO - DAG(s) 'example_branch_labels' retrieved from /home/airflow/.local/lib/python3.8/site-packages/airflow/example_dags/example_branch_labels.py
[2024-04-22T16:24:33.958+0000] {logging_mixin.py:188} INFO - [2024-04-22T16:24:33.958+0000] {dag.py:3047} INFO - Sync 1 DAGs
[2024-04-22T16:24:33.994+0000] {logging_mixin.py:188} INFO - [2024-04-22T16:24:33.993+0000] {dag.py:3834} INFO - Setting next_dagrun for example_branch_labels to 2024-04-21 00:00:00+00:00, run_after=2024-04-22 00:00:00+00:00
[2024-04-22T16:24:34.030+0000] {processor.py:183} INFO - Processing /home/airflow/.local/lib/python3.8/site-packages/airflow/example_dags/example_branch_labels.py took 0.111 seconds
[2024-04-22T16:25:04.378+0000] {processor.py:161} INFO - Started process (PID=1804) to work on /home/airflow/.local/lib/python3.8/site-packages/airflow/example_dags/example_branch_labels.py
[2024-04-22T16:25:04.379+0000] {processor.py:830} INFO - Processing file /home/airflow/.local/lib/python3.8/site-packages/airflow/example_dags/example_branch_labels.py for tasks to queue
[2024-04-22T16:25:04.379+0000] {logging_mixin.py:188} INFO - [2024-04-22T16:25:04.379+0000] {dagbag.py:540} INFO - Filling up the DagBag from /home/airflow/.local/lib/python3.8/site-packages/airflow/example_dags/example_branch_labels.py
[2024-04-22T16:25:04.386+0000] {processor.py:840} INFO - DAG(s) 'example_branch_labels' retrieved from /home/airflow/.local/lib/python3.8/site-packages/airflow/example_dags/example_branch_labels.py
[2024-04-22T16:25:04.403+0000] {logging_mixin.py:188} INFO - [2024-04-22T16:25:04.403+0000] {dag.py:3047} INFO - Sync 1 DAGs
[2024-04-22T16:25:04.422+0000] {logging_mixin.py:188} INFO - [2024-04-22T16:25:04.421+0000] {dag.py:3834} INFO - Setting next_dagrun for example_branch_labels to 2024-04-21 00:00:00+00:00, run_after=2024-04-22 00:00:00+00:00
[2024-04-22T16:25:04.440+0000] {processor.py:183} INFO - Processing /home/airflow/.local/lib/python3.8/site-packages/airflow/example_dags/example_branch_labels.py took 0.065 seconds
[2024-04-22T16:25:34.958+0000] {processor.py:161} INFO - Started process (PID=2065) to work on /home/airflow/.local/lib/python3.8/site-packages/airflow/example_dags/example_branch_labels.py
[2024-04-22T16:25:34.958+0000] {processor.py:830} INFO - Processing file /home/airflow/.local/lib/python3.8/site-packages/airflow/example_dags/example_branch_labels.py for tasks to queue
[2024-04-22T16:25:34.959+0000] {logging_mixin.py:188} INFO - [2024-04-22T16:25:34.959+0000] {dagbag.py:540} INFO - Filling up the DagBag from /home/airflow/.local/lib/python3.8/site-packages/airflow/example_dags/example_branch_labels.py
[2024-04-22T16:25:34.975+0000] {processor.py:840} INFO - DAG(s) 'example_branch_labels' retrieved from /home/airflow/.local/lib/python3.8/site-packages/airflow/example_dags/example_branch_labels.py
[2024-04-22T16:25:35.023+0000] {logging_mixin.py:188} INFO - [2024-04-22T16:25:35.023+0000] {dag.py:3047} INFO - Sync 1 DAGs
[2024-04-22T16:25:35.052+0000] {logging_mixin.py:188} INFO - [2024-04-22T16:25:35.051+0000] {dag.py:3834} INFO - Setting next_dagrun for example_branch_labels to 2024-04-21 00:00:00+00:00, run_after=2024-04-22 00:00:00+00:00
[2024-04-22T16:25:35.077+0000] {processor.py:183} INFO - Processing /home/airflow/.local/lib/python3.8/site-packages/airflow/example_dags/example_branch_labels.py took 0.128 seconds
[2024-04-22T16:26:05.471+0000] {processor.py:161} INFO - Started process (PID=2322) to work on /home/airflow/.local/lib/python3.8/site-packages/airflow/example_dags/example_branch_labels.py
[2024-04-22T16:26:05.472+0000] {processor.py:830} INFO - Processing file /home/airflow/.local/lib/python3.8/site-packages/airflow/example_dags/example_branch_labels.py for tasks to queue
[2024-04-22T16:26:05.473+0000] {logging_mixin.py:188} INFO - [2024-04-22T16:26:05.473+0000] {dagbag.py:540} INFO - Filling up the DagBag from /home/airflow/.local/lib/python3.8/site-packages/airflow/example_dags/example_branch_labels.py
[2024-04-22T16:26:05.482+0000] {processor.py:840} INFO - DAG(s) 'example_branch_labels' retrieved from /home/airflow/.local/lib/python3.8/site-packages/airflow/example_dags/example_branch_labels.py
[2024-04-22T16:26:05.505+0000] {logging_mixin.py:188} INFO - [2024-04-22T16:26:05.505+0000] {dag.py:3047} INFO - Sync 1 DAGs
[2024-04-22T16:26:05.539+0000] {logging_mixin.py:188} INFO - [2024-04-22T16:26:05.539+0000] {dag.py:3834} INFO - Setting next_dagrun for example_branch_labels to 2024-04-21 00:00:00+00:00, run_after=2024-04-22 00:00:00+00:00
[2024-04-22T16:26:05.579+0000] {processor.py:183} INFO - Processing /home/airflow/.local/lib/python3.8/site-packages/airflow/example_dags/example_branch_labels.py took 0.111 seconds
