[2024-04-22T16:22:03.585+0000] {processor.py:161} INFO - Started process (PID=385) to work on /home/airflow/.local/lib/python3.8/site-packages/airflow/example_dags/example_latest_only_with_trigger.py
[2024-04-22T16:22:03.591+0000] {processor.py:830} INFO - Processing file /home/airflow/.local/lib/python3.8/site-packages/airflow/example_dags/example_latest_only_with_trigger.py for tasks to queue
[2024-04-22T16:22:03.592+0000] {logging_mixin.py:188} INFO - [2024-04-22T16:22:03.592+0000] {dagbag.py:540} INFO - Filling up the DagBag from /home/airflow/.local/lib/python3.8/site-packages/airflow/example_dags/example_latest_only_with_trigger.py
[2024-04-22T16:22:03.604+0000] {processor.py:840} INFO - DAG(s) 'latest_only_with_trigger' retrieved from /home/airflow/.local/lib/python3.8/site-packages/airflow/example_dags/example_latest_only_with_trigger.py
[2024-04-22T16:22:03.636+0000] {logging_mixin.py:188} INFO - [2024-04-22T16:22:03.635+0000] {dag.py:3047} INFO - Sync 1 DAGs
[2024-04-22T16:22:03.687+0000] {logging_mixin.py:188} INFO - [2024-04-22T16:22:03.686+0000] {dag.py:3834} INFO - Setting next_dagrun for latest_only_with_trigger to 2024-04-22 12:00:00+00:00, run_after=2024-04-22 16:00:00+00:00
[2024-04-22T16:22:03.761+0000] {processor.py:183} INFO - Processing /home/airflow/.local/lib/python3.8/site-packages/airflow/example_dags/example_latest_only_with_trigger.py took 0.180 seconds
[2024-04-22T16:22:34.442+0000] {processor.py:161} INFO - Started process (PID=641) to work on /home/airflow/.local/lib/python3.8/site-packages/airflow/example_dags/example_latest_only_with_trigger.py
[2024-04-22T16:22:34.443+0000] {processor.py:830} INFO - Processing file /home/airflow/.local/lib/python3.8/site-packages/airflow/example_dags/example_latest_only_with_trigger.py for tasks to queue
[2024-04-22T16:22:34.444+0000] {logging_mixin.py:188} INFO - [2024-04-22T16:22:34.444+0000] {dagbag.py:540} INFO - Filling up the DagBag from /home/airflow/.local/lib/python3.8/site-packages/airflow/example_dags/example_latest_only_with_trigger.py
[2024-04-22T16:22:34.451+0000] {processor.py:840} INFO - DAG(s) 'latest_only_with_trigger' retrieved from /home/airflow/.local/lib/python3.8/site-packages/airflow/example_dags/example_latest_only_with_trigger.py
[2024-04-22T16:22:34.484+0000] {logging_mixin.py:188} INFO - [2024-04-22T16:22:34.484+0000] {dag.py:3047} INFO - Sync 1 DAGs
[2024-04-22T16:22:34.543+0000] {logging_mixin.py:188} INFO - [2024-04-22T16:22:34.543+0000] {dag.py:3834} INFO - Setting next_dagrun for latest_only_with_trigger to 2024-04-22 12:00:00+00:00, run_after=2024-04-22 16:00:00+00:00
[2024-04-22T16:22:34.592+0000] {processor.py:183} INFO - Processing /home/airflow/.local/lib/python3.8/site-packages/airflow/example_dags/example_latest_only_with_trigger.py took 0.153 seconds
[2024-04-22T16:23:05.612+0000] {processor.py:161} INFO - Started process (PID=898) to work on /home/airflow/.local/lib/python3.8/site-packages/airflow/example_dags/example_latest_only_with_trigger.py
[2024-04-22T16:23:05.612+0000] {processor.py:830} INFO - Processing file /home/airflow/.local/lib/python3.8/site-packages/airflow/example_dags/example_latest_only_with_trigger.py for tasks to queue
[2024-04-22T16:23:05.613+0000] {logging_mixin.py:188} INFO - [2024-04-22T16:23:05.613+0000] {dagbag.py:540} INFO - Filling up the DagBag from /home/airflow/.local/lib/python3.8/site-packages/airflow/example_dags/example_latest_only_with_trigger.py
[2024-04-22T16:23:05.621+0000] {processor.py:840} INFO - DAG(s) 'latest_only_with_trigger' retrieved from /home/airflow/.local/lib/python3.8/site-packages/airflow/example_dags/example_latest_only_with_trigger.py
[2024-04-22T16:23:05.645+0000] {logging_mixin.py:188} INFO - [2024-04-22T16:23:05.644+0000] {dag.py:3047} INFO - Sync 1 DAGs
[2024-04-22T16:23:05.671+0000] {logging_mixin.py:188} INFO - [2024-04-22T16:23:05.670+0000] {dag.py:3834} INFO - Setting next_dagrun for latest_only_with_trigger to 2024-04-22 12:00:00+00:00, run_after=2024-04-22 16:00:00+00:00
[2024-04-22T16:23:05.694+0000] {processor.py:183} INFO - Processing /home/airflow/.local/lib/python3.8/site-packages/airflow/example_dags/example_latest_only_with_trigger.py took 0.088 seconds
[2024-04-22T16:23:36.233+0000] {processor.py:161} INFO - Started process (PID=1155) to work on /home/airflow/.local/lib/python3.8/site-packages/airflow/example_dags/example_latest_only_with_trigger.py
[2024-04-22T16:23:36.236+0000] {processor.py:830} INFO - Processing file /home/airflow/.local/lib/python3.8/site-packages/airflow/example_dags/example_latest_only_with_trigger.py for tasks to queue
[2024-04-22T16:23:36.237+0000] {logging_mixin.py:188} INFO - [2024-04-22T16:23:36.237+0000] {dagbag.py:540} INFO - Filling up the DagBag from /home/airflow/.local/lib/python3.8/site-packages/airflow/example_dags/example_latest_only_with_trigger.py
[2024-04-22T16:23:36.245+0000] {processor.py:840} INFO - DAG(s) 'latest_only_with_trigger' retrieved from /home/airflow/.local/lib/python3.8/site-packages/airflow/example_dags/example_latest_only_with_trigger.py
