[2024-04-22T16:21:57.437+0000] {processor.py:161} INFO - Started process (PID=200) to work on /home/airflow/.local/lib/python3.8/site-packages/airflow/example_dags/tutorial.py
[2024-04-22T16:21:57.438+0000] {processor.py:830} INFO - Processing file /home/airflow/.local/lib/python3.8/site-packages/airflow/example_dags/tutorial.py for tasks to queue
[2024-04-22T16:21:57.439+0000] {logging_mixin.py:188} INFO - [2024-04-22T16:21:57.439+0000] {dagbag.py:540} INFO - Filling up the DagBag from /home/airflow/.local/lib/python3.8/site-packages/airflow/example_dags/tutorial.py
[2024-04-22T16:21:57.457+0000] {processor.py:840} INFO - DAG(s) 'tutorial' retrieved from /home/airflow/.local/lib/python3.8/site-packages/airflow/example_dags/tutorial.py
[2024-04-22T16:21:57.568+0000] {logging_mixin.py:188} INFO - [2024-04-22T16:21:57.568+0000] {dag.py:3047} INFO - Sync 1 DAGs
[2024-04-22T16:21:57.679+0000] {logging_mixin.py:188} INFO - [2024-04-22T16:21:57.679+0000] {dag.py:3834} INFO - Setting next_dagrun for tutorial to 2024-04-21 00:00:00+00:00, run_after=2024-04-22 00:00:00+00:00
[2024-04-22T16:21:57.790+0000] {processor.py:183} INFO - Processing /home/airflow/.local/lib/python3.8/site-packages/airflow/example_dags/tutorial.py took 0.363 seconds
[2024-04-22T16:22:28.412+0000] {processor.py:161} INFO - Started process (PID=456) to work on /home/airflow/.local/lib/python3.8/site-packages/airflow/example_dags/tutorial.py
[2024-04-22T16:22:28.414+0000] {processor.py:830} INFO - Processing file /home/airflow/.local/lib/python3.8/site-packages/airflow/example_dags/tutorial.py for tasks to queue
[2024-04-22T16:22:28.414+0000] {logging_mixin.py:188} INFO - [2024-04-22T16:22:28.414+0000] {dagbag.py:540} INFO - Filling up the DagBag from /home/airflow/.local/lib/python3.8/site-packages/airflow/example_dags/tutorial.py
[2024-04-22T16:22:28.421+0000] {processor.py:840} INFO - DAG(s) 'tutorial' retrieved from /home/airflow/.local/lib/python3.8/site-packages/airflow/example_dags/tutorial.py
[2024-04-22T16:22:28.444+0000] {logging_mixin.py:188} INFO - [2024-04-22T16:22:28.444+0000] {dag.py:3047} INFO - Sync 1 DAGs
[2024-04-22T16:22:28.470+0000] {logging_mixin.py:188} INFO - [2024-04-22T16:22:28.470+0000] {dag.py:3834} INFO - Setting next_dagrun for tutorial to 2024-04-21 00:00:00+00:00, run_after=2024-04-22 00:00:00+00:00
[2024-04-22T16:22:28.521+0000] {processor.py:183} INFO - Processing /home/airflow/.local/lib/python3.8/site-packages/airflow/example_dags/tutorial.py took 0.112 seconds
[2024-04-22T16:22:58.596+0000] {processor.py:161} INFO - Started process (PID=709) to work on /home/airflow/.local/lib/python3.8/site-packages/airflow/example_dags/tutorial.py
[2024-04-22T16:22:58.596+0000] {processor.py:830} INFO - Processing file /home/airflow/.local/lib/python3.8/site-packages/airflow/example_dags/tutorial.py for tasks to queue
[2024-04-22T16:22:58.597+0000] {logging_mixin.py:188} INFO - [2024-04-22T16:22:58.597+0000] {dagbag.py:540} INFO - Filling up the DagBag from /home/airflow/.local/lib/python3.8/site-packages/airflow/example_dags/tutorial.py
[2024-04-22T16:22:58.602+0000] {processor.py:840} INFO - DAG(s) 'tutorial' retrieved from /home/airflow/.local/lib/python3.8/site-packages/airflow/example_dags/tutorial.py
[2024-04-22T16:22:58.623+0000] {logging_mixin.py:188} INFO - [2024-04-22T16:22:58.622+0000] {dag.py:3047} INFO - Sync 1 DAGs
[2024-04-22T16:22:58.641+0000] {logging_mixin.py:188} INFO - [2024-04-22T16:22:58.641+0000] {dag.py:3834} INFO - Setting next_dagrun for tutorial to 2024-04-21 00:00:00+00:00, run_after=2024-04-22 00:00:00+00:00
[2024-04-22T16:22:58.660+0000] {processor.py:183} INFO - Processing /home/airflow/.local/lib/python3.8/site-packages/airflow/example_dags/tutorial.py took 0.067 seconds
[2024-04-22T16:23:28.760+0000] {processor.py:161} INFO - Started process (PID=964) to work on /home/airflow/.local/lib/python3.8/site-packages/airflow/example_dags/tutorial.py
[2024-04-22T16:23:28.761+0000] {processor.py:830} INFO - Processing file /home/airflow/.local/lib/python3.8/site-packages/airflow/example_dags/tutorial.py for tasks to queue
[2024-04-22T16:23:28.762+0000] {logging_mixin.py:188} INFO - [2024-04-22T16:23:28.762+0000] {dagbag.py:540} INFO - Filling up the DagBag from /home/airflow/.local/lib/python3.8/site-packages/airflow/example_dags/tutorial.py
[2024-04-22T16:23:28.775+0000] {processor.py:840} INFO - DAG(s) 'tutorial' retrieved from /home/airflow/.local/lib/python3.8/site-packages/airflow/example_dags/tutorial.py
[2024-04-22T16:23:28.797+0000] {logging_mixin.py:188} INFO - [2024-04-22T16:23:28.797+0000] {dag.py:3047} INFO - Sync 1 DAGs
[2024-04-22T16:23:28.824+0000] {logging_mixin.py:188} INFO - [2024-04-22T16:23:28.823+0000] {dag.py:3834} INFO - Setting next_dagrun for tutorial to 2024-04-21 00:00:00+00:00, run_after=2024-04-22 00:00:00+00:00
[2024-04-22T16:23:28.870+0000] {processor.py:183} INFO - Processing /home/airflow/.local/lib/python3.8/site-packages/airflow/example_dags/tutorial.py took 0.113 seconds
[2024-04-22T16:23:59.606+0000] {processor.py:161} INFO - Started process (PID=1226) to work on /home/airflow/.local/lib/python3.8/site-packages/airflow/example_dags/tutorial.py
[2024-04-22T16:23:59.607+0000] {processor.py:830} INFO - Processing file /home/airflow/.local/lib/python3.8/site-packages/airflow/example_dags/tutorial.py for tasks to queue
[2024-04-22T16:23:59.607+0000] {logging_mixin.py:188} INFO - [2024-04-22T16:23:59.607+0000] {dagbag.py:540} INFO - Filling up the DagBag from /home/airflow/.local/lib/python3.8/site-packages/airflow/example_dags/tutorial.py
[2024-04-22T16:23:59.614+0000] {processor.py:840} INFO - DAG(s) 'tutorial' retrieved from /home/airflow/.local/lib/python3.8/site-packages/airflow/example_dags/tutorial.py
[2024-04-22T16:23:59.638+0000] {logging_mixin.py:188} INFO - [2024-04-22T16:23:59.637+0000] {dag.py:3047} INFO - Sync 1 DAGs
[2024-04-22T16:23:59.662+0000] {logging_mixin.py:188} INFO - [2024-04-22T16:23:59.662+0000] {dag.py:3834} INFO - Setting next_dagrun for tutorial to 2024-04-21 00:00:00+00:00, run_after=2024-04-22 00:00:00+00:00
[2024-04-22T16:23:59.686+0000] {processor.py:183} INFO - Processing /home/airflow/.local/lib/python3.8/site-packages/airflow/example_dags/tutorial.py took 0.084 seconds
[2024-04-22T16:24:29.742+0000] {processor.py:161} INFO - Started process (PID=1479) to work on /home/airflow/.local/lib/python3.8/site-packages/airflow/example_dags/tutorial.py
[2024-04-22T16:24:29.743+0000] {processor.py:830} INFO - Processing file /home/airflow/.local/lib/python3.8/site-packages/airflow/example_dags/tutorial.py for tasks to queue
[2024-04-22T16:24:29.744+0000] {logging_mixin.py:188} INFO - [2024-04-22T16:24:29.744+0000] {dagbag.py:540} INFO - Filling up the DagBag from /home/airflow/.local/lib/python3.8/site-packages/airflow/example_dags/tutorial.py
[2024-04-22T16:24:29.751+0000] {processor.py:840} INFO - DAG(s) 'tutorial' retrieved from /home/airflow/.local/lib/python3.8/site-packages/airflow/example_dags/tutorial.py
[2024-04-22T16:24:29.775+0000] {logging_mixin.py:188} INFO - [2024-04-22T16:24:29.775+0000] {dag.py:3047} INFO - Sync 1 DAGs
[2024-04-22T16:24:29.800+0000] {logging_mixin.py:188} INFO - [2024-04-22T16:24:29.800+0000] {dag.py:3834} INFO - Setting next_dagrun for tutorial to 2024-04-21 00:00:00+00:00, run_after=2024-04-22 00:00:00+00:00
[2024-04-22T16:24:29.821+0000] {processor.py:183} INFO - Processing /home/airflow/.local/lib/python3.8/site-packages/airflow/example_dags/tutorial.py took 0.082 seconds
[2024-04-22T16:25:00.451+0000] {processor.py:161} INFO - Started process (PID=1742) to work on /home/airflow/.local/lib/python3.8/site-packages/airflow/example_dags/tutorial.py
[2024-04-22T16:25:00.453+0000] {processor.py:830} INFO - Processing file /home/airflow/.local/lib/python3.8/site-packages/airflow/example_dags/tutorial.py for tasks to queue
[2024-04-22T16:25:00.454+0000] {logging_mixin.py:188} INFO - [2024-04-22T16:25:00.453+0000] {dagbag.py:540} INFO - Filling up the DagBag from /home/airflow/.local/lib/python3.8/site-packages/airflow/example_dags/tutorial.py
[2024-04-22T16:25:00.460+0000] {processor.py:840} INFO - DAG(s) 'tutorial' retrieved from /home/airflow/.local/lib/python3.8/site-packages/airflow/example_dags/tutorial.py
[2024-04-22T16:25:00.485+0000] {logging_mixin.py:188} INFO - [2024-04-22T16:25:00.485+0000] {dag.py:3047} INFO - Sync 1 DAGs
[2024-04-22T16:25:00.516+0000] {logging_mixin.py:188} INFO - [2024-04-22T16:25:00.515+0000] {dag.py:3834} INFO - Setting next_dagrun for tutorial to 2024-04-21 00:00:00+00:00, run_after=2024-04-22 00:00:00+00:00
[2024-04-22T16:25:00.564+0000] {processor.py:183} INFO - Processing /home/airflow/.local/lib/python3.8/site-packages/airflow/example_dags/tutorial.py took 0.116 seconds
[2024-04-22T16:25:31.242+0000] {processor.py:161} INFO - Started process (PID=1999) to work on /home/airflow/.local/lib/python3.8/site-packages/airflow/example_dags/tutorial.py
[2024-04-22T16:25:31.243+0000] {processor.py:830} INFO - Processing file /home/airflow/.local/lib/python3.8/site-packages/airflow/example_dags/tutorial.py for tasks to queue
[2024-04-22T16:25:31.243+0000] {logging_mixin.py:188} INFO - [2024-04-22T16:25:31.243+0000] {dagbag.py:540} INFO - Filling up the DagBag from /home/airflow/.local/lib/python3.8/site-packages/airflow/example_dags/tutorial.py
[2024-04-22T16:25:31.249+0000] {processor.py:840} INFO - DAG(s) 'tutorial' retrieved from /home/airflow/.local/lib/python3.8/site-packages/airflow/example_dags/tutorial.py
[2024-04-22T16:25:31.270+0000] {logging_mixin.py:188} INFO - [2024-04-22T16:25:31.270+0000] {dag.py:3047} INFO - Sync 1 DAGs
[2024-04-22T16:25:31.289+0000] {logging_mixin.py:188} INFO - [2024-04-22T16:25:31.289+0000] {dag.py:3834} INFO - Setting next_dagrun for tutorial to 2024-04-21 00:00:00+00:00, run_after=2024-04-22 00:00:00+00:00
[2024-04-22T16:25:31.308+0000] {processor.py:183} INFO - Processing /home/airflow/.local/lib/python3.8/site-packages/airflow/example_dags/tutorial.py took 0.070 seconds
[2024-04-22T16:26:01.392+0000] {processor.py:161} INFO - Started process (PID=2254) to work on /home/airflow/.local/lib/python3.8/site-packages/airflow/example_dags/tutorial.py
[2024-04-22T16:26:01.394+0000] {processor.py:830} INFO - Processing file /home/airflow/.local/lib/python3.8/site-packages/airflow/example_dags/tutorial.py for tasks to queue
[2024-04-22T16:26:01.394+0000] {logging_mixin.py:188} INFO - [2024-04-22T16:26:01.394+0000] {dagbag.py:540} INFO - Filling up the DagBag from /home/airflow/.local/lib/python3.8/site-packages/airflow/example_dags/tutorial.py
[2024-04-22T16:26:01.405+0000] {processor.py:840} INFO - DAG(s) 'tutorial' retrieved from /home/airflow/.local/lib/python3.8/site-packages/airflow/example_dags/tutorial.py
[2024-04-22T16:26:01.434+0000] {logging_mixin.py:188} INFO - [2024-04-22T16:26:01.433+0000] {dag.py:3047} INFO - Sync 1 DAGs
[2024-04-22T16:26:01.459+0000] {logging_mixin.py:188} INFO - [2024-04-22T16:26:01.459+0000] {dag.py:3834} INFO - Setting next_dagrun for tutorial to 2024-04-21 00:00:00+00:00, run_after=2024-04-22 00:00:00+00:00
[2024-04-22T16:26:01.482+0000] {processor.py:183} INFO - Processing /home/airflow/.local/lib/python3.8/site-packages/airflow/example_dags/tutorial.py took 0.099 seconds
