[2024-04-22T16:22:01.419+0000] {processor.py:161} INFO - Started process (PID=295) to work on /home/airflow/.local/lib/python3.8/site-packages/airflow/example_dags/tutorial_dag.py
[2024-04-22T16:22:01.420+0000] {processor.py:830} INFO - Processing file /home/airflow/.local/lib/python3.8/site-packages/airflow/example_dags/tutorial_dag.py for tasks to queue
[2024-04-22T16:22:01.420+0000] {logging_mixin.py:188} INFO - [2024-04-22T16:22:01.420+0000] {dagbag.py:540} INFO - Filling up the DagBag from /home/airflow/.local/lib/python3.8/site-packages/airflow/example_dags/tutorial_dag.py
[2024-04-22T16:22:01.427+0000] {processor.py:840} INFO - DAG(s) 'tutorial_dag' retrieved from /home/airflow/.local/lib/python3.8/site-packages/airflow/example_dags/tutorial_dag.py
[2024-04-22T16:22:01.452+0000] {logging_mixin.py:188} INFO - [2024-04-22T16:22:01.452+0000] {dag.py:3047} INFO - Sync 1 DAGs
[2024-04-22T16:22:01.467+0000] {logging_mixin.py:188} INFO - [2024-04-22T16:22:01.466+0000] {dag.py:3834} INFO - Setting next_dagrun for tutorial_dag to None, run_after=None
[2024-04-22T16:22:01.498+0000] {processor.py:183} INFO - Processing /home/airflow/.local/lib/python3.8/site-packages/airflow/example_dags/tutorial_dag.py took 0.083 seconds
[2024-04-22T16:22:31.981+0000] {processor.py:161} INFO - Started process (PID=551) to work on /home/airflow/.local/lib/python3.8/site-packages/airflow/example_dags/tutorial_dag.py
[2024-04-22T16:22:31.982+0000] {processor.py:830} INFO - Processing file /home/airflow/.local/lib/python3.8/site-packages/airflow/example_dags/tutorial_dag.py for tasks to queue
[2024-04-22T16:22:31.983+0000] {logging_mixin.py:188} INFO - [2024-04-22T16:22:31.983+0000] {dagbag.py:540} INFO - Filling up the DagBag from /home/airflow/.local/lib/python3.8/site-packages/airflow/example_dags/tutorial_dag.py
[2024-04-22T16:22:31.989+0000] {processor.py:840} INFO - DAG(s) 'tutorial_dag' retrieved from /home/airflow/.local/lib/python3.8/site-packages/airflow/example_dags/tutorial_dag.py
[2024-04-22T16:22:32.013+0000] {logging_mixin.py:188} INFO - [2024-04-22T16:22:32.012+0000] {dag.py:3047} INFO - Sync 1 DAGs
[2024-04-22T16:22:32.031+0000] {logging_mixin.py:188} INFO - [2024-04-22T16:22:32.030+0000] {dag.py:3834} INFO - Setting next_dagrun for tutorial_dag to None, run_after=None
[2024-04-22T16:22:32.081+0000] {processor.py:183} INFO - Processing /home/airflow/.local/lib/python3.8/site-packages/airflow/example_dags/tutorial_dag.py took 0.103 seconds
[2024-04-22T16:23:02.205+0000] {processor.py:161} INFO - Started process (PID=807) to work on /home/airflow/.local/lib/python3.8/site-packages/airflow/example_dags/tutorial_dag.py
[2024-04-22T16:23:02.206+0000] {processor.py:830} INFO - Processing file /home/airflow/.local/lib/python3.8/site-packages/airflow/example_dags/tutorial_dag.py for tasks to queue
[2024-04-22T16:23:02.207+0000] {logging_mixin.py:188} INFO - [2024-04-22T16:23:02.206+0000] {dagbag.py:540} INFO - Filling up the DagBag from /home/airflow/.local/lib/python3.8/site-packages/airflow/example_dags/tutorial_dag.py
[2024-04-22T16:23:02.211+0000] {processor.py:840} INFO - DAG(s) 'tutorial_dag' retrieved from /home/airflow/.local/lib/python3.8/site-packages/airflow/example_dags/tutorial_dag.py
[2024-04-22T16:23:02.232+0000] {logging_mixin.py:188} INFO - [2024-04-22T16:23:02.232+0000] {dag.py:3047} INFO - Sync 1 DAGs
[2024-04-22T16:23:02.245+0000] {logging_mixin.py:188} INFO - [2024-04-22T16:23:02.245+0000] {dag.py:3834} INFO - Setting next_dagrun for tutorial_dag to None, run_after=None
[2024-04-22T16:23:02.264+0000] {processor.py:183} INFO - Processing /home/airflow/.local/lib/python3.8/site-packages/airflow/example_dags/tutorial_dag.py took 0.063 seconds
[2024-04-22T16:23:33.687+0000] {processor.py:161} INFO - Started process (PID=1066) to work on /home/airflow/.local/lib/python3.8/site-packages/airflow/example_dags/tutorial_dag.py
[2024-04-22T16:23:33.688+0000] {processor.py:830} INFO - Processing file /home/airflow/.local/lib/python3.8/site-packages/airflow/example_dags/tutorial_dag.py for tasks to queue
[2024-04-22T16:23:33.690+0000] {logging_mixin.py:188} INFO - [2024-04-22T16:23:33.689+0000] {dagbag.py:540} INFO - Filling up the DagBag from /home/airflow/.local/lib/python3.8/site-packages/airflow/example_dags/tutorial_dag.py
[2024-04-22T16:23:33.695+0000] {processor.py:840} INFO - DAG(s) 'tutorial_dag' retrieved from /home/airflow/.local/lib/python3.8/site-packages/airflow/example_dags/tutorial_dag.py
[2024-04-22T16:23:33.721+0000] {logging_mixin.py:188} INFO - [2024-04-22T16:23:33.721+0000] {dag.py:3047} INFO - Sync 1 DAGs
[2024-04-22T16:23:33.752+0000] {logging_mixin.py:188} INFO - [2024-04-22T16:23:33.751+0000] {dag.py:3834} INFO - Setting next_dagrun for tutorial_dag to None, run_after=None
[2024-04-22T16:23:33.785+0000] {processor.py:183} INFO - Processing /home/airflow/.local/lib/python3.8/site-packages/airflow/example_dags/tutorial_dag.py took 0.102 seconds
[2024-04-22T16:24:03.864+0000] {processor.py:161} INFO - Started process (PID=1321) to work on /home/airflow/.local/lib/python3.8/site-packages/airflow/example_dags/tutorial_dag.py
[2024-04-22T16:24:03.865+0000] {processor.py:830} INFO - Processing file /home/airflow/.local/lib/python3.8/site-packages/airflow/example_dags/tutorial_dag.py for tasks to queue
[2024-04-22T16:24:03.866+0000] {logging_mixin.py:188} INFO - [2024-04-22T16:24:03.865+0000] {dagbag.py:540} INFO - Filling up the DagBag from /home/airflow/.local/lib/python3.8/site-packages/airflow/example_dags/tutorial_dag.py
[2024-04-22T16:24:03.871+0000] {processor.py:840} INFO - DAG(s) 'tutorial_dag' retrieved from /home/airflow/.local/lib/python3.8/site-packages/airflow/example_dags/tutorial_dag.py
[2024-04-22T16:24:03.892+0000] {logging_mixin.py:188} INFO - [2024-04-22T16:24:03.892+0000] {dag.py:3047} INFO - Sync 1 DAGs
[2024-04-22T16:24:03.906+0000] {logging_mixin.py:188} INFO - [2024-04-22T16:24:03.906+0000] {dag.py:3834} INFO - Setting next_dagrun for tutorial_dag to None, run_after=None
[2024-04-22T16:24:03.934+0000] {processor.py:183} INFO - Processing /home/airflow/.local/lib/python3.8/site-packages/airflow/example_dags/tutorial_dag.py took 0.074 seconds
[2024-04-22T16:24:34.413+0000] {processor.py:161} INFO - Started process (PID=1579) to work on /home/airflow/.local/lib/python3.8/site-packages/airflow/example_dags/tutorial_dag.py
[2024-04-22T16:24:34.414+0000] {processor.py:830} INFO - Processing file /home/airflow/.local/lib/python3.8/site-packages/airflow/example_dags/tutorial_dag.py for tasks to queue
[2024-04-22T16:24:34.415+0000] {logging_mixin.py:188} INFO - [2024-04-22T16:24:34.415+0000] {dagbag.py:540} INFO - Filling up the DagBag from /home/airflow/.local/lib/python3.8/site-packages/airflow/example_dags/tutorial_dag.py
[2024-04-22T16:24:34.421+0000] {processor.py:840} INFO - DAG(s) 'tutorial_dag' retrieved from /home/airflow/.local/lib/python3.8/site-packages/airflow/example_dags/tutorial_dag.py
[2024-04-22T16:24:34.441+0000] {logging_mixin.py:188} INFO - [2024-04-22T16:24:34.441+0000] {dag.py:3047} INFO - Sync 1 DAGs
[2024-04-22T16:24:34.455+0000] {logging_mixin.py:188} INFO - [2024-04-22T16:24:34.455+0000] {dag.py:3834} INFO - Setting next_dagrun for tutorial_dag to None, run_after=None
[2024-04-22T16:24:34.476+0000] {processor.py:183} INFO - Processing /home/airflow/.local/lib/python3.8/site-packages/airflow/example_dags/tutorial_dag.py took 0.067 seconds
[2024-04-22T16:25:05.015+0000] {processor.py:161} INFO - Started process (PID=1845) to work on /home/airflow/.local/lib/python3.8/site-packages/airflow/example_dags/tutorial_dag.py
[2024-04-22T16:25:05.016+0000] {processor.py:830} INFO - Processing file /home/airflow/.local/lib/python3.8/site-packages/airflow/example_dags/tutorial_dag.py for tasks to queue
[2024-04-22T16:25:05.017+0000] {logging_mixin.py:188} INFO - [2024-04-22T16:25:05.017+0000] {dagbag.py:540} INFO - Filling up the DagBag from /home/airflow/.local/lib/python3.8/site-packages/airflow/example_dags/tutorial_dag.py
[2024-04-22T16:25:05.022+0000] {processor.py:840} INFO - DAG(s) 'tutorial_dag' retrieved from /home/airflow/.local/lib/python3.8/site-packages/airflow/example_dags/tutorial_dag.py
[2024-04-22T16:25:05.045+0000] {logging_mixin.py:188} INFO - [2024-04-22T16:25:05.044+0000] {dag.py:3047} INFO - Sync 1 DAGs
[2024-04-22T16:25:05.060+0000] {logging_mixin.py:188} INFO - [2024-04-22T16:25:05.060+0000] {dag.py:3834} INFO - Setting next_dagrun for tutorial_dag to None, run_after=None
[2024-04-22T16:25:05.102+0000] {processor.py:183} INFO - Processing /home/airflow/.local/lib/python3.8/site-packages/airflow/example_dags/tutorial_dag.py took 0.091 seconds
[2024-04-22T16:25:35.420+0000] {processor.py:161} INFO - Started process (PID=2100) to work on /home/airflow/.local/lib/python3.8/site-packages/airflow/example_dags/tutorial_dag.py
[2024-04-22T16:25:35.421+0000] {processor.py:830} INFO - Processing file /home/airflow/.local/lib/python3.8/site-packages/airflow/example_dags/tutorial_dag.py for tasks to queue
[2024-04-22T16:25:35.422+0000] {logging_mixin.py:188} INFO - [2024-04-22T16:25:35.422+0000] {dagbag.py:540} INFO - Filling up the DagBag from /home/airflow/.local/lib/python3.8/site-packages/airflow/example_dags/tutorial_dag.py
[2024-04-22T16:25:35.429+0000] {processor.py:840} INFO - DAG(s) 'tutorial_dag' retrieved from /home/airflow/.local/lib/python3.8/site-packages/airflow/example_dags/tutorial_dag.py
[2024-04-22T16:25:35.451+0000] {logging_mixin.py:188} INFO - [2024-04-22T16:25:35.451+0000] {dag.py:3047} INFO - Sync 1 DAGs
[2024-04-22T16:25:35.461+0000] {logging_mixin.py:188} INFO - [2024-04-22T16:25:35.461+0000] {dag.py:3834} INFO - Setting next_dagrun for tutorial_dag to None, run_after=None
[2024-04-22T16:25:35.480+0000] {processor.py:183} INFO - Processing /home/airflow/.local/lib/python3.8/site-packages/airflow/example_dags/tutorial_dag.py took 0.064 seconds
[2024-04-22T16:26:05.877+0000] {processor.py:161} INFO - Started process (PID=2357) to work on /home/airflow/.local/lib/python3.8/site-packages/airflow/example_dags/tutorial_dag.py
[2024-04-22T16:26:05.878+0000] {processor.py:830} INFO - Processing file /home/airflow/.local/lib/python3.8/site-packages/airflow/example_dags/tutorial_dag.py for tasks to queue
[2024-04-22T16:26:05.879+0000] {logging_mixin.py:188} INFO - [2024-04-22T16:26:05.879+0000] {dagbag.py:540} INFO - Filling up the DagBag from /home/airflow/.local/lib/python3.8/site-packages/airflow/example_dags/tutorial_dag.py
[2024-04-22T16:26:05.885+0000] {processor.py:840} INFO - DAG(s) 'tutorial_dag' retrieved from /home/airflow/.local/lib/python3.8/site-packages/airflow/example_dags/tutorial_dag.py
[2024-04-22T16:26:05.908+0000] {logging_mixin.py:188} INFO - [2024-04-22T16:26:05.908+0000] {dag.py:3047} INFO - Sync 1 DAGs
[2024-04-22T16:26:05.923+0000] {logging_mixin.py:188} INFO - [2024-04-22T16:26:05.923+0000] {dag.py:3834} INFO - Setting next_dagrun for tutorial_dag to None, run_after=None
[2024-04-22T16:26:05.945+0000] {processor.py:183} INFO - Processing /home/airflow/.local/lib/python3.8/site-packages/airflow/example_dags/tutorial_dag.py took 0.071 seconds
