[2024-04-20T16:45:04.407+0000] {processor.py:161} INFO - Started process (PID=220) to work on /opt/airflow/dags/my_first_dag.py
[2024-04-20T16:45:04.412+0000] {processor.py:830} INFO - Processing file /opt/airflow/dags/my_first_dag.py for tasks to queue
[2024-04-20T16:45:04.413+0000] {logging_mixin.py:188} INFO - [2024-04-20T16:45:04.413+0000] {dagbag.py:540} INFO - Filling up the DagBag from /opt/airflow/dags/my_first_dag.py
[2024-04-20T16:45:04.473+0000] {processor.py:840} INFO - DAG(s) 'my_first_dag' retrieved from /opt/airflow/dags/my_first_dag.py
[2024-04-20T16:45:04.854+0000] {logging_mixin.py:188} INFO - [2024-04-20T16:45:04.854+0000] {dag.py:3047} INFO - Sync 1 DAGs
[2024-04-20T16:45:05.209+0000] {logging_mixin.py:188} INFO - [2024-04-20T16:45:05.209+0000] {dag.py:3834} INFO - Setting next_dagrun for my_first_dag to None, run_after=None
[2024-04-20T16:45:05.580+0000] {processor.py:183} INFO - Processing /opt/airflow/dags/my_first_dag.py took 1.179 seconds
[2024-04-20T16:45:36.016+0000] {processor.py:161} INFO - Started process (PID=471) to work on /opt/airflow/dags/my_first_dag.py
[2024-04-20T16:45:36.125+0000] {processor.py:830} INFO - Processing file /opt/airflow/dags/my_first_dag.py for tasks to queue
[2024-04-20T16:45:36.126+0000] {logging_mixin.py:188} INFO - [2024-04-20T16:45:36.126+0000] {dagbag.py:540} INFO - Filling up the DagBag from /opt/airflow/dags/my_first_dag.py
[2024-04-20T16:45:36.130+0000] {processor.py:840} INFO - DAG(s) 'my_first_dag' retrieved from /opt/airflow/dags/my_first_dag.py
[2024-04-20T16:45:36.150+0000] {logging_mixin.py:188} INFO - [2024-04-20T16:45:36.150+0000] {dag.py:3047} INFO - Sync 1 DAGs
[2024-04-20T16:45:36.160+0000] {logging_mixin.py:188} INFO - [2024-04-20T16:45:36.160+0000] {dag.py:3834} INFO - Setting next_dagrun for my_first_dag to None, run_after=None
[2024-04-20T16:45:36.395+0000] {processor.py:183} INFO - Processing /opt/airflow/dags/my_first_dag.py took 0.381 seconds
[2024-04-20T16:46:06.627+0000] {processor.py:161} INFO - Started process (PID=725) to work on /opt/airflow/dags/my_first_dag.py
[2024-04-20T16:46:06.628+0000] {processor.py:830} INFO - Processing file /opt/airflow/dags/my_first_dag.py for tasks to queue
[2024-04-20T16:46:06.629+0000] {logging_mixin.py:188} INFO - [2024-04-20T16:46:06.628+0000] {dagbag.py:540} INFO - Filling up the DagBag from /opt/airflow/dags/my_first_dag.py
[2024-04-20T16:46:06.632+0000] {processor.py:840} INFO - DAG(s) 'my_first_dag' retrieved from /opt/airflow/dags/my_first_dag.py
[2024-04-20T16:46:06.648+0000] {logging_mixin.py:188} INFO - [2024-04-20T16:46:06.647+0000] {dag.py:3047} INFO - Sync 1 DAGs
[2024-04-20T16:46:06.660+0000] {logging_mixin.py:188} INFO - [2024-04-20T16:46:06.660+0000] {dag.py:3834} INFO - Setting next_dagrun for my_first_dag to None, run_after=None
[2024-04-20T16:46:06.873+0000] {processor.py:183} INFO - Processing /opt/airflow/dags/my_first_dag.py took 0.249 seconds
[2024-04-20T16:46:36.897+0000] {processor.py:161} INFO - Started process (PID=982) to work on /opt/airflow/dags/my_first_dag.py
[2024-04-20T16:46:36.898+0000] {processor.py:830} INFO - Processing file /opt/airflow/dags/my_first_dag.py for tasks to queue
[2024-04-20T16:46:36.899+0000] {logging_mixin.py:188} INFO - [2024-04-20T16:46:36.898+0000] {dagbag.py:540} INFO - Filling up the DagBag from /opt/airflow/dags/my_first_dag.py
[2024-04-20T16:46:36.902+0000] {processor.py:840} INFO - DAG(s) 'my_first_dag' retrieved from /opt/airflow/dags/my_first_dag.py
[2024-04-20T16:46:36.918+0000] {logging_mixin.py:188} INFO - [2024-04-20T16:46:36.918+0000] {dag.py:3047} INFO - Sync 1 DAGs
[2024-04-20T16:46:36.927+0000] {logging_mixin.py:188} INFO - [2024-04-20T16:46:36.927+0000] {dag.py:3834} INFO - Setting next_dagrun for my_first_dag to None, run_after=None
[2024-04-20T16:46:37.131+0000] {processor.py:183} INFO - Processing /opt/airflow/dags/my_first_dag.py took 0.236 seconds
[2024-04-20T16:47:07.932+0000] {processor.py:161} INFO - Started process (PID=1239) to work on /opt/airflow/dags/my_first_dag.py
[2024-04-20T16:47:07.933+0000] {processor.py:830} INFO - Processing file /opt/airflow/dags/my_first_dag.py for tasks to queue
[2024-04-20T16:47:07.934+0000] {logging_mixin.py:188} INFO - [2024-04-20T16:47:07.934+0000] {dagbag.py:540} INFO - Filling up the DagBag from /opt/airflow/dags/my_first_dag.py
[2024-04-20T16:47:07.938+0000] {processor.py:840} INFO - DAG(s) 'my_first_dag' retrieved from /opt/airflow/dags/my_first_dag.py
[2024-04-20T16:47:07.963+0000] {logging_mixin.py:188} INFO - [2024-04-20T16:47:07.963+0000] {dag.py:3047} INFO - Sync 1 DAGs
[2024-04-20T16:47:07.978+0000] {logging_mixin.py:188} INFO - [2024-04-20T16:47:07.978+0000] {dag.py:3834} INFO - Setting next_dagrun for my_first_dag to None, run_after=None
[2024-04-20T16:47:08.106+0000] {processor.py:183} INFO - Processing /opt/airflow/dags/my_first_dag.py took 0.179 seconds
[2024-04-20T16:47:38.762+0000] {processor.py:161} INFO - Started process (PID=1496) to work on /opt/airflow/dags/my_first_dag.py
[2024-04-20T16:47:38.763+0000] {processor.py:830} INFO - Processing file /opt/airflow/dags/my_first_dag.py for tasks to queue
[2024-04-20T16:47:38.764+0000] {logging_mixin.py:188} INFO - [2024-04-20T16:47:38.764+0000] {dagbag.py:540} INFO - Filling up the DagBag from /opt/airflow/dags/my_first_dag.py
[2024-04-20T16:47:38.767+0000] {processor.py:840} INFO - DAG(s) 'my_first_dag' retrieved from /opt/airflow/dags/my_first_dag.py
[2024-04-20T16:47:38.783+0000] {logging_mixin.py:188} INFO - [2024-04-20T16:47:38.783+0000] {dag.py:3047} INFO - Sync 1 DAGs
[2024-04-20T16:47:38.793+0000] {logging_mixin.py:188} INFO - [2024-04-20T16:47:38.793+0000] {dag.py:3834} INFO - Setting next_dagrun for my_first_dag to None, run_after=None
[2024-04-20T16:47:38.974+0000] {processor.py:183} INFO - Processing /opt/airflow/dags/my_first_dag.py took 0.215 seconds
[2024-04-20T16:48:09.025+0000] {processor.py:161} INFO - Started process (PID=1753) to work on /opt/airflow/dags/my_first_dag.py
[2024-04-20T16:48:09.026+0000] {processor.py:830} INFO - Processing file /opt/airflow/dags/my_first_dag.py for tasks to queue
[2024-04-20T16:48:09.026+0000] {logging_mixin.py:188} INFO - [2024-04-20T16:48:09.026+0000] {dagbag.py:540} INFO - Filling up the DagBag from /opt/airflow/dags/my_first_dag.py
[2024-04-20T16:48:09.029+0000] {processor.py:840} INFO - DAG(s) 'my_first_dag' retrieved from /opt/airflow/dags/my_first_dag.py
[2024-04-20T16:48:09.046+0000] {logging_mixin.py:188} INFO - [2024-04-20T16:48:09.045+0000] {dag.py:3047} INFO - Sync 1 DAGs
[2024-04-20T16:48:09.055+0000] {logging_mixin.py:188} INFO - [2024-04-20T16:48:09.055+0000] {dag.py:3834} INFO - Setting next_dagrun for my_first_dag to None, run_after=None
[2024-04-20T16:48:09.176+0000] {processor.py:183} INFO - Processing /opt/airflow/dags/my_first_dag.py took 0.154 seconds
[2024-04-20T16:48:39.771+0000] {processor.py:161} INFO - Started process (PID=2010) to work on /opt/airflow/dags/my_first_dag.py
[2024-04-20T16:48:39.771+0000] {processor.py:830} INFO - Processing file /opt/airflow/dags/my_first_dag.py for tasks to queue
[2024-04-20T16:48:39.772+0000] {logging_mixin.py:188} INFO - [2024-04-20T16:48:39.772+0000] {dagbag.py:540} INFO - Filling up the DagBag from /opt/airflow/dags/my_first_dag.py
[2024-04-20T16:48:39.775+0000] {processor.py:840} INFO - DAG(s) 'my_first_dag' retrieved from /opt/airflow/dags/my_first_dag.py
[2024-04-20T16:48:39.792+0000] {logging_mixin.py:188} INFO - [2024-04-20T16:48:39.792+0000] {dag.py:3047} INFO - Sync 1 DAGs
[2024-04-20T16:48:39.801+0000] {logging_mixin.py:188} INFO - [2024-04-20T16:48:39.801+0000] {dag.py:3834} INFO - Setting next_dagrun for my_first_dag to None, run_after=None
[2024-04-20T16:48:39.923+0000] {processor.py:183} INFO - Processing /opt/airflow/dags/my_first_dag.py took 0.155 seconds
[2024-04-20T16:49:10.590+0000] {processor.py:161} INFO - Started process (PID=2267) to work on /opt/airflow/dags/my_first_dag.py
[2024-04-20T16:49:10.591+0000] {processor.py:830} INFO - Processing file /opt/airflow/dags/my_first_dag.py for tasks to queue
[2024-04-20T16:49:10.592+0000] {logging_mixin.py:188} INFO - [2024-04-20T16:49:10.592+0000] {dagbag.py:540} INFO - Filling up the DagBag from /opt/airflow/dags/my_first_dag.py
[2024-04-20T16:49:10.595+0000] {processor.py:840} INFO - DAG(s) 'my_first_dag' retrieved from /opt/airflow/dags/my_first_dag.py
[2024-04-20T16:49:10.611+0000] {logging_mixin.py:188} INFO - [2024-04-20T16:49:10.611+0000] {dag.py:3047} INFO - Sync 1 DAGs
[2024-04-20T16:49:10.620+0000] {logging_mixin.py:188} INFO - [2024-04-20T16:49:10.620+0000] {dag.py:3834} INFO - Setting next_dagrun for my_first_dag to None, run_after=None
[2024-04-20T16:49:10.741+0000] {processor.py:183} INFO - Processing /opt/airflow/dags/my_first_dag.py took 0.154 seconds
[2024-04-20T16:49:41.285+0000] {processor.py:161} INFO - Started process (PID=2525) to work on /opt/airflow/dags/my_first_dag.py
[2024-04-20T16:49:41.286+0000] {processor.py:830} INFO - Processing file /opt/airflow/dags/my_first_dag.py for tasks to queue
[2024-04-20T16:49:41.286+0000] {logging_mixin.py:188} INFO - [2024-04-20T16:49:41.286+0000] {dagbag.py:540} INFO - Filling up the DagBag from /opt/airflow/dags/my_first_dag.py
[2024-04-20T16:49:41.289+0000] {processor.py:840} INFO - DAG(s) 'my_first_dag' retrieved from /opt/airflow/dags/my_first_dag.py
[2024-04-20T16:49:41.305+0000] {logging_mixin.py:188} INFO - [2024-04-20T16:49:41.305+0000] {dag.py:3047} INFO - Sync 1 DAGs
[2024-04-20T16:49:41.315+0000] {logging_mixin.py:188} INFO - [2024-04-20T16:49:41.314+0000] {dag.py:3834} INFO - Setting next_dagrun for my_first_dag to None, run_after=None
[2024-04-20T16:49:41.485+0000] {processor.py:183} INFO - Processing /opt/airflow/dags/my_first_dag.py took 0.203 seconds
[2024-04-20T16:50:11.516+0000] {processor.py:161} INFO - Started process (PID=2782) to work on /opt/airflow/dags/my_first_dag.py
[2024-04-20T16:50:11.517+0000] {processor.py:830} INFO - Processing file /opt/airflow/dags/my_first_dag.py for tasks to queue
[2024-04-20T16:50:11.518+0000] {logging_mixin.py:188} INFO - [2024-04-20T16:50:11.518+0000] {dagbag.py:540} INFO - Filling up the DagBag from /opt/airflow/dags/my_first_dag.py
[2024-04-20T16:50:11.521+0000] {processor.py:840} INFO - DAG(s) 'my_first_dag' retrieved from /opt/airflow/dags/my_first_dag.py
[2024-04-20T16:50:11.538+0000] {logging_mixin.py:188} INFO - [2024-04-20T16:50:11.537+0000] {dag.py:3047} INFO - Sync 1 DAGs
[2024-04-20T16:50:11.553+0000] {logging_mixin.py:188} INFO - [2024-04-20T16:50:11.553+0000] {dag.py:3834} INFO - Setting next_dagrun for my_first_dag to None, run_after=None
[2024-04-20T16:50:11.678+0000] {processor.py:183} INFO - Processing /opt/airflow/dags/my_first_dag.py took 0.164 seconds
[2024-04-20T16:50:41.943+0000] {processor.py:161} INFO - Started process (PID=3040) to work on /opt/airflow/dags/my_first_dag.py
[2024-04-20T16:50:41.944+0000] {processor.py:830} INFO - Processing file /opt/airflow/dags/my_first_dag.py for tasks to queue
[2024-04-20T16:50:41.944+0000] {logging_mixin.py:188} INFO - [2024-04-20T16:50:41.944+0000] {dagbag.py:540} INFO - Filling up the DagBag from /opt/airflow/dags/my_first_dag.py
[2024-04-20T16:50:41.948+0000] {processor.py:840} INFO - DAG(s) 'my_first_dag' retrieved from /opt/airflow/dags/my_first_dag.py
[2024-04-20T16:50:41.964+0000] {logging_mixin.py:188} INFO - [2024-04-20T16:50:41.964+0000] {dag.py:3047} INFO - Sync 1 DAGs
[2024-04-20T16:50:41.973+0000] {logging_mixin.py:188} INFO - [2024-04-20T16:50:41.973+0000] {dag.py:3834} INFO - Setting next_dagrun for my_first_dag to None, run_after=None
[2024-04-20T16:50:42.095+0000] {processor.py:183} INFO - Processing /opt/airflow/dags/my_first_dag.py took 0.155 seconds
[2024-04-20T16:51:12.909+0000] {processor.py:161} INFO - Started process (PID=3297) to work on /opt/airflow/dags/my_first_dag.py
[2024-04-20T16:51:12.910+0000] {processor.py:830} INFO - Processing file /opt/airflow/dags/my_first_dag.py for tasks to queue
[2024-04-20T16:51:12.911+0000] {logging_mixin.py:188} INFO - [2024-04-20T16:51:12.911+0000] {dagbag.py:540} INFO - Filling up the DagBag from /opt/airflow/dags/my_first_dag.py
[2024-04-20T16:51:12.914+0000] {processor.py:840} INFO - DAG(s) 'my_first_dag' retrieved from /opt/airflow/dags/my_first_dag.py
[2024-04-20T16:51:12.930+0000] {logging_mixin.py:188} INFO - [2024-04-20T16:51:12.930+0000] {dag.py:3047} INFO - Sync 1 DAGs
[2024-04-20T16:51:12.940+0000] {logging_mixin.py:188} INFO - [2024-04-20T16:51:12.940+0000] {dag.py:3834} INFO - Setting next_dagrun for my_first_dag to None, run_after=None
[2024-04-20T16:51:13.061+0000] {processor.py:183} INFO - Processing /opt/airflow/dags/my_first_dag.py took 0.155 seconds
[2024-04-20T16:51:43.660+0000] {processor.py:161} INFO - Started process (PID=3554) to work on /opt/airflow/dags/my_first_dag.py
[2024-04-20T16:51:43.661+0000] {processor.py:830} INFO - Processing file /opt/airflow/dags/my_first_dag.py for tasks to queue
[2024-04-20T16:51:43.662+0000] {logging_mixin.py:188} INFO - [2024-04-20T16:51:43.661+0000] {dagbag.py:540} INFO - Filling up the DagBag from /opt/airflow/dags/my_first_dag.py
[2024-04-20T16:51:43.665+0000] {processor.py:840} INFO - DAG(s) 'my_first_dag' retrieved from /opt/airflow/dags/my_first_dag.py
[2024-04-20T16:51:43.681+0000] {logging_mixin.py:188} INFO - [2024-04-20T16:51:43.681+0000] {dag.py:3047} INFO - Sync 1 DAGs
[2024-04-20T16:51:43.691+0000] {logging_mixin.py:188} INFO - [2024-04-20T16:51:43.691+0000] {dag.py:3834} INFO - Setting next_dagrun for my_first_dag to None, run_after=None
[2024-04-20T16:51:43.860+0000] {processor.py:183} INFO - Processing /opt/airflow/dags/my_first_dag.py took 0.203 seconds
[2024-04-20T16:52:14.399+0000] {processor.py:161} INFO - Started process (PID=3811) to work on /opt/airflow/dags/my_first_dag.py
[2024-04-20T16:52:14.400+0000] {processor.py:830} INFO - Processing file /opt/airflow/dags/my_first_dag.py for tasks to queue
[2024-04-20T16:52:14.401+0000] {logging_mixin.py:188} INFO - [2024-04-20T16:52:14.400+0000] {dagbag.py:540} INFO - Filling up the DagBag from /opt/airflow/dags/my_first_dag.py
[2024-04-20T16:52:14.406+0000] {processor.py:840} INFO - DAG(s) 'my_first_dag' retrieved from /opt/airflow/dags/my_first_dag.py
[2024-04-20T16:52:14.426+0000] {logging_mixin.py:188} INFO - [2024-04-20T16:52:14.426+0000] {dag.py:3047} INFO - Sync 1 DAGs
[2024-04-20T16:52:14.436+0000] {logging_mixin.py:188} INFO - [2024-04-20T16:52:14.436+0000] {dag.py:3834} INFO - Setting next_dagrun for my_first_dag to None, run_after=None
[2024-04-20T16:52:14.640+0000] {processor.py:183} INFO - Processing /opt/airflow/dags/my_first_dag.py took 0.244 seconds
[2024-04-20T16:52:45.312+0000] {processor.py:161} INFO - Started process (PID=4068) to work on /opt/airflow/dags/my_first_dag.py
[2024-04-20T16:52:45.313+0000] {processor.py:830} INFO - Processing file /opt/airflow/dags/my_first_dag.py for tasks to queue
[2024-04-20T16:52:45.314+0000] {logging_mixin.py:188} INFO - [2024-04-20T16:52:45.313+0000] {dagbag.py:540} INFO - Filling up the DagBag from /opt/airflow/dags/my_first_dag.py
[2024-04-20T16:52:45.317+0000] {processor.py:840} INFO - DAG(s) 'my_first_dag' retrieved from /opt/airflow/dags/my_first_dag.py
[2024-04-20T16:52:45.333+0000] {logging_mixin.py:188} INFO - [2024-04-20T16:52:45.333+0000] {dag.py:3047} INFO - Sync 1 DAGs
[2024-04-20T16:52:45.342+0000] {logging_mixin.py:188} INFO - [2024-04-20T16:52:45.342+0000] {dag.py:3834} INFO - Setting next_dagrun for my_first_dag to None, run_after=None
[2024-04-20T16:52:45.476+0000] {processor.py:183} INFO - Processing /opt/airflow/dags/my_first_dag.py took 0.168 seconds
[2024-04-20T16:53:15.841+0000] {processor.py:161} INFO - Started process (PID=4326) to work on /opt/airflow/dags/my_first_dag.py
[2024-04-20T16:53:15.842+0000] {processor.py:830} INFO - Processing file /opt/airflow/dags/my_first_dag.py for tasks to queue
[2024-04-20T16:53:15.843+0000] {logging_mixin.py:188} INFO - [2024-04-20T16:53:15.842+0000] {dagbag.py:540} INFO - Filling up the DagBag from /opt/airflow/dags/my_first_dag.py
[2024-04-20T16:53:15.846+0000] {processor.py:840} INFO - DAG(s) 'my_first_dag' retrieved from /opt/airflow/dags/my_first_dag.py
[2024-04-20T16:53:15.862+0000] {logging_mixin.py:188} INFO - [2024-04-20T16:53:15.862+0000] {dag.py:3047} INFO - Sync 1 DAGs
[2024-04-20T16:53:15.871+0000] {logging_mixin.py:188} INFO - [2024-04-20T16:53:15.871+0000] {dag.py:3834} INFO - Setting next_dagrun for my_first_dag to None, run_after=None
[2024-04-20T16:53:15.993+0000] {processor.py:183} INFO - Processing /opt/airflow/dags/my_first_dag.py took 0.155 seconds
[2024-04-20T16:53:46.303+0000] {processor.py:161} INFO - Started process (PID=4583) to work on /opt/airflow/dags/my_first_dag.py
[2024-04-20T16:53:46.304+0000] {processor.py:830} INFO - Processing file /opt/airflow/dags/my_first_dag.py for tasks to queue
[2024-04-20T16:53:46.305+0000] {logging_mixin.py:188} INFO - [2024-04-20T16:53:46.304+0000] {dagbag.py:540} INFO - Filling up the DagBag from /opt/airflow/dags/my_first_dag.py
[2024-04-20T16:53:46.308+0000] {processor.py:840} INFO - DAG(s) 'my_first_dag' retrieved from /opt/airflow/dags/my_first_dag.py
[2024-04-20T16:53:46.324+0000] {logging_mixin.py:188} INFO - [2024-04-20T16:53:46.324+0000] {dag.py:3047} INFO - Sync 1 DAGs
[2024-04-20T16:53:46.334+0000] {logging_mixin.py:188} INFO - [2024-04-20T16:53:46.333+0000] {dag.py:3834} INFO - Setting next_dagrun for my_first_dag to None, run_after=None
[2024-04-20T16:53:46.467+0000] {processor.py:183} INFO - Processing /opt/airflow/dags/my_first_dag.py took 0.167 seconds
[2024-04-20T16:54:16.659+0000] {processor.py:161} INFO - Started process (PID=4834) to work on /opt/airflow/dags/my_first_dag.py
[2024-04-20T16:54:16.660+0000] {processor.py:830} INFO - Processing file /opt/airflow/dags/my_first_dag.py for tasks to queue
[2024-04-20T16:54:16.662+0000] {logging_mixin.py:188} INFO - [2024-04-20T16:54:16.661+0000] {dagbag.py:540} INFO - Filling up the DagBag from /opt/airflow/dags/my_first_dag.py
[2024-04-20T16:54:16.666+0000] {processor.py:840} INFO - DAG(s) 'my_first_dag' retrieved from /opt/airflow/dags/my_first_dag.py
[2024-04-20T16:54:16.698+0000] {logging_mixin.py:188} INFO - [2024-04-20T16:54:16.698+0000] {dag.py:3047} INFO - Sync 1 DAGs
[2024-04-20T16:54:16.716+0000] {logging_mixin.py:188} INFO - [2024-04-20T16:54:16.716+0000] {dag.py:3834} INFO - Setting next_dagrun for my_first_dag to None, run_after=None
[2024-04-20T16:54:16.841+0000] {processor.py:183} INFO - Processing /opt/airflow/dags/my_first_dag.py took 0.185 seconds
[2024-04-20T16:54:47.316+0000] {processor.py:161} INFO - Started process (PID=5090) to work on /opt/airflow/dags/my_first_dag.py
[2024-04-20T16:54:47.317+0000] {processor.py:830} INFO - Processing file /opt/airflow/dags/my_first_dag.py for tasks to queue
[2024-04-20T16:54:47.318+0000] {logging_mixin.py:188} INFO - [2024-04-20T16:54:47.318+0000] {dagbag.py:540} INFO - Filling up the DagBag from /opt/airflow/dags/my_first_dag.py
[2024-04-20T16:54:47.323+0000] {processor.py:840} INFO - DAG(s) 'my_first_dag' retrieved from /opt/airflow/dags/my_first_dag.py
[2024-04-20T16:54:47.342+0000] {logging_mixin.py:188} INFO - [2024-04-20T16:54:47.342+0000] {dag.py:3047} INFO - Sync 1 DAGs
[2024-04-20T16:54:47.352+0000] {logging_mixin.py:188} INFO - [2024-04-20T16:54:47.352+0000] {dag.py:3834} INFO - Setting next_dagrun for my_first_dag to None, run_after=None
[2024-04-20T16:54:47.554+0000] {processor.py:183} INFO - Processing /opt/airflow/dags/my_first_dag.py took 0.241 seconds
[2024-04-20T16:55:17.960+0000] {processor.py:161} INFO - Started process (PID=5348) to work on /opt/airflow/dags/my_first_dag.py
[2024-04-20T16:55:17.961+0000] {processor.py:830} INFO - Processing file /opt/airflow/dags/my_first_dag.py for tasks to queue
[2024-04-20T16:55:17.962+0000] {logging_mixin.py:188} INFO - [2024-04-20T16:55:17.961+0000] {dagbag.py:540} INFO - Filling up the DagBag from /opt/airflow/dags/my_first_dag.py
[2024-04-20T16:55:17.965+0000] {processor.py:840} INFO - DAG(s) 'my_first_dag' retrieved from /opt/airflow/dags/my_first_dag.py
[2024-04-20T16:55:17.981+0000] {logging_mixin.py:188} INFO - [2024-04-20T16:55:17.981+0000] {dag.py:3047} INFO - Sync 1 DAGs
[2024-04-20T16:55:17.990+0000] {logging_mixin.py:188} INFO - [2024-04-20T16:55:17.990+0000] {dag.py:3834} INFO - Setting next_dagrun for my_first_dag to None, run_after=None
[2024-04-20T16:55:18.112+0000] {processor.py:183} INFO - Processing /opt/airflow/dags/my_first_dag.py took 0.154 seconds
[2024-04-20T16:55:48.183+0000] {processor.py:161} INFO - Started process (PID=5605) to work on /opt/airflow/dags/my_first_dag.py
[2024-04-20T16:55:48.184+0000] {processor.py:830} INFO - Processing file /opt/airflow/dags/my_first_dag.py for tasks to queue
[2024-04-20T16:55:48.184+0000] {logging_mixin.py:188} INFO - [2024-04-20T16:55:48.184+0000] {dagbag.py:540} INFO - Filling up the DagBag from /opt/airflow/dags/my_first_dag.py
[2024-04-20T16:55:48.187+0000] {processor.py:840} INFO - DAG(s) 'my_first_dag' retrieved from /opt/airflow/dags/my_first_dag.py
[2024-04-20T16:55:48.203+0000] {logging_mixin.py:188} INFO - [2024-04-20T16:55:48.203+0000] {dag.py:3047} INFO - Sync 1 DAGs
[2024-04-20T16:55:48.213+0000] {logging_mixin.py:188} INFO - [2024-04-20T16:55:48.213+0000] {dag.py:3834} INFO - Setting next_dagrun for my_first_dag to None, run_after=None
[2024-04-20T16:55:48.333+0000] {processor.py:183} INFO - Processing /opt/airflow/dags/my_first_dag.py took 0.153 seconds
[2024-04-20T16:56:18.551+0000] {processor.py:161} INFO - Started process (PID=5863) to work on /opt/airflow/dags/my_first_dag.py
[2024-04-20T16:56:18.552+0000] {processor.py:830} INFO - Processing file /opt/airflow/dags/my_first_dag.py for tasks to queue
[2024-04-20T16:56:18.552+0000] {logging_mixin.py:188} INFO - [2024-04-20T16:56:18.552+0000] {dagbag.py:540} INFO - Filling up the DagBag from /opt/airflow/dags/my_first_dag.py
[2024-04-20T16:56:18.555+0000] {processor.py:840} INFO - DAG(s) 'my_first_dag' retrieved from /opt/airflow/dags/my_first_dag.py
[2024-04-20T16:56:18.572+0000] {logging_mixin.py:188} INFO - [2024-04-20T16:56:18.572+0000] {dag.py:3047} INFO - Sync 1 DAGs
[2024-04-20T16:56:18.581+0000] {logging_mixin.py:188} INFO - [2024-04-20T16:56:18.581+0000] {dag.py:3834} INFO - Setting next_dagrun for my_first_dag to None, run_after=None
[2024-04-20T16:56:18.701+0000] {processor.py:183} INFO - Processing /opt/airflow/dags/my_first_dag.py took 0.154 seconds
[2024-04-20T16:56:49.017+0000] {processor.py:161} INFO - Started process (PID=6120) to work on /opt/airflow/dags/my_first_dag.py
[2024-04-20T16:56:49.018+0000] {processor.py:830} INFO - Processing file /opt/airflow/dags/my_first_dag.py for tasks to queue
[2024-04-20T16:56:49.018+0000] {logging_mixin.py:188} INFO - [2024-04-20T16:56:49.018+0000] {dagbag.py:540} INFO - Filling up the DagBag from /opt/airflow/dags/my_first_dag.py
[2024-04-20T16:56:49.022+0000] {processor.py:840} INFO - DAG(s) 'my_first_dag' retrieved from /opt/airflow/dags/my_first_dag.py
[2024-04-20T16:56:49.044+0000] {logging_mixin.py:188} INFO - [2024-04-20T16:56:49.044+0000] {dag.py:3047} INFO - Sync 1 DAGs
[2024-04-20T16:56:49.058+0000] {logging_mixin.py:188} INFO - [2024-04-20T16:56:49.058+0000] {dag.py:3834} INFO - Setting next_dagrun for my_first_dag to None, run_after=None
[2024-04-20T16:56:49.181+0000] {processor.py:183} INFO - Processing /opt/airflow/dags/my_first_dag.py took 0.167 seconds
[2024-04-20T16:57:19.293+0000] {processor.py:161} INFO - Started process (PID=6377) to work on /opt/airflow/dags/my_first_dag.py
[2024-04-20T16:57:19.294+0000] {processor.py:830} INFO - Processing file /opt/airflow/dags/my_first_dag.py for tasks to queue
[2024-04-20T16:57:19.295+0000] {logging_mixin.py:188} INFO - [2024-04-20T16:57:19.294+0000] {dagbag.py:540} INFO - Filling up the DagBag from /opt/airflow/dags/my_first_dag.py
[2024-04-20T16:57:19.298+0000] {processor.py:840} INFO - DAG(s) 'my_first_dag' retrieved from /opt/airflow/dags/my_first_dag.py
[2024-04-20T16:57:19.314+0000] {logging_mixin.py:188} INFO - [2024-04-20T16:57:19.314+0000] {dag.py:3047} INFO - Sync 1 DAGs
[2024-04-20T16:57:19.324+0000] {logging_mixin.py:188} INFO - [2024-04-20T16:57:19.324+0000] {dag.py:3834} INFO - Setting next_dagrun for my_first_dag to None, run_after=None
[2024-04-20T16:57:19.444+0000] {processor.py:183} INFO - Processing /opt/airflow/dags/my_first_dag.py took 0.154 seconds
[2024-04-20T16:57:49.855+0000] {processor.py:161} INFO - Started process (PID=6635) to work on /opt/airflow/dags/my_first_dag.py
[2024-04-20T16:57:49.856+0000] {processor.py:830} INFO - Processing file /opt/airflow/dags/my_first_dag.py for tasks to queue
[2024-04-20T16:57:49.857+0000] {logging_mixin.py:188} INFO - [2024-04-20T16:57:49.857+0000] {dagbag.py:540} INFO - Filling up the DagBag from /opt/airflow/dags/my_first_dag.py
[2024-04-20T16:57:49.860+0000] {processor.py:840} INFO - DAG(s) 'my_first_dag' retrieved from /opt/airflow/dags/my_first_dag.py
[2024-04-20T16:57:49.875+0000] {logging_mixin.py:188} INFO - [2024-04-20T16:57:49.875+0000] {dag.py:3047} INFO - Sync 1 DAGs
[2024-04-20T16:57:49.884+0000] {logging_mixin.py:188} INFO - [2024-04-20T16:57:49.884+0000] {dag.py:3834} INFO - Setting next_dagrun for my_first_dag to None, run_after=None
[2024-04-20T16:57:50.010+0000] {processor.py:183} INFO - Processing /opt/airflow/dags/my_first_dag.py took 0.158 seconds
[2024-04-20T16:58:20.167+0000] {processor.py:161} INFO - Started process (PID=6892) to work on /opt/airflow/dags/my_first_dag.py
[2024-04-20T16:58:20.168+0000] {processor.py:830} INFO - Processing file /opt/airflow/dags/my_first_dag.py for tasks to queue
[2024-04-20T16:58:20.169+0000] {logging_mixin.py:188} INFO - [2024-04-20T16:58:20.169+0000] {dagbag.py:540} INFO - Filling up the DagBag from /opt/airflow/dags/my_first_dag.py
[2024-04-20T16:58:20.173+0000] {processor.py:840} INFO - DAG(s) 'my_first_dag' retrieved from /opt/airflow/dags/my_first_dag.py
[2024-04-20T16:58:20.191+0000] {logging_mixin.py:188} INFO - [2024-04-20T16:58:20.190+0000] {dag.py:3047} INFO - Sync 1 DAGs
[2024-04-20T16:58:20.201+0000] {logging_mixin.py:188} INFO - [2024-04-20T16:58:20.200+0000] {dag.py:3834} INFO - Setting next_dagrun for my_first_dag to None, run_after=None
[2024-04-20T16:58:20.322+0000] {processor.py:183} INFO - Processing /opt/airflow/dags/my_first_dag.py took 0.157 seconds
[2024-04-20T16:58:50.792+0000] {processor.py:161} INFO - Started process (PID=7151) to work on /opt/airflow/dags/my_first_dag.py
[2024-04-20T16:58:50.793+0000] {processor.py:830} INFO - Processing file /opt/airflow/dags/my_first_dag.py for tasks to queue
[2024-04-20T16:58:50.794+0000] {logging_mixin.py:188} INFO - [2024-04-20T16:58:50.794+0000] {dagbag.py:540} INFO - Filling up the DagBag from /opt/airflow/dags/my_first_dag.py
[2024-04-20T16:58:50.797+0000] {processor.py:840} INFO - DAG(s) 'my_first_dag' retrieved from /opt/airflow/dags/my_first_dag.py
[2024-04-20T16:58:50.814+0000] {logging_mixin.py:188} INFO - [2024-04-20T16:58:50.813+0000] {dag.py:3047} INFO - Sync 1 DAGs
[2024-04-20T16:58:50.823+0000] {logging_mixin.py:188} INFO - [2024-04-20T16:58:50.823+0000] {dag.py:3834} INFO - Setting next_dagrun for my_first_dag to None, run_after=None
[2024-04-20T16:58:50.943+0000] {processor.py:183} INFO - Processing /opt/airflow/dags/my_first_dag.py took 0.154 seconds
[2024-04-20T16:59:21.084+0000] {processor.py:161} INFO - Started process (PID=7408) to work on /opt/airflow/dags/my_first_dag.py
[2024-04-20T16:59:21.099+0000] {processor.py:830} INFO - Processing file /opt/airflow/dags/my_first_dag.py for tasks to queue
[2024-04-20T16:59:21.100+0000] {logging_mixin.py:188} INFO - [2024-04-20T16:59:21.099+0000] {dagbag.py:540} INFO - Filling up the DagBag from /opt/airflow/dags/my_first_dag.py
[2024-04-20T16:59:21.103+0000] {processor.py:840} INFO - DAG(s) 'my_first_dag' retrieved from /opt/airflow/dags/my_first_dag.py
[2024-04-20T16:59:21.119+0000] {logging_mixin.py:188} INFO - [2024-04-20T16:59:21.119+0000] {dag.py:3047} INFO - Sync 1 DAGs
[2024-04-20T16:59:21.129+0000] {logging_mixin.py:188} INFO - [2024-04-20T16:59:21.129+0000] {dag.py:3834} INFO - Setting next_dagrun for my_first_dag to None, run_after=None
[2024-04-20T16:59:21.370+0000] {processor.py:183} INFO - Processing /opt/airflow/dags/my_first_dag.py took 0.289 seconds
[2024-04-20T16:59:51.682+0000] {processor.py:161} INFO - Started process (PID=7665) to work on /opt/airflow/dags/my_first_dag.py
[2024-04-20T16:59:51.683+0000] {processor.py:830} INFO - Processing file /opt/airflow/dags/my_first_dag.py for tasks to queue
[2024-04-20T16:59:51.684+0000] {logging_mixin.py:188} INFO - [2024-04-20T16:59:51.684+0000] {dagbag.py:540} INFO - Filling up the DagBag from /opt/airflow/dags/my_first_dag.py
[2024-04-20T16:59:51.691+0000] {processor.py:840} INFO - DAG(s) 'my_first_dag' retrieved from /opt/airflow/dags/my_first_dag.py
[2024-04-20T16:59:51.709+0000] {logging_mixin.py:188} INFO - [2024-04-20T16:59:51.709+0000] {dag.py:3047} INFO - Sync 1 DAGs
[2024-04-20T16:59:51.719+0000] {logging_mixin.py:188} INFO - [2024-04-20T16:59:51.719+0000] {dag.py:3834} INFO - Setting next_dagrun for my_first_dag to None, run_after=None
[2024-04-20T16:59:51.921+0000] {processor.py:183} INFO - Processing /opt/airflow/dags/my_first_dag.py took 0.242 seconds
[2024-04-20T17:00:21.954+0000] {processor.py:161} INFO - Started process (PID=7922) to work on /opt/airflow/dags/my_first_dag.py
[2024-04-20T17:00:21.955+0000] {processor.py:830} INFO - Processing file /opt/airflow/dags/my_first_dag.py for tasks to queue
[2024-04-20T17:00:21.957+0000] {logging_mixin.py:188} INFO - [2024-04-20T17:00:21.956+0000] {dagbag.py:540} INFO - Filling up the DagBag from /opt/airflow/dags/my_first_dag.py
[2024-04-20T17:00:21.961+0000] {processor.py:840} INFO - DAG(s) 'my_first_dag' retrieved from /opt/airflow/dags/my_first_dag.py
[2024-04-20T17:00:21.977+0000] {logging_mixin.py:188} INFO - [2024-04-20T17:00:21.977+0000] {dag.py:3047} INFO - Sync 1 DAGs
[2024-04-20T17:00:21.986+0000] {logging_mixin.py:188} INFO - [2024-04-20T17:00:21.986+0000] {dag.py:3834} INFO - Setting next_dagrun for my_first_dag to None, run_after=None
[2024-04-20T17:00:22.107+0000] {processor.py:183} INFO - Processing /opt/airflow/dags/my_first_dag.py took 0.156 seconds
[2024-04-20T17:00:52.343+0000] {processor.py:161} INFO - Started process (PID=8179) to work on /opt/airflow/dags/my_first_dag.py
[2024-04-20T17:00:52.344+0000] {processor.py:830} INFO - Processing file /opt/airflow/dags/my_first_dag.py for tasks to queue
[2024-04-20T17:00:52.346+0000] {logging_mixin.py:188} INFO - [2024-04-20T17:00:52.346+0000] {dagbag.py:540} INFO - Filling up the DagBag from /opt/airflow/dags/my_first_dag.py
[2024-04-20T17:00:52.350+0000] {processor.py:840} INFO - DAG(s) 'my_first_dag' retrieved from /opt/airflow/dags/my_first_dag.py
[2024-04-20T17:00:52.369+0000] {logging_mixin.py:188} INFO - [2024-04-20T17:00:52.369+0000] {dag.py:3047} INFO - Sync 1 DAGs
[2024-04-20T17:00:52.485+0000] {logging_mixin.py:188} INFO - [2024-04-20T17:00:52.485+0000] {dag.py:3834} INFO - Setting next_dagrun for my_first_dag to None, run_after=None
[2024-04-20T17:00:52.747+0000] {processor.py:183} INFO - Processing /opt/airflow/dags/my_first_dag.py took 0.408 seconds
[2024-04-20T17:01:22.773+0000] {processor.py:161} INFO - Started process (PID=8437) to work on /opt/airflow/dags/my_first_dag.py
[2024-04-20T17:01:22.774+0000] {processor.py:830} INFO - Processing file /opt/airflow/dags/my_first_dag.py for tasks to queue
[2024-04-20T17:01:22.775+0000] {logging_mixin.py:188} INFO - [2024-04-20T17:01:22.775+0000] {dagbag.py:540} INFO - Filling up the DagBag from /opt/airflow/dags/my_first_dag.py
[2024-04-20T17:01:22.780+0000] {processor.py:840} INFO - DAG(s) 'my_first_dag' retrieved from /opt/airflow/dags/my_first_dag.py
[2024-04-20T17:01:22.801+0000] {logging_mixin.py:188} INFO - [2024-04-20T17:01:22.801+0000] {dag.py:3047} INFO - Sync 1 DAGs
[2024-04-20T17:01:22.815+0000] {logging_mixin.py:188} INFO - [2024-04-20T17:01:22.815+0000] {dag.py:3834} INFO - Setting next_dagrun for my_first_dag to None, run_after=None
[2024-04-20T17:01:23.062+0000] {processor.py:183} INFO - Processing /opt/airflow/dags/my_first_dag.py took 0.292 seconds
[2024-04-20T17:01:53.112+0000] {processor.py:161} INFO - Started process (PID=8695) to work on /opt/airflow/dags/my_first_dag.py
[2024-04-20T17:01:53.113+0000] {processor.py:830} INFO - Processing file /opt/airflow/dags/my_first_dag.py for tasks to queue
[2024-04-20T17:01:53.114+0000] {logging_mixin.py:188} INFO - [2024-04-20T17:01:53.114+0000] {dagbag.py:540} INFO - Filling up the DagBag from /opt/airflow/dags/my_first_dag.py
[2024-04-20T17:01:53.117+0000] {processor.py:840} INFO - DAG(s) 'my_first_dag' retrieved from /opt/airflow/dags/my_first_dag.py
[2024-04-20T17:01:53.134+0000] {logging_mixin.py:188} INFO - [2024-04-20T17:01:53.134+0000] {dag.py:3047} INFO - Sync 1 DAGs
[2024-04-20T17:01:53.143+0000] {logging_mixin.py:188} INFO - [2024-04-20T17:01:53.143+0000] {dag.py:3834} INFO - Setting next_dagrun for my_first_dag to None, run_after=None
[2024-04-20T17:01:53.264+0000] {processor.py:183} INFO - Processing /opt/airflow/dags/my_first_dag.py took 0.154 seconds
[2024-04-20T17:02:23.460+0000] {processor.py:161} INFO - Started process (PID=8952) to work on /opt/airflow/dags/my_first_dag.py
[2024-04-20T17:02:23.461+0000] {processor.py:830} INFO - Processing file /opt/airflow/dags/my_first_dag.py for tasks to queue
[2024-04-20T17:02:23.461+0000] {logging_mixin.py:188} INFO - [2024-04-20T17:02:23.461+0000] {dagbag.py:540} INFO - Filling up the DagBag from /opt/airflow/dags/my_first_dag.py
[2024-04-20T17:02:23.465+0000] {processor.py:840} INFO - DAG(s) 'my_first_dag' retrieved from /opt/airflow/dags/my_first_dag.py
[2024-04-20T17:02:23.482+0000] {logging_mixin.py:188} INFO - [2024-04-20T17:02:23.482+0000] {dag.py:3047} INFO - Sync 1 DAGs
[2024-04-20T17:02:23.491+0000] {logging_mixin.py:188} INFO - [2024-04-20T17:02:23.491+0000] {dag.py:3834} INFO - Setting next_dagrun for my_first_dag to None, run_after=None
[2024-04-20T17:02:23.613+0000] {processor.py:183} INFO - Processing /opt/airflow/dags/my_first_dag.py took 0.155 seconds
[2024-04-20T17:02:53.746+0000] {processor.py:161} INFO - Started process (PID=9210) to work on /opt/airflow/dags/my_first_dag.py
[2024-04-20T17:02:53.746+0000] {processor.py:830} INFO - Processing file /opt/airflow/dags/my_first_dag.py for tasks to queue
[2024-04-20T17:02:53.747+0000] {logging_mixin.py:188} INFO - [2024-04-20T17:02:53.747+0000] {dagbag.py:540} INFO - Filling up the DagBag from /opt/airflow/dags/my_first_dag.py
[2024-04-20T17:02:53.751+0000] {processor.py:840} INFO - DAG(s) 'my_first_dag' retrieved from /opt/airflow/dags/my_first_dag.py
[2024-04-20T17:02:53.767+0000] {logging_mixin.py:188} INFO - [2024-04-20T17:02:53.766+0000] {dag.py:3047} INFO - Sync 1 DAGs
[2024-04-20T17:02:53.776+0000] {logging_mixin.py:188} INFO - [2024-04-20T17:02:53.776+0000] {dag.py:3834} INFO - Setting next_dagrun for my_first_dag to None, run_after=None
[2024-04-20T17:02:53.897+0000] {processor.py:183} INFO - Processing /opt/airflow/dags/my_first_dag.py took 0.154 seconds
[2024-04-20T17:03:24.225+0000] {processor.py:161} INFO - Started process (PID=9468) to work on /opt/airflow/dags/my_first_dag.py
[2024-04-20T17:03:24.225+0000] {processor.py:830} INFO - Processing file /opt/airflow/dags/my_first_dag.py for tasks to queue
[2024-04-20T17:03:24.226+0000] {logging_mixin.py:188} INFO - [2024-04-20T17:03:24.226+0000] {dagbag.py:540} INFO - Filling up the DagBag from /opt/airflow/dags/my_first_dag.py
[2024-04-20T17:03:24.230+0000] {processor.py:840} INFO - DAG(s) 'my_first_dag' retrieved from /opt/airflow/dags/my_first_dag.py
[2024-04-20T17:03:24.245+0000] {logging_mixin.py:188} INFO - [2024-04-20T17:03:24.245+0000] {dag.py:3047} INFO - Sync 1 DAGs
[2024-04-20T17:03:24.256+0000] {logging_mixin.py:188} INFO - [2024-04-20T17:03:24.256+0000] {dag.py:3834} INFO - Setting next_dagrun for my_first_dag to None, run_after=None
[2024-04-20T17:03:24.376+0000] {processor.py:183} INFO - Processing /opt/airflow/dags/my_first_dag.py took 0.154 seconds
[2024-04-20T17:03:55.168+0000] {processor.py:161} INFO - Started process (PID=9725) to work on /opt/airflow/dags/my_first_dag.py
[2024-04-20T17:03:55.169+0000] {processor.py:830} INFO - Processing file /opt/airflow/dags/my_first_dag.py for tasks to queue
[2024-04-20T17:03:55.169+0000] {logging_mixin.py:188} INFO - [2024-04-20T17:03:55.169+0000] {dagbag.py:540} INFO - Filling up the DagBag from /opt/airflow/dags/my_first_dag.py
[2024-04-20T17:03:55.173+0000] {processor.py:840} INFO - DAG(s) 'my_first_dag' retrieved from /opt/airflow/dags/my_first_dag.py
[2024-04-20T17:03:55.189+0000] {logging_mixin.py:188} INFO - [2024-04-20T17:03:55.189+0000] {dag.py:3047} INFO - Sync 1 DAGs
[2024-04-20T17:03:55.199+0000] {logging_mixin.py:188} INFO - [2024-04-20T17:03:55.199+0000] {dag.py:3834} INFO - Setting next_dagrun for my_first_dag to None, run_after=None
[2024-04-20T17:03:55.320+0000] {processor.py:183} INFO - Processing /opt/airflow/dags/my_first_dag.py took 0.155 seconds
[2024-04-20T17:04:25.670+0000] {processor.py:161} INFO - Started process (PID=9982) to work on /opt/airflow/dags/my_first_dag.py
[2024-04-20T17:04:25.671+0000] {processor.py:830} INFO - Processing file /opt/airflow/dags/my_first_dag.py for tasks to queue
[2024-04-20T17:04:25.672+0000] {logging_mixin.py:188} INFO - [2024-04-20T17:04:25.672+0000] {dagbag.py:540} INFO - Filling up the DagBag from /opt/airflow/dags/my_first_dag.py
[2024-04-20T17:04:25.675+0000] {processor.py:840} INFO - DAG(s) 'my_first_dag' retrieved from /opt/airflow/dags/my_first_dag.py
[2024-04-20T17:04:25.691+0000] {logging_mixin.py:188} INFO - [2024-04-20T17:04:25.691+0000] {dag.py:3047} INFO - Sync 1 DAGs
[2024-04-20T17:04:25.700+0000] {logging_mixin.py:188} INFO - [2024-04-20T17:04:25.700+0000] {dag.py:3834} INFO - Setting next_dagrun for my_first_dag to None, run_after=None
[2024-04-20T17:04:25.821+0000] {processor.py:183} INFO - Processing /opt/airflow/dags/my_first_dag.py took 0.153 seconds
[2024-04-20T17:04:56.124+0000] {processor.py:161} INFO - Started process (PID=10239) to work on /opt/airflow/dags/my_first_dag.py
[2024-04-20T17:04:56.125+0000] {processor.py:830} INFO - Processing file /opt/airflow/dags/my_first_dag.py for tasks to queue
[2024-04-20T17:04:56.126+0000] {logging_mixin.py:188} INFO - [2024-04-20T17:04:56.126+0000] {dagbag.py:540} INFO - Filling up the DagBag from /opt/airflow/dags/my_first_dag.py
[2024-04-20T17:04:56.129+0000] {processor.py:840} INFO - DAG(s) 'my_first_dag' retrieved from /opt/airflow/dags/my_first_dag.py
[2024-04-20T17:04:56.146+0000] {logging_mixin.py:188} INFO - [2024-04-20T17:04:56.146+0000] {dag.py:3047} INFO - Sync 1 DAGs
[2024-04-20T17:04:56.156+0000] {logging_mixin.py:188} INFO - [2024-04-20T17:04:56.156+0000] {dag.py:3834} INFO - Setting next_dagrun for my_first_dag to None, run_after=None
[2024-04-20T17:04:56.277+0000] {processor.py:183} INFO - Processing /opt/airflow/dags/my_first_dag.py took 0.155 seconds
[2024-04-20T17:05:26.575+0000] {processor.py:161} INFO - Started process (PID=10496) to work on /opt/airflow/dags/my_first_dag.py
[2024-04-20T17:05:26.576+0000] {processor.py:830} INFO - Processing file /opt/airflow/dags/my_first_dag.py for tasks to queue
[2024-04-20T17:05:26.577+0000] {logging_mixin.py:188} INFO - [2024-04-20T17:05:26.576+0000] {dagbag.py:540} INFO - Filling up the DagBag from /opt/airflow/dags/my_first_dag.py
[2024-04-20T17:05:26.580+0000] {processor.py:840} INFO - DAG(s) 'my_first_dag' retrieved from /opt/airflow/dags/my_first_dag.py
[2024-04-20T17:05:26.596+0000] {logging_mixin.py:188} INFO - [2024-04-20T17:05:26.596+0000] {dag.py:3047} INFO - Sync 1 DAGs
[2024-04-20T17:05:26.607+0000] {logging_mixin.py:188} INFO - [2024-04-20T17:05:26.607+0000] {dag.py:3834} INFO - Setting next_dagrun for my_first_dag to None, run_after=None
[2024-04-20T17:05:26.728+0000] {processor.py:183} INFO - Processing /opt/airflow/dags/my_first_dag.py took 0.156 seconds
[2024-04-20T17:05:57.035+0000] {processor.py:161} INFO - Started process (PID=10753) to work on /opt/airflow/dags/my_first_dag.py
[2024-04-20T17:05:57.035+0000] {processor.py:830} INFO - Processing file /opt/airflow/dags/my_first_dag.py for tasks to queue
[2024-04-20T17:05:57.036+0000] {logging_mixin.py:188} INFO - [2024-04-20T17:05:57.036+0000] {dagbag.py:540} INFO - Filling up the DagBag from /opt/airflow/dags/my_first_dag.py
[2024-04-20T17:05:57.040+0000] {processor.py:840} INFO - DAG(s) 'my_first_dag' retrieved from /opt/airflow/dags/my_first_dag.py
[2024-04-20T17:05:57.055+0000] {logging_mixin.py:188} INFO - [2024-04-20T17:05:57.055+0000] {dag.py:3047} INFO - Sync 1 DAGs
[2024-04-20T17:05:57.066+0000] {logging_mixin.py:188} INFO - [2024-04-20T17:05:57.066+0000] {dag.py:3834} INFO - Setting next_dagrun for my_first_dag to None, run_after=None
[2024-04-20T17:05:57.329+0000] {processor.py:183} INFO - Processing /opt/airflow/dags/my_first_dag.py took 0.298 seconds
