[2024-04-22T16:21:54.961+0000] {processor.py:161} INFO - Started process (PID=162) to work on /opt/airflow/dags/hello.py
[2024-04-22T16:21:54.979+0000] {processor.py:830} INFO - Processing file /opt/airflow/dags/hello.py for tasks to queue
[2024-04-22T16:21:54.983+0000] {logging_mixin.py:188} INFO - [2024-04-22T16:21:54.983+0000] {dagbag.py:540} INFO - Filling up the DagBag from /opt/airflow/dags/hello.py
[2024-04-22T16:21:55.040+0000] {processor.py:840} INFO - DAG(s) 'hello' retrieved from /opt/airflow/dags/hello.py
[2024-04-22T16:21:55.318+0000] {logging_mixin.py:188} INFO - [2024-04-22T16:21:55.318+0000] {dag.py:3047} INFO - Sync 1 DAGs
[2024-04-22T16:21:55.387+0000] {logging_mixin.py:188} INFO - [2024-04-22T16:21:55.387+0000] {dag.py:3834} INFO - Setting next_dagrun for hello to None, run_after=None
[2024-04-22T16:21:55.502+0000] {processor.py:183} INFO - Processing /opt/airflow/dags/hello.py took 0.573 seconds
[2024-04-22T16:22:25.802+0000] {processor.py:161} INFO - Started process (PID=418) to work on /opt/airflow/dags/hello.py
[2024-04-22T16:22:25.803+0000] {processor.py:830} INFO - Processing file /opt/airflow/dags/hello.py for tasks to queue
[2024-04-22T16:22:25.804+0000] {logging_mixin.py:188} INFO - [2024-04-22T16:22:25.804+0000] {dagbag.py:540} INFO - Filling up the DagBag from /opt/airflow/dags/hello.py
[2024-04-22T16:22:25.811+0000] {processor.py:840} INFO - DAG(s) 'hello' retrieved from /opt/airflow/dags/hello.py
[2024-04-22T16:22:25.834+0000] {logging_mixin.py:188} INFO - [2024-04-22T16:22:25.834+0000] {dag.py:3047} INFO - Sync 1 DAGs
[2024-04-22T16:22:25.850+0000] {logging_mixin.py:188} INFO - [2024-04-22T16:22:25.850+0000] {dag.py:3834} INFO - Setting next_dagrun for hello to None, run_after=None
[2024-04-22T16:22:25.873+0000] {processor.py:183} INFO - Processing /opt/airflow/dags/hello.py took 0.074 seconds
[2024-04-22T16:22:56.059+0000] {processor.py:161} INFO - Started process (PID=674) to work on /opt/airflow/dags/hello.py
[2024-04-22T16:22:56.060+0000] {processor.py:830} INFO - Processing file /opt/airflow/dags/hello.py for tasks to queue
[2024-04-22T16:22:56.061+0000] {logging_mixin.py:188} INFO - [2024-04-22T16:22:56.061+0000] {dagbag.py:540} INFO - Filling up the DagBag from /opt/airflow/dags/hello.py
[2024-04-22T16:22:56.068+0000] {processor.py:840} INFO - DAG(s) 'hello' retrieved from /opt/airflow/dags/hello.py
[2024-04-22T16:22:56.092+0000] {logging_mixin.py:188} INFO - [2024-04-22T16:22:56.092+0000] {dag.py:3047} INFO - Sync 1 DAGs
[2024-04-22T16:22:56.108+0000] {logging_mixin.py:188} INFO - [2024-04-22T16:22:56.108+0000] {dag.py:3834} INFO - Setting next_dagrun for hello to None, run_after=None
[2024-04-22T16:22:56.132+0000] {processor.py:183} INFO - Processing /opt/airflow/dags/hello.py took 0.077 seconds
[2024-04-22T16:23:26.247+0000] {processor.py:161} INFO - Started process (PID=931) to work on /opt/airflow/dags/hello.py
[2024-04-22T16:23:26.249+0000] {processor.py:830} INFO - Processing file /opt/airflow/dags/hello.py for tasks to queue
[2024-04-22T16:23:26.250+0000] {logging_mixin.py:188} INFO - [2024-04-22T16:23:26.249+0000] {dagbag.py:540} INFO - Filling up the DagBag from /opt/airflow/dags/hello.py
[2024-04-22T16:23:26.256+0000] {processor.py:840} INFO - DAG(s) 'hello' retrieved from /opt/airflow/dags/hello.py
[2024-04-22T16:23:26.284+0000] {logging_mixin.py:188} INFO - [2024-04-22T16:23:26.284+0000] {dag.py:3047} INFO - Sync 1 DAGs
[2024-04-22T16:23:26.299+0000] {logging_mixin.py:188} INFO - [2024-04-22T16:23:26.299+0000] {dag.py:3834} INFO - Setting next_dagrun for hello to None, run_after=None
[2024-04-22T16:23:26.325+0000] {processor.py:183} INFO - Processing /opt/airflow/dags/hello.py took 0.081 seconds
