[2024-04-20T16:45:06.962+0000] {processor.py:161} INFO - Started process (PID=242) to work on /home/airflow/.local/lib/python3.8/site-packages/airflow/example_dags/example_short_circuit_operator.py
[2024-04-20T16:45:06.962+0000] {processor.py:830} INFO - Processing file /home/airflow/.local/lib/python3.8/site-packages/airflow/example_dags/example_short_circuit_operator.py for tasks to queue
[2024-04-20T16:45:06.963+0000] {logging_mixin.py:188} INFO - [2024-04-20T16:45:06.963+0000] {dagbag.py:540} INFO - Filling up the DagBag from /home/airflow/.local/lib/python3.8/site-packages/airflow/example_dags/example_short_circuit_operator.py
[2024-04-20T16:45:06.975+0000] {processor.py:840} INFO - DAG(s) 'example_short_circuit_operator' retrieved from /home/airflow/.local/lib/python3.8/site-packages/airflow/example_dags/example_short_circuit_operator.py
[2024-04-20T16:45:07.001+0000] {logging_mixin.py:188} INFO - [2024-04-20T16:45:07.001+0000] {dag.py:3047} INFO - Sync 1 DAGs
[2024-04-20T16:45:07.019+0000] {logging_mixin.py:188} INFO - [2024-04-20T16:45:07.019+0000] {dag.py:3834} INFO - Setting next_dagrun for example_short_circuit_operator to 2024-04-19 00:00:00+00:00, run_after=2024-04-20 00:00:00+00:00
[2024-04-20T16:45:07.194+0000] {processor.py:183} INFO - Processing /home/airflow/.local/lib/python3.8/site-packages/airflow/example_dags/example_short_circuit_operator.py took 0.235 seconds
[2024-04-20T16:45:38.083+0000] {processor.py:161} INFO - Started process (PID=496) to work on /home/airflow/.local/lib/python3.8/site-packages/airflow/example_dags/example_short_circuit_operator.py
[2024-04-20T16:45:38.210+0000] {processor.py:830} INFO - Processing file /home/airflow/.local/lib/python3.8/site-packages/airflow/example_dags/example_short_circuit_operator.py for tasks to queue
[2024-04-20T16:45:38.211+0000] {logging_mixin.py:188} INFO - [2024-04-20T16:45:38.211+0000] {dagbag.py:540} INFO - Filling up the DagBag from /home/airflow/.local/lib/python3.8/site-packages/airflow/example_dags/example_short_circuit_operator.py
[2024-04-20T16:45:38.217+0000] {processor.py:840} INFO - DAG(s) 'example_short_circuit_operator' retrieved from /home/airflow/.local/lib/python3.8/site-packages/airflow/example_dags/example_short_circuit_operator.py
[2024-04-20T16:45:38.236+0000] {logging_mixin.py:188} INFO - [2024-04-20T16:45:38.236+0000] {dag.py:3047} INFO - Sync 1 DAGs
[2024-04-20T16:45:38.255+0000] {logging_mixin.py:188} INFO - [2024-04-20T16:45:38.255+0000] {dag.py:3834} INFO - Setting next_dagrun for example_short_circuit_operator to 2024-04-19 00:00:00+00:00, run_after=2024-04-20 00:00:00+00:00
[2024-04-20T16:45:38.479+0000] {processor.py:183} INFO - Processing /home/airflow/.local/lib/python3.8/site-packages/airflow/example_dags/example_short_circuit_operator.py took 0.398 seconds
[2024-04-20T16:46:08.990+0000] {processor.py:161} INFO - Started process (PID=750) to work on /home/airflow/.local/lib/python3.8/site-packages/airflow/example_dags/example_short_circuit_operator.py
[2024-04-20T16:46:08.991+0000] {processor.py:830} INFO - Processing file /home/airflow/.local/lib/python3.8/site-packages/airflow/example_dags/example_short_circuit_operator.py for tasks to queue
[2024-04-20T16:46:08.992+0000] {logging_mixin.py:188} INFO - [2024-04-20T16:46:08.992+0000] {dagbag.py:540} INFO - Filling up the DagBag from /home/airflow/.local/lib/python3.8/site-packages/airflow/example_dags/example_short_circuit_operator.py
[2024-04-20T16:46:08.999+0000] {processor.py:840} INFO - DAG(s) 'example_short_circuit_operator' retrieved from /home/airflow/.local/lib/python3.8/site-packages/airflow/example_dags/example_short_circuit_operator.py
[2024-04-20T16:46:09.018+0000] {logging_mixin.py:188} INFO - [2024-04-20T16:46:09.017+0000] {dag.py:3047} INFO - Sync 1 DAGs
[2024-04-20T16:46:09.034+0000] {logging_mixin.py:188} INFO - [2024-04-20T16:46:09.034+0000] {dag.py:3834} INFO - Setting next_dagrun for example_short_circuit_operator to 2024-04-19 00:00:00+00:00, run_after=2024-04-20 00:00:00+00:00
[2024-04-20T16:46:09.242+0000] {processor.py:183} INFO - Processing /home/airflow/.local/lib/python3.8/site-packages/airflow/example_dags/example_short_circuit_operator.py took 0.255 seconds
[2024-04-20T16:46:39.398+0000] {processor.py:161} INFO - Started process (PID=1007) to work on /home/airflow/.local/lib/python3.8/site-packages/airflow/example_dags/example_short_circuit_operator.py
[2024-04-20T16:46:39.399+0000] {processor.py:830} INFO - Processing file /home/airflow/.local/lib/python3.8/site-packages/airflow/example_dags/example_short_circuit_operator.py for tasks to queue
[2024-04-20T16:46:39.400+0000] {logging_mixin.py:188} INFO - [2024-04-20T16:46:39.400+0000] {dagbag.py:540} INFO - Filling up the DagBag from /home/airflow/.local/lib/python3.8/site-packages/airflow/example_dags/example_short_circuit_operator.py
[2024-04-20T16:46:39.406+0000] {processor.py:840} INFO - DAG(s) 'example_short_circuit_operator' retrieved from /home/airflow/.local/lib/python3.8/site-packages/airflow/example_dags/example_short_circuit_operator.py
[2024-04-20T16:46:39.425+0000] {logging_mixin.py:188} INFO - [2024-04-20T16:46:39.425+0000] {dag.py:3047} INFO - Sync 1 DAGs
[2024-04-20T16:46:39.442+0000] {logging_mixin.py:188} INFO - [2024-04-20T16:46:39.441+0000] {dag.py:3834} INFO - Setting next_dagrun for example_short_circuit_operator to 2024-04-19 00:00:00+00:00, run_after=2024-04-20 00:00:00+00:00
[2024-04-20T16:46:39.997+0000] {processor.py:183} INFO - Processing /home/airflow/.local/lib/python3.8/site-packages/airflow/example_dags/example_short_circuit_operator.py took 0.601 seconds
[2024-04-20T16:47:10.103+0000] {processor.py:161} INFO - Started process (PID=1264) to work on /home/airflow/.local/lib/python3.8/site-packages/airflow/example_dags/example_short_circuit_operator.py
[2024-04-20T16:47:10.105+0000] {processor.py:830} INFO - Processing file /home/airflow/.local/lib/python3.8/site-packages/airflow/example_dags/example_short_circuit_operator.py for tasks to queue
[2024-04-20T16:47:10.106+0000] {logging_mixin.py:188} INFO - [2024-04-20T16:47:10.105+0000] {dagbag.py:540} INFO - Filling up the DagBag from /home/airflow/.local/lib/python3.8/site-packages/airflow/example_dags/example_short_circuit_operator.py
[2024-04-20T16:47:10.114+0000] {processor.py:840} INFO - DAG(s) 'example_short_circuit_operator' retrieved from /home/airflow/.local/lib/python3.8/site-packages/airflow/example_dags/example_short_circuit_operator.py
[2024-04-20T16:47:10.143+0000] {logging_mixin.py:188} INFO - [2024-04-20T16:47:10.143+0000] {dag.py:3047} INFO - Sync 1 DAGs
[2024-04-20T16:47:10.169+0000] {logging_mixin.py:188} INFO - [2024-04-20T16:47:10.169+0000] {dag.py:3834} INFO - Setting next_dagrun for example_short_circuit_operator to 2024-04-19 00:00:00+00:00, run_after=2024-04-20 00:00:00+00:00
[2024-04-20T16:47:10.306+0000] {processor.py:183} INFO - Processing /home/airflow/.local/lib/python3.8/site-packages/airflow/example_dags/example_short_circuit_operator.py took 0.206 seconds
[2024-04-20T16:47:40.384+0000] {processor.py:161} INFO - Started process (PID=1521) to work on /home/airflow/.local/lib/python3.8/site-packages/airflow/example_dags/example_short_circuit_operator.py
[2024-04-20T16:47:40.384+0000] {processor.py:830} INFO - Processing file /home/airflow/.local/lib/python3.8/site-packages/airflow/example_dags/example_short_circuit_operator.py for tasks to queue
[2024-04-20T16:47:40.385+0000] {logging_mixin.py:188} INFO - [2024-04-20T16:47:40.385+0000] {dagbag.py:540} INFO - Filling up the DagBag from /home/airflow/.local/lib/python3.8/site-packages/airflow/example_dags/example_short_circuit_operator.py
[2024-04-20T16:47:40.392+0000] {processor.py:840} INFO - DAG(s) 'example_short_circuit_operator' retrieved from /home/airflow/.local/lib/python3.8/site-packages/airflow/example_dags/example_short_circuit_operator.py
[2024-04-20T16:47:40.410+0000] {logging_mixin.py:188} INFO - [2024-04-20T16:47:40.410+0000] {dag.py:3047} INFO - Sync 1 DAGs
[2024-04-20T16:47:40.427+0000] {logging_mixin.py:188} INFO - [2024-04-20T16:47:40.427+0000] {dag.py:3834} INFO - Setting next_dagrun for example_short_circuit_operator to 2024-04-19 00:00:00+00:00, run_after=2024-04-20 00:00:00+00:00
[2024-04-20T16:47:40.547+0000] {processor.py:183} INFO - Processing /home/airflow/.local/lib/python3.8/site-packages/airflow/example_dags/example_short_circuit_operator.py took 0.166 seconds
[2024-04-20T16:48:11.053+0000] {processor.py:161} INFO - Started process (PID=1778) to work on /home/airflow/.local/lib/python3.8/site-packages/airflow/example_dags/example_short_circuit_operator.py
[2024-04-20T16:48:11.054+0000] {processor.py:830} INFO - Processing file /home/airflow/.local/lib/python3.8/site-packages/airflow/example_dags/example_short_circuit_operator.py for tasks to queue
[2024-04-20T16:48:11.054+0000] {logging_mixin.py:188} INFO - [2024-04-20T16:48:11.054+0000] {dagbag.py:540} INFO - Filling up the DagBag from /home/airflow/.local/lib/python3.8/site-packages/airflow/example_dags/example_short_circuit_operator.py
[2024-04-20T16:48:11.061+0000] {processor.py:840} INFO - DAG(s) 'example_short_circuit_operator' retrieved from /home/airflow/.local/lib/python3.8/site-packages/airflow/example_dags/example_short_circuit_operator.py
[2024-04-20T16:48:11.081+0000] {logging_mixin.py:188} INFO - [2024-04-20T16:48:11.081+0000] {dag.py:3047} INFO - Sync 1 DAGs
[2024-04-20T16:48:11.098+0000] {logging_mixin.py:188} INFO - [2024-04-20T16:48:11.098+0000] {dag.py:3834} INFO - Setting next_dagrun for example_short_circuit_operator to 2024-04-19 00:00:00+00:00, run_after=2024-04-20 00:00:00+00:00
[2024-04-20T16:48:11.287+0000] {processor.py:183} INFO - Processing /home/airflow/.local/lib/python3.8/site-packages/airflow/example_dags/example_short_circuit_operator.py took 0.237 seconds
[2024-04-20T16:48:41.494+0000] {processor.py:161} INFO - Started process (PID=2033) to work on /home/airflow/.local/lib/python3.8/site-packages/airflow/example_dags/example_short_circuit_operator.py
[2024-04-20T16:48:41.495+0000] {processor.py:830} INFO - Processing file /home/airflow/.local/lib/python3.8/site-packages/airflow/example_dags/example_short_circuit_operator.py for tasks to queue
[2024-04-20T16:48:41.496+0000] {logging_mixin.py:188} INFO - [2024-04-20T16:48:41.496+0000] {dagbag.py:540} INFO - Filling up the DagBag from /home/airflow/.local/lib/python3.8/site-packages/airflow/example_dags/example_short_circuit_operator.py
[2024-04-20T16:48:41.502+0000] {processor.py:840} INFO - DAG(s) 'example_short_circuit_operator' retrieved from /home/airflow/.local/lib/python3.8/site-packages/airflow/example_dags/example_short_circuit_operator.py
[2024-04-20T16:48:41.521+0000] {logging_mixin.py:188} INFO - [2024-04-20T16:48:41.521+0000] {dag.py:3047} INFO - Sync 1 DAGs
[2024-04-20T16:48:41.537+0000] {logging_mixin.py:188} INFO - [2024-04-20T16:48:41.537+0000] {dag.py:3834} INFO - Setting next_dagrun for example_short_circuit_operator to 2024-04-19 00:00:00+00:00, run_after=2024-04-20 00:00:00+00:00
[2024-04-20T16:48:41.684+0000] {processor.py:183} INFO - Processing /home/airflow/.local/lib/python3.8/site-packages/airflow/example_dags/example_short_circuit_operator.py took 0.192 seconds
[2024-04-20T16:49:12.227+0000] {processor.py:161} INFO - Started process (PID=2290) to work on /home/airflow/.local/lib/python3.8/site-packages/airflow/example_dags/example_short_circuit_operator.py
[2024-04-20T16:49:12.228+0000] {processor.py:830} INFO - Processing file /home/airflow/.local/lib/python3.8/site-packages/airflow/example_dags/example_short_circuit_operator.py for tasks to queue
[2024-04-20T16:49:12.229+0000] {logging_mixin.py:188} INFO - [2024-04-20T16:49:12.228+0000] {dagbag.py:540} INFO - Filling up the DagBag from /home/airflow/.local/lib/python3.8/site-packages/airflow/example_dags/example_short_circuit_operator.py
[2024-04-20T16:49:12.238+0000] {processor.py:840} INFO - DAG(s) 'example_short_circuit_operator' retrieved from /home/airflow/.local/lib/python3.8/site-packages/airflow/example_dags/example_short_circuit_operator.py
[2024-04-20T16:49:12.258+0000] {logging_mixin.py:188} INFO - [2024-04-20T16:49:12.257+0000] {dag.py:3047} INFO - Sync 1 DAGs
[2024-04-20T16:49:12.274+0000] {logging_mixin.py:188} INFO - [2024-04-20T16:49:12.274+0000] {dag.py:3834} INFO - Setting next_dagrun for example_short_circuit_operator to 2024-04-19 00:00:00+00:00, run_after=2024-04-20 00:00:00+00:00
[2024-04-20T16:49:12.415+0000] {processor.py:183} INFO - Processing /home/airflow/.local/lib/python3.8/site-packages/airflow/example_dags/example_short_circuit_operator.py took 0.191 seconds
[2024-04-20T16:49:42.994+0000] {processor.py:161} INFO - Started process (PID=2548) to work on /home/airflow/.local/lib/python3.8/site-packages/airflow/example_dags/example_short_circuit_operator.py
[2024-04-20T16:49:42.995+0000] {processor.py:830} INFO - Processing file /home/airflow/.local/lib/python3.8/site-packages/airflow/example_dags/example_short_circuit_operator.py for tasks to queue
[2024-04-20T16:49:42.996+0000] {logging_mixin.py:188} INFO - [2024-04-20T16:49:42.996+0000] {dagbag.py:540} INFO - Filling up the DagBag from /home/airflow/.local/lib/python3.8/site-packages/airflow/example_dags/example_short_circuit_operator.py
[2024-04-20T16:49:43.004+0000] {processor.py:840} INFO - DAG(s) 'example_short_circuit_operator' retrieved from /home/airflow/.local/lib/python3.8/site-packages/airflow/example_dags/example_short_circuit_operator.py
[2024-04-20T16:49:43.030+0000] {logging_mixin.py:188} INFO - [2024-04-20T16:49:43.030+0000] {dag.py:3047} INFO - Sync 1 DAGs
[2024-04-20T16:49:43.048+0000] {logging_mixin.py:188} INFO - [2024-04-20T16:49:43.048+0000] {dag.py:3834} INFO - Setting next_dagrun for example_short_circuit_operator to 2024-04-19 00:00:00+00:00, run_after=2024-04-20 00:00:00+00:00
[2024-04-20T16:49:43.181+0000] {processor.py:183} INFO - Processing /home/airflow/.local/lib/python3.8/site-packages/airflow/example_dags/example_short_circuit_operator.py took 0.190 seconds
[2024-04-20T16:50:13.945+0000] {processor.py:161} INFO - Started process (PID=2805) to work on /home/airflow/.local/lib/python3.8/site-packages/airflow/example_dags/example_short_circuit_operator.py
[2024-04-20T16:50:13.945+0000] {processor.py:830} INFO - Processing file /home/airflow/.local/lib/python3.8/site-packages/airflow/example_dags/example_short_circuit_operator.py for tasks to queue
[2024-04-20T16:50:13.946+0000] {logging_mixin.py:188} INFO - [2024-04-20T16:50:13.946+0000] {dagbag.py:540} INFO - Filling up the DagBag from /home/airflow/.local/lib/python3.8/site-packages/airflow/example_dags/example_short_circuit_operator.py
[2024-04-20T16:50:13.953+0000] {processor.py:840} INFO - DAG(s) 'example_short_circuit_operator' retrieved from /home/airflow/.local/lib/python3.8/site-packages/airflow/example_dags/example_short_circuit_operator.py
[2024-04-20T16:50:13.971+0000] {logging_mixin.py:188} INFO - [2024-04-20T16:50:13.971+0000] {dag.py:3047} INFO - Sync 1 DAGs
[2024-04-20T16:50:13.988+0000] {logging_mixin.py:188} INFO - [2024-04-20T16:50:13.988+0000] {dag.py:3834} INFO - Setting next_dagrun for example_short_circuit_operator to 2024-04-19 00:00:00+00:00, run_after=2024-04-20 00:00:00+00:00
[2024-04-20T16:50:14.134+0000] {processor.py:183} INFO - Processing /home/airflow/.local/lib/python3.8/site-packages/airflow/example_dags/example_short_circuit_operator.py took 0.192 seconds
[2024-04-20T16:50:44.373+0000] {processor.py:161} INFO - Started process (PID=3063) to work on /home/airflow/.local/lib/python3.8/site-packages/airflow/example_dags/example_short_circuit_operator.py
[2024-04-20T16:50:44.374+0000] {processor.py:830} INFO - Processing file /home/airflow/.local/lib/python3.8/site-packages/airflow/example_dags/example_short_circuit_operator.py for tasks to queue
[2024-04-20T16:50:44.375+0000] {logging_mixin.py:188} INFO - [2024-04-20T16:50:44.375+0000] {dagbag.py:540} INFO - Filling up the DagBag from /home/airflow/.local/lib/python3.8/site-packages/airflow/example_dags/example_short_circuit_operator.py
[2024-04-20T16:50:44.382+0000] {processor.py:840} INFO - DAG(s) 'example_short_circuit_operator' retrieved from /home/airflow/.local/lib/python3.8/site-packages/airflow/example_dags/example_short_circuit_operator.py
[2024-04-20T16:50:44.402+0000] {logging_mixin.py:188} INFO - [2024-04-20T16:50:44.402+0000] {dag.py:3047} INFO - Sync 1 DAGs
[2024-04-20T16:50:44.423+0000] {logging_mixin.py:188} INFO - [2024-04-20T16:50:44.422+0000] {dag.py:3834} INFO - Setting next_dagrun for example_short_circuit_operator to 2024-04-19 00:00:00+00:00, run_after=2024-04-20 00:00:00+00:00
[2024-04-20T16:50:44.672+0000] {processor.py:183} INFO - Processing /home/airflow/.local/lib/python3.8/site-packages/airflow/example_dags/example_short_circuit_operator.py took 0.302 seconds
[2024-04-20T16:51:15.480+0000] {processor.py:161} INFO - Started process (PID=3320) to work on /home/airflow/.local/lib/python3.8/site-packages/airflow/example_dags/example_short_circuit_operator.py
[2024-04-20T16:51:15.481+0000] {processor.py:830} INFO - Processing file /home/airflow/.local/lib/python3.8/site-packages/airflow/example_dags/example_short_circuit_operator.py for tasks to queue
[2024-04-20T16:51:15.481+0000] {logging_mixin.py:188} INFO - [2024-04-20T16:51:15.481+0000] {dagbag.py:540} INFO - Filling up the DagBag from /home/airflow/.local/lib/python3.8/site-packages/airflow/example_dags/example_short_circuit_operator.py
[2024-04-20T16:51:15.488+0000] {processor.py:840} INFO - DAG(s) 'example_short_circuit_operator' retrieved from /home/airflow/.local/lib/python3.8/site-packages/airflow/example_dags/example_short_circuit_operator.py
[2024-04-20T16:51:15.506+0000] {logging_mixin.py:188} INFO - [2024-04-20T16:51:15.506+0000] {dag.py:3047} INFO - Sync 1 DAGs
[2024-04-20T16:51:15.523+0000] {logging_mixin.py:188} INFO - [2024-04-20T16:51:15.522+0000] {dag.py:3834} INFO - Setting next_dagrun for example_short_circuit_operator to 2024-04-19 00:00:00+00:00, run_after=2024-04-20 00:00:00+00:00
[2024-04-20T16:51:15.669+0000] {processor.py:183} INFO - Processing /home/airflow/.local/lib/python3.8/site-packages/airflow/example_dags/example_short_circuit_operator.py took 0.192 seconds
[2024-04-20T16:51:46.220+0000] {processor.py:161} INFO - Started process (PID=3577) to work on /home/airflow/.local/lib/python3.8/site-packages/airflow/example_dags/example_short_circuit_operator.py
[2024-04-20T16:51:46.221+0000] {processor.py:830} INFO - Processing file /home/airflow/.local/lib/python3.8/site-packages/airflow/example_dags/example_short_circuit_operator.py for tasks to queue
[2024-04-20T16:51:46.222+0000] {logging_mixin.py:188} INFO - [2024-04-20T16:51:46.221+0000] {dagbag.py:540} INFO - Filling up the DagBag from /home/airflow/.local/lib/python3.8/site-packages/airflow/example_dags/example_short_circuit_operator.py
[2024-04-20T16:51:46.228+0000] {processor.py:840} INFO - DAG(s) 'example_short_circuit_operator' retrieved from /home/airflow/.local/lib/python3.8/site-packages/airflow/example_dags/example_short_circuit_operator.py
[2024-04-20T16:51:46.247+0000] {logging_mixin.py:188} INFO - [2024-04-20T16:51:46.246+0000] {dag.py:3047} INFO - Sync 1 DAGs
[2024-04-20T16:51:46.263+0000] {logging_mixin.py:188} INFO - [2024-04-20T16:51:46.263+0000] {dag.py:3834} INFO - Setting next_dagrun for example_short_circuit_operator to 2024-04-19 00:00:00+00:00, run_after=2024-04-20 00:00:00+00:00
[2024-04-20T16:51:46.412+0000] {processor.py:183} INFO - Processing /home/airflow/.local/lib/python3.8/site-packages/airflow/example_dags/example_short_circuit_operator.py took 0.195 seconds
[2024-04-20T16:52:17.124+0000] {processor.py:161} INFO - Started process (PID=3834) to work on /home/airflow/.local/lib/python3.8/site-packages/airflow/example_dags/example_short_circuit_operator.py
[2024-04-20T16:52:17.125+0000] {processor.py:830} INFO - Processing file /home/airflow/.local/lib/python3.8/site-packages/airflow/example_dags/example_short_circuit_operator.py for tasks to queue
[2024-04-20T16:52:17.126+0000] {logging_mixin.py:188} INFO - [2024-04-20T16:52:17.125+0000] {dagbag.py:540} INFO - Filling up the DagBag from /home/airflow/.local/lib/python3.8/site-packages/airflow/example_dags/example_short_circuit_operator.py
[2024-04-20T16:52:17.132+0000] {processor.py:840} INFO - DAG(s) 'example_short_circuit_operator' retrieved from /home/airflow/.local/lib/python3.8/site-packages/airflow/example_dags/example_short_circuit_operator.py
[2024-04-20T16:52:17.151+0000] {logging_mixin.py:188} INFO - [2024-04-20T16:52:17.151+0000] {dag.py:3047} INFO - Sync 1 DAGs
[2024-04-20T16:52:17.168+0000] {logging_mixin.py:188} INFO - [2024-04-20T16:52:17.168+0000] {dag.py:3834} INFO - Setting next_dagrun for example_short_circuit_operator to 2024-04-19 00:00:00+00:00, run_after=2024-04-20 00:00:00+00:00
[2024-04-20T16:52:17.323+0000] {processor.py:183} INFO - Processing /home/airflow/.local/lib/python3.8/site-packages/airflow/example_dags/example_short_circuit_operator.py took 0.201 seconds
[2024-04-20T16:52:47.850+0000] {processor.py:161} INFO - Started process (PID=4093) to work on /home/airflow/.local/lib/python3.8/site-packages/airflow/example_dags/example_short_circuit_operator.py
[2024-04-20T16:52:47.851+0000] {processor.py:830} INFO - Processing file /home/airflow/.local/lib/python3.8/site-packages/airflow/example_dags/example_short_circuit_operator.py for tasks to queue
[2024-04-20T16:52:47.852+0000] {logging_mixin.py:188} INFO - [2024-04-20T16:52:47.852+0000] {dagbag.py:540} INFO - Filling up the DagBag from /home/airflow/.local/lib/python3.8/site-packages/airflow/example_dags/example_short_circuit_operator.py
[2024-04-20T16:52:47.858+0000] {processor.py:840} INFO - DAG(s) 'example_short_circuit_operator' retrieved from /home/airflow/.local/lib/python3.8/site-packages/airflow/example_dags/example_short_circuit_operator.py
[2024-04-20T16:52:47.877+0000] {logging_mixin.py:188} INFO - [2024-04-20T16:52:47.876+0000] {dag.py:3047} INFO - Sync 1 DAGs
[2024-04-20T16:52:47.893+0000] {logging_mixin.py:188} INFO - [2024-04-20T16:52:47.893+0000] {dag.py:3834} INFO - Setting next_dagrun for example_short_circuit_operator to 2024-04-19 00:00:00+00:00, run_after=2024-04-20 00:00:00+00:00
[2024-04-20T16:52:48.033+0000] {processor.py:183} INFO - Processing /home/airflow/.local/lib/python3.8/site-packages/airflow/example_dags/example_short_circuit_operator.py took 0.185 seconds
[2024-04-20T16:53:18.479+0000] {processor.py:161} INFO - Started process (PID=4351) to work on /home/airflow/.local/lib/python3.8/site-packages/airflow/example_dags/example_short_circuit_operator.py
[2024-04-20T16:53:18.480+0000] {processor.py:830} INFO - Processing file /home/airflow/.local/lib/python3.8/site-packages/airflow/example_dags/example_short_circuit_operator.py for tasks to queue
[2024-04-20T16:53:18.481+0000] {logging_mixin.py:188} INFO - [2024-04-20T16:53:18.480+0000] {dagbag.py:540} INFO - Filling up the DagBag from /home/airflow/.local/lib/python3.8/site-packages/airflow/example_dags/example_short_circuit_operator.py
[2024-04-20T16:53:18.487+0000] {processor.py:840} INFO - DAG(s) 'example_short_circuit_operator' retrieved from /home/airflow/.local/lib/python3.8/site-packages/airflow/example_dags/example_short_circuit_operator.py
[2024-04-20T16:53:18.515+0000] {logging_mixin.py:188} INFO - [2024-04-20T16:53:18.515+0000] {dag.py:3047} INFO - Sync 1 DAGs
[2024-04-20T16:53:18.540+0000] {logging_mixin.py:188} INFO - [2024-04-20T16:53:18.540+0000] {dag.py:3834} INFO - Setting next_dagrun for example_short_circuit_operator to 2024-04-19 00:00:00+00:00, run_after=2024-04-20 00:00:00+00:00
[2024-04-20T16:53:18.878+0000] {processor.py:183} INFO - Processing /home/airflow/.local/lib/python3.8/site-packages/airflow/example_dags/example_short_circuit_operator.py took 0.402 seconds
[2024-04-20T16:53:48.919+0000] {processor.py:161} INFO - Started process (PID=4608) to work on /home/airflow/.local/lib/python3.8/site-packages/airflow/example_dags/example_short_circuit_operator.py
[2024-04-20T16:53:48.920+0000] {processor.py:830} INFO - Processing file /home/airflow/.local/lib/python3.8/site-packages/airflow/example_dags/example_short_circuit_operator.py for tasks to queue
[2024-04-20T16:53:48.921+0000] {logging_mixin.py:188} INFO - [2024-04-20T16:53:48.921+0000] {dagbag.py:540} INFO - Filling up the DagBag from /home/airflow/.local/lib/python3.8/site-packages/airflow/example_dags/example_short_circuit_operator.py
[2024-04-20T16:53:48.927+0000] {processor.py:840} INFO - DAG(s) 'example_short_circuit_operator' retrieved from /home/airflow/.local/lib/python3.8/site-packages/airflow/example_dags/example_short_circuit_operator.py
[2024-04-20T16:53:48.946+0000] {logging_mixin.py:188} INFO - [2024-04-20T16:53:48.946+0000] {dag.py:3047} INFO - Sync 1 DAGs
[2024-04-20T16:53:48.963+0000] {logging_mixin.py:188} INFO - [2024-04-20T16:53:48.963+0000] {dag.py:3834} INFO - Setting next_dagrun for example_short_circuit_operator to 2024-04-19 00:00:00+00:00, run_after=2024-04-20 00:00:00+00:00
[2024-04-20T16:53:49.083+0000] {processor.py:183} INFO - Processing /home/airflow/.local/lib/python3.8/site-packages/airflow/example_dags/example_short_circuit_operator.py took 0.166 seconds
[2024-04-20T16:54:19.217+0000] {processor.py:161} INFO - Started process (PID=4862) to work on /home/airflow/.local/lib/python3.8/site-packages/airflow/example_dags/example_short_circuit_operator.py
[2024-04-20T16:54:19.218+0000] {processor.py:830} INFO - Processing file /home/airflow/.local/lib/python3.8/site-packages/airflow/example_dags/example_short_circuit_operator.py for tasks to queue
[2024-04-20T16:54:19.218+0000] {logging_mixin.py:188} INFO - [2024-04-20T16:54:19.218+0000] {dagbag.py:540} INFO - Filling up the DagBag from /home/airflow/.local/lib/python3.8/site-packages/airflow/example_dags/example_short_circuit_operator.py
[2024-04-20T16:54:19.225+0000] {processor.py:840} INFO - DAG(s) 'example_short_circuit_operator' retrieved from /home/airflow/.local/lib/python3.8/site-packages/airflow/example_dags/example_short_circuit_operator.py
[2024-04-20T16:54:19.244+0000] {logging_mixin.py:188} INFO - [2024-04-20T16:54:19.244+0000] {dag.py:3047} INFO - Sync 1 DAGs
[2024-04-20T16:54:19.261+0000] {logging_mixin.py:188} INFO - [2024-04-20T16:54:19.260+0000] {dag.py:3834} INFO - Setting next_dagrun for example_short_circuit_operator to 2024-04-19 00:00:00+00:00, run_after=2024-04-20 00:00:00+00:00
[2024-04-20T16:54:19.407+0000] {processor.py:183} INFO - Processing /home/airflow/.local/lib/python3.8/site-packages/airflow/example_dags/example_short_circuit_operator.py took 0.193 seconds
[2024-04-20T16:54:49.828+0000] {processor.py:161} INFO - Started process (PID=5120) to work on /home/airflow/.local/lib/python3.8/site-packages/airflow/example_dags/example_short_circuit_operator.py
[2024-04-20T16:54:49.829+0000] {processor.py:830} INFO - Processing file /home/airflow/.local/lib/python3.8/site-packages/airflow/example_dags/example_short_circuit_operator.py for tasks to queue
[2024-04-20T16:54:49.829+0000] {logging_mixin.py:188} INFO - [2024-04-20T16:54:49.829+0000] {dagbag.py:540} INFO - Filling up the DagBag from /home/airflow/.local/lib/python3.8/site-packages/airflow/example_dags/example_short_circuit_operator.py
[2024-04-20T16:54:49.836+0000] {processor.py:840} INFO - DAG(s) 'example_short_circuit_operator' retrieved from /home/airflow/.local/lib/python3.8/site-packages/airflow/example_dags/example_short_circuit_operator.py
[2024-04-20T16:54:49.855+0000] {logging_mixin.py:188} INFO - [2024-04-20T16:54:49.854+0000] {dag.py:3047} INFO - Sync 1 DAGs
[2024-04-20T16:54:49.871+0000] {logging_mixin.py:188} INFO - [2024-04-20T16:54:49.871+0000] {dag.py:3834} INFO - Setting next_dagrun for example_short_circuit_operator to 2024-04-19 00:00:00+00:00, run_after=2024-04-20 00:00:00+00:00
[2024-04-20T16:54:50.009+0000] {processor.py:183} INFO - Processing /home/airflow/.local/lib/python3.8/site-packages/airflow/example_dags/example_short_circuit_operator.py took 0.183 seconds
[2024-04-20T16:55:20.457+0000] {processor.py:161} INFO - Started process (PID=5377) to work on /home/airflow/.local/lib/python3.8/site-packages/airflow/example_dags/example_short_circuit_operator.py
[2024-04-20T16:55:20.458+0000] {processor.py:830} INFO - Processing file /home/airflow/.local/lib/python3.8/site-packages/airflow/example_dags/example_short_circuit_operator.py for tasks to queue
[2024-04-20T16:55:20.459+0000] {logging_mixin.py:188} INFO - [2024-04-20T16:55:20.459+0000] {dagbag.py:540} INFO - Filling up the DagBag from /home/airflow/.local/lib/python3.8/site-packages/airflow/example_dags/example_short_circuit_operator.py
[2024-04-20T16:55:20.465+0000] {processor.py:840} INFO - DAG(s) 'example_short_circuit_operator' retrieved from /home/airflow/.local/lib/python3.8/site-packages/airflow/example_dags/example_short_circuit_operator.py
[2024-04-20T16:55:20.485+0000] {logging_mixin.py:188} INFO - [2024-04-20T16:55:20.484+0000] {dag.py:3047} INFO - Sync 1 DAGs
[2024-04-20T16:55:20.502+0000] {logging_mixin.py:188} INFO - [2024-04-20T16:55:20.501+0000] {dag.py:3834} INFO - Setting next_dagrun for example_short_circuit_operator to 2024-04-19 00:00:00+00:00, run_after=2024-04-20 00:00:00+00:00
[2024-04-20T16:55:20.645+0000] {processor.py:183} INFO - Processing /home/airflow/.local/lib/python3.8/site-packages/airflow/example_dags/example_short_circuit_operator.py took 0.191 seconds
[2024-04-20T16:55:50.920+0000] {processor.py:161} INFO - Started process (PID=5635) to work on /home/airflow/.local/lib/python3.8/site-packages/airflow/example_dags/example_short_circuit_operator.py
[2024-04-20T16:55:50.921+0000] {processor.py:830} INFO - Processing file /home/airflow/.local/lib/python3.8/site-packages/airflow/example_dags/example_short_circuit_operator.py for tasks to queue
[2024-04-20T16:55:50.922+0000] {logging_mixin.py:188} INFO - [2024-04-20T16:55:50.921+0000] {dagbag.py:540} INFO - Filling up the DagBag from /home/airflow/.local/lib/python3.8/site-packages/airflow/example_dags/example_short_circuit_operator.py
[2024-04-20T16:55:50.931+0000] {processor.py:840} INFO - DAG(s) 'example_short_circuit_operator' retrieved from /home/airflow/.local/lib/python3.8/site-packages/airflow/example_dags/example_short_circuit_operator.py
[2024-04-20T16:55:50.958+0000] {logging_mixin.py:188} INFO - [2024-04-20T16:55:50.958+0000] {dag.py:3047} INFO - Sync 1 DAGs
[2024-04-20T16:55:50.979+0000] {logging_mixin.py:188} INFO - [2024-04-20T16:55:50.978+0000] {dag.py:3834} INFO - Setting next_dagrun for example_short_circuit_operator to 2024-04-19 00:00:00+00:00, run_after=2024-04-20 00:00:00+00:00
[2024-04-20T16:55:51.101+0000] {processor.py:183} INFO - Processing /home/airflow/.local/lib/python3.8/site-packages/airflow/example_dags/example_short_circuit_operator.py took 0.184 seconds
[2024-04-20T16:56:21.517+0000] {processor.py:161} INFO - Started process (PID=5892) to work on /home/airflow/.local/lib/python3.8/site-packages/airflow/example_dags/example_short_circuit_operator.py
[2024-04-20T16:56:21.519+0000] {processor.py:830} INFO - Processing file /home/airflow/.local/lib/python3.8/site-packages/airflow/example_dags/example_short_circuit_operator.py for tasks to queue
[2024-04-20T16:56:21.520+0000] {logging_mixin.py:188} INFO - [2024-04-20T16:56:21.519+0000] {dagbag.py:540} INFO - Filling up the DagBag from /home/airflow/.local/lib/python3.8/site-packages/airflow/example_dags/example_short_circuit_operator.py
[2024-04-20T16:56:21.530+0000] {processor.py:840} INFO - DAG(s) 'example_short_circuit_operator' retrieved from /home/airflow/.local/lib/python3.8/site-packages/airflow/example_dags/example_short_circuit_operator.py
[2024-04-20T16:56:21.567+0000] {logging_mixin.py:188} INFO - [2024-04-20T16:56:21.566+0000] {dag.py:3047} INFO - Sync 1 DAGs
[2024-04-20T16:56:21.590+0000] {logging_mixin.py:188} INFO - [2024-04-20T16:56:21.590+0000] {dag.py:3834} INFO - Setting next_dagrun for example_short_circuit_operator to 2024-04-19 00:00:00+00:00, run_after=2024-04-20 00:00:00+00:00
[2024-04-20T16:56:21.784+0000] {processor.py:183} INFO - Processing /home/airflow/.local/lib/python3.8/site-packages/airflow/example_dags/example_short_circuit_operator.py took 0.271 seconds
[2024-04-20T16:56:51.944+0000] {processor.py:161} INFO - Started process (PID=6149) to work on /home/airflow/.local/lib/python3.8/site-packages/airflow/example_dags/example_short_circuit_operator.py
[2024-04-20T16:56:51.946+0000] {processor.py:830} INFO - Processing file /home/airflow/.local/lib/python3.8/site-packages/airflow/example_dags/example_short_circuit_operator.py for tasks to queue
[2024-04-20T16:56:51.947+0000] {logging_mixin.py:188} INFO - [2024-04-20T16:56:51.947+0000] {dagbag.py:540} INFO - Filling up the DagBag from /home/airflow/.local/lib/python3.8/site-packages/airflow/example_dags/example_short_circuit_operator.py
[2024-04-20T16:56:51.957+0000] {processor.py:840} INFO - DAG(s) 'example_short_circuit_operator' retrieved from /home/airflow/.local/lib/python3.8/site-packages/airflow/example_dags/example_short_circuit_operator.py
[2024-04-20T16:56:51.984+0000] {logging_mixin.py:188} INFO - [2024-04-20T16:56:51.984+0000] {dag.py:3047} INFO - Sync 1 DAGs
[2024-04-20T16:56:52.004+0000] {logging_mixin.py:188} INFO - [2024-04-20T16:56:52.003+0000] {dag.py:3834} INFO - Setting next_dagrun for example_short_circuit_operator to 2024-04-19 00:00:00+00:00, run_after=2024-04-20 00:00:00+00:00
[2024-04-20T16:56:52.440+0000] {processor.py:183} INFO - Processing /home/airflow/.local/lib/python3.8/site-packages/airflow/example_dags/example_short_circuit_operator.py took 0.500 seconds
[2024-04-20T16:57:22.953+0000] {processor.py:161} INFO - Started process (PID=6407) to work on /home/airflow/.local/lib/python3.8/site-packages/airflow/example_dags/example_short_circuit_operator.py
[2024-04-20T16:57:22.954+0000] {processor.py:830} INFO - Processing file /home/airflow/.local/lib/python3.8/site-packages/airflow/example_dags/example_short_circuit_operator.py for tasks to queue
[2024-04-20T16:57:22.956+0000] {logging_mixin.py:188} INFO - [2024-04-20T16:57:22.955+0000] {dagbag.py:540} INFO - Filling up the DagBag from /home/airflow/.local/lib/python3.8/site-packages/airflow/example_dags/example_short_circuit_operator.py
[2024-04-20T16:57:22.963+0000] {processor.py:840} INFO - DAG(s) 'example_short_circuit_operator' retrieved from /home/airflow/.local/lib/python3.8/site-packages/airflow/example_dags/example_short_circuit_operator.py
[2024-04-20T16:57:22.992+0000] {logging_mixin.py:188} INFO - [2024-04-20T16:57:22.992+0000] {dag.py:3047} INFO - Sync 1 DAGs
[2024-04-20T16:57:23.009+0000] {logging_mixin.py:188} INFO - [2024-04-20T16:57:23.009+0000] {dag.py:3834} INFO - Setting next_dagrun for example_short_circuit_operator to 2024-04-19 00:00:00+00:00, run_after=2024-04-20 00:00:00+00:00
[2024-04-20T16:57:23.281+0000] {processor.py:183} INFO - Processing /home/airflow/.local/lib/python3.8/site-packages/airflow/example_dags/example_short_circuit_operator.py took 0.333 seconds
[2024-04-20T16:57:53.340+0000] {processor.py:161} INFO - Started process (PID=6658) to work on /home/airflow/.local/lib/python3.8/site-packages/airflow/example_dags/example_short_circuit_operator.py
[2024-04-20T16:57:53.341+0000] {processor.py:830} INFO - Processing file /home/airflow/.local/lib/python3.8/site-packages/airflow/example_dags/example_short_circuit_operator.py for tasks to queue
[2024-04-20T16:57:53.343+0000] {logging_mixin.py:188} INFO - [2024-04-20T16:57:53.343+0000] {dagbag.py:540} INFO - Filling up the DagBag from /home/airflow/.local/lib/python3.8/site-packages/airflow/example_dags/example_short_circuit_operator.py
[2024-04-20T16:57:53.363+0000] {processor.py:840} INFO - DAG(s) 'example_short_circuit_operator' retrieved from /home/airflow/.local/lib/python3.8/site-packages/airflow/example_dags/example_short_circuit_operator.py
[2024-04-20T16:57:53.407+0000] {logging_mixin.py:188} INFO - [2024-04-20T16:57:53.407+0000] {dag.py:3047} INFO - Sync 1 DAGs
[2024-04-20T16:57:53.460+0000] {logging_mixin.py:188} INFO - [2024-04-20T16:57:53.460+0000] {dag.py:3834} INFO - Setting next_dagrun for example_short_circuit_operator to 2024-04-19 00:00:00+00:00, run_after=2024-04-20 00:00:00+00:00
[2024-04-20T16:57:53.889+0000] {processor.py:183} INFO - Processing /home/airflow/.local/lib/python3.8/site-packages/airflow/example_dags/example_short_circuit_operator.py took 0.554 seconds
[2024-04-20T16:58:23.993+0000] {processor.py:161} INFO - Started process (PID=6917) to work on /home/airflow/.local/lib/python3.8/site-packages/airflow/example_dags/example_short_circuit_operator.py
[2024-04-20T16:58:23.994+0000] {processor.py:830} INFO - Processing file /home/airflow/.local/lib/python3.8/site-packages/airflow/example_dags/example_short_circuit_operator.py for tasks to queue
[2024-04-20T16:58:23.995+0000] {logging_mixin.py:188} INFO - [2024-04-20T16:58:23.995+0000] {dagbag.py:540} INFO - Filling up the DagBag from /home/airflow/.local/lib/python3.8/site-packages/airflow/example_dags/example_short_circuit_operator.py
[2024-04-20T16:58:24.007+0000] {processor.py:840} INFO - DAG(s) 'example_short_circuit_operator' retrieved from /home/airflow/.local/lib/python3.8/site-packages/airflow/example_dags/example_short_circuit_operator.py
[2024-04-20T16:58:24.037+0000] {logging_mixin.py:188} INFO - [2024-04-20T16:58:24.037+0000] {dag.py:3047} INFO - Sync 1 DAGs
[2024-04-20T16:58:24.063+0000] {logging_mixin.py:188} INFO - [2024-04-20T16:58:24.063+0000] {dag.py:3834} INFO - Setting next_dagrun for example_short_circuit_operator to 2024-04-19 00:00:00+00:00, run_after=2024-04-20 00:00:00+00:00
[2024-04-20T16:58:24.185+0000] {processor.py:183} INFO - Processing /home/airflow/.local/lib/python3.8/site-packages/airflow/example_dags/example_short_circuit_operator.py took 0.196 seconds
[2024-04-20T16:58:54.379+0000] {processor.py:161} INFO - Started process (PID=7174) to work on /home/airflow/.local/lib/python3.8/site-packages/airflow/example_dags/example_short_circuit_operator.py
[2024-04-20T16:58:54.380+0000] {processor.py:830} INFO - Processing file /home/airflow/.local/lib/python3.8/site-packages/airflow/example_dags/example_short_circuit_operator.py for tasks to queue
[2024-04-20T16:58:54.380+0000] {logging_mixin.py:188} INFO - [2024-04-20T16:58:54.380+0000] {dagbag.py:540} INFO - Filling up the DagBag from /home/airflow/.local/lib/python3.8/site-packages/airflow/example_dags/example_short_circuit_operator.py
[2024-04-20T16:58:54.387+0000] {processor.py:840} INFO - DAG(s) 'example_short_circuit_operator' retrieved from /home/airflow/.local/lib/python3.8/site-packages/airflow/example_dags/example_short_circuit_operator.py
[2024-04-20T16:58:54.408+0000] {logging_mixin.py:188} INFO - [2024-04-20T16:58:54.408+0000] {dag.py:3047} INFO - Sync 1 DAGs
[2024-04-20T16:58:54.425+0000] {logging_mixin.py:188} INFO - [2024-04-20T16:58:54.425+0000] {dag.py:3834} INFO - Setting next_dagrun for example_short_circuit_operator to 2024-04-19 00:00:00+00:00, run_after=2024-04-20 00:00:00+00:00
[2024-04-20T16:58:54.576+0000] {processor.py:183} INFO - Processing /home/airflow/.local/lib/python3.8/site-packages/airflow/example_dags/example_short_circuit_operator.py took 0.199 seconds
[2024-04-20T16:59:24.877+0000] {processor.py:161} INFO - Started process (PID=7431) to work on /home/airflow/.local/lib/python3.8/site-packages/airflow/example_dags/example_short_circuit_operator.py
[2024-04-20T16:59:24.878+0000] {processor.py:830} INFO - Processing file /home/airflow/.local/lib/python3.8/site-packages/airflow/example_dags/example_short_circuit_operator.py for tasks to queue
[2024-04-20T16:59:24.880+0000] {logging_mixin.py:188} INFO - [2024-04-20T16:59:24.879+0000] {dagbag.py:540} INFO - Filling up the DagBag from /home/airflow/.local/lib/python3.8/site-packages/airflow/example_dags/example_short_circuit_operator.py
[2024-04-20T16:59:24.886+0000] {processor.py:840} INFO - DAG(s) 'example_short_circuit_operator' retrieved from /home/airflow/.local/lib/python3.8/site-packages/airflow/example_dags/example_short_circuit_operator.py
[2024-04-20T16:59:24.918+0000] {logging_mixin.py:188} INFO - [2024-04-20T16:59:24.917+0000] {dag.py:3047} INFO - Sync 1 DAGs
[2024-04-20T16:59:24.947+0000] {logging_mixin.py:188} INFO - [2024-04-20T16:59:24.947+0000] {dag.py:3834} INFO - Setting next_dagrun for example_short_circuit_operator to 2024-04-19 00:00:00+00:00, run_after=2024-04-20 00:00:00+00:00
[2024-04-20T16:59:25.332+0000] {processor.py:183} INFO - Processing /home/airflow/.local/lib/python3.8/site-packages/airflow/example_dags/example_short_circuit_operator.py took 0.457 seconds
[2024-04-20T16:59:56.066+0000] {processor.py:161} INFO - Started process (PID=7688) to work on /home/airflow/.local/lib/python3.8/site-packages/airflow/example_dags/example_short_circuit_operator.py
[2024-04-20T16:59:56.067+0000] {processor.py:830} INFO - Processing file /home/airflow/.local/lib/python3.8/site-packages/airflow/example_dags/example_short_circuit_operator.py for tasks to queue
[2024-04-20T16:59:56.069+0000] {logging_mixin.py:188} INFO - [2024-04-20T16:59:56.068+0000] {dagbag.py:540} INFO - Filling up the DagBag from /home/airflow/.local/lib/python3.8/site-packages/airflow/example_dags/example_short_circuit_operator.py
[2024-04-20T16:59:56.079+0000] {processor.py:840} INFO - DAG(s) 'example_short_circuit_operator' retrieved from /home/airflow/.local/lib/python3.8/site-packages/airflow/example_dags/example_short_circuit_operator.py
[2024-04-20T16:59:56.108+0000] {logging_mixin.py:188} INFO - [2024-04-20T16:59:56.108+0000] {dag.py:3047} INFO - Sync 1 DAGs
[2024-04-20T16:59:56.134+0000] {logging_mixin.py:188} INFO - [2024-04-20T16:59:56.134+0000] {dag.py:3834} INFO - Setting next_dagrun for example_short_circuit_operator to 2024-04-19 00:00:00+00:00, run_after=2024-04-20 00:00:00+00:00
[2024-04-20T16:59:56.355+0000] {processor.py:183} INFO - Processing /home/airflow/.local/lib/python3.8/site-packages/airflow/example_dags/example_short_circuit_operator.py took 0.292 seconds
[2024-04-20T17:00:26.410+0000] {processor.py:161} INFO - Started process (PID=7945) to work on /home/airflow/.local/lib/python3.8/site-packages/airflow/example_dags/example_short_circuit_operator.py
[2024-04-20T17:00:26.412+0000] {processor.py:830} INFO - Processing file /home/airflow/.local/lib/python3.8/site-packages/airflow/example_dags/example_short_circuit_operator.py for tasks to queue
[2024-04-20T17:00:26.413+0000] {logging_mixin.py:188} INFO - [2024-04-20T17:00:26.412+0000] {dagbag.py:540} INFO - Filling up the DagBag from /home/airflow/.local/lib/python3.8/site-packages/airflow/example_dags/example_short_circuit_operator.py
[2024-04-20T17:00:26.429+0000] {processor.py:840} INFO - DAG(s) 'example_short_circuit_operator' retrieved from /home/airflow/.local/lib/python3.8/site-packages/airflow/example_dags/example_short_circuit_operator.py
[2024-04-20T17:00:26.455+0000] {logging_mixin.py:188} INFO - [2024-04-20T17:00:26.455+0000] {dag.py:3047} INFO - Sync 1 DAGs
[2024-04-20T17:00:26.472+0000] {logging_mixin.py:188} INFO - [2024-04-20T17:00:26.472+0000] {dag.py:3834} INFO - Setting next_dagrun for example_short_circuit_operator to 2024-04-19 00:00:00+00:00, run_after=2024-04-20 00:00:00+00:00
[2024-04-20T17:00:26.702+0000] {processor.py:183} INFO - Processing /home/airflow/.local/lib/python3.8/site-packages/airflow/example_dags/example_short_circuit_operator.py took 0.296 seconds
[2024-04-20T17:00:56.927+0000] {processor.py:161} INFO - Started process (PID=8202) to work on /home/airflow/.local/lib/python3.8/site-packages/airflow/example_dags/example_short_circuit_operator.py
[2024-04-20T17:00:56.927+0000] {processor.py:830} INFO - Processing file /home/airflow/.local/lib/python3.8/site-packages/airflow/example_dags/example_short_circuit_operator.py for tasks to queue
[2024-04-20T17:00:56.928+0000] {logging_mixin.py:188} INFO - [2024-04-20T17:00:56.928+0000] {dagbag.py:540} INFO - Filling up the DagBag from /home/airflow/.local/lib/python3.8/site-packages/airflow/example_dags/example_short_circuit_operator.py
[2024-04-20T17:00:56.934+0000] {processor.py:840} INFO - DAG(s) 'example_short_circuit_operator' retrieved from /home/airflow/.local/lib/python3.8/site-packages/airflow/example_dags/example_short_circuit_operator.py
[2024-04-20T17:00:56.961+0000] {logging_mixin.py:188} INFO - [2024-04-20T17:00:56.961+0000] {dag.py:3047} INFO - Sync 1 DAGs
[2024-04-20T17:00:56.978+0000] {logging_mixin.py:188} INFO - [2024-04-20T17:00:56.978+0000] {dag.py:3834} INFO - Setting next_dagrun for example_short_circuit_operator to 2024-04-19 00:00:00+00:00, run_after=2024-04-20 00:00:00+00:00
[2024-04-20T17:00:57.167+0000] {processor.py:183} INFO - Processing /home/airflow/.local/lib/python3.8/site-packages/airflow/example_dags/example_short_circuit_operator.py took 0.243 seconds
[2024-04-20T17:01:27.216+0000] {processor.py:161} INFO - Started process (PID=8460) to work on /home/airflow/.local/lib/python3.8/site-packages/airflow/example_dags/example_short_circuit_operator.py
[2024-04-20T17:01:27.218+0000] {processor.py:830} INFO - Processing file /home/airflow/.local/lib/python3.8/site-packages/airflow/example_dags/example_short_circuit_operator.py for tasks to queue
[2024-04-20T17:01:27.219+0000] {logging_mixin.py:188} INFO - [2024-04-20T17:01:27.219+0000] {dagbag.py:540} INFO - Filling up the DagBag from /home/airflow/.local/lib/python3.8/site-packages/airflow/example_dags/example_short_circuit_operator.py
[2024-04-20T17:01:27.229+0000] {processor.py:840} INFO - DAG(s) 'example_short_circuit_operator' retrieved from /home/airflow/.local/lib/python3.8/site-packages/airflow/example_dags/example_short_circuit_operator.py
[2024-04-20T17:01:27.249+0000] {logging_mixin.py:188} INFO - [2024-04-20T17:01:27.249+0000] {dag.py:3047} INFO - Sync 1 DAGs
[2024-04-20T17:01:27.267+0000] {logging_mixin.py:188} INFO - [2024-04-20T17:01:27.266+0000] {dag.py:3834} INFO - Setting next_dagrun for example_short_circuit_operator to 2024-04-19 00:00:00+00:00, run_after=2024-04-20 00:00:00+00:00
[2024-04-20T17:01:27.455+0000] {processor.py:183} INFO - Processing /home/airflow/.local/lib/python3.8/site-packages/airflow/example_dags/example_short_circuit_operator.py took 0.242 seconds
[2024-04-20T17:01:57.719+0000] {processor.py:161} INFO - Started process (PID=8718) to work on /home/airflow/.local/lib/python3.8/site-packages/airflow/example_dags/example_short_circuit_operator.py
[2024-04-20T17:01:57.720+0000] {processor.py:830} INFO - Processing file /home/airflow/.local/lib/python3.8/site-packages/airflow/example_dags/example_short_circuit_operator.py for tasks to queue
[2024-04-20T17:01:57.721+0000] {logging_mixin.py:188} INFO - [2024-04-20T17:01:57.721+0000] {dagbag.py:540} INFO - Filling up the DagBag from /home/airflow/.local/lib/python3.8/site-packages/airflow/example_dags/example_short_circuit_operator.py
[2024-04-20T17:01:57.729+0000] {processor.py:840} INFO - DAG(s) 'example_short_circuit_operator' retrieved from /home/airflow/.local/lib/python3.8/site-packages/airflow/example_dags/example_short_circuit_operator.py
[2024-04-20T17:01:57.748+0000] {logging_mixin.py:188} INFO - [2024-04-20T17:01:57.748+0000] {dag.py:3047} INFO - Sync 1 DAGs
[2024-04-20T17:01:57.765+0000] {logging_mixin.py:188} INFO - [2024-04-20T17:01:57.765+0000] {dag.py:3834} INFO - Setting next_dagrun for example_short_circuit_operator to 2024-04-19 00:00:00+00:00, run_after=2024-04-20 00:00:00+00:00
[2024-04-20T17:01:57.890+0000] {processor.py:183} INFO - Processing /home/airflow/.local/lib/python3.8/site-packages/airflow/example_dags/example_short_circuit_operator.py took 0.176 seconds
[2024-04-20T17:02:27.950+0000] {processor.py:161} INFO - Started process (PID=8975) to work on /home/airflow/.local/lib/python3.8/site-packages/airflow/example_dags/example_short_circuit_operator.py
[2024-04-20T17:02:27.951+0000] {processor.py:830} INFO - Processing file /home/airflow/.local/lib/python3.8/site-packages/airflow/example_dags/example_short_circuit_operator.py for tasks to queue
[2024-04-20T17:02:27.952+0000] {logging_mixin.py:188} INFO - [2024-04-20T17:02:27.952+0000] {dagbag.py:540} INFO - Filling up the DagBag from /home/airflow/.local/lib/python3.8/site-packages/airflow/example_dags/example_short_circuit_operator.py
[2024-04-20T17:02:27.960+0000] {processor.py:840} INFO - DAG(s) 'example_short_circuit_operator' retrieved from /home/airflow/.local/lib/python3.8/site-packages/airflow/example_dags/example_short_circuit_operator.py
[2024-04-20T17:02:27.978+0000] {logging_mixin.py:188} INFO - [2024-04-20T17:02:27.978+0000] {dag.py:3047} INFO - Sync 1 DAGs
[2024-04-20T17:02:27.995+0000] {logging_mixin.py:188} INFO - [2024-04-20T17:02:27.995+0000] {dag.py:3834} INFO - Setting next_dagrun for example_short_circuit_operator to 2024-04-19 00:00:00+00:00, run_after=2024-04-20 00:00:00+00:00
[2024-04-20T17:02:28.138+0000] {processor.py:183} INFO - Processing /home/airflow/.local/lib/python3.8/site-packages/airflow/example_dags/example_short_circuit_operator.py took 0.192 seconds
[2024-04-20T17:02:58.291+0000] {processor.py:161} INFO - Started process (PID=9233) to work on /home/airflow/.local/lib/python3.8/site-packages/airflow/example_dags/example_short_circuit_operator.py
[2024-04-20T17:02:58.292+0000] {processor.py:830} INFO - Processing file /home/airflow/.local/lib/python3.8/site-packages/airflow/example_dags/example_short_circuit_operator.py for tasks to queue
[2024-04-20T17:02:58.293+0000] {logging_mixin.py:188} INFO - [2024-04-20T17:02:58.292+0000] {dagbag.py:540} INFO - Filling up the DagBag from /home/airflow/.local/lib/python3.8/site-packages/airflow/example_dags/example_short_circuit_operator.py
[2024-04-20T17:02:58.299+0000] {processor.py:840} INFO - DAG(s) 'example_short_circuit_operator' retrieved from /home/airflow/.local/lib/python3.8/site-packages/airflow/example_dags/example_short_circuit_operator.py
[2024-04-20T17:02:58.318+0000] {logging_mixin.py:188} INFO - [2024-04-20T17:02:58.318+0000] {dag.py:3047} INFO - Sync 1 DAGs
[2024-04-20T17:02:58.334+0000] {logging_mixin.py:188} INFO - [2024-04-20T17:02:58.334+0000] {dag.py:3834} INFO - Setting next_dagrun for example_short_circuit_operator to 2024-04-19 00:00:00+00:00, run_after=2024-04-20 00:00:00+00:00
[2024-04-20T17:02:58.480+0000] {processor.py:183} INFO - Processing /home/airflow/.local/lib/python3.8/site-packages/airflow/example_dags/example_short_circuit_operator.py took 0.192 seconds
[2024-04-20T17:03:28.761+0000] {processor.py:161} INFO - Started process (PID=9491) to work on /home/airflow/.local/lib/python3.8/site-packages/airflow/example_dags/example_short_circuit_operator.py
[2024-04-20T17:03:28.762+0000] {processor.py:830} INFO - Processing file /home/airflow/.local/lib/python3.8/site-packages/airflow/example_dags/example_short_circuit_operator.py for tasks to queue
[2024-04-20T17:03:28.762+0000] {logging_mixin.py:188} INFO - [2024-04-20T17:03:28.762+0000] {dagbag.py:540} INFO - Filling up the DagBag from /home/airflow/.local/lib/python3.8/site-packages/airflow/example_dags/example_short_circuit_operator.py
[2024-04-20T17:03:28.769+0000] {processor.py:840} INFO - DAG(s) 'example_short_circuit_operator' retrieved from /home/airflow/.local/lib/python3.8/site-packages/airflow/example_dags/example_short_circuit_operator.py
[2024-04-20T17:03:28.787+0000] {logging_mixin.py:188} INFO - [2024-04-20T17:03:28.787+0000] {dag.py:3047} INFO - Sync 1 DAGs
[2024-04-20T17:03:28.804+0000] {logging_mixin.py:188} INFO - [2024-04-20T17:03:28.804+0000] {dag.py:3834} INFO - Setting next_dagrun for example_short_circuit_operator to 2024-04-19 00:00:00+00:00, run_after=2024-04-20 00:00:00+00:00
[2024-04-20T17:03:28.953+0000] {processor.py:183} INFO - Processing /home/airflow/.local/lib/python3.8/site-packages/airflow/example_dags/example_short_circuit_operator.py took 0.195 seconds
[2024-04-20T17:03:59.780+0000] {processor.py:161} INFO - Started process (PID=9748) to work on /home/airflow/.local/lib/python3.8/site-packages/airflow/example_dags/example_short_circuit_operator.py
[2024-04-20T17:03:59.781+0000] {processor.py:830} INFO - Processing file /home/airflow/.local/lib/python3.8/site-packages/airflow/example_dags/example_short_circuit_operator.py for tasks to queue
[2024-04-20T17:03:59.782+0000] {logging_mixin.py:188} INFO - [2024-04-20T17:03:59.782+0000] {dagbag.py:540} INFO - Filling up the DagBag from /home/airflow/.local/lib/python3.8/site-packages/airflow/example_dags/example_short_circuit_operator.py
[2024-04-20T17:03:59.791+0000] {processor.py:840} INFO - DAG(s) 'example_short_circuit_operator' retrieved from /home/airflow/.local/lib/python3.8/site-packages/airflow/example_dags/example_short_circuit_operator.py
[2024-04-20T17:03:59.816+0000] {logging_mixin.py:188} INFO - [2024-04-20T17:03:59.816+0000] {dag.py:3047} INFO - Sync 1 DAGs
[2024-04-20T17:03:59.833+0000] {logging_mixin.py:188} INFO - [2024-04-20T17:03:59.833+0000] {dag.py:3834} INFO - Setting next_dagrun for example_short_circuit_operator to 2024-04-19 00:00:00+00:00, run_after=2024-04-20 00:00:00+00:00
[2024-04-20T17:03:59.955+0000] {processor.py:183} INFO - Processing /home/airflow/.local/lib/python3.8/site-packages/airflow/example_dags/example_short_circuit_operator.py took 0.178 seconds
[2024-04-20T17:04:30.305+0000] {processor.py:161} INFO - Started process (PID=10005) to work on /home/airflow/.local/lib/python3.8/site-packages/airflow/example_dags/example_short_circuit_operator.py
[2024-04-20T17:04:30.307+0000] {processor.py:830} INFO - Processing file /home/airflow/.local/lib/python3.8/site-packages/airflow/example_dags/example_short_circuit_operator.py for tasks to queue
[2024-04-20T17:04:30.308+0000] {logging_mixin.py:188} INFO - [2024-04-20T17:04:30.308+0000] {dagbag.py:540} INFO - Filling up the DagBag from /home/airflow/.local/lib/python3.8/site-packages/airflow/example_dags/example_short_circuit_operator.py
[2024-04-20T17:04:30.318+0000] {processor.py:840} INFO - DAG(s) 'example_short_circuit_operator' retrieved from /home/airflow/.local/lib/python3.8/site-packages/airflow/example_dags/example_short_circuit_operator.py
[2024-04-20T17:04:30.340+0000] {logging_mixin.py:188} INFO - [2024-04-20T17:04:30.340+0000] {dag.py:3047} INFO - Sync 1 DAGs
[2024-04-20T17:04:30.375+0000] {logging_mixin.py:188} INFO - [2024-04-20T17:04:30.374+0000] {dag.py:3834} INFO - Setting next_dagrun for example_short_circuit_operator to 2024-04-19 00:00:00+00:00, run_after=2024-04-20 00:00:00+00:00
[2024-04-20T17:04:30.689+0000] {processor.py:183} INFO - Processing /home/airflow/.local/lib/python3.8/site-packages/airflow/example_dags/example_short_circuit_operator.py took 0.389 seconds
[2024-04-20T17:05:00.932+0000] {processor.py:161} INFO - Started process (PID=10264) to work on /home/airflow/.local/lib/python3.8/site-packages/airflow/example_dags/example_short_circuit_operator.py
[2024-04-20T17:05:00.933+0000] {processor.py:830} INFO - Processing file /home/airflow/.local/lib/python3.8/site-packages/airflow/example_dags/example_short_circuit_operator.py for tasks to queue
[2024-04-20T17:05:00.934+0000] {logging_mixin.py:188} INFO - [2024-04-20T17:05:00.933+0000] {dagbag.py:540} INFO - Filling up the DagBag from /home/airflow/.local/lib/python3.8/site-packages/airflow/example_dags/example_short_circuit_operator.py
[2024-04-20T17:05:00.940+0000] {processor.py:840} INFO - DAG(s) 'example_short_circuit_operator' retrieved from /home/airflow/.local/lib/python3.8/site-packages/airflow/example_dags/example_short_circuit_operator.py
[2024-04-20T17:05:00.959+0000] {logging_mixin.py:188} INFO - [2024-04-20T17:05:00.959+0000] {dag.py:3047} INFO - Sync 1 DAGs
[2024-04-20T17:05:00.975+0000] {logging_mixin.py:188} INFO - [2024-04-20T17:05:00.975+0000] {dag.py:3834} INFO - Setting next_dagrun for example_short_circuit_operator to 2024-04-19 00:00:00+00:00, run_after=2024-04-20 00:00:00+00:00
[2024-04-20T17:05:01.097+0000] {processor.py:183} INFO - Processing /home/airflow/.local/lib/python3.8/site-packages/airflow/example_dags/example_short_circuit_operator.py took 0.167 seconds
[2024-04-20T17:05:31.323+0000] {processor.py:161} INFO - Started process (PID=10519) to work on /home/airflow/.local/lib/python3.8/site-packages/airflow/example_dags/example_short_circuit_operator.py
[2024-04-20T17:05:31.324+0000] {processor.py:830} INFO - Processing file /home/airflow/.local/lib/python3.8/site-packages/airflow/example_dags/example_short_circuit_operator.py for tasks to queue
[2024-04-20T17:05:31.325+0000] {logging_mixin.py:188} INFO - [2024-04-20T17:05:31.324+0000] {dagbag.py:540} INFO - Filling up the DagBag from /home/airflow/.local/lib/python3.8/site-packages/airflow/example_dags/example_short_circuit_operator.py
[2024-04-20T17:05:31.338+0000] {processor.py:840} INFO - DAG(s) 'example_short_circuit_operator' retrieved from /home/airflow/.local/lib/python3.8/site-packages/airflow/example_dags/example_short_circuit_operator.py
[2024-04-20T17:05:31.367+0000] {logging_mixin.py:188} INFO - [2024-04-20T17:05:31.367+0000] {dag.py:3047} INFO - Sync 1 DAGs
[2024-04-20T17:05:31.399+0000] {logging_mixin.py:188} INFO - [2024-04-20T17:05:31.399+0000] {dag.py:3834} INFO - Setting next_dagrun for example_short_circuit_operator to 2024-04-19 00:00:00+00:00, run_after=2024-04-20 00:00:00+00:00
[2024-04-20T17:05:31.656+0000] {processor.py:183} INFO - Processing /home/airflow/.local/lib/python3.8/site-packages/airflow/example_dags/example_short_circuit_operator.py took 0.336 seconds
[2024-04-20T17:06:02.411+0000] {processor.py:161} INFO - Started process (PID=10776) to work on /home/airflow/.local/lib/python3.8/site-packages/airflow/example_dags/example_short_circuit_operator.py
[2024-04-20T17:06:02.412+0000] {processor.py:830} INFO - Processing file /home/airflow/.local/lib/python3.8/site-packages/airflow/example_dags/example_short_circuit_operator.py for tasks to queue
[2024-04-20T17:06:02.414+0000] {logging_mixin.py:188} INFO - [2024-04-20T17:06:02.413+0000] {dagbag.py:540} INFO - Filling up the DagBag from /home/airflow/.local/lib/python3.8/site-packages/airflow/example_dags/example_short_circuit_operator.py
[2024-04-20T17:06:02.424+0000] {processor.py:840} INFO - DAG(s) 'example_short_circuit_operator' retrieved from /home/airflow/.local/lib/python3.8/site-packages/airflow/example_dags/example_short_circuit_operator.py
[2024-04-20T17:06:02.454+0000] {logging_mixin.py:188} INFO - [2024-04-20T17:06:02.454+0000] {dag.py:3047} INFO - Sync 1 DAGs
[2024-04-20T17:06:02.480+0000] {logging_mixin.py:188} INFO - [2024-04-20T17:06:02.480+0000] {dag.py:3834} INFO - Setting next_dagrun for example_short_circuit_operator to 2024-04-19 00:00:00+00:00, run_after=2024-04-20 00:00:00+00:00
[2024-04-20T17:06:02.957+0000] {processor.py:183} INFO - Processing /home/airflow/.local/lib/python3.8/site-packages/airflow/example_dags/example_short_circuit_operator.py took 0.549 seconds
