[2024-04-20T16:45:09.137+0000] {processor.py:161} INFO - Started process (PID=272) to work on /home/airflow/.local/lib/python3.8/site-packages/airflow/example_dags/example_external_task_marker_dag.py
[2024-04-20T16:45:09.138+0000] {processor.py:830} INFO - Processing file /home/airflow/.local/lib/python3.8/site-packages/airflow/example_dags/example_external_task_marker_dag.py for tasks to queue
[2024-04-20T16:45:09.139+0000] {logging_mixin.py:188} INFO - [2024-04-20T16:45:09.139+0000] {dagbag.py:540} INFO - Filling up the DagBag from /home/airflow/.local/lib/python3.8/site-packages/airflow/example_dags/example_external_task_marker_dag.py
[2024-04-20T16:45:09.151+0000] {processor.py:840} INFO - DAG(s) 'example_external_task_marker_parent', 'example_external_task_marker_child' retrieved from /home/airflow/.local/lib/python3.8/site-packages/airflow/example_dags/example_external_task_marker_dag.py
[2024-04-20T16:45:09.180+0000] {logging_mixin.py:188} INFO - [2024-04-20T16:45:09.180+0000] {dag.py:3047} INFO - Sync 2 DAGs
[2024-04-20T16:45:09.196+0000] {logging_mixin.py:188} INFO - [2024-04-20T16:45:09.196+0000] {dag.py:3834} INFO - Setting next_dagrun for example_external_task_marker_child to None, run_after=None
[2024-04-20T16:45:09.200+0000] {logging_mixin.py:188} INFO - [2024-04-20T16:45:09.200+0000] {dag.py:3834} INFO - Setting next_dagrun for example_external_task_marker_parent to None, run_after=None
[2024-04-20T16:45:09.426+0000] {processor.py:183} INFO - Processing /home/airflow/.local/lib/python3.8/site-packages/airflow/example_dags/example_external_task_marker_dag.py took 0.292 seconds
[2024-04-20T16:45:41.034+0000] {processor.py:161} INFO - Started process (PID=527) to work on /home/airflow/.local/lib/python3.8/site-packages/airflow/example_dags/example_external_task_marker_dag.py
[2024-04-20T16:45:41.260+0000] {processor.py:830} INFO - Processing file /home/airflow/.local/lib/python3.8/site-packages/airflow/example_dags/example_external_task_marker_dag.py for tasks to queue
[2024-04-20T16:45:41.261+0000] {logging_mixin.py:188} INFO - [2024-04-20T16:45:41.260+0000] {dagbag.py:540} INFO - Filling up the DagBag from /home/airflow/.local/lib/python3.8/site-packages/airflow/example_dags/example_external_task_marker_dag.py
[2024-04-20T16:45:41.268+0000] {processor.py:840} INFO - DAG(s) 'example_external_task_marker_child', 'example_external_task_marker_parent' retrieved from /home/airflow/.local/lib/python3.8/site-packages/airflow/example_dags/example_external_task_marker_dag.py
[2024-04-20T16:45:41.301+0000] {logging_mixin.py:188} INFO - [2024-04-20T16:45:41.300+0000] {dag.py:3047} INFO - Sync 2 DAGs
[2024-04-20T16:45:41.323+0000] {logging_mixin.py:188} INFO - [2024-04-20T16:45:41.323+0000] {dag.py:3834} INFO - Setting next_dagrun for example_external_task_marker_child to None, run_after=None
[2024-04-20T16:45:41.328+0000] {logging_mixin.py:188} INFO - [2024-04-20T16:45:41.328+0000] {dag.py:3834} INFO - Setting next_dagrun for example_external_task_marker_parent to None, run_after=None
[2024-04-20T16:45:41.630+0000] {processor.py:183} INFO - Processing /home/airflow/.local/lib/python3.8/site-packages/airflow/example_dags/example_external_task_marker_dag.py took 0.603 seconds
[2024-04-20T16:46:12.153+0000] {processor.py:161} INFO - Started process (PID=780) to work on /home/airflow/.local/lib/python3.8/site-packages/airflow/example_dags/example_external_task_marker_dag.py
[2024-04-20T16:46:12.154+0000] {processor.py:830} INFO - Processing file /home/airflow/.local/lib/python3.8/site-packages/airflow/example_dags/example_external_task_marker_dag.py for tasks to queue
[2024-04-20T16:46:12.154+0000] {logging_mixin.py:188} INFO - [2024-04-20T16:46:12.154+0000] {dagbag.py:540} INFO - Filling up the DagBag from /home/airflow/.local/lib/python3.8/site-packages/airflow/example_dags/example_external_task_marker_dag.py
[2024-04-20T16:46:12.159+0000] {processor.py:840} INFO - DAG(s) 'example_external_task_marker_parent', 'example_external_task_marker_child' retrieved from /home/airflow/.local/lib/python3.8/site-packages/airflow/example_dags/example_external_task_marker_dag.py
[2024-04-20T16:46:12.180+0000] {logging_mixin.py:188} INFO - [2024-04-20T16:46:12.180+0000] {dag.py:3047} INFO - Sync 2 DAGs
[2024-04-20T16:46:12.191+0000] {logging_mixin.py:188} INFO - [2024-04-20T16:46:12.191+0000] {dag.py:3834} INFO - Setting next_dagrun for example_external_task_marker_child to None, run_after=None
[2024-04-20T16:46:12.194+0000] {logging_mixin.py:188} INFO - [2024-04-20T16:46:12.194+0000] {dag.py:3834} INFO - Setting next_dagrun for example_external_task_marker_parent to None, run_after=None
[2024-04-20T16:46:12.413+0000] {processor.py:183} INFO - Processing /home/airflow/.local/lib/python3.8/site-packages/airflow/example_dags/example_external_task_marker_dag.py took 0.263 seconds
[2024-04-20T16:46:42.803+0000] {processor.py:161} INFO - Started process (PID=1037) to work on /home/airflow/.local/lib/python3.8/site-packages/airflow/example_dags/example_external_task_marker_dag.py
[2024-04-20T16:46:42.804+0000] {processor.py:830} INFO - Processing file /home/airflow/.local/lib/python3.8/site-packages/airflow/example_dags/example_external_task_marker_dag.py for tasks to queue
[2024-04-20T16:46:42.805+0000] {logging_mixin.py:188} INFO - [2024-04-20T16:46:42.805+0000] {dagbag.py:540} INFO - Filling up the DagBag from /home/airflow/.local/lib/python3.8/site-packages/airflow/example_dags/example_external_task_marker_dag.py
[2024-04-20T16:46:42.809+0000] {processor.py:840} INFO - DAG(s) 'example_external_task_marker_child', 'example_external_task_marker_parent' retrieved from /home/airflow/.local/lib/python3.8/site-packages/airflow/example_dags/example_external_task_marker_dag.py
[2024-04-20T16:46:42.828+0000] {logging_mixin.py:188} INFO - [2024-04-20T16:46:42.828+0000] {dag.py:3047} INFO - Sync 2 DAGs
[2024-04-20T16:46:42.838+0000] {logging_mixin.py:188} INFO - [2024-04-20T16:46:42.837+0000] {dag.py:3834} INFO - Setting next_dagrun for example_external_task_marker_child to None, run_after=None
[2024-04-20T16:46:42.840+0000] {logging_mixin.py:188} INFO - [2024-04-20T16:46:42.840+0000] {dag.py:3834} INFO - Setting next_dagrun for example_external_task_marker_parent to None, run_after=None
[2024-04-20T16:46:43.017+0000] {processor.py:183} INFO - Processing /home/airflow/.local/lib/python3.8/site-packages/airflow/example_dags/example_external_task_marker_dag.py took 0.216 seconds
[2024-04-20T16:47:13.105+0000] {processor.py:161} INFO - Started process (PID=1292) to work on /home/airflow/.local/lib/python3.8/site-packages/airflow/example_dags/example_external_task_marker_dag.py
[2024-04-20T16:47:13.106+0000] {processor.py:830} INFO - Processing file /home/airflow/.local/lib/python3.8/site-packages/airflow/example_dags/example_external_task_marker_dag.py for tasks to queue
[2024-04-20T16:47:13.107+0000] {logging_mixin.py:188} INFO - [2024-04-20T16:47:13.107+0000] {dagbag.py:540} INFO - Filling up the DagBag from /home/airflow/.local/lib/python3.8/site-packages/airflow/example_dags/example_external_task_marker_dag.py
[2024-04-20T16:47:13.114+0000] {processor.py:840} INFO - DAG(s) 'example_external_task_marker_parent', 'example_external_task_marker_child' retrieved from /home/airflow/.local/lib/python3.8/site-packages/airflow/example_dags/example_external_task_marker_dag.py
[2024-04-20T16:47:13.142+0000] {logging_mixin.py:188} INFO - [2024-04-20T16:47:13.142+0000] {dag.py:3047} INFO - Sync 2 DAGs
[2024-04-20T16:47:13.157+0000] {logging_mixin.py:188} INFO - [2024-04-20T16:47:13.157+0000] {dag.py:3834} INFO - Setting next_dagrun for example_external_task_marker_child to None, run_after=None
[2024-04-20T16:47:13.162+0000] {logging_mixin.py:188} INFO - [2024-04-20T16:47:13.161+0000] {dag.py:3834} INFO - Setting next_dagrun for example_external_task_marker_parent to None, run_after=None
[2024-04-20T16:47:13.353+0000] {processor.py:183} INFO - Processing /home/airflow/.local/lib/python3.8/site-packages/airflow/example_dags/example_external_task_marker_dag.py took 0.256 seconds
[2024-04-20T16:47:44.029+0000] {processor.py:161} INFO - Started process (PID=1549) to work on /home/airflow/.local/lib/python3.8/site-packages/airflow/example_dags/example_external_task_marker_dag.py
[2024-04-20T16:47:44.030+0000] {processor.py:830} INFO - Processing file /home/airflow/.local/lib/python3.8/site-packages/airflow/example_dags/example_external_task_marker_dag.py for tasks to queue
[2024-04-20T16:47:44.030+0000] {logging_mixin.py:188} INFO - [2024-04-20T16:47:44.030+0000] {dagbag.py:540} INFO - Filling up the DagBag from /home/airflow/.local/lib/python3.8/site-packages/airflow/example_dags/example_external_task_marker_dag.py
[2024-04-20T16:47:44.035+0000] {processor.py:840} INFO - DAG(s) 'example_external_task_marker_child', 'example_external_task_marker_parent' retrieved from /home/airflow/.local/lib/python3.8/site-packages/airflow/example_dags/example_external_task_marker_dag.py
[2024-04-20T16:47:44.054+0000] {logging_mixin.py:188} INFO - [2024-04-20T16:47:44.054+0000] {dag.py:3047} INFO - Sync 2 DAGs
[2024-04-20T16:47:44.064+0000] {logging_mixin.py:188} INFO - [2024-04-20T16:47:44.064+0000] {dag.py:3834} INFO - Setting next_dagrun for example_external_task_marker_child to None, run_after=None
[2024-04-20T16:47:44.067+0000] {logging_mixin.py:188} INFO - [2024-04-20T16:47:44.067+0000] {dag.py:3834} INFO - Setting next_dagrun for example_external_task_marker_parent to None, run_after=None
[2024-04-20T16:47:44.219+0000] {processor.py:183} INFO - Processing /home/airflow/.local/lib/python3.8/site-packages/airflow/example_dags/example_external_task_marker_dag.py took 0.192 seconds
[2024-04-20T16:48:14.715+0000] {processor.py:161} INFO - Started process (PID=1806) to work on /home/airflow/.local/lib/python3.8/site-packages/airflow/example_dags/example_external_task_marker_dag.py
[2024-04-20T16:48:14.716+0000] {processor.py:830} INFO - Processing file /home/airflow/.local/lib/python3.8/site-packages/airflow/example_dags/example_external_task_marker_dag.py for tasks to queue
[2024-04-20T16:48:14.717+0000] {logging_mixin.py:188} INFO - [2024-04-20T16:48:14.716+0000] {dagbag.py:540} INFO - Filling up the DagBag from /home/airflow/.local/lib/python3.8/site-packages/airflow/example_dags/example_external_task_marker_dag.py
[2024-04-20T16:48:14.721+0000] {processor.py:840} INFO - DAG(s) 'example_external_task_marker_child', 'example_external_task_marker_parent' retrieved from /home/airflow/.local/lib/python3.8/site-packages/airflow/example_dags/example_external_task_marker_dag.py
[2024-04-20T16:48:14.740+0000] {logging_mixin.py:188} INFO - [2024-04-20T16:48:14.740+0000] {dag.py:3047} INFO - Sync 2 DAGs
[2024-04-20T16:48:14.751+0000] {logging_mixin.py:188} INFO - [2024-04-20T16:48:14.750+0000] {dag.py:3834} INFO - Setting next_dagrun for example_external_task_marker_child to None, run_after=None
[2024-04-20T16:48:14.753+0000] {logging_mixin.py:188} INFO - [2024-04-20T16:48:14.753+0000] {dag.py:3834} INFO - Setting next_dagrun for example_external_task_marker_parent to None, run_after=None
[2024-04-20T16:48:14.906+0000] {processor.py:183} INFO - Processing /home/airflow/.local/lib/python3.8/site-packages/airflow/example_dags/example_external_task_marker_dag.py took 0.194 seconds
[2024-04-20T16:48:45.208+0000] {processor.py:161} INFO - Started process (PID=2063) to work on /home/airflow/.local/lib/python3.8/site-packages/airflow/example_dags/example_external_task_marker_dag.py
[2024-04-20T16:48:45.208+0000] {processor.py:830} INFO - Processing file /home/airflow/.local/lib/python3.8/site-packages/airflow/example_dags/example_external_task_marker_dag.py for tasks to queue
[2024-04-20T16:48:45.209+0000] {logging_mixin.py:188} INFO - [2024-04-20T16:48:45.209+0000] {dagbag.py:540} INFO - Filling up the DagBag from /home/airflow/.local/lib/python3.8/site-packages/airflow/example_dags/example_external_task_marker_dag.py
[2024-04-20T16:48:45.214+0000] {processor.py:840} INFO - DAG(s) 'example_external_task_marker_child', 'example_external_task_marker_parent' retrieved from /home/airflow/.local/lib/python3.8/site-packages/airflow/example_dags/example_external_task_marker_dag.py
[2024-04-20T16:48:45.232+0000] {logging_mixin.py:188} INFO - [2024-04-20T16:48:45.232+0000] {dag.py:3047} INFO - Sync 2 DAGs
[2024-04-20T16:48:45.242+0000] {logging_mixin.py:188} INFO - [2024-04-20T16:48:45.242+0000] {dag.py:3834} INFO - Setting next_dagrun for example_external_task_marker_child to None, run_after=None
[2024-04-20T16:48:45.245+0000] {logging_mixin.py:188} INFO - [2024-04-20T16:48:45.244+0000] {dag.py:3834} INFO - Setting next_dagrun for example_external_task_marker_parent to None, run_after=None
[2024-04-20T16:48:45.398+0000] {processor.py:183} INFO - Processing /home/airflow/.local/lib/python3.8/site-packages/airflow/example_dags/example_external_task_marker_dag.py took 0.193 seconds
[2024-04-20T16:49:16.220+0000] {processor.py:161} INFO - Started process (PID=2320) to work on /home/airflow/.local/lib/python3.8/site-packages/airflow/example_dags/example_external_task_marker_dag.py
[2024-04-20T16:49:16.221+0000] {processor.py:830} INFO - Processing file /home/airflow/.local/lib/python3.8/site-packages/airflow/example_dags/example_external_task_marker_dag.py for tasks to queue
[2024-04-20T16:49:16.222+0000] {logging_mixin.py:188} INFO - [2024-04-20T16:49:16.221+0000] {dagbag.py:540} INFO - Filling up the DagBag from /home/airflow/.local/lib/python3.8/site-packages/airflow/example_dags/example_external_task_marker_dag.py
[2024-04-20T16:49:16.228+0000] {processor.py:840} INFO - DAG(s) 'example_external_task_marker_child', 'example_external_task_marker_parent' retrieved from /home/airflow/.local/lib/python3.8/site-packages/airflow/example_dags/example_external_task_marker_dag.py
[2024-04-20T16:49:16.254+0000] {logging_mixin.py:188} INFO - [2024-04-20T16:49:16.254+0000] {dag.py:3047} INFO - Sync 2 DAGs
[2024-04-20T16:49:16.269+0000] {logging_mixin.py:188} INFO - [2024-04-20T16:49:16.268+0000] {dag.py:3834} INFO - Setting next_dagrun for example_external_task_marker_child to None, run_after=None
[2024-04-20T16:49:16.272+0000] {logging_mixin.py:188} INFO - [2024-04-20T16:49:16.272+0000] {dag.py:3834} INFO - Setting next_dagrun for example_external_task_marker_parent to None, run_after=None
[2024-04-20T16:49:16.548+0000] {processor.py:183} INFO - Processing /home/airflow/.local/lib/python3.8/site-packages/airflow/example_dags/example_external_task_marker_dag.py took 0.332 seconds
[2024-04-20T16:49:46.748+0000] {processor.py:161} INFO - Started process (PID=2578) to work on /home/airflow/.local/lib/python3.8/site-packages/airflow/example_dags/example_external_task_marker_dag.py
[2024-04-20T16:49:46.749+0000] {processor.py:830} INFO - Processing file /home/airflow/.local/lib/python3.8/site-packages/airflow/example_dags/example_external_task_marker_dag.py for tasks to queue
[2024-04-20T16:49:46.750+0000] {logging_mixin.py:188} INFO - [2024-04-20T16:49:46.750+0000] {dagbag.py:540} INFO - Filling up the DagBag from /home/airflow/.local/lib/python3.8/site-packages/airflow/example_dags/example_external_task_marker_dag.py
[2024-04-20T16:49:46.755+0000] {processor.py:840} INFO - DAG(s) 'example_external_task_marker_child', 'example_external_task_marker_parent' retrieved from /home/airflow/.local/lib/python3.8/site-packages/airflow/example_dags/example_external_task_marker_dag.py
[2024-04-20T16:49:46.774+0000] {logging_mixin.py:188} INFO - [2024-04-20T16:49:46.774+0000] {dag.py:3047} INFO - Sync 2 DAGs
[2024-04-20T16:49:46.784+0000] {logging_mixin.py:188} INFO - [2024-04-20T16:49:46.784+0000] {dag.py:3834} INFO - Setting next_dagrun for example_external_task_marker_child to None, run_after=None
[2024-04-20T16:49:46.787+0000] {logging_mixin.py:188} INFO - [2024-04-20T16:49:46.787+0000] {dag.py:3834} INFO - Setting next_dagrun for example_external_task_marker_parent to None, run_after=None
[2024-04-20T16:49:46.938+0000] {processor.py:183} INFO - Processing /home/airflow/.local/lib/python3.8/site-packages/airflow/example_dags/example_external_task_marker_dag.py took 0.192 seconds
[2024-04-20T16:50:17.909+0000] {processor.py:161} INFO - Started process (PID=2835) to work on /home/airflow/.local/lib/python3.8/site-packages/airflow/example_dags/example_external_task_marker_dag.py
[2024-04-20T16:50:17.910+0000] {processor.py:830} INFO - Processing file /home/airflow/.local/lib/python3.8/site-packages/airflow/example_dags/example_external_task_marker_dag.py for tasks to queue
[2024-04-20T16:50:17.911+0000] {logging_mixin.py:188} INFO - [2024-04-20T16:50:17.910+0000] {dagbag.py:540} INFO - Filling up the DagBag from /home/airflow/.local/lib/python3.8/site-packages/airflow/example_dags/example_external_task_marker_dag.py
[2024-04-20T16:50:17.915+0000] {processor.py:840} INFO - DAG(s) 'example_external_task_marker_parent', 'example_external_task_marker_child' retrieved from /home/airflow/.local/lib/python3.8/site-packages/airflow/example_dags/example_external_task_marker_dag.py
[2024-04-20T16:50:17.934+0000] {logging_mixin.py:188} INFO - [2024-04-20T16:50:17.934+0000] {dag.py:3047} INFO - Sync 2 DAGs
[2024-04-20T16:50:17.944+0000] {logging_mixin.py:188} INFO - [2024-04-20T16:50:17.943+0000] {dag.py:3834} INFO - Setting next_dagrun for example_external_task_marker_child to None, run_after=None
[2024-04-20T16:50:17.947+0000] {logging_mixin.py:188} INFO - [2024-04-20T16:50:17.946+0000] {dag.py:3834} INFO - Setting next_dagrun for example_external_task_marker_parent to None, run_after=None
[2024-04-20T16:50:18.102+0000] {processor.py:183} INFO - Processing /home/airflow/.local/lib/python3.8/site-packages/airflow/example_dags/example_external_task_marker_dag.py took 0.195 seconds
[2024-04-20T16:50:48.348+0000] {processor.py:161} INFO - Started process (PID=3093) to work on /home/airflow/.local/lib/python3.8/site-packages/airflow/example_dags/example_external_task_marker_dag.py
[2024-04-20T16:50:48.348+0000] {processor.py:830} INFO - Processing file /home/airflow/.local/lib/python3.8/site-packages/airflow/example_dags/example_external_task_marker_dag.py for tasks to queue
[2024-04-20T16:50:48.349+0000] {logging_mixin.py:188} INFO - [2024-04-20T16:50:48.349+0000] {dagbag.py:540} INFO - Filling up the DagBag from /home/airflow/.local/lib/python3.8/site-packages/airflow/example_dags/example_external_task_marker_dag.py
[2024-04-20T16:50:48.354+0000] {processor.py:840} INFO - DAG(s) 'example_external_task_marker_parent', 'example_external_task_marker_child' retrieved from /home/airflow/.local/lib/python3.8/site-packages/airflow/example_dags/example_external_task_marker_dag.py
[2024-04-20T16:50:48.373+0000] {logging_mixin.py:188} INFO - [2024-04-20T16:50:48.373+0000] {dag.py:3047} INFO - Sync 2 DAGs
[2024-04-20T16:50:48.383+0000] {logging_mixin.py:188} INFO - [2024-04-20T16:50:48.383+0000] {dag.py:3834} INFO - Setting next_dagrun for example_external_task_marker_child to None, run_after=None
[2024-04-20T16:50:48.386+0000] {logging_mixin.py:188} INFO - [2024-04-20T16:50:48.385+0000] {dag.py:3834} INFO - Setting next_dagrun for example_external_task_marker_parent to None, run_after=None
[2024-04-20T16:50:48.539+0000] {processor.py:183} INFO - Processing /home/airflow/.local/lib/python3.8/site-packages/airflow/example_dags/example_external_task_marker_dag.py took 0.194 seconds
[2024-04-20T16:51:19.250+0000] {processor.py:161} INFO - Started process (PID=3350) to work on /home/airflow/.local/lib/python3.8/site-packages/airflow/example_dags/example_external_task_marker_dag.py
[2024-04-20T16:51:19.251+0000] {processor.py:830} INFO - Processing file /home/airflow/.local/lib/python3.8/site-packages/airflow/example_dags/example_external_task_marker_dag.py for tasks to queue
[2024-04-20T16:51:19.251+0000] {logging_mixin.py:188} INFO - [2024-04-20T16:51:19.251+0000] {dagbag.py:540} INFO - Filling up the DagBag from /home/airflow/.local/lib/python3.8/site-packages/airflow/example_dags/example_external_task_marker_dag.py
[2024-04-20T16:51:19.256+0000] {processor.py:840} INFO - DAG(s) 'example_external_task_marker_parent', 'example_external_task_marker_child' retrieved from /home/airflow/.local/lib/python3.8/site-packages/airflow/example_dags/example_external_task_marker_dag.py
[2024-04-20T16:51:19.275+0000] {logging_mixin.py:188} INFO - [2024-04-20T16:51:19.275+0000] {dag.py:3047} INFO - Sync 2 DAGs
[2024-04-20T16:51:19.285+0000] {logging_mixin.py:188} INFO - [2024-04-20T16:51:19.285+0000] {dag.py:3834} INFO - Setting next_dagrun for example_external_task_marker_child to None, run_after=None
[2024-04-20T16:51:19.288+0000] {logging_mixin.py:188} INFO - [2024-04-20T16:51:19.288+0000] {dag.py:3834} INFO - Setting next_dagrun for example_external_task_marker_parent to None, run_after=None
[2024-04-20T16:51:19.439+0000] {processor.py:183} INFO - Processing /home/airflow/.local/lib/python3.8/site-packages/airflow/example_dags/example_external_task_marker_dag.py took 0.191 seconds
[2024-04-20T16:51:49.993+0000] {processor.py:161} INFO - Started process (PID=3607) to work on /home/airflow/.local/lib/python3.8/site-packages/airflow/example_dags/example_external_task_marker_dag.py
[2024-04-20T16:51:49.995+0000] {processor.py:830} INFO - Processing file /home/airflow/.local/lib/python3.8/site-packages/airflow/example_dags/example_external_task_marker_dag.py for tasks to queue
[2024-04-20T16:51:49.996+0000] {logging_mixin.py:188} INFO - [2024-04-20T16:51:49.995+0000] {dagbag.py:540} INFO - Filling up the DagBag from /home/airflow/.local/lib/python3.8/site-packages/airflow/example_dags/example_external_task_marker_dag.py
[2024-04-20T16:51:50.002+0000] {processor.py:840} INFO - DAG(s) 'example_external_task_marker_child', 'example_external_task_marker_parent' retrieved from /home/airflow/.local/lib/python3.8/site-packages/airflow/example_dags/example_external_task_marker_dag.py
[2024-04-20T16:51:50.030+0000] {logging_mixin.py:188} INFO - [2024-04-20T16:51:50.030+0000] {dag.py:3047} INFO - Sync 2 DAGs
[2024-04-20T16:51:50.068+0000] {logging_mixin.py:188} INFO - [2024-04-20T16:51:50.068+0000] {dag.py:3834} INFO - Setting next_dagrun for example_external_task_marker_child to None, run_after=None
[2024-04-20T16:51:50.072+0000] {logging_mixin.py:188} INFO - [2024-04-20T16:51:50.071+0000] {dag.py:3834} INFO - Setting next_dagrun for example_external_task_marker_parent to None, run_after=None
[2024-04-20T16:51:50.487+0000] {processor.py:183} INFO - Processing /home/airflow/.local/lib/python3.8/site-packages/airflow/example_dags/example_external_task_marker_dag.py took 0.497 seconds
[2024-04-20T16:52:21.003+0000] {processor.py:161} INFO - Started process (PID=3864) to work on /home/airflow/.local/lib/python3.8/site-packages/airflow/example_dags/example_external_task_marker_dag.py
[2024-04-20T16:52:21.004+0000] {processor.py:830} INFO - Processing file /home/airflow/.local/lib/python3.8/site-packages/airflow/example_dags/example_external_task_marker_dag.py for tasks to queue
[2024-04-20T16:52:21.005+0000] {logging_mixin.py:188} INFO - [2024-04-20T16:52:21.004+0000] {dagbag.py:540} INFO - Filling up the DagBag from /home/airflow/.local/lib/python3.8/site-packages/airflow/example_dags/example_external_task_marker_dag.py
[2024-04-20T16:52:21.009+0000] {processor.py:840} INFO - DAG(s) 'example_external_task_marker_child', 'example_external_task_marker_parent' retrieved from /home/airflow/.local/lib/python3.8/site-packages/airflow/example_dags/example_external_task_marker_dag.py
[2024-04-20T16:52:21.028+0000] {logging_mixin.py:188} INFO - [2024-04-20T16:52:21.028+0000] {dag.py:3047} INFO - Sync 2 DAGs
[2024-04-20T16:52:21.038+0000] {logging_mixin.py:188} INFO - [2024-04-20T16:52:21.038+0000] {dag.py:3834} INFO - Setting next_dagrun for example_external_task_marker_child to None, run_after=None
[2024-04-20T16:52:21.041+0000] {logging_mixin.py:188} INFO - [2024-04-20T16:52:21.041+0000] {dag.py:3834} INFO - Setting next_dagrun for example_external_task_marker_parent to None, run_after=None
[2024-04-20T16:52:21.192+0000] {processor.py:183} INFO - Processing /home/airflow/.local/lib/python3.8/site-packages/airflow/example_dags/example_external_task_marker_dag.py took 0.191 seconds
[2024-04-20T16:52:51.457+0000] {processor.py:161} INFO - Started process (PID=4121) to work on /home/airflow/.local/lib/python3.8/site-packages/airflow/example_dags/example_external_task_marker_dag.py
[2024-04-20T16:52:51.458+0000] {processor.py:830} INFO - Processing file /home/airflow/.local/lib/python3.8/site-packages/airflow/example_dags/example_external_task_marker_dag.py for tasks to queue
[2024-04-20T16:52:51.459+0000] {logging_mixin.py:188} INFO - [2024-04-20T16:52:51.458+0000] {dagbag.py:540} INFO - Filling up the DagBag from /home/airflow/.local/lib/python3.8/site-packages/airflow/example_dags/example_external_task_marker_dag.py
[2024-04-20T16:52:51.463+0000] {processor.py:840} INFO - DAG(s) 'example_external_task_marker_parent', 'example_external_task_marker_child' retrieved from /home/airflow/.local/lib/python3.8/site-packages/airflow/example_dags/example_external_task_marker_dag.py
[2024-04-20T16:52:51.483+0000] {logging_mixin.py:188} INFO - [2024-04-20T16:52:51.483+0000] {dag.py:3047} INFO - Sync 2 DAGs
[2024-04-20T16:52:51.493+0000] {logging_mixin.py:188} INFO - [2024-04-20T16:52:51.493+0000] {dag.py:3834} INFO - Setting next_dagrun for example_external_task_marker_child to None, run_after=None
[2024-04-20T16:52:51.496+0000] {logging_mixin.py:188} INFO - [2024-04-20T16:52:51.496+0000] {dag.py:3834} INFO - Setting next_dagrun for example_external_task_marker_parent to None, run_after=None
[2024-04-20T16:52:51.647+0000] {processor.py:183} INFO - Processing /home/airflow/.local/lib/python3.8/site-packages/airflow/example_dags/example_external_task_marker_dag.py took 0.192 seconds
[2024-04-20T16:53:22.235+0000] {processor.py:161} INFO - Started process (PID=4379) to work on /home/airflow/.local/lib/python3.8/site-packages/airflow/example_dags/example_external_task_marker_dag.py
[2024-04-20T16:53:22.236+0000] {processor.py:830} INFO - Processing file /home/airflow/.local/lib/python3.8/site-packages/airflow/example_dags/example_external_task_marker_dag.py for tasks to queue
[2024-04-20T16:53:22.237+0000] {logging_mixin.py:188} INFO - [2024-04-20T16:53:22.236+0000] {dagbag.py:540} INFO - Filling up the DagBag from /home/airflow/.local/lib/python3.8/site-packages/airflow/example_dags/example_external_task_marker_dag.py
[2024-04-20T16:53:22.241+0000] {processor.py:840} INFO - DAG(s) 'example_external_task_marker_child', 'example_external_task_marker_parent' retrieved from /home/airflow/.local/lib/python3.8/site-packages/airflow/example_dags/example_external_task_marker_dag.py
[2024-04-20T16:53:22.262+0000] {logging_mixin.py:188} INFO - [2024-04-20T16:53:22.261+0000] {dag.py:3047} INFO - Sync 2 DAGs
[2024-04-20T16:53:22.272+0000] {logging_mixin.py:188} INFO - [2024-04-20T16:53:22.272+0000] {dag.py:3834} INFO - Setting next_dagrun for example_external_task_marker_child to None, run_after=None
[2024-04-20T16:53:22.275+0000] {logging_mixin.py:188} INFO - [2024-04-20T16:53:22.275+0000] {dag.py:3834} INFO - Setting next_dagrun for example_external_task_marker_parent to None, run_after=None
[2024-04-20T16:53:22.424+0000] {processor.py:183} INFO - Processing /home/airflow/.local/lib/python3.8/site-packages/airflow/example_dags/example_external_task_marker_dag.py took 0.192 seconds
[2024-04-20T16:53:52.868+0000] {processor.py:161} INFO - Started process (PID=4638) to work on /home/airflow/.local/lib/python3.8/site-packages/airflow/example_dags/example_external_task_marker_dag.py
[2024-04-20T16:53:52.869+0000] {processor.py:830} INFO - Processing file /home/airflow/.local/lib/python3.8/site-packages/airflow/example_dags/example_external_task_marker_dag.py for tasks to queue
[2024-04-20T16:53:52.870+0000] {logging_mixin.py:188} INFO - [2024-04-20T16:53:52.870+0000] {dagbag.py:540} INFO - Filling up the DagBag from /home/airflow/.local/lib/python3.8/site-packages/airflow/example_dags/example_external_task_marker_dag.py
[2024-04-20T16:53:52.877+0000] {processor.py:840} INFO - DAG(s) 'example_external_task_marker_child', 'example_external_task_marker_parent' retrieved from /home/airflow/.local/lib/python3.8/site-packages/airflow/example_dags/example_external_task_marker_dag.py
[2024-04-20T16:53:52.910+0000] {logging_mixin.py:188} INFO - [2024-04-20T16:53:52.910+0000] {dag.py:3047} INFO - Sync 2 DAGs
[2024-04-20T16:53:52.925+0000] {logging_mixin.py:188} INFO - [2024-04-20T16:53:52.925+0000] {dag.py:3834} INFO - Setting next_dagrun for example_external_task_marker_child to None, run_after=None
[2024-04-20T16:53:52.929+0000] {logging_mixin.py:188} INFO - [2024-04-20T16:53:52.929+0000] {dag.py:3834} INFO - Setting next_dagrun for example_external_task_marker_parent to None, run_after=None
[2024-04-20T16:53:53.099+0000] {processor.py:183} INFO - Processing /home/airflow/.local/lib/python3.8/site-packages/airflow/example_dags/example_external_task_marker_dag.py took 0.235 seconds
[2024-04-20T16:54:23.178+0000] {processor.py:161} INFO - Started process (PID=4892) to work on /home/airflow/.local/lib/python3.8/site-packages/airflow/example_dags/example_external_task_marker_dag.py
[2024-04-20T16:54:23.178+0000] {processor.py:830} INFO - Processing file /home/airflow/.local/lib/python3.8/site-packages/airflow/example_dags/example_external_task_marker_dag.py for tasks to queue
[2024-04-20T16:54:23.179+0000] {logging_mixin.py:188} INFO - [2024-04-20T16:54:23.179+0000] {dagbag.py:540} INFO - Filling up the DagBag from /home/airflow/.local/lib/python3.8/site-packages/airflow/example_dags/example_external_task_marker_dag.py
[2024-04-20T16:54:23.184+0000] {processor.py:840} INFO - DAG(s) 'example_external_task_marker_child', 'example_external_task_marker_parent' retrieved from /home/airflow/.local/lib/python3.8/site-packages/airflow/example_dags/example_external_task_marker_dag.py
[2024-04-20T16:54:23.203+0000] {logging_mixin.py:188} INFO - [2024-04-20T16:54:23.203+0000] {dag.py:3047} INFO - Sync 2 DAGs
[2024-04-20T16:54:23.214+0000] {logging_mixin.py:188} INFO - [2024-04-20T16:54:23.213+0000] {dag.py:3834} INFO - Setting next_dagrun for example_external_task_marker_child to None, run_after=None
[2024-04-20T16:54:23.216+0000] {logging_mixin.py:188} INFO - [2024-04-20T16:54:23.216+0000] {dag.py:3834} INFO - Setting next_dagrun for example_external_task_marker_parent to None, run_after=None
[2024-04-20T16:54:23.372+0000] {processor.py:183} INFO - Processing /home/airflow/.local/lib/python3.8/site-packages/airflow/example_dags/example_external_task_marker_dag.py took 0.197 seconds
[2024-04-20T16:54:53.804+0000] {processor.py:161} INFO - Started process (PID=5150) to work on /home/airflow/.local/lib/python3.8/site-packages/airflow/example_dags/example_external_task_marker_dag.py
[2024-04-20T16:54:53.805+0000] {processor.py:830} INFO - Processing file /home/airflow/.local/lib/python3.8/site-packages/airflow/example_dags/example_external_task_marker_dag.py for tasks to queue
[2024-04-20T16:54:53.806+0000] {logging_mixin.py:188} INFO - [2024-04-20T16:54:53.806+0000] {dagbag.py:540} INFO - Filling up the DagBag from /home/airflow/.local/lib/python3.8/site-packages/airflow/example_dags/example_external_task_marker_dag.py
[2024-04-20T16:54:53.813+0000] {processor.py:840} INFO - DAG(s) 'example_external_task_marker_child', 'example_external_task_marker_parent' retrieved from /home/airflow/.local/lib/python3.8/site-packages/airflow/example_dags/example_external_task_marker_dag.py
[2024-04-20T16:54:53.838+0000] {logging_mixin.py:188} INFO - [2024-04-20T16:54:53.838+0000] {dag.py:3047} INFO - Sync 2 DAGs
[2024-04-20T16:54:53.853+0000] {logging_mixin.py:188} INFO - [2024-04-20T16:54:53.852+0000] {dag.py:3834} INFO - Setting next_dagrun for example_external_task_marker_child to None, run_after=None
[2024-04-20T16:54:53.856+0000] {logging_mixin.py:188} INFO - [2024-04-20T16:54:53.856+0000] {dag.py:3834} INFO - Setting next_dagrun for example_external_task_marker_parent to None, run_after=None
[2024-04-20T16:54:53.977+0000] {processor.py:183} INFO - Processing /home/airflow/.local/lib/python3.8/site-packages/airflow/example_dags/example_external_task_marker_dag.py took 0.176 seconds
[2024-04-20T16:55:24.139+0000] {processor.py:161} INFO - Started process (PID=5402) to work on /home/airflow/.local/lib/python3.8/site-packages/airflow/example_dags/example_external_task_marker_dag.py
[2024-04-20T16:55:24.140+0000] {processor.py:830} INFO - Processing file /home/airflow/.local/lib/python3.8/site-packages/airflow/example_dags/example_external_task_marker_dag.py for tasks to queue
[2024-04-20T16:55:24.141+0000] {logging_mixin.py:188} INFO - [2024-04-20T16:55:24.140+0000] {dagbag.py:540} INFO - Filling up the DagBag from /home/airflow/.local/lib/python3.8/site-packages/airflow/example_dags/example_external_task_marker_dag.py
[2024-04-20T16:55:24.146+0000] {processor.py:840} INFO - DAG(s) 'example_external_task_marker_child', 'example_external_task_marker_parent' retrieved from /home/airflow/.local/lib/python3.8/site-packages/airflow/example_dags/example_external_task_marker_dag.py
[2024-04-20T16:55:24.165+0000] {logging_mixin.py:188} INFO - [2024-04-20T16:55:24.165+0000] {dag.py:3047} INFO - Sync 2 DAGs
[2024-04-20T16:55:24.175+0000] {logging_mixin.py:188} INFO - [2024-04-20T16:55:24.175+0000] {dag.py:3834} INFO - Setting next_dagrun for example_external_task_marker_child to None, run_after=None
[2024-04-20T16:55:24.178+0000] {logging_mixin.py:188} INFO - [2024-04-20T16:55:24.177+0000] {dag.py:3834} INFO - Setting next_dagrun for example_external_task_marker_parent to None, run_after=None
[2024-04-20T16:55:24.438+0000] {processor.py:183} INFO - Processing /home/airflow/.local/lib/python3.8/site-packages/airflow/example_dags/example_external_task_marker_dag.py took 0.302 seconds
[2024-04-20T16:55:54.633+0000] {processor.py:161} INFO - Started process (PID=5665) to work on /home/airflow/.local/lib/python3.8/site-packages/airflow/example_dags/example_external_task_marker_dag.py
[2024-04-20T16:55:54.634+0000] {processor.py:830} INFO - Processing file /home/airflow/.local/lib/python3.8/site-packages/airflow/example_dags/example_external_task_marker_dag.py for tasks to queue
[2024-04-20T16:55:54.635+0000] {logging_mixin.py:188} INFO - [2024-04-20T16:55:54.634+0000] {dagbag.py:540} INFO - Filling up the DagBag from /home/airflow/.local/lib/python3.8/site-packages/airflow/example_dags/example_external_task_marker_dag.py
[2024-04-20T16:55:54.639+0000] {processor.py:840} INFO - DAG(s) 'example_external_task_marker_child', 'example_external_task_marker_parent' retrieved from /home/airflow/.local/lib/python3.8/site-packages/airflow/example_dags/example_external_task_marker_dag.py
[2024-04-20T16:55:54.658+0000] {logging_mixin.py:188} INFO - [2024-04-20T16:55:54.658+0000] {dag.py:3047} INFO - Sync 2 DAGs
[2024-04-20T16:55:54.668+0000] {logging_mixin.py:188} INFO - [2024-04-20T16:55:54.668+0000] {dag.py:3834} INFO - Setting next_dagrun for example_external_task_marker_child to None, run_after=None
[2024-04-20T16:55:54.671+0000] {logging_mixin.py:188} INFO - [2024-04-20T16:55:54.671+0000] {dag.py:3834} INFO - Setting next_dagrun for example_external_task_marker_parent to None, run_after=None
[2024-04-20T16:55:54.822+0000] {processor.py:183} INFO - Processing /home/airflow/.local/lib/python3.8/site-packages/airflow/example_dags/example_external_task_marker_dag.py took 0.192 seconds
[2024-04-20T16:56:25.897+0000] {processor.py:161} INFO - Started process (PID=5922) to work on /home/airflow/.local/lib/python3.8/site-packages/airflow/example_dags/example_external_task_marker_dag.py
[2024-04-20T16:56:25.898+0000] {processor.py:830} INFO - Processing file /home/airflow/.local/lib/python3.8/site-packages/airflow/example_dags/example_external_task_marker_dag.py for tasks to queue
[2024-04-20T16:56:25.898+0000] {logging_mixin.py:188} INFO - [2024-04-20T16:56:25.898+0000] {dagbag.py:540} INFO - Filling up the DagBag from /home/airflow/.local/lib/python3.8/site-packages/airflow/example_dags/example_external_task_marker_dag.py
[2024-04-20T16:56:25.905+0000] {processor.py:840} INFO - DAG(s) 'example_external_task_marker_child', 'example_external_task_marker_parent' retrieved from /home/airflow/.local/lib/python3.8/site-packages/airflow/example_dags/example_external_task_marker_dag.py
[2024-04-20T16:56:25.932+0000] {logging_mixin.py:188} INFO - [2024-04-20T16:56:25.932+0000] {dag.py:3047} INFO - Sync 2 DAGs
[2024-04-20T16:56:25.948+0000] {logging_mixin.py:188} INFO - [2024-04-20T16:56:25.948+0000] {dag.py:3834} INFO - Setting next_dagrun for example_external_task_marker_child to None, run_after=None
[2024-04-20T16:56:25.951+0000] {logging_mixin.py:188} INFO - [2024-04-20T16:56:25.951+0000] {dag.py:3834} INFO - Setting next_dagrun for example_external_task_marker_parent to None, run_after=None
[2024-04-20T16:56:26.074+0000] {processor.py:183} INFO - Processing /home/airflow/.local/lib/python3.8/site-packages/airflow/example_dags/example_external_task_marker_dag.py took 0.181 seconds
[2024-04-20T16:56:56.898+0000] {processor.py:161} INFO - Started process (PID=6179) to work on /home/airflow/.local/lib/python3.8/site-packages/airflow/example_dags/example_external_task_marker_dag.py
[2024-04-20T16:56:56.899+0000] {processor.py:830} INFO - Processing file /home/airflow/.local/lib/python3.8/site-packages/airflow/example_dags/example_external_task_marker_dag.py for tasks to queue
[2024-04-20T16:56:56.899+0000] {logging_mixin.py:188} INFO - [2024-04-20T16:56:56.899+0000] {dagbag.py:540} INFO - Filling up the DagBag from /home/airflow/.local/lib/python3.8/site-packages/airflow/example_dags/example_external_task_marker_dag.py
[2024-04-20T16:56:56.904+0000] {processor.py:840} INFO - DAG(s) 'example_external_task_marker_parent', 'example_external_task_marker_child' retrieved from /home/airflow/.local/lib/python3.8/site-packages/airflow/example_dags/example_external_task_marker_dag.py
[2024-04-20T16:56:56.924+0000] {logging_mixin.py:188} INFO - [2024-04-20T16:56:56.924+0000] {dag.py:3047} INFO - Sync 2 DAGs
[2024-04-20T16:56:56.934+0000] {logging_mixin.py:188} INFO - [2024-04-20T16:56:56.934+0000] {dag.py:3834} INFO - Setting next_dagrun for example_external_task_marker_child to None, run_after=None
[2024-04-20T16:56:56.937+0000] {logging_mixin.py:188} INFO - [2024-04-20T16:56:56.937+0000] {dag.py:3834} INFO - Setting next_dagrun for example_external_task_marker_parent to None, run_after=None
[2024-04-20T16:56:57.087+0000] {processor.py:183} INFO - Processing /home/airflow/.local/lib/python3.8/site-packages/airflow/example_dags/example_external_task_marker_dag.py took 0.191 seconds
[2024-04-20T16:57:27.855+0000] {processor.py:161} INFO - Started process (PID=6437) to work on /home/airflow/.local/lib/python3.8/site-packages/airflow/example_dags/example_external_task_marker_dag.py
[2024-04-20T16:57:27.856+0000] {processor.py:830} INFO - Processing file /home/airflow/.local/lib/python3.8/site-packages/airflow/example_dags/example_external_task_marker_dag.py for tasks to queue
[2024-04-20T16:57:27.857+0000] {logging_mixin.py:188} INFO - [2024-04-20T16:57:27.856+0000] {dagbag.py:540} INFO - Filling up the DagBag from /home/airflow/.local/lib/python3.8/site-packages/airflow/example_dags/example_external_task_marker_dag.py
[2024-04-20T16:57:27.861+0000] {processor.py:840} INFO - DAG(s) 'example_external_task_marker_parent', 'example_external_task_marker_child' retrieved from /home/airflow/.local/lib/python3.8/site-packages/airflow/example_dags/example_external_task_marker_dag.py
[2024-04-20T16:57:27.880+0000] {logging_mixin.py:188} INFO - [2024-04-20T16:57:27.880+0000] {dag.py:3047} INFO - Sync 2 DAGs
[2024-04-20T16:57:27.890+0000] {logging_mixin.py:188} INFO - [2024-04-20T16:57:27.890+0000] {dag.py:3834} INFO - Setting next_dagrun for example_external_task_marker_child to None, run_after=None
[2024-04-20T16:57:27.893+0000] {logging_mixin.py:188} INFO - [2024-04-20T16:57:27.893+0000] {dag.py:3834} INFO - Setting next_dagrun for example_external_task_marker_parent to None, run_after=None
[2024-04-20T16:57:28.048+0000] {processor.py:183} INFO - Processing /home/airflow/.local/lib/python3.8/site-packages/airflow/example_dags/example_external_task_marker_dag.py took 0.195 seconds
[2024-04-20T16:57:58.466+0000] {processor.py:161} INFO - Started process (PID=6694) to work on /home/airflow/.local/lib/python3.8/site-packages/airflow/example_dags/example_external_task_marker_dag.py
[2024-04-20T16:57:58.467+0000] {processor.py:830} INFO - Processing file /home/airflow/.local/lib/python3.8/site-packages/airflow/example_dags/example_external_task_marker_dag.py for tasks to queue
[2024-04-20T16:57:58.468+0000] {logging_mixin.py:188} INFO - [2024-04-20T16:57:58.468+0000] {dagbag.py:540} INFO - Filling up the DagBag from /home/airflow/.local/lib/python3.8/site-packages/airflow/example_dags/example_external_task_marker_dag.py
[2024-04-20T16:57:58.475+0000] {processor.py:840} INFO - DAG(s) 'example_external_task_marker_parent', 'example_external_task_marker_child' retrieved from /home/airflow/.local/lib/python3.8/site-packages/airflow/example_dags/example_external_task_marker_dag.py
[2024-04-20T16:57:58.501+0000] {logging_mixin.py:188} INFO - [2024-04-20T16:57:58.500+0000] {dag.py:3047} INFO - Sync 2 DAGs
[2024-04-20T16:57:58.516+0000] {logging_mixin.py:188} INFO - [2024-04-20T16:57:58.515+0000] {dag.py:3834} INFO - Setting next_dagrun for example_external_task_marker_child to None, run_after=None
[2024-04-20T16:57:58.520+0000] {logging_mixin.py:188} INFO - [2024-04-20T16:57:58.519+0000] {dag.py:3834} INFO - Setting next_dagrun for example_external_task_marker_parent to None, run_after=None
[2024-04-20T16:57:58.726+0000] {processor.py:183} INFO - Processing /home/airflow/.local/lib/python3.8/site-packages/airflow/example_dags/example_external_task_marker_dag.py took 0.263 seconds
[2024-04-20T16:58:28.971+0000] {processor.py:161} INFO - Started process (PID=6953) to work on /home/airflow/.local/lib/python3.8/site-packages/airflow/example_dags/example_external_task_marker_dag.py
[2024-04-20T16:58:28.972+0000] {processor.py:830} INFO - Processing file /home/airflow/.local/lib/python3.8/site-packages/airflow/example_dags/example_external_task_marker_dag.py for tasks to queue
[2024-04-20T16:58:28.973+0000] {logging_mixin.py:188} INFO - [2024-04-20T16:58:28.973+0000] {dagbag.py:540} INFO - Filling up the DagBag from /home/airflow/.local/lib/python3.8/site-packages/airflow/example_dags/example_external_task_marker_dag.py
[2024-04-20T16:58:28.978+0000] {processor.py:840} INFO - DAG(s) 'example_external_task_marker_parent', 'example_external_task_marker_child' retrieved from /home/airflow/.local/lib/python3.8/site-packages/airflow/example_dags/example_external_task_marker_dag.py
[2024-04-20T16:58:28.997+0000] {logging_mixin.py:188} INFO - [2024-04-20T16:58:28.997+0000] {dag.py:3047} INFO - Sync 2 DAGs
[2024-04-20T16:58:29.007+0000] {logging_mixin.py:188} INFO - [2024-04-20T16:58:29.007+0000] {dag.py:3834} INFO - Setting next_dagrun for example_external_task_marker_child to None, run_after=None
[2024-04-20T16:58:29.010+0000] {logging_mixin.py:188} INFO - [2024-04-20T16:58:29.009+0000] {dag.py:3834} INFO - Setting next_dagrun for example_external_task_marker_parent to None, run_after=None
[2024-04-20T16:58:29.160+0000] {processor.py:183} INFO - Processing /home/airflow/.local/lib/python3.8/site-packages/airflow/example_dags/example_external_task_marker_dag.py took 0.191 seconds
[2024-04-20T16:58:59.736+0000] {processor.py:161} INFO - Started process (PID=7210) to work on /home/airflow/.local/lib/python3.8/site-packages/airflow/example_dags/example_external_task_marker_dag.py
[2024-04-20T16:58:59.737+0000] {processor.py:830} INFO - Processing file /home/airflow/.local/lib/python3.8/site-packages/airflow/example_dags/example_external_task_marker_dag.py for tasks to queue
[2024-04-20T16:58:59.737+0000] {logging_mixin.py:188} INFO - [2024-04-20T16:58:59.737+0000] {dagbag.py:540} INFO - Filling up the DagBag from /home/airflow/.local/lib/python3.8/site-packages/airflow/example_dags/example_external_task_marker_dag.py
[2024-04-20T16:58:59.742+0000] {processor.py:840} INFO - DAG(s) 'example_external_task_marker_child', 'example_external_task_marker_parent' retrieved from /home/airflow/.local/lib/python3.8/site-packages/airflow/example_dags/example_external_task_marker_dag.py
[2024-04-20T16:58:59.761+0000] {logging_mixin.py:188} INFO - [2024-04-20T16:58:59.761+0000] {dag.py:3047} INFO - Sync 2 DAGs
[2024-04-20T16:58:59.771+0000] {logging_mixin.py:188} INFO - [2024-04-20T16:58:59.771+0000] {dag.py:3834} INFO - Setting next_dagrun for example_external_task_marker_child to None, run_after=None
[2024-04-20T16:58:59.774+0000] {logging_mixin.py:188} INFO - [2024-04-20T16:58:59.774+0000] {dag.py:3834} INFO - Setting next_dagrun for example_external_task_marker_parent to None, run_after=None
[2024-04-20T16:58:59.924+0000] {processor.py:183} INFO - Processing /home/airflow/.local/lib/python3.8/site-packages/airflow/example_dags/example_external_task_marker_dag.py took 0.191 seconds
[2024-04-20T16:59:30.420+0000] {processor.py:161} INFO - Started process (PID=7469) to work on /home/airflow/.local/lib/python3.8/site-packages/airflow/example_dags/example_external_task_marker_dag.py
[2024-04-20T16:59:30.421+0000] {processor.py:830} INFO - Processing file /home/airflow/.local/lib/python3.8/site-packages/airflow/example_dags/example_external_task_marker_dag.py for tasks to queue
[2024-04-20T16:59:30.422+0000] {logging_mixin.py:188} INFO - [2024-04-20T16:59:30.421+0000] {dagbag.py:540} INFO - Filling up the DagBag from /home/airflow/.local/lib/python3.8/site-packages/airflow/example_dags/example_external_task_marker_dag.py
[2024-04-20T16:59:30.426+0000] {processor.py:840} INFO - DAG(s) 'example_external_task_marker_child', 'example_external_task_marker_parent' retrieved from /home/airflow/.local/lib/python3.8/site-packages/airflow/example_dags/example_external_task_marker_dag.py
[2024-04-20T16:59:30.446+0000] {logging_mixin.py:188} INFO - [2024-04-20T16:59:30.446+0000] {dag.py:3047} INFO - Sync 2 DAGs
[2024-04-20T16:59:30.456+0000] {logging_mixin.py:188} INFO - [2024-04-20T16:59:30.456+0000] {dag.py:3834} INFO - Setting next_dagrun for example_external_task_marker_child to None, run_after=None
[2024-04-20T16:59:30.459+0000] {logging_mixin.py:188} INFO - [2024-04-20T16:59:30.459+0000] {dag.py:3834} INFO - Setting next_dagrun for example_external_task_marker_parent to None, run_after=None
[2024-04-20T16:59:30.603+0000] {processor.py:183} INFO - Processing /home/airflow/.local/lib/python3.8/site-packages/airflow/example_dags/example_external_task_marker_dag.py took 0.185 seconds
[2024-04-20T17:00:00.993+0000] {processor.py:161} INFO - Started process (PID=7724) to work on /home/airflow/.local/lib/python3.8/site-packages/airflow/example_dags/example_external_task_marker_dag.py
[2024-04-20T17:00:00.994+0000] {processor.py:830} INFO - Processing file /home/airflow/.local/lib/python3.8/site-packages/airflow/example_dags/example_external_task_marker_dag.py for tasks to queue
[2024-04-20T17:00:00.994+0000] {logging_mixin.py:188} INFO - [2024-04-20T17:00:00.994+0000] {dagbag.py:540} INFO - Filling up the DagBag from /home/airflow/.local/lib/python3.8/site-packages/airflow/example_dags/example_external_task_marker_dag.py
[2024-04-20T17:00:00.999+0000] {processor.py:840} INFO - DAG(s) 'example_external_task_marker_parent', 'example_external_task_marker_child' retrieved from /home/airflow/.local/lib/python3.8/site-packages/airflow/example_dags/example_external_task_marker_dag.py
[2024-04-20T17:00:01.018+0000] {logging_mixin.py:188} INFO - [2024-04-20T17:00:01.018+0000] {dag.py:3047} INFO - Sync 2 DAGs
[2024-04-20T17:00:01.028+0000] {logging_mixin.py:188} INFO - [2024-04-20T17:00:01.028+0000] {dag.py:3834} INFO - Setting next_dagrun for example_external_task_marker_child to None, run_after=None
[2024-04-20T17:00:01.031+0000] {logging_mixin.py:188} INFO - [2024-04-20T17:00:01.031+0000] {dag.py:3834} INFO - Setting next_dagrun for example_external_task_marker_parent to None, run_after=None
[2024-04-20T17:00:01.180+0000] {processor.py:183} INFO - Processing /home/airflow/.local/lib/python3.8/site-packages/airflow/example_dags/example_external_task_marker_dag.py took 0.190 seconds
[2024-04-20T17:00:31.354+0000] {processor.py:161} INFO - Started process (PID=7981) to work on /home/airflow/.local/lib/python3.8/site-packages/airflow/example_dags/example_external_task_marker_dag.py
[2024-04-20T17:00:31.355+0000] {processor.py:830} INFO - Processing file /home/airflow/.local/lib/python3.8/site-packages/airflow/example_dags/example_external_task_marker_dag.py for tasks to queue
[2024-04-20T17:00:31.356+0000] {logging_mixin.py:188} INFO - [2024-04-20T17:00:31.356+0000] {dagbag.py:540} INFO - Filling up the DagBag from /home/airflow/.local/lib/python3.8/site-packages/airflow/example_dags/example_external_task_marker_dag.py
[2024-04-20T17:00:31.363+0000] {processor.py:840} INFO - DAG(s) 'example_external_task_marker_parent', 'example_external_task_marker_child' retrieved from /home/airflow/.local/lib/python3.8/site-packages/airflow/example_dags/example_external_task_marker_dag.py
[2024-04-20T17:00:31.390+0000] {logging_mixin.py:188} INFO - [2024-04-20T17:00:31.390+0000] {dag.py:3047} INFO - Sync 2 DAGs
[2024-04-20T17:00:31.404+0000] {logging_mixin.py:188} INFO - [2024-04-20T17:00:31.404+0000] {dag.py:3834} INFO - Setting next_dagrun for example_external_task_marker_child to None, run_after=None
[2024-04-20T17:00:31.408+0000] {logging_mixin.py:188} INFO - [2024-04-20T17:00:31.408+0000] {dag.py:3834} INFO - Setting next_dagrun for example_external_task_marker_parent to None, run_after=None
[2024-04-20T17:00:31.586+0000] {processor.py:183} INFO - Processing /home/airflow/.local/lib/python3.8/site-packages/airflow/example_dags/example_external_task_marker_dag.py took 0.235 seconds
[2024-04-20T17:01:01.637+0000] {processor.py:161} INFO - Started process (PID=8236) to work on /home/airflow/.local/lib/python3.8/site-packages/airflow/example_dags/example_external_task_marker_dag.py
[2024-04-20T17:01:01.638+0000] {processor.py:830} INFO - Processing file /home/airflow/.local/lib/python3.8/site-packages/airflow/example_dags/example_external_task_marker_dag.py for tasks to queue
[2024-04-20T17:01:01.639+0000] {logging_mixin.py:188} INFO - [2024-04-20T17:01:01.639+0000] {dagbag.py:540} INFO - Filling up the DagBag from /home/airflow/.local/lib/python3.8/site-packages/airflow/example_dags/example_external_task_marker_dag.py
[2024-04-20T17:01:01.644+0000] {processor.py:840} INFO - DAG(s) 'example_external_task_marker_parent', 'example_external_task_marker_child' retrieved from /home/airflow/.local/lib/python3.8/site-packages/airflow/example_dags/example_external_task_marker_dag.py
[2024-04-20T17:01:01.663+0000] {logging_mixin.py:188} INFO - [2024-04-20T17:01:01.663+0000] {dag.py:3047} INFO - Sync 2 DAGs
[2024-04-20T17:01:01.673+0000] {logging_mixin.py:188} INFO - [2024-04-20T17:01:01.673+0000] {dag.py:3834} INFO - Setting next_dagrun for example_external_task_marker_child to None, run_after=None
[2024-04-20T17:01:01.675+0000] {logging_mixin.py:188} INFO - [2024-04-20T17:01:01.675+0000] {dag.py:3834} INFO - Setting next_dagrun for example_external_task_marker_parent to None, run_after=None
[2024-04-20T17:01:01.844+0000] {processor.py:183} INFO - Processing /home/airflow/.local/lib/python3.8/site-packages/airflow/example_dags/example_external_task_marker_dag.py took 0.210 seconds
[2024-04-20T17:01:31.951+0000] {processor.py:161} INFO - Started process (PID=8494) to work on /home/airflow/.local/lib/python3.8/site-packages/airflow/example_dags/example_external_task_marker_dag.py
[2024-04-20T17:01:31.952+0000] {processor.py:830} INFO - Processing file /home/airflow/.local/lib/python3.8/site-packages/airflow/example_dags/example_external_task_marker_dag.py for tasks to queue
[2024-04-20T17:01:31.953+0000] {logging_mixin.py:188} INFO - [2024-04-20T17:01:31.953+0000] {dagbag.py:540} INFO - Filling up the DagBag from /home/airflow/.local/lib/python3.8/site-packages/airflow/example_dags/example_external_task_marker_dag.py
[2024-04-20T17:01:31.957+0000] {processor.py:840} INFO - DAG(s) 'example_external_task_marker_child', 'example_external_task_marker_parent' retrieved from /home/airflow/.local/lib/python3.8/site-packages/airflow/example_dags/example_external_task_marker_dag.py
[2024-04-20T17:01:31.976+0000] {logging_mixin.py:188} INFO - [2024-04-20T17:01:31.976+0000] {dag.py:3047} INFO - Sync 2 DAGs
[2024-04-20T17:01:31.985+0000] {logging_mixin.py:188} INFO - [2024-04-20T17:01:31.985+0000] {dag.py:3834} INFO - Setting next_dagrun for example_external_task_marker_child to None, run_after=None
[2024-04-20T17:01:31.988+0000] {logging_mixin.py:188} INFO - [2024-04-20T17:01:31.988+0000] {dag.py:3834} INFO - Setting next_dagrun for example_external_task_marker_parent to None, run_after=None
[2024-04-20T17:01:32.110+0000] {processor.py:183} INFO - Processing /home/airflow/.local/lib/python3.8/site-packages/airflow/example_dags/example_external_task_marker_dag.py took 0.161 seconds
[2024-04-20T17:02:02.499+0000] {processor.py:161} INFO - Started process (PID=8751) to work on /home/airflow/.local/lib/python3.8/site-packages/airflow/example_dags/example_external_task_marker_dag.py
[2024-04-20T17:02:02.500+0000] {processor.py:830} INFO - Processing file /home/airflow/.local/lib/python3.8/site-packages/airflow/example_dags/example_external_task_marker_dag.py for tasks to queue
[2024-04-20T17:02:02.501+0000] {logging_mixin.py:188} INFO - [2024-04-20T17:02:02.501+0000] {dagbag.py:540} INFO - Filling up the DagBag from /home/airflow/.local/lib/python3.8/site-packages/airflow/example_dags/example_external_task_marker_dag.py
[2024-04-20T17:02:02.506+0000] {processor.py:840} INFO - DAG(s) 'example_external_task_marker_child', 'example_external_task_marker_parent' retrieved from /home/airflow/.local/lib/python3.8/site-packages/airflow/example_dags/example_external_task_marker_dag.py
[2024-04-20T17:02:02.526+0000] {logging_mixin.py:188} INFO - [2024-04-20T17:02:02.526+0000] {dag.py:3047} INFO - Sync 2 DAGs
[2024-04-20T17:02:02.536+0000] {logging_mixin.py:188} INFO - [2024-04-20T17:02:02.536+0000] {dag.py:3834} INFO - Setting next_dagrun for example_external_task_marker_child to None, run_after=None
[2024-04-20T17:02:02.538+0000] {logging_mixin.py:188} INFO - [2024-04-20T17:02:02.538+0000] {dag.py:3834} INFO - Setting next_dagrun for example_external_task_marker_parent to None, run_after=None
[2024-04-20T17:02:02.737+0000] {processor.py:183} INFO - Processing /home/airflow/.local/lib/python3.8/site-packages/airflow/example_dags/example_external_task_marker_dag.py took 0.241 seconds
[2024-04-20T17:02:33.129+0000] {processor.py:161} INFO - Started process (PID=9009) to work on /home/airflow/.local/lib/python3.8/site-packages/airflow/example_dags/example_external_task_marker_dag.py
[2024-04-20T17:02:33.129+0000] {processor.py:830} INFO - Processing file /home/airflow/.local/lib/python3.8/site-packages/airflow/example_dags/example_external_task_marker_dag.py for tasks to queue
[2024-04-20T17:02:33.130+0000] {logging_mixin.py:188} INFO - [2024-04-20T17:02:33.130+0000] {dagbag.py:540} INFO - Filling up the DagBag from /home/airflow/.local/lib/python3.8/site-packages/airflow/example_dags/example_external_task_marker_dag.py
[2024-04-20T17:02:33.135+0000] {processor.py:840} INFO - DAG(s) 'example_external_task_marker_child', 'example_external_task_marker_parent' retrieved from /home/airflow/.local/lib/python3.8/site-packages/airflow/example_dags/example_external_task_marker_dag.py
[2024-04-20T17:02:33.154+0000] {logging_mixin.py:188} INFO - [2024-04-20T17:02:33.154+0000] {dag.py:3047} INFO - Sync 2 DAGs
[2024-04-20T17:02:33.164+0000] {logging_mixin.py:188} INFO - [2024-04-20T17:02:33.163+0000] {dag.py:3834} INFO - Setting next_dagrun for example_external_task_marker_child to None, run_after=None
[2024-04-20T17:02:33.167+0000] {logging_mixin.py:188} INFO - [2024-04-20T17:02:33.166+0000] {dag.py:3834} INFO - Setting next_dagrun for example_external_task_marker_parent to None, run_after=None
[2024-04-20T17:02:33.286+0000] {processor.py:183} INFO - Processing /home/airflow/.local/lib/python3.8/site-packages/airflow/example_dags/example_external_task_marker_dag.py took 0.160 seconds
[2024-04-20T17:03:04.025+0000] {processor.py:161} INFO - Started process (PID=9265) to work on /home/airflow/.local/lib/python3.8/site-packages/airflow/example_dags/example_external_task_marker_dag.py
[2024-04-20T17:03:04.026+0000] {processor.py:830} INFO - Processing file /home/airflow/.local/lib/python3.8/site-packages/airflow/example_dags/example_external_task_marker_dag.py for tasks to queue
[2024-04-20T17:03:04.027+0000] {logging_mixin.py:188} INFO - [2024-04-20T17:03:04.027+0000] {dagbag.py:540} INFO - Filling up the DagBag from /home/airflow/.local/lib/python3.8/site-packages/airflow/example_dags/example_external_task_marker_dag.py
[2024-04-20T17:03:04.032+0000] {processor.py:840} INFO - DAG(s) 'example_external_task_marker_child', 'example_external_task_marker_parent' retrieved from /home/airflow/.local/lib/python3.8/site-packages/airflow/example_dags/example_external_task_marker_dag.py
[2024-04-20T17:03:04.051+0000] {logging_mixin.py:188} INFO - [2024-04-20T17:03:04.051+0000] {dag.py:3047} INFO - Sync 2 DAGs
[2024-04-20T17:03:04.061+0000] {logging_mixin.py:188} INFO - [2024-04-20T17:03:04.061+0000] {dag.py:3834} INFO - Setting next_dagrun for example_external_task_marker_child to None, run_after=None
[2024-04-20T17:03:04.064+0000] {logging_mixin.py:188} INFO - [2024-04-20T17:03:04.064+0000] {dag.py:3834} INFO - Setting next_dagrun for example_external_task_marker_parent to None, run_after=None
[2024-04-20T17:03:04.226+0000] {processor.py:183} INFO - Processing /home/airflow/.local/lib/python3.8/site-packages/airflow/example_dags/example_external_task_marker_dag.py took 0.203 seconds
[2024-04-20T17:03:34.633+0000] {processor.py:161} INFO - Started process (PID=9522) to work on /home/airflow/.local/lib/python3.8/site-packages/airflow/example_dags/example_external_task_marker_dag.py
[2024-04-20T17:03:34.634+0000] {processor.py:830} INFO - Processing file /home/airflow/.local/lib/python3.8/site-packages/airflow/example_dags/example_external_task_marker_dag.py for tasks to queue
[2024-04-20T17:03:34.635+0000] {logging_mixin.py:188} INFO - [2024-04-20T17:03:34.635+0000] {dagbag.py:540} INFO - Filling up the DagBag from /home/airflow/.local/lib/python3.8/site-packages/airflow/example_dags/example_external_task_marker_dag.py
[2024-04-20T17:03:34.640+0000] {processor.py:840} INFO - DAG(s) 'example_external_task_marker_parent', 'example_external_task_marker_child' retrieved from /home/airflow/.local/lib/python3.8/site-packages/airflow/example_dags/example_external_task_marker_dag.py
[2024-04-20T17:03:34.659+0000] {logging_mixin.py:188} INFO - [2024-04-20T17:03:34.658+0000] {dag.py:3047} INFO - Sync 2 DAGs
[2024-04-20T17:03:34.669+0000] {logging_mixin.py:188} INFO - [2024-04-20T17:03:34.669+0000] {dag.py:3834} INFO - Setting next_dagrun for example_external_task_marker_child to None, run_after=None
[2024-04-20T17:03:34.671+0000] {logging_mixin.py:188} INFO - [2024-04-20T17:03:34.671+0000] {dag.py:3834} INFO - Setting next_dagrun for example_external_task_marker_parent to None, run_after=None
[2024-04-20T17:03:35.246+0000] {processor.py:183} INFO - Processing /home/airflow/.local/lib/python3.8/site-packages/airflow/example_dags/example_external_task_marker_dag.py took 0.615 seconds
[2024-04-20T17:04:05.322+0000] {processor.py:161} INFO - Started process (PID=9773) to work on /home/airflow/.local/lib/python3.8/site-packages/airflow/example_dags/example_external_task_marker_dag.py
[2024-04-20T17:04:05.323+0000] {processor.py:830} INFO - Processing file /home/airflow/.local/lib/python3.8/site-packages/airflow/example_dags/example_external_task_marker_dag.py for tasks to queue
[2024-04-20T17:04:05.323+0000] {logging_mixin.py:188} INFO - [2024-04-20T17:04:05.323+0000] {dagbag.py:540} INFO - Filling up the DagBag from /home/airflow/.local/lib/python3.8/site-packages/airflow/example_dags/example_external_task_marker_dag.py
[2024-04-20T17:04:05.328+0000] {processor.py:840} INFO - DAG(s) 'example_external_task_marker_parent', 'example_external_task_marker_child' retrieved from /home/airflow/.local/lib/python3.8/site-packages/airflow/example_dags/example_external_task_marker_dag.py
[2024-04-20T17:04:05.348+0000] {logging_mixin.py:188} INFO - [2024-04-20T17:04:05.348+0000] {dag.py:3047} INFO - Sync 2 DAGs
[2024-04-20T17:04:05.358+0000] {logging_mixin.py:188} INFO - [2024-04-20T17:04:05.358+0000] {dag.py:3834} INFO - Setting next_dagrun for example_external_task_marker_child to None, run_after=None
[2024-04-20T17:04:05.361+0000] {logging_mixin.py:188} INFO - [2024-04-20T17:04:05.361+0000] {dag.py:3834} INFO - Setting next_dagrun for example_external_task_marker_parent to None, run_after=None
[2024-04-20T17:04:05.520+0000] {processor.py:183} INFO - Processing /home/airflow/.local/lib/python3.8/site-packages/airflow/example_dags/example_external_task_marker_dag.py took 0.202 seconds
[2024-04-20T17:04:35.973+0000] {processor.py:161} INFO - Started process (PID=10032) to work on /home/airflow/.local/lib/python3.8/site-packages/airflow/example_dags/example_external_task_marker_dag.py
[2024-04-20T17:04:35.974+0000] {processor.py:830} INFO - Processing file /home/airflow/.local/lib/python3.8/site-packages/airflow/example_dags/example_external_task_marker_dag.py for tasks to queue
[2024-04-20T17:04:35.975+0000] {logging_mixin.py:188} INFO - [2024-04-20T17:04:35.974+0000] {dagbag.py:540} INFO - Filling up the DagBag from /home/airflow/.local/lib/python3.8/site-packages/airflow/example_dags/example_external_task_marker_dag.py
[2024-04-20T17:04:35.980+0000] {processor.py:840} INFO - DAG(s) 'example_external_task_marker_parent', 'example_external_task_marker_child' retrieved from /home/airflow/.local/lib/python3.8/site-packages/airflow/example_dags/example_external_task_marker_dag.py
[2024-04-20T17:04:35.999+0000] {logging_mixin.py:188} INFO - [2024-04-20T17:04:35.999+0000] {dag.py:3047} INFO - Sync 2 DAGs
[2024-04-20T17:04:36.010+0000] {logging_mixin.py:188} INFO - [2024-04-20T17:04:36.010+0000] {dag.py:3834} INFO - Setting next_dagrun for example_external_task_marker_child to None, run_after=None
[2024-04-20T17:04:36.013+0000] {logging_mixin.py:188} INFO - [2024-04-20T17:04:36.013+0000] {dag.py:3834} INFO - Setting next_dagrun for example_external_task_marker_parent to None, run_after=None
[2024-04-20T17:04:36.132+0000] {processor.py:183} INFO - Processing /home/airflow/.local/lib/python3.8/site-packages/airflow/example_dags/example_external_task_marker_dag.py took 0.162 seconds
[2024-04-20T17:05:06.475+0000] {processor.py:161} INFO - Started process (PID=10287) to work on /home/airflow/.local/lib/python3.8/site-packages/airflow/example_dags/example_external_task_marker_dag.py
[2024-04-20T17:05:06.476+0000] {processor.py:830} INFO - Processing file /home/airflow/.local/lib/python3.8/site-packages/airflow/example_dags/example_external_task_marker_dag.py for tasks to queue
[2024-04-20T17:05:06.477+0000] {logging_mixin.py:188} INFO - [2024-04-20T17:05:06.477+0000] {dagbag.py:540} INFO - Filling up the DagBag from /home/airflow/.local/lib/python3.8/site-packages/airflow/example_dags/example_external_task_marker_dag.py
[2024-04-20T17:05:06.482+0000] {processor.py:840} INFO - DAG(s) 'example_external_task_marker_parent', 'example_external_task_marker_child' retrieved from /home/airflow/.local/lib/python3.8/site-packages/airflow/example_dags/example_external_task_marker_dag.py
[2024-04-20T17:05:06.502+0000] {logging_mixin.py:188} INFO - [2024-04-20T17:05:06.502+0000] {dag.py:3047} INFO - Sync 2 DAGs
[2024-04-20T17:05:06.512+0000] {logging_mixin.py:188} INFO - [2024-04-20T17:05:06.512+0000] {dag.py:3834} INFO - Setting next_dagrun for example_external_task_marker_child to None, run_after=None
[2024-04-20T17:05:06.515+0000] {logging_mixin.py:188} INFO - [2024-04-20T17:05:06.514+0000] {dag.py:3834} INFO - Setting next_dagrun for example_external_task_marker_parent to None, run_after=None
[2024-04-20T17:05:06.665+0000] {processor.py:183} INFO - Processing /home/airflow/.local/lib/python3.8/site-packages/airflow/example_dags/example_external_task_marker_dag.py took 0.193 seconds
[2024-04-20T17:05:37.052+0000] {processor.py:161} INFO - Started process (PID=10544) to work on /home/airflow/.local/lib/python3.8/site-packages/airflow/example_dags/example_external_task_marker_dag.py
[2024-04-20T17:05:37.053+0000] {processor.py:830} INFO - Processing file /home/airflow/.local/lib/python3.8/site-packages/airflow/example_dags/example_external_task_marker_dag.py for tasks to queue
[2024-04-20T17:05:37.054+0000] {logging_mixin.py:188} INFO - [2024-04-20T17:05:37.053+0000] {dagbag.py:540} INFO - Filling up the DagBag from /home/airflow/.local/lib/python3.8/site-packages/airflow/example_dags/example_external_task_marker_dag.py
[2024-04-20T17:05:37.058+0000] {processor.py:840} INFO - DAG(s) 'example_external_task_marker_parent', 'example_external_task_marker_child' retrieved from /home/airflow/.local/lib/python3.8/site-packages/airflow/example_dags/example_external_task_marker_dag.py
[2024-04-20T17:05:37.077+0000] {logging_mixin.py:188} INFO - [2024-04-20T17:05:37.077+0000] {dag.py:3047} INFO - Sync 2 DAGs
[2024-04-20T17:05:37.087+0000] {logging_mixin.py:188} INFO - [2024-04-20T17:05:37.087+0000] {dag.py:3834} INFO - Setting next_dagrun for example_external_task_marker_child to None, run_after=None
[2024-04-20T17:05:37.090+0000] {logging_mixin.py:188} INFO - [2024-04-20T17:05:37.090+0000] {dag.py:3834} INFO - Setting next_dagrun for example_external_task_marker_parent to None, run_after=None
[2024-04-20T17:05:37.243+0000] {processor.py:183} INFO - Processing /home/airflow/.local/lib/python3.8/site-packages/airflow/example_dags/example_external_task_marker_dag.py took 0.194 seconds
[2024-04-20T17:06:08.084+0000] {processor.py:161} INFO - Started process (PID=10801) to work on /home/airflow/.local/lib/python3.8/site-packages/airflow/example_dags/example_external_task_marker_dag.py
[2024-04-20T17:06:08.085+0000] {processor.py:830} INFO - Processing file /home/airflow/.local/lib/python3.8/site-packages/airflow/example_dags/example_external_task_marker_dag.py for tasks to queue
[2024-04-20T17:06:08.086+0000] {logging_mixin.py:188} INFO - [2024-04-20T17:06:08.086+0000] {dagbag.py:540} INFO - Filling up the DagBag from /home/airflow/.local/lib/python3.8/site-packages/airflow/example_dags/example_external_task_marker_dag.py
[2024-04-20T17:06:08.093+0000] {processor.py:840} INFO - DAG(s) 'example_external_task_marker_child', 'example_external_task_marker_parent' retrieved from /home/airflow/.local/lib/python3.8/site-packages/airflow/example_dags/example_external_task_marker_dag.py
[2024-04-20T17:06:08.120+0000] {logging_mixin.py:188} INFO - [2024-04-20T17:06:08.120+0000] {dag.py:3047} INFO - Sync 2 DAGs
[2024-04-20T17:06:08.131+0000] {logging_mixin.py:188} INFO - [2024-04-20T17:06:08.130+0000] {dag.py:3834} INFO - Setting next_dagrun for example_external_task_marker_child to None, run_after=None
[2024-04-20T17:06:08.133+0000] {logging_mixin.py:188} INFO - [2024-04-20T17:06:08.133+0000] {dag.py:3834} INFO - Setting next_dagrun for example_external_task_marker_parent to None, run_after=None
[2024-04-20T17:06:08.626+0000] {processor.py:183} INFO - Processing /home/airflow/.local/lib/python3.8/site-packages/airflow/example_dags/example_external_task_marker_dag.py took 0.546 seconds
