[2024-04-20T16:45:06.183+0000] {processor.py:161} INFO - Started process (PID=230) to work on /home/airflow/.local/lib/python3.8/site-packages/airflow/example_dags/example_branch_python_dop_operator_3.py
[2024-04-20T16:45:06.184+0000] {processor.py:830} INFO - Processing file /home/airflow/.local/lib/python3.8/site-packages/airflow/example_dags/example_branch_python_dop_operator_3.py for tasks to queue
[2024-04-20T16:45:06.185+0000] {logging_mixin.py:188} INFO - [2024-04-20T16:45:06.184+0000] {dagbag.py:540} INFO - Filling up the DagBag from /home/airflow/.local/lib/python3.8/site-packages/airflow/example_dags/example_branch_python_dop_operator_3.py
[2024-04-20T16:45:06.255+0000] {processor.py:840} INFO - DAG(s) 'example_branch_dop_operator_v3' retrieved from /home/airflow/.local/lib/python3.8/site-packages/airflow/example_dags/example_branch_python_dop_operator_3.py
[2024-04-20T16:45:06.281+0000] {logging_mixin.py:188} INFO - [2024-04-20T16:45:06.280+0000] {dag.py:3047} INFO - Sync 1 DAGs
[2024-04-20T16:45:06.509+0000] {logging_mixin.py:188} INFO - [2024-04-20T16:45:06.509+0000] {dag.py:3834} INFO - Setting next_dagrun for example_branch_dop_operator_v3 to 2024-04-20 16:44:00+00:00, run_after=2024-04-20 16:45:00+00:00
[2024-04-20T16:45:06.932+0000] {processor.py:183} INFO - Processing /home/airflow/.local/lib/python3.8/site-packages/airflow/example_dags/example_branch_python_dop_operator_3.py took 0.752 seconds
[2024-04-20T16:45:37.301+0000] {processor.py:161} INFO - Started process (PID=486) to work on /home/airflow/.local/lib/python3.8/site-packages/airflow/example_dags/example_branch_python_dop_operator_3.py
[2024-04-20T16:45:37.428+0000] {processor.py:830} INFO - Processing file /home/airflow/.local/lib/python3.8/site-packages/airflow/example_dags/example_branch_python_dop_operator_3.py for tasks to queue
[2024-04-20T16:45:37.428+0000] {logging_mixin.py:188} INFO - [2024-04-20T16:45:37.428+0000] {dagbag.py:540} INFO - Filling up the DagBag from /home/airflow/.local/lib/python3.8/site-packages/airflow/example_dags/example_branch_python_dop_operator_3.py
[2024-04-20T16:45:37.436+0000] {processor.py:840} INFO - DAG(s) 'example_branch_dop_operator_v3' retrieved from /home/airflow/.local/lib/python3.8/site-packages/airflow/example_dags/example_branch_python_dop_operator_3.py
[2024-04-20T16:45:37.452+0000] {logging_mixin.py:188} INFO - [2024-04-20T16:45:37.452+0000] {dag.py:3047} INFO - Sync 1 DAGs
[2024-04-20T16:45:37.473+0000] {logging_mixin.py:188} INFO - [2024-04-20T16:45:37.473+0000] {dag.py:3834} INFO - Setting next_dagrun for example_branch_dop_operator_v3 to 2024-04-20 16:44:00+00:00, run_after=2024-04-20 16:45:00+00:00
[2024-04-20T16:45:37.794+0000] {processor.py:183} INFO - Processing /home/airflow/.local/lib/python3.8/site-packages/airflow/example_dags/example_branch_python_dop_operator_3.py took 0.496 seconds
[2024-04-20T16:46:07.917+0000] {processor.py:161} INFO - Started process (PID=738) to work on /home/airflow/.local/lib/python3.8/site-packages/airflow/example_dags/example_branch_python_dop_operator_3.py
[2024-04-20T16:46:07.918+0000] {processor.py:830} INFO - Processing file /home/airflow/.local/lib/python3.8/site-packages/airflow/example_dags/example_branch_python_dop_operator_3.py for tasks to queue
[2024-04-20T16:46:07.919+0000] {logging_mixin.py:188} INFO - [2024-04-20T16:46:07.918+0000] {dagbag.py:540} INFO - Filling up the DagBag from /home/airflow/.local/lib/python3.8/site-packages/airflow/example_dags/example_branch_python_dop_operator_3.py
[2024-04-20T16:46:07.929+0000] {processor.py:840} INFO - DAG(s) 'example_branch_dop_operator_v3' retrieved from /home/airflow/.local/lib/python3.8/site-packages/airflow/example_dags/example_branch_python_dop_operator_3.py
[2024-04-20T16:46:07.951+0000] {logging_mixin.py:188} INFO - [2024-04-20T16:46:07.951+0000] {dag.py:3047} INFO - Sync 1 DAGs
[2024-04-20T16:46:07.983+0000] {logging_mixin.py:188} INFO - [2024-04-20T16:46:07.983+0000] {dag.py:3834} INFO - Setting next_dagrun for example_branch_dop_operator_v3 to 2024-04-20 16:45:00+00:00, run_after=2024-04-20 16:46:00+00:00
[2024-04-20T16:46:08.200+0000] {processor.py:183} INFO - Processing /home/airflow/.local/lib/python3.8/site-packages/airflow/example_dags/example_branch_python_dop_operator_3.py took 0.287 seconds
[2024-04-20T16:46:38.523+0000] {processor.py:161} INFO - Started process (PID=995) to work on /home/airflow/.local/lib/python3.8/site-packages/airflow/example_dags/example_branch_python_dop_operator_3.py
[2024-04-20T16:46:38.524+0000] {processor.py:830} INFO - Processing file /home/airflow/.local/lib/python3.8/site-packages/airflow/example_dags/example_branch_python_dop_operator_3.py for tasks to queue
[2024-04-20T16:46:38.525+0000] {logging_mixin.py:188} INFO - [2024-04-20T16:46:38.525+0000] {dagbag.py:540} INFO - Filling up the DagBag from /home/airflow/.local/lib/python3.8/site-packages/airflow/example_dags/example_branch_python_dop_operator_3.py
[2024-04-20T16:46:38.537+0000] {processor.py:840} INFO - DAG(s) 'example_branch_dop_operator_v3' retrieved from /home/airflow/.local/lib/python3.8/site-packages/airflow/example_dags/example_branch_python_dop_operator_3.py
[2024-04-20T16:46:38.564+0000] {logging_mixin.py:188} INFO - [2024-04-20T16:46:38.563+0000] {dag.py:3047} INFO - Sync 1 DAGs
[2024-04-20T16:46:38.592+0000] {logging_mixin.py:188} INFO - [2024-04-20T16:46:38.592+0000] {dag.py:3834} INFO - Setting next_dagrun for example_branch_dop_operator_v3 to 2024-04-20 16:45:00+00:00, run_after=2024-04-20 16:46:00+00:00
[2024-04-20T16:46:38.959+0000] {processor.py:183} INFO - Processing /home/airflow/.local/lib/python3.8/site-packages/airflow/example_dags/example_branch_python_dop_operator_3.py took 0.440 seconds
[2024-04-20T16:47:09.599+0000] {processor.py:161} INFO - Started process (PID=1252) to work on /home/airflow/.local/lib/python3.8/site-packages/airflow/example_dags/example_branch_python_dop_operator_3.py
[2024-04-20T16:47:09.600+0000] {processor.py:830} INFO - Processing file /home/airflow/.local/lib/python3.8/site-packages/airflow/example_dags/example_branch_python_dop_operator_3.py for tasks to queue
[2024-04-20T16:47:09.601+0000] {logging_mixin.py:188} INFO - [2024-04-20T16:47:09.600+0000] {dagbag.py:540} INFO - Filling up the DagBag from /home/airflow/.local/lib/python3.8/site-packages/airflow/example_dags/example_branch_python_dop_operator_3.py
[2024-04-20T16:47:09.610+0000] {processor.py:840} INFO - DAG(s) 'example_branch_dop_operator_v3' retrieved from /home/airflow/.local/lib/python3.8/site-packages/airflow/example_dags/example_branch_python_dop_operator_3.py
[2024-04-20T16:47:09.626+0000] {logging_mixin.py:188} INFO - [2024-04-20T16:47:09.626+0000] {dag.py:3047} INFO - Sync 1 DAGs
[2024-04-20T16:47:09.646+0000] {logging_mixin.py:188} INFO - [2024-04-20T16:47:09.646+0000] {dag.py:3834} INFO - Setting next_dagrun for example_branch_dop_operator_v3 to 2024-04-20 16:46:00+00:00, run_after=2024-04-20 16:47:00+00:00
[2024-04-20T16:47:09.955+0000] {processor.py:183} INFO - Processing /home/airflow/.local/lib/python3.8/site-packages/airflow/example_dags/example_branch_python_dop_operator_3.py took 0.360 seconds
[2024-04-20T16:47:40.145+0000] {processor.py:161} INFO - Started process (PID=1511) to work on /home/airflow/.local/lib/python3.8/site-packages/airflow/example_dags/example_branch_python_dop_operator_3.py
[2024-04-20T16:47:40.147+0000] {processor.py:830} INFO - Processing file /home/airflow/.local/lib/python3.8/site-packages/airflow/example_dags/example_branch_python_dop_operator_3.py for tasks to queue
[2024-04-20T16:47:40.148+0000] {logging_mixin.py:188} INFO - [2024-04-20T16:47:40.147+0000] {dagbag.py:540} INFO - Filling up the DagBag from /home/airflow/.local/lib/python3.8/site-packages/airflow/example_dags/example_branch_python_dop_operator_3.py
[2024-04-20T16:47:40.160+0000] {processor.py:840} INFO - DAG(s) 'example_branch_dop_operator_v3' retrieved from /home/airflow/.local/lib/python3.8/site-packages/airflow/example_dags/example_branch_python_dop_operator_3.py
[2024-04-20T16:47:40.187+0000] {logging_mixin.py:188} INFO - [2024-04-20T16:47:40.186+0000] {dag.py:3047} INFO - Sync 1 DAGs
[2024-04-20T16:47:40.216+0000] {logging_mixin.py:188} INFO - [2024-04-20T16:47:40.216+0000] {dag.py:3834} INFO - Setting next_dagrun for example_branch_dop_operator_v3 to 2024-04-20 16:46:00+00:00, run_after=2024-04-20 16:47:00+00:00
[2024-04-20T16:47:40.354+0000] {processor.py:183} INFO - Processing /home/airflow/.local/lib/python3.8/site-packages/airflow/example_dags/example_branch_python_dop_operator_3.py took 0.212 seconds
[2024-04-20T16:48:10.673+0000] {processor.py:161} INFO - Started process (PID=1768) to work on /home/airflow/.local/lib/python3.8/site-packages/airflow/example_dags/example_branch_python_dop_operator_3.py
[2024-04-20T16:48:10.674+0000] {processor.py:830} INFO - Processing file /home/airflow/.local/lib/python3.8/site-packages/airflow/example_dags/example_branch_python_dop_operator_3.py for tasks to queue
[2024-04-20T16:48:10.676+0000] {logging_mixin.py:188} INFO - [2024-04-20T16:48:10.675+0000] {dagbag.py:540} INFO - Filling up the DagBag from /home/airflow/.local/lib/python3.8/site-packages/airflow/example_dags/example_branch_python_dop_operator_3.py
[2024-04-20T16:48:10.686+0000] {processor.py:840} INFO - DAG(s) 'example_branch_dop_operator_v3' retrieved from /home/airflow/.local/lib/python3.8/site-packages/airflow/example_dags/example_branch_python_dop_operator_3.py
[2024-04-20T16:48:10.712+0000] {logging_mixin.py:188} INFO - [2024-04-20T16:48:10.711+0000] {dag.py:3047} INFO - Sync 1 DAGs
[2024-04-20T16:48:10.741+0000] {logging_mixin.py:188} INFO - [2024-04-20T16:48:10.740+0000] {dag.py:3834} INFO - Setting next_dagrun for example_branch_dop_operator_v3 to 2024-04-20 16:47:00+00:00, run_after=2024-04-20 16:48:00+00:00
[2024-04-20T16:48:11.026+0000] {processor.py:183} INFO - Processing /home/airflow/.local/lib/python3.8/site-packages/airflow/example_dags/example_branch_python_dop_operator_3.py took 0.356 seconds
[2024-04-20T16:48:41.281+0000] {processor.py:161} INFO - Started process (PID=2023) to work on /home/airflow/.local/lib/python3.8/site-packages/airflow/example_dags/example_branch_python_dop_operator_3.py
[2024-04-20T16:48:41.282+0000] {processor.py:830} INFO - Processing file /home/airflow/.local/lib/python3.8/site-packages/airflow/example_dags/example_branch_python_dop_operator_3.py for tasks to queue
[2024-04-20T16:48:41.282+0000] {logging_mixin.py:188} INFO - [2024-04-20T16:48:41.282+0000] {dagbag.py:540} INFO - Filling up the DagBag from /home/airflow/.local/lib/python3.8/site-packages/airflow/example_dags/example_branch_python_dop_operator_3.py
[2024-04-20T16:48:41.289+0000] {processor.py:840} INFO - DAG(s) 'example_branch_dop_operator_v3' retrieved from /home/airflow/.local/lib/python3.8/site-packages/airflow/example_dags/example_branch_python_dop_operator_3.py
[2024-04-20T16:48:41.306+0000] {logging_mixin.py:188} INFO - [2024-04-20T16:48:41.306+0000] {dag.py:3047} INFO - Sync 1 DAGs
[2024-04-20T16:48:41.328+0000] {logging_mixin.py:188} INFO - [2024-04-20T16:48:41.328+0000] {dag.py:3834} INFO - Setting next_dagrun for example_branch_dop_operator_v3 to 2024-04-20 16:47:00+00:00, run_after=2024-04-20 16:48:00+00:00
[2024-04-20T16:48:41.470+0000] {processor.py:183} INFO - Processing /home/airflow/.local/lib/python3.8/site-packages/airflow/example_dags/example_branch_python_dop_operator_3.py took 0.192 seconds
[2024-04-20T16:49:12.011+0000] {processor.py:161} INFO - Started process (PID=2280) to work on /home/airflow/.local/lib/python3.8/site-packages/airflow/example_dags/example_branch_python_dop_operator_3.py
[2024-04-20T16:49:12.012+0000] {processor.py:830} INFO - Processing file /home/airflow/.local/lib/python3.8/site-packages/airflow/example_dags/example_branch_python_dop_operator_3.py for tasks to queue
[2024-04-20T16:49:12.012+0000] {logging_mixin.py:188} INFO - [2024-04-20T16:49:12.012+0000] {dagbag.py:540} INFO - Filling up the DagBag from /home/airflow/.local/lib/python3.8/site-packages/airflow/example_dags/example_branch_python_dop_operator_3.py
[2024-04-20T16:49:12.019+0000] {processor.py:840} INFO - DAG(s) 'example_branch_dop_operator_v3' retrieved from /home/airflow/.local/lib/python3.8/site-packages/airflow/example_dags/example_branch_python_dop_operator_3.py
[2024-04-20T16:49:12.036+0000] {logging_mixin.py:188} INFO - [2024-04-20T16:49:12.036+0000] {dag.py:3047} INFO - Sync 1 DAGs
[2024-04-20T16:49:12.056+0000] {logging_mixin.py:188} INFO - [2024-04-20T16:49:12.056+0000] {dag.py:3834} INFO - Setting next_dagrun for example_branch_dop_operator_v3 to 2024-04-20 16:48:00+00:00, run_after=2024-04-20 16:49:00+00:00
[2024-04-20T16:49:12.202+0000] {processor.py:183} INFO - Processing /home/airflow/.local/lib/python3.8/site-packages/airflow/example_dags/example_branch_python_dop_operator_3.py took 0.194 seconds
[2024-04-20T16:49:42.796+0000] {processor.py:161} INFO - Started process (PID=2540) to work on /home/airflow/.local/lib/python3.8/site-packages/airflow/example_dags/example_branch_python_dop_operator_3.py
[2024-04-20T16:49:42.797+0000] {processor.py:830} INFO - Processing file /home/airflow/.local/lib/python3.8/site-packages/airflow/example_dags/example_branch_python_dop_operator_3.py for tasks to queue
[2024-04-20T16:49:42.798+0000] {logging_mixin.py:188} INFO - [2024-04-20T16:49:42.798+0000] {dagbag.py:540} INFO - Filling up the DagBag from /home/airflow/.local/lib/python3.8/site-packages/airflow/example_dags/example_branch_python_dop_operator_3.py
[2024-04-20T16:49:42.810+0000] {processor.py:840} INFO - DAG(s) 'example_branch_dop_operator_v3' retrieved from /home/airflow/.local/lib/python3.8/site-packages/airflow/example_dags/example_branch_python_dop_operator_3.py
[2024-04-20T16:49:42.831+0000] {logging_mixin.py:188} INFO - [2024-04-20T16:49:42.830+0000] {dag.py:3047} INFO - Sync 1 DAGs
[2024-04-20T16:49:42.859+0000] {logging_mixin.py:188} INFO - [2024-04-20T16:49:42.859+0000] {dag.py:3834} INFO - Setting next_dagrun for example_branch_dop_operator_v3 to 2024-04-20 16:48:00+00:00, run_after=2024-04-20 16:49:00+00:00
[2024-04-20T16:49:43.075+0000] {processor.py:183} INFO - Processing /home/airflow/.local/lib/python3.8/site-packages/airflow/example_dags/example_branch_python_dop_operator_3.py took 0.283 seconds
[2024-04-20T16:50:13.730+0000] {processor.py:161} INFO - Started process (PID=2795) to work on /home/airflow/.local/lib/python3.8/site-packages/airflow/example_dags/example_branch_python_dop_operator_3.py
[2024-04-20T16:50:13.731+0000] {processor.py:830} INFO - Processing file /home/airflow/.local/lib/python3.8/site-packages/airflow/example_dags/example_branch_python_dop_operator_3.py for tasks to queue
[2024-04-20T16:50:13.732+0000] {logging_mixin.py:188} INFO - [2024-04-20T16:50:13.731+0000] {dagbag.py:540} INFO - Filling up the DagBag from /home/airflow/.local/lib/python3.8/site-packages/airflow/example_dags/example_branch_python_dop_operator_3.py
[2024-04-20T16:50:13.740+0000] {processor.py:840} INFO - DAG(s) 'example_branch_dop_operator_v3' retrieved from /home/airflow/.local/lib/python3.8/site-packages/airflow/example_dags/example_branch_python_dop_operator_3.py
[2024-04-20T16:50:13.757+0000] {logging_mixin.py:188} INFO - [2024-04-20T16:50:13.757+0000] {dag.py:3047} INFO - Sync 1 DAGs
[2024-04-20T16:50:13.778+0000] {logging_mixin.py:188} INFO - [2024-04-20T16:50:13.778+0000] {dag.py:3834} INFO - Setting next_dagrun for example_branch_dop_operator_v3 to 2024-04-20 16:49:00+00:00, run_after=2024-04-20 16:50:00+00:00
[2024-04-20T16:50:13.922+0000] {processor.py:183} INFO - Processing /home/airflow/.local/lib/python3.8/site-packages/airflow/example_dags/example_branch_python_dop_operator_3.py took 0.194 seconds
[2024-04-20T16:50:44.158+0000] {processor.py:161} INFO - Started process (PID=3053) to work on /home/airflow/.local/lib/python3.8/site-packages/airflow/example_dags/example_branch_python_dop_operator_3.py
[2024-04-20T16:50:44.159+0000] {processor.py:830} INFO - Processing file /home/airflow/.local/lib/python3.8/site-packages/airflow/example_dags/example_branch_python_dop_operator_3.py for tasks to queue
[2024-04-20T16:50:44.160+0000] {logging_mixin.py:188} INFO - [2024-04-20T16:50:44.160+0000] {dagbag.py:540} INFO - Filling up the DagBag from /home/airflow/.local/lib/python3.8/site-packages/airflow/example_dags/example_branch_python_dop_operator_3.py
[2024-04-20T16:50:44.168+0000] {processor.py:840} INFO - DAG(s) 'example_branch_dop_operator_v3' retrieved from /home/airflow/.local/lib/python3.8/site-packages/airflow/example_dags/example_branch_python_dop_operator_3.py
[2024-04-20T16:50:44.185+0000] {logging_mixin.py:188} INFO - [2024-04-20T16:50:44.185+0000] {dag.py:3047} INFO - Sync 1 DAGs
[2024-04-20T16:50:44.209+0000] {logging_mixin.py:188} INFO - [2024-04-20T16:50:44.209+0000] {dag.py:3834} INFO - Setting next_dagrun for example_branch_dop_operator_v3 to 2024-04-20 16:49:00+00:00, run_after=2024-04-20 16:50:00+00:00
[2024-04-20T16:50:44.348+0000] {processor.py:183} INFO - Processing /home/airflow/.local/lib/python3.8/site-packages/airflow/example_dags/example_branch_python_dop_operator_3.py took 0.193 seconds
[2024-04-20T16:51:15.267+0000] {processor.py:161} INFO - Started process (PID=3310) to work on /home/airflow/.local/lib/python3.8/site-packages/airflow/example_dags/example_branch_python_dop_operator_3.py
[2024-04-20T16:51:15.268+0000] {processor.py:830} INFO - Processing file /home/airflow/.local/lib/python3.8/site-packages/airflow/example_dags/example_branch_python_dop_operator_3.py for tasks to queue
[2024-04-20T16:51:15.269+0000] {logging_mixin.py:188} INFO - [2024-04-20T16:51:15.268+0000] {dagbag.py:540} INFO - Filling up the DagBag from /home/airflow/.local/lib/python3.8/site-packages/airflow/example_dags/example_branch_python_dop_operator_3.py
[2024-04-20T16:51:15.276+0000] {processor.py:840} INFO - DAG(s) 'example_branch_dop_operator_v3' retrieved from /home/airflow/.local/lib/python3.8/site-packages/airflow/example_dags/example_branch_python_dop_operator_3.py
[2024-04-20T16:51:15.293+0000] {logging_mixin.py:188} INFO - [2024-04-20T16:51:15.292+0000] {dag.py:3047} INFO - Sync 1 DAGs
[2024-04-20T16:51:15.322+0000] {logging_mixin.py:188} INFO - [2024-04-20T16:51:15.322+0000] {dag.py:3834} INFO - Setting next_dagrun for example_branch_dop_operator_v3 to 2024-04-20 16:50:00+00:00, run_after=2024-04-20 16:51:00+00:00
[2024-04-20T16:51:15.457+0000] {processor.py:183} INFO - Processing /home/airflow/.local/lib/python3.8/site-packages/airflow/example_dags/example_branch_python_dop_operator_3.py took 0.192 seconds
[2024-04-20T16:51:46.013+0000] {processor.py:161} INFO - Started process (PID=3569) to work on /home/airflow/.local/lib/python3.8/site-packages/airflow/example_dags/example_branch_python_dop_operator_3.py
[2024-04-20T16:51:46.014+0000] {processor.py:830} INFO - Processing file /home/airflow/.local/lib/python3.8/site-packages/airflow/example_dags/example_branch_python_dop_operator_3.py for tasks to queue
[2024-04-20T16:51:46.015+0000] {logging_mixin.py:188} INFO - [2024-04-20T16:51:46.014+0000] {dagbag.py:540} INFO - Filling up the DagBag from /home/airflow/.local/lib/python3.8/site-packages/airflow/example_dags/example_branch_python_dop_operator_3.py
[2024-04-20T16:51:46.025+0000] {processor.py:840} INFO - DAG(s) 'example_branch_dop_operator_v3' retrieved from /home/airflow/.local/lib/python3.8/site-packages/airflow/example_dags/example_branch_python_dop_operator_3.py
[2024-04-20T16:51:46.049+0000] {logging_mixin.py:188} INFO - [2024-04-20T16:51:46.048+0000] {dag.py:3047} INFO - Sync 1 DAGs
[2024-04-20T16:51:46.080+0000] {logging_mixin.py:188} INFO - [2024-04-20T16:51:46.079+0000] {dag.py:3834} INFO - Setting next_dagrun for example_branch_dop_operator_v3 to 2024-04-20 16:50:00+00:00, run_after=2024-04-20 16:51:00+00:00
[2024-04-20T16:51:46.303+0000] {processor.py:183} INFO - Processing /home/airflow/.local/lib/python3.8/site-packages/airflow/example_dags/example_branch_python_dop_operator_3.py took 0.294 seconds
[2024-04-20T16:52:16.909+0000] {processor.py:161} INFO - Started process (PID=3824) to work on /home/airflow/.local/lib/python3.8/site-packages/airflow/example_dags/example_branch_python_dop_operator_3.py
[2024-04-20T16:52:16.910+0000] {processor.py:830} INFO - Processing file /home/airflow/.local/lib/python3.8/site-packages/airflow/example_dags/example_branch_python_dop_operator_3.py for tasks to queue
[2024-04-20T16:52:16.911+0000] {logging_mixin.py:188} INFO - [2024-04-20T16:52:16.911+0000] {dagbag.py:540} INFO - Filling up the DagBag from /home/airflow/.local/lib/python3.8/site-packages/airflow/example_dags/example_branch_python_dop_operator_3.py
[2024-04-20T16:52:16.918+0000] {processor.py:840} INFO - DAG(s) 'example_branch_dop_operator_v3' retrieved from /home/airflow/.local/lib/python3.8/site-packages/airflow/example_dags/example_branch_python_dop_operator_3.py
[2024-04-20T16:52:16.934+0000] {logging_mixin.py:188} INFO - [2024-04-20T16:52:16.934+0000] {dag.py:3047} INFO - Sync 1 DAGs
[2024-04-20T16:52:16.955+0000] {logging_mixin.py:188} INFO - [2024-04-20T16:52:16.955+0000] {dag.py:3834} INFO - Setting next_dagrun for example_branch_dop_operator_v3 to 2024-04-20 16:51:00+00:00, run_after=2024-04-20 16:52:00+00:00
[2024-04-20T16:52:17.101+0000] {processor.py:183} INFO - Processing /home/airflow/.local/lib/python3.8/site-packages/airflow/example_dags/example_branch_python_dop_operator_3.py took 0.194 seconds
[2024-04-20T16:52:47.519+0000] {processor.py:161} INFO - Started process (PID=4081) to work on /home/airflow/.local/lib/python3.8/site-packages/airflow/example_dags/example_branch_python_dop_operator_3.py
[2024-04-20T16:52:47.520+0000] {processor.py:830} INFO - Processing file /home/airflow/.local/lib/python3.8/site-packages/airflow/example_dags/example_branch_python_dop_operator_3.py for tasks to queue
[2024-04-20T16:52:47.521+0000] {logging_mixin.py:188} INFO - [2024-04-20T16:52:47.520+0000] {dagbag.py:540} INFO - Filling up the DagBag from /home/airflow/.local/lib/python3.8/site-packages/airflow/example_dags/example_branch_python_dop_operator_3.py
[2024-04-20T16:52:47.528+0000] {processor.py:840} INFO - DAG(s) 'example_branch_dop_operator_v3' retrieved from /home/airflow/.local/lib/python3.8/site-packages/airflow/example_dags/example_branch_python_dop_operator_3.py
[2024-04-20T16:52:47.546+0000] {logging_mixin.py:188} INFO - [2024-04-20T16:52:47.546+0000] {dag.py:3047} INFO - Sync 1 DAGs
[2024-04-20T16:52:47.566+0000] {logging_mixin.py:188} INFO - [2024-04-20T16:52:47.566+0000] {dag.py:3834} INFO - Setting next_dagrun for example_branch_dop_operator_v3 to 2024-04-20 16:51:00+00:00, run_after=2024-04-20 16:52:00+00:00
[2024-04-20T16:52:47.822+0000] {processor.py:183} INFO - Processing /home/airflow/.local/lib/python3.8/site-packages/airflow/example_dags/example_branch_python_dop_operator_3.py took 0.305 seconds
[2024-04-20T16:53:18.273+0000] {processor.py:161} INFO - Started process (PID=4346) to work on /home/airflow/.local/lib/python3.8/site-packages/airflow/example_dags/example_branch_python_dop_operator_3.py
[2024-04-20T16:53:18.273+0000] {processor.py:830} INFO - Processing file /home/airflow/.local/lib/python3.8/site-packages/airflow/example_dags/example_branch_python_dop_operator_3.py for tasks to queue
[2024-04-20T16:53:18.274+0000] {logging_mixin.py:188} INFO - [2024-04-20T16:53:18.274+0000] {dagbag.py:540} INFO - Filling up the DagBag from /home/airflow/.local/lib/python3.8/site-packages/airflow/example_dags/example_branch_python_dop_operator_3.py
[2024-04-20T16:53:18.282+0000] {processor.py:840} INFO - DAG(s) 'example_branch_dop_operator_v3' retrieved from /home/airflow/.local/lib/python3.8/site-packages/airflow/example_dags/example_branch_python_dop_operator_3.py
[2024-04-20T16:53:18.299+0000] {logging_mixin.py:188} INFO - [2024-04-20T16:53:18.299+0000] {dag.py:3047} INFO - Sync 1 DAGs
[2024-04-20T16:53:18.320+0000] {logging_mixin.py:188} INFO - [2024-04-20T16:53:18.320+0000] {dag.py:3834} INFO - Setting next_dagrun for example_branch_dop_operator_v3 to 2024-04-20 16:52:00+00:00, run_after=2024-04-20 16:53:00+00:00
[2024-04-20T16:53:18.455+0000] {processor.py:183} INFO - Processing /home/airflow/.local/lib/python3.8/site-packages/airflow/example_dags/example_branch_python_dop_operator_3.py took 0.185 seconds
[2024-04-20T16:53:48.705+0000] {processor.py:161} INFO - Started process (PID=4601) to work on /home/airflow/.local/lib/python3.8/site-packages/airflow/example_dags/example_branch_python_dop_operator_3.py
[2024-04-20T16:53:48.706+0000] {processor.py:830} INFO - Processing file /home/airflow/.local/lib/python3.8/site-packages/airflow/example_dags/example_branch_python_dop_operator_3.py for tasks to queue
[2024-04-20T16:53:48.707+0000] {logging_mixin.py:188} INFO - [2024-04-20T16:53:48.707+0000] {dagbag.py:540} INFO - Filling up the DagBag from /home/airflow/.local/lib/python3.8/site-packages/airflow/example_dags/example_branch_python_dop_operator_3.py
[2024-04-20T16:53:48.714+0000] {processor.py:840} INFO - DAG(s) 'example_branch_dop_operator_v3' retrieved from /home/airflow/.local/lib/python3.8/site-packages/airflow/example_dags/example_branch_python_dop_operator_3.py
[2024-04-20T16:53:48.731+0000] {logging_mixin.py:188} INFO - [2024-04-20T16:53:48.731+0000] {dag.py:3047} INFO - Sync 1 DAGs
[2024-04-20T16:53:48.752+0000] {logging_mixin.py:188} INFO - [2024-04-20T16:53:48.752+0000] {dag.py:3834} INFO - Setting next_dagrun for example_branch_dop_operator_v3 to 2024-04-20 16:52:00+00:00, run_after=2024-04-20 16:53:00+00:00
[2024-04-20T16:53:48.897+0000] {processor.py:183} INFO - Processing /home/airflow/.local/lib/python3.8/site-packages/airflow/example_dags/example_branch_python_dop_operator_3.py took 0.194 seconds
[2024-04-20T16:54:19.111+0000] {processor.py:161} INFO - Started process (PID=4857) to work on /home/airflow/.local/lib/python3.8/site-packages/airflow/example_dags/example_branch_python_dop_operator_3.py
[2024-04-20T16:54:19.112+0000] {processor.py:830} INFO - Processing file /home/airflow/.local/lib/python3.8/site-packages/airflow/example_dags/example_branch_python_dop_operator_3.py for tasks to queue
[2024-04-20T16:54:19.113+0000] {logging_mixin.py:188} INFO - [2024-04-20T16:54:19.112+0000] {dagbag.py:540} INFO - Filling up the DagBag from /home/airflow/.local/lib/python3.8/site-packages/airflow/example_dags/example_branch_python_dop_operator_3.py
[2024-04-20T16:54:19.120+0000] {processor.py:840} INFO - DAG(s) 'example_branch_dop_operator_v3' retrieved from /home/airflow/.local/lib/python3.8/site-packages/airflow/example_dags/example_branch_python_dop_operator_3.py
[2024-04-20T16:54:19.136+0000] {logging_mixin.py:188} INFO - [2024-04-20T16:54:19.136+0000] {dag.py:3047} INFO - Sync 1 DAGs
[2024-04-20T16:54:19.157+0000] {logging_mixin.py:188} INFO - [2024-04-20T16:54:19.157+0000] {dag.py:3834} INFO - Setting next_dagrun for example_branch_dop_operator_v3 to 2024-04-20 16:53:00+00:00, run_after=2024-04-20 16:54:00+00:00
[2024-04-20T16:54:19.300+0000] {processor.py:183} INFO - Processing /home/airflow/.local/lib/python3.8/site-packages/airflow/example_dags/example_branch_python_dop_operator_3.py took 0.192 seconds
[2024-04-20T16:54:49.610+0000] {processor.py:161} INFO - Started process (PID=5110) to work on /home/airflow/.local/lib/python3.8/site-packages/airflow/example_dags/example_branch_python_dop_operator_3.py
[2024-04-20T16:54:49.612+0000] {processor.py:830} INFO - Processing file /home/airflow/.local/lib/python3.8/site-packages/airflow/example_dags/example_branch_python_dop_operator_3.py for tasks to queue
[2024-04-20T16:54:49.612+0000] {logging_mixin.py:188} INFO - [2024-04-20T16:54:49.612+0000] {dagbag.py:540} INFO - Filling up the DagBag from /home/airflow/.local/lib/python3.8/site-packages/airflow/example_dags/example_branch_python_dop_operator_3.py
[2024-04-20T16:54:49.620+0000] {processor.py:840} INFO - DAG(s) 'example_branch_dop_operator_v3' retrieved from /home/airflow/.local/lib/python3.8/site-packages/airflow/example_dags/example_branch_python_dop_operator_3.py
[2024-04-20T16:54:49.637+0000] {logging_mixin.py:188} INFO - [2024-04-20T16:54:49.637+0000] {dag.py:3047} INFO - Sync 1 DAGs
[2024-04-20T16:54:49.660+0000] {logging_mixin.py:188} INFO - [2024-04-20T16:54:49.660+0000] {dag.py:3834} INFO - Setting next_dagrun for example_branch_dop_operator_v3 to 2024-04-20 16:53:00+00:00, run_after=2024-04-20 16:54:00+00:00
[2024-04-20T16:54:49.801+0000] {processor.py:183} INFO - Processing /home/airflow/.local/lib/python3.8/site-packages/airflow/example_dags/example_branch_python_dop_operator_3.py took 0.195 seconds
[2024-04-20T16:55:20.243+0000] {processor.py:161} INFO - Started process (PID=5367) to work on /home/airflow/.local/lib/python3.8/site-packages/airflow/example_dags/example_branch_python_dop_operator_3.py
[2024-04-20T16:55:20.244+0000] {processor.py:830} INFO - Processing file /home/airflow/.local/lib/python3.8/site-packages/airflow/example_dags/example_branch_python_dop_operator_3.py for tasks to queue
[2024-04-20T16:55:20.245+0000] {logging_mixin.py:188} INFO - [2024-04-20T16:55:20.244+0000] {dagbag.py:540} INFO - Filling up the DagBag from /home/airflow/.local/lib/python3.8/site-packages/airflow/example_dags/example_branch_python_dop_operator_3.py
[2024-04-20T16:55:20.252+0000] {processor.py:840} INFO - DAG(s) 'example_branch_dop_operator_v3' retrieved from /home/airflow/.local/lib/python3.8/site-packages/airflow/example_dags/example_branch_python_dop_operator_3.py
[2024-04-20T16:55:20.268+0000] {logging_mixin.py:188} INFO - [2024-04-20T16:55:20.268+0000] {dag.py:3047} INFO - Sync 1 DAGs
[2024-04-20T16:55:20.288+0000] {logging_mixin.py:188} INFO - [2024-04-20T16:55:20.288+0000] {dag.py:3834} INFO - Setting next_dagrun for example_branch_dop_operator_v3 to 2024-04-20 16:54:00+00:00, run_after=2024-04-20 16:55:00+00:00
[2024-04-20T16:55:20.433+0000] {processor.py:183} INFO - Processing /home/airflow/.local/lib/python3.8/site-packages/airflow/example_dags/example_branch_python_dop_operator_3.py took 0.192 seconds
[2024-04-20T16:55:50.678+0000] {processor.py:161} INFO - Started process (PID=5627) to work on /home/airflow/.local/lib/python3.8/site-packages/airflow/example_dags/example_branch_python_dop_operator_3.py
[2024-04-20T16:55:50.679+0000] {processor.py:830} INFO - Processing file /home/airflow/.local/lib/python3.8/site-packages/airflow/example_dags/example_branch_python_dop_operator_3.py for tasks to queue
[2024-04-20T16:55:50.680+0000] {logging_mixin.py:188} INFO - [2024-04-20T16:55:50.680+0000] {dagbag.py:540} INFO - Filling up the DagBag from /home/airflow/.local/lib/python3.8/site-packages/airflow/example_dags/example_branch_python_dop_operator_3.py
[2024-04-20T16:55:50.687+0000] {processor.py:840} INFO - DAG(s) 'example_branch_dop_operator_v3' retrieved from /home/airflow/.local/lib/python3.8/site-packages/airflow/example_dags/example_branch_python_dop_operator_3.py
[2024-04-20T16:55:50.703+0000] {logging_mixin.py:188} INFO - [2024-04-20T16:55:50.703+0000] {dag.py:3047} INFO - Sync 1 DAGs
[2024-04-20T16:55:50.726+0000] {logging_mixin.py:188} INFO - [2024-04-20T16:55:50.726+0000] {dag.py:3834} INFO - Setting next_dagrun for example_branch_dop_operator_v3 to 2024-04-20 16:54:00+00:00, run_after=2024-04-20 16:55:00+00:00
[2024-04-20T16:55:50.886+0000] {processor.py:183} INFO - Processing /home/airflow/.local/lib/python3.8/site-packages/airflow/example_dags/example_branch_python_dop_operator_3.py took 0.211 seconds
[2024-04-20T16:56:21.134+0000] {processor.py:161} INFO - Started process (PID=5884) to work on /home/airflow/.local/lib/python3.8/site-packages/airflow/example_dags/example_branch_python_dop_operator_3.py
[2024-04-20T16:56:21.135+0000] {processor.py:830} INFO - Processing file /home/airflow/.local/lib/python3.8/site-packages/airflow/example_dags/example_branch_python_dop_operator_3.py for tasks to queue
[2024-04-20T16:56:21.136+0000] {logging_mixin.py:188} INFO - [2024-04-20T16:56:21.136+0000] {dagbag.py:540} INFO - Filling up the DagBag from /home/airflow/.local/lib/python3.8/site-packages/airflow/example_dags/example_branch_python_dop_operator_3.py
[2024-04-20T16:56:21.143+0000] {processor.py:840} INFO - DAG(s) 'example_branch_dop_operator_v3' retrieved from /home/airflow/.local/lib/python3.8/site-packages/airflow/example_dags/example_branch_python_dop_operator_3.py
[2024-04-20T16:56:21.161+0000] {logging_mixin.py:188} INFO - [2024-04-20T16:56:21.161+0000] {dag.py:3047} INFO - Sync 1 DAGs
[2024-04-20T16:56:21.187+0000] {logging_mixin.py:188} INFO - [2024-04-20T16:56:21.187+0000] {dag.py:3834} INFO - Setting next_dagrun for example_branch_dop_operator_v3 to 2024-04-20 16:55:00+00:00, run_after=2024-04-20 16:56:00+00:00
[2024-04-20T16:56:21.482+0000] {processor.py:183} INFO - Processing /home/airflow/.local/lib/python3.8/site-packages/airflow/example_dags/example_branch_python_dop_operator_3.py took 0.350 seconds
[2024-04-20T16:56:51.511+0000] {processor.py:161} INFO - Started process (PID=6141) to work on /home/airflow/.local/lib/python3.8/site-packages/airflow/example_dags/example_branch_python_dop_operator_3.py
[2024-04-20T16:56:51.512+0000] {processor.py:830} INFO - Processing file /home/airflow/.local/lib/python3.8/site-packages/airflow/example_dags/example_branch_python_dop_operator_3.py for tasks to queue
[2024-04-20T16:56:51.513+0000] {logging_mixin.py:188} INFO - [2024-04-20T16:56:51.512+0000] {dagbag.py:540} INFO - Filling up the DagBag from /home/airflow/.local/lib/python3.8/site-packages/airflow/example_dags/example_branch_python_dop_operator_3.py
[2024-04-20T16:56:51.520+0000] {processor.py:840} INFO - DAG(s) 'example_branch_dop_operator_v3' retrieved from /home/airflow/.local/lib/python3.8/site-packages/airflow/example_dags/example_branch_python_dop_operator_3.py
[2024-04-20T16:56:51.537+0000] {logging_mixin.py:188} INFO - [2024-04-20T16:56:51.537+0000] {dag.py:3047} INFO - Sync 1 DAGs
[2024-04-20T16:56:51.558+0000] {logging_mixin.py:188} INFO - [2024-04-20T16:56:51.558+0000] {dag.py:3834} INFO - Setting next_dagrun for example_branch_dop_operator_v3 to 2024-04-20 16:55:00+00:00, run_after=2024-04-20 16:56:00+00:00
[2024-04-20T16:56:51.909+0000] {processor.py:183} INFO - Processing /home/airflow/.local/lib/python3.8/site-packages/airflow/example_dags/example_branch_python_dop_operator_3.py took 0.401 seconds
[2024-04-20T16:57:22.660+0000] {processor.py:161} INFO - Started process (PID=6399) to work on /home/airflow/.local/lib/python3.8/site-packages/airflow/example_dags/example_branch_python_dop_operator_3.py
[2024-04-20T16:57:22.661+0000] {processor.py:830} INFO - Processing file /home/airflow/.local/lib/python3.8/site-packages/airflow/example_dags/example_branch_python_dop_operator_3.py for tasks to queue
[2024-04-20T16:57:22.662+0000] {logging_mixin.py:188} INFO - [2024-04-20T16:57:22.662+0000] {dagbag.py:540} INFO - Filling up the DagBag from /home/airflow/.local/lib/python3.8/site-packages/airflow/example_dags/example_branch_python_dop_operator_3.py
[2024-04-20T16:57:22.672+0000] {processor.py:840} INFO - DAG(s) 'example_branch_dop_operator_v3' retrieved from /home/airflow/.local/lib/python3.8/site-packages/airflow/example_dags/example_branch_python_dop_operator_3.py
[2024-04-20T16:57:22.696+0000] {logging_mixin.py:188} INFO - [2024-04-20T16:57:22.696+0000] {dag.py:3047} INFO - Sync 1 DAGs
[2024-04-20T16:57:22.728+0000] {logging_mixin.py:188} INFO - [2024-04-20T16:57:22.728+0000] {dag.py:3834} INFO - Setting next_dagrun for example_branch_dop_operator_v3 to 2024-04-20 16:56:00+00:00, run_after=2024-04-20 16:57:00+00:00
[2024-04-20T16:57:23.175+0000] {processor.py:183} INFO - Processing /home/airflow/.local/lib/python3.8/site-packages/airflow/example_dags/example_branch_python_dop_operator_3.py took 0.518 seconds
[2024-04-20T16:57:53.311+0000] {processor.py:161} INFO - Started process (PID=6655) to work on /home/airflow/.local/lib/python3.8/site-packages/airflow/example_dags/example_branch_python_dop_operator_3.py
[2024-04-20T16:57:53.312+0000] {processor.py:830} INFO - Processing file /home/airflow/.local/lib/python3.8/site-packages/airflow/example_dags/example_branch_python_dop_operator_3.py for tasks to queue
[2024-04-20T16:57:53.313+0000] {logging_mixin.py:188} INFO - [2024-04-20T16:57:53.313+0000] {dagbag.py:540} INFO - Filling up the DagBag from /home/airflow/.local/lib/python3.8/site-packages/airflow/example_dags/example_branch_python_dop_operator_3.py
[2024-04-20T16:57:53.324+0000] {processor.py:840} INFO - DAG(s) 'example_branch_dop_operator_v3' retrieved from /home/airflow/.local/lib/python3.8/site-packages/airflow/example_dags/example_branch_python_dop_operator_3.py
[2024-04-20T16:57:53.386+0000] {logging_mixin.py:188} INFO - [2024-04-20T16:57:53.386+0000] {dag.py:3047} INFO - Sync 1 DAGs
[2024-04-20T16:57:53.446+0000] {logging_mixin.py:188} INFO - [2024-04-20T16:57:53.446+0000] {dag.py:3834} INFO - Setting next_dagrun for example_branch_dop_operator_v3 to 2024-04-20 16:56:00+00:00, run_after=2024-04-20 16:57:00+00:00
[2024-04-20T16:57:53.622+0000] {processor.py:183} INFO - Processing /home/airflow/.local/lib/python3.8/site-packages/airflow/example_dags/example_branch_python_dop_operator_3.py took 0.314 seconds
[2024-04-20T16:58:23.661+0000] {processor.py:161} INFO - Started process (PID=6907) to work on /home/airflow/.local/lib/python3.8/site-packages/airflow/example_dags/example_branch_python_dop_operator_3.py
[2024-04-20T16:58:23.663+0000] {processor.py:830} INFO - Processing file /home/airflow/.local/lib/python3.8/site-packages/airflow/example_dags/example_branch_python_dop_operator_3.py for tasks to queue
[2024-04-20T16:58:23.664+0000] {logging_mixin.py:188} INFO - [2024-04-20T16:58:23.663+0000] {dagbag.py:540} INFO - Filling up the DagBag from /home/airflow/.local/lib/python3.8/site-packages/airflow/example_dags/example_branch_python_dop_operator_3.py
[2024-04-20T16:58:23.674+0000] {processor.py:840} INFO - DAG(s) 'example_branch_dop_operator_v3' retrieved from /home/airflow/.local/lib/python3.8/site-packages/airflow/example_dags/example_branch_python_dop_operator_3.py
[2024-04-20T16:58:23.698+0000] {logging_mixin.py:188} INFO - [2024-04-20T16:58:23.698+0000] {dag.py:3047} INFO - Sync 1 DAGs
[2024-04-20T16:58:23.728+0000] {logging_mixin.py:188} INFO - [2024-04-20T16:58:23.727+0000] {dag.py:3834} INFO - Setting next_dagrun for example_branch_dop_operator_v3 to 2024-04-20 16:57:00+00:00, run_after=2024-04-20 16:58:00+00:00
[2024-04-20T16:58:23.952+0000] {processor.py:183} INFO - Processing /home/airflow/.local/lib/python3.8/site-packages/airflow/example_dags/example_branch_python_dop_operator_3.py took 0.294 seconds
[2024-04-20T16:58:54.151+0000] {processor.py:161} INFO - Started process (PID=7166) to work on /home/airflow/.local/lib/python3.8/site-packages/airflow/example_dags/example_branch_python_dop_operator_3.py
[2024-04-20T16:58:54.153+0000] {processor.py:830} INFO - Processing file /home/airflow/.local/lib/python3.8/site-packages/airflow/example_dags/example_branch_python_dop_operator_3.py for tasks to queue
[2024-04-20T16:58:54.154+0000] {logging_mixin.py:188} INFO - [2024-04-20T16:58:54.153+0000] {dagbag.py:540} INFO - Filling up the DagBag from /home/airflow/.local/lib/python3.8/site-packages/airflow/example_dags/example_branch_python_dop_operator_3.py
[2024-04-20T16:58:54.165+0000] {processor.py:840} INFO - DAG(s) 'example_branch_dop_operator_v3' retrieved from /home/airflow/.local/lib/python3.8/site-packages/airflow/example_dags/example_branch_python_dop_operator_3.py
[2024-04-20T16:58:54.188+0000] {logging_mixin.py:188} INFO - [2024-04-20T16:58:54.188+0000] {dag.py:3047} INFO - Sync 1 DAGs
[2024-04-20T16:58:54.218+0000] {logging_mixin.py:188} INFO - [2024-04-20T16:58:54.218+0000] {dag.py:3834} INFO - Setting next_dagrun for example_branch_dop_operator_v3 to 2024-04-20 16:57:00+00:00, run_after=2024-04-20 16:58:00+00:00
[2024-04-20T16:58:54.468+0000] {processor.py:183} INFO - Processing /home/airflow/.local/lib/python3.8/site-packages/airflow/example_dags/example_branch_python_dop_operator_3.py took 0.320 seconds
[2024-04-20T16:59:24.555+0000] {processor.py:161} INFO - Started process (PID=7423) to work on /home/airflow/.local/lib/python3.8/site-packages/airflow/example_dags/example_branch_python_dop_operator_3.py
[2024-04-20T16:59:24.556+0000] {processor.py:830} INFO - Processing file /home/airflow/.local/lib/python3.8/site-packages/airflow/example_dags/example_branch_python_dop_operator_3.py for tasks to queue
[2024-04-20T16:59:24.557+0000] {logging_mixin.py:188} INFO - [2024-04-20T16:59:24.557+0000] {dagbag.py:540} INFO - Filling up the DagBag from /home/airflow/.local/lib/python3.8/site-packages/airflow/example_dags/example_branch_python_dop_operator_3.py
[2024-04-20T16:59:24.567+0000] {processor.py:840} INFO - DAG(s) 'example_branch_dop_operator_v3' retrieved from /home/airflow/.local/lib/python3.8/site-packages/airflow/example_dags/example_branch_python_dop_operator_3.py
[2024-04-20T16:59:24.591+0000] {logging_mixin.py:188} INFO - [2024-04-20T16:59:24.591+0000] {dag.py:3047} INFO - Sync 1 DAGs
[2024-04-20T16:59:24.621+0000] {logging_mixin.py:188} INFO - [2024-04-20T16:59:24.621+0000] {dag.py:3834} INFO - Setting next_dagrun for example_branch_dop_operator_v3 to 2024-04-20 16:58:00+00:00, run_after=2024-04-20 16:59:00+00:00
[2024-04-20T16:59:25.329+0000] {processor.py:183} INFO - Processing /home/airflow/.local/lib/python3.8/site-packages/airflow/example_dags/example_branch_python_dop_operator_3.py took 0.777 seconds
[2024-04-20T16:59:56.055+0000] {processor.py:161} INFO - Started process (PID=7685) to work on /home/airflow/.local/lib/python3.8/site-packages/airflow/example_dags/example_branch_python_dop_operator_3.py
[2024-04-20T16:59:56.057+0000] {processor.py:830} INFO - Processing file /home/airflow/.local/lib/python3.8/site-packages/airflow/example_dags/example_branch_python_dop_operator_3.py for tasks to queue
[2024-04-20T16:59:56.058+0000] {logging_mixin.py:188} INFO - [2024-04-20T16:59:56.057+0000] {dagbag.py:540} INFO - Filling up the DagBag from /home/airflow/.local/lib/python3.8/site-packages/airflow/example_dags/example_branch_python_dop_operator_3.py
[2024-04-20T16:59:56.068+0000] {processor.py:840} INFO - DAG(s) 'example_branch_dop_operator_v3' retrieved from /home/airflow/.local/lib/python3.8/site-packages/airflow/example_dags/example_branch_python_dop_operator_3.py
[2024-04-20T16:59:56.092+0000] {logging_mixin.py:188} INFO - [2024-04-20T16:59:56.092+0000] {dag.py:3047} INFO - Sync 1 DAGs
[2024-04-20T16:59:56.124+0000] {logging_mixin.py:188} INFO - [2024-04-20T16:59:56.124+0000] {dag.py:3834} INFO - Setting next_dagrun for example_branch_dop_operator_v3 to 2024-04-20 16:58:00+00:00, run_after=2024-04-20 16:59:00+00:00
[2024-04-20T16:59:56.249+0000] {processor.py:183} INFO - Processing /home/airflow/.local/lib/python3.8/site-packages/airflow/example_dags/example_branch_python_dop_operator_3.py took 0.197 seconds
[2024-04-20T17:00:26.344+0000] {processor.py:161} INFO - Started process (PID=7940) to work on /home/airflow/.local/lib/python3.8/site-packages/airflow/example_dags/example_branch_python_dop_operator_3.py
[2024-04-20T17:00:26.345+0000] {processor.py:830} INFO - Processing file /home/airflow/.local/lib/python3.8/site-packages/airflow/example_dags/example_branch_python_dop_operator_3.py for tasks to queue
[2024-04-20T17:00:26.346+0000] {logging_mixin.py:188} INFO - [2024-04-20T17:00:26.346+0000] {dagbag.py:540} INFO - Filling up the DagBag from /home/airflow/.local/lib/python3.8/site-packages/airflow/example_dags/example_branch_python_dop_operator_3.py
[2024-04-20T17:00:26.356+0000] {processor.py:840} INFO - DAG(s) 'example_branch_dop_operator_v3' retrieved from /home/airflow/.local/lib/python3.8/site-packages/airflow/example_dags/example_branch_python_dop_operator_3.py
[2024-04-20T17:00:26.386+0000] {logging_mixin.py:188} INFO - [2024-04-20T17:00:26.385+0000] {dag.py:3047} INFO - Sync 1 DAGs
[2024-04-20T17:00:26.417+0000] {logging_mixin.py:188} INFO - [2024-04-20T17:00:26.417+0000] {dag.py:3834} INFO - Setting next_dagrun for example_branch_dop_operator_v3 to 2024-04-20 16:59:00+00:00, run_after=2024-04-20 17:00:00+00:00
[2024-04-20T17:00:26.592+0000] {processor.py:183} INFO - Processing /home/airflow/.local/lib/python3.8/site-packages/airflow/example_dags/example_branch_python_dop_operator_3.py took 0.251 seconds
[2024-04-20T17:00:56.669+0000] {processor.py:161} INFO - Started process (PID=8194) to work on /home/airflow/.local/lib/python3.8/site-packages/airflow/example_dags/example_branch_python_dop_operator_3.py
[2024-04-20T17:00:56.670+0000] {processor.py:830} INFO - Processing file /home/airflow/.local/lib/python3.8/site-packages/airflow/example_dags/example_branch_python_dop_operator_3.py for tasks to queue
[2024-04-20T17:00:56.672+0000] {logging_mixin.py:188} INFO - [2024-04-20T17:00:56.671+0000] {dagbag.py:540} INFO - Filling up the DagBag from /home/airflow/.local/lib/python3.8/site-packages/airflow/example_dags/example_branch_python_dop_operator_3.py
[2024-04-20T17:00:56.682+0000] {processor.py:840} INFO - DAG(s) 'example_branch_dop_operator_v3' retrieved from /home/airflow/.local/lib/python3.8/site-packages/airflow/example_dags/example_branch_python_dop_operator_3.py
[2024-04-20T17:00:56.707+0000] {logging_mixin.py:188} INFO - [2024-04-20T17:00:56.706+0000] {dag.py:3047} INFO - Sync 1 DAGs
[2024-04-20T17:00:56.739+0000] {logging_mixin.py:188} INFO - [2024-04-20T17:00:56.739+0000] {dag.py:3834} INFO - Setting next_dagrun for example_branch_dop_operator_v3 to 2024-04-20 16:59:00+00:00, run_after=2024-04-20 17:00:00+00:00
[2024-04-20T17:00:57.061+0000] {processor.py:183} INFO - Processing /home/airflow/.local/lib/python3.8/site-packages/airflow/example_dags/example_branch_python_dop_operator_3.py took 0.394 seconds
[2024-04-20T17:01:27.160+0000] {processor.py:161} INFO - Started process (PID=8455) to work on /home/airflow/.local/lib/python3.8/site-packages/airflow/example_dags/example_branch_python_dop_operator_3.py
[2024-04-20T17:01:27.161+0000] {processor.py:830} INFO - Processing file /home/airflow/.local/lib/python3.8/site-packages/airflow/example_dags/example_branch_python_dop_operator_3.py for tasks to queue
[2024-04-20T17:01:27.162+0000] {logging_mixin.py:188} INFO - [2024-04-20T17:01:27.162+0000] {dagbag.py:540} INFO - Filling up the DagBag from /home/airflow/.local/lib/python3.8/site-packages/airflow/example_dags/example_branch_python_dop_operator_3.py
[2024-04-20T17:01:27.172+0000] {processor.py:840} INFO - DAG(s) 'example_branch_dop_operator_v3' retrieved from /home/airflow/.local/lib/python3.8/site-packages/airflow/example_dags/example_branch_python_dop_operator_3.py
[2024-04-20T17:01:27.194+0000] {logging_mixin.py:188} INFO - [2024-04-20T17:01:27.193+0000] {dag.py:3047} INFO - Sync 1 DAGs
[2024-04-20T17:01:27.225+0000] {logging_mixin.py:188} INFO - [2024-04-20T17:01:27.224+0000] {dag.py:3834} INFO - Setting next_dagrun for example_branch_dop_operator_v3 to 2024-04-20 17:00:00+00:00, run_after=2024-04-20 17:01:00+00:00
[2024-04-20T17:01:27.349+0000] {processor.py:183} INFO - Processing /home/airflow/.local/lib/python3.8/site-packages/airflow/example_dags/example_branch_python_dop_operator_3.py took 0.192 seconds
[2024-04-20T17:01:57.471+0000] {processor.py:161} INFO - Started process (PID=8710) to work on /home/airflow/.local/lib/python3.8/site-packages/airflow/example_dags/example_branch_python_dop_operator_3.py
[2024-04-20T17:01:57.472+0000] {processor.py:830} INFO - Processing file /home/airflow/.local/lib/python3.8/site-packages/airflow/example_dags/example_branch_python_dop_operator_3.py for tasks to queue
[2024-04-20T17:01:57.473+0000] {logging_mixin.py:188} INFO - [2024-04-20T17:01:57.472+0000] {dagbag.py:540} INFO - Filling up the DagBag from /home/airflow/.local/lib/python3.8/site-packages/airflow/example_dags/example_branch_python_dop_operator_3.py
[2024-04-20T17:01:57.483+0000] {processor.py:840} INFO - DAG(s) 'example_branch_dop_operator_v3' retrieved from /home/airflow/.local/lib/python3.8/site-packages/airflow/example_dags/example_branch_python_dop_operator_3.py
[2024-04-20T17:01:57.506+0000] {logging_mixin.py:188} INFO - [2024-04-20T17:01:57.506+0000] {dag.py:3047} INFO - Sync 1 DAGs
[2024-04-20T17:01:57.575+0000] {logging_mixin.py:188} INFO - [2024-04-20T17:01:57.575+0000] {dag.py:3834} INFO - Setting next_dagrun for example_branch_dop_operator_v3 to 2024-04-20 17:00:00+00:00, run_after=2024-04-20 17:01:00+00:00
[2024-04-20T17:01:57.784+0000] {processor.py:183} INFO - Processing /home/airflow/.local/lib/python3.8/site-packages/airflow/example_dags/example_branch_python_dop_operator_3.py took 0.316 seconds
[2024-04-20T17:02:27.844+0000] {processor.py:161} INFO - Started process (PID=8970) to work on /home/airflow/.local/lib/python3.8/site-packages/airflow/example_dags/example_branch_python_dop_operator_3.py
[2024-04-20T17:02:27.845+0000] {processor.py:830} INFO - Processing file /home/airflow/.local/lib/python3.8/site-packages/airflow/example_dags/example_branch_python_dop_operator_3.py for tasks to queue
[2024-04-20T17:02:27.846+0000] {logging_mixin.py:188} INFO - [2024-04-20T17:02:27.845+0000] {dagbag.py:540} INFO - Filling up the DagBag from /home/airflow/.local/lib/python3.8/site-packages/airflow/example_dags/example_branch_python_dop_operator_3.py
[2024-04-20T17:02:27.853+0000] {processor.py:840} INFO - DAG(s) 'example_branch_dop_operator_v3' retrieved from /home/airflow/.local/lib/python3.8/site-packages/airflow/example_dags/example_branch_python_dop_operator_3.py
[2024-04-20T17:02:27.869+0000] {logging_mixin.py:188} INFO - [2024-04-20T17:02:27.869+0000] {dag.py:3047} INFO - Sync 1 DAGs
[2024-04-20T17:02:27.890+0000] {logging_mixin.py:188} INFO - [2024-04-20T17:02:27.890+0000] {dag.py:3834} INFO - Setting next_dagrun for example_branch_dop_operator_v3 to 2024-04-20 17:01:00+00:00, run_after=2024-04-20 17:02:00+00:00
[2024-04-20T17:02:28.028+0000] {processor.py:183} INFO - Processing /home/airflow/.local/lib/python3.8/site-packages/airflow/example_dags/example_branch_python_dop_operator_3.py took 0.186 seconds
[2024-04-20T17:02:58.085+0000] {processor.py:161} INFO - Started process (PID=9225) to work on /home/airflow/.local/lib/python3.8/site-packages/airflow/example_dags/example_branch_python_dop_operator_3.py
[2024-04-20T17:02:58.086+0000] {processor.py:830} INFO - Processing file /home/airflow/.local/lib/python3.8/site-packages/airflow/example_dags/example_branch_python_dop_operator_3.py for tasks to queue
[2024-04-20T17:02:58.088+0000] {logging_mixin.py:188} INFO - [2024-04-20T17:02:58.087+0000] {dagbag.py:540} INFO - Filling up the DagBag from /home/airflow/.local/lib/python3.8/site-packages/airflow/example_dags/example_branch_python_dop_operator_3.py
[2024-04-20T17:02:58.099+0000] {processor.py:840} INFO - DAG(s) 'example_branch_dop_operator_v3' retrieved from /home/airflow/.local/lib/python3.8/site-packages/airflow/example_dags/example_branch_python_dop_operator_3.py
[2024-04-20T17:02:58.122+0000] {logging_mixin.py:188} INFO - [2024-04-20T17:02:58.122+0000] {dag.py:3047} INFO - Sync 1 DAGs
[2024-04-20T17:02:58.155+0000] {logging_mixin.py:188} INFO - [2024-04-20T17:02:58.155+0000] {dag.py:3834} INFO - Setting next_dagrun for example_branch_dop_operator_v3 to 2024-04-20 17:01:00+00:00, run_after=2024-04-20 17:02:00+00:00
[2024-04-20T17:02:58.374+0000] {processor.py:183} INFO - Processing /home/airflow/.local/lib/python3.8/site-packages/airflow/example_dags/example_branch_python_dop_operator_3.py took 0.294 seconds
[2024-04-20T17:03:28.556+0000] {processor.py:161} INFO - Started process (PID=9483) to work on /home/airflow/.local/lib/python3.8/site-packages/airflow/example_dags/example_branch_python_dop_operator_3.py
[2024-04-20T17:03:28.557+0000] {processor.py:830} INFO - Processing file /home/airflow/.local/lib/python3.8/site-packages/airflow/example_dags/example_branch_python_dop_operator_3.py for tasks to queue
[2024-04-20T17:03:28.558+0000] {logging_mixin.py:188} INFO - [2024-04-20T17:03:28.558+0000] {dagbag.py:540} INFO - Filling up the DagBag from /home/airflow/.local/lib/python3.8/site-packages/airflow/example_dags/example_branch_python_dop_operator_3.py
[2024-04-20T17:03:28.570+0000] {processor.py:840} INFO - DAG(s) 'example_branch_dop_operator_v3' retrieved from /home/airflow/.local/lib/python3.8/site-packages/airflow/example_dags/example_branch_python_dop_operator_3.py
[2024-04-20T17:03:28.593+0000] {logging_mixin.py:188} INFO - [2024-04-20T17:03:28.593+0000] {dag.py:3047} INFO - Sync 1 DAGs
[2024-04-20T17:03:28.625+0000] {logging_mixin.py:188} INFO - [2024-04-20T17:03:28.624+0000] {dag.py:3834} INFO - Setting next_dagrun for example_branch_dop_operator_v3 to 2024-04-20 17:02:00+00:00, run_after=2024-04-20 17:03:00+00:00
[2024-04-20T17:03:28.846+0000] {processor.py:183} INFO - Processing /home/airflow/.local/lib/python3.8/site-packages/airflow/example_dags/example_branch_python_dop_operator_3.py took 0.293 seconds
[2024-04-20T17:03:59.513+0000] {processor.py:161} INFO - Started process (PID=9740) to work on /home/airflow/.local/lib/python3.8/site-packages/airflow/example_dags/example_branch_python_dop_operator_3.py
[2024-04-20T17:03:59.514+0000] {processor.py:830} INFO - Processing file /home/airflow/.local/lib/python3.8/site-packages/airflow/example_dags/example_branch_python_dop_operator_3.py for tasks to queue
[2024-04-20T17:03:59.515+0000] {logging_mixin.py:188} INFO - [2024-04-20T17:03:59.514+0000] {dagbag.py:540} INFO - Filling up the DagBag from /home/airflow/.local/lib/python3.8/site-packages/airflow/example_dags/example_branch_python_dop_operator_3.py
[2024-04-20T17:03:59.525+0000] {processor.py:840} INFO - DAG(s) 'example_branch_dop_operator_v3' retrieved from /home/airflow/.local/lib/python3.8/site-packages/airflow/example_dags/example_branch_python_dop_operator_3.py
[2024-04-20T17:03:59.551+0000] {logging_mixin.py:188} INFO - [2024-04-20T17:03:59.551+0000] {dag.py:3047} INFO - Sync 1 DAGs
[2024-04-20T17:03:59.584+0000] {logging_mixin.py:188} INFO - [2024-04-20T17:03:59.584+0000] {dag.py:3834} INFO - Setting next_dagrun for example_branch_dop_operator_v3 to 2024-04-20 17:02:00+00:00, run_after=2024-04-20 17:03:00+00:00
[2024-04-20T17:03:59.848+0000] {processor.py:183} INFO - Processing /home/airflow/.local/lib/python3.8/site-packages/airflow/example_dags/example_branch_python_dop_operator_3.py took 0.338 seconds
[2024-04-20T17:04:29.976+0000] {processor.py:161} INFO - Started process (PID=9997) to work on /home/airflow/.local/lib/python3.8/site-packages/airflow/example_dags/example_branch_python_dop_operator_3.py
[2024-04-20T17:04:29.977+0000] {processor.py:830} INFO - Processing file /home/airflow/.local/lib/python3.8/site-packages/airflow/example_dags/example_branch_python_dop_operator_3.py for tasks to queue
[2024-04-20T17:04:29.978+0000] {logging_mixin.py:188} INFO - [2024-04-20T17:04:29.978+0000] {dagbag.py:540} INFO - Filling up the DagBag from /home/airflow/.local/lib/python3.8/site-packages/airflow/example_dags/example_branch_python_dop_operator_3.py
[2024-04-20T17:04:29.989+0000] {processor.py:840} INFO - DAG(s) 'example_branch_dop_operator_v3' retrieved from /home/airflow/.local/lib/python3.8/site-packages/airflow/example_dags/example_branch_python_dop_operator_3.py
[2024-04-20T17:04:30.014+0000] {logging_mixin.py:188} INFO - [2024-04-20T17:04:30.014+0000] {dag.py:3047} INFO - Sync 1 DAGs
[2024-04-20T17:04:30.046+0000] {logging_mixin.py:188} INFO - [2024-04-20T17:04:30.045+0000] {dag.py:3834} INFO - Setting next_dagrun for example_branch_dop_operator_v3 to 2024-04-20 17:03:00+00:00, run_after=2024-04-20 17:04:00+00:00
[2024-04-20T17:04:30.474+0000] {processor.py:183} INFO - Processing /home/airflow/.local/lib/python3.8/site-packages/airflow/example_dags/example_branch_python_dop_operator_3.py took 0.501 seconds
[2024-04-20T17:05:00.554+0000] {processor.py:161} INFO - Started process (PID=10257) to work on /home/airflow/.local/lib/python3.8/site-packages/airflow/example_dags/example_branch_python_dop_operator_3.py
[2024-04-20T17:05:00.623+0000] {processor.py:830} INFO - Processing file /home/airflow/.local/lib/python3.8/site-packages/airflow/example_dags/example_branch_python_dop_operator_3.py for tasks to queue
[2024-04-20T17:05:00.624+0000] {logging_mixin.py:188} INFO - [2024-04-20T17:05:00.624+0000] {dagbag.py:540} INFO - Filling up the DagBag from /home/airflow/.local/lib/python3.8/site-packages/airflow/example_dags/example_branch_python_dop_operator_3.py
[2024-04-20T17:05:00.636+0000] {processor.py:840} INFO - DAG(s) 'example_branch_dop_operator_v3' retrieved from /home/airflow/.local/lib/python3.8/site-packages/airflow/example_dags/example_branch_python_dop_operator_3.py
[2024-04-20T17:05:00.657+0000] {logging_mixin.py:188} INFO - [2024-04-20T17:05:00.656+0000] {dag.py:3047} INFO - Sync 1 DAGs
[2024-04-20T17:05:00.678+0000] {logging_mixin.py:188} INFO - [2024-04-20T17:05:00.678+0000] {dag.py:3834} INFO - Setting next_dagrun for example_branch_dop_operator_v3 to 2024-04-20 17:04:00+00:00, run_after=2024-04-20 17:05:00+00:00
[2024-04-20T17:05:00.897+0000] {processor.py:183} INFO - Processing /home/airflow/.local/lib/python3.8/site-packages/airflow/example_dags/example_branch_python_dop_operator_3.py took 0.346 seconds
[2024-04-20T17:05:31.004+0000] {processor.py:161} INFO - Started process (PID=10514) to work on /home/airflow/.local/lib/python3.8/site-packages/airflow/example_dags/example_branch_python_dop_operator_3.py
[2024-04-20T17:05:31.005+0000] {processor.py:830} INFO - Processing file /home/airflow/.local/lib/python3.8/site-packages/airflow/example_dags/example_branch_python_dop_operator_3.py for tasks to queue
[2024-04-20T17:05:31.006+0000] {logging_mixin.py:188} INFO - [2024-04-20T17:05:31.006+0000] {dagbag.py:540} INFO - Filling up the DagBag from /home/airflow/.local/lib/python3.8/site-packages/airflow/example_dags/example_branch_python_dop_operator_3.py
[2024-04-20T17:05:31.020+0000] {processor.py:840} INFO - DAG(s) 'example_branch_dop_operator_v3' retrieved from /home/airflow/.local/lib/python3.8/site-packages/airflow/example_dags/example_branch_python_dop_operator_3.py
[2024-04-20T17:05:31.051+0000] {logging_mixin.py:188} INFO - [2024-04-20T17:05:31.051+0000] {dag.py:3047} INFO - Sync 1 DAGs
[2024-04-20T17:05:31.073+0000] {logging_mixin.py:188} INFO - [2024-04-20T17:05:31.073+0000] {dag.py:3834} INFO - Setting next_dagrun for example_branch_dop_operator_v3 to 2024-04-20 17:04:00+00:00, run_after=2024-04-20 17:05:00+00:00
[2024-04-20T17:05:31.549+0000] {processor.py:183} INFO - Processing /home/airflow/.local/lib/python3.8/site-packages/airflow/example_dags/example_branch_python_dop_operator_3.py took 0.549 seconds
[2024-04-20T17:06:02.397+0000] {processor.py:161} INFO - Started process (PID=10773) to work on /home/airflow/.local/lib/python3.8/site-packages/airflow/example_dags/example_branch_python_dop_operator_3.py
[2024-04-20T17:06:02.398+0000] {processor.py:830} INFO - Processing file /home/airflow/.local/lib/python3.8/site-packages/airflow/example_dags/example_branch_python_dop_operator_3.py for tasks to queue
[2024-04-20T17:06:02.399+0000] {logging_mixin.py:188} INFO - [2024-04-20T17:06:02.399+0000] {dagbag.py:540} INFO - Filling up the DagBag from /home/airflow/.local/lib/python3.8/site-packages/airflow/example_dags/example_branch_python_dop_operator_3.py
[2024-04-20T17:06:02.409+0000] {processor.py:840} INFO - DAG(s) 'example_branch_dop_operator_v3' retrieved from /home/airflow/.local/lib/python3.8/site-packages/airflow/example_dags/example_branch_python_dop_operator_3.py
[2024-04-20T17:06:02.434+0000] {logging_mixin.py:188} INFO - [2024-04-20T17:06:02.434+0000] {dag.py:3047} INFO - Sync 1 DAGs
[2024-04-20T17:06:02.470+0000] {logging_mixin.py:188} INFO - [2024-04-20T17:06:02.470+0000] {dag.py:3834} INFO - Setting next_dagrun for example_branch_dop_operator_v3 to 2024-04-20 17:05:00+00:00, run_after=2024-04-20 17:06:00+00:00
[2024-04-20T17:06:02.692+0000] {processor.py:183} INFO - Processing /home/airflow/.local/lib/python3.8/site-packages/airflow/example_dags/example_branch_python_dop_operator_3.py took 0.298 seconds
