[2024-04-20T16:45:19.625+0000] {processor.py:161} INFO - Started process (PID=440) to work on /home/airflow/.local/lib/python3.8/site-packages/airflow/example_dags/example_bash_operator.py
[2024-04-20T16:45:19.626+0000] {processor.py:830} INFO - Processing file /home/airflow/.local/lib/python3.8/site-packages/airflow/example_dags/example_bash_operator.py for tasks to queue
[2024-04-20T16:45:19.627+0000] {logging_mixin.py:188} INFO - [2024-04-20T16:45:19.627+0000] {dagbag.py:540} INFO - Filling up the DagBag from /home/airflow/.local/lib/python3.8/site-packages/airflow/example_dags/example_bash_operator.py
[2024-04-20T16:45:19.638+0000] {processor.py:840} INFO - DAG(s) 'example_bash_operator' retrieved from /home/airflow/.local/lib/python3.8/site-packages/airflow/example_dags/example_bash_operator.py
[2024-04-20T16:45:19.673+0000] {logging_mixin.py:188} INFO - [2024-04-20T16:45:19.672+0000] {dag.py:3047} INFO - Sync 1 DAGs
[2024-04-20T16:45:19.701+0000] {logging_mixin.py:188} INFO - [2024-04-20T16:45:19.700+0000] {dag.py:3834} INFO - Setting next_dagrun for example_bash_operator to 2024-04-19 00:00:00+00:00, run_after=2024-04-20 00:00:00+00:00
[2024-04-20T16:45:19.906+0000] {processor.py:183} INFO - Processing /home/airflow/.local/lib/python3.8/site-packages/airflow/example_dags/example_bash_operator.py took 0.283 seconds
[2024-04-20T16:45:54.178+0000] {processor.py:161} INFO - Started process (PID=699) to work on /home/airflow/.local/lib/python3.8/site-packages/airflow/example_dags/example_bash_operator.py
[2024-04-20T16:45:54.179+0000] {processor.py:830} INFO - Processing file /home/airflow/.local/lib/python3.8/site-packages/airflow/example_dags/example_bash_operator.py for tasks to queue
[2024-04-20T16:45:54.180+0000] {logging_mixin.py:188} INFO - [2024-04-20T16:45:54.180+0000] {dagbag.py:540} INFO - Filling up the DagBag from /home/airflow/.local/lib/python3.8/site-packages/airflow/example_dags/example_bash_operator.py
[2024-04-20T16:45:54.194+0000] {processor.py:840} INFO - DAG(s) 'example_bash_operator' retrieved from /home/airflow/.local/lib/python3.8/site-packages/airflow/example_dags/example_bash_operator.py
[2024-04-20T16:45:54.228+0000] {logging_mixin.py:188} INFO - [2024-04-20T16:45:54.228+0000] {dag.py:3047} INFO - Sync 1 DAGs
[2024-04-20T16:45:54.256+0000] {logging_mixin.py:188} INFO - [2024-04-20T16:45:54.256+0000] {dag.py:3834} INFO - Setting next_dagrun for example_bash_operator to 2024-04-19 00:00:00+00:00, run_after=2024-04-20 00:00:00+00:00
[2024-04-20T16:45:54.562+0000] {processor.py:183} INFO - Processing /home/airflow/.local/lib/python3.8/site-packages/airflow/example_dags/example_bash_operator.py took 0.388 seconds
[2024-04-20T16:46:24.714+0000] {processor.py:161} INFO - Started process (PID=961) to work on /home/airflow/.local/lib/python3.8/site-packages/airflow/example_dags/example_bash_operator.py
[2024-04-20T16:46:24.715+0000] {processor.py:830} INFO - Processing file /home/airflow/.local/lib/python3.8/site-packages/airflow/example_dags/example_bash_operator.py for tasks to queue
[2024-04-20T16:46:24.716+0000] {logging_mixin.py:188} INFO - [2024-04-20T16:46:24.716+0000] {dagbag.py:540} INFO - Filling up the DagBag from /home/airflow/.local/lib/python3.8/site-packages/airflow/example_dags/example_bash_operator.py
[2024-04-20T16:46:24.730+0000] {processor.py:840} INFO - DAG(s) 'example_bash_operator' retrieved from /home/airflow/.local/lib/python3.8/site-packages/airflow/example_dags/example_bash_operator.py
[2024-04-20T16:46:24.767+0000] {logging_mixin.py:188} INFO - [2024-04-20T16:46:24.767+0000] {dag.py:3047} INFO - Sync 1 DAGs
[2024-04-20T16:46:24.806+0000] {logging_mixin.py:188} INFO - [2024-04-20T16:46:24.806+0000] {dag.py:3834} INFO - Setting next_dagrun for example_bash_operator to 2024-04-19 00:00:00+00:00, run_after=2024-04-20 00:00:00+00:00
[2024-04-20T16:46:25.018+0000] {processor.py:183} INFO - Processing /home/airflow/.local/lib/python3.8/site-packages/airflow/example_dags/example_bash_operator.py took 0.307 seconds
[2024-04-20T16:46:55.715+0000] {processor.py:161} INFO - Started process (PID=1213) to work on /home/airflow/.local/lib/python3.8/site-packages/airflow/example_dags/example_bash_operator.py
[2024-04-20T16:46:55.716+0000] {processor.py:830} INFO - Processing file /home/airflow/.local/lib/python3.8/site-packages/airflow/example_dags/example_bash_operator.py for tasks to queue
[2024-04-20T16:46:55.717+0000] {logging_mixin.py:188} INFO - [2024-04-20T16:46:55.717+0000] {dagbag.py:540} INFO - Filling up the DagBag from /home/airflow/.local/lib/python3.8/site-packages/airflow/example_dags/example_bash_operator.py
[2024-04-20T16:46:55.731+0000] {processor.py:840} INFO - DAG(s) 'example_bash_operator' retrieved from /home/airflow/.local/lib/python3.8/site-packages/airflow/example_dags/example_bash_operator.py
[2024-04-20T16:46:55.767+0000] {logging_mixin.py:188} INFO - [2024-04-20T16:46:55.767+0000] {dag.py:3047} INFO - Sync 1 DAGs
[2024-04-20T16:46:55.798+0000] {logging_mixin.py:188} INFO - [2024-04-20T16:46:55.798+0000] {dag.py:3834} INFO - Setting next_dagrun for example_bash_operator to 2024-04-19 00:00:00+00:00, run_after=2024-04-20 00:00:00+00:00
[2024-04-20T16:46:56.002+0000] {processor.py:183} INFO - Processing /home/airflow/.local/lib/python3.8/site-packages/airflow/example_dags/example_bash_operator.py took 0.290 seconds
[2024-04-20T16:47:27.405+0000] {processor.py:161} INFO - Started process (PID=1468) to work on /home/airflow/.local/lib/python3.8/site-packages/airflow/example_dags/example_bash_operator.py
[2024-04-20T16:47:27.405+0000] {processor.py:830} INFO - Processing file /home/airflow/.local/lib/python3.8/site-packages/airflow/example_dags/example_bash_operator.py for tasks to queue
[2024-04-20T16:47:27.406+0000] {logging_mixin.py:188} INFO - [2024-04-20T16:47:27.406+0000] {dagbag.py:540} INFO - Filling up the DagBag from /home/airflow/.local/lib/python3.8/site-packages/airflow/example_dags/example_bash_operator.py
[2024-04-20T16:47:27.415+0000] {processor.py:840} INFO - DAG(s) 'example_bash_operator' retrieved from /home/airflow/.local/lib/python3.8/site-packages/airflow/example_dags/example_bash_operator.py
[2024-04-20T16:47:27.439+0000] {logging_mixin.py:188} INFO - [2024-04-20T16:47:27.439+0000] {dag.py:3047} INFO - Sync 1 DAGs
[2024-04-20T16:47:27.457+0000] {logging_mixin.py:188} INFO - [2024-04-20T16:47:27.457+0000] {dag.py:3834} INFO - Setting next_dagrun for example_bash_operator to 2024-04-19 00:00:00+00:00, run_after=2024-04-20 00:00:00+00:00
[2024-04-20T16:47:28.000+0000] {processor.py:183} INFO - Processing /home/airflow/.local/lib/python3.8/site-packages/airflow/example_dags/example_bash_operator.py took 0.598 seconds
[2024-04-20T16:47:58.907+0000] {processor.py:161} INFO - Started process (PID=1742) to work on /home/airflow/.local/lib/python3.8/site-packages/airflow/example_dags/example_bash_operator.py
[2024-04-20T16:47:58.908+0000] {processor.py:830} INFO - Processing file /home/airflow/.local/lib/python3.8/site-packages/airflow/example_dags/example_bash_operator.py for tasks to queue
[2024-04-20T16:47:58.909+0000] {logging_mixin.py:188} INFO - [2024-04-20T16:47:58.908+0000] {dagbag.py:540} INFO - Filling up the DagBag from /home/airflow/.local/lib/python3.8/site-packages/airflow/example_dags/example_bash_operator.py
[2024-04-20T16:47:58.918+0000] {processor.py:840} INFO - DAG(s) 'example_bash_operator' retrieved from /home/airflow/.local/lib/python3.8/site-packages/airflow/example_dags/example_bash_operator.py
[2024-04-20T16:47:58.941+0000] {logging_mixin.py:188} INFO - [2024-04-20T16:47:58.941+0000] {dag.py:3047} INFO - Sync 1 DAGs
[2024-04-20T16:47:58.959+0000] {logging_mixin.py:188} INFO - [2024-04-20T16:47:58.959+0000] {dag.py:3834} INFO - Setting next_dagrun for example_bash_operator to 2024-04-19 00:00:00+00:00, run_after=2024-04-20 00:00:00+00:00
[2024-04-20T16:47:59.078+0000] {processor.py:183} INFO - Processing /home/airflow/.local/lib/python3.8/site-packages/airflow/example_dags/example_bash_operator.py took 0.174 seconds
[2024-04-20T16:48:29.690+0000] {processor.py:161} INFO - Started process (PID=1999) to work on /home/airflow/.local/lib/python3.8/site-packages/airflow/example_dags/example_bash_operator.py
[2024-04-20T16:48:29.691+0000] {processor.py:830} INFO - Processing file /home/airflow/.local/lib/python3.8/site-packages/airflow/example_dags/example_bash_operator.py for tasks to queue
[2024-04-20T16:48:29.692+0000] {logging_mixin.py:188} INFO - [2024-04-20T16:48:29.692+0000] {dagbag.py:540} INFO - Filling up the DagBag from /home/airflow/.local/lib/python3.8/site-packages/airflow/example_dags/example_bash_operator.py
[2024-04-20T16:48:29.701+0000] {processor.py:840} INFO - DAG(s) 'example_bash_operator' retrieved from /home/airflow/.local/lib/python3.8/site-packages/airflow/example_dags/example_bash_operator.py
[2024-04-20T16:48:29.726+0000] {logging_mixin.py:188} INFO - [2024-04-20T16:48:29.726+0000] {dag.py:3047} INFO - Sync 1 DAGs
[2024-04-20T16:48:29.744+0000] {logging_mixin.py:188} INFO - [2024-04-20T16:48:29.743+0000] {dag.py:3834} INFO - Setting next_dagrun for example_bash_operator to 2024-04-19 00:00:00+00:00, run_after=2024-04-20 00:00:00+00:00
[2024-04-20T16:48:29.866+0000] {processor.py:183} INFO - Processing /home/airflow/.local/lib/python3.8/site-packages/airflow/example_dags/example_bash_operator.py took 0.178 seconds
[2024-04-20T16:49:00.530+0000] {processor.py:161} INFO - Started process (PID=2256) to work on /home/airflow/.local/lib/python3.8/site-packages/airflow/example_dags/example_bash_operator.py
[2024-04-20T16:49:00.531+0000] {processor.py:830} INFO - Processing file /home/airflow/.local/lib/python3.8/site-packages/airflow/example_dags/example_bash_operator.py for tasks to queue
[2024-04-20T16:49:00.532+0000] {logging_mixin.py:188} INFO - [2024-04-20T16:49:00.531+0000] {dagbag.py:540} INFO - Filling up the DagBag from /home/airflow/.local/lib/python3.8/site-packages/airflow/example_dags/example_bash_operator.py
[2024-04-20T16:49:00.541+0000] {processor.py:840} INFO - DAG(s) 'example_bash_operator' retrieved from /home/airflow/.local/lib/python3.8/site-packages/airflow/example_dags/example_bash_operator.py
[2024-04-20T16:49:00.566+0000] {logging_mixin.py:188} INFO - [2024-04-20T16:49:00.566+0000] {dag.py:3047} INFO - Sync 1 DAGs
[2024-04-20T16:49:00.584+0000] {logging_mixin.py:188} INFO - [2024-04-20T16:49:00.584+0000] {dag.py:3834} INFO - Setting next_dagrun for example_bash_operator to 2024-04-19 00:00:00+00:00, run_after=2024-04-20 00:00:00+00:00
[2024-04-20T16:49:00.704+0000] {processor.py:183} INFO - Processing /home/airflow/.local/lib/python3.8/site-packages/airflow/example_dags/example_bash_operator.py took 0.177 seconds
[2024-04-20T16:49:31.210+0000] {processor.py:161} INFO - Started process (PID=2513) to work on /home/airflow/.local/lib/python3.8/site-packages/airflow/example_dags/example_bash_operator.py
[2024-04-20T16:49:31.211+0000] {processor.py:830} INFO - Processing file /home/airflow/.local/lib/python3.8/site-packages/airflow/example_dags/example_bash_operator.py for tasks to queue
[2024-04-20T16:49:31.212+0000] {logging_mixin.py:188} INFO - [2024-04-20T16:49:31.212+0000] {dagbag.py:540} INFO - Filling up the DagBag from /home/airflow/.local/lib/python3.8/site-packages/airflow/example_dags/example_bash_operator.py
[2024-04-20T16:49:31.222+0000] {processor.py:840} INFO - DAG(s) 'example_bash_operator' retrieved from /home/airflow/.local/lib/python3.8/site-packages/airflow/example_dags/example_bash_operator.py
[2024-04-20T16:49:31.246+0000] {logging_mixin.py:188} INFO - [2024-04-20T16:49:31.246+0000] {dag.py:3047} INFO - Sync 1 DAGs
[2024-04-20T16:49:31.264+0000] {logging_mixin.py:188} INFO - [2024-04-20T16:49:31.264+0000] {dag.py:3834} INFO - Setting next_dagrun for example_bash_operator to 2024-04-19 00:00:00+00:00, run_after=2024-04-20 00:00:00+00:00
[2024-04-20T16:49:31.434+0000] {processor.py:183} INFO - Processing /home/airflow/.local/lib/python3.8/site-packages/airflow/example_dags/example_bash_operator.py took 0.226 seconds
[2024-04-20T16:50:01.463+0000] {processor.py:161} INFO - Started process (PID=2769) to work on /home/airflow/.local/lib/python3.8/site-packages/airflow/example_dags/example_bash_operator.py
[2024-04-20T16:50:01.464+0000] {processor.py:830} INFO - Processing file /home/airflow/.local/lib/python3.8/site-packages/airflow/example_dags/example_bash_operator.py for tasks to queue
[2024-04-20T16:50:01.465+0000] {logging_mixin.py:188} INFO - [2024-04-20T16:50:01.464+0000] {dagbag.py:540} INFO - Filling up the DagBag from /home/airflow/.local/lib/python3.8/site-packages/airflow/example_dags/example_bash_operator.py
[2024-04-20T16:50:01.474+0000] {processor.py:840} INFO - DAG(s) 'example_bash_operator' retrieved from /home/airflow/.local/lib/python3.8/site-packages/airflow/example_dags/example_bash_operator.py
[2024-04-20T16:50:01.499+0000] {logging_mixin.py:188} INFO - [2024-04-20T16:50:01.498+0000] {dag.py:3047} INFO - Sync 1 DAGs
[2024-04-20T16:50:01.516+0000] {logging_mixin.py:188} INFO - [2024-04-20T16:50:01.516+0000] {dag.py:3834} INFO - Setting next_dagrun for example_bash_operator to 2024-04-19 00:00:00+00:00, run_after=2024-04-20 00:00:00+00:00
[2024-04-20T16:50:01.759+0000] {processor.py:183} INFO - Processing /home/airflow/.local/lib/python3.8/site-packages/airflow/example_dags/example_bash_operator.py took 0.298 seconds
[2024-04-20T16:50:32.625+0000] {processor.py:161} INFO - Started process (PID=3026) to work on /home/airflow/.local/lib/python3.8/site-packages/airflow/example_dags/example_bash_operator.py
[2024-04-20T16:50:32.626+0000] {processor.py:830} INFO - Processing file /home/airflow/.local/lib/python3.8/site-packages/airflow/example_dags/example_bash_operator.py for tasks to queue
[2024-04-20T16:50:32.626+0000] {logging_mixin.py:188} INFO - [2024-04-20T16:50:32.626+0000] {dagbag.py:540} INFO - Filling up the DagBag from /home/airflow/.local/lib/python3.8/site-packages/airflow/example_dags/example_bash_operator.py
[2024-04-20T16:50:32.636+0000] {processor.py:840} INFO - DAG(s) 'example_bash_operator' retrieved from /home/airflow/.local/lib/python3.8/site-packages/airflow/example_dags/example_bash_operator.py
[2024-04-20T16:50:32.660+0000] {logging_mixin.py:188} INFO - [2024-04-20T16:50:32.660+0000] {dag.py:3047} INFO - Sync 1 DAGs
[2024-04-20T16:50:32.678+0000] {logging_mixin.py:188} INFO - [2024-04-20T16:50:32.677+0000] {dag.py:3834} INFO - Setting next_dagrun for example_bash_operator to 2024-04-19 00:00:00+00:00, run_after=2024-04-20 00:00:00+00:00
[2024-04-20T16:50:33.085+0000] {processor.py:183} INFO - Processing /home/airflow/.local/lib/python3.8/site-packages/airflow/example_dags/example_bash_operator.py took 0.462 seconds
[2024-04-20T16:51:03.675+0000] {processor.py:161} INFO - Started process (PID=3284) to work on /home/airflow/.local/lib/python3.8/site-packages/airflow/example_dags/example_bash_operator.py
[2024-04-20T16:51:03.676+0000] {processor.py:830} INFO - Processing file /home/airflow/.local/lib/python3.8/site-packages/airflow/example_dags/example_bash_operator.py for tasks to queue
[2024-04-20T16:51:03.677+0000] {logging_mixin.py:188} INFO - [2024-04-20T16:51:03.677+0000] {dagbag.py:540} INFO - Filling up the DagBag from /home/airflow/.local/lib/python3.8/site-packages/airflow/example_dags/example_bash_operator.py
[2024-04-20T16:51:03.692+0000] {processor.py:840} INFO - DAG(s) 'example_bash_operator' retrieved from /home/airflow/.local/lib/python3.8/site-packages/airflow/example_dags/example_bash_operator.py
[2024-04-20T16:51:03.729+0000] {logging_mixin.py:188} INFO - [2024-04-20T16:51:03.729+0000] {dag.py:3047} INFO - Sync 1 DAGs
[2024-04-20T16:51:03.751+0000] {logging_mixin.py:188} INFO - [2024-04-20T16:51:03.751+0000] {dag.py:3834} INFO - Setting next_dagrun for example_bash_operator to 2024-04-19 00:00:00+00:00, run_after=2024-04-20 00:00:00+00:00
[2024-04-20T16:51:03.955+0000] {processor.py:183} INFO - Processing /home/airflow/.local/lib/python3.8/site-packages/airflow/example_dags/example_bash_operator.py took 0.284 seconds
[2024-04-20T16:51:34.118+0000] {processor.py:161} INFO - Started process (PID=3541) to work on /home/airflow/.local/lib/python3.8/site-packages/airflow/example_dags/example_bash_operator.py
[2024-04-20T16:51:34.119+0000] {processor.py:830} INFO - Processing file /home/airflow/.local/lib/python3.8/site-packages/airflow/example_dags/example_bash_operator.py for tasks to queue
[2024-04-20T16:51:34.120+0000] {logging_mixin.py:188} INFO - [2024-04-20T16:51:34.120+0000] {dagbag.py:540} INFO - Filling up the DagBag from /home/airflow/.local/lib/python3.8/site-packages/airflow/example_dags/example_bash_operator.py
[2024-04-20T16:51:34.134+0000] {processor.py:840} INFO - DAG(s) 'example_bash_operator' retrieved from /home/airflow/.local/lib/python3.8/site-packages/airflow/example_dags/example_bash_operator.py
[2024-04-20T16:51:34.175+0000] {logging_mixin.py:188} INFO - [2024-04-20T16:51:34.175+0000] {dag.py:3047} INFO - Sync 1 DAGs
[2024-04-20T16:51:34.345+0000] {logging_mixin.py:188} INFO - [2024-04-20T16:51:34.344+0000] {dag.py:3834} INFO - Setting next_dagrun for example_bash_operator to 2024-04-19 00:00:00+00:00, run_after=2024-04-20 00:00:00+00:00
[2024-04-20T16:51:34.701+0000] {processor.py:183} INFO - Processing /home/airflow/.local/lib/python3.8/site-packages/airflow/example_dags/example_bash_operator.py took 0.587 seconds
[2024-04-20T16:52:05.099+0000] {processor.py:161} INFO - Started process (PID=3798) to work on /home/airflow/.local/lib/python3.8/site-packages/airflow/example_dags/example_bash_operator.py
[2024-04-20T16:52:05.100+0000] {processor.py:830} INFO - Processing file /home/airflow/.local/lib/python3.8/site-packages/airflow/example_dags/example_bash_operator.py for tasks to queue
[2024-04-20T16:52:05.100+0000] {logging_mixin.py:188} INFO - [2024-04-20T16:52:05.100+0000] {dagbag.py:540} INFO - Filling up the DagBag from /home/airflow/.local/lib/python3.8/site-packages/airflow/example_dags/example_bash_operator.py
[2024-04-20T16:52:05.120+0000] {processor.py:840} INFO - DAG(s) 'example_bash_operator' retrieved from /home/airflow/.local/lib/python3.8/site-packages/airflow/example_dags/example_bash_operator.py
[2024-04-20T16:52:05.157+0000] {logging_mixin.py:188} INFO - [2024-04-20T16:52:05.157+0000] {dag.py:3047} INFO - Sync 1 DAGs
[2024-04-20T16:52:05.177+0000] {logging_mixin.py:188} INFO - [2024-04-20T16:52:05.177+0000] {dag.py:3834} INFO - Setting next_dagrun for example_bash_operator to 2024-04-19 00:00:00+00:00, run_after=2024-04-20 00:00:00+00:00
[2024-04-20T16:52:05.594+0000] {processor.py:183} INFO - Processing /home/airflow/.local/lib/python3.8/site-packages/airflow/example_dags/example_bash_operator.py took 0.499 seconds
[2024-04-20T16:52:35.890+0000] {processor.py:161} INFO - Started process (PID=4055) to work on /home/airflow/.local/lib/python3.8/site-packages/airflow/example_dags/example_bash_operator.py
[2024-04-20T16:52:35.894+0000] {processor.py:830} INFO - Processing file /home/airflow/.local/lib/python3.8/site-packages/airflow/example_dags/example_bash_operator.py for tasks to queue
[2024-04-20T16:52:35.896+0000] {logging_mixin.py:188} INFO - [2024-04-20T16:52:35.896+0000] {dagbag.py:540} INFO - Filling up the DagBag from /home/airflow/.local/lib/python3.8/site-packages/airflow/example_dags/example_bash_operator.py
[2024-04-20T16:52:35.915+0000] {processor.py:840} INFO - DAG(s) 'example_bash_operator' retrieved from /home/airflow/.local/lib/python3.8/site-packages/airflow/example_dags/example_bash_operator.py
[2024-04-20T16:52:35.978+0000] {logging_mixin.py:188} INFO - [2024-04-20T16:52:35.978+0000] {dag.py:3047} INFO - Sync 1 DAGs
[2024-04-20T16:52:36.003+0000] {logging_mixin.py:188} INFO - [2024-04-20T16:52:36.003+0000] {dag.py:3834} INFO - Setting next_dagrun for example_bash_operator to 2024-04-19 00:00:00+00:00, run_after=2024-04-20 00:00:00+00:00
[2024-04-20T16:52:36.466+0000] {processor.py:183} INFO - Processing /home/airflow/.local/lib/python3.8/site-packages/airflow/example_dags/example_bash_operator.py took 0.580 seconds
[2024-04-20T16:53:07.153+0000] {processor.py:161} INFO - Started process (PID=4312) to work on /home/airflow/.local/lib/python3.8/site-packages/airflow/example_dags/example_bash_operator.py
[2024-04-20T16:53:07.154+0000] {processor.py:830} INFO - Processing file /home/airflow/.local/lib/python3.8/site-packages/airflow/example_dags/example_bash_operator.py for tasks to queue
[2024-04-20T16:53:07.154+0000] {logging_mixin.py:188} INFO - [2024-04-20T16:53:07.154+0000] {dagbag.py:540} INFO - Filling up the DagBag from /home/airflow/.local/lib/python3.8/site-packages/airflow/example_dags/example_bash_operator.py
[2024-04-20T16:53:07.169+0000] {processor.py:840} INFO - DAG(s) 'example_bash_operator' retrieved from /home/airflow/.local/lib/python3.8/site-packages/airflow/example_dags/example_bash_operator.py
[2024-04-20T16:53:07.207+0000] {logging_mixin.py:188} INFO - [2024-04-20T16:53:07.206+0000] {dag.py:3047} INFO - Sync 1 DAGs
[2024-04-20T16:53:07.235+0000] {logging_mixin.py:188} INFO - [2024-04-20T16:53:07.235+0000] {dag.py:3834} INFO - Setting next_dagrun for example_bash_operator to 2024-04-19 00:00:00+00:00, run_after=2024-04-20 00:00:00+00:00
[2024-04-20T16:53:07.760+0000] {processor.py:183} INFO - Processing /home/airflow/.local/lib/python3.8/site-packages/airflow/example_dags/example_bash_operator.py took 0.611 seconds
[2024-04-20T16:53:38.064+0000] {processor.py:161} INFO - Started process (PID=4570) to work on /home/airflow/.local/lib/python3.8/site-packages/airflow/example_dags/example_bash_operator.py
[2024-04-20T16:53:38.066+0000] {processor.py:830} INFO - Processing file /home/airflow/.local/lib/python3.8/site-packages/airflow/example_dags/example_bash_operator.py for tasks to queue
[2024-04-20T16:53:38.068+0000] {logging_mixin.py:188} INFO - [2024-04-20T16:53:38.068+0000] {dagbag.py:540} INFO - Filling up the DagBag from /home/airflow/.local/lib/python3.8/site-packages/airflow/example_dags/example_bash_operator.py
[2024-04-20T16:53:38.082+0000] {processor.py:840} INFO - DAG(s) 'example_bash_operator' retrieved from /home/airflow/.local/lib/python3.8/site-packages/airflow/example_dags/example_bash_operator.py
[2024-04-20T16:53:38.119+0000] {logging_mixin.py:188} INFO - [2024-04-20T16:53:38.119+0000] {dag.py:3047} INFO - Sync 1 DAGs
[2024-04-20T16:53:38.140+0000] {logging_mixin.py:188} INFO - [2024-04-20T16:53:38.139+0000] {dag.py:3834} INFO - Setting next_dagrun for example_bash_operator to 2024-04-19 00:00:00+00:00, run_after=2024-04-20 00:00:00+00:00
[2024-04-20T16:53:38.346+0000] {processor.py:183} INFO - Processing /home/airflow/.local/lib/python3.8/site-packages/airflow/example_dags/example_bash_operator.py took 0.285 seconds
[2024-04-20T16:54:08.406+0000] {processor.py:161} INFO - Started process (PID=4827) to work on /home/airflow/.local/lib/python3.8/site-packages/airflow/example_dags/example_bash_operator.py
[2024-04-20T16:54:08.406+0000] {processor.py:830} INFO - Processing file /home/airflow/.local/lib/python3.8/site-packages/airflow/example_dags/example_bash_operator.py for tasks to queue
[2024-04-20T16:54:08.407+0000] {logging_mixin.py:188} INFO - [2024-04-20T16:54:08.407+0000] {dagbag.py:540} INFO - Filling up the DagBag from /home/airflow/.local/lib/python3.8/site-packages/airflow/example_dags/example_bash_operator.py
[2024-04-20T16:54:08.427+0000] {processor.py:840} INFO - DAG(s) 'example_bash_operator' retrieved from /home/airflow/.local/lib/python3.8/site-packages/airflow/example_dags/example_bash_operator.py
[2024-04-20T16:54:08.481+0000] {logging_mixin.py:188} INFO - [2024-04-20T16:54:08.480+0000] {dag.py:3047} INFO - Sync 1 DAGs
[2024-04-20T16:54:08.499+0000] {logging_mixin.py:188} INFO - [2024-04-20T16:54:08.499+0000] {dag.py:3834} INFO - Setting next_dagrun for example_bash_operator to 2024-04-19 00:00:00+00:00, run_after=2024-04-20 00:00:00+00:00
[2024-04-20T16:54:08.699+0000] {processor.py:183} INFO - Processing /home/airflow/.local/lib/python3.8/site-packages/airflow/example_dags/example_bash_operator.py took 0.297 seconds
[2024-04-20T16:54:39.078+0000] {processor.py:161} INFO - Started process (PID=5083) to work on /home/airflow/.local/lib/python3.8/site-packages/airflow/example_dags/example_bash_operator.py
[2024-04-20T16:54:39.079+0000] {processor.py:830} INFO - Processing file /home/airflow/.local/lib/python3.8/site-packages/airflow/example_dags/example_bash_operator.py for tasks to queue
[2024-04-20T16:54:39.081+0000] {logging_mixin.py:188} INFO - [2024-04-20T16:54:39.080+0000] {dagbag.py:540} INFO - Filling up the DagBag from /home/airflow/.local/lib/python3.8/site-packages/airflow/example_dags/example_bash_operator.py
[2024-04-20T16:54:39.099+0000] {processor.py:840} INFO - DAG(s) 'example_bash_operator' retrieved from /home/airflow/.local/lib/python3.8/site-packages/airflow/example_dags/example_bash_operator.py
[2024-04-20T16:54:39.137+0000] {logging_mixin.py:188} INFO - [2024-04-20T16:54:39.136+0000] {dag.py:3047} INFO - Sync 1 DAGs
[2024-04-20T16:54:39.156+0000] {logging_mixin.py:188} INFO - [2024-04-20T16:54:39.156+0000] {dag.py:3834} INFO - Setting next_dagrun for example_bash_operator to 2024-04-19 00:00:00+00:00, run_after=2024-04-20 00:00:00+00:00
[2024-04-20T16:54:39.358+0000] {processor.py:183} INFO - Processing /home/airflow/.local/lib/python3.8/site-packages/airflow/example_dags/example_bash_operator.py took 0.283 seconds
[2024-04-20T16:55:09.723+0000] {processor.py:161} INFO - Started process (PID=5341) to work on /home/airflow/.local/lib/python3.8/site-packages/airflow/example_dags/example_bash_operator.py
[2024-04-20T16:55:09.724+0000] {processor.py:830} INFO - Processing file /home/airflow/.local/lib/python3.8/site-packages/airflow/example_dags/example_bash_operator.py for tasks to queue
[2024-04-20T16:55:09.724+0000] {logging_mixin.py:188} INFO - [2024-04-20T16:55:09.724+0000] {dagbag.py:540} INFO - Filling up the DagBag from /home/airflow/.local/lib/python3.8/site-packages/airflow/example_dags/example_bash_operator.py
[2024-04-20T16:55:09.739+0000] {processor.py:840} INFO - DAG(s) 'example_bash_operator' retrieved from /home/airflow/.local/lib/python3.8/site-packages/airflow/example_dags/example_bash_operator.py
[2024-04-20T16:55:09.779+0000] {logging_mixin.py:188} INFO - [2024-04-20T16:55:09.778+0000] {dag.py:3047} INFO - Sync 1 DAGs
[2024-04-20T16:55:09.799+0000] {logging_mixin.py:188} INFO - [2024-04-20T16:55:09.799+0000] {dag.py:3834} INFO - Setting next_dagrun for example_bash_operator to 2024-04-19 00:00:00+00:00, run_after=2024-04-20 00:00:00+00:00
[2024-04-20T16:55:10.111+0000] {processor.py:183} INFO - Processing /home/airflow/.local/lib/python3.8/site-packages/airflow/example_dags/example_bash_operator.py took 0.392 seconds
[2024-04-20T16:55:40.137+0000] {processor.py:161} INFO - Started process (PID=5600) to work on /home/airflow/.local/lib/python3.8/site-packages/airflow/example_dags/example_bash_operator.py
[2024-04-20T16:55:40.137+0000] {processor.py:830} INFO - Processing file /home/airflow/.local/lib/python3.8/site-packages/airflow/example_dags/example_bash_operator.py for tasks to queue
[2024-04-20T16:55:40.138+0000] {logging_mixin.py:188} INFO - [2024-04-20T16:55:40.138+0000] {dagbag.py:540} INFO - Filling up the DagBag from /home/airflow/.local/lib/python3.8/site-packages/airflow/example_dags/example_bash_operator.py
[2024-04-20T16:55:40.148+0000] {processor.py:840} INFO - DAG(s) 'example_bash_operator' retrieved from /home/airflow/.local/lib/python3.8/site-packages/airflow/example_dags/example_bash_operator.py
[2024-04-20T16:55:40.173+0000] {logging_mixin.py:188} INFO - [2024-04-20T16:55:40.172+0000] {dag.py:3047} INFO - Sync 1 DAGs
[2024-04-20T16:55:40.191+0000] {logging_mixin.py:188} INFO - [2024-04-20T16:55:40.191+0000] {dag.py:3834} INFO - Setting next_dagrun for example_bash_operator to 2024-04-19 00:00:00+00:00, run_after=2024-04-20 00:00:00+00:00
[2024-04-20T16:55:40.312+0000] {processor.py:183} INFO - Processing /home/airflow/.local/lib/python3.8/site-packages/airflow/example_dags/example_bash_operator.py took 0.178 seconds
[2024-04-20T16:56:10.401+0000] {processor.py:161} INFO - Started process (PID=5856) to work on /home/airflow/.local/lib/python3.8/site-packages/airflow/example_dags/example_bash_operator.py
[2024-04-20T16:56:10.403+0000] {processor.py:830} INFO - Processing file /home/airflow/.local/lib/python3.8/site-packages/airflow/example_dags/example_bash_operator.py for tasks to queue
[2024-04-20T16:56:10.404+0000] {logging_mixin.py:188} INFO - [2024-04-20T16:56:10.403+0000] {dagbag.py:540} INFO - Filling up the DagBag from /home/airflow/.local/lib/python3.8/site-packages/airflow/example_dags/example_bash_operator.py
[2024-04-20T16:56:10.415+0000] {processor.py:840} INFO - DAG(s) 'example_bash_operator' retrieved from /home/airflow/.local/lib/python3.8/site-packages/airflow/example_dags/example_bash_operator.py
[2024-04-20T16:56:10.440+0000] {logging_mixin.py:188} INFO - [2024-04-20T16:56:10.440+0000] {dag.py:3047} INFO - Sync 1 DAGs
[2024-04-20T16:56:10.458+0000] {logging_mixin.py:188} INFO - [2024-04-20T16:56:10.458+0000] {dag.py:3834} INFO - Setting next_dagrun for example_bash_operator to 2024-04-19 00:00:00+00:00, run_after=2024-04-20 00:00:00+00:00
[2024-04-20T16:56:10.589+0000] {processor.py:183} INFO - Processing /home/airflow/.local/lib/python3.8/site-packages/airflow/example_dags/example_bash_operator.py took 0.191 seconds
[2024-04-20T16:56:40.682+0000] {processor.py:161} INFO - Started process (PID=6113) to work on /home/airflow/.local/lib/python3.8/site-packages/airflow/example_dags/example_bash_operator.py
[2024-04-20T16:56:40.683+0000] {processor.py:830} INFO - Processing file /home/airflow/.local/lib/python3.8/site-packages/airflow/example_dags/example_bash_operator.py for tasks to queue
[2024-04-20T16:56:40.685+0000] {logging_mixin.py:188} INFO - [2024-04-20T16:56:40.684+0000] {dagbag.py:540} INFO - Filling up the DagBag from /home/airflow/.local/lib/python3.8/site-packages/airflow/example_dags/example_bash_operator.py
[2024-04-20T16:56:40.698+0000] {processor.py:840} INFO - DAG(s) 'example_bash_operator' retrieved from /home/airflow/.local/lib/python3.8/site-packages/airflow/example_dags/example_bash_operator.py
[2024-04-20T16:56:40.737+0000] {logging_mixin.py:188} INFO - [2024-04-20T16:56:40.736+0000] {dag.py:3047} INFO - Sync 1 DAGs
[2024-04-20T16:56:40.759+0000] {logging_mixin.py:188} INFO - [2024-04-20T16:56:40.759+0000] {dag.py:3834} INFO - Setting next_dagrun for example_bash_operator to 2024-04-19 00:00:00+00:00, run_after=2024-04-20 00:00:00+00:00
[2024-04-20T16:56:41.059+0000] {processor.py:183} INFO - Processing /home/airflow/.local/lib/python3.8/site-packages/airflow/example_dags/example_bash_operator.py took 0.380 seconds
[2024-04-20T16:57:11.246+0000] {processor.py:161} INFO - Started process (PID=6372) to work on /home/airflow/.local/lib/python3.8/site-packages/airflow/example_dags/example_bash_operator.py
[2024-04-20T16:57:11.247+0000] {processor.py:830} INFO - Processing file /home/airflow/.local/lib/python3.8/site-packages/airflow/example_dags/example_bash_operator.py for tasks to queue
[2024-04-20T16:57:11.248+0000] {logging_mixin.py:188} INFO - [2024-04-20T16:57:11.248+0000] {dagbag.py:540} INFO - Filling up the DagBag from /home/airflow/.local/lib/python3.8/site-packages/airflow/example_dags/example_bash_operator.py
[2024-04-20T16:57:11.257+0000] {processor.py:840} INFO - DAG(s) 'example_bash_operator' retrieved from /home/airflow/.local/lib/python3.8/site-packages/airflow/example_dags/example_bash_operator.py
[2024-04-20T16:57:11.281+0000] {logging_mixin.py:188} INFO - [2024-04-20T16:57:11.281+0000] {dag.py:3047} INFO - Sync 1 DAGs
[2024-04-20T16:57:11.299+0000] {logging_mixin.py:188} INFO - [2024-04-20T16:57:11.299+0000] {dag.py:3834} INFO - Setting next_dagrun for example_bash_operator to 2024-04-19 00:00:00+00:00, run_after=2024-04-20 00:00:00+00:00
[2024-04-20T16:57:11.421+0000] {processor.py:183} INFO - Processing /home/airflow/.local/lib/python3.8/site-packages/airflow/example_dags/example_bash_operator.py took 0.177 seconds
[2024-04-20T16:57:41.460+0000] {processor.py:161} INFO - Started process (PID=6628) to work on /home/airflow/.local/lib/python3.8/site-packages/airflow/example_dags/example_bash_operator.py
[2024-04-20T16:57:41.461+0000] {processor.py:830} INFO - Processing file /home/airflow/.local/lib/python3.8/site-packages/airflow/example_dags/example_bash_operator.py for tasks to queue
[2024-04-20T16:57:41.461+0000] {logging_mixin.py:188} INFO - [2024-04-20T16:57:41.461+0000] {dagbag.py:540} INFO - Filling up the DagBag from /home/airflow/.local/lib/python3.8/site-packages/airflow/example_dags/example_bash_operator.py
[2024-04-20T16:57:41.475+0000] {processor.py:840} INFO - DAG(s) 'example_bash_operator' retrieved from /home/airflow/.local/lib/python3.8/site-packages/airflow/example_dags/example_bash_operator.py
[2024-04-20T16:57:41.513+0000] {logging_mixin.py:188} INFO - [2024-04-20T16:57:41.512+0000] {dag.py:3047} INFO - Sync 1 DAGs
[2024-04-20T16:57:41.532+0000] {logging_mixin.py:188} INFO - [2024-04-20T16:57:41.532+0000] {dag.py:3834} INFO - Setting next_dagrun for example_bash_operator to 2024-04-19 00:00:00+00:00, run_after=2024-04-20 00:00:00+00:00
[2024-04-20T16:57:41.792+0000] {processor.py:183} INFO - Processing /home/airflow/.local/lib/python3.8/site-packages/airflow/example_dags/example_bash_operator.py took 0.336 seconds
[2024-04-20T16:58:11.930+0000] {processor.py:161} INFO - Started process (PID=6885) to work on /home/airflow/.local/lib/python3.8/site-packages/airflow/example_dags/example_bash_operator.py
[2024-04-20T16:58:11.931+0000] {processor.py:830} INFO - Processing file /home/airflow/.local/lib/python3.8/site-packages/airflow/example_dags/example_bash_operator.py for tasks to queue
[2024-04-20T16:58:11.933+0000] {logging_mixin.py:188} INFO - [2024-04-20T16:58:11.932+0000] {dagbag.py:540} INFO - Filling up the DagBag from /home/airflow/.local/lib/python3.8/site-packages/airflow/example_dags/example_bash_operator.py
[2024-04-20T16:58:11.946+0000] {processor.py:840} INFO - DAG(s) 'example_bash_operator' retrieved from /home/airflow/.local/lib/python3.8/site-packages/airflow/example_dags/example_bash_operator.py
[2024-04-20T16:58:11.983+0000] {logging_mixin.py:188} INFO - [2024-04-20T16:58:11.983+0000] {dag.py:3047} INFO - Sync 1 DAGs
[2024-04-20T16:58:12.004+0000] {logging_mixin.py:188} INFO - [2024-04-20T16:58:12.004+0000] {dag.py:3834} INFO - Setting next_dagrun for example_bash_operator to 2024-04-19 00:00:00+00:00, run_after=2024-04-20 00:00:00+00:00
[2024-04-20T16:58:12.210+0000] {processor.py:183} INFO - Processing /home/airflow/.local/lib/python3.8/site-packages/airflow/example_dags/example_bash_operator.py took 0.283 seconds
[2024-04-20T16:58:42.556+0000] {processor.py:161} INFO - Started process (PID=7144) to work on /home/airflow/.local/lib/python3.8/site-packages/airflow/example_dags/example_bash_operator.py
[2024-04-20T16:58:42.556+0000] {processor.py:830} INFO - Processing file /home/airflow/.local/lib/python3.8/site-packages/airflow/example_dags/example_bash_operator.py for tasks to queue
[2024-04-20T16:58:42.557+0000] {logging_mixin.py:188} INFO - [2024-04-20T16:58:42.557+0000] {dagbag.py:540} INFO - Filling up the DagBag from /home/airflow/.local/lib/python3.8/site-packages/airflow/example_dags/example_bash_operator.py
[2024-04-20T16:58:42.571+0000] {processor.py:840} INFO - DAG(s) 'example_bash_operator' retrieved from /home/airflow/.local/lib/python3.8/site-packages/airflow/example_dags/example_bash_operator.py
[2024-04-20T16:58:42.609+0000] {logging_mixin.py:188} INFO - [2024-04-20T16:58:42.608+0000] {dag.py:3047} INFO - Sync 1 DAGs
[2024-04-20T16:58:42.637+0000] {logging_mixin.py:188} INFO - [2024-04-20T16:58:42.636+0000] {dag.py:3834} INFO - Setting next_dagrun for example_bash_operator to 2024-04-19 00:00:00+00:00, run_after=2024-04-20 00:00:00+00:00
[2024-04-20T16:58:42.836+0000] {processor.py:183} INFO - Processing /home/airflow/.local/lib/python3.8/site-packages/airflow/example_dags/example_bash_operator.py took 0.284 seconds
[2024-04-20T16:59:12.946+0000] {processor.py:161} INFO - Started process (PID=7401) to work on /home/airflow/.local/lib/python3.8/site-packages/airflow/example_dags/example_bash_operator.py
[2024-04-20T16:59:12.947+0000] {processor.py:830} INFO - Processing file /home/airflow/.local/lib/python3.8/site-packages/airflow/example_dags/example_bash_operator.py for tasks to queue
[2024-04-20T16:59:12.948+0000] {logging_mixin.py:188} INFO - [2024-04-20T16:59:12.948+0000] {dagbag.py:540} INFO - Filling up the DagBag from /home/airflow/.local/lib/python3.8/site-packages/airflow/example_dags/example_bash_operator.py
[2024-04-20T16:59:12.959+0000] {processor.py:840} INFO - DAG(s) 'example_bash_operator' retrieved from /home/airflow/.local/lib/python3.8/site-packages/airflow/example_dags/example_bash_operator.py
[2024-04-20T16:59:12.982+0000] {logging_mixin.py:188} INFO - [2024-04-20T16:59:12.982+0000] {dag.py:3047} INFO - Sync 1 DAGs
[2024-04-20T16:59:13.001+0000] {logging_mixin.py:188} INFO - [2024-04-20T16:59:13.001+0000] {dag.py:3834} INFO - Setting next_dagrun for example_bash_operator to 2024-04-19 00:00:00+00:00, run_after=2024-04-20 00:00:00+00:00
[2024-04-20T16:59:13.128+0000] {processor.py:183} INFO - Processing /home/airflow/.local/lib/python3.8/site-packages/airflow/example_dags/example_bash_operator.py took 0.184 seconds
[2024-04-20T16:59:43.241+0000] {processor.py:161} INFO - Started process (PID=7658) to work on /home/airflow/.local/lib/python3.8/site-packages/airflow/example_dags/example_bash_operator.py
[2024-04-20T16:59:43.242+0000] {processor.py:830} INFO - Processing file /home/airflow/.local/lib/python3.8/site-packages/airflow/example_dags/example_bash_operator.py for tasks to queue
[2024-04-20T16:59:43.243+0000] {logging_mixin.py:188} INFO - [2024-04-20T16:59:43.242+0000] {dagbag.py:540} INFO - Filling up the DagBag from /home/airflow/.local/lib/python3.8/site-packages/airflow/example_dags/example_bash_operator.py
[2024-04-20T16:59:43.257+0000] {processor.py:840} INFO - DAG(s) 'example_bash_operator' retrieved from /home/airflow/.local/lib/python3.8/site-packages/airflow/example_dags/example_bash_operator.py
[2024-04-20T16:59:43.294+0000] {logging_mixin.py:188} INFO - [2024-04-20T16:59:43.294+0000] {dag.py:3047} INFO - Sync 1 DAGs
[2024-04-20T16:59:43.314+0000] {logging_mixin.py:188} INFO - [2024-04-20T16:59:43.314+0000] {dag.py:3834} INFO - Setting next_dagrun for example_bash_operator to 2024-04-19 00:00:00+00:00, run_after=2024-04-20 00:00:00+00:00
[2024-04-20T16:59:43.879+0000] {processor.py:183} INFO - Processing /home/airflow/.local/lib/python3.8/site-packages/airflow/example_dags/example_bash_operator.py took 0.642 seconds
[2024-04-20T17:00:14.792+0000] {processor.py:161} INFO - Started process (PID=7917) to work on /home/airflow/.local/lib/python3.8/site-packages/airflow/example_dags/example_bash_operator.py
[2024-04-20T17:00:14.793+0000] {processor.py:830} INFO - Processing file /home/airflow/.local/lib/python3.8/site-packages/airflow/example_dags/example_bash_operator.py for tasks to queue
[2024-04-20T17:00:14.794+0000] {logging_mixin.py:188} INFO - [2024-04-20T17:00:14.793+0000] {dagbag.py:540} INFO - Filling up the DagBag from /home/airflow/.local/lib/python3.8/site-packages/airflow/example_dags/example_bash_operator.py
[2024-04-20T17:00:14.803+0000] {processor.py:840} INFO - DAG(s) 'example_bash_operator' retrieved from /home/airflow/.local/lib/python3.8/site-packages/airflow/example_dags/example_bash_operator.py
[2024-04-20T17:00:14.826+0000] {logging_mixin.py:188} INFO - [2024-04-20T17:00:14.826+0000] {dag.py:3047} INFO - Sync 1 DAGs
[2024-04-20T17:00:14.844+0000] {logging_mixin.py:188} INFO - [2024-04-20T17:00:14.844+0000] {dag.py:3834} INFO - Setting next_dagrun for example_bash_operator to 2024-04-19 00:00:00+00:00, run_after=2024-04-20 00:00:00+00:00
[2024-04-20T17:00:14.964+0000] {processor.py:183} INFO - Processing /home/airflow/.local/lib/python3.8/site-packages/airflow/example_dags/example_bash_operator.py took 0.174 seconds
[2024-04-20T17:00:45.183+0000] {processor.py:161} INFO - Started process (PID=8174) to work on /home/airflow/.local/lib/python3.8/site-packages/airflow/example_dags/example_bash_operator.py
[2024-04-20T17:00:45.183+0000] {processor.py:830} INFO - Processing file /home/airflow/.local/lib/python3.8/site-packages/airflow/example_dags/example_bash_operator.py for tasks to queue
[2024-04-20T17:00:45.184+0000] {logging_mixin.py:188} INFO - [2024-04-20T17:00:45.184+0000] {dagbag.py:540} INFO - Filling up the DagBag from /home/airflow/.local/lib/python3.8/site-packages/airflow/example_dags/example_bash_operator.py
[2024-04-20T17:00:45.194+0000] {processor.py:840} INFO - DAG(s) 'example_bash_operator' retrieved from /home/airflow/.local/lib/python3.8/site-packages/airflow/example_dags/example_bash_operator.py
[2024-04-20T17:00:45.218+0000] {logging_mixin.py:188} INFO - [2024-04-20T17:00:45.217+0000] {dag.py:3047} INFO - Sync 1 DAGs
[2024-04-20T17:00:45.235+0000] {logging_mixin.py:188} INFO - [2024-04-20T17:00:45.235+0000] {dag.py:3834} INFO - Setting next_dagrun for example_bash_operator to 2024-04-19 00:00:00+00:00, run_after=2024-04-20 00:00:00+00:00
[2024-04-20T17:00:45.356+0000] {processor.py:183} INFO - Processing /home/airflow/.local/lib/python3.8/site-packages/airflow/example_dags/example_bash_operator.py took 0.175 seconds
[2024-04-20T17:01:15.557+0000] {processor.py:161} INFO - Started process (PID=8432) to work on /home/airflow/.local/lib/python3.8/site-packages/airflow/example_dags/example_bash_operator.py
[2024-04-20T17:01:15.558+0000] {processor.py:830} INFO - Processing file /home/airflow/.local/lib/python3.8/site-packages/airflow/example_dags/example_bash_operator.py for tasks to queue
[2024-04-20T17:01:15.558+0000] {logging_mixin.py:188} INFO - [2024-04-20T17:01:15.558+0000] {dagbag.py:540} INFO - Filling up the DagBag from /home/airflow/.local/lib/python3.8/site-packages/airflow/example_dags/example_bash_operator.py
[2024-04-20T17:01:15.568+0000] {processor.py:840} INFO - DAG(s) 'example_bash_operator' retrieved from /home/airflow/.local/lib/python3.8/site-packages/airflow/example_dags/example_bash_operator.py
[2024-04-20T17:01:15.593+0000] {logging_mixin.py:188} INFO - [2024-04-20T17:01:15.593+0000] {dag.py:3047} INFO - Sync 1 DAGs
[2024-04-20T17:01:15.610+0000] {logging_mixin.py:188} INFO - [2024-04-20T17:01:15.610+0000] {dag.py:3834} INFO - Setting next_dagrun for example_bash_operator to 2024-04-19 00:00:00+00:00, run_after=2024-04-20 00:00:00+00:00
[2024-04-20T17:01:15.734+0000] {processor.py:183} INFO - Processing /home/airflow/.local/lib/python3.8/site-packages/airflow/example_dags/example_bash_operator.py took 0.180 seconds
[2024-04-20T17:01:45.892+0000] {processor.py:161} INFO - Started process (PID=8690) to work on /home/airflow/.local/lib/python3.8/site-packages/airflow/example_dags/example_bash_operator.py
[2024-04-20T17:01:45.893+0000] {processor.py:830} INFO - Processing file /home/airflow/.local/lib/python3.8/site-packages/airflow/example_dags/example_bash_operator.py for tasks to queue
[2024-04-20T17:01:45.893+0000] {logging_mixin.py:188} INFO - [2024-04-20T17:01:45.893+0000] {dagbag.py:540} INFO - Filling up the DagBag from /home/airflow/.local/lib/python3.8/site-packages/airflow/example_dags/example_bash_operator.py
[2024-04-20T17:01:45.903+0000] {processor.py:840} INFO - DAG(s) 'example_bash_operator' retrieved from /home/airflow/.local/lib/python3.8/site-packages/airflow/example_dags/example_bash_operator.py
[2024-04-20T17:01:45.926+0000] {logging_mixin.py:188} INFO - [2024-04-20T17:01:45.926+0000] {dag.py:3047} INFO - Sync 1 DAGs
[2024-04-20T17:01:45.944+0000] {logging_mixin.py:188} INFO - [2024-04-20T17:01:45.943+0000] {dag.py:3834} INFO - Setting next_dagrun for example_bash_operator to 2024-04-19 00:00:00+00:00, run_after=2024-04-20 00:00:00+00:00
[2024-04-20T17:01:46.065+0000] {processor.py:183} INFO - Processing /home/airflow/.local/lib/python3.8/site-packages/airflow/example_dags/example_bash_operator.py took 0.176 seconds
[2024-04-20T17:02:16.995+0000] {processor.py:161} INFO - Started process (PID=8947) to work on /home/airflow/.local/lib/python3.8/site-packages/airflow/example_dags/example_bash_operator.py
[2024-04-20T17:02:16.995+0000] {processor.py:830} INFO - Processing file /home/airflow/.local/lib/python3.8/site-packages/airflow/example_dags/example_bash_operator.py for tasks to queue
[2024-04-20T17:02:16.996+0000] {logging_mixin.py:188} INFO - [2024-04-20T17:02:16.996+0000] {dagbag.py:540} INFO - Filling up the DagBag from /home/airflow/.local/lib/python3.8/site-packages/airflow/example_dags/example_bash_operator.py
[2024-04-20T17:02:17.005+0000] {processor.py:840} INFO - DAG(s) 'example_bash_operator' retrieved from /home/airflow/.local/lib/python3.8/site-packages/airflow/example_dags/example_bash_operator.py
[2024-04-20T17:02:17.030+0000] {logging_mixin.py:188} INFO - [2024-04-20T17:02:17.030+0000] {dag.py:3047} INFO - Sync 1 DAGs
[2024-04-20T17:02:17.048+0000] {logging_mixin.py:188} INFO - [2024-04-20T17:02:17.048+0000] {dag.py:3834} INFO - Setting next_dagrun for example_bash_operator to 2024-04-19 00:00:00+00:00, run_after=2024-04-20 00:00:00+00:00
[2024-04-20T17:02:17.417+0000] {processor.py:183} INFO - Processing /home/airflow/.local/lib/python3.8/site-packages/airflow/example_dags/example_bash_operator.py took 0.426 seconds
[2024-04-20T17:02:47.474+0000] {processor.py:161} INFO - Started process (PID=9205) to work on /home/airflow/.local/lib/python3.8/site-packages/airflow/example_dags/example_bash_operator.py
[2024-04-20T17:02:47.475+0000] {processor.py:830} INFO - Processing file /home/airflow/.local/lib/python3.8/site-packages/airflow/example_dags/example_bash_operator.py for tasks to queue
[2024-04-20T17:02:47.476+0000] {logging_mixin.py:188} INFO - [2024-04-20T17:02:47.475+0000] {dagbag.py:540} INFO - Filling up the DagBag from /home/airflow/.local/lib/python3.8/site-packages/airflow/example_dags/example_bash_operator.py
[2024-04-20T17:02:47.485+0000] {processor.py:840} INFO - DAG(s) 'example_bash_operator' retrieved from /home/airflow/.local/lib/python3.8/site-packages/airflow/example_dags/example_bash_operator.py
[2024-04-20T17:02:47.511+0000] {logging_mixin.py:188} INFO - [2024-04-20T17:02:47.510+0000] {dag.py:3047} INFO - Sync 1 DAGs
[2024-04-20T17:02:47.531+0000] {logging_mixin.py:188} INFO - [2024-04-20T17:02:47.531+0000] {dag.py:3834} INFO - Setting next_dagrun for example_bash_operator to 2024-04-19 00:00:00+00:00, run_after=2024-04-20 00:00:00+00:00
[2024-04-20T17:02:47.701+0000] {processor.py:183} INFO - Processing /home/airflow/.local/lib/python3.8/site-packages/airflow/example_dags/example_bash_operator.py took 0.229 seconds
[2024-04-20T17:03:17.935+0000] {processor.py:161} INFO - Started process (PID=9463) to work on /home/airflow/.local/lib/python3.8/site-packages/airflow/example_dags/example_bash_operator.py
[2024-04-20T17:03:17.936+0000] {processor.py:830} INFO - Processing file /home/airflow/.local/lib/python3.8/site-packages/airflow/example_dags/example_bash_operator.py for tasks to queue
[2024-04-20T17:03:17.936+0000] {logging_mixin.py:188} INFO - [2024-04-20T17:03:17.936+0000] {dagbag.py:540} INFO - Filling up the DagBag from /home/airflow/.local/lib/python3.8/site-packages/airflow/example_dags/example_bash_operator.py
[2024-04-20T17:03:17.946+0000] {processor.py:840} INFO - DAG(s) 'example_bash_operator' retrieved from /home/airflow/.local/lib/python3.8/site-packages/airflow/example_dags/example_bash_operator.py
[2024-04-20T17:03:17.970+0000] {logging_mixin.py:188} INFO - [2024-04-20T17:03:17.969+0000] {dag.py:3047} INFO - Sync 1 DAGs
[2024-04-20T17:03:17.988+0000] {logging_mixin.py:188} INFO - [2024-04-20T17:03:17.987+0000] {dag.py:3834} INFO - Setting next_dagrun for example_bash_operator to 2024-04-19 00:00:00+00:00, run_after=2024-04-20 00:00:00+00:00
[2024-04-20T17:03:18.306+0000] {processor.py:183} INFO - Processing /home/airflow/.local/lib/python3.8/site-packages/airflow/example_dags/example_bash_operator.py took 0.374 seconds
[2024-04-20T17:03:49.046+0000] {processor.py:161} INFO - Started process (PID=9720) to work on /home/airflow/.local/lib/python3.8/site-packages/airflow/example_dags/example_bash_operator.py
[2024-04-20T17:03:49.047+0000] {processor.py:830} INFO - Processing file /home/airflow/.local/lib/python3.8/site-packages/airflow/example_dags/example_bash_operator.py for tasks to queue
[2024-04-20T17:03:49.047+0000] {logging_mixin.py:188} INFO - [2024-04-20T17:03:49.047+0000] {dagbag.py:540} INFO - Filling up the DagBag from /home/airflow/.local/lib/python3.8/site-packages/airflow/example_dags/example_bash_operator.py
[2024-04-20T17:03:49.057+0000] {processor.py:840} INFO - DAG(s) 'example_bash_operator' retrieved from /home/airflow/.local/lib/python3.8/site-packages/airflow/example_dags/example_bash_operator.py
[2024-04-20T17:03:49.082+0000] {logging_mixin.py:188} INFO - [2024-04-20T17:03:49.081+0000] {dag.py:3047} INFO - Sync 1 DAGs
[2024-04-20T17:03:49.100+0000] {logging_mixin.py:188} INFO - [2024-04-20T17:03:49.100+0000] {dag.py:3834} INFO - Setting next_dagrun for example_bash_operator to 2024-04-19 00:00:00+00:00, run_after=2024-04-20 00:00:00+00:00
[2024-04-20T17:03:49.263+0000] {processor.py:183} INFO - Processing /home/airflow/.local/lib/python3.8/site-packages/airflow/example_dags/example_bash_operator.py took 0.219 seconds
[2024-04-20T17:04:19.626+0000] {processor.py:161} INFO - Started process (PID=9977) to work on /home/airflow/.local/lib/python3.8/site-packages/airflow/example_dags/example_bash_operator.py
[2024-04-20T17:04:19.627+0000] {processor.py:830} INFO - Processing file /home/airflow/.local/lib/python3.8/site-packages/airflow/example_dags/example_bash_operator.py for tasks to queue
[2024-04-20T17:04:19.628+0000] {logging_mixin.py:188} INFO - [2024-04-20T17:04:19.628+0000] {dagbag.py:540} INFO - Filling up the DagBag from /home/airflow/.local/lib/python3.8/site-packages/airflow/example_dags/example_bash_operator.py
[2024-04-20T17:04:19.639+0000] {processor.py:840} INFO - DAG(s) 'example_bash_operator' retrieved from /home/airflow/.local/lib/python3.8/site-packages/airflow/example_dags/example_bash_operator.py
[2024-04-20T17:04:19.663+0000] {logging_mixin.py:188} INFO - [2024-04-20T17:04:19.662+0000] {dag.py:3047} INFO - Sync 1 DAGs
[2024-04-20T17:04:19.681+0000] {logging_mixin.py:188} INFO - [2024-04-20T17:04:19.681+0000] {dag.py:3834} INFO - Setting next_dagrun for example_bash_operator to 2024-04-19 00:00:00+00:00, run_after=2024-04-20 00:00:00+00:00
[2024-04-20T17:04:19.802+0000] {processor.py:183} INFO - Processing /home/airflow/.local/lib/python3.8/site-packages/airflow/example_dags/example_bash_operator.py took 0.179 seconds
[2024-04-20T17:04:49.909+0000] {processor.py:161} INFO - Started process (PID=10232) to work on /home/airflow/.local/lib/python3.8/site-packages/airflow/example_dags/example_bash_operator.py
[2024-04-20T17:04:49.910+0000] {processor.py:830} INFO - Processing file /home/airflow/.local/lib/python3.8/site-packages/airflow/example_dags/example_bash_operator.py for tasks to queue
[2024-04-20T17:04:49.911+0000] {logging_mixin.py:188} INFO - [2024-04-20T17:04:49.911+0000] {dagbag.py:540} INFO - Filling up the DagBag from /home/airflow/.local/lib/python3.8/site-packages/airflow/example_dags/example_bash_operator.py
[2024-04-20T17:04:49.921+0000] {processor.py:840} INFO - DAG(s) 'example_bash_operator' retrieved from /home/airflow/.local/lib/python3.8/site-packages/airflow/example_dags/example_bash_operator.py
[2024-04-20T17:04:49.945+0000] {logging_mixin.py:188} INFO - [2024-04-20T17:04:49.945+0000] {dag.py:3047} INFO - Sync 1 DAGs
[2024-04-20T17:04:49.964+0000] {logging_mixin.py:188} INFO - [2024-04-20T17:04:49.964+0000] {dag.py:3834} INFO - Setting next_dagrun for example_bash_operator to 2024-04-19 00:00:00+00:00, run_after=2024-04-20 00:00:00+00:00
[2024-04-20T17:04:50.232+0000] {processor.py:183} INFO - Processing /home/airflow/.local/lib/python3.8/site-packages/airflow/example_dags/example_bash_operator.py took 0.325 seconds
[2024-04-20T17:05:20.261+0000] {processor.py:161} INFO - Started process (PID=10489) to work on /home/airflow/.local/lib/python3.8/site-packages/airflow/example_dags/example_bash_operator.py
[2024-04-20T17:05:20.261+0000] {processor.py:830} INFO - Processing file /home/airflow/.local/lib/python3.8/site-packages/airflow/example_dags/example_bash_operator.py for tasks to queue
[2024-04-20T17:05:20.262+0000] {logging_mixin.py:188} INFO - [2024-04-20T17:05:20.262+0000] {dagbag.py:540} INFO - Filling up the DagBag from /home/airflow/.local/lib/python3.8/site-packages/airflow/example_dags/example_bash_operator.py
[2024-04-20T17:05:20.271+0000] {processor.py:840} INFO - DAG(s) 'example_bash_operator' retrieved from /home/airflow/.local/lib/python3.8/site-packages/airflow/example_dags/example_bash_operator.py
[2024-04-20T17:05:20.296+0000] {logging_mixin.py:188} INFO - [2024-04-20T17:05:20.296+0000] {dag.py:3047} INFO - Sync 1 DAGs
[2024-04-20T17:05:20.314+0000] {logging_mixin.py:188} INFO - [2024-04-20T17:05:20.314+0000] {dag.py:3834} INFO - Setting next_dagrun for example_bash_operator to 2024-04-19 00:00:00+00:00, run_after=2024-04-20 00:00:00+00:00
[2024-04-20T17:05:20.633+0000] {processor.py:183} INFO - Processing /home/airflow/.local/lib/python3.8/site-packages/airflow/example_dags/example_bash_operator.py took 0.375 seconds
[2024-04-20T17:05:50.768+0000] {processor.py:161} INFO - Started process (PID=10744) to work on /home/airflow/.local/lib/python3.8/site-packages/airflow/example_dags/example_bash_operator.py
[2024-04-20T17:05:50.770+0000] {processor.py:830} INFO - Processing file /home/airflow/.local/lib/python3.8/site-packages/airflow/example_dags/example_bash_operator.py for tasks to queue
[2024-04-20T17:05:50.771+0000] {logging_mixin.py:188} INFO - [2024-04-20T17:05:50.770+0000] {dagbag.py:540} INFO - Filling up the DagBag from /home/airflow/.local/lib/python3.8/site-packages/airflow/example_dags/example_bash_operator.py
[2024-04-20T17:05:50.785+0000] {processor.py:840} INFO - DAG(s) 'example_bash_operator' retrieved from /home/airflow/.local/lib/python3.8/site-packages/airflow/example_dags/example_bash_operator.py
[2024-04-20T17:05:50.824+0000] {logging_mixin.py:188} INFO - [2024-04-20T17:05:50.823+0000] {dag.py:3047} INFO - Sync 1 DAGs
[2024-04-20T17:05:50.842+0000] {logging_mixin.py:188} INFO - [2024-04-20T17:05:50.841+0000] {dag.py:3834} INFO - Setting next_dagrun for example_bash_operator to 2024-04-19 00:00:00+00:00, run_after=2024-04-20 00:00:00+00:00
[2024-04-20T17:05:51.092+0000] {processor.py:183} INFO - Processing /home/airflow/.local/lib/python3.8/site-packages/airflow/example_dags/example_bash_operator.py took 0.327 seconds
