[2024-04-20T16:45:05.603+0000] {processor.py:161} INFO - Started process (PID=225) to work on /home/airflow/.local/lib/python3.8/site-packages/airflow/example_dags/example_skip_dag.py
[2024-04-20T16:45:05.604+0000] {processor.py:830} INFO - Processing file /home/airflow/.local/lib/python3.8/site-packages/airflow/example_dags/example_skip_dag.py for tasks to queue
[2024-04-20T16:45:05.605+0000] {logging_mixin.py:188} INFO - [2024-04-20T16:45:05.605+0000] {dagbag.py:540} INFO - Filling up the DagBag from /home/airflow/.local/lib/python3.8/site-packages/airflow/example_dags/example_skip_dag.py
[2024-04-20T16:45:05.616+0000] {processor.py:840} INFO - DAG(s) 'example_skip_dag' retrieved from /home/airflow/.local/lib/python3.8/site-packages/airflow/example_dags/example_skip_dag.py
[2024-04-20T16:45:05.638+0000] {logging_mixin.py:188} INFO - [2024-04-20T16:45:05.638+0000] {dag.py:3047} INFO - Sync 1 DAGs
[2024-04-20T16:45:05.834+0000] {logging_mixin.py:188} INFO - [2024-04-20T16:45:05.833+0000] {dag.py:3834} INFO - Setting next_dagrun for example_skip_dag to 2024-04-19 00:00:00+00:00, run_after=2024-04-20 00:00:00+00:00
[2024-04-20T16:45:06.516+0000] {processor.py:183} INFO - Processing /home/airflow/.local/lib/python3.8/site-packages/airflow/example_dags/example_skip_dag.py took 0.915 seconds
[2024-04-20T16:45:36.833+0000] {processor.py:161} INFO - Started process (PID=481) to work on /home/airflow/.local/lib/python3.8/site-packages/airflow/example_dags/example_skip_dag.py
[2024-04-20T16:45:37.064+0000] {processor.py:830} INFO - Processing file /home/airflow/.local/lib/python3.8/site-packages/airflow/example_dags/example_skip_dag.py for tasks to queue
[2024-04-20T16:45:37.065+0000] {logging_mixin.py:188} INFO - [2024-04-20T16:45:37.065+0000] {dagbag.py:540} INFO - Filling up the DagBag from /home/airflow/.local/lib/python3.8/site-packages/airflow/example_dags/example_skip_dag.py
[2024-04-20T16:45:37.071+0000] {processor.py:840} INFO - DAG(s) 'example_skip_dag' retrieved from /home/airflow/.local/lib/python3.8/site-packages/airflow/example_dags/example_skip_dag.py
[2024-04-20T16:45:37.089+0000] {logging_mixin.py:188} INFO - [2024-04-20T16:45:37.088+0000] {dag.py:3047} INFO - Sync 1 DAGs
[2024-04-20T16:45:37.106+0000] {logging_mixin.py:188} INFO - [2024-04-20T16:45:37.106+0000] {dag.py:3834} INFO - Setting next_dagrun for example_skip_dag to 2024-04-19 00:00:00+00:00, run_after=2024-04-20 00:00:00+00:00
[2024-04-20T16:45:37.278+0000] {processor.py:183} INFO - Processing /home/airflow/.local/lib/python3.8/site-packages/airflow/example_dags/example_skip_dag.py took 0.447 seconds
[2024-04-20T16:46:07.907+0000] {processor.py:161} INFO - Started process (PID=735) to work on /home/airflow/.local/lib/python3.8/site-packages/airflow/example_dags/example_skip_dag.py
[2024-04-20T16:46:07.909+0000] {processor.py:830} INFO - Processing file /home/airflow/.local/lib/python3.8/site-packages/airflow/example_dags/example_skip_dag.py for tasks to queue
[2024-04-20T16:46:07.910+0000] {logging_mixin.py:188} INFO - [2024-04-20T16:46:07.909+0000] {dagbag.py:540} INFO - Filling up the DagBag from /home/airflow/.local/lib/python3.8/site-packages/airflow/example_dags/example_skip_dag.py
[2024-04-20T16:46:07.917+0000] {processor.py:840} INFO - DAG(s) 'example_skip_dag' retrieved from /home/airflow/.local/lib/python3.8/site-packages/airflow/example_dags/example_skip_dag.py
[2024-04-20T16:46:07.963+0000] {logging_mixin.py:188} INFO - [2024-04-20T16:46:07.963+0000] {dag.py:3047} INFO - Sync 1 DAGs
[2024-04-20T16:46:07.988+0000] {logging_mixin.py:188} INFO - [2024-04-20T16:46:07.988+0000] {dag.py:3834} INFO - Setting next_dagrun for example_skip_dag to 2024-04-19 00:00:00+00:00, run_after=2024-04-20 00:00:00+00:00
[2024-04-20T16:46:08.412+0000] {processor.py:183} INFO - Processing /home/airflow/.local/lib/python3.8/site-packages/airflow/example_dags/example_skip_dag.py took 0.508 seconds
[2024-04-20T16:46:38.513+0000] {processor.py:161} INFO - Started process (PID=992) to work on /home/airflow/.local/lib/python3.8/site-packages/airflow/example_dags/example_skip_dag.py
[2024-04-20T16:46:38.514+0000] {processor.py:830} INFO - Processing file /home/airflow/.local/lib/python3.8/site-packages/airflow/example_dags/example_skip_dag.py for tasks to queue
[2024-04-20T16:46:38.515+0000] {logging_mixin.py:188} INFO - [2024-04-20T16:46:38.515+0000] {dagbag.py:540} INFO - Filling up the DagBag from /home/airflow/.local/lib/python3.8/site-packages/airflow/example_dags/example_skip_dag.py
[2024-04-20T16:46:38.523+0000] {processor.py:840} INFO - DAG(s) 'example_skip_dag' retrieved from /home/airflow/.local/lib/python3.8/site-packages/airflow/example_dags/example_skip_dag.py
[2024-04-20T16:46:38.549+0000] {logging_mixin.py:188} INFO - [2024-04-20T16:46:38.549+0000] {dag.py:3047} INFO - Sync 1 DAGs
[2024-04-20T16:46:38.574+0000] {logging_mixin.py:188} INFO - [2024-04-20T16:46:38.574+0000] {dag.py:3834} INFO - Setting next_dagrun for example_skip_dag to 2024-04-19 00:00:00+00:00, run_after=2024-04-20 00:00:00+00:00
[2024-04-20T16:46:38.751+0000] {processor.py:183} INFO - Processing /home/airflow/.local/lib/python3.8/site-packages/airflow/example_dags/example_skip_dag.py took 0.241 seconds
[2024-04-20T16:47:09.102+0000] {processor.py:161} INFO - Started process (PID=1245) to work on /home/airflow/.local/lib/python3.8/site-packages/airflow/example_dags/example_skip_dag.py
[2024-04-20T16:47:09.104+0000] {processor.py:830} INFO - Processing file /home/airflow/.local/lib/python3.8/site-packages/airflow/example_dags/example_skip_dag.py for tasks to queue
[2024-04-20T16:47:09.106+0000] {logging_mixin.py:188} INFO - [2024-04-20T16:47:09.106+0000] {dagbag.py:540} INFO - Filling up the DagBag from /home/airflow/.local/lib/python3.8/site-packages/airflow/example_dags/example_skip_dag.py
[2024-04-20T16:47:09.121+0000] {processor.py:840} INFO - DAG(s) 'example_skip_dag' retrieved from /home/airflow/.local/lib/python3.8/site-packages/airflow/example_dags/example_skip_dag.py
[2024-04-20T16:47:09.174+0000] {logging_mixin.py:188} INFO - [2024-04-20T16:47:09.174+0000] {dag.py:3047} INFO - Sync 1 DAGs
[2024-04-20T16:47:09.227+0000] {logging_mixin.py:188} INFO - [2024-04-20T16:47:09.226+0000] {dag.py:3834} INFO - Setting next_dagrun for example_skip_dag to 2024-04-19 00:00:00+00:00, run_after=2024-04-20 00:00:00+00:00
[2024-04-20T16:47:09.847+0000] {processor.py:183} INFO - Processing /home/airflow/.local/lib/python3.8/site-packages/airflow/example_dags/example_skip_dag.py took 0.749 seconds
[2024-04-20T16:47:39.948+0000] {processor.py:161} INFO - Started process (PID=1506) to work on /home/airflow/.local/lib/python3.8/site-packages/airflow/example_dags/example_skip_dag.py
[2024-04-20T16:47:39.949+0000] {processor.py:830} INFO - Processing file /home/airflow/.local/lib/python3.8/site-packages/airflow/example_dags/example_skip_dag.py for tasks to queue
[2024-04-20T16:47:39.950+0000] {logging_mixin.py:188} INFO - [2024-04-20T16:47:39.950+0000] {dagbag.py:540} INFO - Filling up the DagBag from /home/airflow/.local/lib/python3.8/site-packages/airflow/example_dags/example_skip_dag.py
[2024-04-20T16:47:39.955+0000] {processor.py:840} INFO - DAG(s) 'example_skip_dag' retrieved from /home/airflow/.local/lib/python3.8/site-packages/airflow/example_dags/example_skip_dag.py
[2024-04-20T16:47:39.972+0000] {logging_mixin.py:188} INFO - [2024-04-20T16:47:39.972+0000] {dag.py:3047} INFO - Sync 1 DAGs
[2024-04-20T16:47:39.990+0000] {logging_mixin.py:188} INFO - [2024-04-20T16:47:39.989+0000] {dag.py:3834} INFO - Setting next_dagrun for example_skip_dag to 2024-04-19 00:00:00+00:00, run_after=2024-04-20 00:00:00+00:00
[2024-04-20T16:47:40.111+0000] {processor.py:183} INFO - Processing /home/airflow/.local/lib/python3.8/site-packages/airflow/example_dags/example_skip_dag.py took 0.166 seconds
[2024-04-20T16:48:10.188+0000] {processor.py:161} INFO - Started process (PID=1761) to work on /home/airflow/.local/lib/python3.8/site-packages/airflow/example_dags/example_skip_dag.py
[2024-04-20T16:48:10.193+0000] {processor.py:830} INFO - Processing file /home/airflow/.local/lib/python3.8/site-packages/airflow/example_dags/example_skip_dag.py for tasks to queue
[2024-04-20T16:48:10.201+0000] {logging_mixin.py:188} INFO - [2024-04-20T16:48:10.201+0000] {dagbag.py:540} INFO - Filling up the DagBag from /home/airflow/.local/lib/python3.8/site-packages/airflow/example_dags/example_skip_dag.py
[2024-04-20T16:48:10.210+0000] {processor.py:840} INFO - DAG(s) 'example_skip_dag' retrieved from /home/airflow/.local/lib/python3.8/site-packages/airflow/example_dags/example_skip_dag.py
[2024-04-20T16:48:10.241+0000] {logging_mixin.py:188} INFO - [2024-04-20T16:48:10.240+0000] {dag.py:3047} INFO - Sync 1 DAGs
[2024-04-20T16:48:10.348+0000] {logging_mixin.py:188} INFO - [2024-04-20T16:48:10.347+0000] {dag.py:3834} INFO - Setting next_dagrun for example_skip_dag to 2024-04-19 00:00:00+00:00, run_after=2024-04-20 00:00:00+00:00
[2024-04-20T16:48:10.649+0000] {processor.py:183} INFO - Processing /home/airflow/.local/lib/python3.8/site-packages/airflow/example_dags/example_skip_dag.py took 0.473 seconds
[2024-04-20T16:48:40.954+0000] {processor.py:161} INFO - Started process (PID=2018) to work on /home/airflow/.local/lib/python3.8/site-packages/airflow/example_dags/example_skip_dag.py
[2024-04-20T16:48:40.955+0000] {processor.py:830} INFO - Processing file /home/airflow/.local/lib/python3.8/site-packages/airflow/example_dags/example_skip_dag.py for tasks to queue
[2024-04-20T16:48:40.957+0000] {logging_mixin.py:188} INFO - [2024-04-20T16:48:40.956+0000] {dagbag.py:540} INFO - Filling up the DagBag from /home/airflow/.local/lib/python3.8/site-packages/airflow/example_dags/example_skip_dag.py
[2024-04-20T16:48:40.964+0000] {processor.py:840} INFO - DAG(s) 'example_skip_dag' retrieved from /home/airflow/.local/lib/python3.8/site-packages/airflow/example_dags/example_skip_dag.py
[2024-04-20T16:48:40.990+0000] {logging_mixin.py:188} INFO - [2024-04-20T16:48:40.990+0000] {dag.py:3047} INFO - Sync 1 DAGs
[2024-04-20T16:48:41.008+0000] {logging_mixin.py:188} INFO - [2024-04-20T16:48:41.008+0000] {dag.py:3834} INFO - Setting next_dagrun for example_skip_dag to 2024-04-19 00:00:00+00:00, run_after=2024-04-20 00:00:00+00:00
[2024-04-20T16:48:41.364+0000] {processor.py:183} INFO - Processing /home/airflow/.local/lib/python3.8/site-packages/airflow/example_dags/example_skip_dag.py took 0.413 seconds
[2024-04-20T16:49:11.783+0000] {processor.py:161} INFO - Started process (PID=2275) to work on /home/airflow/.local/lib/python3.8/site-packages/airflow/example_dags/example_skip_dag.py
[2024-04-20T16:49:11.784+0000] {processor.py:830} INFO - Processing file /home/airflow/.local/lib/python3.8/site-packages/airflow/example_dags/example_skip_dag.py for tasks to queue
[2024-04-20T16:49:11.785+0000] {logging_mixin.py:188} INFO - [2024-04-20T16:49:11.785+0000] {dagbag.py:540} INFO - Filling up the DagBag from /home/airflow/.local/lib/python3.8/site-packages/airflow/example_dags/example_skip_dag.py
[2024-04-20T16:49:11.795+0000] {processor.py:840} INFO - DAG(s) 'example_skip_dag' retrieved from /home/airflow/.local/lib/python3.8/site-packages/airflow/example_dags/example_skip_dag.py
[2024-04-20T16:49:11.819+0000] {logging_mixin.py:188} INFO - [2024-04-20T16:49:11.819+0000] {dag.py:3047} INFO - Sync 1 DAGs
[2024-04-20T16:49:11.837+0000] {logging_mixin.py:188} INFO - [2024-04-20T16:49:11.837+0000] {dag.py:3834} INFO - Setting next_dagrun for example_skip_dag to 2024-04-19 00:00:00+00:00, run_after=2024-04-20 00:00:00+00:00
[2024-04-20T16:49:12.095+0000] {processor.py:183} INFO - Processing /home/airflow/.local/lib/python3.8/site-packages/airflow/example_dags/example_skip_dag.py took 0.317 seconds
[2024-04-20T16:49:42.512+0000] {processor.py:161} INFO - Started process (PID=2533) to work on /home/airflow/.local/lib/python3.8/site-packages/airflow/example_dags/example_skip_dag.py
[2024-04-20T16:49:42.513+0000] {processor.py:830} INFO - Processing file /home/airflow/.local/lib/python3.8/site-packages/airflow/example_dags/example_skip_dag.py for tasks to queue
[2024-04-20T16:49:42.514+0000] {logging_mixin.py:188} INFO - [2024-04-20T16:49:42.514+0000] {dagbag.py:540} INFO - Filling up the DagBag from /home/airflow/.local/lib/python3.8/site-packages/airflow/example_dags/example_skip_dag.py
[2024-04-20T16:49:42.522+0000] {processor.py:840} INFO - DAG(s) 'example_skip_dag' retrieved from /home/airflow/.local/lib/python3.8/site-packages/airflow/example_dags/example_skip_dag.py
[2024-04-20T16:49:42.547+0000] {logging_mixin.py:188} INFO - [2024-04-20T16:49:42.547+0000] {dag.py:3047} INFO - Sync 1 DAGs
[2024-04-20T16:49:42.566+0000] {logging_mixin.py:188} INFO - [2024-04-20T16:49:42.566+0000] {dag.py:3834} INFO - Setting next_dagrun for example_skip_dag to 2024-04-19 00:00:00+00:00, run_after=2024-04-20 00:00:00+00:00
[2024-04-20T16:49:42.758+0000] {processor.py:183} INFO - Processing /home/airflow/.local/lib/python3.8/site-packages/airflow/example_dags/example_skip_dag.py took 0.250 seconds
[2024-04-20T16:50:13.558+0000] {processor.py:161} INFO - Started process (PID=2790) to work on /home/airflow/.local/lib/python3.8/site-packages/airflow/example_dags/example_skip_dag.py
[2024-04-20T16:50:13.559+0000] {processor.py:830} INFO - Processing file /home/airflow/.local/lib/python3.8/site-packages/airflow/example_dags/example_skip_dag.py for tasks to queue
[2024-04-20T16:50:13.560+0000] {logging_mixin.py:188} INFO - [2024-04-20T16:50:13.560+0000] {dagbag.py:540} INFO - Filling up the DagBag from /home/airflow/.local/lib/python3.8/site-packages/airflow/example_dags/example_skip_dag.py
[2024-04-20T16:50:13.568+0000] {processor.py:840} INFO - DAG(s) 'example_skip_dag' retrieved from /home/airflow/.local/lib/python3.8/site-packages/airflow/example_dags/example_skip_dag.py
[2024-04-20T16:50:13.593+0000] {logging_mixin.py:188} INFO - [2024-04-20T16:50:13.593+0000] {dag.py:3047} INFO - Sync 1 DAGs
[2024-04-20T16:50:13.611+0000] {logging_mixin.py:188} INFO - [2024-04-20T16:50:13.610+0000] {dag.py:3834} INFO - Setting next_dagrun for example_skip_dag to 2024-04-19 00:00:00+00:00, run_after=2024-04-20 00:00:00+00:00
[2024-04-20T16:50:13.816+0000] {processor.py:183} INFO - Processing /home/airflow/.local/lib/python3.8/site-packages/airflow/example_dags/example_skip_dag.py took 0.261 seconds
[2024-04-20T16:50:43.970+0000] {processor.py:161} INFO - Started process (PID=3048) to work on /home/airflow/.local/lib/python3.8/site-packages/airflow/example_dags/example_skip_dag.py
[2024-04-20T16:50:43.972+0000] {processor.py:830} INFO - Processing file /home/airflow/.local/lib/python3.8/site-packages/airflow/example_dags/example_skip_dag.py for tasks to queue
[2024-04-20T16:50:43.973+0000] {logging_mixin.py:188} INFO - [2024-04-20T16:50:43.972+0000] {dagbag.py:540} INFO - Filling up the DagBag from /home/airflow/.local/lib/python3.8/site-packages/airflow/example_dags/example_skip_dag.py
[2024-04-20T16:50:43.981+0000] {processor.py:840} INFO - DAG(s) 'example_skip_dag' retrieved from /home/airflow/.local/lib/python3.8/site-packages/airflow/example_dags/example_skip_dag.py
[2024-04-20T16:50:44.008+0000] {logging_mixin.py:188} INFO - [2024-04-20T16:50:44.008+0000] {dag.py:3047} INFO - Sync 1 DAGs
[2024-04-20T16:50:44.033+0000] {logging_mixin.py:188} INFO - [2024-04-20T16:50:44.033+0000] {dag.py:3834} INFO - Setting next_dagrun for example_skip_dag to 2024-04-19 00:00:00+00:00, run_after=2024-04-20 00:00:00+00:00
[2024-04-20T16:50:44.241+0000] {processor.py:183} INFO - Processing /home/airflow/.local/lib/python3.8/site-packages/airflow/example_dags/example_skip_dag.py took 0.274 seconds
[2024-04-20T16:51:15.033+0000] {processor.py:161} INFO - Started process (PID=3305) to work on /home/airflow/.local/lib/python3.8/site-packages/airflow/example_dags/example_skip_dag.py
[2024-04-20T16:51:15.034+0000] {processor.py:830} INFO - Processing file /home/airflow/.local/lib/python3.8/site-packages/airflow/example_dags/example_skip_dag.py for tasks to queue
[2024-04-20T16:51:15.036+0000] {logging_mixin.py:188} INFO - [2024-04-20T16:51:15.035+0000] {dagbag.py:540} INFO - Filling up the DagBag from /home/airflow/.local/lib/python3.8/site-packages/airflow/example_dags/example_skip_dag.py
[2024-04-20T16:51:15.043+0000] {processor.py:840} INFO - DAG(s) 'example_skip_dag' retrieved from /home/airflow/.local/lib/python3.8/site-packages/airflow/example_dags/example_skip_dag.py
[2024-04-20T16:51:15.067+0000] {logging_mixin.py:188} INFO - [2024-04-20T16:51:15.067+0000] {dag.py:3047} INFO - Sync 1 DAGs
[2024-04-20T16:51:15.090+0000] {logging_mixin.py:188} INFO - [2024-04-20T16:51:15.090+0000] {dag.py:3834} INFO - Setting next_dagrun for example_skip_dag to 2024-04-19 00:00:00+00:00, run_after=2024-04-20 00:00:00+00:00
[2024-04-20T16:51:15.351+0000] {processor.py:183} INFO - Processing /home/airflow/.local/lib/python3.8/site-packages/airflow/example_dags/example_skip_dag.py took 0.321 seconds
[2024-04-20T16:51:45.772+0000] {processor.py:161} INFO - Started process (PID=3562) to work on /home/airflow/.local/lib/python3.8/site-packages/airflow/example_dags/example_skip_dag.py
[2024-04-20T16:51:45.773+0000] {processor.py:830} INFO - Processing file /home/airflow/.local/lib/python3.8/site-packages/airflow/example_dags/example_skip_dag.py for tasks to queue
[2024-04-20T16:51:45.774+0000] {logging_mixin.py:188} INFO - [2024-04-20T16:51:45.773+0000] {dagbag.py:540} INFO - Filling up the DagBag from /home/airflow/.local/lib/python3.8/site-packages/airflow/example_dags/example_skip_dag.py
[2024-04-20T16:51:45.782+0000] {processor.py:840} INFO - DAG(s) 'example_skip_dag' retrieved from /home/airflow/.local/lib/python3.8/site-packages/airflow/example_dags/example_skip_dag.py
[2024-04-20T16:51:45.806+0000] {logging_mixin.py:188} INFO - [2024-04-20T16:51:45.805+0000] {dag.py:3047} INFO - Sync 1 DAGs
[2024-04-20T16:51:45.827+0000] {logging_mixin.py:188} INFO - [2024-04-20T16:51:45.827+0000] {dag.py:3834} INFO - Setting next_dagrun for example_skip_dag to 2024-04-19 00:00:00+00:00, run_after=2024-04-20 00:00:00+00:00
[2024-04-20T16:51:45.984+0000] {processor.py:183} INFO - Processing /home/airflow/.local/lib/python3.8/site-packages/airflow/example_dags/example_skip_dag.py took 0.216 seconds
[2024-04-20T16:52:16.690+0000] {processor.py:161} INFO - Started process (PID=3819) to work on /home/airflow/.local/lib/python3.8/site-packages/airflow/example_dags/example_skip_dag.py
[2024-04-20T16:52:16.691+0000] {processor.py:830} INFO - Processing file /home/airflow/.local/lib/python3.8/site-packages/airflow/example_dags/example_skip_dag.py for tasks to queue
[2024-04-20T16:52:16.692+0000] {logging_mixin.py:188} INFO - [2024-04-20T16:52:16.692+0000] {dagbag.py:540} INFO - Filling up the DagBag from /home/airflow/.local/lib/python3.8/site-packages/airflow/example_dags/example_skip_dag.py
[2024-04-20T16:52:16.703+0000] {processor.py:840} INFO - DAG(s) 'example_skip_dag' retrieved from /home/airflow/.local/lib/python3.8/site-packages/airflow/example_dags/example_skip_dag.py
[2024-04-20T16:52:16.729+0000] {logging_mixin.py:188} INFO - [2024-04-20T16:52:16.728+0000] {dag.py:3047} INFO - Sync 1 DAGs
[2024-04-20T16:52:16.763+0000] {logging_mixin.py:188} INFO - [2024-04-20T16:52:16.763+0000] {dag.py:3834} INFO - Setting next_dagrun for example_skip_dag to 2024-04-19 00:00:00+00:00, run_after=2024-04-20 00:00:00+00:00
[2024-04-20T16:52:16.887+0000] {processor.py:183} INFO - Processing /home/airflow/.local/lib/python3.8/site-packages/airflow/example_dags/example_skip_dag.py took 0.201 seconds
[2024-04-20T16:52:47.338+0000] {processor.py:161} INFO - Started process (PID=4076) to work on /home/airflow/.local/lib/python3.8/site-packages/airflow/example_dags/example_skip_dag.py
[2024-04-20T16:52:47.339+0000] {processor.py:830} INFO - Processing file /home/airflow/.local/lib/python3.8/site-packages/airflow/example_dags/example_skip_dag.py for tasks to queue
[2024-04-20T16:52:47.340+0000] {logging_mixin.py:188} INFO - [2024-04-20T16:52:47.340+0000] {dagbag.py:540} INFO - Filling up the DagBag from /home/airflow/.local/lib/python3.8/site-packages/airflow/example_dags/example_skip_dag.py
[2024-04-20T16:52:47.347+0000] {processor.py:840} INFO - DAG(s) 'example_skip_dag' retrieved from /home/airflow/.local/lib/python3.8/site-packages/airflow/example_dags/example_skip_dag.py
[2024-04-20T16:52:47.372+0000] {logging_mixin.py:188} INFO - [2024-04-20T16:52:47.371+0000] {dag.py:3047} INFO - Sync 1 DAGs
[2024-04-20T16:52:47.393+0000] {logging_mixin.py:188} INFO - [2024-04-20T16:52:47.393+0000] {dag.py:3834} INFO - Setting next_dagrun for example_skip_dag to 2024-04-19 00:00:00+00:00, run_after=2024-04-20 00:00:00+00:00
[2024-04-20T16:52:47.603+0000] {processor.py:183} INFO - Processing /home/airflow/.local/lib/python3.8/site-packages/airflow/example_dags/example_skip_dag.py took 0.269 seconds
[2024-04-20T16:53:17.867+0000] {processor.py:161} INFO - Started process (PID=4334) to work on /home/airflow/.local/lib/python3.8/site-packages/airflow/example_dags/example_skip_dag.py
[2024-04-20T16:53:17.868+0000] {processor.py:830} INFO - Processing file /home/airflow/.local/lib/python3.8/site-packages/airflow/example_dags/example_skip_dag.py for tasks to queue
[2024-04-20T16:53:17.869+0000] {logging_mixin.py:188} INFO - [2024-04-20T16:53:17.869+0000] {dagbag.py:540} INFO - Filling up the DagBag from /home/airflow/.local/lib/python3.8/site-packages/airflow/example_dags/example_skip_dag.py
[2024-04-20T16:53:17.877+0000] {processor.py:840} INFO - DAG(s) 'example_skip_dag' retrieved from /home/airflow/.local/lib/python3.8/site-packages/airflow/example_dags/example_skip_dag.py
[2024-04-20T16:53:17.903+0000] {logging_mixin.py:188} INFO - [2024-04-20T16:53:17.902+0000] {dag.py:3047} INFO - Sync 1 DAGs
[2024-04-20T16:53:17.922+0000] {logging_mixin.py:188} INFO - [2024-04-20T16:53:17.922+0000] {dag.py:3834} INFO - Setting next_dagrun for example_skip_dag to 2024-04-19 00:00:00+00:00, run_after=2024-04-20 00:00:00+00:00
[2024-04-20T16:53:18.242+0000] {processor.py:183} INFO - Processing /home/airflow/.local/lib/python3.8/site-packages/airflow/example_dags/example_skip_dag.py took 0.378 seconds
[2024-04-20T16:53:48.416+0000] {processor.py:161} INFO - Started process (PID=4591) to work on /home/airflow/.local/lib/python3.8/site-packages/airflow/example_dags/example_skip_dag.py
[2024-04-20T16:53:48.417+0000] {processor.py:830} INFO - Processing file /home/airflow/.local/lib/python3.8/site-packages/airflow/example_dags/example_skip_dag.py for tasks to queue
[2024-04-20T16:53:48.418+0000] {logging_mixin.py:188} INFO - [2024-04-20T16:53:48.418+0000] {dagbag.py:540} INFO - Filling up the DagBag from /home/airflow/.local/lib/python3.8/site-packages/airflow/example_dags/example_skip_dag.py
[2024-04-20T16:53:48.426+0000] {processor.py:840} INFO - DAG(s) 'example_skip_dag' retrieved from /home/airflow/.local/lib/python3.8/site-packages/airflow/example_dags/example_skip_dag.py
[2024-04-20T16:53:48.451+0000] {logging_mixin.py:188} INFO - [2024-04-20T16:53:48.451+0000] {dag.py:3047} INFO - Sync 1 DAGs
[2024-04-20T16:53:48.472+0000] {logging_mixin.py:188} INFO - [2024-04-20T16:53:48.471+0000] {dag.py:3834} INFO - Setting next_dagrun for example_skip_dag to 2024-04-19 00:00:00+00:00, run_after=2024-04-20 00:00:00+00:00
[2024-04-20T16:53:48.681+0000] {processor.py:183} INFO - Processing /home/airflow/.local/lib/python3.8/site-packages/airflow/example_dags/example_skip_dag.py took 0.269 seconds
[2024-04-20T16:54:18.769+0000] {processor.py:161} INFO - Started process (PID=4847) to work on /home/airflow/.local/lib/python3.8/site-packages/airflow/example_dags/example_skip_dag.py
[2024-04-20T16:54:18.770+0000] {processor.py:830} INFO - Processing file /home/airflow/.local/lib/python3.8/site-packages/airflow/example_dags/example_skip_dag.py for tasks to queue
[2024-04-20T16:54:18.771+0000] {logging_mixin.py:188} INFO - [2024-04-20T16:54:18.770+0000] {dagbag.py:540} INFO - Filling up the DagBag from /home/airflow/.local/lib/python3.8/site-packages/airflow/example_dags/example_skip_dag.py
[2024-04-20T16:54:18.779+0000] {processor.py:840} INFO - DAG(s) 'example_skip_dag' retrieved from /home/airflow/.local/lib/python3.8/site-packages/airflow/example_dags/example_skip_dag.py
[2024-04-20T16:54:18.804+0000] {logging_mixin.py:188} INFO - [2024-04-20T16:54:18.804+0000] {dag.py:3047} INFO - Sync 1 DAGs
[2024-04-20T16:54:18.824+0000] {logging_mixin.py:188} INFO - [2024-04-20T16:54:18.824+0000] {dag.py:3834} INFO - Setting next_dagrun for example_skip_dag to 2024-04-19 00:00:00+00:00, run_after=2024-04-20 00:00:00+00:00
[2024-04-20T16:54:19.086+0000] {processor.py:183} INFO - Processing /home/airflow/.local/lib/python3.8/site-packages/airflow/example_dags/example_skip_dag.py took 0.321 seconds
[2024-04-20T16:54:49.426+0000] {processor.py:161} INFO - Started process (PID=5105) to work on /home/airflow/.local/lib/python3.8/site-packages/airflow/example_dags/example_skip_dag.py
[2024-04-20T16:54:49.428+0000] {processor.py:830} INFO - Processing file /home/airflow/.local/lib/python3.8/site-packages/airflow/example_dags/example_skip_dag.py for tasks to queue
[2024-04-20T16:54:49.429+0000] {logging_mixin.py:188} INFO - [2024-04-20T16:54:49.429+0000] {dagbag.py:540} INFO - Filling up the DagBag from /home/airflow/.local/lib/python3.8/site-packages/airflow/example_dags/example_skip_dag.py
[2024-04-20T16:54:49.437+0000] {processor.py:840} INFO - DAG(s) 'example_skip_dag' retrieved from /home/airflow/.local/lib/python3.8/site-packages/airflow/example_dags/example_skip_dag.py
[2024-04-20T16:54:49.462+0000] {logging_mixin.py:188} INFO - [2024-04-20T16:54:49.462+0000] {dag.py:3047} INFO - Sync 1 DAGs
[2024-04-20T16:54:49.482+0000] {logging_mixin.py:188} INFO - [2024-04-20T16:54:49.482+0000] {dag.py:3834} INFO - Setting next_dagrun for example_skip_dag to 2024-04-19 00:00:00+00:00, run_after=2024-04-20 00:00:00+00:00
[2024-04-20T16:54:49.691+0000] {processor.py:183} INFO - Processing /home/airflow/.local/lib/python3.8/site-packages/airflow/example_dags/example_skip_dag.py took 0.268 seconds
[2024-04-20T16:55:19.985+0000] {processor.py:161} INFO - Started process (PID=5362) to work on /home/airflow/.local/lib/python3.8/site-packages/airflow/example_dags/example_skip_dag.py
[2024-04-20T16:55:19.986+0000] {processor.py:830} INFO - Processing file /home/airflow/.local/lib/python3.8/site-packages/airflow/example_dags/example_skip_dag.py for tasks to queue
[2024-04-20T16:55:19.987+0000] {logging_mixin.py:188} INFO - [2024-04-20T16:55:19.987+0000] {dagbag.py:540} INFO - Filling up the DagBag from /home/airflow/.local/lib/python3.8/site-packages/airflow/example_dags/example_skip_dag.py
[2024-04-20T16:55:19.995+0000] {processor.py:840} INFO - DAG(s) 'example_skip_dag' retrieved from /home/airflow/.local/lib/python3.8/site-packages/airflow/example_dags/example_skip_dag.py
[2024-04-20T16:55:20.019+0000] {logging_mixin.py:188} INFO - [2024-04-20T16:55:20.019+0000] {dag.py:3047} INFO - Sync 1 DAGs
[2024-04-20T16:55:20.041+0000] {logging_mixin.py:188} INFO - [2024-04-20T16:55:20.041+0000] {dag.py:3834} INFO - Setting next_dagrun for example_skip_dag to 2024-04-19 00:00:00+00:00, run_after=2024-04-20 00:00:00+00:00
[2024-04-20T16:55:20.325+0000] {processor.py:183} INFO - Processing /home/airflow/.local/lib/python3.8/site-packages/airflow/example_dags/example_skip_dag.py took 0.344 seconds
[2024-04-20T16:55:50.375+0000] {processor.py:161} INFO - Started process (PID=5620) to work on /home/airflow/.local/lib/python3.8/site-packages/airflow/example_dags/example_skip_dag.py
[2024-04-20T16:55:50.376+0000] {processor.py:830} INFO - Processing file /home/airflow/.local/lib/python3.8/site-packages/airflow/example_dags/example_skip_dag.py for tasks to queue
[2024-04-20T16:55:50.378+0000] {logging_mixin.py:188} INFO - [2024-04-20T16:55:50.377+0000] {dagbag.py:540} INFO - Filling up the DagBag from /home/airflow/.local/lib/python3.8/site-packages/airflow/example_dags/example_skip_dag.py
[2024-04-20T16:55:50.386+0000] {processor.py:840} INFO - DAG(s) 'example_skip_dag' retrieved from /home/airflow/.local/lib/python3.8/site-packages/airflow/example_dags/example_skip_dag.py
[2024-04-20T16:55:50.412+0000] {logging_mixin.py:188} INFO - [2024-04-20T16:55:50.412+0000] {dag.py:3047} INFO - Sync 1 DAGs
[2024-04-20T16:55:50.432+0000] {logging_mixin.py:188} INFO - [2024-04-20T16:55:50.432+0000] {dag.py:3834} INFO - Setting next_dagrun for example_skip_dag to 2024-04-19 00:00:00+00:00, run_after=2024-04-20 00:00:00+00:00
[2024-04-20T16:55:50.649+0000] {processor.py:183} INFO - Processing /home/airflow/.local/lib/python3.8/site-packages/airflow/example_dags/example_skip_dag.py took 0.277 seconds
[2024-04-20T16:56:20.753+0000] {processor.py:161} INFO - Started process (PID=5877) to work on /home/airflow/.local/lib/python3.8/site-packages/airflow/example_dags/example_skip_dag.py
[2024-04-20T16:56:20.754+0000] {processor.py:830} INFO - Processing file /home/airflow/.local/lib/python3.8/site-packages/airflow/example_dags/example_skip_dag.py for tasks to queue
[2024-04-20T16:56:20.755+0000] {logging_mixin.py:188} INFO - [2024-04-20T16:56:20.754+0000] {dagbag.py:540} INFO - Filling up the DagBag from /home/airflow/.local/lib/python3.8/site-packages/airflow/example_dags/example_skip_dag.py
[2024-04-20T16:56:20.762+0000] {processor.py:840} INFO - DAG(s) 'example_skip_dag' retrieved from /home/airflow/.local/lib/python3.8/site-packages/airflow/example_dags/example_skip_dag.py
[2024-04-20T16:56:20.787+0000] {logging_mixin.py:188} INFO - [2024-04-20T16:56:20.787+0000] {dag.py:3047} INFO - Sync 1 DAGs
[2024-04-20T16:56:20.806+0000] {logging_mixin.py:188} INFO - [2024-04-20T16:56:20.805+0000] {dag.py:3834} INFO - Setting next_dagrun for example_skip_dag to 2024-04-19 00:00:00+00:00, run_after=2024-04-20 00:00:00+00:00
[2024-04-20T16:56:21.115+0000] {processor.py:183} INFO - Processing /home/airflow/.local/lib/python3.8/site-packages/airflow/example_dags/example_skip_dag.py took 0.366 seconds
[2024-04-20T16:56:51.224+0000] {processor.py:161} INFO - Started process (PID=6128) to work on /home/airflow/.local/lib/python3.8/site-packages/airflow/example_dags/example_skip_dag.py
[2024-04-20T16:56:51.225+0000] {processor.py:830} INFO - Processing file /home/airflow/.local/lib/python3.8/site-packages/airflow/example_dags/example_skip_dag.py for tasks to queue
[2024-04-20T16:56:51.226+0000] {logging_mixin.py:188} INFO - [2024-04-20T16:56:51.226+0000] {dagbag.py:540} INFO - Filling up the DagBag from /home/airflow/.local/lib/python3.8/site-packages/airflow/example_dags/example_skip_dag.py
[2024-04-20T16:56:51.234+0000] {processor.py:840} INFO - DAG(s) 'example_skip_dag' retrieved from /home/airflow/.local/lib/python3.8/site-packages/airflow/example_dags/example_skip_dag.py
[2024-04-20T16:56:51.259+0000] {logging_mixin.py:188} INFO - [2024-04-20T16:56:51.259+0000] {dag.py:3047} INFO - Sync 1 DAGs
[2024-04-20T16:56:51.279+0000] {logging_mixin.py:188} INFO - [2024-04-20T16:56:51.279+0000] {dag.py:3834} INFO - Setting next_dagrun for example_skip_dag to 2024-04-19 00:00:00+00:00, run_after=2024-04-20 00:00:00+00:00
[2024-04-20T16:56:51.488+0000] {processor.py:183} INFO - Processing /home/airflow/.local/lib/python3.8/site-packages/airflow/example_dags/example_skip_dag.py took 0.268 seconds
[2024-04-20T16:57:21.650+0000] {processor.py:161} INFO - Started process (PID=6387) to work on /home/airflow/.local/lib/python3.8/site-packages/airflow/example_dags/example_skip_dag.py
[2024-04-20T16:57:21.651+0000] {processor.py:830} INFO - Processing file /home/airflow/.local/lib/python3.8/site-packages/airflow/example_dags/example_skip_dag.py for tasks to queue
[2024-04-20T16:57:21.652+0000] {logging_mixin.py:188} INFO - [2024-04-20T16:57:21.651+0000] {dagbag.py:540} INFO - Filling up the DagBag from /home/airflow/.local/lib/python3.8/site-packages/airflow/example_dags/example_skip_dag.py
[2024-04-20T16:57:21.658+0000] {processor.py:840} INFO - DAG(s) 'example_skip_dag' retrieved from /home/airflow/.local/lib/python3.8/site-packages/airflow/example_dags/example_skip_dag.py
[2024-04-20T16:57:21.676+0000] {logging_mixin.py:188} INFO - [2024-04-20T16:57:21.676+0000] {dag.py:3047} INFO - Sync 1 DAGs
[2024-04-20T16:57:21.693+0000] {logging_mixin.py:188} INFO - [2024-04-20T16:57:21.692+0000] {dag.py:3834} INFO - Setting next_dagrun for example_skip_dag to 2024-04-19 00:00:00+00:00, run_after=2024-04-20 00:00:00+00:00
[2024-04-20T16:57:21.813+0000] {processor.py:183} INFO - Processing /home/airflow/.local/lib/python3.8/site-packages/airflow/example_dags/example_skip_dag.py took 0.166 seconds
[2024-04-20T16:57:51.886+0000] {processor.py:161} INFO - Started process (PID=6643) to work on /home/airflow/.local/lib/python3.8/site-packages/airflow/example_dags/example_skip_dag.py
[2024-04-20T16:57:51.887+0000] {processor.py:830} INFO - Processing file /home/airflow/.local/lib/python3.8/site-packages/airflow/example_dags/example_skip_dag.py for tasks to queue
[2024-04-20T16:57:51.888+0000] {logging_mixin.py:188} INFO - [2024-04-20T16:57:51.888+0000] {dagbag.py:540} INFO - Filling up the DagBag from /home/airflow/.local/lib/python3.8/site-packages/airflow/example_dags/example_skip_dag.py
[2024-04-20T16:57:51.897+0000] {processor.py:840} INFO - DAG(s) 'example_skip_dag' retrieved from /home/airflow/.local/lib/python3.8/site-packages/airflow/example_dags/example_skip_dag.py
[2024-04-20T16:57:51.921+0000] {logging_mixin.py:188} INFO - [2024-04-20T16:57:51.921+0000] {dag.py:3047} INFO - Sync 1 DAGs
[2024-04-20T16:57:51.943+0000] {logging_mixin.py:188} INFO - [2024-04-20T16:57:51.942+0000] {dag.py:3834} INFO - Setting next_dagrun for example_skip_dag to 2024-04-19 00:00:00+00:00, run_after=2024-04-20 00:00:00+00:00
[2024-04-20T16:57:52.154+0000] {processor.py:183} INFO - Processing /home/airflow/.local/lib/python3.8/site-packages/airflow/example_dags/example_skip_dag.py took 0.271 seconds
[2024-04-20T16:58:22.280+0000] {processor.py:161} INFO - Started process (PID=6900) to work on /home/airflow/.local/lib/python3.8/site-packages/airflow/example_dags/example_skip_dag.py
[2024-04-20T16:58:22.281+0000] {processor.py:830} INFO - Processing file /home/airflow/.local/lib/python3.8/site-packages/airflow/example_dags/example_skip_dag.py for tasks to queue
[2024-04-20T16:58:22.282+0000] {logging_mixin.py:188} INFO - [2024-04-20T16:58:22.282+0000] {dagbag.py:540} INFO - Filling up the DagBag from /home/airflow/.local/lib/python3.8/site-packages/airflow/example_dags/example_skip_dag.py
[2024-04-20T16:58:22.290+0000] {processor.py:840} INFO - DAG(s) 'example_skip_dag' retrieved from /home/airflow/.local/lib/python3.8/site-packages/airflow/example_dags/example_skip_dag.py
[2024-04-20T16:58:22.320+0000] {logging_mixin.py:188} INFO - [2024-04-20T16:58:22.320+0000] {dag.py:3047} INFO - Sync 1 DAGs
[2024-04-20T16:58:22.341+0000] {logging_mixin.py:188} INFO - [2024-04-20T16:58:22.341+0000] {dag.py:3834} INFO - Setting next_dagrun for example_skip_dag to 2024-04-19 00:00:00+00:00, run_after=2024-04-20 00:00:00+00:00
[2024-04-20T16:58:22.739+0000] {processor.py:183} INFO - Processing /home/airflow/.local/lib/python3.8/site-packages/airflow/example_dags/example_skip_dag.py took 0.462 seconds
[2024-04-20T16:58:52.905+0000] {processor.py:161} INFO - Started process (PID=7157) to work on /home/airflow/.local/lib/python3.8/site-packages/airflow/example_dags/example_skip_dag.py
[2024-04-20T16:58:52.906+0000] {processor.py:830} INFO - Processing file /home/airflow/.local/lib/python3.8/site-packages/airflow/example_dags/example_skip_dag.py for tasks to queue
[2024-04-20T16:58:52.907+0000] {logging_mixin.py:188} INFO - [2024-04-20T16:58:52.906+0000] {dagbag.py:540} INFO - Filling up the DagBag from /home/airflow/.local/lib/python3.8/site-packages/airflow/example_dags/example_skip_dag.py
[2024-04-20T16:58:52.914+0000] {processor.py:840} INFO - DAG(s) 'example_skip_dag' retrieved from /home/airflow/.local/lib/python3.8/site-packages/airflow/example_dags/example_skip_dag.py
[2024-04-20T16:58:52.937+0000] {logging_mixin.py:188} INFO - [2024-04-20T16:58:52.936+0000] {dag.py:3047} INFO - Sync 1 DAGs
[2024-04-20T16:58:52.964+0000] {logging_mixin.py:188} INFO - [2024-04-20T16:58:52.963+0000] {dag.py:3834} INFO - Setting next_dagrun for example_skip_dag to 2024-04-19 00:00:00+00:00, run_after=2024-04-20 00:00:00+00:00
[2024-04-20T16:58:53.228+0000] {processor.py:183} INFO - Processing /home/airflow/.local/lib/python3.8/site-packages/airflow/example_dags/example_skip_dag.py took 0.327 seconds
[2024-04-20T16:59:23.362+0000] {processor.py:161} INFO - Started process (PID=7418) to work on /home/airflow/.local/lib/python3.8/site-packages/airflow/example_dags/example_skip_dag.py
[2024-04-20T16:59:23.363+0000] {processor.py:830} INFO - Processing file /home/airflow/.local/lib/python3.8/site-packages/airflow/example_dags/example_skip_dag.py for tasks to queue
[2024-04-20T16:59:23.364+0000] {logging_mixin.py:188} INFO - [2024-04-20T16:59:23.363+0000] {dagbag.py:540} INFO - Filling up the DagBag from /home/airflow/.local/lib/python3.8/site-packages/airflow/example_dags/example_skip_dag.py
[2024-04-20T16:59:23.369+0000] {processor.py:840} INFO - DAG(s) 'example_skip_dag' retrieved from /home/airflow/.local/lib/python3.8/site-packages/airflow/example_dags/example_skip_dag.py
[2024-04-20T16:59:23.386+0000] {logging_mixin.py:188} INFO - [2024-04-20T16:59:23.386+0000] {dag.py:3047} INFO - Sync 1 DAGs
[2024-04-20T16:59:23.403+0000] {logging_mixin.py:188} INFO - [2024-04-20T16:59:23.403+0000] {dag.py:3834} INFO - Setting next_dagrun for example_skip_dag to 2024-04-19 00:00:00+00:00, run_after=2024-04-20 00:00:00+00:00
[2024-04-20T16:59:23.525+0000] {processor.py:183} INFO - Processing /home/airflow/.local/lib/python3.8/site-packages/airflow/example_dags/example_skip_dag.py took 0.166 seconds
[2024-04-20T16:59:53.705+0000] {processor.py:161} INFO - Started process (PID=7673) to work on /home/airflow/.local/lib/python3.8/site-packages/airflow/example_dags/example_skip_dag.py
[2024-04-20T16:59:53.707+0000] {processor.py:830} INFO - Processing file /home/airflow/.local/lib/python3.8/site-packages/airflow/example_dags/example_skip_dag.py for tasks to queue
[2024-04-20T16:59:53.707+0000] {logging_mixin.py:188} INFO - [2024-04-20T16:59:53.707+0000] {dagbag.py:540} INFO - Filling up the DagBag from /home/airflow/.local/lib/python3.8/site-packages/airflow/example_dags/example_skip_dag.py
[2024-04-20T16:59:53.716+0000] {processor.py:840} INFO - DAG(s) 'example_skip_dag' retrieved from /home/airflow/.local/lib/python3.8/site-packages/airflow/example_dags/example_skip_dag.py
[2024-04-20T16:59:53.740+0000] {logging_mixin.py:188} INFO - [2024-04-20T16:59:53.739+0000] {dag.py:3047} INFO - Sync 1 DAGs
[2024-04-20T16:59:53.760+0000] {logging_mixin.py:188} INFO - [2024-04-20T16:59:53.760+0000] {dag.py:3834} INFO - Setting next_dagrun for example_skip_dag to 2024-04-19 00:00:00+00:00, run_after=2024-04-20 00:00:00+00:00
[2024-04-20T16:59:54.022+0000] {processor.py:183} INFO - Processing /home/airflow/.local/lib/python3.8/site-packages/airflow/example_dags/example_skip_dag.py took 0.321 seconds
[2024-04-20T17:00:24.139+0000] {processor.py:161} INFO - Started process (PID=7930) to work on /home/airflow/.local/lib/python3.8/site-packages/airflow/example_dags/example_skip_dag.py
[2024-04-20T17:00:24.140+0000] {processor.py:830} INFO - Processing file /home/airflow/.local/lib/python3.8/site-packages/airflow/example_dags/example_skip_dag.py for tasks to queue
[2024-04-20T17:00:24.141+0000] {logging_mixin.py:188} INFO - [2024-04-20T17:00:24.141+0000] {dagbag.py:540} INFO - Filling up the DagBag from /home/airflow/.local/lib/python3.8/site-packages/airflow/example_dags/example_skip_dag.py
[2024-04-20T17:00:24.147+0000] {processor.py:840} INFO - DAG(s) 'example_skip_dag' retrieved from /home/airflow/.local/lib/python3.8/site-packages/airflow/example_dags/example_skip_dag.py
[2024-04-20T17:00:24.165+0000] {logging_mixin.py:188} INFO - [2024-04-20T17:00:24.164+0000] {dag.py:3047} INFO - Sync 1 DAGs
[2024-04-20T17:00:24.190+0000] {logging_mixin.py:188} INFO - [2024-04-20T17:00:24.190+0000] {dag.py:3834} INFO - Setting next_dagrun for example_skip_dag to 2024-04-19 00:00:00+00:00, run_after=2024-04-20 00:00:00+00:00
[2024-04-20T17:00:24.313+0000] {processor.py:183} INFO - Processing /home/airflow/.local/lib/python3.8/site-packages/airflow/example_dags/example_skip_dag.py took 0.176 seconds
[2024-04-20T17:00:54.420+0000] {processor.py:161} INFO - Started process (PID=8187) to work on /home/airflow/.local/lib/python3.8/site-packages/airflow/example_dags/example_skip_dag.py
[2024-04-20T17:00:54.421+0000] {processor.py:830} INFO - Processing file /home/airflow/.local/lib/python3.8/site-packages/airflow/example_dags/example_skip_dag.py for tasks to queue
[2024-04-20T17:00:54.422+0000] {logging_mixin.py:188} INFO - [2024-04-20T17:00:54.421+0000] {dagbag.py:540} INFO - Filling up the DagBag from /home/airflow/.local/lib/python3.8/site-packages/airflow/example_dags/example_skip_dag.py
[2024-04-20T17:00:54.430+0000] {processor.py:840} INFO - DAG(s) 'example_skip_dag' retrieved from /home/airflow/.local/lib/python3.8/site-packages/airflow/example_dags/example_skip_dag.py
[2024-04-20T17:00:54.454+0000] {logging_mixin.py:188} INFO - [2024-04-20T17:00:54.454+0000] {dag.py:3047} INFO - Sync 1 DAGs
[2024-04-20T17:00:54.477+0000] {logging_mixin.py:188} INFO - [2024-04-20T17:00:54.477+0000] {dag.py:3834} INFO - Setting next_dagrun for example_skip_dag to 2024-04-19 00:00:00+00:00, run_after=2024-04-20 00:00:00+00:00
[2024-04-20T17:00:54.741+0000] {processor.py:183} INFO - Processing /home/airflow/.local/lib/python3.8/site-packages/airflow/example_dags/example_skip_dag.py took 0.325 seconds
[2024-04-20T17:01:24.806+0000] {processor.py:161} INFO - Started process (PID=8445) to work on /home/airflow/.local/lib/python3.8/site-packages/airflow/example_dags/example_skip_dag.py
[2024-04-20T17:01:24.807+0000] {processor.py:830} INFO - Processing file /home/airflow/.local/lib/python3.8/site-packages/airflow/example_dags/example_skip_dag.py for tasks to queue
[2024-04-20T17:01:24.808+0000] {logging_mixin.py:188} INFO - [2024-04-20T17:01:24.808+0000] {dagbag.py:540} INFO - Filling up the DagBag from /home/airflow/.local/lib/python3.8/site-packages/airflow/example_dags/example_skip_dag.py
[2024-04-20T17:01:24.816+0000] {processor.py:840} INFO - DAG(s) 'example_skip_dag' retrieved from /home/airflow/.local/lib/python3.8/site-packages/airflow/example_dags/example_skip_dag.py
[2024-04-20T17:01:24.841+0000] {logging_mixin.py:188} INFO - [2024-04-20T17:01:24.841+0000] {dag.py:3047} INFO - Sync 1 DAGs
[2024-04-20T17:01:24.860+0000] {logging_mixin.py:188} INFO - [2024-04-20T17:01:24.860+0000] {dag.py:3834} INFO - Setting next_dagrun for example_skip_dag to 2024-04-19 00:00:00+00:00, run_after=2024-04-20 00:00:00+00:00
[2024-04-20T17:01:25.121+0000] {processor.py:183} INFO - Processing /home/airflow/.local/lib/python3.8/site-packages/airflow/example_dags/example_skip_dag.py took 0.319 seconds
[2024-04-20T17:01:55.297+0000] {processor.py:161} INFO - Started process (PID=8703) to work on /home/airflow/.local/lib/python3.8/site-packages/airflow/example_dags/example_skip_dag.py
[2024-04-20T17:01:55.298+0000] {processor.py:830} INFO - Processing file /home/airflow/.local/lib/python3.8/site-packages/airflow/example_dags/example_skip_dag.py for tasks to queue
[2024-04-20T17:01:55.299+0000] {logging_mixin.py:188} INFO - [2024-04-20T17:01:55.298+0000] {dagbag.py:540} INFO - Filling up the DagBag from /home/airflow/.local/lib/python3.8/site-packages/airflow/example_dags/example_skip_dag.py
[2024-04-20T17:01:55.304+0000] {processor.py:840} INFO - DAG(s) 'example_skip_dag' retrieved from /home/airflow/.local/lib/python3.8/site-packages/airflow/example_dags/example_skip_dag.py
[2024-04-20T17:01:55.321+0000] {logging_mixin.py:188} INFO - [2024-04-20T17:01:55.321+0000] {dag.py:3047} INFO - Sync 1 DAGs
[2024-04-20T17:01:55.340+0000] {logging_mixin.py:188} INFO - [2024-04-20T17:01:55.340+0000] {dag.py:3834} INFO - Setting next_dagrun for example_skip_dag to 2024-04-19 00:00:00+00:00, run_after=2024-04-20 00:00:00+00:00
[2024-04-20T17:01:55.699+0000] {processor.py:183} INFO - Processing /home/airflow/.local/lib/python3.8/site-packages/airflow/example_dags/example_skip_dag.py took 0.404 seconds
[2024-04-20T17:02:26.650+0000] {processor.py:161} INFO - Started process (PID=8962) to work on /home/airflow/.local/lib/python3.8/site-packages/airflow/example_dags/example_skip_dag.py
[2024-04-20T17:02:26.651+0000] {processor.py:830} INFO - Processing file /home/airflow/.local/lib/python3.8/site-packages/airflow/example_dags/example_skip_dag.py for tasks to queue
[2024-04-20T17:02:26.651+0000] {logging_mixin.py:188} INFO - [2024-04-20T17:02:26.651+0000] {dagbag.py:540} INFO - Filling up the DagBag from /home/airflow/.local/lib/python3.8/site-packages/airflow/example_dags/example_skip_dag.py
[2024-04-20T17:02:26.657+0000] {processor.py:840} INFO - DAG(s) 'example_skip_dag' retrieved from /home/airflow/.local/lib/python3.8/site-packages/airflow/example_dags/example_skip_dag.py
[2024-04-20T17:02:26.674+0000] {logging_mixin.py:188} INFO - [2024-04-20T17:02:26.674+0000] {dag.py:3047} INFO - Sync 1 DAGs
[2024-04-20T17:02:26.690+0000] {logging_mixin.py:188} INFO - [2024-04-20T17:02:26.690+0000] {dag.py:3834} INFO - Setting next_dagrun for example_skip_dag to 2024-04-19 00:00:00+00:00, run_after=2024-04-20 00:00:00+00:00
[2024-04-20T17:02:26.813+0000] {processor.py:183} INFO - Processing /home/airflow/.local/lib/python3.8/site-packages/airflow/example_dags/example_skip_dag.py took 0.166 seconds
[2024-04-20T17:02:56.932+0000] {processor.py:161} INFO - Started process (PID=9220) to work on /home/airflow/.local/lib/python3.8/site-packages/airflow/example_dags/example_skip_dag.py
[2024-04-20T17:02:56.933+0000] {processor.py:830} INFO - Processing file /home/airflow/.local/lib/python3.8/site-packages/airflow/example_dags/example_skip_dag.py for tasks to queue
[2024-04-20T17:02:56.934+0000] {logging_mixin.py:188} INFO - [2024-04-20T17:02:56.934+0000] {dagbag.py:540} INFO - Filling up the DagBag from /home/airflow/.local/lib/python3.8/site-packages/airflow/example_dags/example_skip_dag.py
[2024-04-20T17:02:56.940+0000] {processor.py:840} INFO - DAG(s) 'example_skip_dag' retrieved from /home/airflow/.local/lib/python3.8/site-packages/airflow/example_dags/example_skip_dag.py
[2024-04-20T17:02:56.959+0000] {logging_mixin.py:188} INFO - [2024-04-20T17:02:56.958+0000] {dag.py:3047} INFO - Sync 1 DAGs
[2024-04-20T17:02:56.975+0000] {logging_mixin.py:188} INFO - [2024-04-20T17:02:56.975+0000] {dag.py:3834} INFO - Setting next_dagrun for example_skip_dag to 2024-04-19 00:00:00+00:00, run_after=2024-04-20 00:00:00+00:00
[2024-04-20T17:02:57.095+0000] {processor.py:183} INFO - Processing /home/airflow/.local/lib/python3.8/site-packages/airflow/example_dags/example_skip_dag.py took 0.165 seconds
[2024-04-20T17:03:27.413+0000] {processor.py:161} INFO - Started process (PID=9478) to work on /home/airflow/.local/lib/python3.8/site-packages/airflow/example_dags/example_skip_dag.py
[2024-04-20T17:03:27.414+0000] {processor.py:830} INFO - Processing file /home/airflow/.local/lib/python3.8/site-packages/airflow/example_dags/example_skip_dag.py for tasks to queue
[2024-04-20T17:03:27.414+0000] {logging_mixin.py:188} INFO - [2024-04-20T17:03:27.414+0000] {dagbag.py:540} INFO - Filling up the DagBag from /home/airflow/.local/lib/python3.8/site-packages/airflow/example_dags/example_skip_dag.py
[2024-04-20T17:03:27.420+0000] {processor.py:840} INFO - DAG(s) 'example_skip_dag' retrieved from /home/airflow/.local/lib/python3.8/site-packages/airflow/example_dags/example_skip_dag.py
[2024-04-20T17:03:27.437+0000] {logging_mixin.py:188} INFO - [2024-04-20T17:03:27.437+0000] {dag.py:3047} INFO - Sync 1 DAGs
[2024-04-20T17:03:27.453+0000] {logging_mixin.py:188} INFO - [2024-04-20T17:03:27.453+0000] {dag.py:3834} INFO - Setting next_dagrun for example_skip_dag to 2024-04-19 00:00:00+00:00, run_after=2024-04-20 00:00:00+00:00
[2024-04-20T17:03:27.591+0000] {processor.py:183} INFO - Processing /home/airflow/.local/lib/python3.8/site-packages/airflow/example_dags/example_skip_dag.py took 0.180 seconds
[2024-04-20T17:03:58.356+0000] {processor.py:161} INFO - Started process (PID=9735) to work on /home/airflow/.local/lib/python3.8/site-packages/airflow/example_dags/example_skip_dag.py
[2024-04-20T17:03:58.356+0000] {processor.py:830} INFO - Processing file /home/airflow/.local/lib/python3.8/site-packages/airflow/example_dags/example_skip_dag.py for tasks to queue
[2024-04-20T17:03:58.357+0000] {logging_mixin.py:188} INFO - [2024-04-20T17:03:58.357+0000] {dagbag.py:540} INFO - Filling up the DagBag from /home/airflow/.local/lib/python3.8/site-packages/airflow/example_dags/example_skip_dag.py
[2024-04-20T17:03:58.363+0000] {processor.py:840} INFO - DAG(s) 'example_skip_dag' retrieved from /home/airflow/.local/lib/python3.8/site-packages/airflow/example_dags/example_skip_dag.py
[2024-04-20T17:03:58.380+0000] {logging_mixin.py:188} INFO - [2024-04-20T17:03:58.380+0000] {dag.py:3047} INFO - Sync 1 DAGs
[2024-04-20T17:03:58.397+0000] {logging_mixin.py:188} INFO - [2024-04-20T17:03:58.397+0000] {dag.py:3834} INFO - Setting next_dagrun for example_skip_dag to 2024-04-19 00:00:00+00:00, run_after=2024-04-20 00:00:00+00:00
[2024-04-20T17:03:58.517+0000] {processor.py:183} INFO - Processing /home/airflow/.local/lib/python3.8/site-packages/airflow/example_dags/example_skip_dag.py took 0.164 seconds
[2024-04-20T17:04:28.863+0000] {processor.py:161} INFO - Started process (PID=9992) to work on /home/airflow/.local/lib/python3.8/site-packages/airflow/example_dags/example_skip_dag.py
[2024-04-20T17:04:28.864+0000] {processor.py:830} INFO - Processing file /home/airflow/.local/lib/python3.8/site-packages/airflow/example_dags/example_skip_dag.py for tasks to queue
[2024-04-20T17:04:28.865+0000] {logging_mixin.py:188} INFO - [2024-04-20T17:04:28.865+0000] {dagbag.py:540} INFO - Filling up the DagBag from /home/airflow/.local/lib/python3.8/site-packages/airflow/example_dags/example_skip_dag.py
[2024-04-20T17:04:28.872+0000] {processor.py:840} INFO - DAG(s) 'example_skip_dag' retrieved from /home/airflow/.local/lib/python3.8/site-packages/airflow/example_dags/example_skip_dag.py
[2024-04-20T17:04:28.893+0000] {logging_mixin.py:188} INFO - [2024-04-20T17:04:28.893+0000] {dag.py:3047} INFO - Sync 1 DAGs
[2024-04-20T17:04:28.919+0000] {logging_mixin.py:188} INFO - [2024-04-20T17:04:28.919+0000] {dag.py:3834} INFO - Setting next_dagrun for example_skip_dag to 2024-04-19 00:00:00+00:00, run_after=2024-04-20 00:00:00+00:00
[2024-04-20T17:04:29.193+0000] {processor.py:183} INFO - Processing /home/airflow/.local/lib/python3.8/site-packages/airflow/example_dags/example_skip_dag.py took 0.334 seconds
[2024-04-20T17:04:59.312+0000] {processor.py:161} INFO - Started process (PID=10249) to work on /home/airflow/.local/lib/python3.8/site-packages/airflow/example_dags/example_skip_dag.py
[2024-04-20T17:04:59.313+0000] {processor.py:830} INFO - Processing file /home/airflow/.local/lib/python3.8/site-packages/airflow/example_dags/example_skip_dag.py for tasks to queue
[2024-04-20T17:04:59.314+0000] {logging_mixin.py:188} INFO - [2024-04-20T17:04:59.314+0000] {dagbag.py:540} INFO - Filling up the DagBag from /home/airflow/.local/lib/python3.8/site-packages/airflow/example_dags/example_skip_dag.py
[2024-04-20T17:04:59.320+0000] {processor.py:840} INFO - DAG(s) 'example_skip_dag' retrieved from /home/airflow/.local/lib/python3.8/site-packages/airflow/example_dags/example_skip_dag.py
[2024-04-20T17:04:59.337+0000] {logging_mixin.py:188} INFO - [2024-04-20T17:04:59.336+0000] {dag.py:3047} INFO - Sync 1 DAGs
[2024-04-20T17:04:59.354+0000] {logging_mixin.py:188} INFO - [2024-04-20T17:04:59.354+0000] {dag.py:3834} INFO - Setting next_dagrun for example_skip_dag to 2024-04-19 00:00:00+00:00, run_after=2024-04-20 00:00:00+00:00
[2024-04-20T17:04:59.523+0000] {processor.py:183} INFO - Processing /home/airflow/.local/lib/python3.8/site-packages/airflow/example_dags/example_skip_dag.py took 0.214 seconds
[2024-04-20T17:05:29.764+0000] {processor.py:161} INFO - Started process (PID=10506) to work on /home/airflow/.local/lib/python3.8/site-packages/airflow/example_dags/example_skip_dag.py
[2024-04-20T17:05:29.765+0000] {processor.py:830} INFO - Processing file /home/airflow/.local/lib/python3.8/site-packages/airflow/example_dags/example_skip_dag.py for tasks to queue
[2024-04-20T17:05:29.765+0000] {logging_mixin.py:188} INFO - [2024-04-20T17:05:29.765+0000] {dagbag.py:540} INFO - Filling up the DagBag from /home/airflow/.local/lib/python3.8/site-packages/airflow/example_dags/example_skip_dag.py
[2024-04-20T17:05:29.771+0000] {processor.py:840} INFO - DAG(s) 'example_skip_dag' retrieved from /home/airflow/.local/lib/python3.8/site-packages/airflow/example_dags/example_skip_dag.py
[2024-04-20T17:05:29.789+0000] {logging_mixin.py:188} INFO - [2024-04-20T17:05:29.788+0000] {dag.py:3047} INFO - Sync 1 DAGs
[2024-04-20T17:05:29.805+0000] {logging_mixin.py:188} INFO - [2024-04-20T17:05:29.805+0000] {dag.py:3834} INFO - Setting next_dagrun for example_skip_dag to 2024-04-19 00:00:00+00:00, run_after=2024-04-20 00:00:00+00:00
[2024-04-20T17:05:29.950+0000] {processor.py:183} INFO - Processing /home/airflow/.local/lib/python3.8/site-packages/airflow/example_dags/example_skip_dag.py took 0.189 seconds
[2024-04-20T17:06:00.371+0000] {processor.py:161} INFO - Started process (PID=10763) to work on /home/airflow/.local/lib/python3.8/site-packages/airflow/example_dags/example_skip_dag.py
[2024-04-20T17:06:00.372+0000] {processor.py:830} INFO - Processing file /home/airflow/.local/lib/python3.8/site-packages/airflow/example_dags/example_skip_dag.py for tasks to queue
[2024-04-20T17:06:00.373+0000] {logging_mixin.py:188} INFO - [2024-04-20T17:06:00.373+0000] {dagbag.py:540} INFO - Filling up the DagBag from /home/airflow/.local/lib/python3.8/site-packages/airflow/example_dags/example_skip_dag.py
[2024-04-20T17:06:00.378+0000] {processor.py:840} INFO - DAG(s) 'example_skip_dag' retrieved from /home/airflow/.local/lib/python3.8/site-packages/airflow/example_dags/example_skip_dag.py
[2024-04-20T17:06:00.396+0000] {logging_mixin.py:188} INFO - [2024-04-20T17:06:00.396+0000] {dag.py:3047} INFO - Sync 1 DAGs
[2024-04-20T17:06:00.413+0000] {logging_mixin.py:188} INFO - [2024-04-20T17:06:00.413+0000] {dag.py:3834} INFO - Setting next_dagrun for example_skip_dag to 2024-04-19 00:00:00+00:00, run_after=2024-04-20 00:00:00+00:00
[2024-04-20T17:06:00.583+0000] {processor.py:183} INFO - Processing /home/airflow/.local/lib/python3.8/site-packages/airflow/example_dags/example_skip_dag.py took 0.215 seconds
