[2024-04-20T16:45:10.290+0000] {processor.py:161} INFO - Started process (PID=297) to work on /home/airflow/.local/lib/python3.8/site-packages/airflow/example_dags/example_task_group_decorator.py
[2024-04-20T16:45:10.290+0000] {processor.py:830} INFO - Processing file /home/airflow/.local/lib/python3.8/site-packages/airflow/example_dags/example_task_group_decorator.py for tasks to queue
[2024-04-20T16:45:10.291+0000] {logging_mixin.py:188} INFO - [2024-04-20T16:45:10.291+0000] {dagbag.py:540} INFO - Filling up the DagBag from /home/airflow/.local/lib/python3.8/site-packages/airflow/example_dags/example_task_group_decorator.py
[2024-04-20T16:45:10.306+0000] {processor.py:840} INFO - DAG(s) 'example_task_group_decorator' retrieved from /home/airflow/.local/lib/python3.8/site-packages/airflow/example_dags/example_task_group_decorator.py
[2024-04-20T16:45:10.327+0000] {logging_mixin.py:188} INFO - [2024-04-20T16:45:10.327+0000] {dag.py:3047} INFO - Sync 1 DAGs
[2024-04-20T16:45:10.346+0000] {logging_mixin.py:188} INFO - [2024-04-20T16:45:10.346+0000] {dag.py:3834} INFO - Setting next_dagrun for example_task_group_decorator to 2024-04-19 00:00:00+00:00, run_after=2024-04-20 00:00:00+00:00
[2024-04-20T16:45:10.520+0000] {processor.py:183} INFO - Processing /home/airflow/.local/lib/python3.8/site-packages/airflow/example_dags/example_task_group_decorator.py took 0.233 seconds
[2024-04-20T16:45:43.440+0000] {processor.py:161} INFO - Started process (PID=552) to work on /home/airflow/.local/lib/python3.8/site-packages/airflow/example_dags/example_task_group_decorator.py
[2024-04-20T16:45:43.441+0000] {processor.py:830} INFO - Processing file /home/airflow/.local/lib/python3.8/site-packages/airflow/example_dags/example_task_group_decorator.py for tasks to queue
[2024-04-20T16:45:43.442+0000] {logging_mixin.py:188} INFO - [2024-04-20T16:45:43.442+0000] {dagbag.py:540} INFO - Filling up the DagBag from /home/airflow/.local/lib/python3.8/site-packages/airflow/example_dags/example_task_group_decorator.py
[2024-04-20T16:45:43.454+0000] {processor.py:840} INFO - DAG(s) 'example_task_group_decorator' retrieved from /home/airflow/.local/lib/python3.8/site-packages/airflow/example_dags/example_task_group_decorator.py
[2024-04-20T16:45:43.476+0000] {logging_mixin.py:188} INFO - [2024-04-20T16:45:43.476+0000] {dag.py:3047} INFO - Sync 1 DAGs
[2024-04-20T16:45:43.493+0000] {logging_mixin.py:188} INFO - [2024-04-20T16:45:43.493+0000] {dag.py:3834} INFO - Setting next_dagrun for example_task_group_decorator to 2024-04-19 00:00:00+00:00, run_after=2024-04-20 00:00:00+00:00
[2024-04-20T16:45:43.832+0000] {processor.py:183} INFO - Processing /home/airflow/.local/lib/python3.8/site-packages/airflow/example_dags/example_task_group_decorator.py took 0.395 seconds
[2024-04-20T16:46:13.960+0000] {processor.py:161} INFO - Started process (PID=803) to work on /home/airflow/.local/lib/python3.8/site-packages/airflow/example_dags/example_task_group_decorator.py
[2024-04-20T16:46:13.961+0000] {processor.py:830} INFO - Processing file /home/airflow/.local/lib/python3.8/site-packages/airflow/example_dags/example_task_group_decorator.py for tasks to queue
[2024-04-20T16:46:13.962+0000] {logging_mixin.py:188} INFO - [2024-04-20T16:46:13.962+0000] {dagbag.py:540} INFO - Filling up the DagBag from /home/airflow/.local/lib/python3.8/site-packages/airflow/example_dags/example_task_group_decorator.py
[2024-04-20T16:46:13.974+0000] {processor.py:840} INFO - DAG(s) 'example_task_group_decorator' retrieved from /home/airflow/.local/lib/python3.8/site-packages/airflow/example_dags/example_task_group_decorator.py
[2024-04-20T16:46:13.997+0000] {logging_mixin.py:188} INFO - [2024-04-20T16:46:13.997+0000] {dag.py:3047} INFO - Sync 1 DAGs
[2024-04-20T16:46:14.013+0000] {logging_mixin.py:188} INFO - [2024-04-20T16:46:14.013+0000] {dag.py:3834} INFO - Setting next_dagrun for example_task_group_decorator to 2024-04-19 00:00:00+00:00, run_after=2024-04-20 00:00:00+00:00
[2024-04-20T16:46:14.351+0000] {processor.py:183} INFO - Processing /home/airflow/.local/lib/python3.8/site-packages/airflow/example_dags/example_task_group_decorator.py took 0.394 seconds
[2024-04-20T16:46:44.658+0000] {processor.py:161} INFO - Started process (PID=1060) to work on /home/airflow/.local/lib/python3.8/site-packages/airflow/example_dags/example_task_group_decorator.py
[2024-04-20T16:46:44.659+0000] {processor.py:830} INFO - Processing file /home/airflow/.local/lib/python3.8/site-packages/airflow/example_dags/example_task_group_decorator.py for tasks to queue
[2024-04-20T16:46:44.660+0000] {logging_mixin.py:188} INFO - [2024-04-20T16:46:44.659+0000] {dagbag.py:540} INFO - Filling up the DagBag from /home/airflow/.local/lib/python3.8/site-packages/airflow/example_dags/example_task_group_decorator.py
[2024-04-20T16:46:44.672+0000] {processor.py:840} INFO - DAG(s) 'example_task_group_decorator' retrieved from /home/airflow/.local/lib/python3.8/site-packages/airflow/example_dags/example_task_group_decorator.py
[2024-04-20T16:46:44.692+0000] {logging_mixin.py:188} INFO - [2024-04-20T16:46:44.692+0000] {dag.py:3047} INFO - Sync 1 DAGs
[2024-04-20T16:46:44.710+0000] {logging_mixin.py:188} INFO - [2024-04-20T16:46:44.710+0000] {dag.py:3834} INFO - Setting next_dagrun for example_task_group_decorator to 2024-04-19 00:00:00+00:00, run_after=2024-04-20 00:00:00+00:00
[2024-04-20T16:46:45.109+0000] {processor.py:183} INFO - Processing /home/airflow/.local/lib/python3.8/site-packages/airflow/example_dags/example_task_group_decorator.py took 0.453 seconds
[2024-04-20T16:47:15.377+0000] {processor.py:161} INFO - Started process (PID=1319) to work on /home/airflow/.local/lib/python3.8/site-packages/airflow/example_dags/example_task_group_decorator.py
[2024-04-20T16:47:15.378+0000] {processor.py:830} INFO - Processing file /home/airflow/.local/lib/python3.8/site-packages/airflow/example_dags/example_task_group_decorator.py for tasks to queue
[2024-04-20T16:47:15.379+0000] {logging_mixin.py:188} INFO - [2024-04-20T16:47:15.379+0000] {dagbag.py:540} INFO - Filling up the DagBag from /home/airflow/.local/lib/python3.8/site-packages/airflow/example_dags/example_task_group_decorator.py
[2024-04-20T16:47:15.400+0000] {processor.py:840} INFO - DAG(s) 'example_task_group_decorator' retrieved from /home/airflow/.local/lib/python3.8/site-packages/airflow/example_dags/example_task_group_decorator.py
[2024-04-20T16:47:15.430+0000] {logging_mixin.py:188} INFO - [2024-04-20T16:47:15.429+0000] {dag.py:3047} INFO - Sync 1 DAGs
[2024-04-20T16:47:15.455+0000] {logging_mixin.py:188} INFO - [2024-04-20T16:47:15.454+0000] {dag.py:3834} INFO - Setting next_dagrun for example_task_group_decorator to 2024-04-19 00:00:00+00:00, run_after=2024-04-20 00:00:00+00:00
[2024-04-20T16:47:15.705+0000] {processor.py:183} INFO - Processing /home/airflow/.local/lib/python3.8/site-packages/airflow/example_dags/example_task_group_decorator.py took 0.333 seconds
[2024-04-20T16:47:45.928+0000] {processor.py:161} INFO - Started process (PID=1574) to work on /home/airflow/.local/lib/python3.8/site-packages/airflow/example_dags/example_task_group_decorator.py
[2024-04-20T16:47:45.929+0000] {processor.py:830} INFO - Processing file /home/airflow/.local/lib/python3.8/site-packages/airflow/example_dags/example_task_group_decorator.py for tasks to queue
[2024-04-20T16:47:45.930+0000] {logging_mixin.py:188} INFO - [2024-04-20T16:47:45.929+0000] {dagbag.py:540} INFO - Filling up the DagBag from /home/airflow/.local/lib/python3.8/site-packages/airflow/example_dags/example_task_group_decorator.py
[2024-04-20T16:47:45.941+0000] {processor.py:840} INFO - DAG(s) 'example_task_group_decorator' retrieved from /home/airflow/.local/lib/python3.8/site-packages/airflow/example_dags/example_task_group_decorator.py
[2024-04-20T16:47:45.961+0000] {logging_mixin.py:188} INFO - [2024-04-20T16:47:45.961+0000] {dag.py:3047} INFO - Sync 1 DAGs
[2024-04-20T16:47:45.978+0000] {logging_mixin.py:188} INFO - [2024-04-20T16:47:45.978+0000] {dag.py:3834} INFO - Setting next_dagrun for example_task_group_decorator to 2024-04-19 00:00:00+00:00, run_after=2024-04-20 00:00:00+00:00
[2024-04-20T16:47:46.116+0000] {processor.py:183} INFO - Processing /home/airflow/.local/lib/python3.8/site-packages/airflow/example_dags/example_task_group_decorator.py took 0.191 seconds
[2024-04-20T16:48:16.515+0000] {processor.py:161} INFO - Started process (PID=1833) to work on /home/airflow/.local/lib/python3.8/site-packages/airflow/example_dags/example_task_group_decorator.py
[2024-04-20T16:48:16.516+0000] {processor.py:830} INFO - Processing file /home/airflow/.local/lib/python3.8/site-packages/airflow/example_dags/example_task_group_decorator.py for tasks to queue
[2024-04-20T16:48:16.517+0000] {logging_mixin.py:188} INFO - [2024-04-20T16:48:16.517+0000] {dagbag.py:540} INFO - Filling up the DagBag from /home/airflow/.local/lib/python3.8/site-packages/airflow/example_dags/example_task_group_decorator.py
[2024-04-20T16:48:16.528+0000] {processor.py:840} INFO - DAG(s) 'example_task_group_decorator' retrieved from /home/airflow/.local/lib/python3.8/site-packages/airflow/example_dags/example_task_group_decorator.py
[2024-04-20T16:48:16.551+0000] {logging_mixin.py:188} INFO - [2024-04-20T16:48:16.551+0000] {dag.py:3047} INFO - Sync 1 DAGs
[2024-04-20T16:48:16.569+0000] {logging_mixin.py:188} INFO - [2024-04-20T16:48:16.568+0000] {dag.py:3834} INFO - Setting next_dagrun for example_task_group_decorator to 2024-04-19 00:00:00+00:00, run_after=2024-04-20 00:00:00+00:00
[2024-04-20T16:48:16.794+0000] {processor.py:183} INFO - Processing /home/airflow/.local/lib/python3.8/site-packages/airflow/example_dags/example_task_group_decorator.py took 0.282 seconds
[2024-04-20T16:48:46.845+0000] {processor.py:161} INFO - Started process (PID=2090) to work on /home/airflow/.local/lib/python3.8/site-packages/airflow/example_dags/example_task_group_decorator.py
[2024-04-20T16:48:46.846+0000] {processor.py:830} INFO - Processing file /home/airflow/.local/lib/python3.8/site-packages/airflow/example_dags/example_task_group_decorator.py for tasks to queue
[2024-04-20T16:48:46.846+0000] {logging_mixin.py:188} INFO - [2024-04-20T16:48:46.846+0000] {dagbag.py:540} INFO - Filling up the DagBag from /home/airflow/.local/lib/python3.8/site-packages/airflow/example_dags/example_task_group_decorator.py
[2024-04-20T16:48:46.858+0000] {processor.py:840} INFO - DAG(s) 'example_task_group_decorator' retrieved from /home/airflow/.local/lib/python3.8/site-packages/airflow/example_dags/example_task_group_decorator.py
[2024-04-20T16:48:46.879+0000] {logging_mixin.py:188} INFO - [2024-04-20T16:48:46.879+0000] {dag.py:3047} INFO - Sync 1 DAGs
[2024-04-20T16:48:46.896+0000] {logging_mixin.py:188} INFO - [2024-04-20T16:48:46.896+0000] {dag.py:3834} INFO - Setting next_dagrun for example_task_group_decorator to 2024-04-19 00:00:00+00:00, run_after=2024-04-20 00:00:00+00:00
[2024-04-20T16:48:47.016+0000] {processor.py:183} INFO - Processing /home/airflow/.local/lib/python3.8/site-packages/airflow/example_dags/example_task_group_decorator.py took 0.174 seconds
[2024-04-20T16:49:17.266+0000] {processor.py:161} INFO - Started process (PID=2345) to work on /home/airflow/.local/lib/python3.8/site-packages/airflow/example_dags/example_task_group_decorator.py
[2024-04-20T16:49:17.267+0000] {processor.py:830} INFO - Processing file /home/airflow/.local/lib/python3.8/site-packages/airflow/example_dags/example_task_group_decorator.py for tasks to queue
[2024-04-20T16:49:17.267+0000] {logging_mixin.py:188} INFO - [2024-04-20T16:49:17.267+0000] {dagbag.py:540} INFO - Filling up the DagBag from /home/airflow/.local/lib/python3.8/site-packages/airflow/example_dags/example_task_group_decorator.py
[2024-04-20T16:49:17.279+0000] {processor.py:840} INFO - DAG(s) 'example_task_group_decorator' retrieved from /home/airflow/.local/lib/python3.8/site-packages/airflow/example_dags/example_task_group_decorator.py
[2024-04-20T16:49:17.299+0000] {logging_mixin.py:188} INFO - [2024-04-20T16:49:17.298+0000] {dag.py:3047} INFO - Sync 1 DAGs
[2024-04-20T16:49:17.315+0000] {logging_mixin.py:188} INFO - [2024-04-20T16:49:17.315+0000] {dag.py:3834} INFO - Setting next_dagrun for example_task_group_decorator to 2024-04-19 00:00:00+00:00, run_after=2024-04-20 00:00:00+00:00
[2024-04-20T16:49:17.455+0000] {processor.py:183} INFO - Processing /home/airflow/.local/lib/python3.8/site-packages/airflow/example_dags/example_task_group_decorator.py took 0.192 seconds
[2024-04-20T16:49:47.819+0000] {processor.py:161} INFO - Started process (PID=2605) to work on /home/airflow/.local/lib/python3.8/site-packages/airflow/example_dags/example_task_group_decorator.py
[2024-04-20T16:49:47.820+0000] {processor.py:830} INFO - Processing file /home/airflow/.local/lib/python3.8/site-packages/airflow/example_dags/example_task_group_decorator.py for tasks to queue
[2024-04-20T16:49:47.821+0000] {logging_mixin.py:188} INFO - [2024-04-20T16:49:47.820+0000] {dagbag.py:540} INFO - Filling up the DagBag from /home/airflow/.local/lib/python3.8/site-packages/airflow/example_dags/example_task_group_decorator.py
[2024-04-20T16:49:47.832+0000] {processor.py:840} INFO - DAG(s) 'example_task_group_decorator' retrieved from /home/airflow/.local/lib/python3.8/site-packages/airflow/example_dags/example_task_group_decorator.py
[2024-04-20T16:49:47.852+0000] {logging_mixin.py:188} INFO - [2024-04-20T16:49:47.852+0000] {dag.py:3047} INFO - Sync 1 DAGs
[2024-04-20T16:49:47.868+0000] {logging_mixin.py:188} INFO - [2024-04-20T16:49:47.868+0000] {dag.py:3834} INFO - Setting next_dagrun for example_task_group_decorator to 2024-04-19 00:00:00+00:00, run_after=2024-04-20 00:00:00+00:00
[2024-04-20T16:49:48.022+0000] {processor.py:183} INFO - Processing /home/airflow/.local/lib/python3.8/site-packages/airflow/example_dags/example_task_group_decorator.py took 0.205 seconds
[2024-04-20T16:50:18.647+0000] {processor.py:161} INFO - Started process (PID=2860) to work on /home/airflow/.local/lib/python3.8/site-packages/airflow/example_dags/example_task_group_decorator.py
[2024-04-20T16:50:18.648+0000] {processor.py:830} INFO - Processing file /home/airflow/.local/lib/python3.8/site-packages/airflow/example_dags/example_task_group_decorator.py for tasks to queue
[2024-04-20T16:50:18.649+0000] {logging_mixin.py:188} INFO - [2024-04-20T16:50:18.648+0000] {dagbag.py:540} INFO - Filling up the DagBag from /home/airflow/.local/lib/python3.8/site-packages/airflow/example_dags/example_task_group_decorator.py
[2024-04-20T16:50:18.661+0000] {processor.py:840} INFO - DAG(s) 'example_task_group_decorator' retrieved from /home/airflow/.local/lib/python3.8/site-packages/airflow/example_dags/example_task_group_decorator.py
[2024-04-20T16:50:18.680+0000] {logging_mixin.py:188} INFO - [2024-04-20T16:50:18.680+0000] {dag.py:3047} INFO - Sync 1 DAGs
[2024-04-20T16:50:18.698+0000] {logging_mixin.py:188} INFO - [2024-04-20T16:50:18.697+0000] {dag.py:3834} INFO - Setting next_dagrun for example_task_group_decorator to 2024-04-19 00:00:00+00:00, run_after=2024-04-20 00:00:00+00:00
[2024-04-20T16:50:18.829+0000] {processor.py:183} INFO - Processing /home/airflow/.local/lib/python3.8/site-packages/airflow/example_dags/example_task_group_decorator.py took 0.184 seconds
[2024-04-20T16:50:49.191+0000] {processor.py:161} INFO - Started process (PID=3118) to work on /home/airflow/.local/lib/python3.8/site-packages/airflow/example_dags/example_task_group_decorator.py
[2024-04-20T16:50:49.192+0000] {processor.py:830} INFO - Processing file /home/airflow/.local/lib/python3.8/site-packages/airflow/example_dags/example_task_group_decorator.py for tasks to queue
[2024-04-20T16:50:49.193+0000] {logging_mixin.py:188} INFO - [2024-04-20T16:50:49.193+0000] {dagbag.py:540} INFO - Filling up the DagBag from /home/airflow/.local/lib/python3.8/site-packages/airflow/example_dags/example_task_group_decorator.py
[2024-04-20T16:50:49.207+0000] {processor.py:840} INFO - DAG(s) 'example_task_group_decorator' retrieved from /home/airflow/.local/lib/python3.8/site-packages/airflow/example_dags/example_task_group_decorator.py
[2024-04-20T16:50:49.226+0000] {logging_mixin.py:188} INFO - [2024-04-20T16:50:49.226+0000] {dag.py:3047} INFO - Sync 1 DAGs
[2024-04-20T16:50:49.243+0000] {logging_mixin.py:188} INFO - [2024-04-20T16:50:49.243+0000] {dag.py:3834} INFO - Setting next_dagrun for example_task_group_decorator to 2024-04-19 00:00:00+00:00, run_after=2024-04-20 00:00:00+00:00
[2024-04-20T16:50:49.380+0000] {processor.py:183} INFO - Processing /home/airflow/.local/lib/python3.8/site-packages/airflow/example_dags/example_task_group_decorator.py took 0.191 seconds
[2024-04-20T16:51:19.832+0000] {processor.py:161} INFO - Started process (PID=3375) to work on /home/airflow/.local/lib/python3.8/site-packages/airflow/example_dags/example_task_group_decorator.py
[2024-04-20T16:51:19.833+0000] {processor.py:830} INFO - Processing file /home/airflow/.local/lib/python3.8/site-packages/airflow/example_dags/example_task_group_decorator.py for tasks to queue
[2024-04-20T16:51:19.834+0000] {logging_mixin.py:188} INFO - [2024-04-20T16:51:19.833+0000] {dagbag.py:540} INFO - Filling up the DagBag from /home/airflow/.local/lib/python3.8/site-packages/airflow/example_dags/example_task_group_decorator.py
[2024-04-20T16:51:19.847+0000] {processor.py:840} INFO - DAG(s) 'example_task_group_decorator' retrieved from /home/airflow/.local/lib/python3.8/site-packages/airflow/example_dags/example_task_group_decorator.py
[2024-04-20T16:51:19.866+0000] {logging_mixin.py:188} INFO - [2024-04-20T16:51:19.866+0000] {dag.py:3047} INFO - Sync 1 DAGs
[2024-04-20T16:51:19.883+0000] {logging_mixin.py:188} INFO - [2024-04-20T16:51:19.882+0000] {dag.py:3834} INFO - Setting next_dagrun for example_task_group_decorator to 2024-04-19 00:00:00+00:00, run_after=2024-04-20 00:00:00+00:00
[2024-04-20T16:51:20.022+0000] {processor.py:183} INFO - Processing /home/airflow/.local/lib/python3.8/site-packages/airflow/example_dags/example_task_group_decorator.py took 0.192 seconds
[2024-04-20T16:51:51.218+0000] {processor.py:161} INFO - Started process (PID=3632) to work on /home/airflow/.local/lib/python3.8/site-packages/airflow/example_dags/example_task_group_decorator.py
[2024-04-20T16:51:51.219+0000] {processor.py:830} INFO - Processing file /home/airflow/.local/lib/python3.8/site-packages/airflow/example_dags/example_task_group_decorator.py for tasks to queue
[2024-04-20T16:51:51.220+0000] {logging_mixin.py:188} INFO - [2024-04-20T16:51:51.220+0000] {dagbag.py:540} INFO - Filling up the DagBag from /home/airflow/.local/lib/python3.8/site-packages/airflow/example_dags/example_task_group_decorator.py
[2024-04-20T16:51:51.243+0000] {processor.py:840} INFO - DAG(s) 'example_task_group_decorator' retrieved from /home/airflow/.local/lib/python3.8/site-packages/airflow/example_dags/example_task_group_decorator.py
[2024-04-20T16:51:51.271+0000] {logging_mixin.py:188} INFO - [2024-04-20T16:51:51.271+0000] {dag.py:3047} INFO - Sync 1 DAGs
[2024-04-20T16:51:51.288+0000] {logging_mixin.py:188} INFO - [2024-04-20T16:51:51.287+0000] {dag.py:3834} INFO - Setting next_dagrun for example_task_group_decorator to 2024-04-19 00:00:00+00:00, run_after=2024-04-20 00:00:00+00:00
[2024-04-20T16:51:51.486+0000] {processor.py:183} INFO - Processing /home/airflow/.local/lib/python3.8/site-packages/airflow/example_dags/example_task_group_decorator.py took 0.271 seconds
[2024-04-20T16:52:21.538+0000] {processor.py:161} INFO - Started process (PID=3889) to work on /home/airflow/.local/lib/python3.8/site-packages/airflow/example_dags/example_task_group_decorator.py
[2024-04-20T16:52:21.538+0000] {processor.py:830} INFO - Processing file /home/airflow/.local/lib/python3.8/site-packages/airflow/example_dags/example_task_group_decorator.py for tasks to queue
[2024-04-20T16:52:21.539+0000] {logging_mixin.py:188} INFO - [2024-04-20T16:52:21.539+0000] {dagbag.py:540} INFO - Filling up the DagBag from /home/airflow/.local/lib/python3.8/site-packages/airflow/example_dags/example_task_group_decorator.py
[2024-04-20T16:52:21.552+0000] {processor.py:840} INFO - DAG(s) 'example_task_group_decorator' retrieved from /home/airflow/.local/lib/python3.8/site-packages/airflow/example_dags/example_task_group_decorator.py
[2024-04-20T16:52:21.571+0000] {logging_mixin.py:188} INFO - [2024-04-20T16:52:21.571+0000] {dag.py:3047} INFO - Sync 1 DAGs
[2024-04-20T16:52:21.588+0000] {logging_mixin.py:188} INFO - [2024-04-20T16:52:21.588+0000] {dag.py:3834} INFO - Setting next_dagrun for example_task_group_decorator to 2024-04-19 00:00:00+00:00, run_after=2024-04-20 00:00:00+00:00
[2024-04-20T16:52:21.727+0000] {processor.py:183} INFO - Processing /home/airflow/.local/lib/python3.8/site-packages/airflow/example_dags/example_task_group_decorator.py took 0.192 seconds
[2024-04-20T16:52:52.255+0000] {processor.py:161} INFO - Started process (PID=4148) to work on /home/airflow/.local/lib/python3.8/site-packages/airflow/example_dags/example_task_group_decorator.py
[2024-04-20T16:52:52.256+0000] {processor.py:830} INFO - Processing file /home/airflow/.local/lib/python3.8/site-packages/airflow/example_dags/example_task_group_decorator.py for tasks to queue
[2024-04-20T16:52:52.257+0000] {logging_mixin.py:188} INFO - [2024-04-20T16:52:52.257+0000] {dagbag.py:540} INFO - Filling up the DagBag from /home/airflow/.local/lib/python3.8/site-packages/airflow/example_dags/example_task_group_decorator.py
[2024-04-20T16:52:52.276+0000] {processor.py:840} INFO - DAG(s) 'example_task_group_decorator' retrieved from /home/airflow/.local/lib/python3.8/site-packages/airflow/example_dags/example_task_group_decorator.py
[2024-04-20T16:52:52.306+0000] {logging_mixin.py:188} INFO - [2024-04-20T16:52:52.306+0000] {dag.py:3047} INFO - Sync 1 DAGs
[2024-04-20T16:52:52.328+0000] {logging_mixin.py:188} INFO - [2024-04-20T16:52:52.328+0000] {dag.py:3834} INFO - Setting next_dagrun for example_task_group_decorator to 2024-04-19 00:00:00+00:00, run_after=2024-04-20 00:00:00+00:00
[2024-04-20T16:52:52.541+0000] {processor.py:183} INFO - Processing /home/airflow/.local/lib/python3.8/site-packages/airflow/example_dags/example_task_group_decorator.py took 0.290 seconds
[2024-04-20T16:53:22.875+0000] {processor.py:161} INFO - Started process (PID=4409) to work on /home/airflow/.local/lib/python3.8/site-packages/airflow/example_dags/example_task_group_decorator.py
[2024-04-20T16:53:22.875+0000] {processor.py:830} INFO - Processing file /home/airflow/.local/lib/python3.8/site-packages/airflow/example_dags/example_task_group_decorator.py for tasks to queue
[2024-04-20T16:53:22.876+0000] {logging_mixin.py:188} INFO - [2024-04-20T16:53:22.876+0000] {dagbag.py:540} INFO - Filling up the DagBag from /home/airflow/.local/lib/python3.8/site-packages/airflow/example_dags/example_task_group_decorator.py
[2024-04-20T16:53:22.889+0000] {processor.py:840} INFO - DAG(s) 'example_task_group_decorator' retrieved from /home/airflow/.local/lib/python3.8/site-packages/airflow/example_dags/example_task_group_decorator.py
[2024-04-20T16:53:22.910+0000] {logging_mixin.py:188} INFO - [2024-04-20T16:53:22.910+0000] {dag.py:3047} INFO - Sync 1 DAGs
[2024-04-20T16:53:22.928+0000] {logging_mixin.py:188} INFO - [2024-04-20T16:53:22.928+0000] {dag.py:3834} INFO - Setting next_dagrun for example_task_group_decorator to 2024-04-19 00:00:00+00:00, run_after=2024-04-20 00:00:00+00:00
[2024-04-20T16:53:23.065+0000] {processor.py:183} INFO - Processing /home/airflow/.local/lib/python3.8/site-packages/airflow/example_dags/example_task_group_decorator.py took 0.193 seconds
[2024-04-20T16:53:53.457+0000] {processor.py:161} INFO - Started process (PID=4661) to work on /home/airflow/.local/lib/python3.8/site-packages/airflow/example_dags/example_task_group_decorator.py
[2024-04-20T16:53:53.458+0000] {processor.py:830} INFO - Processing file /home/airflow/.local/lib/python3.8/site-packages/airflow/example_dags/example_task_group_decorator.py for tasks to queue
[2024-04-20T16:53:53.459+0000] {logging_mixin.py:188} INFO - [2024-04-20T16:53:53.459+0000] {dagbag.py:540} INFO - Filling up the DagBag from /home/airflow/.local/lib/python3.8/site-packages/airflow/example_dags/example_task_group_decorator.py
[2024-04-20T16:53:53.471+0000] {processor.py:840} INFO - DAG(s) 'example_task_group_decorator' retrieved from /home/airflow/.local/lib/python3.8/site-packages/airflow/example_dags/example_task_group_decorator.py
[2024-04-20T16:53:53.498+0000] {logging_mixin.py:188} INFO - [2024-04-20T16:53:53.498+0000] {dag.py:3047} INFO - Sync 1 DAGs
[2024-04-20T16:53:53.516+0000] {logging_mixin.py:188} INFO - [2024-04-20T16:53:53.516+0000] {dag.py:3834} INFO - Setting next_dagrun for example_task_group_decorator to 2024-04-19 00:00:00+00:00, run_after=2024-04-20 00:00:00+00:00
[2024-04-20T16:53:53.647+0000] {processor.py:183} INFO - Processing /home/airflow/.local/lib/python3.8/site-packages/airflow/example_dags/example_task_group_decorator.py took 0.193 seconds
[2024-04-20T16:54:24.780+0000] {processor.py:161} INFO - Started process (PID=4919) to work on /home/airflow/.local/lib/python3.8/site-packages/airflow/example_dags/example_task_group_decorator.py
[2024-04-20T16:54:24.781+0000] {processor.py:830} INFO - Processing file /home/airflow/.local/lib/python3.8/site-packages/airflow/example_dags/example_task_group_decorator.py for tasks to queue
[2024-04-20T16:54:24.782+0000] {logging_mixin.py:188} INFO - [2024-04-20T16:54:24.781+0000] {dagbag.py:540} INFO - Filling up the DagBag from /home/airflow/.local/lib/python3.8/site-packages/airflow/example_dags/example_task_group_decorator.py
[2024-04-20T16:54:24.800+0000] {processor.py:840} INFO - DAG(s) 'example_task_group_decorator' retrieved from /home/airflow/.local/lib/python3.8/site-packages/airflow/example_dags/example_task_group_decorator.py
[2024-04-20T16:54:24.830+0000] {logging_mixin.py:188} INFO - [2024-04-20T16:54:24.830+0000] {dag.py:3047} INFO - Sync 1 DAGs
[2024-04-20T16:54:24.855+0000] {logging_mixin.py:188} INFO - [2024-04-20T16:54:24.855+0000] {dag.py:3834} INFO - Setting next_dagrun for example_task_group_decorator to 2024-04-19 00:00:00+00:00, run_after=2024-04-20 00:00:00+00:00
[2024-04-20T16:54:25.227+0000] {processor.py:183} INFO - Processing /home/airflow/.local/lib/python3.8/site-packages/airflow/example_dags/example_task_group_decorator.py took 0.451 seconds
[2024-04-20T16:54:55.427+0000] {processor.py:161} INFO - Started process (PID=5175) to work on /home/airflow/.local/lib/python3.8/site-packages/airflow/example_dags/example_task_group_decorator.py
[2024-04-20T16:54:55.428+0000] {processor.py:830} INFO - Processing file /home/airflow/.local/lib/python3.8/site-packages/airflow/example_dags/example_task_group_decorator.py for tasks to queue
[2024-04-20T16:54:55.429+0000] {logging_mixin.py:188} INFO - [2024-04-20T16:54:55.429+0000] {dagbag.py:540} INFO - Filling up the DagBag from /home/airflow/.local/lib/python3.8/site-packages/airflow/example_dags/example_task_group_decorator.py
[2024-04-20T16:54:55.441+0000] {processor.py:840} INFO - DAG(s) 'example_task_group_decorator' retrieved from /home/airflow/.local/lib/python3.8/site-packages/airflow/example_dags/example_task_group_decorator.py
[2024-04-20T16:54:55.461+0000] {logging_mixin.py:188} INFO - [2024-04-20T16:54:55.461+0000] {dag.py:3047} INFO - Sync 1 DAGs
[2024-04-20T16:54:55.478+0000] {logging_mixin.py:188} INFO - [2024-04-20T16:54:55.478+0000] {dag.py:3834} INFO - Setting next_dagrun for example_task_group_decorator to 2024-04-19 00:00:00+00:00, run_after=2024-04-20 00:00:00+00:00
[2024-04-20T16:54:55.625+0000] {processor.py:183} INFO - Processing /home/airflow/.local/lib/python3.8/site-packages/airflow/example_dags/example_task_group_decorator.py took 0.200 seconds
[2024-04-20T16:55:26.004+0000] {processor.py:161} INFO - Started process (PID=5432) to work on /home/airflow/.local/lib/python3.8/site-packages/airflow/example_dags/example_task_group_decorator.py
[2024-04-20T16:55:26.005+0000] {processor.py:830} INFO - Processing file /home/airflow/.local/lib/python3.8/site-packages/airflow/example_dags/example_task_group_decorator.py for tasks to queue
[2024-04-20T16:55:26.006+0000] {logging_mixin.py:188} INFO - [2024-04-20T16:55:26.006+0000] {dagbag.py:540} INFO - Filling up the DagBag from /home/airflow/.local/lib/python3.8/site-packages/airflow/example_dags/example_task_group_decorator.py
[2024-04-20T16:55:26.018+0000] {processor.py:840} INFO - DAG(s) 'example_task_group_decorator' retrieved from /home/airflow/.local/lib/python3.8/site-packages/airflow/example_dags/example_task_group_decorator.py
[2024-04-20T16:55:26.038+0000] {logging_mixin.py:188} INFO - [2024-04-20T16:55:26.038+0000] {dag.py:3047} INFO - Sync 1 DAGs
[2024-04-20T16:55:26.055+0000] {logging_mixin.py:188} INFO - [2024-04-20T16:55:26.055+0000] {dag.py:3834} INFO - Setting next_dagrun for example_task_group_decorator to 2024-04-19 00:00:00+00:00, run_after=2024-04-20 00:00:00+00:00
[2024-04-20T16:55:26.195+0000] {processor.py:183} INFO - Processing /home/airflow/.local/lib/python3.8/site-packages/airflow/example_dags/example_task_group_decorator.py took 0.194 seconds
[2024-04-20T16:55:56.235+0000] {processor.py:161} INFO - Started process (PID=5690) to work on /home/airflow/.local/lib/python3.8/site-packages/airflow/example_dags/example_task_group_decorator.py
[2024-04-20T16:55:56.236+0000] {processor.py:830} INFO - Processing file /home/airflow/.local/lib/python3.8/site-packages/airflow/example_dags/example_task_group_decorator.py for tasks to queue
[2024-04-20T16:55:56.237+0000] {logging_mixin.py:188} INFO - [2024-04-20T16:55:56.236+0000] {dagbag.py:540} INFO - Filling up the DagBag from /home/airflow/.local/lib/python3.8/site-packages/airflow/example_dags/example_task_group_decorator.py
[2024-04-20T16:55:56.255+0000] {processor.py:840} INFO - DAG(s) 'example_task_group_decorator' retrieved from /home/airflow/.local/lib/python3.8/site-packages/airflow/example_dags/example_task_group_decorator.py
[2024-04-20T16:55:56.285+0000] {logging_mixin.py:188} INFO - [2024-04-20T16:55:56.285+0000] {dag.py:3047} INFO - Sync 1 DAGs
[2024-04-20T16:55:56.302+0000] {logging_mixin.py:188} INFO - [2024-04-20T16:55:56.302+0000] {dag.py:3834} INFO - Setting next_dagrun for example_task_group_decorator to 2024-04-19 00:00:00+00:00, run_after=2024-04-20 00:00:00+00:00
[2024-04-20T16:55:56.520+0000] {processor.py:183} INFO - Processing /home/airflow/.local/lib/python3.8/site-packages/airflow/example_dags/example_task_group_decorator.py took 0.288 seconds
[2024-04-20T16:56:26.703+0000] {processor.py:161} INFO - Started process (PID=5949) to work on /home/airflow/.local/lib/python3.8/site-packages/airflow/example_dags/example_task_group_decorator.py
[2024-04-20T16:56:26.704+0000] {processor.py:830} INFO - Processing file /home/airflow/.local/lib/python3.8/site-packages/airflow/example_dags/example_task_group_decorator.py for tasks to queue
[2024-04-20T16:56:26.705+0000] {logging_mixin.py:188} INFO - [2024-04-20T16:56:26.705+0000] {dagbag.py:540} INFO - Filling up the DagBag from /home/airflow/.local/lib/python3.8/site-packages/airflow/example_dags/example_task_group_decorator.py
[2024-04-20T16:56:26.728+0000] {processor.py:840} INFO - DAG(s) 'example_task_group_decorator' retrieved from /home/airflow/.local/lib/python3.8/site-packages/airflow/example_dags/example_task_group_decorator.py
[2024-04-20T16:56:26.764+0000] {logging_mixin.py:188} INFO - [2024-04-20T16:56:26.763+0000] {dag.py:3047} INFO - Sync 1 DAGs
[2024-04-20T16:56:26.784+0000] {logging_mixin.py:188} INFO - [2024-04-20T16:56:26.784+0000] {dag.py:3834} INFO - Setting next_dagrun for example_task_group_decorator to 2024-04-19 00:00:00+00:00, run_after=2024-04-20 00:00:00+00:00
[2024-04-20T16:56:26.996+0000] {processor.py:183} INFO - Processing /home/airflow/.local/lib/python3.8/site-packages/airflow/example_dags/example_task_group_decorator.py took 0.296 seconds
[2024-04-20T16:56:58.382+0000] {processor.py:161} INFO - Started process (PID=6211) to work on /home/airflow/.local/lib/python3.8/site-packages/airflow/example_dags/example_task_group_decorator.py
[2024-04-20T16:56:58.383+0000] {processor.py:830} INFO - Processing file /home/airflow/.local/lib/python3.8/site-packages/airflow/example_dags/example_task_group_decorator.py for tasks to queue
[2024-04-20T16:56:58.384+0000] {logging_mixin.py:188} INFO - [2024-04-20T16:56:58.384+0000] {dagbag.py:540} INFO - Filling up the DagBag from /home/airflow/.local/lib/python3.8/site-packages/airflow/example_dags/example_task_group_decorator.py
[2024-04-20T16:56:58.402+0000] {processor.py:840} INFO - DAG(s) 'example_task_group_decorator' retrieved from /home/airflow/.local/lib/python3.8/site-packages/airflow/example_dags/example_task_group_decorator.py
[2024-04-20T16:56:58.432+0000] {logging_mixin.py:188} INFO - [2024-04-20T16:56:58.432+0000] {dag.py:3047} INFO - Sync 1 DAGs
[2024-04-20T16:56:58.456+0000] {logging_mixin.py:188} INFO - [2024-04-20T16:56:58.456+0000] {dag.py:3834} INFO - Setting next_dagrun for example_task_group_decorator to 2024-04-19 00:00:00+00:00, run_after=2024-04-20 00:00:00+00:00
[2024-04-20T16:56:58.581+0000] {processor.py:183} INFO - Processing /home/airflow/.local/lib/python3.8/site-packages/airflow/example_dags/example_task_group_decorator.py took 0.202 seconds
[2024-04-20T16:57:28.609+0000] {processor.py:161} INFO - Started process (PID=6462) to work on /home/airflow/.local/lib/python3.8/site-packages/airflow/example_dags/example_task_group_decorator.py
[2024-04-20T16:57:28.610+0000] {processor.py:830} INFO - Processing file /home/airflow/.local/lib/python3.8/site-packages/airflow/example_dags/example_task_group_decorator.py for tasks to queue
[2024-04-20T16:57:28.611+0000] {logging_mixin.py:188} INFO - [2024-04-20T16:57:28.611+0000] {dagbag.py:540} INFO - Filling up the DagBag from /home/airflow/.local/lib/python3.8/site-packages/airflow/example_dags/example_task_group_decorator.py
[2024-04-20T16:57:28.623+0000] {processor.py:840} INFO - DAG(s) 'example_task_group_decorator' retrieved from /home/airflow/.local/lib/python3.8/site-packages/airflow/example_dags/example_task_group_decorator.py
[2024-04-20T16:57:28.643+0000] {logging_mixin.py:188} INFO - [2024-04-20T16:57:28.642+0000] {dag.py:3047} INFO - Sync 1 DAGs
[2024-04-20T16:57:28.659+0000] {logging_mixin.py:188} INFO - [2024-04-20T16:57:28.659+0000] {dag.py:3834} INFO - Setting next_dagrun for example_task_group_decorator to 2024-04-19 00:00:00+00:00, run_after=2024-04-20 00:00:00+00:00
[2024-04-20T16:57:28.798+0000] {processor.py:183} INFO - Processing /home/airflow/.local/lib/python3.8/site-packages/airflow/example_dags/example_task_group_decorator.py took 0.191 seconds
[2024-04-20T16:57:59.167+0000] {processor.py:161} INFO - Started process (PID=6719) to work on /home/airflow/.local/lib/python3.8/site-packages/airflow/example_dags/example_task_group_decorator.py
[2024-04-20T16:57:59.168+0000] {processor.py:830} INFO - Processing file /home/airflow/.local/lib/python3.8/site-packages/airflow/example_dags/example_task_group_decorator.py for tasks to queue
[2024-04-20T16:57:59.169+0000] {logging_mixin.py:188} INFO - [2024-04-20T16:57:59.168+0000] {dagbag.py:540} INFO - Filling up the DagBag from /home/airflow/.local/lib/python3.8/site-packages/airflow/example_dags/example_task_group_decorator.py
[2024-04-20T16:57:59.190+0000] {processor.py:840} INFO - DAG(s) 'example_task_group_decorator' retrieved from /home/airflow/.local/lib/python3.8/site-packages/airflow/example_dags/example_task_group_decorator.py
[2024-04-20T16:57:59.211+0000] {logging_mixin.py:188} INFO - [2024-04-20T16:57:59.211+0000] {dag.py:3047} INFO - Sync 1 DAGs
[2024-04-20T16:57:59.268+0000] {logging_mixin.py:188} INFO - [2024-04-20T16:57:59.268+0000] {dag.py:3834} INFO - Setting next_dagrun for example_task_group_decorator to 2024-04-19 00:00:00+00:00, run_after=2024-04-20 00:00:00+00:00
[2024-04-20T16:57:59.563+0000] {processor.py:183} INFO - Processing /home/airflow/.local/lib/python3.8/site-packages/airflow/example_dags/example_task_group_decorator.py took 0.399 seconds
[2024-04-20T16:58:29.619+0000] {processor.py:161} INFO - Started process (PID=6980) to work on /home/airflow/.local/lib/python3.8/site-packages/airflow/example_dags/example_task_group_decorator.py
[2024-04-20T16:58:29.620+0000] {processor.py:830} INFO - Processing file /home/airflow/.local/lib/python3.8/site-packages/airflow/example_dags/example_task_group_decorator.py for tasks to queue
[2024-04-20T16:58:29.620+0000] {logging_mixin.py:188} INFO - [2024-04-20T16:58:29.620+0000] {dagbag.py:540} INFO - Filling up the DagBag from /home/airflow/.local/lib/python3.8/site-packages/airflow/example_dags/example_task_group_decorator.py
[2024-04-20T16:58:29.632+0000] {processor.py:840} INFO - DAG(s) 'example_task_group_decorator' retrieved from /home/airflow/.local/lib/python3.8/site-packages/airflow/example_dags/example_task_group_decorator.py
[2024-04-20T16:58:29.661+0000] {logging_mixin.py:188} INFO - [2024-04-20T16:58:29.661+0000] {dag.py:3047} INFO - Sync 1 DAGs
[2024-04-20T16:58:29.679+0000] {logging_mixin.py:188} INFO - [2024-04-20T16:58:29.679+0000] {dag.py:3834} INFO - Setting next_dagrun for example_task_group_decorator to 2024-04-19 00:00:00+00:00, run_after=2024-04-20 00:00:00+00:00
[2024-04-20T16:58:29.873+0000] {processor.py:183} INFO - Processing /home/airflow/.local/lib/python3.8/site-packages/airflow/example_dags/example_task_group_decorator.py took 0.256 seconds
[2024-04-20T16:59:00.268+0000] {processor.py:161} INFO - Started process (PID=7235) to work on /home/airflow/.local/lib/python3.8/site-packages/airflow/example_dags/example_task_group_decorator.py
[2024-04-20T16:59:00.269+0000] {processor.py:830} INFO - Processing file /home/airflow/.local/lib/python3.8/site-packages/airflow/example_dags/example_task_group_decorator.py for tasks to queue
[2024-04-20T16:59:00.269+0000] {logging_mixin.py:188} INFO - [2024-04-20T16:59:00.269+0000] {dagbag.py:540} INFO - Filling up the DagBag from /home/airflow/.local/lib/python3.8/site-packages/airflow/example_dags/example_task_group_decorator.py
[2024-04-20T16:59:00.282+0000] {processor.py:840} INFO - DAG(s) 'example_task_group_decorator' retrieved from /home/airflow/.local/lib/python3.8/site-packages/airflow/example_dags/example_task_group_decorator.py
[2024-04-20T16:59:00.303+0000] {logging_mixin.py:188} INFO - [2024-04-20T16:59:00.302+0000] {dag.py:3047} INFO - Sync 1 DAGs
[2024-04-20T16:59:00.320+0000] {logging_mixin.py:188} INFO - [2024-04-20T16:59:00.320+0000] {dag.py:3834} INFO - Setting next_dagrun for example_task_group_decorator to 2024-04-19 00:00:00+00:00, run_after=2024-04-20 00:00:00+00:00
[2024-04-20T16:59:00.458+0000] {processor.py:183} INFO - Processing /home/airflow/.local/lib/python3.8/site-packages/airflow/example_dags/example_task_group_decorator.py took 0.193 seconds
[2024-04-20T16:59:31.319+0000] {processor.py:161} INFO - Started process (PID=7492) to work on /home/airflow/.local/lib/python3.8/site-packages/airflow/example_dags/example_task_group_decorator.py
[2024-04-20T16:59:31.320+0000] {processor.py:830} INFO - Processing file /home/airflow/.local/lib/python3.8/site-packages/airflow/example_dags/example_task_group_decorator.py for tasks to queue
[2024-04-20T16:59:31.321+0000] {logging_mixin.py:188} INFO - [2024-04-20T16:59:31.321+0000] {dagbag.py:540} INFO - Filling up the DagBag from /home/airflow/.local/lib/python3.8/site-packages/airflow/example_dags/example_task_group_decorator.py
[2024-04-20T16:59:31.340+0000] {processor.py:840} INFO - DAG(s) 'example_task_group_decorator' retrieved from /home/airflow/.local/lib/python3.8/site-packages/airflow/example_dags/example_task_group_decorator.py
[2024-04-20T16:59:31.376+0000] {logging_mixin.py:188} INFO - [2024-04-20T16:59:31.376+0000] {dag.py:3047} INFO - Sync 1 DAGs
[2024-04-20T16:59:31.398+0000] {logging_mixin.py:188} INFO - [2024-04-20T16:59:31.398+0000] {dag.py:3834} INFO - Setting next_dagrun for example_task_group_decorator to 2024-04-19 00:00:00+00:00, run_after=2024-04-20 00:00:00+00:00
[2024-04-20T16:59:31.813+0000] {processor.py:183} INFO - Processing /home/airflow/.local/lib/python3.8/site-packages/airflow/example_dags/example_task_group_decorator.py took 0.497 seconds
[2024-04-20T17:00:02.438+0000] {processor.py:161} INFO - Started process (PID=7749) to work on /home/airflow/.local/lib/python3.8/site-packages/airflow/example_dags/example_task_group_decorator.py
[2024-04-20T17:00:02.439+0000] {processor.py:830} INFO - Processing file /home/airflow/.local/lib/python3.8/site-packages/airflow/example_dags/example_task_group_decorator.py for tasks to queue
[2024-04-20T17:00:02.440+0000] {logging_mixin.py:188} INFO - [2024-04-20T17:00:02.439+0000] {dagbag.py:540} INFO - Filling up the DagBag from /home/airflow/.local/lib/python3.8/site-packages/airflow/example_dags/example_task_group_decorator.py
[2024-04-20T17:00:02.459+0000] {processor.py:840} INFO - DAG(s) 'example_task_group_decorator' retrieved from /home/airflow/.local/lib/python3.8/site-packages/airflow/example_dags/example_task_group_decorator.py
[2024-04-20T17:00:02.488+0000] {logging_mixin.py:188} INFO - [2024-04-20T17:00:02.488+0000] {dag.py:3047} INFO - Sync 1 DAGs
[2024-04-20T17:00:02.506+0000] {logging_mixin.py:188} INFO - [2024-04-20T17:00:02.506+0000] {dag.py:3834} INFO - Setting next_dagrun for example_task_group_decorator to 2024-04-19 00:00:00+00:00, run_after=2024-04-20 00:00:00+00:00
[2024-04-20T17:00:02.705+0000] {processor.py:183} INFO - Processing /home/airflow/.local/lib/python3.8/site-packages/airflow/example_dags/example_task_group_decorator.py took 0.271 seconds
[2024-04-20T17:00:32.847+0000] {processor.py:161} INFO - Started process (PID=8006) to work on /home/airflow/.local/lib/python3.8/site-packages/airflow/example_dags/example_task_group_decorator.py
[2024-04-20T17:00:32.848+0000] {processor.py:830} INFO - Processing file /home/airflow/.local/lib/python3.8/site-packages/airflow/example_dags/example_task_group_decorator.py for tasks to queue
[2024-04-20T17:00:32.849+0000] {logging_mixin.py:188} INFO - [2024-04-20T17:00:32.849+0000] {dagbag.py:540} INFO - Filling up the DagBag from /home/airflow/.local/lib/python3.8/site-packages/airflow/example_dags/example_task_group_decorator.py
[2024-04-20T17:00:32.869+0000] {processor.py:840} INFO - DAG(s) 'example_task_group_decorator' retrieved from /home/airflow/.local/lib/python3.8/site-packages/airflow/example_dags/example_task_group_decorator.py
[2024-04-20T17:00:32.897+0000] {logging_mixin.py:188} INFO - [2024-04-20T17:00:32.897+0000] {dag.py:3047} INFO - Sync 1 DAGs
[2024-04-20T17:00:32.915+0000] {logging_mixin.py:188} INFO - [2024-04-20T17:00:32.914+0000] {dag.py:3834} INFO - Setting next_dagrun for example_task_group_decorator to 2024-04-19 00:00:00+00:00, run_after=2024-04-20 00:00:00+00:00
[2024-04-20T17:00:33.164+0000] {processor.py:183} INFO - Processing /home/airflow/.local/lib/python3.8/site-packages/airflow/example_dags/example_task_group_decorator.py took 0.320 seconds
[2024-04-20T17:01:03.418+0000] {processor.py:161} INFO - Started process (PID=8264) to work on /home/airflow/.local/lib/python3.8/site-packages/airflow/example_dags/example_task_group_decorator.py
[2024-04-20T17:01:03.419+0000] {processor.py:830} INFO - Processing file /home/airflow/.local/lib/python3.8/site-packages/airflow/example_dags/example_task_group_decorator.py for tasks to queue
[2024-04-20T17:01:03.420+0000] {logging_mixin.py:188} INFO - [2024-04-20T17:01:03.420+0000] {dagbag.py:540} INFO - Filling up the DagBag from /home/airflow/.local/lib/python3.8/site-packages/airflow/example_dags/example_task_group_decorator.py
[2024-04-20T17:01:03.459+0000] {processor.py:840} INFO - DAG(s) 'example_task_group_decorator' retrieved from /home/airflow/.local/lib/python3.8/site-packages/airflow/example_dags/example_task_group_decorator.py
[2024-04-20T17:01:03.502+0000] {logging_mixin.py:188} INFO - [2024-04-20T17:01:03.502+0000] {dag.py:3047} INFO - Sync 1 DAGs
[2024-04-20T17:01:03.536+0000] {logging_mixin.py:188} INFO - [2024-04-20T17:01:03.536+0000] {dag.py:3834} INFO - Setting next_dagrun for example_task_group_decorator to 2024-04-19 00:00:00+00:00, run_after=2024-04-20 00:00:00+00:00
[2024-04-20T17:01:03.698+0000] {processor.py:183} INFO - Processing /home/airflow/.local/lib/python3.8/site-packages/airflow/example_dags/example_task_group_decorator.py took 0.283 seconds
[2024-04-20T17:01:33.977+0000] {processor.py:161} INFO - Started process (PID=8522) to work on /home/airflow/.local/lib/python3.8/site-packages/airflow/example_dags/example_task_group_decorator.py
[2024-04-20T17:01:33.978+0000] {processor.py:830} INFO - Processing file /home/airflow/.local/lib/python3.8/site-packages/airflow/example_dags/example_task_group_decorator.py for tasks to queue
[2024-04-20T17:01:33.979+0000] {logging_mixin.py:188} INFO - [2024-04-20T17:01:33.979+0000] {dagbag.py:540} INFO - Filling up the DagBag from /home/airflow/.local/lib/python3.8/site-packages/airflow/example_dags/example_task_group_decorator.py
[2024-04-20T17:01:34.000+0000] {processor.py:840} INFO - DAG(s) 'example_task_group_decorator' retrieved from /home/airflow/.local/lib/python3.8/site-packages/airflow/example_dags/example_task_group_decorator.py
[2024-04-20T17:01:34.029+0000] {logging_mixin.py:188} INFO - [2024-04-20T17:01:34.029+0000] {dag.py:3047} INFO - Sync 1 DAGs
[2024-04-20T17:01:34.048+0000] {logging_mixin.py:188} INFO - [2024-04-20T17:01:34.047+0000] {dag.py:3834} INFO - Setting next_dagrun for example_task_group_decorator to 2024-04-19 00:00:00+00:00, run_after=2024-04-20 00:00:00+00:00
[2024-04-20T17:01:34.293+0000] {processor.py:183} INFO - Processing /home/airflow/.local/lib/python3.8/site-packages/airflow/example_dags/example_task_group_decorator.py took 0.320 seconds
[2024-04-20T17:02:04.347+0000] {processor.py:161} INFO - Started process (PID=8779) to work on /home/airflow/.local/lib/python3.8/site-packages/airflow/example_dags/example_task_group_decorator.py
[2024-04-20T17:02:04.348+0000] {processor.py:830} INFO - Processing file /home/airflow/.local/lib/python3.8/site-packages/airflow/example_dags/example_task_group_decorator.py for tasks to queue
[2024-04-20T17:02:04.349+0000] {logging_mixin.py:188} INFO - [2024-04-20T17:02:04.349+0000] {dagbag.py:540} INFO - Filling up the DagBag from /home/airflow/.local/lib/python3.8/site-packages/airflow/example_dags/example_task_group_decorator.py
[2024-04-20T17:02:04.361+0000] {processor.py:840} INFO - DAG(s) 'example_task_group_decorator' retrieved from /home/airflow/.local/lib/python3.8/site-packages/airflow/example_dags/example_task_group_decorator.py
[2024-04-20T17:02:04.380+0000] {logging_mixin.py:188} INFO - [2024-04-20T17:02:04.380+0000] {dag.py:3047} INFO - Sync 1 DAGs
[2024-04-20T17:02:04.402+0000] {logging_mixin.py:188} INFO - [2024-04-20T17:02:04.402+0000] {dag.py:3834} INFO - Setting next_dagrun for example_task_group_decorator to 2024-04-19 00:00:00+00:00, run_after=2024-04-20 00:00:00+00:00
[2024-04-20T17:02:04.524+0000] {processor.py:183} INFO - Processing /home/airflow/.local/lib/python3.8/site-packages/airflow/example_dags/example_task_group_decorator.py took 0.180 seconds
[2024-04-20T17:02:34.845+0000] {processor.py:161} INFO - Started process (PID=9037) to work on /home/airflow/.local/lib/python3.8/site-packages/airflow/example_dags/example_task_group_decorator.py
[2024-04-20T17:02:34.846+0000] {processor.py:830} INFO - Processing file /home/airflow/.local/lib/python3.8/site-packages/airflow/example_dags/example_task_group_decorator.py for tasks to queue
[2024-04-20T17:02:34.847+0000] {logging_mixin.py:188} INFO - [2024-04-20T17:02:34.847+0000] {dagbag.py:540} INFO - Filling up the DagBag from /home/airflow/.local/lib/python3.8/site-packages/airflow/example_dags/example_task_group_decorator.py
[2024-04-20T17:02:34.866+0000] {processor.py:840} INFO - DAG(s) 'example_task_group_decorator' retrieved from /home/airflow/.local/lib/python3.8/site-packages/airflow/example_dags/example_task_group_decorator.py
[2024-04-20T17:02:34.895+0000] {logging_mixin.py:188} INFO - [2024-04-20T17:02:34.895+0000] {dag.py:3047} INFO - Sync 1 DAGs
[2024-04-20T17:02:34.911+0000] {logging_mixin.py:188} INFO - [2024-04-20T17:02:34.911+0000] {dag.py:3834} INFO - Setting next_dagrun for example_task_group_decorator to 2024-04-19 00:00:00+00:00, run_after=2024-04-20 00:00:00+00:00
[2024-04-20T17:02:35.163+0000] {processor.py:183} INFO - Processing /home/airflow/.local/lib/python3.8/site-packages/airflow/example_dags/example_task_group_decorator.py took 0.321 seconds
[2024-04-20T17:03:05.769+0000] {processor.py:161} INFO - Started process (PID=9295) to work on /home/airflow/.local/lib/python3.8/site-packages/airflow/example_dags/example_task_group_decorator.py
[2024-04-20T17:03:05.771+0000] {processor.py:830} INFO - Processing file /home/airflow/.local/lib/python3.8/site-packages/airflow/example_dags/example_task_group_decorator.py for tasks to queue
[2024-04-20T17:03:05.772+0000] {logging_mixin.py:188} INFO - [2024-04-20T17:03:05.771+0000] {dagbag.py:540} INFO - Filling up the DagBag from /home/airflow/.local/lib/python3.8/site-packages/airflow/example_dags/example_task_group_decorator.py
[2024-04-20T17:03:05.791+0000] {processor.py:840} INFO - DAG(s) 'example_task_group_decorator' retrieved from /home/airflow/.local/lib/python3.8/site-packages/airflow/example_dags/example_task_group_decorator.py
[2024-04-20T17:03:05.820+0000] {logging_mixin.py:188} INFO - [2024-04-20T17:03:05.819+0000] {dag.py:3047} INFO - Sync 1 DAGs
[2024-04-20T17:03:05.838+0000] {logging_mixin.py:188} INFO - [2024-04-20T17:03:05.838+0000] {dag.py:3834} INFO - Setting next_dagrun for example_task_group_decorator to 2024-04-19 00:00:00+00:00, run_after=2024-04-20 00:00:00+00:00
[2024-04-20T17:03:06.036+0000] {processor.py:183} INFO - Processing /home/airflow/.local/lib/python3.8/site-packages/airflow/example_dags/example_task_group_decorator.py took 0.270 seconds
[2024-04-20T17:03:36.142+0000] {processor.py:161} INFO - Started process (PID=9554) to work on /home/airflow/.local/lib/python3.8/site-packages/airflow/example_dags/example_task_group_decorator.py
[2024-04-20T17:03:36.142+0000] {processor.py:830} INFO - Processing file /home/airflow/.local/lib/python3.8/site-packages/airflow/example_dags/example_task_group_decorator.py for tasks to queue
[2024-04-20T17:03:36.143+0000] {logging_mixin.py:188} INFO - [2024-04-20T17:03:36.143+0000] {dagbag.py:540} INFO - Filling up the DagBag from /home/airflow/.local/lib/python3.8/site-packages/airflow/example_dags/example_task_group_decorator.py
[2024-04-20T17:03:36.155+0000] {processor.py:840} INFO - DAG(s) 'example_task_group_decorator' retrieved from /home/airflow/.local/lib/python3.8/site-packages/airflow/example_dags/example_task_group_decorator.py
[2024-04-20T17:03:36.175+0000] {logging_mixin.py:188} INFO - [2024-04-20T17:03:36.175+0000] {dag.py:3047} INFO - Sync 1 DAGs
[2024-04-20T17:03:36.192+0000] {logging_mixin.py:188} INFO - [2024-04-20T17:03:36.191+0000] {dag.py:3834} INFO - Setting next_dagrun for example_task_group_decorator to 2024-04-19 00:00:00+00:00, run_after=2024-04-20 00:00:00+00:00
[2024-04-20T17:03:36.312+0000] {processor.py:183} INFO - Processing /home/airflow/.local/lib/python3.8/site-packages/airflow/example_dags/example_task_group_decorator.py took 0.173 seconds
[2024-04-20T17:04:06.729+0000] {processor.py:161} INFO - Started process (PID=9809) to work on /home/airflow/.local/lib/python3.8/site-packages/airflow/example_dags/example_task_group_decorator.py
[2024-04-20T17:04:06.731+0000] {processor.py:830} INFO - Processing file /home/airflow/.local/lib/python3.8/site-packages/airflow/example_dags/example_task_group_decorator.py for tasks to queue
[2024-04-20T17:04:06.732+0000] {logging_mixin.py:188} INFO - [2024-04-20T17:04:06.732+0000] {dagbag.py:540} INFO - Filling up the DagBag from /home/airflow/.local/lib/python3.8/site-packages/airflow/example_dags/example_task_group_decorator.py
[2024-04-20T17:04:06.747+0000] {processor.py:840} INFO - DAG(s) 'example_task_group_decorator' retrieved from /home/airflow/.local/lib/python3.8/site-packages/airflow/example_dags/example_task_group_decorator.py
[2024-04-20T17:04:06.767+0000] {logging_mixin.py:188} INFO - [2024-04-20T17:04:06.767+0000] {dag.py:3047} INFO - Sync 1 DAGs
[2024-04-20T17:04:06.784+0000] {logging_mixin.py:188} INFO - [2024-04-20T17:04:06.784+0000] {dag.py:3834} INFO - Setting next_dagrun for example_task_group_decorator to 2024-04-19 00:00:00+00:00, run_after=2024-04-20 00:00:00+00:00
[2024-04-20T17:04:07.224+0000] {processor.py:183} INFO - Processing /home/airflow/.local/lib/python3.8/site-packages/airflow/example_dags/example_task_group_decorator.py took 0.498 seconds
[2024-04-20T17:04:37.499+0000] {processor.py:161} INFO - Started process (PID=10068) to work on /home/airflow/.local/lib/python3.8/site-packages/airflow/example_dags/example_task_group_decorator.py
[2024-04-20T17:04:37.500+0000] {processor.py:830} INFO - Processing file /home/airflow/.local/lib/python3.8/site-packages/airflow/example_dags/example_task_group_decorator.py for tasks to queue
[2024-04-20T17:04:37.501+0000] {logging_mixin.py:188} INFO - [2024-04-20T17:04:37.500+0000] {dagbag.py:540} INFO - Filling up the DagBag from /home/airflow/.local/lib/python3.8/site-packages/airflow/example_dags/example_task_group_decorator.py
[2024-04-20T17:04:37.513+0000] {processor.py:840} INFO - DAG(s) 'example_task_group_decorator' retrieved from /home/airflow/.local/lib/python3.8/site-packages/airflow/example_dags/example_task_group_decorator.py
[2024-04-20T17:04:37.534+0000] {logging_mixin.py:188} INFO - [2024-04-20T17:04:37.533+0000] {dag.py:3047} INFO - Sync 1 DAGs
[2024-04-20T17:04:37.551+0000] {logging_mixin.py:188} INFO - [2024-04-20T17:04:37.550+0000] {dag.py:3834} INFO - Setting next_dagrun for example_task_group_decorator to 2024-04-19 00:00:00+00:00, run_after=2024-04-20 00:00:00+00:00
[2024-04-20T17:04:37.738+0000] {processor.py:183} INFO - Processing /home/airflow/.local/lib/python3.8/site-packages/airflow/example_dags/example_task_group_decorator.py took 0.241 seconds
[2024-04-20T17:05:08.289+0000] {processor.py:161} INFO - Started process (PID=10323) to work on /home/airflow/.local/lib/python3.8/site-packages/airflow/example_dags/example_task_group_decorator.py
[2024-04-20T17:05:08.290+0000] {processor.py:830} INFO - Processing file /home/airflow/.local/lib/python3.8/site-packages/airflow/example_dags/example_task_group_decorator.py for tasks to queue
[2024-04-20T17:05:08.292+0000] {logging_mixin.py:188} INFO - [2024-04-20T17:05:08.291+0000] {dagbag.py:540} INFO - Filling up the DagBag from /home/airflow/.local/lib/python3.8/site-packages/airflow/example_dags/example_task_group_decorator.py
[2024-04-20T17:05:08.312+0000] {processor.py:840} INFO - DAG(s) 'example_task_group_decorator' retrieved from /home/airflow/.local/lib/python3.8/site-packages/airflow/example_dags/example_task_group_decorator.py
[2024-04-20T17:05:08.336+0000] {logging_mixin.py:188} INFO - [2024-04-20T17:05:08.336+0000] {dag.py:3047} INFO - Sync 1 DAGs
[2024-04-20T17:05:08.361+0000] {logging_mixin.py:188} INFO - [2024-04-20T17:05:08.361+0000] {dag.py:3834} INFO - Setting next_dagrun for example_task_group_decorator to 2024-04-19 00:00:00+00:00, run_after=2024-04-20 00:00:00+00:00
[2024-04-20T17:05:08.621+0000] {processor.py:183} INFO - Processing /home/airflow/.local/lib/python3.8/site-packages/airflow/example_dags/example_task_group_decorator.py took 0.335 seconds
[2024-04-20T17:05:38.769+0000] {processor.py:161} INFO - Started process (PID=10574) to work on /home/airflow/.local/lib/python3.8/site-packages/airflow/example_dags/example_task_group_decorator.py
[2024-04-20T17:05:38.770+0000] {processor.py:830} INFO - Processing file /home/airflow/.local/lib/python3.8/site-packages/airflow/example_dags/example_task_group_decorator.py for tasks to queue
[2024-04-20T17:05:38.771+0000] {logging_mixin.py:188} INFO - [2024-04-20T17:05:38.770+0000] {dagbag.py:540} INFO - Filling up the DagBag from /home/airflow/.local/lib/python3.8/site-packages/airflow/example_dags/example_task_group_decorator.py
[2024-04-20T17:05:38.790+0000] {processor.py:840} INFO - DAG(s) 'example_task_group_decorator' retrieved from /home/airflow/.local/lib/python3.8/site-packages/airflow/example_dags/example_task_group_decorator.py
[2024-04-20T17:05:38.821+0000] {logging_mixin.py:188} INFO - [2024-04-20T17:05:38.820+0000] {dag.py:3047} INFO - Sync 1 DAGs
[2024-04-20T17:05:38.845+0000] {logging_mixin.py:188} INFO - [2024-04-20T17:05:38.844+0000] {dag.py:3834} INFO - Setting next_dagrun for example_task_group_decorator to 2024-04-19 00:00:00+00:00, run_after=2024-04-20 00:00:00+00:00
[2024-04-20T17:05:39.255+0000] {processor.py:183} INFO - Processing /home/airflow/.local/lib/python3.8/site-packages/airflow/example_dags/example_task_group_decorator.py took 0.490 seconds
[2024-04-20T17:06:09.678+0000] {processor.py:161} INFO - Started process (PID=10833) to work on /home/airflow/.local/lib/python3.8/site-packages/airflow/example_dags/example_task_group_decorator.py
[2024-04-20T17:06:09.679+0000] {processor.py:830} INFO - Processing file /home/airflow/.local/lib/python3.8/site-packages/airflow/example_dags/example_task_group_decorator.py for tasks to queue
[2024-04-20T17:06:09.680+0000] {logging_mixin.py:188} INFO - [2024-04-20T17:06:09.679+0000] {dagbag.py:540} INFO - Filling up the DagBag from /home/airflow/.local/lib/python3.8/site-packages/airflow/example_dags/example_task_group_decorator.py
[2024-04-20T17:06:09.701+0000] {processor.py:840} INFO - DAG(s) 'example_task_group_decorator' retrieved from /home/airflow/.local/lib/python3.8/site-packages/airflow/example_dags/example_task_group_decorator.py
[2024-04-20T17:06:09.729+0000] {logging_mixin.py:188} INFO - [2024-04-20T17:06:09.729+0000] {dag.py:3047} INFO - Sync 1 DAGs
[2024-04-20T17:06:09.751+0000] {logging_mixin.py:188} INFO - [2024-04-20T17:06:09.751+0000] {dag.py:3834} INFO - Setting next_dagrun for example_task_group_decorator to 2024-04-19 00:00:00+00:00, run_after=2024-04-20 00:00:00+00:00
[2024-04-20T17:06:09.966+0000] {processor.py:183} INFO - Processing /home/airflow/.local/lib/python3.8/site-packages/airflow/example_dags/example_task_group_decorator.py took 0.291 seconds
