[2024-04-20T16:45:16.196+0000] {processor.py:161} INFO - Started process (PID=400) to work on /home/airflow/.local/lib/python3.8/site-packages/airflow/example_dags/example_python_operator.py
[2024-04-20T16:45:16.197+0000] {processor.py:830} INFO - Processing file /home/airflow/.local/lib/python3.8/site-packages/airflow/example_dags/example_python_operator.py for tasks to queue
[2024-04-20T16:45:16.197+0000] {logging_mixin.py:188} INFO - [2024-04-20T16:45:16.197+0000] {dagbag.py:540} INFO - Filling up the DagBag from /home/airflow/.local/lib/python3.8/site-packages/airflow/example_dags/example_python_operator.py
[2024-04-20T16:45:16.205+0000] {processor.py:840} INFO - DAG(s) 'example_python_operator' retrieved from /home/airflow/.local/lib/python3.8/site-packages/airflow/example_dags/example_python_operator.py
[2024-04-20T16:45:16.299+0000] {logging_mixin.py:188} INFO - [2024-04-20T16:45:16.298+0000] {dag.py:3047} INFO - Sync 1 DAGs
[2024-04-20T16:45:16.307+0000] {logging_mixin.py:188} INFO - [2024-04-20T16:45:16.307+0000] {dag.py:3834} INFO - Setting next_dagrun for example_python_operator to None, run_after=None
[2024-04-20T16:45:17.153+0000] {processor.py:183} INFO - Processing /home/airflow/.local/lib/python3.8/site-packages/airflow/example_dags/example_python_operator.py took 0.960 seconds
[2024-04-20T16:45:51.523+0000] {processor.py:161} INFO - Started process (PID=657) to work on /home/airflow/.local/lib/python3.8/site-packages/airflow/example_dags/example_python_operator.py
[2024-04-20T16:45:51.524+0000] {processor.py:830} INFO - Processing file /home/airflow/.local/lib/python3.8/site-packages/airflow/example_dags/example_python_operator.py for tasks to queue
[2024-04-20T16:45:51.524+0000] {logging_mixin.py:188} INFO - [2024-04-20T16:45:51.524+0000] {dagbag.py:540} INFO - Filling up the DagBag from /home/airflow/.local/lib/python3.8/site-packages/airflow/example_dags/example_python_operator.py
[2024-04-20T16:45:51.533+0000] {processor.py:840} INFO - DAG(s) 'example_python_operator' retrieved from /home/airflow/.local/lib/python3.8/site-packages/airflow/example_dags/example_python_operator.py
[2024-04-20T16:45:51.551+0000] {logging_mixin.py:188} INFO - [2024-04-20T16:45:51.551+0000] {dag.py:3047} INFO - Sync 1 DAGs
[2024-04-20T16:45:51.561+0000] {logging_mixin.py:188} INFO - [2024-04-20T16:45:51.561+0000] {dag.py:3834} INFO - Setting next_dagrun for example_python_operator to None, run_after=None
[2024-04-20T16:45:51.912+0000] {processor.py:183} INFO - Processing /home/airflow/.local/lib/python3.8/site-packages/airflow/example_dags/example_python_operator.py took 0.392 seconds
[2024-04-20T16:46:22.005+0000] {processor.py:161} INFO - Started process (PID=914) to work on /home/airflow/.local/lib/python3.8/site-packages/airflow/example_dags/example_python_operator.py
[2024-04-20T16:46:22.005+0000] {processor.py:830} INFO - Processing file /home/airflow/.local/lib/python3.8/site-packages/airflow/example_dags/example_python_operator.py for tasks to queue
[2024-04-20T16:46:22.006+0000] {logging_mixin.py:188} INFO - [2024-04-20T16:46:22.006+0000] {dagbag.py:540} INFO - Filling up the DagBag from /home/airflow/.local/lib/python3.8/site-packages/airflow/example_dags/example_python_operator.py
[2024-04-20T16:46:22.014+0000] {processor.py:840} INFO - DAG(s) 'example_python_operator' retrieved from /home/airflow/.local/lib/python3.8/site-packages/airflow/example_dags/example_python_operator.py
[2024-04-20T16:46:22.033+0000] {logging_mixin.py:188} INFO - [2024-04-20T16:46:22.032+0000] {dag.py:3047} INFO - Sync 1 DAGs
[2024-04-20T16:46:22.042+0000] {logging_mixin.py:188} INFO - [2024-04-20T16:46:22.042+0000] {dag.py:3834} INFO - Setting next_dagrun for example_python_operator to None, run_after=None
[2024-04-20T16:46:22.398+0000] {processor.py:183} INFO - Processing /home/airflow/.local/lib/python3.8/site-packages/airflow/example_dags/example_python_operator.py took 0.396 seconds
[2024-04-20T16:46:52.976+0000] {processor.py:161} INFO - Started process (PID=1171) to work on /home/airflow/.local/lib/python3.8/site-packages/airflow/example_dags/example_python_operator.py
[2024-04-20T16:46:52.979+0000] {processor.py:830} INFO - Processing file /home/airflow/.local/lib/python3.8/site-packages/airflow/example_dags/example_python_operator.py for tasks to queue
[2024-04-20T16:46:52.985+0000] {logging_mixin.py:188} INFO - [2024-04-20T16:46:52.983+0000] {dagbag.py:540} INFO - Filling up the DagBag from /home/airflow/.local/lib/python3.8/site-packages/airflow/example_dags/example_python_operator.py
[2024-04-20T16:46:53.002+0000] {processor.py:840} INFO - DAG(s) 'example_python_operator' retrieved from /home/airflow/.local/lib/python3.8/site-packages/airflow/example_dags/example_python_operator.py
[2024-04-20T16:46:53.036+0000] {logging_mixin.py:188} INFO - [2024-04-20T16:46:53.036+0000] {dag.py:3047} INFO - Sync 1 DAGs
[2024-04-20T16:46:53.056+0000] {logging_mixin.py:188} INFO - [2024-04-20T16:46:53.056+0000] {dag.py:3834} INFO - Setting next_dagrun for example_python_operator to None, run_after=None
[2024-04-20T16:46:53.384+0000] {processor.py:183} INFO - Processing /home/airflow/.local/lib/python3.8/site-packages/airflow/example_dags/example_python_operator.py took 0.416 seconds
[2024-04-20T16:47:24.205+0000] {processor.py:161} INFO - Started process (PID=1428) to work on /home/airflow/.local/lib/python3.8/site-packages/airflow/example_dags/example_python_operator.py
[2024-04-20T16:47:24.206+0000] {processor.py:830} INFO - Processing file /home/airflow/.local/lib/python3.8/site-packages/airflow/example_dags/example_python_operator.py for tasks to queue
[2024-04-20T16:47:24.207+0000] {logging_mixin.py:188} INFO - [2024-04-20T16:47:24.207+0000] {dagbag.py:540} INFO - Filling up the DagBag from /home/airflow/.local/lib/python3.8/site-packages/airflow/example_dags/example_python_operator.py
[2024-04-20T16:47:24.218+0000] {processor.py:840} INFO - DAG(s) 'example_python_operator' retrieved from /home/airflow/.local/lib/python3.8/site-packages/airflow/example_dags/example_python_operator.py
[2024-04-20T16:47:24.247+0000] {logging_mixin.py:188} INFO - [2024-04-20T16:47:24.247+0000] {dag.py:3047} INFO - Sync 1 DAGs
[2024-04-20T16:47:24.262+0000] {logging_mixin.py:188} INFO - [2024-04-20T16:47:24.262+0000] {dag.py:3834} INFO - Setting next_dagrun for example_python_operator to None, run_after=None
[2024-04-20T16:47:24.778+0000] {processor.py:183} INFO - Processing /home/airflow/.local/lib/python3.8/site-packages/airflow/example_dags/example_python_operator.py took 0.576 seconds
[2024-04-20T16:47:54.943+0000] {processor.py:161} INFO - Started process (PID=1685) to work on /home/airflow/.local/lib/python3.8/site-packages/airflow/example_dags/example_python_operator.py
[2024-04-20T16:47:54.945+0000] {processor.py:830} INFO - Processing file /home/airflow/.local/lib/python3.8/site-packages/airflow/example_dags/example_python_operator.py for tasks to queue
[2024-04-20T16:47:54.946+0000] {logging_mixin.py:188} INFO - [2024-04-20T16:47:54.945+0000] {dagbag.py:540} INFO - Filling up the DagBag from /home/airflow/.local/lib/python3.8/site-packages/airflow/example_dags/example_python_operator.py
[2024-04-20T16:47:54.958+0000] {processor.py:840} INFO - DAG(s) 'example_python_operator' retrieved from /home/airflow/.local/lib/python3.8/site-packages/airflow/example_dags/example_python_operator.py
[2024-04-20T16:47:54.983+0000] {logging_mixin.py:188} INFO - [2024-04-20T16:47:54.982+0000] {dag.py:3047} INFO - Sync 1 DAGs
[2024-04-20T16:47:54.997+0000] {logging_mixin.py:188} INFO - [2024-04-20T16:47:54.997+0000] {dag.py:3834} INFO - Setting next_dagrun for example_python_operator to None, run_after=None
[2024-04-20T16:47:55.121+0000] {processor.py:183} INFO - Processing /home/airflow/.local/lib/python3.8/site-packages/airflow/example_dags/example_python_operator.py took 0.181 seconds
[2024-04-20T16:48:25.744+0000] {processor.py:161} INFO - Started process (PID=1942) to work on /home/airflow/.local/lib/python3.8/site-packages/airflow/example_dags/example_python_operator.py
[2024-04-20T16:48:25.745+0000] {processor.py:830} INFO - Processing file /home/airflow/.local/lib/python3.8/site-packages/airflow/example_dags/example_python_operator.py for tasks to queue
[2024-04-20T16:48:25.746+0000] {logging_mixin.py:188} INFO - [2024-04-20T16:48:25.746+0000] {dagbag.py:540} INFO - Filling up the DagBag from /home/airflow/.local/lib/python3.8/site-packages/airflow/example_dags/example_python_operator.py
[2024-04-20T16:48:25.758+0000] {processor.py:840} INFO - DAG(s) 'example_python_operator' retrieved from /home/airflow/.local/lib/python3.8/site-packages/airflow/example_dags/example_python_operator.py
[2024-04-20T16:48:25.783+0000] {logging_mixin.py:188} INFO - [2024-04-20T16:48:25.783+0000] {dag.py:3047} INFO - Sync 1 DAGs
[2024-04-20T16:48:25.798+0000] {logging_mixin.py:188} INFO - [2024-04-20T16:48:25.798+0000] {dag.py:3834} INFO - Setting next_dagrun for example_python_operator to None, run_after=None
[2024-04-20T16:48:25.922+0000] {processor.py:183} INFO - Processing /home/airflow/.local/lib/python3.8/site-packages/airflow/example_dags/example_python_operator.py took 0.182 seconds
[2024-04-20T16:48:56.256+0000] {processor.py:161} INFO - Started process (PID=2199) to work on /home/airflow/.local/lib/python3.8/site-packages/airflow/example_dags/example_python_operator.py
[2024-04-20T16:48:56.257+0000] {processor.py:830} INFO - Processing file /home/airflow/.local/lib/python3.8/site-packages/airflow/example_dags/example_python_operator.py for tasks to queue
[2024-04-20T16:48:56.258+0000] {logging_mixin.py:188} INFO - [2024-04-20T16:48:56.258+0000] {dagbag.py:540} INFO - Filling up the DagBag from /home/airflow/.local/lib/python3.8/site-packages/airflow/example_dags/example_python_operator.py
[2024-04-20T16:48:56.269+0000] {processor.py:840} INFO - DAG(s) 'example_python_operator' retrieved from /home/airflow/.local/lib/python3.8/site-packages/airflow/example_dags/example_python_operator.py
[2024-04-20T16:48:56.318+0000] {logging_mixin.py:188} INFO - [2024-04-20T16:48:56.317+0000] {dag.py:3047} INFO - Sync 1 DAGs
[2024-04-20T16:48:56.334+0000] {logging_mixin.py:188} INFO - [2024-04-20T16:48:56.334+0000] {dag.py:3834} INFO - Setting next_dagrun for example_python_operator to None, run_after=None
[2024-04-20T16:48:56.460+0000] {processor.py:183} INFO - Processing /home/airflow/.local/lib/python3.8/site-packages/airflow/example_dags/example_python_operator.py took 0.207 seconds
[2024-04-20T16:49:27.185+0000] {processor.py:161} INFO - Started process (PID=2456) to work on /home/airflow/.local/lib/python3.8/site-packages/airflow/example_dags/example_python_operator.py
[2024-04-20T16:49:27.186+0000] {processor.py:830} INFO - Processing file /home/airflow/.local/lib/python3.8/site-packages/airflow/example_dags/example_python_operator.py for tasks to queue
[2024-04-20T16:49:27.187+0000] {logging_mixin.py:188} INFO - [2024-04-20T16:49:27.187+0000] {dagbag.py:540} INFO - Filling up the DagBag from /home/airflow/.local/lib/python3.8/site-packages/airflow/example_dags/example_python_operator.py
[2024-04-20T16:49:27.199+0000] {processor.py:840} INFO - DAG(s) 'example_python_operator' retrieved from /home/airflow/.local/lib/python3.8/site-packages/airflow/example_dags/example_python_operator.py
[2024-04-20T16:49:27.224+0000] {logging_mixin.py:188} INFO - [2024-04-20T16:49:27.224+0000] {dag.py:3047} INFO - Sync 1 DAGs
[2024-04-20T16:49:27.238+0000] {logging_mixin.py:188} INFO - [2024-04-20T16:49:27.238+0000] {dag.py:3834} INFO - Setting next_dagrun for example_python_operator to None, run_after=None
[2024-04-20T16:49:27.392+0000] {processor.py:183} INFO - Processing /home/airflow/.local/lib/python3.8/site-packages/airflow/example_dags/example_python_operator.py took 0.211 seconds
[2024-04-20T16:49:57.471+0000] {processor.py:161} INFO - Started process (PID=2711) to work on /home/airflow/.local/lib/python3.8/site-packages/airflow/example_dags/example_python_operator.py
[2024-04-20T16:49:57.472+0000] {processor.py:830} INFO - Processing file /home/airflow/.local/lib/python3.8/site-packages/airflow/example_dags/example_python_operator.py for tasks to queue
[2024-04-20T16:49:57.473+0000] {logging_mixin.py:188} INFO - [2024-04-20T16:49:57.473+0000] {dagbag.py:540} INFO - Filling up the DagBag from /home/airflow/.local/lib/python3.8/site-packages/airflow/example_dags/example_python_operator.py
[2024-04-20T16:49:57.481+0000] {processor.py:840} INFO - DAG(s) 'example_python_operator' retrieved from /home/airflow/.local/lib/python3.8/site-packages/airflow/example_dags/example_python_operator.py
[2024-04-20T16:49:57.499+0000] {logging_mixin.py:188} INFO - [2024-04-20T16:49:57.499+0000] {dag.py:3047} INFO - Sync 1 DAGs
[2024-04-20T16:49:57.508+0000] {logging_mixin.py:188} INFO - [2024-04-20T16:49:57.508+0000] {dag.py:3834} INFO - Setting next_dagrun for example_python_operator to None, run_after=None
[2024-04-20T16:49:57.630+0000] {processor.py:183} INFO - Processing /home/airflow/.local/lib/python3.8/site-packages/airflow/example_dags/example_python_operator.py took 0.161 seconds
[2024-04-20T16:50:27.829+0000] {processor.py:161} INFO - Started process (PID=2968) to work on /home/airflow/.local/lib/python3.8/site-packages/airflow/example_dags/example_python_operator.py
[2024-04-20T16:50:27.830+0000] {processor.py:830} INFO - Processing file /home/airflow/.local/lib/python3.8/site-packages/airflow/example_dags/example_python_operator.py for tasks to queue
[2024-04-20T16:50:27.831+0000] {logging_mixin.py:188} INFO - [2024-04-20T16:50:27.830+0000] {dagbag.py:540} INFO - Filling up the DagBag from /home/airflow/.local/lib/python3.8/site-packages/airflow/example_dags/example_python_operator.py
[2024-04-20T16:50:27.839+0000] {processor.py:840} INFO - DAG(s) 'example_python_operator' retrieved from /home/airflow/.local/lib/python3.8/site-packages/airflow/example_dags/example_python_operator.py
[2024-04-20T16:50:27.856+0000] {logging_mixin.py:188} INFO - [2024-04-20T16:50:27.856+0000] {dag.py:3047} INFO - Sync 1 DAGs
[2024-04-20T16:50:27.866+0000] {logging_mixin.py:188} INFO - [2024-04-20T16:50:27.866+0000] {dag.py:3834} INFO - Setting next_dagrun for example_python_operator to None, run_after=None
[2024-04-20T16:50:27.987+0000] {processor.py:183} INFO - Processing /home/airflow/.local/lib/python3.8/site-packages/airflow/example_dags/example_python_operator.py took 0.160 seconds
[2024-04-20T16:50:58.617+0000] {processor.py:161} INFO - Started process (PID=3226) to work on /home/airflow/.local/lib/python3.8/site-packages/airflow/example_dags/example_python_operator.py
[2024-04-20T16:50:58.618+0000] {processor.py:830} INFO - Processing file /home/airflow/.local/lib/python3.8/site-packages/airflow/example_dags/example_python_operator.py for tasks to queue
[2024-04-20T16:50:58.619+0000] {logging_mixin.py:188} INFO - [2024-04-20T16:50:58.619+0000] {dagbag.py:540} INFO - Filling up the DagBag from /home/airflow/.local/lib/python3.8/site-packages/airflow/example_dags/example_python_operator.py
[2024-04-20T16:50:58.627+0000] {processor.py:840} INFO - DAG(s) 'example_python_operator' retrieved from /home/airflow/.local/lib/python3.8/site-packages/airflow/example_dags/example_python_operator.py
[2024-04-20T16:50:58.645+0000] {logging_mixin.py:188} INFO - [2024-04-20T16:50:58.645+0000] {dag.py:3047} INFO - Sync 1 DAGs
[2024-04-20T16:50:58.655+0000] {logging_mixin.py:188} INFO - [2024-04-20T16:50:58.654+0000] {dag.py:3834} INFO - Setting next_dagrun for example_python_operator to None, run_after=None
[2024-04-20T16:50:58.776+0000] {processor.py:183} INFO - Processing /home/airflow/.local/lib/python3.8/site-packages/airflow/example_dags/example_python_operator.py took 0.161 seconds
[2024-04-20T16:51:29.029+0000] {processor.py:161} INFO - Started process (PID=3483) to work on /home/airflow/.local/lib/python3.8/site-packages/airflow/example_dags/example_python_operator.py
[2024-04-20T16:51:29.030+0000] {processor.py:830} INFO - Processing file /home/airflow/.local/lib/python3.8/site-packages/airflow/example_dags/example_python_operator.py for tasks to queue
[2024-04-20T16:51:29.031+0000] {logging_mixin.py:188} INFO - [2024-04-20T16:51:29.031+0000] {dagbag.py:540} INFO - Filling up the DagBag from /home/airflow/.local/lib/python3.8/site-packages/airflow/example_dags/example_python_operator.py
[2024-04-20T16:51:29.039+0000] {processor.py:840} INFO - DAG(s) 'example_python_operator' retrieved from /home/airflow/.local/lib/python3.8/site-packages/airflow/example_dags/example_python_operator.py
[2024-04-20T16:51:29.058+0000] {logging_mixin.py:188} INFO - [2024-04-20T16:51:29.057+0000] {dag.py:3047} INFO - Sync 1 DAGs
[2024-04-20T16:51:29.067+0000] {logging_mixin.py:188} INFO - [2024-04-20T16:51:29.067+0000] {dag.py:3834} INFO - Setting next_dagrun for example_python_operator to None, run_after=None
[2024-04-20T16:51:29.276+0000] {processor.py:183} INFO - Processing /home/airflow/.local/lib/python3.8/site-packages/airflow/example_dags/example_python_operator.py took 0.249 seconds
[2024-04-20T16:51:59.638+0000] {processor.py:161} INFO - Started process (PID=3740) to work on /home/airflow/.local/lib/python3.8/site-packages/airflow/example_dags/example_python_operator.py
[2024-04-20T16:51:59.638+0000] {processor.py:830} INFO - Processing file /home/airflow/.local/lib/python3.8/site-packages/airflow/example_dags/example_python_operator.py for tasks to queue
[2024-04-20T16:51:59.639+0000] {logging_mixin.py:188} INFO - [2024-04-20T16:51:59.639+0000] {dagbag.py:540} INFO - Filling up the DagBag from /home/airflow/.local/lib/python3.8/site-packages/airflow/example_dags/example_python_operator.py
[2024-04-20T16:51:59.647+0000] {processor.py:840} INFO - DAG(s) 'example_python_operator' retrieved from /home/airflow/.local/lib/python3.8/site-packages/airflow/example_dags/example_python_operator.py
[2024-04-20T16:51:59.665+0000] {logging_mixin.py:188} INFO - [2024-04-20T16:51:59.665+0000] {dag.py:3047} INFO - Sync 1 DAGs
[2024-04-20T16:51:59.674+0000] {logging_mixin.py:188} INFO - [2024-04-20T16:51:59.674+0000] {dag.py:3834} INFO - Setting next_dagrun for example_python_operator to None, run_after=None
[2024-04-20T16:51:59.795+0000] {processor.py:183} INFO - Processing /home/airflow/.local/lib/python3.8/site-packages/airflow/example_dags/example_python_operator.py took 0.160 seconds
[2024-04-20T16:52:30.301+0000] {processor.py:161} INFO - Started process (PID=3997) to work on /home/airflow/.local/lib/python3.8/site-packages/airflow/example_dags/example_python_operator.py
[2024-04-20T16:52:30.302+0000] {processor.py:830} INFO - Processing file /home/airflow/.local/lib/python3.8/site-packages/airflow/example_dags/example_python_operator.py for tasks to queue
[2024-04-20T16:52:30.302+0000] {logging_mixin.py:188} INFO - [2024-04-20T16:52:30.302+0000] {dagbag.py:540} INFO - Filling up the DagBag from /home/airflow/.local/lib/python3.8/site-packages/airflow/example_dags/example_python_operator.py
[2024-04-20T16:52:30.311+0000] {processor.py:840} INFO - DAG(s) 'example_python_operator' retrieved from /home/airflow/.local/lib/python3.8/site-packages/airflow/example_dags/example_python_operator.py
[2024-04-20T16:52:30.328+0000] {logging_mixin.py:188} INFO - [2024-04-20T16:52:30.328+0000] {dag.py:3047} INFO - Sync 1 DAGs
[2024-04-20T16:52:30.337+0000] {logging_mixin.py:188} INFO - [2024-04-20T16:52:30.337+0000] {dag.py:3834} INFO - Setting next_dagrun for example_python_operator to None, run_after=None
[2024-04-20T16:52:30.458+0000] {processor.py:183} INFO - Processing /home/airflow/.local/lib/python3.8/site-packages/airflow/example_dags/example_python_operator.py took 0.159 seconds
[2024-04-20T16:53:01.144+0000] {processor.py:161} INFO - Started process (PID=4254) to work on /home/airflow/.local/lib/python3.8/site-packages/airflow/example_dags/example_python_operator.py
[2024-04-20T16:53:01.145+0000] {processor.py:830} INFO - Processing file /home/airflow/.local/lib/python3.8/site-packages/airflow/example_dags/example_python_operator.py for tasks to queue
[2024-04-20T16:53:01.145+0000] {logging_mixin.py:188} INFO - [2024-04-20T16:53:01.145+0000] {dagbag.py:540} INFO - Filling up the DagBag from /home/airflow/.local/lib/python3.8/site-packages/airflow/example_dags/example_python_operator.py
[2024-04-20T16:53:01.154+0000] {processor.py:840} INFO - DAG(s) 'example_python_operator' retrieved from /home/airflow/.local/lib/python3.8/site-packages/airflow/example_dags/example_python_operator.py
[2024-04-20T16:53:01.171+0000] {logging_mixin.py:188} INFO - [2024-04-20T16:53:01.171+0000] {dag.py:3047} INFO - Sync 1 DAGs
[2024-04-20T16:53:01.180+0000] {logging_mixin.py:188} INFO - [2024-04-20T16:53:01.180+0000] {dag.py:3834} INFO - Setting next_dagrun for example_python_operator to None, run_after=None
[2024-04-20T16:53:01.302+0000] {processor.py:183} INFO - Processing /home/airflow/.local/lib/python3.8/site-packages/airflow/example_dags/example_python_operator.py took 0.161 seconds
[2024-04-20T16:53:31.923+0000] {processor.py:161} INFO - Started process (PID=4512) to work on /home/airflow/.local/lib/python3.8/site-packages/airflow/example_dags/example_python_operator.py
[2024-04-20T16:53:31.923+0000] {processor.py:830} INFO - Processing file /home/airflow/.local/lib/python3.8/site-packages/airflow/example_dags/example_python_operator.py for tasks to queue
[2024-04-20T16:53:31.924+0000] {logging_mixin.py:188} INFO - [2024-04-20T16:53:31.924+0000] {dagbag.py:540} INFO - Filling up the DagBag from /home/airflow/.local/lib/python3.8/site-packages/airflow/example_dags/example_python_operator.py
[2024-04-20T16:53:31.933+0000] {processor.py:840} INFO - DAG(s) 'example_python_operator' retrieved from /home/airflow/.local/lib/python3.8/site-packages/airflow/example_dags/example_python_operator.py
[2024-04-20T16:53:31.952+0000] {logging_mixin.py:188} INFO - [2024-04-20T16:53:31.951+0000] {dag.py:3047} INFO - Sync 1 DAGs
[2024-04-20T16:53:31.961+0000] {logging_mixin.py:188} INFO - [2024-04-20T16:53:31.961+0000] {dag.py:3834} INFO - Setting next_dagrun for example_python_operator to None, run_after=None
[2024-04-20T16:53:32.082+0000] {processor.py:183} INFO - Processing /home/airflow/.local/lib/python3.8/site-packages/airflow/example_dags/example_python_operator.py took 0.162 seconds
[2024-04-20T16:54:02.168+0000] {processor.py:161} INFO - Started process (PID=4769) to work on /home/airflow/.local/lib/python3.8/site-packages/airflow/example_dags/example_python_operator.py
[2024-04-20T16:54:02.169+0000] {processor.py:830} INFO - Processing file /home/airflow/.local/lib/python3.8/site-packages/airflow/example_dags/example_python_operator.py for tasks to queue
[2024-04-20T16:54:02.169+0000] {logging_mixin.py:188} INFO - [2024-04-20T16:54:02.169+0000] {dagbag.py:540} INFO - Filling up the DagBag from /home/airflow/.local/lib/python3.8/site-packages/airflow/example_dags/example_python_operator.py
[2024-04-20T16:54:02.178+0000] {processor.py:840} INFO - DAG(s) 'example_python_operator' retrieved from /home/airflow/.local/lib/python3.8/site-packages/airflow/example_dags/example_python_operator.py
[2024-04-20T16:54:02.196+0000] {logging_mixin.py:188} INFO - [2024-04-20T16:54:02.196+0000] {dag.py:3047} INFO - Sync 1 DAGs
[2024-04-20T16:54:02.205+0000] {logging_mixin.py:188} INFO - [2024-04-20T16:54:02.205+0000] {dag.py:3834} INFO - Setting next_dagrun for example_python_operator to None, run_after=None
[2024-04-20T16:54:02.417+0000] {processor.py:183} INFO - Processing /home/airflow/.local/lib/python3.8/site-packages/airflow/example_dags/example_python_operator.py took 0.252 seconds
[2024-04-20T16:54:33.208+0000] {processor.py:161} INFO - Started process (PID=5025) to work on /home/airflow/.local/lib/python3.8/site-packages/airflow/example_dags/example_python_operator.py
[2024-04-20T16:54:33.209+0000] {processor.py:830} INFO - Processing file /home/airflow/.local/lib/python3.8/site-packages/airflow/example_dags/example_python_operator.py for tasks to queue
[2024-04-20T16:54:33.210+0000] {logging_mixin.py:188} INFO - [2024-04-20T16:54:33.209+0000] {dagbag.py:540} INFO - Filling up the DagBag from /home/airflow/.local/lib/python3.8/site-packages/airflow/example_dags/example_python_operator.py
[2024-04-20T16:54:33.218+0000] {processor.py:840} INFO - DAG(s) 'example_python_operator' retrieved from /home/airflow/.local/lib/python3.8/site-packages/airflow/example_dags/example_python_operator.py
[2024-04-20T16:54:33.236+0000] {logging_mixin.py:188} INFO - [2024-04-20T16:54:33.235+0000] {dag.py:3047} INFO - Sync 1 DAGs
[2024-04-20T16:54:33.246+0000] {logging_mixin.py:188} INFO - [2024-04-20T16:54:33.245+0000] {dag.py:3834} INFO - Setting next_dagrun for example_python_operator to None, run_after=None
[2024-04-20T16:54:33.366+0000] {processor.py:183} INFO - Processing /home/airflow/.local/lib/python3.8/site-packages/airflow/example_dags/example_python_operator.py took 0.161 seconds
[2024-04-20T16:55:03.466+0000] {processor.py:161} INFO - Started process (PID=5283) to work on /home/airflow/.local/lib/python3.8/site-packages/airflow/example_dags/example_python_operator.py
[2024-04-20T16:55:03.467+0000] {processor.py:830} INFO - Processing file /home/airflow/.local/lib/python3.8/site-packages/airflow/example_dags/example_python_operator.py for tasks to queue
[2024-04-20T16:55:03.467+0000] {logging_mixin.py:188} INFO - [2024-04-20T16:55:03.467+0000] {dagbag.py:540} INFO - Filling up the DagBag from /home/airflow/.local/lib/python3.8/site-packages/airflow/example_dags/example_python_operator.py
[2024-04-20T16:55:03.475+0000] {processor.py:840} INFO - DAG(s) 'example_python_operator' retrieved from /home/airflow/.local/lib/python3.8/site-packages/airflow/example_dags/example_python_operator.py
[2024-04-20T16:55:03.493+0000] {logging_mixin.py:188} INFO - [2024-04-20T16:55:03.493+0000] {dag.py:3047} INFO - Sync 1 DAGs
[2024-04-20T16:55:03.502+0000] {logging_mixin.py:188} INFO - [2024-04-20T16:55:03.502+0000] {dag.py:3834} INFO - Setting next_dagrun for example_python_operator to None, run_after=None
[2024-04-20T16:55:03.622+0000] {processor.py:183} INFO - Processing /home/airflow/.local/lib/python3.8/site-packages/airflow/example_dags/example_python_operator.py took 0.158 seconds
[2024-04-20T16:55:33.692+0000] {processor.py:161} INFO - Started process (PID=5540) to work on /home/airflow/.local/lib/python3.8/site-packages/airflow/example_dags/example_python_operator.py
[2024-04-20T16:55:33.693+0000] {processor.py:830} INFO - Processing file /home/airflow/.local/lib/python3.8/site-packages/airflow/example_dags/example_python_operator.py for tasks to queue
[2024-04-20T16:55:33.694+0000] {logging_mixin.py:188} INFO - [2024-04-20T16:55:33.694+0000] {dagbag.py:540} INFO - Filling up the DagBag from /home/airflow/.local/lib/python3.8/site-packages/airflow/example_dags/example_python_operator.py
[2024-04-20T16:55:33.702+0000] {processor.py:840} INFO - DAG(s) 'example_python_operator' retrieved from /home/airflow/.local/lib/python3.8/site-packages/airflow/example_dags/example_python_operator.py
[2024-04-20T16:55:33.720+0000] {logging_mixin.py:188} INFO - [2024-04-20T16:55:33.720+0000] {dag.py:3047} INFO - Sync 1 DAGs
[2024-04-20T16:55:33.730+0000] {logging_mixin.py:188} INFO - [2024-04-20T16:55:33.729+0000] {dag.py:3834} INFO - Setting next_dagrun for example_python_operator to None, run_after=None
[2024-04-20T16:55:33.854+0000] {processor.py:183} INFO - Processing /home/airflow/.local/lib/python3.8/site-packages/airflow/example_dags/example_python_operator.py took 0.165 seconds
[2024-04-20T16:56:04.176+0000] {processor.py:161} INFO - Started process (PID=5798) to work on /home/airflow/.local/lib/python3.8/site-packages/airflow/example_dags/example_python_operator.py
[2024-04-20T16:56:04.177+0000] {processor.py:830} INFO - Processing file /home/airflow/.local/lib/python3.8/site-packages/airflow/example_dags/example_python_operator.py for tasks to queue
[2024-04-20T16:56:04.177+0000] {logging_mixin.py:188} INFO - [2024-04-20T16:56:04.177+0000] {dagbag.py:540} INFO - Filling up the DagBag from /home/airflow/.local/lib/python3.8/site-packages/airflow/example_dags/example_python_operator.py
[2024-04-20T16:56:04.186+0000] {processor.py:840} INFO - DAG(s) 'example_python_operator' retrieved from /home/airflow/.local/lib/python3.8/site-packages/airflow/example_dags/example_python_operator.py
[2024-04-20T16:56:04.204+0000] {logging_mixin.py:188} INFO - [2024-04-20T16:56:04.204+0000] {dag.py:3047} INFO - Sync 1 DAGs
[2024-04-20T16:56:04.213+0000] {logging_mixin.py:188} INFO - [2024-04-20T16:56:04.213+0000] {dag.py:3834} INFO - Setting next_dagrun for example_python_operator to None, run_after=None
[2024-04-20T16:56:04.335+0000] {processor.py:183} INFO - Processing /home/airflow/.local/lib/python3.8/site-packages/airflow/example_dags/example_python_operator.py took 0.162 seconds
[2024-04-20T16:56:34.639+0000] {processor.py:161} INFO - Started process (PID=6055) to work on /home/airflow/.local/lib/python3.8/site-packages/airflow/example_dags/example_python_operator.py
[2024-04-20T16:56:34.640+0000] {processor.py:830} INFO - Processing file /home/airflow/.local/lib/python3.8/site-packages/airflow/example_dags/example_python_operator.py for tasks to queue
[2024-04-20T16:56:34.641+0000] {logging_mixin.py:188} INFO - [2024-04-20T16:56:34.640+0000] {dagbag.py:540} INFO - Filling up the DagBag from /home/airflow/.local/lib/python3.8/site-packages/airflow/example_dags/example_python_operator.py
[2024-04-20T16:56:34.649+0000] {processor.py:840} INFO - DAG(s) 'example_python_operator' retrieved from /home/airflow/.local/lib/python3.8/site-packages/airflow/example_dags/example_python_operator.py
[2024-04-20T16:56:34.666+0000] {logging_mixin.py:188} INFO - [2024-04-20T16:56:34.666+0000] {dag.py:3047} INFO - Sync 1 DAGs
[2024-04-20T16:56:34.675+0000] {logging_mixin.py:188} INFO - [2024-04-20T16:56:34.675+0000] {dag.py:3834} INFO - Setting next_dagrun for example_python_operator to None, run_after=None
[2024-04-20T16:56:34.797+0000] {processor.py:183} INFO - Processing /home/airflow/.local/lib/python3.8/site-packages/airflow/example_dags/example_python_operator.py took 0.160 seconds
[2024-04-20T16:57:04.941+0000] {processor.py:161} INFO - Started process (PID=6312) to work on /home/airflow/.local/lib/python3.8/site-packages/airflow/example_dags/example_python_operator.py
[2024-04-20T16:57:04.942+0000] {processor.py:830} INFO - Processing file /home/airflow/.local/lib/python3.8/site-packages/airflow/example_dags/example_python_operator.py for tasks to queue
[2024-04-20T16:57:04.943+0000] {logging_mixin.py:188} INFO - [2024-04-20T16:57:04.943+0000] {dagbag.py:540} INFO - Filling up the DagBag from /home/airflow/.local/lib/python3.8/site-packages/airflow/example_dags/example_python_operator.py
[2024-04-20T16:57:04.952+0000] {processor.py:840} INFO - DAG(s) 'example_python_operator' retrieved from /home/airflow/.local/lib/python3.8/site-packages/airflow/example_dags/example_python_operator.py
[2024-04-20T16:57:04.969+0000] {logging_mixin.py:188} INFO - [2024-04-20T16:57:04.969+0000] {dag.py:3047} INFO - Sync 1 DAGs
[2024-04-20T16:57:04.979+0000] {logging_mixin.py:188} INFO - [2024-04-20T16:57:04.979+0000] {dag.py:3834} INFO - Setting next_dagrun for example_python_operator to None, run_after=None
[2024-04-20T16:57:05.101+0000] {processor.py:183} INFO - Processing /home/airflow/.local/lib/python3.8/site-packages/airflow/example_dags/example_python_operator.py took 0.162 seconds
[2024-04-20T16:57:35.473+0000] {processor.py:161} INFO - Started process (PID=6570) to work on /home/airflow/.local/lib/python3.8/site-packages/airflow/example_dags/example_python_operator.py
[2024-04-20T16:57:35.473+0000] {processor.py:830} INFO - Processing file /home/airflow/.local/lib/python3.8/site-packages/airflow/example_dags/example_python_operator.py for tasks to queue
[2024-04-20T16:57:35.474+0000] {logging_mixin.py:188} INFO - [2024-04-20T16:57:35.474+0000] {dagbag.py:540} INFO - Filling up the DagBag from /home/airflow/.local/lib/python3.8/site-packages/airflow/example_dags/example_python_operator.py
[2024-04-20T16:57:35.482+0000] {processor.py:840} INFO - DAG(s) 'example_python_operator' retrieved from /home/airflow/.local/lib/python3.8/site-packages/airflow/example_dags/example_python_operator.py
[2024-04-20T16:57:35.500+0000] {logging_mixin.py:188} INFO - [2024-04-20T16:57:35.500+0000] {dag.py:3047} INFO - Sync 1 DAGs
[2024-04-20T16:57:35.510+0000] {logging_mixin.py:188} INFO - [2024-04-20T16:57:35.510+0000] {dag.py:3834} INFO - Setting next_dagrun for example_python_operator to None, run_after=None
[2024-04-20T16:57:35.630+0000] {processor.py:183} INFO - Processing /home/airflow/.local/lib/python3.8/site-packages/airflow/example_dags/example_python_operator.py took 0.160 seconds
[2024-04-20T16:58:05.800+0000] {processor.py:161} INFO - Started process (PID=6827) to work on /home/airflow/.local/lib/python3.8/site-packages/airflow/example_dags/example_python_operator.py
[2024-04-20T16:58:05.800+0000] {processor.py:830} INFO - Processing file /home/airflow/.local/lib/python3.8/site-packages/airflow/example_dags/example_python_operator.py for tasks to queue
[2024-04-20T16:58:05.801+0000] {logging_mixin.py:188} INFO - [2024-04-20T16:58:05.801+0000] {dagbag.py:540} INFO - Filling up the DagBag from /home/airflow/.local/lib/python3.8/site-packages/airflow/example_dags/example_python_operator.py
[2024-04-20T16:58:05.809+0000] {processor.py:840} INFO - DAG(s) 'example_python_operator' retrieved from /home/airflow/.local/lib/python3.8/site-packages/airflow/example_dags/example_python_operator.py
[2024-04-20T16:58:05.827+0000] {logging_mixin.py:188} INFO - [2024-04-20T16:58:05.827+0000] {dag.py:3047} INFO - Sync 1 DAGs
[2024-04-20T16:58:05.837+0000] {logging_mixin.py:188} INFO - [2024-04-20T16:58:05.837+0000] {dag.py:3834} INFO - Setting next_dagrun for example_python_operator to None, run_after=None
[2024-04-20T16:58:05.960+0000] {processor.py:183} INFO - Processing /home/airflow/.local/lib/python3.8/site-packages/airflow/example_dags/example_python_operator.py took 0.163 seconds
[2024-04-20T16:58:36.315+0000] {processor.py:161} INFO - Started process (PID=7086) to work on /home/airflow/.local/lib/python3.8/site-packages/airflow/example_dags/example_python_operator.py
[2024-04-20T16:58:36.315+0000] {processor.py:830} INFO - Processing file /home/airflow/.local/lib/python3.8/site-packages/airflow/example_dags/example_python_operator.py for tasks to queue
[2024-04-20T16:58:36.316+0000] {logging_mixin.py:188} INFO - [2024-04-20T16:58:36.316+0000] {dagbag.py:540} INFO - Filling up the DagBag from /home/airflow/.local/lib/python3.8/site-packages/airflow/example_dags/example_python_operator.py
[2024-04-20T16:58:36.324+0000] {processor.py:840} INFO - DAG(s) 'example_python_operator' retrieved from /home/airflow/.local/lib/python3.8/site-packages/airflow/example_dags/example_python_operator.py
[2024-04-20T16:58:36.342+0000] {logging_mixin.py:188} INFO - [2024-04-20T16:58:36.342+0000] {dag.py:3047} INFO - Sync 1 DAGs
[2024-04-20T16:58:36.352+0000] {logging_mixin.py:188} INFO - [2024-04-20T16:58:36.352+0000] {dag.py:3834} INFO - Setting next_dagrun for example_python_operator to None, run_after=None
[2024-04-20T16:58:36.665+0000] {processor.py:183} INFO - Processing /home/airflow/.local/lib/python3.8/site-packages/airflow/example_dags/example_python_operator.py took 0.353 seconds
[2024-04-20T16:59:06.838+0000] {processor.py:161} INFO - Started process (PID=7343) to work on /home/airflow/.local/lib/python3.8/site-packages/airflow/example_dags/example_python_operator.py
[2024-04-20T16:59:06.839+0000] {processor.py:830} INFO - Processing file /home/airflow/.local/lib/python3.8/site-packages/airflow/example_dags/example_python_operator.py for tasks to queue
[2024-04-20T16:59:06.840+0000] {logging_mixin.py:188} INFO - [2024-04-20T16:59:06.840+0000] {dagbag.py:540} INFO - Filling up the DagBag from /home/airflow/.local/lib/python3.8/site-packages/airflow/example_dags/example_python_operator.py
[2024-04-20T16:59:06.848+0000] {processor.py:840} INFO - DAG(s) 'example_python_operator' retrieved from /home/airflow/.local/lib/python3.8/site-packages/airflow/example_dags/example_python_operator.py
[2024-04-20T16:59:06.866+0000] {logging_mixin.py:188} INFO - [2024-04-20T16:59:06.866+0000] {dag.py:3047} INFO - Sync 1 DAGs
[2024-04-20T16:59:06.875+0000] {logging_mixin.py:188} INFO - [2024-04-20T16:59:06.875+0000] {dag.py:3834} INFO - Setting next_dagrun for example_python_operator to None, run_after=None
[2024-04-20T16:59:06.995+0000] {processor.py:183} INFO - Processing /home/airflow/.local/lib/python3.8/site-packages/airflow/example_dags/example_python_operator.py took 0.159 seconds
[2024-04-20T16:59:37.319+0000] {processor.py:161} INFO - Started process (PID=7600) to work on /home/airflow/.local/lib/python3.8/site-packages/airflow/example_dags/example_python_operator.py
[2024-04-20T16:59:37.320+0000] {processor.py:830} INFO - Processing file /home/airflow/.local/lib/python3.8/site-packages/airflow/example_dags/example_python_operator.py for tasks to queue
[2024-04-20T16:59:37.320+0000] {logging_mixin.py:188} INFO - [2024-04-20T16:59:37.320+0000] {dagbag.py:540} INFO - Filling up the DagBag from /home/airflow/.local/lib/python3.8/site-packages/airflow/example_dags/example_python_operator.py
[2024-04-20T16:59:37.329+0000] {processor.py:840} INFO - DAG(s) 'example_python_operator' retrieved from /home/airflow/.local/lib/python3.8/site-packages/airflow/example_dags/example_python_operator.py
[2024-04-20T16:59:37.347+0000] {logging_mixin.py:188} INFO - [2024-04-20T16:59:37.347+0000] {dag.py:3047} INFO - Sync 1 DAGs
[2024-04-20T16:59:37.357+0000] {logging_mixin.py:188} INFO - [2024-04-20T16:59:37.357+0000] {dag.py:3834} INFO - Setting next_dagrun for example_python_operator to None, run_after=None
[2024-04-20T16:59:37.479+0000] {processor.py:183} INFO - Processing /home/airflow/.local/lib/python3.8/site-packages/airflow/example_dags/example_python_operator.py took 0.163 seconds
[2024-04-20T17:00:07.639+0000] {processor.py:161} INFO - Started process (PID=7857) to work on /home/airflow/.local/lib/python3.8/site-packages/airflow/example_dags/example_python_operator.py
[2024-04-20T17:00:07.640+0000] {processor.py:830} INFO - Processing file /home/airflow/.local/lib/python3.8/site-packages/airflow/example_dags/example_python_operator.py for tasks to queue
[2024-04-20T17:00:07.641+0000] {logging_mixin.py:188} INFO - [2024-04-20T17:00:07.641+0000] {dagbag.py:540} INFO - Filling up the DagBag from /home/airflow/.local/lib/python3.8/site-packages/airflow/example_dags/example_python_operator.py
[2024-04-20T17:00:07.649+0000] {processor.py:840} INFO - DAG(s) 'example_python_operator' retrieved from /home/airflow/.local/lib/python3.8/site-packages/airflow/example_dags/example_python_operator.py
[2024-04-20T17:00:07.667+0000] {logging_mixin.py:188} INFO - [2024-04-20T17:00:07.667+0000] {dag.py:3047} INFO - Sync 1 DAGs
[2024-04-20T17:00:07.677+0000] {logging_mixin.py:188} INFO - [2024-04-20T17:00:07.676+0000] {dag.py:3834} INFO - Setting next_dagrun for example_python_operator to None, run_after=None
[2024-04-20T17:00:07.830+0000] {processor.py:183} INFO - Processing /home/airflow/.local/lib/python3.8/site-packages/airflow/example_dags/example_python_operator.py took 0.194 seconds
[2024-04-20T17:00:38.050+0000] {processor.py:161} INFO - Started process (PID=8114) to work on /home/airflow/.local/lib/python3.8/site-packages/airflow/example_dags/example_python_operator.py
[2024-04-20T17:00:38.051+0000] {processor.py:830} INFO - Processing file /home/airflow/.local/lib/python3.8/site-packages/airflow/example_dags/example_python_operator.py for tasks to queue
[2024-04-20T17:00:38.052+0000] {logging_mixin.py:188} INFO - [2024-04-20T17:00:38.052+0000] {dagbag.py:540} INFO - Filling up the DagBag from /home/airflow/.local/lib/python3.8/site-packages/airflow/example_dags/example_python_operator.py
[2024-04-20T17:00:38.061+0000] {processor.py:840} INFO - DAG(s) 'example_python_operator' retrieved from /home/airflow/.local/lib/python3.8/site-packages/airflow/example_dags/example_python_operator.py
[2024-04-20T17:00:38.079+0000] {logging_mixin.py:188} INFO - [2024-04-20T17:00:38.078+0000] {dag.py:3047} INFO - Sync 1 DAGs
[2024-04-20T17:00:38.088+0000] {logging_mixin.py:188} INFO - [2024-04-20T17:00:38.088+0000] {dag.py:3834} INFO - Setting next_dagrun for example_python_operator to None, run_after=None
[2024-04-20T17:00:38.211+0000] {processor.py:183} INFO - Processing /home/airflow/.local/lib/python3.8/site-packages/airflow/example_dags/example_python_operator.py took 0.163 seconds
[2024-04-20T17:01:08.488+0000] {processor.py:161} INFO - Started process (PID=8372) to work on /home/airflow/.local/lib/python3.8/site-packages/airflow/example_dags/example_python_operator.py
[2024-04-20T17:01:08.489+0000] {processor.py:830} INFO - Processing file /home/airflow/.local/lib/python3.8/site-packages/airflow/example_dags/example_python_operator.py for tasks to queue
[2024-04-20T17:01:08.490+0000] {logging_mixin.py:188} INFO - [2024-04-20T17:01:08.490+0000] {dagbag.py:540} INFO - Filling up the DagBag from /home/airflow/.local/lib/python3.8/site-packages/airflow/example_dags/example_python_operator.py
[2024-04-20T17:01:08.498+0000] {processor.py:840} INFO - DAG(s) 'example_python_operator' retrieved from /home/airflow/.local/lib/python3.8/site-packages/airflow/example_dags/example_python_operator.py
[2024-04-20T17:01:08.516+0000] {logging_mixin.py:188} INFO - [2024-04-20T17:01:08.516+0000] {dag.py:3047} INFO - Sync 1 DAGs
[2024-04-20T17:01:08.526+0000] {logging_mixin.py:188} INFO - [2024-04-20T17:01:08.526+0000] {dag.py:3834} INFO - Setting next_dagrun for example_python_operator to None, run_after=None
[2024-04-20T17:01:08.700+0000] {processor.py:183} INFO - Processing /home/airflow/.local/lib/python3.8/site-packages/airflow/example_dags/example_python_operator.py took 0.216 seconds
[2024-04-20T17:01:38.819+0000] {processor.py:161} INFO - Started process (PID=8628) to work on /home/airflow/.local/lib/python3.8/site-packages/airflow/example_dags/example_python_operator.py
[2024-04-20T17:01:38.820+0000] {processor.py:830} INFO - Processing file /home/airflow/.local/lib/python3.8/site-packages/airflow/example_dags/example_python_operator.py for tasks to queue
[2024-04-20T17:01:38.822+0000] {logging_mixin.py:188} INFO - [2024-04-20T17:01:38.821+0000] {dagbag.py:540} INFO - Filling up the DagBag from /home/airflow/.local/lib/python3.8/site-packages/airflow/example_dags/example_python_operator.py
[2024-04-20T17:01:38.833+0000] {processor.py:840} INFO - DAG(s) 'example_python_operator' retrieved from /home/airflow/.local/lib/python3.8/site-packages/airflow/example_dags/example_python_operator.py
[2024-04-20T17:01:38.857+0000] {logging_mixin.py:188} INFO - [2024-04-20T17:01:38.857+0000] {dag.py:3047} INFO - Sync 1 DAGs
[2024-04-20T17:01:38.872+0000] {logging_mixin.py:188} INFO - [2024-04-20T17:01:38.872+0000] {dag.py:3834} INFO - Setting next_dagrun for example_python_operator to None, run_after=None
[2024-04-20T17:01:39.178+0000] {processor.py:183} INFO - Processing /home/airflow/.local/lib/python3.8/site-packages/airflow/example_dags/example_python_operator.py took 0.362 seconds
[2024-04-20T17:02:09.753+0000] {processor.py:161} INFO - Started process (PID=8887) to work on /home/airflow/.local/lib/python3.8/site-packages/airflow/example_dags/example_python_operator.py
[2024-04-20T17:02:09.754+0000] {processor.py:830} INFO - Processing file /home/airflow/.local/lib/python3.8/site-packages/airflow/example_dags/example_python_operator.py for tasks to queue
[2024-04-20T17:02:09.754+0000] {logging_mixin.py:188} INFO - [2024-04-20T17:02:09.754+0000] {dagbag.py:540} INFO - Filling up the DagBag from /home/airflow/.local/lib/python3.8/site-packages/airflow/example_dags/example_python_operator.py
[2024-04-20T17:02:09.763+0000] {processor.py:840} INFO - DAG(s) 'example_python_operator' retrieved from /home/airflow/.local/lib/python3.8/site-packages/airflow/example_dags/example_python_operator.py
[2024-04-20T17:02:09.781+0000] {logging_mixin.py:188} INFO - [2024-04-20T17:02:09.781+0000] {dag.py:3047} INFO - Sync 1 DAGs
[2024-04-20T17:02:09.792+0000] {logging_mixin.py:188} INFO - [2024-04-20T17:02:09.792+0000] {dag.py:3834} INFO - Setting next_dagrun for example_python_operator to None, run_after=None
[2024-04-20T17:02:09.914+0000] {processor.py:183} INFO - Processing /home/airflow/.local/lib/python3.8/site-packages/airflow/example_dags/example_python_operator.py took 0.164 seconds
[2024-04-20T17:02:40.345+0000] {processor.py:161} INFO - Started process (PID=9139) to work on /home/airflow/.local/lib/python3.8/site-packages/airflow/example_dags/example_python_operator.py
[2024-04-20T17:02:40.346+0000] {processor.py:830} INFO - Processing file /home/airflow/.local/lib/python3.8/site-packages/airflow/example_dags/example_python_operator.py for tasks to queue
[2024-04-20T17:02:40.347+0000] {logging_mixin.py:188} INFO - [2024-04-20T17:02:40.346+0000] {dagbag.py:540} INFO - Filling up the DagBag from /home/airflow/.local/lib/python3.8/site-packages/airflow/example_dags/example_python_operator.py
[2024-04-20T17:02:40.354+0000] {processor.py:840} INFO - DAG(s) 'example_python_operator' retrieved from /home/airflow/.local/lib/python3.8/site-packages/airflow/example_dags/example_python_operator.py
[2024-04-20T17:02:40.372+0000] {logging_mixin.py:188} INFO - [2024-04-20T17:02:40.372+0000] {dag.py:3047} INFO - Sync 1 DAGs
[2024-04-20T17:02:40.382+0000] {logging_mixin.py:188} INFO - [2024-04-20T17:02:40.381+0000] {dag.py:3834} INFO - Setting next_dagrun for example_python_operator to None, run_after=None
[2024-04-20T17:02:40.554+0000] {processor.py:183} INFO - Processing /home/airflow/.local/lib/python3.8/site-packages/airflow/example_dags/example_python_operator.py took 0.212 seconds
[2024-04-20T17:03:11.365+0000] {processor.py:161} INFO - Started process (PID=9395) to work on /home/airflow/.local/lib/python3.8/site-packages/airflow/example_dags/example_python_operator.py
[2024-04-20T17:03:11.366+0000] {processor.py:830} INFO - Processing file /home/airflow/.local/lib/python3.8/site-packages/airflow/example_dags/example_python_operator.py for tasks to queue
[2024-04-20T17:03:11.366+0000] {logging_mixin.py:188} INFO - [2024-04-20T17:03:11.366+0000] {dagbag.py:540} INFO - Filling up the DagBag from /home/airflow/.local/lib/python3.8/site-packages/airflow/example_dags/example_python_operator.py
[2024-04-20T17:03:11.375+0000] {processor.py:840} INFO - DAG(s) 'example_python_operator' retrieved from /home/airflow/.local/lib/python3.8/site-packages/airflow/example_dags/example_python_operator.py
[2024-04-20T17:03:11.393+0000] {logging_mixin.py:188} INFO - [2024-04-20T17:03:11.393+0000] {dag.py:3047} INFO - Sync 1 DAGs
[2024-04-20T17:03:11.402+0000] {logging_mixin.py:188} INFO - [2024-04-20T17:03:11.402+0000] {dag.py:3834} INFO - Setting next_dagrun for example_python_operator to None, run_after=None
[2024-04-20T17:03:11.556+0000] {processor.py:183} INFO - Processing /home/airflow/.local/lib/python3.8/site-packages/airflow/example_dags/example_python_operator.py took 0.194 seconds
[2024-04-20T17:03:41.687+0000] {processor.py:161} INFO - Started process (PID=9654) to work on /home/airflow/.local/lib/python3.8/site-packages/airflow/example_dags/example_python_operator.py
[2024-04-20T17:03:41.688+0000] {processor.py:830} INFO - Processing file /home/airflow/.local/lib/python3.8/site-packages/airflow/example_dags/example_python_operator.py for tasks to queue
[2024-04-20T17:03:41.689+0000] {logging_mixin.py:188} INFO - [2024-04-20T17:03:41.689+0000] {dagbag.py:540} INFO - Filling up the DagBag from /home/airflow/.local/lib/python3.8/site-packages/airflow/example_dags/example_python_operator.py
[2024-04-20T17:03:41.697+0000] {processor.py:840} INFO - DAG(s) 'example_python_operator' retrieved from /home/airflow/.local/lib/python3.8/site-packages/airflow/example_dags/example_python_operator.py
[2024-04-20T17:03:41.715+0000] {logging_mixin.py:188} INFO - [2024-04-20T17:03:41.715+0000] {dag.py:3047} INFO - Sync 1 DAGs
[2024-04-20T17:03:41.725+0000] {logging_mixin.py:188} INFO - [2024-04-20T17:03:41.725+0000] {dag.py:3834} INFO - Setting next_dagrun for example_python_operator to None, run_after=None
[2024-04-20T17:03:41.848+0000] {processor.py:183} INFO - Processing /home/airflow/.local/lib/python3.8/site-packages/airflow/example_dags/example_python_operator.py took 0.164 seconds
[2024-04-20T17:04:12.093+0000] {processor.py:161} INFO - Started process (PID=9907) to work on /home/airflow/.local/lib/python3.8/site-packages/airflow/example_dags/example_python_operator.py
[2024-04-20T17:04:12.094+0000] {processor.py:830} INFO - Processing file /home/airflow/.local/lib/python3.8/site-packages/airflow/example_dags/example_python_operator.py for tasks to queue
[2024-04-20T17:04:12.094+0000] {logging_mixin.py:188} INFO - [2024-04-20T17:04:12.094+0000] {dagbag.py:540} INFO - Filling up the DagBag from /home/airflow/.local/lib/python3.8/site-packages/airflow/example_dags/example_python_operator.py
[2024-04-20T17:04:12.111+0000] {processor.py:840} INFO - DAG(s) 'example_python_operator' retrieved from /home/airflow/.local/lib/python3.8/site-packages/airflow/example_dags/example_python_operator.py
[2024-04-20T17:04:12.149+0000] {logging_mixin.py:188} INFO - [2024-04-20T17:04:12.149+0000] {dag.py:3047} INFO - Sync 1 DAGs
[2024-04-20T17:04:12.164+0000] {logging_mixin.py:188} INFO - [2024-04-20T17:04:12.164+0000] {dag.py:3834} INFO - Setting next_dagrun for example_python_operator to None, run_after=None
[2024-04-20T17:04:12.289+0000] {processor.py:183} INFO - Processing /home/airflow/.local/lib/python3.8/site-packages/airflow/example_dags/example_python_operator.py took 0.199 seconds
[2024-04-20T17:04:42.516+0000] {processor.py:161} INFO - Started process (PID=10166) to work on /home/airflow/.local/lib/python3.8/site-packages/airflow/example_dags/example_python_operator.py
[2024-04-20T17:04:42.517+0000] {processor.py:830} INFO - Processing file /home/airflow/.local/lib/python3.8/site-packages/airflow/example_dags/example_python_operator.py for tasks to queue
[2024-04-20T17:04:42.518+0000] {logging_mixin.py:188} INFO - [2024-04-20T17:04:42.518+0000] {dagbag.py:540} INFO - Filling up the DagBag from /home/airflow/.local/lib/python3.8/site-packages/airflow/example_dags/example_python_operator.py
[2024-04-20T17:04:42.531+0000] {processor.py:840} INFO - DAG(s) 'example_python_operator' retrieved from /home/airflow/.local/lib/python3.8/site-packages/airflow/example_dags/example_python_operator.py
[2024-04-20T17:04:42.558+0000] {logging_mixin.py:188} INFO - [2024-04-20T17:04:42.558+0000] {dag.py:3047} INFO - Sync 1 DAGs
[2024-04-20T17:04:42.582+0000] {logging_mixin.py:188} INFO - [2024-04-20T17:04:42.582+0000] {dag.py:3834} INFO - Setting next_dagrun for example_python_operator to None, run_after=None
[2024-04-20T17:04:42.822+0000] {processor.py:183} INFO - Processing /home/airflow/.local/lib/python3.8/site-packages/airflow/example_dags/example_python_operator.py took 0.310 seconds
[2024-04-20T17:05:13.158+0000] {processor.py:161} INFO - Started process (PID=10423) to work on /home/airflow/.local/lib/python3.8/site-packages/airflow/example_dags/example_python_operator.py
[2024-04-20T17:05:13.159+0000] {processor.py:830} INFO - Processing file /home/airflow/.local/lib/python3.8/site-packages/airflow/example_dags/example_python_operator.py for tasks to queue
[2024-04-20T17:05:13.160+0000] {logging_mixin.py:188} INFO - [2024-04-20T17:05:13.159+0000] {dagbag.py:540} INFO - Filling up the DagBag from /home/airflow/.local/lib/python3.8/site-packages/airflow/example_dags/example_python_operator.py
[2024-04-20T17:05:13.168+0000] {processor.py:840} INFO - DAG(s) 'example_python_operator' retrieved from /home/airflow/.local/lib/python3.8/site-packages/airflow/example_dags/example_python_operator.py
[2024-04-20T17:05:13.186+0000] {logging_mixin.py:188} INFO - [2024-04-20T17:05:13.186+0000] {dag.py:3047} INFO - Sync 1 DAGs
[2024-04-20T17:05:13.196+0000] {logging_mixin.py:188} INFO - [2024-04-20T17:05:13.195+0000] {dag.py:3834} INFO - Setting next_dagrun for example_python_operator to None, run_after=None
[2024-04-20T17:05:13.346+0000] {processor.py:183} INFO - Processing /home/airflow/.local/lib/python3.8/site-packages/airflow/example_dags/example_python_operator.py took 0.191 seconds
[2024-04-20T17:05:43.694+0000] {processor.py:161} INFO - Started process (PID=10680) to work on /home/airflow/.local/lib/python3.8/site-packages/airflow/example_dags/example_python_operator.py
[2024-04-20T17:05:43.695+0000] {processor.py:830} INFO - Processing file /home/airflow/.local/lib/python3.8/site-packages/airflow/example_dags/example_python_operator.py for tasks to queue
[2024-04-20T17:05:43.696+0000] {logging_mixin.py:188} INFO - [2024-04-20T17:05:43.695+0000] {dagbag.py:540} INFO - Filling up the DagBag from /home/airflow/.local/lib/python3.8/site-packages/airflow/example_dags/example_python_operator.py
[2024-04-20T17:05:43.704+0000] {processor.py:840} INFO - DAG(s) 'example_python_operator' retrieved from /home/airflow/.local/lib/python3.8/site-packages/airflow/example_dags/example_python_operator.py
[2024-04-20T17:05:43.722+0000] {logging_mixin.py:188} INFO - [2024-04-20T17:05:43.721+0000] {dag.py:3047} INFO - Sync 1 DAGs
[2024-04-20T17:05:43.731+0000] {logging_mixin.py:188} INFO - [2024-04-20T17:05:43.731+0000] {dag.py:3834} INFO - Setting next_dagrun for example_python_operator to None, run_after=None
[2024-04-20T17:05:43.885+0000] {processor.py:183} INFO - Processing /home/airflow/.local/lib/python3.8/site-packages/airflow/example_dags/example_python_operator.py took 0.194 seconds
[2024-04-20T17:06:14.496+0000] {processor.py:161} INFO - Started process (PID=10937) to work on /home/airflow/.local/lib/python3.8/site-packages/airflow/example_dags/example_python_operator.py
[2024-04-20T17:06:14.497+0000] {processor.py:830} INFO - Processing file /home/airflow/.local/lib/python3.8/site-packages/airflow/example_dags/example_python_operator.py for tasks to queue
[2024-04-20T17:06:14.498+0000] {logging_mixin.py:188} INFO - [2024-04-20T17:06:14.497+0000] {dagbag.py:540} INFO - Filling up the DagBag from /home/airflow/.local/lib/python3.8/site-packages/airflow/example_dags/example_python_operator.py
[2024-04-20T17:06:14.506+0000] {processor.py:840} INFO - DAG(s) 'example_python_operator' retrieved from /home/airflow/.local/lib/python3.8/site-packages/airflow/example_dags/example_python_operator.py
[2024-04-20T17:06:14.524+0000] {logging_mixin.py:188} INFO - [2024-04-20T17:06:14.523+0000] {dag.py:3047} INFO - Sync 1 DAGs
[2024-04-20T17:06:14.533+0000] {logging_mixin.py:188} INFO - [2024-04-20T17:06:14.533+0000] {dag.py:3834} INFO - Setting next_dagrun for example_python_operator to None, run_after=None
[2024-04-20T17:06:14.686+0000] {processor.py:183} INFO - Processing /home/airflow/.local/lib/python3.8/site-packages/airflow/example_dags/example_python_operator.py took 0.193 seconds
