[2024-04-20T16:45:17.595+0000] {processor.py:161} INFO - Started process (PID=417) to work on /home/airflow/.local/lib/python3.8/site-packages/airflow/example_dags/example_time_delta_sensor_async.py
[2024-04-20T16:45:17.596+0000] {processor.py:830} INFO - Processing file /home/airflow/.local/lib/python3.8/site-packages/airflow/example_dags/example_time_delta_sensor_async.py for tasks to queue
[2024-04-20T16:45:17.597+0000] {logging_mixin.py:188} INFO - [2024-04-20T16:45:17.596+0000] {dagbag.py:540} INFO - Filling up the DagBag from /home/airflow/.local/lib/python3.8/site-packages/airflow/example_dags/example_time_delta_sensor_async.py
[2024-04-20T16:45:17.601+0000] {processor.py:840} INFO - DAG(s) 'example_time_delta_sensor_async' retrieved from /home/airflow/.local/lib/python3.8/site-packages/airflow/example_dags/example_time_delta_sensor_async.py
[2024-04-20T16:45:17.622+0000] {logging_mixin.py:188} INFO - [2024-04-20T16:45:17.622+0000] {dag.py:3047} INFO - Sync 1 DAGs
[2024-04-20T16:45:17.637+0000] {logging_mixin.py:188} INFO - [2024-04-20T16:45:17.637+0000] {dag.py:3834} INFO - Setting next_dagrun for example_time_delta_sensor_async to None, run_after=None
[2024-04-20T16:45:18.084+0000] {processor.py:183} INFO - Processing /home/airflow/.local/lib/python3.8/site-packages/airflow/example_dags/example_time_delta_sensor_async.py took 0.492 seconds
[2024-04-20T16:45:52.144+0000] {processor.py:161} INFO - Started process (PID=672) to work on /home/airflow/.local/lib/python3.8/site-packages/airflow/example_dags/example_time_delta_sensor_async.py
[2024-04-20T16:45:52.145+0000] {processor.py:830} INFO - Processing file /home/airflow/.local/lib/python3.8/site-packages/airflow/example_dags/example_time_delta_sensor_async.py for tasks to queue
[2024-04-20T16:45:52.145+0000] {logging_mixin.py:188} INFO - [2024-04-20T16:45:52.145+0000] {dagbag.py:540} INFO - Filling up the DagBag from /home/airflow/.local/lib/python3.8/site-packages/airflow/example_dags/example_time_delta_sensor_async.py
[2024-04-20T16:45:52.149+0000] {processor.py:840} INFO - DAG(s) 'example_time_delta_sensor_async' retrieved from /home/airflow/.local/lib/python3.8/site-packages/airflow/example_dags/example_time_delta_sensor_async.py
[2024-04-20T16:45:52.169+0000] {logging_mixin.py:188} INFO - [2024-04-20T16:45:52.169+0000] {dag.py:3047} INFO - Sync 1 DAGs
[2024-04-20T16:45:52.179+0000] {logging_mixin.py:188} INFO - [2024-04-20T16:45:52.179+0000] {dag.py:3834} INFO - Setting next_dagrun for example_time_delta_sensor_async to None, run_after=None
[2024-04-20T16:45:52.481+0000] {processor.py:183} INFO - Processing /home/airflow/.local/lib/python3.8/site-packages/airflow/example_dags/example_time_delta_sensor_async.py took 0.340 seconds
[2024-04-20T16:46:23.054+0000] {processor.py:161} INFO - Started process (PID=929) to work on /home/airflow/.local/lib/python3.8/site-packages/airflow/example_dags/example_time_delta_sensor_async.py
[2024-04-20T16:46:23.055+0000] {processor.py:830} INFO - Processing file /home/airflow/.local/lib/python3.8/site-packages/airflow/example_dags/example_time_delta_sensor_async.py for tasks to queue
[2024-04-20T16:46:23.056+0000] {logging_mixin.py:188} INFO - [2024-04-20T16:46:23.056+0000] {dagbag.py:540} INFO - Filling up the DagBag from /home/airflow/.local/lib/python3.8/site-packages/airflow/example_dags/example_time_delta_sensor_async.py
[2024-04-20T16:46:23.061+0000] {processor.py:840} INFO - DAG(s) 'example_time_delta_sensor_async' retrieved from /home/airflow/.local/lib/python3.8/site-packages/airflow/example_dags/example_time_delta_sensor_async.py
[2024-04-20T16:46:23.078+0000] {logging_mixin.py:188} INFO - [2024-04-20T16:46:23.078+0000] {dag.py:3047} INFO - Sync 1 DAGs
[2024-04-20T16:46:23.089+0000] {logging_mixin.py:188} INFO - [2024-04-20T16:46:23.088+0000] {dag.py:3834} INFO - Setting next_dagrun for example_time_delta_sensor_async to None, run_after=None
[2024-04-20T16:46:23.458+0000] {processor.py:183} INFO - Processing /home/airflow/.local/lib/python3.8/site-packages/airflow/example_dags/example_time_delta_sensor_async.py took 0.406 seconds
[2024-04-20T16:46:53.942+0000] {processor.py:161} INFO - Started process (PID=1188) to work on /home/airflow/.local/lib/python3.8/site-packages/airflow/example_dags/example_time_delta_sensor_async.py
[2024-04-20T16:46:53.943+0000] {processor.py:830} INFO - Processing file /home/airflow/.local/lib/python3.8/site-packages/airflow/example_dags/example_time_delta_sensor_async.py for tasks to queue
[2024-04-20T16:46:53.945+0000] {logging_mixin.py:188} INFO - [2024-04-20T16:46:53.944+0000] {dagbag.py:540} INFO - Filling up the DagBag from /home/airflow/.local/lib/python3.8/site-packages/airflow/example_dags/example_time_delta_sensor_async.py
[2024-04-20T16:46:53.950+0000] {processor.py:840} INFO - DAG(s) 'example_time_delta_sensor_async' retrieved from /home/airflow/.local/lib/python3.8/site-packages/airflow/example_dags/example_time_delta_sensor_async.py
[2024-04-20T16:46:53.974+0000] {logging_mixin.py:188} INFO - [2024-04-20T16:46:53.974+0000] {dag.py:3047} INFO - Sync 1 DAGs
[2024-04-20T16:46:53.990+0000] {logging_mixin.py:188} INFO - [2024-04-20T16:46:53.990+0000] {dag.py:3834} INFO - Setting next_dagrun for example_time_delta_sensor_async to None, run_after=None
[2024-04-20T16:46:54.340+0000] {processor.py:183} INFO - Processing /home/airflow/.local/lib/python3.8/site-packages/airflow/example_dags/example_time_delta_sensor_async.py took 0.401 seconds
[2024-04-20T16:47:25.739+0000] {processor.py:161} INFO - Started process (PID=1445) to work on /home/airflow/.local/lib/python3.8/site-packages/airflow/example_dags/example_time_delta_sensor_async.py
[2024-04-20T16:47:25.741+0000] {processor.py:830} INFO - Processing file /home/airflow/.local/lib/python3.8/site-packages/airflow/example_dags/example_time_delta_sensor_async.py for tasks to queue
[2024-04-20T16:47:25.742+0000] {logging_mixin.py:188} INFO - [2024-04-20T16:47:25.741+0000] {dagbag.py:540} INFO - Filling up the DagBag from /home/airflow/.local/lib/python3.8/site-packages/airflow/example_dags/example_time_delta_sensor_async.py
[2024-04-20T16:47:25.747+0000] {processor.py:840} INFO - DAG(s) 'example_time_delta_sensor_async' retrieved from /home/airflow/.local/lib/python3.8/site-packages/airflow/example_dags/example_time_delta_sensor_async.py
[2024-04-20T16:47:25.770+0000] {logging_mixin.py:188} INFO - [2024-04-20T16:47:25.770+0000] {dag.py:3047} INFO - Sync 1 DAGs
[2024-04-20T16:47:25.785+0000] {logging_mixin.py:188} INFO - [2024-04-20T16:47:25.784+0000] {dag.py:3834} INFO - Setting next_dagrun for example_time_delta_sensor_async to None, run_after=None
[2024-04-20T16:47:26.558+0000] {processor.py:183} INFO - Processing /home/airflow/.local/lib/python3.8/site-packages/airflow/example_dags/example_time_delta_sensor_async.py took 0.822 seconds
[2024-04-20T16:47:56.730+0000] {processor.py:161} INFO - Started process (PID=1702) to work on /home/airflow/.local/lib/python3.8/site-packages/airflow/example_dags/example_time_delta_sensor_async.py
[2024-04-20T16:47:56.731+0000] {processor.py:830} INFO - Processing file /home/airflow/.local/lib/python3.8/site-packages/airflow/example_dags/example_time_delta_sensor_async.py for tasks to queue
[2024-04-20T16:47:56.731+0000] {logging_mixin.py:188} INFO - [2024-04-20T16:47:56.731+0000] {dagbag.py:540} INFO - Filling up the DagBag from /home/airflow/.local/lib/python3.8/site-packages/airflow/example_dags/example_time_delta_sensor_async.py
[2024-04-20T16:47:56.735+0000] {processor.py:840} INFO - DAG(s) 'example_time_delta_sensor_async' retrieved from /home/airflow/.local/lib/python3.8/site-packages/airflow/example_dags/example_time_delta_sensor_async.py
[2024-04-20T16:47:56.752+0000] {logging_mixin.py:188} INFO - [2024-04-20T16:47:56.752+0000] {dag.py:3047} INFO - Sync 1 DAGs
[2024-04-20T16:47:56.763+0000] {logging_mixin.py:188} INFO - [2024-04-20T16:47:56.762+0000] {dag.py:3834} INFO - Setting next_dagrun for example_time_delta_sensor_async to None, run_after=None
[2024-04-20T16:47:57.019+0000] {processor.py:183} INFO - Processing /home/airflow/.local/lib/python3.8/site-packages/airflow/example_dags/example_time_delta_sensor_async.py took 0.291 seconds
[2024-04-20T16:48:27.146+0000] {processor.py:161} INFO - Started process (PID=1957) to work on /home/airflow/.local/lib/python3.8/site-packages/airflow/example_dags/example_time_delta_sensor_async.py
[2024-04-20T16:48:27.147+0000] {processor.py:830} INFO - Processing file /home/airflow/.local/lib/python3.8/site-packages/airflow/example_dags/example_time_delta_sensor_async.py for tasks to queue
[2024-04-20T16:48:27.148+0000] {logging_mixin.py:188} INFO - [2024-04-20T16:48:27.147+0000] {dagbag.py:540} INFO - Filling up the DagBag from /home/airflow/.local/lib/python3.8/site-packages/airflow/example_dags/example_time_delta_sensor_async.py
[2024-04-20T16:48:27.151+0000] {processor.py:840} INFO - DAG(s) 'example_time_delta_sensor_async' retrieved from /home/airflow/.local/lib/python3.8/site-packages/airflow/example_dags/example_time_delta_sensor_async.py
[2024-04-20T16:48:27.170+0000] {logging_mixin.py:188} INFO - [2024-04-20T16:48:27.170+0000] {dag.py:3047} INFO - Sync 1 DAGs
[2024-04-20T16:48:27.179+0000] {logging_mixin.py:188} INFO - [2024-04-20T16:48:27.179+0000] {dag.py:3834} INFO - Setting next_dagrun for example_time_delta_sensor_async to None, run_after=None
[2024-04-20T16:48:27.591+0000] {processor.py:183} INFO - Processing /home/airflow/.local/lib/python3.8/site-packages/airflow/example_dags/example_time_delta_sensor_async.py took 0.448 seconds
[2024-04-20T16:48:57.672+0000] {processor.py:161} INFO - Started process (PID=2214) to work on /home/airflow/.local/lib/python3.8/site-packages/airflow/example_dags/example_time_delta_sensor_async.py
[2024-04-20T16:48:57.673+0000] {processor.py:830} INFO - Processing file /home/airflow/.local/lib/python3.8/site-packages/airflow/example_dags/example_time_delta_sensor_async.py for tasks to queue
[2024-04-20T16:48:57.675+0000] {logging_mixin.py:188} INFO - [2024-04-20T16:48:57.674+0000] {dagbag.py:540} INFO - Filling up the DagBag from /home/airflow/.local/lib/python3.8/site-packages/airflow/example_dags/example_time_delta_sensor_async.py
[2024-04-20T16:48:57.679+0000] {processor.py:840} INFO - DAG(s) 'example_time_delta_sensor_async' retrieved from /home/airflow/.local/lib/python3.8/site-packages/airflow/example_dags/example_time_delta_sensor_async.py
[2024-04-20T16:48:57.702+0000] {logging_mixin.py:188} INFO - [2024-04-20T16:48:57.702+0000] {dag.py:3047} INFO - Sync 1 DAGs
[2024-04-20T16:48:57.716+0000] {logging_mixin.py:188} INFO - [2024-04-20T16:48:57.716+0000] {dag.py:3834} INFO - Setting next_dagrun for example_time_delta_sensor_async to None, run_after=None
[2024-04-20T16:48:57.838+0000] {processor.py:183} INFO - Processing /home/airflow/.local/lib/python3.8/site-packages/airflow/example_dags/example_time_delta_sensor_async.py took 0.169 seconds
[2024-04-20T16:49:28.699+0000] {processor.py:161} INFO - Started process (PID=2471) to work on /home/airflow/.local/lib/python3.8/site-packages/airflow/example_dags/example_time_delta_sensor_async.py
[2024-04-20T16:49:28.700+0000] {processor.py:830} INFO - Processing file /home/airflow/.local/lib/python3.8/site-packages/airflow/example_dags/example_time_delta_sensor_async.py for tasks to queue
[2024-04-20T16:49:28.701+0000] {logging_mixin.py:188} INFO - [2024-04-20T16:49:28.701+0000] {dagbag.py:540} INFO - Filling up the DagBag from /home/airflow/.local/lib/python3.8/site-packages/airflow/example_dags/example_time_delta_sensor_async.py
[2024-04-20T16:49:28.706+0000] {processor.py:840} INFO - DAG(s) 'example_time_delta_sensor_async' retrieved from /home/airflow/.local/lib/python3.8/site-packages/airflow/example_dags/example_time_delta_sensor_async.py
[2024-04-20T16:49:28.730+0000] {logging_mixin.py:188} INFO - [2024-04-20T16:49:28.729+0000] {dag.py:3047} INFO - Sync 1 DAGs
[2024-04-20T16:49:28.743+0000] {logging_mixin.py:188} INFO - [2024-04-20T16:49:28.743+0000] {dag.py:3834} INFO - Setting next_dagrun for example_time_delta_sensor_async to None, run_after=None
[2024-04-20T16:49:28.916+0000] {processor.py:183} INFO - Processing /home/airflow/.local/lib/python3.8/site-packages/airflow/example_dags/example_time_delta_sensor_async.py took 0.220 seconds
[2024-04-20T16:49:58.955+0000] {processor.py:161} INFO - Started process (PID=2724) to work on /home/airflow/.local/lib/python3.8/site-packages/airflow/example_dags/example_time_delta_sensor_async.py
[2024-04-20T16:49:58.956+0000] {processor.py:830} INFO - Processing file /home/airflow/.local/lib/python3.8/site-packages/airflow/example_dags/example_time_delta_sensor_async.py for tasks to queue
[2024-04-20T16:49:58.956+0000] {logging_mixin.py:188} INFO - [2024-04-20T16:49:58.956+0000] {dagbag.py:540} INFO - Filling up the DagBag from /home/airflow/.local/lib/python3.8/site-packages/airflow/example_dags/example_time_delta_sensor_async.py
[2024-04-20T16:49:58.960+0000] {processor.py:840} INFO - DAG(s) 'example_time_delta_sensor_async' retrieved from /home/airflow/.local/lib/python3.8/site-packages/airflow/example_dags/example_time_delta_sensor_async.py
[2024-04-20T16:49:58.976+0000] {logging_mixin.py:188} INFO - [2024-04-20T16:49:58.976+0000] {dag.py:3047} INFO - Sync 1 DAGs
[2024-04-20T16:49:58.986+0000] {logging_mixin.py:188} INFO - [2024-04-20T16:49:58.986+0000] {dag.py:3834} INFO - Setting next_dagrun for example_time_delta_sensor_async to None, run_after=None
[2024-04-20T16:49:59.146+0000] {processor.py:183} INFO - Processing /home/airflow/.local/lib/python3.8/site-packages/airflow/example_dags/example_time_delta_sensor_async.py took 0.194 seconds
[2024-04-20T16:50:29.236+0000] {processor.py:161} INFO - Started process (PID=2981) to work on /home/airflow/.local/lib/python3.8/site-packages/airflow/example_dags/example_time_delta_sensor_async.py
[2024-04-20T16:50:29.237+0000] {processor.py:830} INFO - Processing file /home/airflow/.local/lib/python3.8/site-packages/airflow/example_dags/example_time_delta_sensor_async.py for tasks to queue
[2024-04-20T16:50:29.238+0000] {logging_mixin.py:188} INFO - [2024-04-20T16:50:29.238+0000] {dagbag.py:540} INFO - Filling up the DagBag from /home/airflow/.local/lib/python3.8/site-packages/airflow/example_dags/example_time_delta_sensor_async.py
[2024-04-20T16:50:29.243+0000] {processor.py:840} INFO - DAG(s) 'example_time_delta_sensor_async' retrieved from /home/airflow/.local/lib/python3.8/site-packages/airflow/example_dags/example_time_delta_sensor_async.py
[2024-04-20T16:50:29.267+0000] {logging_mixin.py:188} INFO - [2024-04-20T16:50:29.267+0000] {dag.py:3047} INFO - Sync 1 DAGs
[2024-04-20T16:50:29.281+0000] {logging_mixin.py:188} INFO - [2024-04-20T16:50:29.281+0000] {dag.py:3834} INFO - Setting next_dagrun for example_time_delta_sensor_async to None, run_after=None
[2024-04-20T16:50:29.466+0000] {processor.py:183} INFO - Processing /home/airflow/.local/lib/python3.8/site-packages/airflow/example_dags/example_time_delta_sensor_async.py took 0.233 seconds
[2024-04-20T16:50:59.996+0000] {processor.py:161} INFO - Started process (PID=3239) to work on /home/airflow/.local/lib/python3.8/site-packages/airflow/example_dags/example_time_delta_sensor_async.py
[2024-04-20T16:50:59.997+0000] {processor.py:830} INFO - Processing file /home/airflow/.local/lib/python3.8/site-packages/airflow/example_dags/example_time_delta_sensor_async.py for tasks to queue
[2024-04-20T16:50:59.998+0000] {logging_mixin.py:188} INFO - [2024-04-20T16:50:59.997+0000] {dagbag.py:540} INFO - Filling up the DagBag from /home/airflow/.local/lib/python3.8/site-packages/airflow/example_dags/example_time_delta_sensor_async.py
[2024-04-20T16:51:00.001+0000] {processor.py:840} INFO - DAG(s) 'example_time_delta_sensor_async' retrieved from /home/airflow/.local/lib/python3.8/site-packages/airflow/example_dags/example_time_delta_sensor_async.py
[2024-04-20T16:51:00.018+0000] {logging_mixin.py:188} INFO - [2024-04-20T16:51:00.017+0000] {dag.py:3047} INFO - Sync 1 DAGs
[2024-04-20T16:51:00.028+0000] {logging_mixin.py:188} INFO - [2024-04-20T16:51:00.027+0000] {dag.py:3834} INFO - Setting next_dagrun for example_time_delta_sensor_async to None, run_after=None
[2024-04-20T16:51:00.185+0000] {processor.py:183} INFO - Processing /home/airflow/.local/lib/python3.8/site-packages/airflow/example_dags/example_time_delta_sensor_async.py took 0.192 seconds
[2024-04-20T16:51:30.542+0000] {processor.py:161} INFO - Started process (PID=3498) to work on /home/airflow/.local/lib/python3.8/site-packages/airflow/example_dags/example_time_delta_sensor_async.py
[2024-04-20T16:51:30.542+0000] {processor.py:830} INFO - Processing file /home/airflow/.local/lib/python3.8/site-packages/airflow/example_dags/example_time_delta_sensor_async.py for tasks to queue
[2024-04-20T16:51:30.543+0000] {logging_mixin.py:188} INFO - [2024-04-20T16:51:30.543+0000] {dagbag.py:540} INFO - Filling up the DagBag from /home/airflow/.local/lib/python3.8/site-packages/airflow/example_dags/example_time_delta_sensor_async.py
[2024-04-20T16:51:30.547+0000] {processor.py:840} INFO - DAG(s) 'example_time_delta_sensor_async' retrieved from /home/airflow/.local/lib/python3.8/site-packages/airflow/example_dags/example_time_delta_sensor_async.py
[2024-04-20T16:51:30.563+0000] {logging_mixin.py:188} INFO - [2024-04-20T16:51:30.563+0000] {dag.py:3047} INFO - Sync 1 DAGs
[2024-04-20T16:51:30.573+0000] {logging_mixin.py:188} INFO - [2024-04-20T16:51:30.573+0000] {dag.py:3834} INFO - Setting next_dagrun for example_time_delta_sensor_async to None, run_after=None
[2024-04-20T16:51:30.694+0000] {processor.py:183} INFO - Processing /home/airflow/.local/lib/python3.8/site-packages/airflow/example_dags/example_time_delta_sensor_async.py took 0.155 seconds
[2024-04-20T16:52:01.238+0000] {processor.py:161} INFO - Started process (PID=3753) to work on /home/airflow/.local/lib/python3.8/site-packages/airflow/example_dags/example_time_delta_sensor_async.py
[2024-04-20T16:52:01.239+0000] {processor.py:830} INFO - Processing file /home/airflow/.local/lib/python3.8/site-packages/airflow/example_dags/example_time_delta_sensor_async.py for tasks to queue
[2024-04-20T16:52:01.240+0000] {logging_mixin.py:188} INFO - [2024-04-20T16:52:01.240+0000] {dagbag.py:540} INFO - Filling up the DagBag from /home/airflow/.local/lib/python3.8/site-packages/airflow/example_dags/example_time_delta_sensor_async.py
[2024-04-20T16:52:01.243+0000] {processor.py:840} INFO - DAG(s) 'example_time_delta_sensor_async' retrieved from /home/airflow/.local/lib/python3.8/site-packages/airflow/example_dags/example_time_delta_sensor_async.py
[2024-04-20T16:52:01.260+0000] {logging_mixin.py:188} INFO - [2024-04-20T16:52:01.259+0000] {dag.py:3047} INFO - Sync 1 DAGs
[2024-04-20T16:52:01.269+0000] {logging_mixin.py:188} INFO - [2024-04-20T16:52:01.269+0000] {dag.py:3834} INFO - Setting next_dagrun for example_time_delta_sensor_async to None, run_after=None
[2024-04-20T16:52:01.640+0000] {processor.py:183} INFO - Processing /home/airflow/.local/lib/python3.8/site-packages/airflow/example_dags/example_time_delta_sensor_async.py took 0.404 seconds
[2024-04-20T16:52:31.803+0000] {processor.py:161} INFO - Started process (PID=4010) to work on /home/airflow/.local/lib/python3.8/site-packages/airflow/example_dags/example_time_delta_sensor_async.py
[2024-04-20T16:52:31.804+0000] {processor.py:830} INFO - Processing file /home/airflow/.local/lib/python3.8/site-packages/airflow/example_dags/example_time_delta_sensor_async.py for tasks to queue
[2024-04-20T16:52:31.805+0000] {logging_mixin.py:188} INFO - [2024-04-20T16:52:31.804+0000] {dagbag.py:540} INFO - Filling up the DagBag from /home/airflow/.local/lib/python3.8/site-packages/airflow/example_dags/example_time_delta_sensor_async.py
[2024-04-20T16:52:31.809+0000] {processor.py:840} INFO - DAG(s) 'example_time_delta_sensor_async' retrieved from /home/airflow/.local/lib/python3.8/site-packages/airflow/example_dags/example_time_delta_sensor_async.py
[2024-04-20T16:52:31.834+0000] {logging_mixin.py:188} INFO - [2024-04-20T16:52:31.834+0000] {dag.py:3047} INFO - Sync 1 DAGs
[2024-04-20T16:52:31.874+0000] {logging_mixin.py:188} INFO - [2024-04-20T16:52:31.874+0000] {dag.py:3834} INFO - Setting next_dagrun for example_time_delta_sensor_async to None, run_after=None
[2024-04-20T16:52:31.998+0000] {processor.py:183} INFO - Processing /home/airflow/.local/lib/python3.8/site-packages/airflow/example_dags/example_time_delta_sensor_async.py took 0.199 seconds
[2024-04-20T16:53:02.359+0000] {processor.py:161} INFO - Started process (PID=4267) to work on /home/airflow/.local/lib/python3.8/site-packages/airflow/example_dags/example_time_delta_sensor_async.py
[2024-04-20T16:53:02.359+0000] {processor.py:830} INFO - Processing file /home/airflow/.local/lib/python3.8/site-packages/airflow/example_dags/example_time_delta_sensor_async.py for tasks to queue
[2024-04-20T16:53:02.360+0000] {logging_mixin.py:188} INFO - [2024-04-20T16:53:02.360+0000] {dagbag.py:540} INFO - Filling up the DagBag from /home/airflow/.local/lib/python3.8/site-packages/airflow/example_dags/example_time_delta_sensor_async.py
[2024-04-20T16:53:02.364+0000] {processor.py:840} INFO - DAG(s) 'example_time_delta_sensor_async' retrieved from /home/airflow/.local/lib/python3.8/site-packages/airflow/example_dags/example_time_delta_sensor_async.py
[2024-04-20T16:53:02.386+0000] {logging_mixin.py:188} INFO - [2024-04-20T16:53:02.385+0000] {dag.py:3047} INFO - Sync 1 DAGs
[2024-04-20T16:53:02.397+0000] {logging_mixin.py:188} INFO - [2024-04-20T16:53:02.397+0000] {dag.py:3834} INFO - Setting next_dagrun for example_time_delta_sensor_async to None, run_after=None
[2024-04-20T16:53:02.600+0000] {processor.py:183} INFO - Processing /home/airflow/.local/lib/python3.8/site-packages/airflow/example_dags/example_time_delta_sensor_async.py took 0.244 seconds
[2024-04-20T16:53:33.252+0000] {processor.py:161} INFO - Started process (PID=4525) to work on /home/airflow/.local/lib/python3.8/site-packages/airflow/example_dags/example_time_delta_sensor_async.py
[2024-04-20T16:53:33.253+0000] {processor.py:830} INFO - Processing file /home/airflow/.local/lib/python3.8/site-packages/airflow/example_dags/example_time_delta_sensor_async.py for tasks to queue
[2024-04-20T16:53:33.254+0000] {logging_mixin.py:188} INFO - [2024-04-20T16:53:33.253+0000] {dagbag.py:540} INFO - Filling up the DagBag from /home/airflow/.local/lib/python3.8/site-packages/airflow/example_dags/example_time_delta_sensor_async.py
[2024-04-20T16:53:33.257+0000] {processor.py:840} INFO - DAG(s) 'example_time_delta_sensor_async' retrieved from /home/airflow/.local/lib/python3.8/site-packages/airflow/example_dags/example_time_delta_sensor_async.py
[2024-04-20T16:53:33.276+0000] {logging_mixin.py:188} INFO - [2024-04-20T16:53:33.276+0000] {dag.py:3047} INFO - Sync 1 DAGs
[2024-04-20T16:53:33.286+0000] {logging_mixin.py:188} INFO - [2024-04-20T16:53:33.286+0000] {dag.py:3834} INFO - Setting next_dagrun for example_time_delta_sensor_async to None, run_after=None
[2024-04-20T16:53:33.442+0000] {processor.py:183} INFO - Processing /home/airflow/.local/lib/python3.8/site-packages/airflow/example_dags/example_time_delta_sensor_async.py took 0.193 seconds
[2024-04-20T16:54:03.705+0000] {processor.py:161} INFO - Started process (PID=4782) to work on /home/airflow/.local/lib/python3.8/site-packages/airflow/example_dags/example_time_delta_sensor_async.py
[2024-04-20T16:54:03.706+0000] {processor.py:830} INFO - Processing file /home/airflow/.local/lib/python3.8/site-packages/airflow/example_dags/example_time_delta_sensor_async.py for tasks to queue
[2024-04-20T16:54:03.707+0000] {logging_mixin.py:188} INFO - [2024-04-20T16:54:03.707+0000] {dagbag.py:540} INFO - Filling up the DagBag from /home/airflow/.local/lib/python3.8/site-packages/airflow/example_dags/example_time_delta_sensor_async.py
[2024-04-20T16:54:03.710+0000] {processor.py:840} INFO - DAG(s) 'example_time_delta_sensor_async' retrieved from /home/airflow/.local/lib/python3.8/site-packages/airflow/example_dags/example_time_delta_sensor_async.py
[2024-04-20T16:54:03.727+0000] {logging_mixin.py:188} INFO - [2024-04-20T16:54:03.727+0000] {dag.py:3047} INFO - Sync 1 DAGs
[2024-04-20T16:54:03.736+0000] {logging_mixin.py:188} INFO - [2024-04-20T16:54:03.736+0000] {dag.py:3834} INFO - Setting next_dagrun for example_time_delta_sensor_async to None, run_after=None
[2024-04-20T16:54:03.897+0000] {processor.py:183} INFO - Processing /home/airflow/.local/lib/python3.8/site-packages/airflow/example_dags/example_time_delta_sensor_async.py took 0.195 seconds
[2024-04-20T16:54:34.428+0000] {processor.py:161} INFO - Started process (PID=5038) to work on /home/airflow/.local/lib/python3.8/site-packages/airflow/example_dags/example_time_delta_sensor_async.py
[2024-04-20T16:54:34.429+0000] {processor.py:830} INFO - Processing file /home/airflow/.local/lib/python3.8/site-packages/airflow/example_dags/example_time_delta_sensor_async.py for tasks to queue
[2024-04-20T16:54:34.429+0000] {logging_mixin.py:188} INFO - [2024-04-20T16:54:34.429+0000] {dagbag.py:540} INFO - Filling up the DagBag from /home/airflow/.local/lib/python3.8/site-packages/airflow/example_dags/example_time_delta_sensor_async.py
[2024-04-20T16:54:34.433+0000] {processor.py:840} INFO - DAG(s) 'example_time_delta_sensor_async' retrieved from /home/airflow/.local/lib/python3.8/site-packages/airflow/example_dags/example_time_delta_sensor_async.py
[2024-04-20T16:54:34.450+0000] {logging_mixin.py:188} INFO - [2024-04-20T16:54:34.450+0000] {dag.py:3047} INFO - Sync 1 DAGs
[2024-04-20T16:54:34.459+0000] {logging_mixin.py:188} INFO - [2024-04-20T16:54:34.459+0000] {dag.py:3834} INFO - Setting next_dagrun for example_time_delta_sensor_async to None, run_after=None
[2024-04-20T16:54:34.619+0000] {processor.py:183} INFO - Processing /home/airflow/.local/lib/python3.8/site-packages/airflow/example_dags/example_time_delta_sensor_async.py took 0.194 seconds
[2024-04-20T16:55:05.025+0000] {processor.py:161} INFO - Started process (PID=5298) to work on /home/airflow/.local/lib/python3.8/site-packages/airflow/example_dags/example_time_delta_sensor_async.py
[2024-04-20T16:55:05.026+0000] {processor.py:830} INFO - Processing file /home/airflow/.local/lib/python3.8/site-packages/airflow/example_dags/example_time_delta_sensor_async.py for tasks to queue
[2024-04-20T16:55:05.026+0000] {logging_mixin.py:188} INFO - [2024-04-20T16:55:05.026+0000] {dagbag.py:540} INFO - Filling up the DagBag from /home/airflow/.local/lib/python3.8/site-packages/airflow/example_dags/example_time_delta_sensor_async.py
[2024-04-20T16:55:05.030+0000] {processor.py:840} INFO - DAG(s) 'example_time_delta_sensor_async' retrieved from /home/airflow/.local/lib/python3.8/site-packages/airflow/example_dags/example_time_delta_sensor_async.py
[2024-04-20T16:55:05.047+0000] {logging_mixin.py:188} INFO - [2024-04-20T16:55:05.047+0000] {dag.py:3047} INFO - Sync 1 DAGs
[2024-04-20T16:55:05.057+0000] {logging_mixin.py:188} INFO - [2024-04-20T16:55:05.057+0000] {dag.py:3834} INFO - Setting next_dagrun for example_time_delta_sensor_async to None, run_after=None
[2024-04-20T16:55:05.179+0000] {processor.py:183} INFO - Processing /home/airflow/.local/lib/python3.8/site-packages/airflow/example_dags/example_time_delta_sensor_async.py took 0.157 seconds
[2024-04-20T16:55:36.083+0000] {processor.py:161} INFO - Started process (PID=5553) to work on /home/airflow/.local/lib/python3.8/site-packages/airflow/example_dags/example_time_delta_sensor_async.py
[2024-04-20T16:55:36.084+0000] {processor.py:830} INFO - Processing file /home/airflow/.local/lib/python3.8/site-packages/airflow/example_dags/example_time_delta_sensor_async.py for tasks to queue
[2024-04-20T16:55:36.085+0000] {logging_mixin.py:188} INFO - [2024-04-20T16:55:36.084+0000] {dagbag.py:540} INFO - Filling up the DagBag from /home/airflow/.local/lib/python3.8/site-packages/airflow/example_dags/example_time_delta_sensor_async.py
[2024-04-20T16:55:36.088+0000] {processor.py:840} INFO - DAG(s) 'example_time_delta_sensor_async' retrieved from /home/airflow/.local/lib/python3.8/site-packages/airflow/example_dags/example_time_delta_sensor_async.py
[2024-04-20T16:55:36.104+0000] {logging_mixin.py:188} INFO - [2024-04-20T16:55:36.104+0000] {dag.py:3047} INFO - Sync 1 DAGs
[2024-04-20T16:55:36.114+0000] {logging_mixin.py:188} INFO - [2024-04-20T16:55:36.114+0000] {dag.py:3834} INFO - Setting next_dagrun for example_time_delta_sensor_async to None, run_after=None
[2024-04-20T16:55:36.274+0000] {processor.py:183} INFO - Processing /home/airflow/.local/lib/python3.8/site-packages/airflow/example_dags/example_time_delta_sensor_async.py took 0.194 seconds
[2024-04-20T16:56:06.442+0000] {processor.py:161} INFO - Started process (PID=5811) to work on /home/airflow/.local/lib/python3.8/site-packages/airflow/example_dags/example_time_delta_sensor_async.py
[2024-04-20T16:56:06.443+0000] {processor.py:830} INFO - Processing file /home/airflow/.local/lib/python3.8/site-packages/airflow/example_dags/example_time_delta_sensor_async.py for tasks to queue
[2024-04-20T16:56:06.444+0000] {logging_mixin.py:188} INFO - [2024-04-20T16:56:06.443+0000] {dagbag.py:540} INFO - Filling up the DagBag from /home/airflow/.local/lib/python3.8/site-packages/airflow/example_dags/example_time_delta_sensor_async.py
[2024-04-20T16:56:06.447+0000] {processor.py:840} INFO - DAG(s) 'example_time_delta_sensor_async' retrieved from /home/airflow/.local/lib/python3.8/site-packages/airflow/example_dags/example_time_delta_sensor_async.py
[2024-04-20T16:56:06.464+0000] {logging_mixin.py:188} INFO - [2024-04-20T16:56:06.463+0000] {dag.py:3047} INFO - Sync 1 DAGs
[2024-04-20T16:56:06.473+0000] {logging_mixin.py:188} INFO - [2024-04-20T16:56:06.473+0000] {dag.py:3834} INFO - Setting next_dagrun for example_time_delta_sensor_async to None, run_after=None
[2024-04-20T16:56:06.634+0000] {processor.py:183} INFO - Processing /home/airflow/.local/lib/python3.8/site-packages/airflow/example_dags/example_time_delta_sensor_async.py took 0.195 seconds
[2024-04-20T16:56:37.035+0000] {processor.py:161} INFO - Started process (PID=6068) to work on /home/airflow/.local/lib/python3.8/site-packages/airflow/example_dags/example_time_delta_sensor_async.py
[2024-04-20T16:56:37.036+0000] {processor.py:830} INFO - Processing file /home/airflow/.local/lib/python3.8/site-packages/airflow/example_dags/example_time_delta_sensor_async.py for tasks to queue
[2024-04-20T16:56:37.036+0000] {logging_mixin.py:188} INFO - [2024-04-20T16:56:37.036+0000] {dagbag.py:540} INFO - Filling up the DagBag from /home/airflow/.local/lib/python3.8/site-packages/airflow/example_dags/example_time_delta_sensor_async.py
[2024-04-20T16:56:37.040+0000] {processor.py:840} INFO - DAG(s) 'example_time_delta_sensor_async' retrieved from /home/airflow/.local/lib/python3.8/site-packages/airflow/example_dags/example_time_delta_sensor_async.py
[2024-04-20T16:56:37.057+0000] {logging_mixin.py:188} INFO - [2024-04-20T16:56:37.057+0000] {dag.py:3047} INFO - Sync 1 DAGs
[2024-04-20T16:56:37.067+0000] {logging_mixin.py:188} INFO - [2024-04-20T16:56:37.067+0000] {dag.py:3834} INFO - Setting next_dagrun for example_time_delta_sensor_async to None, run_after=None
[2024-04-20T16:56:37.223+0000] {processor.py:183} INFO - Processing /home/airflow/.local/lib/python3.8/site-packages/airflow/example_dags/example_time_delta_sensor_async.py took 0.191 seconds
[2024-04-20T16:57:07.318+0000] {processor.py:161} INFO - Started process (PID=6325) to work on /home/airflow/.local/lib/python3.8/site-packages/airflow/example_dags/example_time_delta_sensor_async.py
[2024-04-20T16:57:07.319+0000] {processor.py:830} INFO - Processing file /home/airflow/.local/lib/python3.8/site-packages/airflow/example_dags/example_time_delta_sensor_async.py for tasks to queue
[2024-04-20T16:57:07.320+0000] {logging_mixin.py:188} INFO - [2024-04-20T16:57:07.320+0000] {dagbag.py:540} INFO - Filling up the DagBag from /home/airflow/.local/lib/python3.8/site-packages/airflow/example_dags/example_time_delta_sensor_async.py
[2024-04-20T16:57:07.325+0000] {processor.py:840} INFO - DAG(s) 'example_time_delta_sensor_async' retrieved from /home/airflow/.local/lib/python3.8/site-packages/airflow/example_dags/example_time_delta_sensor_async.py
[2024-04-20T16:57:07.360+0000] {logging_mixin.py:188} INFO - [2024-04-20T16:57:07.360+0000] {dag.py:3047} INFO - Sync 1 DAGs
[2024-04-20T16:57:07.375+0000] {logging_mixin.py:188} INFO - [2024-04-20T16:57:07.375+0000] {dag.py:3834} INFO - Setting next_dagrun for example_time_delta_sensor_async to None, run_after=None
[2024-04-20T16:57:07.499+0000] {processor.py:183} INFO - Processing /home/airflow/.local/lib/python3.8/site-packages/airflow/example_dags/example_time_delta_sensor_async.py took 0.185 seconds
[2024-04-20T16:57:37.725+0000] {processor.py:161} INFO - Started process (PID=6583) to work on /home/airflow/.local/lib/python3.8/site-packages/airflow/example_dags/example_time_delta_sensor_async.py
[2024-04-20T16:57:37.726+0000] {processor.py:830} INFO - Processing file /home/airflow/.local/lib/python3.8/site-packages/airflow/example_dags/example_time_delta_sensor_async.py for tasks to queue
[2024-04-20T16:57:37.727+0000] {logging_mixin.py:188} INFO - [2024-04-20T16:57:37.727+0000] {dagbag.py:540} INFO - Filling up the DagBag from /home/airflow/.local/lib/python3.8/site-packages/airflow/example_dags/example_time_delta_sensor_async.py
[2024-04-20T16:57:37.732+0000] {processor.py:840} INFO - DAG(s) 'example_time_delta_sensor_async' retrieved from /home/airflow/.local/lib/python3.8/site-packages/airflow/example_dags/example_time_delta_sensor_async.py
[2024-04-20T16:57:37.753+0000] {logging_mixin.py:188} INFO - [2024-04-20T16:57:37.753+0000] {dag.py:3047} INFO - Sync 1 DAGs
[2024-04-20T16:57:37.762+0000] {logging_mixin.py:188} INFO - [2024-04-20T16:57:37.762+0000] {dag.py:3834} INFO - Setting next_dagrun for example_time_delta_sensor_async to None, run_after=None
[2024-04-20T16:57:37.967+0000] {processor.py:183} INFO - Processing /home/airflow/.local/lib/python3.8/site-packages/airflow/example_dags/example_time_delta_sensor_async.py took 0.246 seconds
[2024-04-20T16:58:08.194+0000] {processor.py:161} INFO - Started process (PID=6842) to work on /home/airflow/.local/lib/python3.8/site-packages/airflow/example_dags/example_time_delta_sensor_async.py
[2024-04-20T16:58:08.195+0000] {processor.py:830} INFO - Processing file /home/airflow/.local/lib/python3.8/site-packages/airflow/example_dags/example_time_delta_sensor_async.py for tasks to queue
[2024-04-20T16:58:08.196+0000] {logging_mixin.py:188} INFO - [2024-04-20T16:58:08.196+0000] {dagbag.py:540} INFO - Filling up the DagBag from /home/airflow/.local/lib/python3.8/site-packages/airflow/example_dags/example_time_delta_sensor_async.py
[2024-04-20T16:58:08.199+0000] {processor.py:840} INFO - DAG(s) 'example_time_delta_sensor_async' retrieved from /home/airflow/.local/lib/python3.8/site-packages/airflow/example_dags/example_time_delta_sensor_async.py
[2024-04-20T16:58:08.216+0000] {logging_mixin.py:188} INFO - [2024-04-20T16:58:08.216+0000] {dag.py:3047} INFO - Sync 1 DAGs
[2024-04-20T16:58:08.225+0000] {logging_mixin.py:188} INFO - [2024-04-20T16:58:08.225+0000] {dag.py:3834} INFO - Setting next_dagrun for example_time_delta_sensor_async to None, run_after=None
[2024-04-20T16:58:08.345+0000] {processor.py:183} INFO - Processing /home/airflow/.local/lib/python3.8/site-packages/airflow/example_dags/example_time_delta_sensor_async.py took 0.154 seconds
[2024-04-20T16:58:38.896+0000] {processor.py:161} INFO - Started process (PID=7099) to work on /home/airflow/.local/lib/python3.8/site-packages/airflow/example_dags/example_time_delta_sensor_async.py
[2024-04-20T16:58:38.897+0000] {processor.py:830} INFO - Processing file /home/airflow/.local/lib/python3.8/site-packages/airflow/example_dags/example_time_delta_sensor_async.py for tasks to queue
[2024-04-20T16:58:38.898+0000] {logging_mixin.py:188} INFO - [2024-04-20T16:58:38.897+0000] {dagbag.py:540} INFO - Filling up the DagBag from /home/airflow/.local/lib/python3.8/site-packages/airflow/example_dags/example_time_delta_sensor_async.py
[2024-04-20T16:58:38.901+0000] {processor.py:840} INFO - DAG(s) 'example_time_delta_sensor_async' retrieved from /home/airflow/.local/lib/python3.8/site-packages/airflow/example_dags/example_time_delta_sensor_async.py
[2024-04-20T16:58:38.918+0000] {logging_mixin.py:188} INFO - [2024-04-20T16:58:38.917+0000] {dag.py:3047} INFO - Sync 1 DAGs
[2024-04-20T16:58:38.927+0000] {logging_mixin.py:188} INFO - [2024-04-20T16:58:38.927+0000] {dag.py:3834} INFO - Setting next_dagrun for example_time_delta_sensor_async to None, run_after=None
[2024-04-20T16:58:39.082+0000] {processor.py:183} INFO - Processing /home/airflow/.local/lib/python3.8/site-packages/airflow/example_dags/example_time_delta_sensor_async.py took 0.189 seconds
[2024-04-20T16:59:09.287+0000] {processor.py:161} INFO - Started process (PID=7356) to work on /home/airflow/.local/lib/python3.8/site-packages/airflow/example_dags/example_time_delta_sensor_async.py
[2024-04-20T16:59:09.288+0000] {processor.py:830} INFO - Processing file /home/airflow/.local/lib/python3.8/site-packages/airflow/example_dags/example_time_delta_sensor_async.py for tasks to queue
[2024-04-20T16:59:09.289+0000] {logging_mixin.py:188} INFO - [2024-04-20T16:59:09.289+0000] {dagbag.py:540} INFO - Filling up the DagBag from /home/airflow/.local/lib/python3.8/site-packages/airflow/example_dags/example_time_delta_sensor_async.py
[2024-04-20T16:59:09.292+0000] {processor.py:840} INFO - DAG(s) 'example_time_delta_sensor_async' retrieved from /home/airflow/.local/lib/python3.8/site-packages/airflow/example_dags/example_time_delta_sensor_async.py
[2024-04-20T16:59:09.309+0000] {logging_mixin.py:188} INFO - [2024-04-20T16:59:09.309+0000] {dag.py:3047} INFO - Sync 1 DAGs
[2024-04-20T16:59:09.318+0000] {logging_mixin.py:188} INFO - [2024-04-20T16:59:09.318+0000] {dag.py:3834} INFO - Setting next_dagrun for example_time_delta_sensor_async to None, run_after=None
[2024-04-20T16:59:09.471+0000] {processor.py:183} INFO - Processing /home/airflow/.local/lib/python3.8/site-packages/airflow/example_dags/example_time_delta_sensor_async.py took 0.186 seconds
[2024-04-20T16:59:39.746+0000] {processor.py:161} INFO - Started process (PID=7613) to work on /home/airflow/.local/lib/python3.8/site-packages/airflow/example_dags/example_time_delta_sensor_async.py
[2024-04-20T16:59:39.747+0000] {processor.py:830} INFO - Processing file /home/airflow/.local/lib/python3.8/site-packages/airflow/example_dags/example_time_delta_sensor_async.py for tasks to queue
[2024-04-20T16:59:39.748+0000] {logging_mixin.py:188} INFO - [2024-04-20T16:59:39.748+0000] {dagbag.py:540} INFO - Filling up the DagBag from /home/airflow/.local/lib/python3.8/site-packages/airflow/example_dags/example_time_delta_sensor_async.py
[2024-04-20T16:59:39.751+0000] {processor.py:840} INFO - DAG(s) 'example_time_delta_sensor_async' retrieved from /home/airflow/.local/lib/python3.8/site-packages/airflow/example_dags/example_time_delta_sensor_async.py
[2024-04-20T16:59:39.768+0000] {logging_mixin.py:188} INFO - [2024-04-20T16:59:39.768+0000] {dag.py:3047} INFO - Sync 1 DAGs
[2024-04-20T16:59:39.778+0000] {logging_mixin.py:188} INFO - [2024-04-20T16:59:39.778+0000] {dag.py:3834} INFO - Setting next_dagrun for example_time_delta_sensor_async to None, run_after=None
[2024-04-20T16:59:39.928+0000] {processor.py:183} INFO - Processing /home/airflow/.local/lib/python3.8/site-packages/airflow/example_dags/example_time_delta_sensor_async.py took 0.185 seconds
[2024-04-20T17:00:10.116+0000] {processor.py:161} INFO - Started process (PID=7870) to work on /home/airflow/.local/lib/python3.8/site-packages/airflow/example_dags/example_time_delta_sensor_async.py
[2024-04-20T17:00:10.117+0000] {processor.py:830} INFO - Processing file /home/airflow/.local/lib/python3.8/site-packages/airflow/example_dags/example_time_delta_sensor_async.py for tasks to queue
[2024-04-20T17:00:10.117+0000] {logging_mixin.py:188} INFO - [2024-04-20T17:00:10.117+0000] {dagbag.py:540} INFO - Filling up the DagBag from /home/airflow/.local/lib/python3.8/site-packages/airflow/example_dags/example_time_delta_sensor_async.py
[2024-04-20T17:00:10.121+0000] {processor.py:840} INFO - DAG(s) 'example_time_delta_sensor_async' retrieved from /home/airflow/.local/lib/python3.8/site-packages/airflow/example_dags/example_time_delta_sensor_async.py
[2024-04-20T17:00:10.137+0000] {logging_mixin.py:188} INFO - [2024-04-20T17:00:10.137+0000] {dag.py:3047} INFO - Sync 1 DAGs
[2024-04-20T17:00:10.147+0000] {logging_mixin.py:188} INFO - [2024-04-20T17:00:10.147+0000] {dag.py:3834} INFO - Setting next_dagrun for example_time_delta_sensor_async to None, run_after=None
[2024-04-20T17:00:10.305+0000] {processor.py:183} INFO - Processing /home/airflow/.local/lib/python3.8/site-packages/airflow/example_dags/example_time_delta_sensor_async.py took 0.191 seconds
[2024-04-20T17:00:40.447+0000] {processor.py:161} INFO - Started process (PID=8127) to work on /home/airflow/.local/lib/python3.8/site-packages/airflow/example_dags/example_time_delta_sensor_async.py
[2024-04-20T17:00:40.448+0000] {processor.py:830} INFO - Processing file /home/airflow/.local/lib/python3.8/site-packages/airflow/example_dags/example_time_delta_sensor_async.py for tasks to queue
[2024-04-20T17:00:40.449+0000] {logging_mixin.py:188} INFO - [2024-04-20T17:00:40.448+0000] {dagbag.py:540} INFO - Filling up the DagBag from /home/airflow/.local/lib/python3.8/site-packages/airflow/example_dags/example_time_delta_sensor_async.py
[2024-04-20T17:00:40.453+0000] {processor.py:840} INFO - DAG(s) 'example_time_delta_sensor_async' retrieved from /home/airflow/.local/lib/python3.8/site-packages/airflow/example_dags/example_time_delta_sensor_async.py
[2024-04-20T17:00:40.470+0000] {logging_mixin.py:188} INFO - [2024-04-20T17:00:40.470+0000] {dag.py:3047} INFO - Sync 1 DAGs
[2024-04-20T17:00:40.481+0000] {logging_mixin.py:188} INFO - [2024-04-20T17:00:40.481+0000] {dag.py:3834} INFO - Setting next_dagrun for example_time_delta_sensor_async to None, run_after=None
[2024-04-20T17:00:40.642+0000] {processor.py:183} INFO - Processing /home/airflow/.local/lib/python3.8/site-packages/airflow/example_dags/example_time_delta_sensor_async.py took 0.198 seconds
[2024-04-20T17:01:10.687+0000] {processor.py:161} INFO - Started process (PID=8385) to work on /home/airflow/.local/lib/python3.8/site-packages/airflow/example_dags/example_time_delta_sensor_async.py
[2024-04-20T17:01:10.688+0000] {processor.py:830} INFO - Processing file /home/airflow/.local/lib/python3.8/site-packages/airflow/example_dags/example_time_delta_sensor_async.py for tasks to queue
[2024-04-20T17:01:10.689+0000] {logging_mixin.py:188} INFO - [2024-04-20T17:01:10.689+0000] {dagbag.py:540} INFO - Filling up the DagBag from /home/airflow/.local/lib/python3.8/site-packages/airflow/example_dags/example_time_delta_sensor_async.py
[2024-04-20T17:01:10.694+0000] {processor.py:840} INFO - DAG(s) 'example_time_delta_sensor_async' retrieved from /home/airflow/.local/lib/python3.8/site-packages/airflow/example_dags/example_time_delta_sensor_async.py
[2024-04-20T17:01:10.718+0000] {logging_mixin.py:188} INFO - [2024-04-20T17:01:10.718+0000] {dag.py:3047} INFO - Sync 1 DAGs
[2024-04-20T17:01:10.732+0000] {logging_mixin.py:188} INFO - [2024-04-20T17:01:10.732+0000] {dag.py:3834} INFO - Setting next_dagrun for example_time_delta_sensor_async to None, run_after=None
[2024-04-20T17:01:10.856+0000] {processor.py:183} INFO - Processing /home/airflow/.local/lib/python3.8/site-packages/airflow/example_dags/example_time_delta_sensor_async.py took 0.173 seconds
[2024-04-20T17:01:41.274+0000] {processor.py:161} INFO - Started process (PID=8643) to work on /home/airflow/.local/lib/python3.8/site-packages/airflow/example_dags/example_time_delta_sensor_async.py
[2024-04-20T17:01:41.275+0000] {processor.py:830} INFO - Processing file /home/airflow/.local/lib/python3.8/site-packages/airflow/example_dags/example_time_delta_sensor_async.py for tasks to queue
[2024-04-20T17:01:41.276+0000] {logging_mixin.py:188} INFO - [2024-04-20T17:01:41.276+0000] {dagbag.py:540} INFO - Filling up the DagBag from /home/airflow/.local/lib/python3.8/site-packages/airflow/example_dags/example_time_delta_sensor_async.py
[2024-04-20T17:01:41.280+0000] {processor.py:840} INFO - DAG(s) 'example_time_delta_sensor_async' retrieved from /home/airflow/.local/lib/python3.8/site-packages/airflow/example_dags/example_time_delta_sensor_async.py
[2024-04-20T17:01:41.296+0000] {logging_mixin.py:188} INFO - [2024-04-20T17:01:41.296+0000] {dag.py:3047} INFO - Sync 1 DAGs
[2024-04-20T17:01:41.306+0000] {logging_mixin.py:188} INFO - [2024-04-20T17:01:41.306+0000] {dag.py:3834} INFO - Setting next_dagrun for example_time_delta_sensor_async to None, run_after=None
[2024-04-20T17:01:41.465+0000] {processor.py:183} INFO - Processing /home/airflow/.local/lib/python3.8/site-packages/airflow/example_dags/example_time_delta_sensor_async.py took 0.194 seconds
[2024-04-20T17:02:12.022+0000] {processor.py:161} INFO - Started process (PID=8900) to work on /home/airflow/.local/lib/python3.8/site-packages/airflow/example_dags/example_time_delta_sensor_async.py
[2024-04-20T17:02:12.023+0000] {processor.py:830} INFO - Processing file /home/airflow/.local/lib/python3.8/site-packages/airflow/example_dags/example_time_delta_sensor_async.py for tasks to queue
[2024-04-20T17:02:12.024+0000] {logging_mixin.py:188} INFO - [2024-04-20T17:02:12.024+0000] {dagbag.py:540} INFO - Filling up the DagBag from /home/airflow/.local/lib/python3.8/site-packages/airflow/example_dags/example_time_delta_sensor_async.py
[2024-04-20T17:02:12.027+0000] {processor.py:840} INFO - DAG(s) 'example_time_delta_sensor_async' retrieved from /home/airflow/.local/lib/python3.8/site-packages/airflow/example_dags/example_time_delta_sensor_async.py
[2024-04-20T17:02:12.044+0000] {logging_mixin.py:188} INFO - [2024-04-20T17:02:12.043+0000] {dag.py:3047} INFO - Sync 1 DAGs
[2024-04-20T17:02:12.055+0000] {logging_mixin.py:188} INFO - [2024-04-20T17:02:12.055+0000] {dag.py:3834} INFO - Setting next_dagrun for example_time_delta_sensor_async to None, run_after=None
[2024-04-20T17:02:12.421+0000] {processor.py:183} INFO - Processing /home/airflow/.local/lib/python3.8/site-packages/airflow/example_dags/example_time_delta_sensor_async.py took 0.401 seconds
[2024-04-20T17:02:42.803+0000] {processor.py:161} INFO - Started process (PID=9158) to work on /home/airflow/.local/lib/python3.8/site-packages/airflow/example_dags/example_time_delta_sensor_async.py
[2024-04-20T17:02:42.804+0000] {processor.py:830} INFO - Processing file /home/airflow/.local/lib/python3.8/site-packages/airflow/example_dags/example_time_delta_sensor_async.py for tasks to queue
[2024-04-20T17:02:42.804+0000] {logging_mixin.py:188} INFO - [2024-04-20T17:02:42.804+0000] {dagbag.py:540} INFO - Filling up the DagBag from /home/airflow/.local/lib/python3.8/site-packages/airflow/example_dags/example_time_delta_sensor_async.py
[2024-04-20T17:02:42.808+0000] {processor.py:840} INFO - DAG(s) 'example_time_delta_sensor_async' retrieved from /home/airflow/.local/lib/python3.8/site-packages/airflow/example_dags/example_time_delta_sensor_async.py
[2024-04-20T17:02:42.825+0000] {logging_mixin.py:188} INFO - [2024-04-20T17:02:42.825+0000] {dag.py:3047} INFO - Sync 1 DAGs
[2024-04-20T17:02:42.835+0000] {logging_mixin.py:188} INFO - [2024-04-20T17:02:42.834+0000] {dag.py:3834} INFO - Setting next_dagrun for example_time_delta_sensor_async to None, run_after=None
[2024-04-20T17:02:42.989+0000] {processor.py:183} INFO - Processing /home/airflow/.local/lib/python3.8/site-packages/airflow/example_dags/example_time_delta_sensor_async.py took 0.189 seconds
[2024-04-20T17:03:13.100+0000] {processor.py:161} INFO - Started process (PID=9416) to work on /home/airflow/.local/lib/python3.8/site-packages/airflow/example_dags/example_time_delta_sensor_async.py
[2024-04-20T17:03:13.101+0000] {processor.py:830} INFO - Processing file /home/airflow/.local/lib/python3.8/site-packages/airflow/example_dags/example_time_delta_sensor_async.py for tasks to queue
[2024-04-20T17:03:13.102+0000] {logging_mixin.py:188} INFO - [2024-04-20T17:03:13.102+0000] {dagbag.py:540} INFO - Filling up the DagBag from /home/airflow/.local/lib/python3.8/site-packages/airflow/example_dags/example_time_delta_sensor_async.py
[2024-04-20T17:03:13.107+0000] {processor.py:840} INFO - DAG(s) 'example_time_delta_sensor_async' retrieved from /home/airflow/.local/lib/python3.8/site-packages/airflow/example_dags/example_time_delta_sensor_async.py
[2024-04-20T17:03:13.130+0000] {logging_mixin.py:188} INFO - [2024-04-20T17:03:13.130+0000] {dag.py:3047} INFO - Sync 1 DAGs
[2024-04-20T17:03:13.144+0000] {logging_mixin.py:188} INFO - [2024-04-20T17:03:13.144+0000] {dag.py:3834} INFO - Setting next_dagrun for example_time_delta_sensor_async to None, run_after=None
[2024-04-20T17:03:13.269+0000] {processor.py:183} INFO - Processing /home/airflow/.local/lib/python3.8/site-packages/airflow/example_dags/example_time_delta_sensor_async.py took 0.178 seconds
[2024-04-20T17:03:44.165+0000] {processor.py:161} INFO - Started process (PID=9675) to work on /home/airflow/.local/lib/python3.8/site-packages/airflow/example_dags/example_time_delta_sensor_async.py
[2024-04-20T17:03:44.166+0000] {processor.py:830} INFO - Processing file /home/airflow/.local/lib/python3.8/site-packages/airflow/example_dags/example_time_delta_sensor_async.py for tasks to queue
[2024-04-20T17:03:44.167+0000] {logging_mixin.py:188} INFO - [2024-04-20T17:03:44.166+0000] {dagbag.py:540} INFO - Filling up the DagBag from /home/airflow/.local/lib/python3.8/site-packages/airflow/example_dags/example_time_delta_sensor_async.py
[2024-04-20T17:03:44.171+0000] {processor.py:840} INFO - DAG(s) 'example_time_delta_sensor_async' retrieved from /home/airflow/.local/lib/python3.8/site-packages/airflow/example_dags/example_time_delta_sensor_async.py
[2024-04-20T17:03:44.195+0000] {logging_mixin.py:188} INFO - [2024-04-20T17:03:44.195+0000] {dag.py:3047} INFO - Sync 1 DAGs
[2024-04-20T17:03:44.209+0000] {logging_mixin.py:188} INFO - [2024-04-20T17:03:44.209+0000] {dag.py:3834} INFO - Setting next_dagrun for example_time_delta_sensor_async to None, run_after=None
[2024-04-20T17:03:44.333+0000] {processor.py:183} INFO - Processing /home/airflow/.local/lib/python3.8/site-packages/airflow/example_dags/example_time_delta_sensor_async.py took 0.171 seconds
[2024-04-20T17:04:14.657+0000] {processor.py:161} INFO - Started process (PID=9930) to work on /home/airflow/.local/lib/python3.8/site-packages/airflow/example_dags/example_time_delta_sensor_async.py
[2024-04-20T17:04:14.658+0000] {processor.py:830} INFO - Processing file /home/airflow/.local/lib/python3.8/site-packages/airflow/example_dags/example_time_delta_sensor_async.py for tasks to queue
[2024-04-20T17:04:14.659+0000] {logging_mixin.py:188} INFO - [2024-04-20T17:04:14.659+0000] {dagbag.py:540} INFO - Filling up the DagBag from /home/airflow/.local/lib/python3.8/site-packages/airflow/example_dags/example_time_delta_sensor_async.py
[2024-04-20T17:04:14.664+0000] {processor.py:840} INFO - DAG(s) 'example_time_delta_sensor_async' retrieved from /home/airflow/.local/lib/python3.8/site-packages/airflow/example_dags/example_time_delta_sensor_async.py
[2024-04-20T17:04:14.694+0000] {logging_mixin.py:188} INFO - [2024-04-20T17:04:14.694+0000] {dag.py:3047} INFO - Sync 1 DAGs
[2024-04-20T17:04:14.708+0000] {logging_mixin.py:188} INFO - [2024-04-20T17:04:14.708+0000] {dag.py:3834} INFO - Setting next_dagrun for example_time_delta_sensor_async to None, run_after=None
[2024-04-20T17:04:14.834+0000] {processor.py:183} INFO - Processing /home/airflow/.local/lib/python3.8/site-packages/airflow/example_dags/example_time_delta_sensor_async.py took 0.180 seconds
[2024-04-20T17:04:45.120+0000] {processor.py:161} INFO - Started process (PID=10187) to work on /home/airflow/.local/lib/python3.8/site-packages/airflow/example_dags/example_time_delta_sensor_async.py
[2024-04-20T17:04:45.120+0000] {processor.py:830} INFO - Processing file /home/airflow/.local/lib/python3.8/site-packages/airflow/example_dags/example_time_delta_sensor_async.py for tasks to queue
[2024-04-20T17:04:45.121+0000] {logging_mixin.py:188} INFO - [2024-04-20T17:04:45.121+0000] {dagbag.py:540} INFO - Filling up the DagBag from /home/airflow/.local/lib/python3.8/site-packages/airflow/example_dags/example_time_delta_sensor_async.py
[2024-04-20T17:04:45.125+0000] {processor.py:840} INFO - DAG(s) 'example_time_delta_sensor_async' retrieved from /home/airflow/.local/lib/python3.8/site-packages/airflow/example_dags/example_time_delta_sensor_async.py
[2024-04-20T17:04:45.141+0000] {logging_mixin.py:188} INFO - [2024-04-20T17:04:45.141+0000] {dag.py:3047} INFO - Sync 1 DAGs
[2024-04-20T17:04:45.151+0000] {logging_mixin.py:188} INFO - [2024-04-20T17:04:45.151+0000] {dag.py:3834} INFO - Setting next_dagrun for example_time_delta_sensor_async to None, run_after=None
[2024-04-20T17:04:45.311+0000] {processor.py:183} INFO - Processing /home/airflow/.local/lib/python3.8/site-packages/airflow/example_dags/example_time_delta_sensor_async.py took 0.194 seconds
[2024-04-20T17:05:15.586+0000] {processor.py:161} INFO - Started process (PID=10444) to work on /home/airflow/.local/lib/python3.8/site-packages/airflow/example_dags/example_time_delta_sensor_async.py
[2024-04-20T17:05:15.587+0000] {processor.py:830} INFO - Processing file /home/airflow/.local/lib/python3.8/site-packages/airflow/example_dags/example_time_delta_sensor_async.py for tasks to queue
[2024-04-20T17:05:15.588+0000] {logging_mixin.py:188} INFO - [2024-04-20T17:05:15.588+0000] {dagbag.py:540} INFO - Filling up the DagBag from /home/airflow/.local/lib/python3.8/site-packages/airflow/example_dags/example_time_delta_sensor_async.py
[2024-04-20T17:05:15.592+0000] {processor.py:840} INFO - DAG(s) 'example_time_delta_sensor_async' retrieved from /home/airflow/.local/lib/python3.8/site-packages/airflow/example_dags/example_time_delta_sensor_async.py
[2024-04-20T17:05:15.609+0000] {logging_mixin.py:188} INFO - [2024-04-20T17:05:15.609+0000] {dag.py:3047} INFO - Sync 1 DAGs
[2024-04-20T17:05:15.619+0000] {logging_mixin.py:188} INFO - [2024-04-20T17:05:15.618+0000] {dag.py:3834} INFO - Setting next_dagrun for example_time_delta_sensor_async to None, run_after=None
[2024-04-20T17:05:15.778+0000] {processor.py:183} INFO - Processing /home/airflow/.local/lib/python3.8/site-packages/airflow/example_dags/example_time_delta_sensor_async.py took 0.194 seconds
[2024-04-20T17:05:46.227+0000] {processor.py:161} INFO - Started process (PID=10701) to work on /home/airflow/.local/lib/python3.8/site-packages/airflow/example_dags/example_time_delta_sensor_async.py
[2024-04-20T17:05:46.228+0000] {processor.py:830} INFO - Processing file /home/airflow/.local/lib/python3.8/site-packages/airflow/example_dags/example_time_delta_sensor_async.py for tasks to queue
[2024-04-20T17:05:46.229+0000] {logging_mixin.py:188} INFO - [2024-04-20T17:05:46.229+0000] {dagbag.py:540} INFO - Filling up the DagBag from /home/airflow/.local/lib/python3.8/site-packages/airflow/example_dags/example_time_delta_sensor_async.py
[2024-04-20T17:05:46.233+0000] {processor.py:840} INFO - DAG(s) 'example_time_delta_sensor_async' retrieved from /home/airflow/.local/lib/python3.8/site-packages/airflow/example_dags/example_time_delta_sensor_async.py
[2024-04-20T17:05:46.250+0000] {logging_mixin.py:188} INFO - [2024-04-20T17:05:46.250+0000] {dag.py:3047} INFO - Sync 1 DAGs
[2024-04-20T17:05:46.260+0000] {logging_mixin.py:188} INFO - [2024-04-20T17:05:46.260+0000] {dag.py:3834} INFO - Setting next_dagrun for example_time_delta_sensor_async to None, run_after=None
[2024-04-20T17:05:46.420+0000] {processor.py:183} INFO - Processing /home/airflow/.local/lib/python3.8/site-packages/airflow/example_dags/example_time_delta_sensor_async.py took 0.196 seconds
[2024-04-20T17:06:17.070+0000] {processor.py:161} INFO - Started process (PID=10960) to work on /home/airflow/.local/lib/python3.8/site-packages/airflow/example_dags/example_time_delta_sensor_async.py
[2024-04-20T17:06:17.071+0000] {processor.py:830} INFO - Processing file /home/airflow/.local/lib/python3.8/site-packages/airflow/example_dags/example_time_delta_sensor_async.py for tasks to queue
[2024-04-20T17:06:17.072+0000] {logging_mixin.py:188} INFO - [2024-04-20T17:06:17.072+0000] {dagbag.py:540} INFO - Filling up the DagBag from /home/airflow/.local/lib/python3.8/site-packages/airflow/example_dags/example_time_delta_sensor_async.py
[2024-04-20T17:06:17.077+0000] {processor.py:840} INFO - DAG(s) 'example_time_delta_sensor_async' retrieved from /home/airflow/.local/lib/python3.8/site-packages/airflow/example_dags/example_time_delta_sensor_async.py
[2024-04-20T17:06:17.101+0000] {logging_mixin.py:188} INFO - [2024-04-20T17:06:17.100+0000] {dag.py:3047} INFO - Sync 1 DAGs
[2024-04-20T17:06:17.115+0000] {logging_mixin.py:188} INFO - [2024-04-20T17:06:17.115+0000] {dag.py:3834} INFO - Setting next_dagrun for example_time_delta_sensor_async to None, run_after=None
[2024-04-20T17:06:17.238+0000] {processor.py:183} INFO - Processing /home/airflow/.local/lib/python3.8/site-packages/airflow/example_dags/example_time_delta_sensor_async.py took 0.171 seconds
