[2024-04-20T16:45:18.314+0000] {processor.py:161} INFO - Started process (PID=427) to work on /home/airflow/.local/lib/python3.8/site-packages/airflow/example_dags/example_setup_teardown_taskflow.py
[2024-04-20T16:45:18.314+0000] {processor.py:830} INFO - Processing file /home/airflow/.local/lib/python3.8/site-packages/airflow/example_dags/example_setup_teardown_taskflow.py for tasks to queue
[2024-04-20T16:45:18.315+0000] {logging_mixin.py:188} INFO - [2024-04-20T16:45:18.315+0000] {dagbag.py:540} INFO - Filling up the DagBag from /home/airflow/.local/lib/python3.8/site-packages/airflow/example_dags/example_setup_teardown_taskflow.py
[2024-04-20T16:45:18.322+0000] {processor.py:840} INFO - DAG(s) 'example_setup_teardown_taskflow' retrieved from /home/airflow/.local/lib/python3.8/site-packages/airflow/example_dags/example_setup_teardown_taskflow.py
[2024-04-20T16:45:18.340+0000] {logging_mixin.py:188} INFO - [2024-04-20T16:45:18.340+0000] {dag.py:3047} INFO - Sync 1 DAGs
[2024-04-20T16:45:18.357+0000] {logging_mixin.py:188} INFO - [2024-04-20T16:45:18.357+0000] {dag.py:3834} INFO - Setting next_dagrun for example_setup_teardown_taskflow to 2024-04-19 00:00:00+00:00, run_after=2024-04-20 00:00:00+00:00
[2024-04-20T16:45:19.020+0000] {processor.py:183} INFO - Processing /home/airflow/.local/lib/python3.8/site-packages/airflow/example_dags/example_setup_teardown_taskflow.py took 0.708 seconds
[2024-04-20T16:45:52.504+0000] {processor.py:161} INFO - Started process (PID=682) to work on /home/airflow/.local/lib/python3.8/site-packages/airflow/example_dags/example_setup_teardown_taskflow.py
[2024-04-20T16:45:52.632+0000] {processor.py:830} INFO - Processing file /home/airflow/.local/lib/python3.8/site-packages/airflow/example_dags/example_setup_teardown_taskflow.py for tasks to queue
[2024-04-20T16:45:52.634+0000] {logging_mixin.py:188} INFO - [2024-04-20T16:45:52.633+0000] {dagbag.py:540} INFO - Filling up the DagBag from /home/airflow/.local/lib/python3.8/site-packages/airflow/example_dags/example_setup_teardown_taskflow.py
[2024-04-20T16:45:52.647+0000] {processor.py:840} INFO - DAG(s) 'example_setup_teardown_taskflow' retrieved from /home/airflow/.local/lib/python3.8/site-packages/airflow/example_dags/example_setup_teardown_taskflow.py
[2024-04-20T16:45:52.674+0000] {logging_mixin.py:188} INFO - [2024-04-20T16:45:52.674+0000] {dag.py:3047} INFO - Sync 1 DAGs
[2024-04-20T16:45:52.731+0000] {logging_mixin.py:188} INFO - [2024-04-20T16:45:52.730+0000] {dag.py:3834} INFO - Setting next_dagrun for example_setup_teardown_taskflow to 2024-04-19 00:00:00+00:00, run_after=2024-04-20 00:00:00+00:00
[2024-04-20T16:45:53.319+0000] {processor.py:183} INFO - Processing /home/airflow/.local/lib/python3.8/site-packages/airflow/example_dags/example_setup_teardown_taskflow.py took 0.818 seconds
[2024-04-20T16:46:23.847+0000] {processor.py:161} INFO - Started process (PID=941) to work on /home/airflow/.local/lib/python3.8/site-packages/airflow/example_dags/example_setup_teardown_taskflow.py
[2024-04-20T16:46:23.848+0000] {processor.py:830} INFO - Processing file /home/airflow/.local/lib/python3.8/site-packages/airflow/example_dags/example_setup_teardown_taskflow.py for tasks to queue
[2024-04-20T16:46:23.849+0000] {logging_mixin.py:188} INFO - [2024-04-20T16:46:23.849+0000] {dagbag.py:540} INFO - Filling up the DagBag from /home/airflow/.local/lib/python3.8/site-packages/airflow/example_dags/example_setup_teardown_taskflow.py
[2024-04-20T16:46:23.861+0000] {processor.py:840} INFO - DAG(s) 'example_setup_teardown_taskflow' retrieved from /home/airflow/.local/lib/python3.8/site-packages/airflow/example_dags/example_setup_teardown_taskflow.py
[2024-04-20T16:46:23.889+0000] {logging_mixin.py:188} INFO - [2024-04-20T16:46:23.888+0000] {dag.py:3047} INFO - Sync 1 DAGs
[2024-04-20T16:46:23.913+0000] {logging_mixin.py:188} INFO - [2024-04-20T16:46:23.913+0000] {dag.py:3834} INFO - Setting next_dagrun for example_setup_teardown_taskflow to 2024-04-19 00:00:00+00:00, run_after=2024-04-20 00:00:00+00:00
[2024-04-20T16:46:24.240+0000] {processor.py:183} INFO - Processing /home/airflow/.local/lib/python3.8/site-packages/airflow/example_dags/example_setup_teardown_taskflow.py took 0.396 seconds
[2024-04-20T16:46:54.573+0000] {processor.py:161} INFO - Started process (PID=1198) to work on /home/airflow/.local/lib/python3.8/site-packages/airflow/example_dags/example_setup_teardown_taskflow.py
[2024-04-20T16:46:54.574+0000] {processor.py:830} INFO - Processing file /home/airflow/.local/lib/python3.8/site-packages/airflow/example_dags/example_setup_teardown_taskflow.py for tasks to queue
[2024-04-20T16:46:54.574+0000] {logging_mixin.py:188} INFO - [2024-04-20T16:46:54.574+0000] {dagbag.py:540} INFO - Filling up the DagBag from /home/airflow/.local/lib/python3.8/site-packages/airflow/example_dags/example_setup_teardown_taskflow.py
[2024-04-20T16:46:54.582+0000] {processor.py:840} INFO - DAG(s) 'example_setup_teardown_taskflow' retrieved from /home/airflow/.local/lib/python3.8/site-packages/airflow/example_dags/example_setup_teardown_taskflow.py
[2024-04-20T16:46:54.601+0000] {logging_mixin.py:188} INFO - [2024-04-20T16:46:54.601+0000] {dag.py:3047} INFO - Sync 1 DAGs
[2024-04-20T16:46:54.618+0000] {logging_mixin.py:188} INFO - [2024-04-20T16:46:54.617+0000] {dag.py:3834} INFO - Setting next_dagrun for example_setup_teardown_taskflow to 2024-04-19 00:00:00+00:00, run_after=2024-04-20 00:00:00+00:00
[2024-04-20T16:46:55.277+0000] {processor.py:183} INFO - Processing /home/airflow/.local/lib/python3.8/site-packages/airflow/example_dags/example_setup_teardown_taskflow.py took 0.707 seconds
[2024-04-20T16:47:26.580+0000] {processor.py:161} INFO - Started process (PID=1455) to work on /home/airflow/.local/lib/python3.8/site-packages/airflow/example_dags/example_setup_teardown_taskflow.py
[2024-04-20T16:47:26.581+0000] {processor.py:830} INFO - Processing file /home/airflow/.local/lib/python3.8/site-packages/airflow/example_dags/example_setup_teardown_taskflow.py for tasks to queue
[2024-04-20T16:47:26.581+0000] {logging_mixin.py:188} INFO - [2024-04-20T16:47:26.581+0000] {dagbag.py:540} INFO - Filling up the DagBag from /home/airflow/.local/lib/python3.8/site-packages/airflow/example_dags/example_setup_teardown_taskflow.py
[2024-04-20T16:47:26.590+0000] {processor.py:840} INFO - DAG(s) 'example_setup_teardown_taskflow' retrieved from /home/airflow/.local/lib/python3.8/site-packages/airflow/example_dags/example_setup_teardown_taskflow.py
[2024-04-20T16:47:26.608+0000] {logging_mixin.py:188} INFO - [2024-04-20T16:47:26.607+0000] {dag.py:3047} INFO - Sync 1 DAGs
[2024-04-20T16:47:26.624+0000] {logging_mixin.py:188} INFO - [2024-04-20T16:47:26.624+0000] {dag.py:3834} INFO - Setting next_dagrun for example_setup_teardown_taskflow to 2024-04-19 00:00:00+00:00, run_after=2024-04-20 00:00:00+00:00
[2024-04-20T16:47:26.963+0000] {processor.py:183} INFO - Processing /home/airflow/.local/lib/python3.8/site-packages/airflow/example_dags/example_setup_teardown_taskflow.py took 0.386 seconds
[2024-04-20T16:47:57.301+0000] {processor.py:161} INFO - Started process (PID=1712) to work on /home/airflow/.local/lib/python3.8/site-packages/airflow/example_dags/example_setup_teardown_taskflow.py
[2024-04-20T16:47:57.302+0000] {processor.py:830} INFO - Processing file /home/airflow/.local/lib/python3.8/site-packages/airflow/example_dags/example_setup_teardown_taskflow.py for tasks to queue
[2024-04-20T16:47:57.303+0000] {logging_mixin.py:188} INFO - [2024-04-20T16:47:57.303+0000] {dagbag.py:540} INFO - Filling up the DagBag from /home/airflow/.local/lib/python3.8/site-packages/airflow/example_dags/example_setup_teardown_taskflow.py
[2024-04-20T16:47:57.311+0000] {processor.py:840} INFO - DAG(s) 'example_setup_teardown_taskflow' retrieved from /home/airflow/.local/lib/python3.8/site-packages/airflow/example_dags/example_setup_teardown_taskflow.py
[2024-04-20T16:47:57.328+0000] {logging_mixin.py:188} INFO - [2024-04-20T16:47:57.328+0000] {dag.py:3047} INFO - Sync 1 DAGs
[2024-04-20T16:47:57.344+0000] {logging_mixin.py:188} INFO - [2024-04-20T16:47:57.344+0000] {dag.py:3834} INFO - Setting next_dagrun for example_setup_teardown_taskflow to 2024-04-19 00:00:00+00:00, run_after=2024-04-20 00:00:00+00:00
[2024-04-20T16:47:57.468+0000] {processor.py:183} INFO - Processing /home/airflow/.local/lib/python3.8/site-packages/airflow/example_dags/example_setup_teardown_taskflow.py took 0.169 seconds
[2024-04-20T16:48:27.878+0000] {processor.py:161} INFO - Started process (PID=1969) to work on /home/airflow/.local/lib/python3.8/site-packages/airflow/example_dags/example_setup_teardown_taskflow.py
[2024-04-20T16:48:27.878+0000] {processor.py:830} INFO - Processing file /home/airflow/.local/lib/python3.8/site-packages/airflow/example_dags/example_setup_teardown_taskflow.py for tasks to queue
[2024-04-20T16:48:27.879+0000] {logging_mixin.py:188} INFO - [2024-04-20T16:48:27.879+0000] {dagbag.py:540} INFO - Filling up the DagBag from /home/airflow/.local/lib/python3.8/site-packages/airflow/example_dags/example_setup_teardown_taskflow.py
[2024-04-20T16:48:27.887+0000] {processor.py:840} INFO - DAG(s) 'example_setup_teardown_taskflow' retrieved from /home/airflow/.local/lib/python3.8/site-packages/airflow/example_dags/example_setup_teardown_taskflow.py
[2024-04-20T16:48:27.904+0000] {logging_mixin.py:188} INFO - [2024-04-20T16:48:27.904+0000] {dag.py:3047} INFO - Sync 1 DAGs
[2024-04-20T16:48:27.921+0000] {logging_mixin.py:188} INFO - [2024-04-20T16:48:27.921+0000] {dag.py:3834} INFO - Setting next_dagrun for example_setup_teardown_taskflow to 2024-04-19 00:00:00+00:00, run_after=2024-04-20 00:00:00+00:00
[2024-04-20T16:48:28.283+0000] {processor.py:183} INFO - Processing /home/airflow/.local/lib/python3.8/site-packages/airflow/example_dags/example_setup_teardown_taskflow.py took 0.408 seconds
[2024-04-20T16:48:58.979+0000] {processor.py:161} INFO - Started process (PID=2226) to work on /home/airflow/.local/lib/python3.8/site-packages/airflow/example_dags/example_setup_teardown_taskflow.py
[2024-04-20T16:48:58.980+0000] {processor.py:830} INFO - Processing file /home/airflow/.local/lib/python3.8/site-packages/airflow/example_dags/example_setup_teardown_taskflow.py for tasks to queue
[2024-04-20T16:48:58.981+0000] {logging_mixin.py:188} INFO - [2024-04-20T16:48:58.980+0000] {dagbag.py:540} INFO - Filling up the DagBag from /home/airflow/.local/lib/python3.8/site-packages/airflow/example_dags/example_setup_teardown_taskflow.py
[2024-04-20T16:48:58.992+0000] {processor.py:840} INFO - DAG(s) 'example_setup_teardown_taskflow' retrieved from /home/airflow/.local/lib/python3.8/site-packages/airflow/example_dags/example_setup_teardown_taskflow.py
[2024-04-20T16:48:59.018+0000] {logging_mixin.py:188} INFO - [2024-04-20T16:48:59.017+0000] {dag.py:3047} INFO - Sync 1 DAGs
[2024-04-20T16:48:59.043+0000] {logging_mixin.py:188} INFO - [2024-04-20T16:48:59.043+0000] {dag.py:3834} INFO - Setting next_dagrun for example_setup_teardown_taskflow to 2024-04-19 00:00:00+00:00, run_after=2024-04-20 00:00:00+00:00
[2024-04-20T16:48:59.234+0000] {processor.py:183} INFO - Processing /home/airflow/.local/lib/python3.8/site-packages/airflow/example_dags/example_setup_teardown_taskflow.py took 0.258 seconds
[2024-04-20T16:49:29.356+0000] {processor.py:161} INFO - Started process (PID=2483) to work on /home/airflow/.local/lib/python3.8/site-packages/airflow/example_dags/example_setup_teardown_taskflow.py
[2024-04-20T16:49:29.357+0000] {processor.py:830} INFO - Processing file /home/airflow/.local/lib/python3.8/site-packages/airflow/example_dags/example_setup_teardown_taskflow.py for tasks to queue
[2024-04-20T16:49:29.357+0000] {logging_mixin.py:188} INFO - [2024-04-20T16:49:29.357+0000] {dagbag.py:540} INFO - Filling up the DagBag from /home/airflow/.local/lib/python3.8/site-packages/airflow/example_dags/example_setup_teardown_taskflow.py
[2024-04-20T16:49:29.365+0000] {processor.py:840} INFO - DAG(s) 'example_setup_teardown_taskflow' retrieved from /home/airflow/.local/lib/python3.8/site-packages/airflow/example_dags/example_setup_teardown_taskflow.py
[2024-04-20T16:49:29.383+0000] {logging_mixin.py:188} INFO - [2024-04-20T16:49:29.383+0000] {dag.py:3047} INFO - Sync 1 DAGs
[2024-04-20T16:49:29.400+0000] {logging_mixin.py:188} INFO - [2024-04-20T16:49:29.400+0000] {dag.py:3834} INFO - Setting next_dagrun for example_setup_teardown_taskflow to 2024-04-19 00:00:00+00:00, run_after=2024-04-20 00:00:00+00:00
[2024-04-20T16:49:29.697+0000] {processor.py:183} INFO - Processing /home/airflow/.local/lib/python3.8/site-packages/airflow/example_dags/example_setup_teardown_taskflow.py took 0.345 seconds
[2024-04-20T16:50:00.509+0000] {processor.py:161} INFO - Started process (PID=2739) to work on /home/airflow/.local/lib/python3.8/site-packages/airflow/example_dags/example_setup_teardown_taskflow.py
[2024-04-20T16:50:00.509+0000] {processor.py:830} INFO - Processing file /home/airflow/.local/lib/python3.8/site-packages/airflow/example_dags/example_setup_teardown_taskflow.py for tasks to queue
[2024-04-20T16:50:00.510+0000] {logging_mixin.py:188} INFO - [2024-04-20T16:50:00.510+0000] {dagbag.py:540} INFO - Filling up the DagBag from /home/airflow/.local/lib/python3.8/site-packages/airflow/example_dags/example_setup_teardown_taskflow.py
[2024-04-20T16:50:00.518+0000] {processor.py:840} INFO - DAG(s) 'example_setup_teardown_taskflow' retrieved from /home/airflow/.local/lib/python3.8/site-packages/airflow/example_dags/example_setup_teardown_taskflow.py
[2024-04-20T16:50:00.536+0000] {logging_mixin.py:188} INFO - [2024-04-20T16:50:00.535+0000] {dag.py:3047} INFO - Sync 1 DAGs
[2024-04-20T16:50:00.553+0000] {logging_mixin.py:188} INFO - [2024-04-20T16:50:00.553+0000] {dag.py:3834} INFO - Setting next_dagrun for example_setup_teardown_taskflow to 2024-04-19 00:00:00+00:00, run_after=2024-04-20 00:00:00+00:00
[2024-04-20T16:50:00.908+0000] {processor.py:183} INFO - Processing /home/airflow/.local/lib/python3.8/site-packages/airflow/example_dags/example_setup_teardown_taskflow.py took 0.402 seconds
[2024-04-20T16:50:31.621+0000] {processor.py:161} INFO - Started process (PID=2996) to work on /home/airflow/.local/lib/python3.8/site-packages/airflow/example_dags/example_setup_teardown_taskflow.py
[2024-04-20T16:50:31.622+0000] {processor.py:830} INFO - Processing file /home/airflow/.local/lib/python3.8/site-packages/airflow/example_dags/example_setup_teardown_taskflow.py for tasks to queue
[2024-04-20T16:50:31.623+0000] {logging_mixin.py:188} INFO - [2024-04-20T16:50:31.623+0000] {dagbag.py:540} INFO - Filling up the DagBag from /home/airflow/.local/lib/python3.8/site-packages/airflow/example_dags/example_setup_teardown_taskflow.py
[2024-04-20T16:50:31.635+0000] {processor.py:840} INFO - DAG(s) 'example_setup_teardown_taskflow' retrieved from /home/airflow/.local/lib/python3.8/site-packages/airflow/example_dags/example_setup_teardown_taskflow.py
[2024-04-20T16:50:31.659+0000] {logging_mixin.py:188} INFO - [2024-04-20T16:50:31.659+0000] {dag.py:3047} INFO - Sync 1 DAGs
[2024-04-20T16:50:31.684+0000] {logging_mixin.py:188} INFO - [2024-04-20T16:50:31.684+0000] {dag.py:3834} INFO - Setting next_dagrun for example_setup_teardown_taskflow to 2024-04-19 00:00:00+00:00, run_after=2024-04-20 00:00:00+00:00
[2024-04-20T16:50:31.860+0000] {processor.py:183} INFO - Processing /home/airflow/.local/lib/python3.8/site-packages/airflow/example_dags/example_setup_teardown_taskflow.py took 0.242 seconds
[2024-04-20T16:51:02.230+0000] {processor.py:161} INFO - Started process (PID=3254) to work on /home/airflow/.local/lib/python3.8/site-packages/airflow/example_dags/example_setup_teardown_taskflow.py
[2024-04-20T16:51:02.231+0000] {processor.py:830} INFO - Processing file /home/airflow/.local/lib/python3.8/site-packages/airflow/example_dags/example_setup_teardown_taskflow.py for tasks to queue
[2024-04-20T16:51:02.232+0000] {logging_mixin.py:188} INFO - [2024-04-20T16:51:02.232+0000] {dagbag.py:540} INFO - Filling up the DagBag from /home/airflow/.local/lib/python3.8/site-packages/airflow/example_dags/example_setup_teardown_taskflow.py
[2024-04-20T16:51:02.244+0000] {processor.py:840} INFO - DAG(s) 'example_setup_teardown_taskflow' retrieved from /home/airflow/.local/lib/python3.8/site-packages/airflow/example_dags/example_setup_teardown_taskflow.py
[2024-04-20T16:51:02.267+0000] {logging_mixin.py:188} INFO - [2024-04-20T16:51:02.267+0000] {dag.py:3047} INFO - Sync 1 DAGs
[2024-04-20T16:51:02.292+0000] {logging_mixin.py:188} INFO - [2024-04-20T16:51:02.292+0000] {dag.py:3834} INFO - Setting next_dagrun for example_setup_teardown_taskflow to 2024-04-19 00:00:00+00:00, run_after=2024-04-20 00:00:00+00:00
[2024-04-20T16:51:02.420+0000] {processor.py:183} INFO - Processing /home/airflow/.local/lib/python3.8/site-packages/airflow/example_dags/example_setup_teardown_taskflow.py took 0.193 seconds
[2024-04-20T16:51:32.762+0000] {processor.py:161} INFO - Started process (PID=3511) to work on /home/airflow/.local/lib/python3.8/site-packages/airflow/example_dags/example_setup_teardown_taskflow.py
[2024-04-20T16:51:32.763+0000] {processor.py:830} INFO - Processing file /home/airflow/.local/lib/python3.8/site-packages/airflow/example_dags/example_setup_teardown_taskflow.py for tasks to queue
[2024-04-20T16:51:32.764+0000] {logging_mixin.py:188} INFO - [2024-04-20T16:51:32.764+0000] {dagbag.py:540} INFO - Filling up the DagBag from /home/airflow/.local/lib/python3.8/site-packages/airflow/example_dags/example_setup_teardown_taskflow.py
[2024-04-20T16:51:32.775+0000] {processor.py:840} INFO - DAG(s) 'example_setup_teardown_taskflow' retrieved from /home/airflow/.local/lib/python3.8/site-packages/airflow/example_dags/example_setup_teardown_taskflow.py
[2024-04-20T16:51:32.802+0000] {logging_mixin.py:188} INFO - [2024-04-20T16:51:32.802+0000] {dag.py:3047} INFO - Sync 1 DAGs
[2024-04-20T16:51:32.827+0000] {logging_mixin.py:188} INFO - [2024-04-20T16:51:32.827+0000] {dag.py:3834} INFO - Setting next_dagrun for example_setup_teardown_taskflow to 2024-04-19 00:00:00+00:00, run_after=2024-04-20 00:00:00+00:00
[2024-04-20T16:51:32.979+0000] {processor.py:183} INFO - Processing /home/airflow/.local/lib/python3.8/site-packages/airflow/example_dags/example_setup_teardown_taskflow.py took 0.221 seconds
[2024-04-20T16:52:03.688+0000] {processor.py:161} INFO - Started process (PID=3768) to work on /home/airflow/.local/lib/python3.8/site-packages/airflow/example_dags/example_setup_teardown_taskflow.py
[2024-04-20T16:52:03.690+0000] {processor.py:830} INFO - Processing file /home/airflow/.local/lib/python3.8/site-packages/airflow/example_dags/example_setup_teardown_taskflow.py for tasks to queue
[2024-04-20T16:52:03.691+0000] {logging_mixin.py:188} INFO - [2024-04-20T16:52:03.690+0000] {dagbag.py:540} INFO - Filling up the DagBag from /home/airflow/.local/lib/python3.8/site-packages/airflow/example_dags/example_setup_teardown_taskflow.py
[2024-04-20T16:52:03.702+0000] {processor.py:840} INFO - DAG(s) 'example_setup_teardown_taskflow' retrieved from /home/airflow/.local/lib/python3.8/site-packages/airflow/example_dags/example_setup_teardown_taskflow.py
[2024-04-20T16:52:03.727+0000] {logging_mixin.py:188} INFO - [2024-04-20T16:52:03.726+0000] {dag.py:3047} INFO - Sync 1 DAGs
[2024-04-20T16:52:03.753+0000] {logging_mixin.py:188} INFO - [2024-04-20T16:52:03.752+0000] {dag.py:3834} INFO - Setting next_dagrun for example_setup_teardown_taskflow to 2024-04-19 00:00:00+00:00, run_after=2024-04-20 00:00:00+00:00
[2024-04-20T16:52:03.877+0000] {processor.py:183} INFO - Processing /home/airflow/.local/lib/python3.8/site-packages/airflow/example_dags/example_setup_teardown_taskflow.py took 0.192 seconds
[2024-04-20T16:52:34.150+0000] {processor.py:161} INFO - Started process (PID=4025) to work on /home/airflow/.local/lib/python3.8/site-packages/airflow/example_dags/example_setup_teardown_taskflow.py
[2024-04-20T16:52:34.152+0000] {processor.py:830} INFO - Processing file /home/airflow/.local/lib/python3.8/site-packages/airflow/example_dags/example_setup_teardown_taskflow.py for tasks to queue
[2024-04-20T16:52:34.153+0000] {logging_mixin.py:188} INFO - [2024-04-20T16:52:34.152+0000] {dagbag.py:540} INFO - Filling up the DagBag from /home/airflow/.local/lib/python3.8/site-packages/airflow/example_dags/example_setup_teardown_taskflow.py
[2024-04-20T16:52:34.164+0000] {processor.py:840} INFO - DAG(s) 'example_setup_teardown_taskflow' retrieved from /home/airflow/.local/lib/python3.8/site-packages/airflow/example_dags/example_setup_teardown_taskflow.py
[2024-04-20T16:52:34.190+0000] {logging_mixin.py:188} INFO - [2024-04-20T16:52:34.189+0000] {dag.py:3047} INFO - Sync 1 DAGs
[2024-04-20T16:52:34.215+0000] {logging_mixin.py:188} INFO - [2024-04-20T16:52:34.215+0000] {dag.py:3834} INFO - Setting next_dagrun for example_setup_teardown_taskflow to 2024-04-19 00:00:00+00:00, run_after=2024-04-20 00:00:00+00:00
[2024-04-20T16:52:34.423+0000] {processor.py:183} INFO - Processing /home/airflow/.local/lib/python3.8/site-packages/airflow/example_dags/example_setup_teardown_taskflow.py took 0.277 seconds
[2024-04-20T16:53:04.644+0000] {processor.py:161} INFO - Started process (PID=4282) to work on /home/airflow/.local/lib/python3.8/site-packages/airflow/example_dags/example_setup_teardown_taskflow.py
[2024-04-20T16:53:04.645+0000] {processor.py:830} INFO - Processing file /home/airflow/.local/lib/python3.8/site-packages/airflow/example_dags/example_setup_teardown_taskflow.py for tasks to queue
[2024-04-20T16:53:04.646+0000] {logging_mixin.py:188} INFO - [2024-04-20T16:53:04.646+0000] {dagbag.py:540} INFO - Filling up the DagBag from /home/airflow/.local/lib/python3.8/site-packages/airflow/example_dags/example_setup_teardown_taskflow.py
[2024-04-20T16:53:04.658+0000] {processor.py:840} INFO - DAG(s) 'example_setup_teardown_taskflow' retrieved from /home/airflow/.local/lib/python3.8/site-packages/airflow/example_dags/example_setup_teardown_taskflow.py
[2024-04-20T16:53:04.681+0000] {logging_mixin.py:188} INFO - [2024-04-20T16:53:04.681+0000] {dag.py:3047} INFO - Sync 1 DAGs
[2024-04-20T16:53:04.705+0000] {logging_mixin.py:188} INFO - [2024-04-20T16:53:04.705+0000] {dag.py:3834} INFO - Setting next_dagrun for example_setup_teardown_taskflow to 2024-04-19 00:00:00+00:00, run_after=2024-04-20 00:00:00+00:00
[2024-04-20T16:53:04.879+0000] {processor.py:183} INFO - Processing /home/airflow/.local/lib/python3.8/site-packages/airflow/example_dags/example_setup_teardown_taskflow.py took 0.238 seconds
[2024-04-20T16:53:35.486+0000] {processor.py:161} INFO - Started process (PID=4540) to work on /home/airflow/.local/lib/python3.8/site-packages/airflow/example_dags/example_setup_teardown_taskflow.py
[2024-04-20T16:53:35.487+0000] {processor.py:830} INFO - Processing file /home/airflow/.local/lib/python3.8/site-packages/airflow/example_dags/example_setup_teardown_taskflow.py for tasks to queue
[2024-04-20T16:53:35.488+0000] {logging_mixin.py:188} INFO - [2024-04-20T16:53:35.488+0000] {dagbag.py:540} INFO - Filling up the DagBag from /home/airflow/.local/lib/python3.8/site-packages/airflow/example_dags/example_setup_teardown_taskflow.py
[2024-04-20T16:53:35.501+0000] {processor.py:840} INFO - DAG(s) 'example_setup_teardown_taskflow' retrieved from /home/airflow/.local/lib/python3.8/site-packages/airflow/example_dags/example_setup_teardown_taskflow.py
[2024-04-20T16:53:35.524+0000] {logging_mixin.py:188} INFO - [2024-04-20T16:53:35.524+0000] {dag.py:3047} INFO - Sync 1 DAGs
[2024-04-20T16:53:35.553+0000] {logging_mixin.py:188} INFO - [2024-04-20T16:53:35.553+0000] {dag.py:3834} INFO - Setting next_dagrun for example_setup_teardown_taskflow to 2024-04-19 00:00:00+00:00, run_after=2024-04-20 00:00:00+00:00
[2024-04-20T16:53:35.769+0000] {processor.py:183} INFO - Processing /home/airflow/.local/lib/python3.8/site-packages/airflow/example_dags/example_setup_teardown_taskflow.py took 0.286 seconds
[2024-04-20T16:54:05.941+0000] {processor.py:161} INFO - Started process (PID=4797) to work on /home/airflow/.local/lib/python3.8/site-packages/airflow/example_dags/example_setup_teardown_taskflow.py
[2024-04-20T16:54:05.942+0000] {processor.py:830} INFO - Processing file /home/airflow/.local/lib/python3.8/site-packages/airflow/example_dags/example_setup_teardown_taskflow.py for tasks to queue
[2024-04-20T16:54:05.943+0000] {logging_mixin.py:188} INFO - [2024-04-20T16:54:05.943+0000] {dagbag.py:540} INFO - Filling up the DagBag from /home/airflow/.local/lib/python3.8/site-packages/airflow/example_dags/example_setup_teardown_taskflow.py
[2024-04-20T16:54:05.954+0000] {processor.py:840} INFO - DAG(s) 'example_setup_teardown_taskflow' retrieved from /home/airflow/.local/lib/python3.8/site-packages/airflow/example_dags/example_setup_teardown_taskflow.py
[2024-04-20T16:54:05.977+0000] {logging_mixin.py:188} INFO - [2024-04-20T16:54:05.977+0000] {dag.py:3047} INFO - Sync 1 DAGs
[2024-04-20T16:54:06.001+0000] {logging_mixin.py:188} INFO - [2024-04-20T16:54:06.001+0000] {dag.py:3834} INFO - Setting next_dagrun for example_setup_teardown_taskflow to 2024-04-19 00:00:00+00:00, run_after=2024-04-20 00:00:00+00:00
[2024-04-20T16:54:06.175+0000] {processor.py:183} INFO - Processing /home/airflow/.local/lib/python3.8/site-packages/airflow/example_dags/example_setup_teardown_taskflow.py took 0.237 seconds
[2024-04-20T16:54:36.664+0000] {processor.py:161} INFO - Started process (PID=5053) to work on /home/airflow/.local/lib/python3.8/site-packages/airflow/example_dags/example_setup_teardown_taskflow.py
[2024-04-20T16:54:36.665+0000] {processor.py:830} INFO - Processing file /home/airflow/.local/lib/python3.8/site-packages/airflow/example_dags/example_setup_teardown_taskflow.py for tasks to queue
[2024-04-20T16:54:36.665+0000] {logging_mixin.py:188} INFO - [2024-04-20T16:54:36.665+0000] {dagbag.py:540} INFO - Filling up the DagBag from /home/airflow/.local/lib/python3.8/site-packages/airflow/example_dags/example_setup_teardown_taskflow.py
[2024-04-20T16:54:36.676+0000] {processor.py:840} INFO - DAG(s) 'example_setup_teardown_taskflow' retrieved from /home/airflow/.local/lib/python3.8/site-packages/airflow/example_dags/example_setup_teardown_taskflow.py
[2024-04-20T16:54:36.700+0000] {logging_mixin.py:188} INFO - [2024-04-20T16:54:36.700+0000] {dag.py:3047} INFO - Sync 1 DAGs
[2024-04-20T16:54:36.728+0000] {logging_mixin.py:188} INFO - [2024-04-20T16:54:36.727+0000] {dag.py:3834} INFO - Setting next_dagrun for example_setup_teardown_taskflow to 2024-04-19 00:00:00+00:00, run_after=2024-04-20 00:00:00+00:00
[2024-04-20T16:54:36.852+0000] {processor.py:183} INFO - Processing /home/airflow/.local/lib/python3.8/site-packages/airflow/example_dags/example_setup_teardown_taskflow.py took 0.192 seconds
[2024-04-20T16:55:07.235+0000] {processor.py:161} INFO - Started process (PID=5311) to work on /home/airflow/.local/lib/python3.8/site-packages/airflow/example_dags/example_setup_teardown_taskflow.py
[2024-04-20T16:55:07.236+0000] {processor.py:830} INFO - Processing file /home/airflow/.local/lib/python3.8/site-packages/airflow/example_dags/example_setup_teardown_taskflow.py for tasks to queue
[2024-04-20T16:55:07.237+0000] {logging_mixin.py:188} INFO - [2024-04-20T16:55:07.237+0000] {dagbag.py:540} INFO - Filling up the DagBag from /home/airflow/.local/lib/python3.8/site-packages/airflow/example_dags/example_setup_teardown_taskflow.py
[2024-04-20T16:55:07.249+0000] {processor.py:840} INFO - DAG(s) 'example_setup_teardown_taskflow' retrieved from /home/airflow/.local/lib/python3.8/site-packages/airflow/example_dags/example_setup_teardown_taskflow.py
[2024-04-20T16:55:07.272+0000] {logging_mixin.py:188} INFO - [2024-04-20T16:55:07.271+0000] {dag.py:3047} INFO - Sync 1 DAGs
[2024-04-20T16:55:07.297+0000] {logging_mixin.py:188} INFO - [2024-04-20T16:55:07.296+0000] {dag.py:3834} INFO - Setting next_dagrun for example_setup_teardown_taskflow to 2024-04-19 00:00:00+00:00, run_after=2024-04-20 00:00:00+00:00
[2024-04-20T16:55:07.476+0000] {processor.py:183} INFO - Processing /home/airflow/.local/lib/python3.8/site-packages/airflow/example_dags/example_setup_teardown_taskflow.py took 0.244 seconds
[2024-04-20T16:55:37.605+0000] {processor.py:161} INFO - Started process (PID=5568) to work on /home/airflow/.local/lib/python3.8/site-packages/airflow/example_dags/example_setup_teardown_taskflow.py
[2024-04-20T16:55:37.606+0000] {processor.py:830} INFO - Processing file /home/airflow/.local/lib/python3.8/site-packages/airflow/example_dags/example_setup_teardown_taskflow.py for tasks to queue
[2024-04-20T16:55:37.608+0000] {logging_mixin.py:188} INFO - [2024-04-20T16:55:37.607+0000] {dagbag.py:540} INFO - Filling up the DagBag from /home/airflow/.local/lib/python3.8/site-packages/airflow/example_dags/example_setup_teardown_taskflow.py
[2024-04-20T16:55:37.618+0000] {processor.py:840} INFO - DAG(s) 'example_setup_teardown_taskflow' retrieved from /home/airflow/.local/lib/python3.8/site-packages/airflow/example_dags/example_setup_teardown_taskflow.py
[2024-04-20T16:55:37.641+0000] {logging_mixin.py:188} INFO - [2024-04-20T16:55:37.641+0000] {dag.py:3047} INFO - Sync 1 DAGs
[2024-04-20T16:55:37.666+0000] {logging_mixin.py:188} INFO - [2024-04-20T16:55:37.666+0000] {dag.py:3834} INFO - Setting next_dagrun for example_setup_teardown_taskflow to 2024-04-19 00:00:00+00:00, run_after=2024-04-20 00:00:00+00:00
[2024-04-20T16:55:37.790+0000] {processor.py:183} INFO - Processing /home/airflow/.local/lib/python3.8/site-packages/airflow/example_dags/example_setup_teardown_taskflow.py took 0.188 seconds
[2024-04-20T16:56:07.895+0000] {processor.py:161} INFO - Started process (PID=5823) to work on /home/airflow/.local/lib/python3.8/site-packages/airflow/example_dags/example_setup_teardown_taskflow.py
[2024-04-20T16:56:07.896+0000] {processor.py:830} INFO - Processing file /home/airflow/.local/lib/python3.8/site-packages/airflow/example_dags/example_setup_teardown_taskflow.py for tasks to queue
[2024-04-20T16:56:07.896+0000] {logging_mixin.py:188} INFO - [2024-04-20T16:56:07.896+0000] {dagbag.py:540} INFO - Filling up the DagBag from /home/airflow/.local/lib/python3.8/site-packages/airflow/example_dags/example_setup_teardown_taskflow.py
[2024-04-20T16:56:07.908+0000] {processor.py:840} INFO - DAG(s) 'example_setup_teardown_taskflow' retrieved from /home/airflow/.local/lib/python3.8/site-packages/airflow/example_dags/example_setup_teardown_taskflow.py
[2024-04-20T16:56:07.932+0000] {logging_mixin.py:188} INFO - [2024-04-20T16:56:07.932+0000] {dag.py:3047} INFO - Sync 1 DAGs
[2024-04-20T16:56:07.959+0000] {logging_mixin.py:188} INFO - [2024-04-20T16:56:07.958+0000] {dag.py:3834} INFO - Setting next_dagrun for example_setup_teardown_taskflow to 2024-04-19 00:00:00+00:00, run_after=2024-04-20 00:00:00+00:00
[2024-04-20T16:56:08.133+0000] {processor.py:183} INFO - Processing /home/airflow/.local/lib/python3.8/site-packages/airflow/example_dags/example_setup_teardown_taskflow.py took 0.242 seconds
[2024-04-20T16:56:38.252+0000] {processor.py:161} INFO - Started process (PID=6080) to work on /home/airflow/.local/lib/python3.8/site-packages/airflow/example_dags/example_setup_teardown_taskflow.py
[2024-04-20T16:56:38.253+0000] {processor.py:830} INFO - Processing file /home/airflow/.local/lib/python3.8/site-packages/airflow/example_dags/example_setup_teardown_taskflow.py for tasks to queue
[2024-04-20T16:56:38.254+0000] {logging_mixin.py:188} INFO - [2024-04-20T16:56:38.254+0000] {dagbag.py:540} INFO - Filling up the DagBag from /home/airflow/.local/lib/python3.8/site-packages/airflow/example_dags/example_setup_teardown_taskflow.py
[2024-04-20T16:56:38.266+0000] {processor.py:840} INFO - DAG(s) 'example_setup_teardown_taskflow' retrieved from /home/airflow/.local/lib/python3.8/site-packages/airflow/example_dags/example_setup_teardown_taskflow.py
[2024-04-20T16:56:38.290+0000] {logging_mixin.py:188} INFO - [2024-04-20T16:56:38.290+0000] {dag.py:3047} INFO - Sync 1 DAGs
[2024-04-20T16:56:38.316+0000] {logging_mixin.py:188} INFO - [2024-04-20T16:56:38.316+0000] {dag.py:3834} INFO - Setting next_dagrun for example_setup_teardown_taskflow to 2024-04-19 00:00:00+00:00, run_after=2024-04-20 00:00:00+00:00
[2024-04-20T16:56:38.442+0000] {processor.py:183} INFO - Processing /home/airflow/.local/lib/python3.8/site-packages/airflow/example_dags/example_setup_teardown_taskflow.py took 0.193 seconds
[2024-04-20T16:57:08.636+0000] {processor.py:161} INFO - Started process (PID=6337) to work on /home/airflow/.local/lib/python3.8/site-packages/airflow/example_dags/example_setup_teardown_taskflow.py
[2024-04-20T16:57:08.637+0000] {processor.py:830} INFO - Processing file /home/airflow/.local/lib/python3.8/site-packages/airflow/example_dags/example_setup_teardown_taskflow.py for tasks to queue
[2024-04-20T16:57:08.639+0000] {logging_mixin.py:188} INFO - [2024-04-20T16:57:08.638+0000] {dagbag.py:540} INFO - Filling up the DagBag from /home/airflow/.local/lib/python3.8/site-packages/airflow/example_dags/example_setup_teardown_taskflow.py
[2024-04-20T16:57:08.650+0000] {processor.py:840} INFO - DAG(s) 'example_setup_teardown_taskflow' retrieved from /home/airflow/.local/lib/python3.8/site-packages/airflow/example_dags/example_setup_teardown_taskflow.py
[2024-04-20T16:57:08.675+0000] {logging_mixin.py:188} INFO - [2024-04-20T16:57:08.675+0000] {dag.py:3047} INFO - Sync 1 DAGs
[2024-04-20T16:57:08.700+0000] {logging_mixin.py:188} INFO - [2024-04-20T16:57:08.700+0000] {dag.py:3834} INFO - Setting next_dagrun for example_setup_teardown_taskflow to 2024-04-19 00:00:00+00:00, run_after=2024-04-20 00:00:00+00:00
[2024-04-20T16:57:08.926+0000] {processor.py:183} INFO - Processing /home/airflow/.local/lib/python3.8/site-packages/airflow/example_dags/example_setup_teardown_taskflow.py took 0.293 seconds
[2024-04-20T16:57:39.081+0000] {processor.py:161} INFO - Started process (PID=6610) to work on /home/airflow/.local/lib/python3.8/site-packages/airflow/example_dags/example_setup_teardown_taskflow.py
[2024-04-20T16:57:39.082+0000] {processor.py:830} INFO - Processing file /home/airflow/.local/lib/python3.8/site-packages/airflow/example_dags/example_setup_teardown_taskflow.py for tasks to queue
[2024-04-20T16:57:39.083+0000] {logging_mixin.py:188} INFO - [2024-04-20T16:57:39.083+0000] {dagbag.py:540} INFO - Filling up the DagBag from /home/airflow/.local/lib/python3.8/site-packages/airflow/example_dags/example_setup_teardown_taskflow.py
[2024-04-20T16:57:39.091+0000] {processor.py:840} INFO - DAG(s) 'example_setup_teardown_taskflow' retrieved from /home/airflow/.local/lib/python3.8/site-packages/airflow/example_dags/example_setup_teardown_taskflow.py
[2024-04-20T16:57:39.108+0000] {logging_mixin.py:188} INFO - [2024-04-20T16:57:39.108+0000] {dag.py:3047} INFO - Sync 1 DAGs
[2024-04-20T16:57:39.125+0000] {logging_mixin.py:188} INFO - [2024-04-20T16:57:39.124+0000] {dag.py:3834} INFO - Setting next_dagrun for example_setup_teardown_taskflow to 2024-04-19 00:00:00+00:00, run_after=2024-04-20 00:00:00+00:00
[2024-04-20T16:57:39.294+0000] {processor.py:183} INFO - Processing /home/airflow/.local/lib/python3.8/site-packages/airflow/example_dags/example_setup_teardown_taskflow.py took 0.215 seconds
[2024-04-20T16:58:09.380+0000] {processor.py:161} INFO - Started process (PID=6852) to work on /home/airflow/.local/lib/python3.8/site-packages/airflow/example_dags/example_setup_teardown_taskflow.py
[2024-04-20T16:58:09.385+0000] {processor.py:830} INFO - Processing file /home/airflow/.local/lib/python3.8/site-packages/airflow/example_dags/example_setup_teardown_taskflow.py for tasks to queue
[2024-04-20T16:58:09.386+0000] {logging_mixin.py:188} INFO - [2024-04-20T16:58:09.386+0000] {dagbag.py:540} INFO - Filling up the DagBag from /home/airflow/.local/lib/python3.8/site-packages/airflow/example_dags/example_setup_teardown_taskflow.py
[2024-04-20T16:58:09.399+0000] {processor.py:840} INFO - DAG(s) 'example_setup_teardown_taskflow' retrieved from /home/airflow/.local/lib/python3.8/site-packages/airflow/example_dags/example_setup_teardown_taskflow.py
[2024-04-20T16:58:09.422+0000] {logging_mixin.py:188} INFO - [2024-04-20T16:58:09.422+0000] {dag.py:3047} INFO - Sync 1 DAGs
[2024-04-20T16:58:09.446+0000] {logging_mixin.py:188} INFO - [2024-04-20T16:58:09.446+0000] {dag.py:3834} INFO - Setting next_dagrun for example_setup_teardown_taskflow to 2024-04-19 00:00:00+00:00, run_after=2024-04-20 00:00:00+00:00
[2024-04-20T16:58:09.570+0000] {processor.py:183} INFO - Processing /home/airflow/.local/lib/python3.8/site-packages/airflow/example_dags/example_setup_teardown_taskflow.py took 0.192 seconds
[2024-04-20T16:58:40.112+0000] {processor.py:161} INFO - Started process (PID=7111) to work on /home/airflow/.local/lib/python3.8/site-packages/airflow/example_dags/example_setup_teardown_taskflow.py
[2024-04-20T16:58:40.113+0000] {processor.py:830} INFO - Processing file /home/airflow/.local/lib/python3.8/site-packages/airflow/example_dags/example_setup_teardown_taskflow.py for tasks to queue
[2024-04-20T16:58:40.114+0000] {logging_mixin.py:188} INFO - [2024-04-20T16:58:40.113+0000] {dagbag.py:540} INFO - Filling up the DagBag from /home/airflow/.local/lib/python3.8/site-packages/airflow/example_dags/example_setup_teardown_taskflow.py
[2024-04-20T16:58:40.125+0000] {processor.py:840} INFO - DAG(s) 'example_setup_teardown_taskflow' retrieved from /home/airflow/.local/lib/python3.8/site-packages/airflow/example_dags/example_setup_teardown_taskflow.py
[2024-04-20T16:58:40.151+0000] {logging_mixin.py:188} INFO - [2024-04-20T16:58:40.150+0000] {dag.py:3047} INFO - Sync 1 DAGs
[2024-04-20T16:58:40.174+0000] {logging_mixin.py:188} INFO - [2024-04-20T16:58:40.174+0000] {dag.py:3834} INFO - Setting next_dagrun for example_setup_teardown_taskflow to 2024-04-19 00:00:00+00:00, run_after=2024-04-20 00:00:00+00:00
[2024-04-20T16:58:40.347+0000] {processor.py:183} INFO - Processing /home/airflow/.local/lib/python3.8/site-packages/airflow/example_dags/example_setup_teardown_taskflow.py took 0.238 seconds
[2024-04-20T16:59:10.500+0000] {processor.py:161} INFO - Started process (PID=7368) to work on /home/airflow/.local/lib/python3.8/site-packages/airflow/example_dags/example_setup_teardown_taskflow.py
[2024-04-20T16:59:10.501+0000] {processor.py:830} INFO - Processing file /home/airflow/.local/lib/python3.8/site-packages/airflow/example_dags/example_setup_teardown_taskflow.py for tasks to queue
[2024-04-20T16:59:10.502+0000] {logging_mixin.py:188} INFO - [2024-04-20T16:59:10.502+0000] {dagbag.py:540} INFO - Filling up the DagBag from /home/airflow/.local/lib/python3.8/site-packages/airflow/example_dags/example_setup_teardown_taskflow.py
[2024-04-20T16:59:10.515+0000] {processor.py:840} INFO - DAG(s) 'example_setup_teardown_taskflow' retrieved from /home/airflow/.local/lib/python3.8/site-packages/airflow/example_dags/example_setup_teardown_taskflow.py
[2024-04-20T16:59:10.538+0000] {logging_mixin.py:188} INFO - [2024-04-20T16:59:10.538+0000] {dag.py:3047} INFO - Sync 1 DAGs
[2024-04-20T16:59:10.562+0000] {logging_mixin.py:188} INFO - [2024-04-20T16:59:10.561+0000] {dag.py:3834} INFO - Setting next_dagrun for example_setup_teardown_taskflow to 2024-04-19 00:00:00+00:00, run_after=2024-04-20 00:00:00+00:00
[2024-04-20T16:59:10.686+0000] {processor.py:183} INFO - Processing /home/airflow/.local/lib/python3.8/site-packages/airflow/example_dags/example_setup_teardown_taskflow.py took 0.189 seconds
[2024-04-20T16:59:40.959+0000] {processor.py:161} INFO - Started process (PID=7625) to work on /home/airflow/.local/lib/python3.8/site-packages/airflow/example_dags/example_setup_teardown_taskflow.py
[2024-04-20T16:59:40.960+0000] {processor.py:830} INFO - Processing file /home/airflow/.local/lib/python3.8/site-packages/airflow/example_dags/example_setup_teardown_taskflow.py for tasks to queue
[2024-04-20T16:59:40.961+0000] {logging_mixin.py:188} INFO - [2024-04-20T16:59:40.961+0000] {dagbag.py:540} INFO - Filling up the DagBag from /home/airflow/.local/lib/python3.8/site-packages/airflow/example_dags/example_setup_teardown_taskflow.py
[2024-04-20T16:59:40.973+0000] {processor.py:840} INFO - DAG(s) 'example_setup_teardown_taskflow' retrieved from /home/airflow/.local/lib/python3.8/site-packages/airflow/example_dags/example_setup_teardown_taskflow.py
[2024-04-20T16:59:40.998+0000] {logging_mixin.py:188} INFO - [2024-04-20T16:59:40.998+0000] {dag.py:3047} INFO - Sync 1 DAGs
[2024-04-20T16:59:41.023+0000] {logging_mixin.py:188} INFO - [2024-04-20T16:59:41.022+0000] {dag.py:3834} INFO - Setting next_dagrun for example_setup_teardown_taskflow to 2024-04-19 00:00:00+00:00, run_after=2024-04-20 00:00:00+00:00
[2024-04-20T16:59:41.197+0000] {processor.py:183} INFO - Processing /home/airflow/.local/lib/python3.8/site-packages/airflow/example_dags/example_setup_teardown_taskflow.py took 0.241 seconds
[2024-04-20T17:00:11.334+0000] {processor.py:161} INFO - Started process (PID=7882) to work on /home/airflow/.local/lib/python3.8/site-packages/airflow/example_dags/example_setup_teardown_taskflow.py
[2024-04-20T17:00:11.335+0000] {processor.py:830} INFO - Processing file /home/airflow/.local/lib/python3.8/site-packages/airflow/example_dags/example_setup_teardown_taskflow.py for tasks to queue
[2024-04-20T17:00:11.336+0000] {logging_mixin.py:188} INFO - [2024-04-20T17:00:11.335+0000] {dagbag.py:540} INFO - Filling up the DagBag from /home/airflow/.local/lib/python3.8/site-packages/airflow/example_dags/example_setup_teardown_taskflow.py
[2024-04-20T17:00:11.347+0000] {processor.py:840} INFO - DAG(s) 'example_setup_teardown_taskflow' retrieved from /home/airflow/.local/lib/python3.8/site-packages/airflow/example_dags/example_setup_teardown_taskflow.py
[2024-04-20T17:00:11.372+0000] {logging_mixin.py:188} INFO - [2024-04-20T17:00:11.372+0000] {dag.py:3047} INFO - Sync 1 DAGs
[2024-04-20T17:00:11.397+0000] {logging_mixin.py:188} INFO - [2024-04-20T17:00:11.397+0000] {dag.py:3834} INFO - Setting next_dagrun for example_setup_teardown_taskflow to 2024-04-19 00:00:00+00:00, run_after=2024-04-20 00:00:00+00:00
[2024-04-20T17:00:11.574+0000] {processor.py:183} INFO - Processing /home/airflow/.local/lib/python3.8/site-packages/airflow/example_dags/example_setup_teardown_taskflow.py took 0.243 seconds
[2024-04-20T17:00:41.671+0000] {processor.py:161} INFO - Started process (PID=8139) to work on /home/airflow/.local/lib/python3.8/site-packages/airflow/example_dags/example_setup_teardown_taskflow.py
[2024-04-20T17:00:41.672+0000] {processor.py:830} INFO - Processing file /home/airflow/.local/lib/python3.8/site-packages/airflow/example_dags/example_setup_teardown_taskflow.py for tasks to queue
[2024-04-20T17:00:41.673+0000] {logging_mixin.py:188} INFO - [2024-04-20T17:00:41.673+0000] {dagbag.py:540} INFO - Filling up the DagBag from /home/airflow/.local/lib/python3.8/site-packages/airflow/example_dags/example_setup_teardown_taskflow.py
[2024-04-20T17:00:41.686+0000] {processor.py:840} INFO - DAG(s) 'example_setup_teardown_taskflow' retrieved from /home/airflow/.local/lib/python3.8/site-packages/airflow/example_dags/example_setup_teardown_taskflow.py
[2024-04-20T17:00:41.713+0000] {logging_mixin.py:188} INFO - [2024-04-20T17:00:41.713+0000] {dag.py:3047} INFO - Sync 1 DAGs
[2024-04-20T17:00:41.747+0000] {logging_mixin.py:188} INFO - [2024-04-20T17:00:41.746+0000] {dag.py:3834} INFO - Setting next_dagrun for example_setup_teardown_taskflow to 2024-04-19 00:00:00+00:00, run_after=2024-04-20 00:00:00+00:00
[2024-04-20T17:00:41.972+0000] {processor.py:183} INFO - Processing /home/airflow/.local/lib/python3.8/site-packages/airflow/example_dags/example_setup_teardown_taskflow.py took 0.304 seconds
[2024-04-20T17:01:12.061+0000] {processor.py:161} INFO - Started process (PID=8410) to work on /home/airflow/.local/lib/python3.8/site-packages/airflow/example_dags/example_setup_teardown_taskflow.py
[2024-04-20T17:01:12.062+0000] {processor.py:830} INFO - Processing file /home/airflow/.local/lib/python3.8/site-packages/airflow/example_dags/example_setup_teardown_taskflow.py for tasks to queue
[2024-04-20T17:01:12.063+0000] {logging_mixin.py:188} INFO - [2024-04-20T17:01:12.063+0000] {dagbag.py:540} INFO - Filling up the DagBag from /home/airflow/.local/lib/python3.8/site-packages/airflow/example_dags/example_setup_teardown_taskflow.py
[2024-04-20T17:01:12.074+0000] {processor.py:840} INFO - DAG(s) 'example_setup_teardown_taskflow' retrieved from /home/airflow/.local/lib/python3.8/site-packages/airflow/example_dags/example_setup_teardown_taskflow.py
[2024-04-20T17:01:12.094+0000] {logging_mixin.py:188} INFO - [2024-04-20T17:01:12.093+0000] {dag.py:3047} INFO - Sync 1 DAGs
[2024-04-20T17:01:12.110+0000] {logging_mixin.py:188} INFO - [2024-04-20T17:01:12.110+0000] {dag.py:3834} INFO - Setting next_dagrun for example_setup_teardown_taskflow to 2024-04-19 00:00:00+00:00, run_after=2024-04-20 00:00:00+00:00
[2024-04-20T17:01:12.280+0000] {processor.py:183} INFO - Processing /home/airflow/.local/lib/python3.8/site-packages/airflow/example_dags/example_setup_teardown_taskflow.py took 0.223 seconds
[2024-04-20T17:01:42.495+0000] {processor.py:161} INFO - Started process (PID=8655) to work on /home/airflow/.local/lib/python3.8/site-packages/airflow/example_dags/example_setup_teardown_taskflow.py
[2024-04-20T17:01:42.496+0000] {processor.py:830} INFO - Processing file /home/airflow/.local/lib/python3.8/site-packages/airflow/example_dags/example_setup_teardown_taskflow.py for tasks to queue
[2024-04-20T17:01:42.497+0000] {logging_mixin.py:188} INFO - [2024-04-20T17:01:42.497+0000] {dagbag.py:540} INFO - Filling up the DagBag from /home/airflow/.local/lib/python3.8/site-packages/airflow/example_dags/example_setup_teardown_taskflow.py
[2024-04-20T17:01:42.510+0000] {processor.py:840} INFO - DAG(s) 'example_setup_teardown_taskflow' retrieved from /home/airflow/.local/lib/python3.8/site-packages/airflow/example_dags/example_setup_teardown_taskflow.py
[2024-04-20T17:01:42.535+0000] {logging_mixin.py:188} INFO - [2024-04-20T17:01:42.535+0000] {dag.py:3047} INFO - Sync 1 DAGs
[2024-04-20T17:01:42.559+0000] {logging_mixin.py:188} INFO - [2024-04-20T17:01:42.558+0000] {dag.py:3834} INFO - Setting next_dagrun for example_setup_teardown_taskflow to 2024-04-19 00:00:00+00:00, run_after=2024-04-20 00:00:00+00:00
[2024-04-20T17:01:42.733+0000] {processor.py:183} INFO - Processing /home/airflow/.local/lib/python3.8/site-packages/airflow/example_dags/example_setup_teardown_taskflow.py took 0.241 seconds
[2024-04-20T17:02:13.450+0000] {processor.py:161} INFO - Started process (PID=8912) to work on /home/airflow/.local/lib/python3.8/site-packages/airflow/example_dags/example_setup_teardown_taskflow.py
[2024-04-20T17:02:13.451+0000] {processor.py:830} INFO - Processing file /home/airflow/.local/lib/python3.8/site-packages/airflow/example_dags/example_setup_teardown_taskflow.py for tasks to queue
[2024-04-20T17:02:13.452+0000] {logging_mixin.py:188} INFO - [2024-04-20T17:02:13.452+0000] {dagbag.py:540} INFO - Filling up the DagBag from /home/airflow/.local/lib/python3.8/site-packages/airflow/example_dags/example_setup_teardown_taskflow.py
[2024-04-20T17:02:13.465+0000] {processor.py:840} INFO - DAG(s) 'example_setup_teardown_taskflow' retrieved from /home/airflow/.local/lib/python3.8/site-packages/airflow/example_dags/example_setup_teardown_taskflow.py
[2024-04-20T17:02:13.488+0000] {logging_mixin.py:188} INFO - [2024-04-20T17:02:13.488+0000] {dag.py:3047} INFO - Sync 1 DAGs
[2024-04-20T17:02:13.513+0000] {logging_mixin.py:188} INFO - [2024-04-20T17:02:13.513+0000] {dag.py:3834} INFO - Setting next_dagrun for example_setup_teardown_taskflow to 2024-04-19 00:00:00+00:00, run_after=2024-04-20 00:00:00+00:00
[2024-04-20T17:02:13.689+0000] {processor.py:183} INFO - Processing /home/airflow/.local/lib/python3.8/site-packages/airflow/example_dags/example_setup_teardown_taskflow.py took 0.242 seconds
[2024-04-20T17:02:44.019+0000] {processor.py:161} INFO - Started process (PID=9170) to work on /home/airflow/.local/lib/python3.8/site-packages/airflow/example_dags/example_setup_teardown_taskflow.py
[2024-04-20T17:02:44.020+0000] {processor.py:830} INFO - Processing file /home/airflow/.local/lib/python3.8/site-packages/airflow/example_dags/example_setup_teardown_taskflow.py for tasks to queue
[2024-04-20T17:02:44.021+0000] {logging_mixin.py:188} INFO - [2024-04-20T17:02:44.020+0000] {dagbag.py:540} INFO - Filling up the DagBag from /home/airflow/.local/lib/python3.8/site-packages/airflow/example_dags/example_setup_teardown_taskflow.py
[2024-04-20T17:02:44.033+0000] {processor.py:840} INFO - DAG(s) 'example_setup_teardown_taskflow' retrieved from /home/airflow/.local/lib/python3.8/site-packages/airflow/example_dags/example_setup_teardown_taskflow.py
[2024-04-20T17:02:44.057+0000] {logging_mixin.py:188} INFO - [2024-04-20T17:02:44.056+0000] {dag.py:3047} INFO - Sync 1 DAGs
[2024-04-20T17:02:44.099+0000] {logging_mixin.py:188} INFO - [2024-04-20T17:02:44.098+0000] {dag.py:3834} INFO - Setting next_dagrun for example_setup_teardown_taskflow to 2024-04-19 00:00:00+00:00, run_after=2024-04-20 00:00:00+00:00
[2024-04-20T17:02:44.255+0000] {processor.py:183} INFO - Processing /home/airflow/.local/lib/python3.8/site-packages/airflow/example_dags/example_setup_teardown_taskflow.py took 0.240 seconds
[2024-04-20T17:03:14.408+0000] {processor.py:161} INFO - Started process (PID=9428) to work on /home/airflow/.local/lib/python3.8/site-packages/airflow/example_dags/example_setup_teardown_taskflow.py
[2024-04-20T17:03:14.409+0000] {processor.py:830} INFO - Processing file /home/airflow/.local/lib/python3.8/site-packages/airflow/example_dags/example_setup_teardown_taskflow.py for tasks to queue
[2024-04-20T17:03:14.410+0000] {logging_mixin.py:188} INFO - [2024-04-20T17:03:14.409+0000] {dagbag.py:540} INFO - Filling up the DagBag from /home/airflow/.local/lib/python3.8/site-packages/airflow/example_dags/example_setup_teardown_taskflow.py
[2024-04-20T17:03:14.422+0000] {processor.py:840} INFO - DAG(s) 'example_setup_teardown_taskflow' retrieved from /home/airflow/.local/lib/python3.8/site-packages/airflow/example_dags/example_setup_teardown_taskflow.py
[2024-04-20T17:03:14.446+0000] {logging_mixin.py:188} INFO - [2024-04-20T17:03:14.446+0000] {dag.py:3047} INFO - Sync 1 DAGs
[2024-04-20T17:03:14.471+0000] {logging_mixin.py:188} INFO - [2024-04-20T17:03:14.471+0000] {dag.py:3834} INFO - Setting next_dagrun for example_setup_teardown_taskflow to 2024-04-19 00:00:00+00:00, run_after=2024-04-20 00:00:00+00:00
[2024-04-20T17:03:14.618+0000] {processor.py:183} INFO - Processing /home/airflow/.local/lib/python3.8/site-packages/airflow/example_dags/example_setup_teardown_taskflow.py took 0.213 seconds
[2024-04-20T17:03:45.474+0000] {processor.py:161} INFO - Started process (PID=9690) to work on /home/airflow/.local/lib/python3.8/site-packages/airflow/example_dags/example_setup_teardown_taskflow.py
[2024-04-20T17:03:45.476+0000] {processor.py:830} INFO - Processing file /home/airflow/.local/lib/python3.8/site-packages/airflow/example_dags/example_setup_teardown_taskflow.py for tasks to queue
[2024-04-20T17:03:45.477+0000] {logging_mixin.py:188} INFO - [2024-04-20T17:03:45.476+0000] {dagbag.py:540} INFO - Filling up the DagBag from /home/airflow/.local/lib/python3.8/site-packages/airflow/example_dags/example_setup_teardown_taskflow.py
[2024-04-20T17:03:45.490+0000] {processor.py:840} INFO - DAG(s) 'example_setup_teardown_taskflow' retrieved from /home/airflow/.local/lib/python3.8/site-packages/airflow/example_dags/example_setup_teardown_taskflow.py
[2024-04-20T17:03:45.516+0000] {logging_mixin.py:188} INFO - [2024-04-20T17:03:45.516+0000] {dag.py:3047} INFO - Sync 1 DAGs
[2024-04-20T17:03:45.540+0000] {logging_mixin.py:188} INFO - [2024-04-20T17:03:45.539+0000] {dag.py:3834} INFO - Setting next_dagrun for example_setup_teardown_taskflow to 2024-04-19 00:00:00+00:00, run_after=2024-04-20 00:00:00+00:00
[2024-04-20T17:03:45.768+0000] {processor.py:183} INFO - Processing /home/airflow/.local/lib/python3.8/site-packages/airflow/example_dags/example_setup_teardown_taskflow.py took 0.297 seconds
[2024-04-20T17:04:15.900+0000] {processor.py:161} INFO - Started process (PID=9947) to work on /home/airflow/.local/lib/python3.8/site-packages/airflow/example_dags/example_setup_teardown_taskflow.py
[2024-04-20T17:04:15.901+0000] {processor.py:830} INFO - Processing file /home/airflow/.local/lib/python3.8/site-packages/airflow/example_dags/example_setup_teardown_taskflow.py for tasks to queue
[2024-04-20T17:04:15.902+0000] {logging_mixin.py:188} INFO - [2024-04-20T17:04:15.901+0000] {dagbag.py:540} INFO - Filling up the DagBag from /home/airflow/.local/lib/python3.8/site-packages/airflow/example_dags/example_setup_teardown_taskflow.py
[2024-04-20T17:04:15.913+0000] {processor.py:840} INFO - DAG(s) 'example_setup_teardown_taskflow' retrieved from /home/airflow/.local/lib/python3.8/site-packages/airflow/example_dags/example_setup_teardown_taskflow.py
[2024-04-20T17:04:15.938+0000] {logging_mixin.py:188} INFO - [2024-04-20T17:04:15.938+0000] {dag.py:3047} INFO - Sync 1 DAGs
[2024-04-20T17:04:15.963+0000] {logging_mixin.py:188} INFO - [2024-04-20T17:04:15.963+0000] {dag.py:3834} INFO - Setting next_dagrun for example_setup_teardown_taskflow to 2024-04-19 00:00:00+00:00, run_after=2024-04-20 00:00:00+00:00
[2024-04-20T17:04:16.088+0000] {processor.py:183} INFO - Processing /home/airflow/.local/lib/python3.8/site-packages/airflow/example_dags/example_setup_teardown_taskflow.py took 0.191 seconds
[2024-04-20T17:04:46.378+0000] {processor.py:161} INFO - Started process (PID=10204) to work on /home/airflow/.local/lib/python3.8/site-packages/airflow/example_dags/example_setup_teardown_taskflow.py
[2024-04-20T17:04:46.380+0000] {processor.py:830} INFO - Processing file /home/airflow/.local/lib/python3.8/site-packages/airflow/example_dags/example_setup_teardown_taskflow.py for tasks to queue
[2024-04-20T17:04:46.381+0000] {logging_mixin.py:188} INFO - [2024-04-20T17:04:46.380+0000] {dagbag.py:540} INFO - Filling up the DagBag from /home/airflow/.local/lib/python3.8/site-packages/airflow/example_dags/example_setup_teardown_taskflow.py
[2024-04-20T17:04:46.395+0000] {processor.py:840} INFO - DAG(s) 'example_setup_teardown_taskflow' retrieved from /home/airflow/.local/lib/python3.8/site-packages/airflow/example_dags/example_setup_teardown_taskflow.py
[2024-04-20T17:04:46.419+0000] {logging_mixin.py:188} INFO - [2024-04-20T17:04:46.419+0000] {dag.py:3047} INFO - Sync 1 DAGs
[2024-04-20T17:04:46.443+0000] {logging_mixin.py:188} INFO - [2024-04-20T17:04:46.443+0000] {dag.py:3834} INFO - Setting next_dagrun for example_setup_teardown_taskflow to 2024-04-19 00:00:00+00:00, run_after=2024-04-20 00:00:00+00:00
[2024-04-20T17:04:46.748+0000] {processor.py:183} INFO - Processing /home/airflow/.local/lib/python3.8/site-packages/airflow/example_dags/example_setup_teardown_taskflow.py took 0.373 seconds
[2024-04-20T17:05:16.807+0000] {processor.py:161} INFO - Started process (PID=10461) to work on /home/airflow/.local/lib/python3.8/site-packages/airflow/example_dags/example_setup_teardown_taskflow.py
[2024-04-20T17:05:16.808+0000] {processor.py:830} INFO - Processing file /home/airflow/.local/lib/python3.8/site-packages/airflow/example_dags/example_setup_teardown_taskflow.py for tasks to queue
[2024-04-20T17:05:16.809+0000] {logging_mixin.py:188} INFO - [2024-04-20T17:05:16.809+0000] {dagbag.py:540} INFO - Filling up the DagBag from /home/airflow/.local/lib/python3.8/site-packages/airflow/example_dags/example_setup_teardown_taskflow.py
[2024-04-20T17:05:16.821+0000] {processor.py:840} INFO - DAG(s) 'example_setup_teardown_taskflow' retrieved from /home/airflow/.local/lib/python3.8/site-packages/airflow/example_dags/example_setup_teardown_taskflow.py
[2024-04-20T17:05:16.845+0000] {logging_mixin.py:188} INFO - [2024-04-20T17:05:16.844+0000] {dag.py:3047} INFO - Sync 1 DAGs
[2024-04-20T17:05:16.868+0000] {logging_mixin.py:188} INFO - [2024-04-20T17:05:16.868+0000] {dag.py:3834} INFO - Setting next_dagrun for example_setup_teardown_taskflow to 2024-04-19 00:00:00+00:00, run_after=2024-04-20 00:00:00+00:00
[2024-04-20T17:05:16.991+0000] {processor.py:183} INFO - Processing /home/airflow/.local/lib/python3.8/site-packages/airflow/example_dags/example_setup_teardown_taskflow.py took 0.188 seconds
[2024-04-20T17:05:47.490+0000] {processor.py:161} INFO - Started process (PID=10718) to work on /home/airflow/.local/lib/python3.8/site-packages/airflow/example_dags/example_setup_teardown_taskflow.py
[2024-04-20T17:05:47.492+0000] {processor.py:830} INFO - Processing file /home/airflow/.local/lib/python3.8/site-packages/airflow/example_dags/example_setup_teardown_taskflow.py for tasks to queue
[2024-04-20T17:05:47.493+0000] {logging_mixin.py:188} INFO - [2024-04-20T17:05:47.492+0000] {dagbag.py:540} INFO - Filling up the DagBag from /home/airflow/.local/lib/python3.8/site-packages/airflow/example_dags/example_setup_teardown_taskflow.py
[2024-04-20T17:05:47.505+0000] {processor.py:840} INFO - DAG(s) 'example_setup_teardown_taskflow' retrieved from /home/airflow/.local/lib/python3.8/site-packages/airflow/example_dags/example_setup_teardown_taskflow.py
[2024-04-20T17:05:47.529+0000] {logging_mixin.py:188} INFO - [2024-04-20T17:05:47.529+0000] {dag.py:3047} INFO - Sync 1 DAGs
[2024-04-20T17:05:47.556+0000] {logging_mixin.py:188} INFO - [2024-04-20T17:05:47.555+0000] {dag.py:3834} INFO - Setting next_dagrun for example_setup_teardown_taskflow to 2024-04-19 00:00:00+00:00, run_after=2024-04-20 00:00:00+00:00
[2024-04-20T17:05:47.682+0000] {processor.py:183} INFO - Processing /home/airflow/.local/lib/python3.8/site-packages/airflow/example_dags/example_setup_teardown_taskflow.py took 0.195 seconds
[2024-04-20T17:06:18.306+0000] {processor.py:161} INFO - Started process (PID=10975) to work on /home/airflow/.local/lib/python3.8/site-packages/airflow/example_dags/example_setup_teardown_taskflow.py
[2024-04-20T17:06:18.307+0000] {processor.py:830} INFO - Processing file /home/airflow/.local/lib/python3.8/site-packages/airflow/example_dags/example_setup_teardown_taskflow.py for tasks to queue
[2024-04-20T17:06:18.308+0000] {logging_mixin.py:188} INFO - [2024-04-20T17:06:18.307+0000] {dagbag.py:540} INFO - Filling up the DagBag from /home/airflow/.local/lib/python3.8/site-packages/airflow/example_dags/example_setup_teardown_taskflow.py
[2024-04-20T17:06:18.320+0000] {processor.py:840} INFO - DAG(s) 'example_setup_teardown_taskflow' retrieved from /home/airflow/.local/lib/python3.8/site-packages/airflow/example_dags/example_setup_teardown_taskflow.py
[2024-04-20T17:06:18.343+0000] {logging_mixin.py:188} INFO - [2024-04-20T17:06:18.343+0000] {dag.py:3047} INFO - Sync 1 DAGs
[2024-04-20T17:06:18.369+0000] {logging_mixin.py:188} INFO - [2024-04-20T17:06:18.368+0000] {dag.py:3834} INFO - Setting next_dagrun for example_setup_teardown_taskflow to 2024-04-19 00:00:00+00:00, run_after=2024-04-20 00:00:00+00:00
[2024-04-20T17:06:18.492+0000] {processor.py:183} INFO - Processing /home/airflow/.local/lib/python3.8/site-packages/airflow/example_dags/example_setup_teardown_taskflow.py took 0.189 seconds
