[2024-04-20T16:45:09.865+0000] {processor.py:161} INFO - Started process (PID=290) to work on /home/airflow/.local/lib/python3.8/site-packages/airflow/example_dags/example_sensor_decorator.py
[2024-04-20T16:45:09.866+0000] {processor.py:830} INFO - Processing file /home/airflow/.local/lib/python3.8/site-packages/airflow/example_dags/example_sensor_decorator.py for tasks to queue
[2024-04-20T16:45:09.867+0000] {logging_mixin.py:188} INFO - [2024-04-20T16:45:09.867+0000] {dagbag.py:540} INFO - Filling up the DagBag from /home/airflow/.local/lib/python3.8/site-packages/airflow/example_dags/example_sensor_decorator.py
[2024-04-20T16:45:09.873+0000] {processor.py:840} INFO - DAG(s) 'example_sensor_decorator' retrieved from /home/airflow/.local/lib/python3.8/site-packages/airflow/example_dags/example_sensor_decorator.py
[2024-04-20T16:45:09.891+0000] {logging_mixin.py:188} INFO - [2024-04-20T16:45:09.891+0000] {dag.py:3047} INFO - Sync 1 DAGs
[2024-04-20T16:45:09.901+0000] {logging_mixin.py:188} INFO - [2024-04-20T16:45:09.901+0000] {dag.py:3834} INFO - Setting next_dagrun for example_sensor_decorator to None, run_after=None
[2024-04-20T16:45:10.261+0000] {processor.py:183} INFO - Processing /home/airflow/.local/lib/python3.8/site-packages/airflow/example_dags/example_sensor_decorator.py took 0.398 seconds
[2024-04-20T16:45:43.176+0000] {processor.py:161} INFO - Started process (PID=547) to work on /home/airflow/.local/lib/python3.8/site-packages/airflow/example_dags/example_sensor_decorator.py
[2024-04-20T16:45:43.177+0000] {processor.py:830} INFO - Processing file /home/airflow/.local/lib/python3.8/site-packages/airflow/example_dags/example_sensor_decorator.py for tasks to queue
[2024-04-20T16:45:43.178+0000] {logging_mixin.py:188} INFO - [2024-04-20T16:45:43.177+0000] {dagbag.py:540} INFO - Filling up the DagBag from /home/airflow/.local/lib/python3.8/site-packages/airflow/example_dags/example_sensor_decorator.py
[2024-04-20T16:45:43.183+0000] {processor.py:840} INFO - DAG(s) 'example_sensor_decorator' retrieved from /home/airflow/.local/lib/python3.8/site-packages/airflow/example_dags/example_sensor_decorator.py
[2024-04-20T16:45:43.201+0000] {logging_mixin.py:188} INFO - [2024-04-20T16:45:43.201+0000] {dag.py:3047} INFO - Sync 1 DAGs
[2024-04-20T16:45:43.210+0000] {logging_mixin.py:188} INFO - [2024-04-20T16:45:43.210+0000] {dag.py:3834} INFO - Setting next_dagrun for example_sensor_decorator to None, run_after=None
[2024-04-20T16:45:43.415+0000] {processor.py:183} INFO - Processing /home/airflow/.local/lib/python3.8/site-packages/airflow/example_dags/example_sensor_decorator.py took 0.242 seconds
[2024-04-20T16:46:13.750+0000] {processor.py:161} INFO - Started process (PID=798) to work on /home/airflow/.local/lib/python3.8/site-packages/airflow/example_dags/example_sensor_decorator.py
[2024-04-20T16:46:13.751+0000] {processor.py:830} INFO - Processing file /home/airflow/.local/lib/python3.8/site-packages/airflow/example_dags/example_sensor_decorator.py for tasks to queue
[2024-04-20T16:46:13.752+0000] {logging_mixin.py:188} INFO - [2024-04-20T16:46:13.752+0000] {dagbag.py:540} INFO - Filling up the DagBag from /home/airflow/.local/lib/python3.8/site-packages/airflow/example_dags/example_sensor_decorator.py
[2024-04-20T16:46:13.756+0000] {processor.py:840} INFO - DAG(s) 'example_sensor_decorator' retrieved from /home/airflow/.local/lib/python3.8/site-packages/airflow/example_dags/example_sensor_decorator.py
[2024-04-20T16:46:13.774+0000] {logging_mixin.py:188} INFO - [2024-04-20T16:46:13.773+0000] {dag.py:3047} INFO - Sync 1 DAGs
[2024-04-20T16:46:13.788+0000] {logging_mixin.py:188} INFO - [2024-04-20T16:46:13.788+0000] {dag.py:3834} INFO - Setting next_dagrun for example_sensor_decorator to None, run_after=None
[2024-04-20T16:46:14.145+0000] {processor.py:183} INFO - Processing /home/airflow/.local/lib/python3.8/site-packages/airflow/example_dags/example_sensor_decorator.py took 0.397 seconds
[2024-04-20T16:46:44.397+0000] {processor.py:161} INFO - Started process (PID=1055) to work on /home/airflow/.local/lib/python3.8/site-packages/airflow/example_dags/example_sensor_decorator.py
[2024-04-20T16:46:44.398+0000] {processor.py:830} INFO - Processing file /home/airflow/.local/lib/python3.8/site-packages/airflow/example_dags/example_sensor_decorator.py for tasks to queue
[2024-04-20T16:46:44.399+0000] {logging_mixin.py:188} INFO - [2024-04-20T16:46:44.399+0000] {dagbag.py:540} INFO - Filling up the DagBag from /home/airflow/.local/lib/python3.8/site-packages/airflow/example_dags/example_sensor_decorator.py
[2024-04-20T16:46:44.404+0000] {processor.py:840} INFO - DAG(s) 'example_sensor_decorator' retrieved from /home/airflow/.local/lib/python3.8/site-packages/airflow/example_dags/example_sensor_decorator.py
[2024-04-20T16:46:44.421+0000] {logging_mixin.py:188} INFO - [2024-04-20T16:46:44.421+0000] {dag.py:3047} INFO - Sync 1 DAGs
[2024-04-20T16:46:44.430+0000] {logging_mixin.py:188} INFO - [2024-04-20T16:46:44.430+0000] {dag.py:3834} INFO - Setting next_dagrun for example_sensor_decorator to None, run_after=None
[2024-04-20T16:46:44.847+0000] {processor.py:183} INFO - Processing /home/airflow/.local/lib/python3.8/site-packages/airflow/example_dags/example_sensor_decorator.py took 0.452 seconds
[2024-04-20T16:47:15.005+0000] {processor.py:161} INFO - Started process (PID=1312) to work on /home/airflow/.local/lib/python3.8/site-packages/airflow/example_dags/example_sensor_decorator.py
[2024-04-20T16:47:15.007+0000] {processor.py:830} INFO - Processing file /home/airflow/.local/lib/python3.8/site-packages/airflow/example_dags/example_sensor_decorator.py for tasks to queue
[2024-04-20T16:47:15.008+0000] {logging_mixin.py:188} INFO - [2024-04-20T16:47:15.007+0000] {dagbag.py:540} INFO - Filling up the DagBag from /home/airflow/.local/lib/python3.8/site-packages/airflow/example_dags/example_sensor_decorator.py
[2024-04-20T16:47:15.014+0000] {processor.py:840} INFO - DAG(s) 'example_sensor_decorator' retrieved from /home/airflow/.local/lib/python3.8/site-packages/airflow/example_dags/example_sensor_decorator.py
[2024-04-20T16:47:15.038+0000] {logging_mixin.py:188} INFO - [2024-04-20T16:47:15.037+0000] {dag.py:3047} INFO - Sync 1 DAGs
[2024-04-20T16:47:15.052+0000] {logging_mixin.py:188} INFO - [2024-04-20T16:47:15.052+0000] {dag.py:3834} INFO - Setting next_dagrun for example_sensor_decorator to None, run_after=None
[2024-04-20T16:47:15.340+0000] {processor.py:183} INFO - Processing /home/airflow/.local/lib/python3.8/site-packages/airflow/example_dags/example_sensor_decorator.py took 0.339 seconds
[2024-04-20T16:47:45.817+0000] {processor.py:161} INFO - Started process (PID=1569) to work on /home/airflow/.local/lib/python3.8/site-packages/airflow/example_dags/example_sensor_decorator.py
[2024-04-20T16:47:45.818+0000] {processor.py:830} INFO - Processing file /home/airflow/.local/lib/python3.8/site-packages/airflow/example_dags/example_sensor_decorator.py for tasks to queue
[2024-04-20T16:47:45.818+0000] {logging_mixin.py:188} INFO - [2024-04-20T16:47:45.818+0000] {dagbag.py:540} INFO - Filling up the DagBag from /home/airflow/.local/lib/python3.8/site-packages/airflow/example_dags/example_sensor_decorator.py
[2024-04-20T16:47:45.823+0000] {processor.py:840} INFO - DAG(s) 'example_sensor_decorator' retrieved from /home/airflow/.local/lib/python3.8/site-packages/airflow/example_dags/example_sensor_decorator.py
[2024-04-20T16:47:45.839+0000] {logging_mixin.py:188} INFO - [2024-04-20T16:47:45.839+0000] {dag.py:3047} INFO - Sync 1 DAGs
[2024-04-20T16:47:45.849+0000] {logging_mixin.py:188} INFO - [2024-04-20T16:47:45.848+0000] {dag.py:3834} INFO - Setting next_dagrun for example_sensor_decorator to None, run_after=None
[2024-04-20T16:47:46.010+0000] {processor.py:183} INFO - Processing /home/airflow/.local/lib/python3.8/site-packages/airflow/example_dags/example_sensor_decorator.py took 0.195 seconds
[2024-04-20T16:48:16.102+0000] {processor.py:161} INFO - Started process (PID=1826) to work on /home/airflow/.local/lib/python3.8/site-packages/airflow/example_dags/example_sensor_decorator.py
[2024-04-20T16:48:16.103+0000] {processor.py:830} INFO - Processing file /home/airflow/.local/lib/python3.8/site-packages/airflow/example_dags/example_sensor_decorator.py for tasks to queue
[2024-04-20T16:48:16.104+0000] {logging_mixin.py:188} INFO - [2024-04-20T16:48:16.103+0000] {dagbag.py:540} INFO - Filling up the DagBag from /home/airflow/.local/lib/python3.8/site-packages/airflow/example_dags/example_sensor_decorator.py
[2024-04-20T16:48:16.109+0000] {processor.py:840} INFO - DAG(s) 'example_sensor_decorator' retrieved from /home/airflow/.local/lib/python3.8/site-packages/airflow/example_dags/example_sensor_decorator.py
[2024-04-20T16:48:16.137+0000] {logging_mixin.py:188} INFO - [2024-04-20T16:48:16.136+0000] {dag.py:3047} INFO - Sync 1 DAGs
[2024-04-20T16:48:16.152+0000] {logging_mixin.py:188} INFO - [2024-04-20T16:48:16.152+0000] {dag.py:3834} INFO - Setting next_dagrun for example_sensor_decorator to None, run_after=None
[2024-04-20T16:48:16.489+0000] {processor.py:183} INFO - Processing /home/airflow/.local/lib/python3.8/site-packages/airflow/example_dags/example_sensor_decorator.py took 0.391 seconds
[2024-04-20T16:48:46.636+0000] {processor.py:161} INFO - Started process (PID=2083) to work on /home/airflow/.local/lib/python3.8/site-packages/airflow/example_dags/example_sensor_decorator.py
[2024-04-20T16:48:46.637+0000] {processor.py:830} INFO - Processing file /home/airflow/.local/lib/python3.8/site-packages/airflow/example_dags/example_sensor_decorator.py for tasks to queue
[2024-04-20T16:48:46.638+0000] {logging_mixin.py:188} INFO - [2024-04-20T16:48:46.638+0000] {dagbag.py:540} INFO - Filling up the DagBag from /home/airflow/.local/lib/python3.8/site-packages/airflow/example_dags/example_sensor_decorator.py
[2024-04-20T16:48:46.645+0000] {processor.py:840} INFO - DAG(s) 'example_sensor_decorator' retrieved from /home/airflow/.local/lib/python3.8/site-packages/airflow/example_dags/example_sensor_decorator.py
[2024-04-20T16:48:46.668+0000] {logging_mixin.py:188} INFO - [2024-04-20T16:48:46.667+0000] {dag.py:3047} INFO - Sync 1 DAGs
[2024-04-20T16:48:46.682+0000] {logging_mixin.py:188} INFO - [2024-04-20T16:48:46.682+0000] {dag.py:3834} INFO - Setting next_dagrun for example_sensor_decorator to None, run_after=None
[2024-04-20T16:48:46.823+0000] {processor.py:183} INFO - Processing /home/airflow/.local/lib/python3.8/site-packages/airflow/example_dags/example_sensor_decorator.py took 0.190 seconds
[2024-04-20T16:49:17.162+0000] {processor.py:161} INFO - Started process (PID=2340) to work on /home/airflow/.local/lib/python3.8/site-packages/airflow/example_dags/example_sensor_decorator.py
[2024-04-20T16:49:17.162+0000] {processor.py:830} INFO - Processing file /home/airflow/.local/lib/python3.8/site-packages/airflow/example_dags/example_sensor_decorator.py for tasks to queue
[2024-04-20T16:49:17.163+0000] {logging_mixin.py:188} INFO - [2024-04-20T16:49:17.163+0000] {dagbag.py:540} INFO - Filling up the DagBag from /home/airflow/.local/lib/python3.8/site-packages/airflow/example_dags/example_sensor_decorator.py
[2024-04-20T16:49:17.168+0000] {processor.py:840} INFO - DAG(s) 'example_sensor_decorator' retrieved from /home/airflow/.local/lib/python3.8/site-packages/airflow/example_dags/example_sensor_decorator.py
[2024-04-20T16:49:17.186+0000] {logging_mixin.py:188} INFO - [2024-04-20T16:49:17.186+0000] {dag.py:3047} INFO - Sync 1 DAGs
[2024-04-20T16:49:17.196+0000] {logging_mixin.py:188} INFO - [2024-04-20T16:49:17.196+0000] {dag.py:3834} INFO - Setting next_dagrun for example_sensor_decorator to None, run_after=None
[2024-04-20T16:49:17.349+0000] {processor.py:183} INFO - Processing /home/airflow/.local/lib/python3.8/site-packages/airflow/example_dags/example_sensor_decorator.py took 0.191 seconds
[2024-04-20T16:49:47.512+0000] {processor.py:161} INFO - Started process (PID=2598) to work on /home/airflow/.local/lib/python3.8/site-packages/airflow/example_dags/example_sensor_decorator.py
[2024-04-20T16:49:47.513+0000] {processor.py:830} INFO - Processing file /home/airflow/.local/lib/python3.8/site-packages/airflow/example_dags/example_sensor_decorator.py for tasks to queue
[2024-04-20T16:49:47.514+0000] {logging_mixin.py:188} INFO - [2024-04-20T16:49:47.514+0000] {dagbag.py:540} INFO - Filling up the DagBag from /home/airflow/.local/lib/python3.8/site-packages/airflow/example_dags/example_sensor_decorator.py
[2024-04-20T16:49:47.520+0000] {processor.py:840} INFO - DAG(s) 'example_sensor_decorator' retrieved from /home/airflow/.local/lib/python3.8/site-packages/airflow/example_dags/example_sensor_decorator.py
[2024-04-20T16:49:47.543+0000] {logging_mixin.py:188} INFO - [2024-04-20T16:49:47.542+0000] {dag.py:3047} INFO - Sync 1 DAGs
[2024-04-20T16:49:47.558+0000] {logging_mixin.py:188} INFO - [2024-04-20T16:49:47.558+0000] {dag.py:3834} INFO - Setting next_dagrun for example_sensor_decorator to None, run_after=None
[2024-04-20T16:49:47.789+0000] {processor.py:183} INFO - Processing /home/airflow/.local/lib/python3.8/site-packages/airflow/example_dags/example_sensor_decorator.py took 0.280 seconds
[2024-04-20T16:50:18.531+0000] {processor.py:161} INFO - Started process (PID=2855) to work on /home/airflow/.local/lib/python3.8/site-packages/airflow/example_dags/example_sensor_decorator.py
[2024-04-20T16:50:18.531+0000] {processor.py:830} INFO - Processing file /home/airflow/.local/lib/python3.8/site-packages/airflow/example_dags/example_sensor_decorator.py for tasks to queue
[2024-04-20T16:50:18.532+0000] {logging_mixin.py:188} INFO - [2024-04-20T16:50:18.532+0000] {dagbag.py:540} INFO - Filling up the DagBag from /home/airflow/.local/lib/python3.8/site-packages/airflow/example_dags/example_sensor_decorator.py
[2024-04-20T16:50:18.537+0000] {processor.py:840} INFO - DAG(s) 'example_sensor_decorator' retrieved from /home/airflow/.local/lib/python3.8/site-packages/airflow/example_dags/example_sensor_decorator.py
[2024-04-20T16:50:18.554+0000] {logging_mixin.py:188} INFO - [2024-04-20T16:50:18.553+0000] {dag.py:3047} INFO - Sync 1 DAGs
[2024-04-20T16:50:18.563+0000] {logging_mixin.py:188} INFO - [2024-04-20T16:50:18.563+0000] {dag.py:3834} INFO - Setting next_dagrun for example_sensor_decorator to None, run_after=None
[2024-04-20T16:50:18.721+0000] {processor.py:183} INFO - Processing /home/airflow/.local/lib/python3.8/site-packages/airflow/example_dags/example_sensor_decorator.py took 0.193 seconds
[2024-04-20T16:50:48.949+0000] {processor.py:161} INFO - Started process (PID=3113) to work on /home/airflow/.local/lib/python3.8/site-packages/airflow/example_dags/example_sensor_decorator.py
[2024-04-20T16:50:48.950+0000] {processor.py:830} INFO - Processing file /home/airflow/.local/lib/python3.8/site-packages/airflow/example_dags/example_sensor_decorator.py for tasks to queue
[2024-04-20T16:50:48.951+0000] {logging_mixin.py:188} INFO - [2024-04-20T16:50:48.951+0000] {dagbag.py:540} INFO - Filling up the DagBag from /home/airflow/.local/lib/python3.8/site-packages/airflow/example_dags/example_sensor_decorator.py
[2024-04-20T16:50:48.958+0000] {processor.py:840} INFO - DAG(s) 'example_sensor_decorator' retrieved from /home/airflow/.local/lib/python3.8/site-packages/airflow/example_dags/example_sensor_decorator.py
[2024-04-20T16:50:48.979+0000] {logging_mixin.py:188} INFO - [2024-04-20T16:50:48.979+0000] {dag.py:3047} INFO - Sync 1 DAGs
[2024-04-20T16:50:48.994+0000] {logging_mixin.py:188} INFO - [2024-04-20T16:50:48.994+0000] {dag.py:3834} INFO - Setting next_dagrun for example_sensor_decorator to None, run_after=None
[2024-04-20T16:50:49.168+0000] {processor.py:183} INFO - Processing /home/airflow/.local/lib/python3.8/site-packages/airflow/example_dags/example_sensor_decorator.py took 0.224 seconds
[2024-04-20T16:51:19.680+0000] {processor.py:161} INFO - Started process (PID=3370) to work on /home/airflow/.local/lib/python3.8/site-packages/airflow/example_dags/example_sensor_decorator.py
[2024-04-20T16:51:19.681+0000] {processor.py:830} INFO - Processing file /home/airflow/.local/lib/python3.8/site-packages/airflow/example_dags/example_sensor_decorator.py for tasks to queue
[2024-04-20T16:51:19.682+0000] {logging_mixin.py:188} INFO - [2024-04-20T16:51:19.682+0000] {dagbag.py:540} INFO - Filling up the DagBag from /home/airflow/.local/lib/python3.8/site-packages/airflow/example_dags/example_sensor_decorator.py
[2024-04-20T16:51:19.689+0000] {processor.py:840} INFO - DAG(s) 'example_sensor_decorator' retrieved from /home/airflow/.local/lib/python3.8/site-packages/airflow/example_dags/example_sensor_decorator.py
[2024-04-20T16:51:19.706+0000] {logging_mixin.py:188} INFO - [2024-04-20T16:51:19.706+0000] {dag.py:3047} INFO - Sync 1 DAGs
[2024-04-20T16:51:19.716+0000] {logging_mixin.py:188} INFO - [2024-04-20T16:51:19.716+0000] {dag.py:3834} INFO - Setting next_dagrun for example_sensor_decorator to None, run_after=None
[2024-04-20T16:51:19.915+0000] {processor.py:183} INFO - Processing /home/airflow/.local/lib/python3.8/site-packages/airflow/example_dags/example_sensor_decorator.py took 0.239 seconds
[2024-04-20T16:51:51.209+0000] {processor.py:161} INFO - Started process (PID=3629) to work on /home/airflow/.local/lib/python3.8/site-packages/airflow/example_dags/example_sensor_decorator.py
[2024-04-20T16:51:51.210+0000] {processor.py:830} INFO - Processing file /home/airflow/.local/lib/python3.8/site-packages/airflow/example_dags/example_sensor_decorator.py for tasks to queue
[2024-04-20T16:51:51.212+0000] {logging_mixin.py:188} INFO - [2024-04-20T16:51:51.211+0000] {dagbag.py:540} INFO - Filling up the DagBag from /home/airflow/.local/lib/python3.8/site-packages/airflow/example_dags/example_sensor_decorator.py
[2024-04-20T16:51:51.218+0000] {processor.py:840} INFO - DAG(s) 'example_sensor_decorator' retrieved from /home/airflow/.local/lib/python3.8/site-packages/airflow/example_dags/example_sensor_decorator.py
[2024-04-20T16:51:51.240+0000] {logging_mixin.py:188} INFO - [2024-04-20T16:51:51.240+0000] {dag.py:3047} INFO - Sync 1 DAGs
[2024-04-20T16:51:51.255+0000] {logging_mixin.py:188} INFO - [2024-04-20T16:51:51.255+0000] {dag.py:3834} INFO - Setting next_dagrun for example_sensor_decorator to None, run_after=None
[2024-04-20T16:51:51.378+0000] {processor.py:183} INFO - Processing /home/airflow/.local/lib/python3.8/site-packages/airflow/example_dags/example_sensor_decorator.py took 0.172 seconds
[2024-04-20T16:52:21.431+0000] {processor.py:161} INFO - Started process (PID=3884) to work on /home/airflow/.local/lib/python3.8/site-packages/airflow/example_dags/example_sensor_decorator.py
[2024-04-20T16:52:21.432+0000] {processor.py:830} INFO - Processing file /home/airflow/.local/lib/python3.8/site-packages/airflow/example_dags/example_sensor_decorator.py for tasks to queue
[2024-04-20T16:52:21.433+0000] {logging_mixin.py:188} INFO - [2024-04-20T16:52:21.433+0000] {dagbag.py:540} INFO - Filling up the DagBag from /home/airflow/.local/lib/python3.8/site-packages/airflow/example_dags/example_sensor_decorator.py
[2024-04-20T16:52:21.437+0000] {processor.py:840} INFO - DAG(s) 'example_sensor_decorator' retrieved from /home/airflow/.local/lib/python3.8/site-packages/airflow/example_dags/example_sensor_decorator.py
[2024-04-20T16:52:21.454+0000] {logging_mixin.py:188} INFO - [2024-04-20T16:52:21.453+0000] {dag.py:3047} INFO - Sync 1 DAGs
[2024-04-20T16:52:21.463+0000] {logging_mixin.py:188} INFO - [2024-04-20T16:52:21.463+0000] {dag.py:3834} INFO - Setting next_dagrun for example_sensor_decorator to None, run_after=None
[2024-04-20T16:52:21.620+0000] {processor.py:183} INFO - Processing /home/airflow/.local/lib/python3.8/site-packages/airflow/example_dags/example_sensor_decorator.py took 0.192 seconds
[2024-04-20T16:52:52.074+0000] {processor.py:161} INFO - Started process (PID=4143) to work on /home/airflow/.local/lib/python3.8/site-packages/airflow/example_dags/example_sensor_decorator.py
[2024-04-20T16:52:52.075+0000] {processor.py:830} INFO - Processing file /home/airflow/.local/lib/python3.8/site-packages/airflow/example_dags/example_sensor_decorator.py for tasks to queue
[2024-04-20T16:52:52.075+0000] {logging_mixin.py:188} INFO - [2024-04-20T16:52:52.075+0000] {dagbag.py:540} INFO - Filling up the DagBag from /home/airflow/.local/lib/python3.8/site-packages/airflow/example_dags/example_sensor_decorator.py
[2024-04-20T16:52:52.080+0000] {processor.py:840} INFO - DAG(s) 'example_sensor_decorator' retrieved from /home/airflow/.local/lib/python3.8/site-packages/airflow/example_dags/example_sensor_decorator.py
[2024-04-20T16:52:52.096+0000] {logging_mixin.py:188} INFO - [2024-04-20T16:52:52.096+0000] {dag.py:3047} INFO - Sync 1 DAGs
[2024-04-20T16:52:52.105+0000] {logging_mixin.py:188} INFO - [2024-04-20T16:52:52.105+0000] {dag.py:3834} INFO - Setting next_dagrun for example_sensor_decorator to None, run_after=None
[2024-04-20T16:52:52.226+0000] {processor.py:183} INFO - Processing /home/airflow/.local/lib/python3.8/site-packages/airflow/example_dags/example_sensor_decorator.py took 0.155 seconds
[2024-04-20T16:53:22.661+0000] {processor.py:161} INFO - Started process (PID=4399) to work on /home/airflow/.local/lib/python3.8/site-packages/airflow/example_dags/example_sensor_decorator.py
[2024-04-20T16:53:22.661+0000] {processor.py:830} INFO - Processing file /home/airflow/.local/lib/python3.8/site-packages/airflow/example_dags/example_sensor_decorator.py for tasks to queue
[2024-04-20T16:53:22.662+0000] {logging_mixin.py:188} INFO - [2024-04-20T16:53:22.662+0000] {dagbag.py:540} INFO - Filling up the DagBag from /home/airflow/.local/lib/python3.8/site-packages/airflow/example_dags/example_sensor_decorator.py
[2024-04-20T16:53:22.667+0000] {processor.py:840} INFO - DAG(s) 'example_sensor_decorator' retrieved from /home/airflow/.local/lib/python3.8/site-packages/airflow/example_dags/example_sensor_decorator.py
[2024-04-20T16:53:22.683+0000] {logging_mixin.py:188} INFO - [2024-04-20T16:53:22.683+0000] {dag.py:3047} INFO - Sync 1 DAGs
[2024-04-20T16:53:22.692+0000] {logging_mixin.py:188} INFO - [2024-04-20T16:53:22.692+0000] {dag.py:3834} INFO - Setting next_dagrun for example_sensor_decorator to None, run_after=None
[2024-04-20T16:53:22.851+0000] {processor.py:183} INFO - Processing /home/airflow/.local/lib/python3.8/site-packages/airflow/example_dags/example_sensor_decorator.py took 0.193 seconds
[2024-04-20T16:53:53.348+0000] {processor.py:161} INFO - Started process (PID=4656) to work on /home/airflow/.local/lib/python3.8/site-packages/airflow/example_dags/example_sensor_decorator.py
[2024-04-20T16:53:53.348+0000] {processor.py:830} INFO - Processing file /home/airflow/.local/lib/python3.8/site-packages/airflow/example_dags/example_sensor_decorator.py for tasks to queue
[2024-04-20T16:53:53.349+0000] {logging_mixin.py:188} INFO - [2024-04-20T16:53:53.349+0000] {dagbag.py:540} INFO - Filling up the DagBag from /home/airflow/.local/lib/python3.8/site-packages/airflow/example_dags/example_sensor_decorator.py
[2024-04-20T16:53:53.354+0000] {processor.py:840} INFO - DAG(s) 'example_sensor_decorator' retrieved from /home/airflow/.local/lib/python3.8/site-packages/airflow/example_dags/example_sensor_decorator.py
[2024-04-20T16:53:53.370+0000] {logging_mixin.py:188} INFO - [2024-04-20T16:53:53.369+0000] {dag.py:3047} INFO - Sync 1 DAGs
[2024-04-20T16:53:53.379+0000] {logging_mixin.py:188} INFO - [2024-04-20T16:53:53.379+0000] {dag.py:3834} INFO - Setting next_dagrun for example_sensor_decorator to None, run_after=None
[2024-04-20T16:53:53.540+0000] {processor.py:183} INFO - Processing /home/airflow/.local/lib/python3.8/site-packages/airflow/example_dags/example_sensor_decorator.py took 0.195 seconds
[2024-04-20T16:54:23.919+0000] {processor.py:161} INFO - Started process (PID=4912) to work on /home/airflow/.local/lib/python3.8/site-packages/airflow/example_dags/example_sensor_decorator.py
[2024-04-20T16:54:23.920+0000] {processor.py:830} INFO - Processing file /home/airflow/.local/lib/python3.8/site-packages/airflow/example_dags/example_sensor_decorator.py for tasks to queue
[2024-04-20T16:54:23.921+0000] {logging_mixin.py:188} INFO - [2024-04-20T16:54:23.920+0000] {dagbag.py:540} INFO - Filling up the DagBag from /home/airflow/.local/lib/python3.8/site-packages/airflow/example_dags/example_sensor_decorator.py
[2024-04-20T16:54:23.929+0000] {processor.py:840} INFO - DAG(s) 'example_sensor_decorator' retrieved from /home/airflow/.local/lib/python3.8/site-packages/airflow/example_dags/example_sensor_decorator.py
[2024-04-20T16:54:23.969+0000] {logging_mixin.py:188} INFO - [2024-04-20T16:54:23.969+0000] {dag.py:3047} INFO - Sync 1 DAGs
[2024-04-20T16:54:23.981+0000] {logging_mixin.py:188} INFO - [2024-04-20T16:54:23.981+0000] {dag.py:3834} INFO - Setting next_dagrun for example_sensor_decorator to None, run_after=None
[2024-04-20T16:54:24.750+0000] {processor.py:183} INFO - Processing /home/airflow/.local/lib/python3.8/site-packages/airflow/example_dags/example_sensor_decorator.py took 0.834 seconds
[2024-04-20T16:54:55.236+0000] {processor.py:161} INFO - Started process (PID=5170) to work on /home/airflow/.local/lib/python3.8/site-packages/airflow/example_dags/example_sensor_decorator.py
[2024-04-20T16:54:55.238+0000] {processor.py:830} INFO - Processing file /home/airflow/.local/lib/python3.8/site-packages/airflow/example_dags/example_sensor_decorator.py for tasks to queue
[2024-04-20T16:54:55.239+0000] {logging_mixin.py:188} INFO - [2024-04-20T16:54:55.238+0000] {dagbag.py:540} INFO - Filling up the DagBag from /home/airflow/.local/lib/python3.8/site-packages/airflow/example_dags/example_sensor_decorator.py
[2024-04-20T16:54:55.245+0000] {processor.py:840} INFO - DAG(s) 'example_sensor_decorator' retrieved from /home/airflow/.local/lib/python3.8/site-packages/airflow/example_dags/example_sensor_decorator.py
[2024-04-20T16:54:55.267+0000] {logging_mixin.py:188} INFO - [2024-04-20T16:54:55.267+0000] {dag.py:3047} INFO - Sync 1 DAGs
[2024-04-20T16:54:55.281+0000] {logging_mixin.py:188} INFO - [2024-04-20T16:54:55.281+0000] {dag.py:3834} INFO - Setting next_dagrun for example_sensor_decorator to None, run_after=None
[2024-04-20T16:54:55.405+0000] {processor.py:183} INFO - Processing /home/airflow/.local/lib/python3.8/site-packages/airflow/example_dags/example_sensor_decorator.py took 0.173 seconds
[2024-04-20T16:55:25.809+0000] {processor.py:161} INFO - Started process (PID=5427) to work on /home/airflow/.local/lib/python3.8/site-packages/airflow/example_dags/example_sensor_decorator.py
[2024-04-20T16:55:25.810+0000] {processor.py:830} INFO - Processing file /home/airflow/.local/lib/python3.8/site-packages/airflow/example_dags/example_sensor_decorator.py for tasks to queue
[2024-04-20T16:55:25.812+0000] {logging_mixin.py:188} INFO - [2024-04-20T16:55:25.811+0000] {dagbag.py:540} INFO - Filling up the DagBag from /home/airflow/.local/lib/python3.8/site-packages/airflow/example_dags/example_sensor_decorator.py
[2024-04-20T16:55:25.818+0000] {processor.py:840} INFO - DAG(s) 'example_sensor_decorator' retrieved from /home/airflow/.local/lib/python3.8/site-packages/airflow/example_dags/example_sensor_decorator.py
[2024-04-20T16:55:25.841+0000] {logging_mixin.py:188} INFO - [2024-04-20T16:55:25.841+0000] {dag.py:3047} INFO - Sync 1 DAGs
[2024-04-20T16:55:25.857+0000] {logging_mixin.py:188} INFO - [2024-04-20T16:55:25.856+0000] {dag.py:3834} INFO - Setting next_dagrun for example_sensor_decorator to None, run_after=None
[2024-04-20T16:55:26.088+0000] {processor.py:183} INFO - Processing /home/airflow/.local/lib/python3.8/site-packages/airflow/example_dags/example_sensor_decorator.py took 0.283 seconds
[2024-04-20T16:55:56.226+0000] {processor.py:161} INFO - Started process (PID=5687) to work on /home/airflow/.local/lib/python3.8/site-packages/airflow/example_dags/example_sensor_decorator.py
[2024-04-20T16:55:56.227+0000] {processor.py:830} INFO - Processing file /home/airflow/.local/lib/python3.8/site-packages/airflow/example_dags/example_sensor_decorator.py for tasks to queue
[2024-04-20T16:55:56.228+0000] {logging_mixin.py:188} INFO - [2024-04-20T16:55:56.228+0000] {dagbag.py:540} INFO - Filling up the DagBag from /home/airflow/.local/lib/python3.8/site-packages/airflow/example_dags/example_sensor_decorator.py
[2024-04-20T16:55:56.235+0000] {processor.py:840} INFO - DAG(s) 'example_sensor_decorator' retrieved from /home/airflow/.local/lib/python3.8/site-packages/airflow/example_dags/example_sensor_decorator.py
[2024-04-20T16:55:56.260+0000] {logging_mixin.py:188} INFO - [2024-04-20T16:55:56.260+0000] {dag.py:3047} INFO - Sync 1 DAGs
[2024-04-20T16:55:56.275+0000] {logging_mixin.py:188} INFO - [2024-04-20T16:55:56.275+0000] {dag.py:3834} INFO - Setting next_dagrun for example_sensor_decorator to None, run_after=None
[2024-04-20T16:55:56.414+0000] {processor.py:183} INFO - Processing /home/airflow/.local/lib/python3.8/site-packages/airflow/example_dags/example_sensor_decorator.py took 0.191 seconds
[2024-04-20T16:56:26.524+0000] {processor.py:161} INFO - Started process (PID=5944) to work on /home/airflow/.local/lib/python3.8/site-packages/airflow/example_dags/example_sensor_decorator.py
[2024-04-20T16:56:26.524+0000] {processor.py:830} INFO - Processing file /home/airflow/.local/lib/python3.8/site-packages/airflow/example_dags/example_sensor_decorator.py for tasks to queue
[2024-04-20T16:56:26.525+0000] {logging_mixin.py:188} INFO - [2024-04-20T16:56:26.525+0000] {dagbag.py:540} INFO - Filling up the DagBag from /home/airflow/.local/lib/python3.8/site-packages/airflow/example_dags/example_sensor_decorator.py
[2024-04-20T16:56:26.530+0000] {processor.py:840} INFO - DAG(s) 'example_sensor_decorator' retrieved from /home/airflow/.local/lib/python3.8/site-packages/airflow/example_dags/example_sensor_decorator.py
[2024-04-20T16:56:26.547+0000] {logging_mixin.py:188} INFO - [2024-04-20T16:56:26.547+0000] {dag.py:3047} INFO - Sync 1 DAGs
[2024-04-20T16:56:26.557+0000] {logging_mixin.py:188} INFO - [2024-04-20T16:56:26.557+0000] {dag.py:3834} INFO - Setting next_dagrun for example_sensor_decorator to None, run_after=None
[2024-04-20T16:56:26.678+0000] {processor.py:183} INFO - Processing /home/airflow/.local/lib/python3.8/site-packages/airflow/example_dags/example_sensor_decorator.py took 0.157 seconds
[2024-04-20T16:56:57.855+0000] {processor.py:161} INFO - Started process (PID=6201) to work on /home/airflow/.local/lib/python3.8/site-packages/airflow/example_dags/example_sensor_decorator.py
[2024-04-20T16:56:57.856+0000] {processor.py:830} INFO - Processing file /home/airflow/.local/lib/python3.8/site-packages/airflow/example_dags/example_sensor_decorator.py for tasks to queue
[2024-04-20T16:56:57.857+0000] {logging_mixin.py:188} INFO - [2024-04-20T16:56:57.856+0000] {dagbag.py:540} INFO - Filling up the DagBag from /home/airflow/.local/lib/python3.8/site-packages/airflow/example_dags/example_sensor_decorator.py
[2024-04-20T16:56:57.861+0000] {processor.py:840} INFO - DAG(s) 'example_sensor_decorator' retrieved from /home/airflow/.local/lib/python3.8/site-packages/airflow/example_dags/example_sensor_decorator.py
[2024-04-20T16:56:57.877+0000] {logging_mixin.py:188} INFO - [2024-04-20T16:56:57.877+0000] {dag.py:3047} INFO - Sync 1 DAGs
[2024-04-20T16:56:57.887+0000] {logging_mixin.py:188} INFO - [2024-04-20T16:56:57.886+0000] {dag.py:3834} INFO - Setting next_dagrun for example_sensor_decorator to None, run_after=None
[2024-04-20T16:56:58.093+0000] {processor.py:183} INFO - Processing /home/airflow/.local/lib/python3.8/site-packages/airflow/example_dags/example_sensor_decorator.py took 0.241 seconds
[2024-04-20T16:57:28.301+0000] {processor.py:161} INFO - Started process (PID=6457) to work on /home/airflow/.local/lib/python3.8/site-packages/airflow/example_dags/example_sensor_decorator.py
[2024-04-20T16:57:28.302+0000] {processor.py:830} INFO - Processing file /home/airflow/.local/lib/python3.8/site-packages/airflow/example_dags/example_sensor_decorator.py for tasks to queue
[2024-04-20T16:57:28.303+0000] {logging_mixin.py:188} INFO - [2024-04-20T16:57:28.303+0000] {dagbag.py:540} INFO - Filling up the DagBag from /home/airflow/.local/lib/python3.8/site-packages/airflow/example_dags/example_sensor_decorator.py
[2024-04-20T16:57:28.310+0000] {processor.py:840} INFO - DAG(s) 'example_sensor_decorator' retrieved from /home/airflow/.local/lib/python3.8/site-packages/airflow/example_dags/example_sensor_decorator.py
[2024-04-20T16:57:28.330+0000] {logging_mixin.py:188} INFO - [2024-04-20T16:57:28.330+0000] {dag.py:3047} INFO - Sync 1 DAGs
[2024-04-20T16:57:28.339+0000] {logging_mixin.py:188} INFO - [2024-04-20T16:57:28.339+0000] {dag.py:3834} INFO - Setting next_dagrun for example_sensor_decorator to None, run_after=None
[2024-04-20T16:57:28.692+0000] {processor.py:183} INFO - Processing /home/airflow/.local/lib/python3.8/site-packages/airflow/example_dags/example_sensor_decorator.py took 0.394 seconds
[2024-04-20T16:57:59.061+0000] {processor.py:161} INFO - Started process (PID=6714) to work on /home/airflow/.local/lib/python3.8/site-packages/airflow/example_dags/example_sensor_decorator.py
[2024-04-20T16:57:59.062+0000] {processor.py:830} INFO - Processing file /home/airflow/.local/lib/python3.8/site-packages/airflow/example_dags/example_sensor_decorator.py for tasks to queue
[2024-04-20T16:57:59.062+0000] {logging_mixin.py:188} INFO - [2024-04-20T16:57:59.062+0000] {dagbag.py:540} INFO - Filling up the DagBag from /home/airflow/.local/lib/python3.8/site-packages/airflow/example_dags/example_sensor_decorator.py
[2024-04-20T16:57:59.067+0000] {processor.py:840} INFO - DAG(s) 'example_sensor_decorator' retrieved from /home/airflow/.local/lib/python3.8/site-packages/airflow/example_dags/example_sensor_decorator.py
[2024-04-20T16:57:59.083+0000] {logging_mixin.py:188} INFO - [2024-04-20T16:57:59.083+0000] {dag.py:3047} INFO - Sync 1 DAGs
[2024-04-20T16:57:59.093+0000] {logging_mixin.py:188} INFO - [2024-04-20T16:57:59.093+0000] {dag.py:3834} INFO - Setting next_dagrun for example_sensor_decorator to None, run_after=None
[2024-04-20T16:57:59.252+0000] {processor.py:183} INFO - Processing /home/airflow/.local/lib/python3.8/site-packages/airflow/example_dags/example_sensor_decorator.py took 0.194 seconds
[2024-04-20T16:58:29.400+0000] {processor.py:161} INFO - Started process (PID=6973) to work on /home/airflow/.local/lib/python3.8/site-packages/airflow/example_dags/example_sensor_decorator.py
[2024-04-20T16:58:29.400+0000] {processor.py:830} INFO - Processing file /home/airflow/.local/lib/python3.8/site-packages/airflow/example_dags/example_sensor_decorator.py for tasks to queue
[2024-04-20T16:58:29.401+0000] {logging_mixin.py:188} INFO - [2024-04-20T16:58:29.401+0000] {dagbag.py:540} INFO - Filling up the DagBag from /home/airflow/.local/lib/python3.8/site-packages/airflow/example_dags/example_sensor_decorator.py
[2024-04-20T16:58:29.406+0000] {processor.py:840} INFO - DAG(s) 'example_sensor_decorator' retrieved from /home/airflow/.local/lib/python3.8/site-packages/airflow/example_dags/example_sensor_decorator.py
[2024-04-20T16:58:29.422+0000] {logging_mixin.py:188} INFO - [2024-04-20T16:58:29.422+0000] {dag.py:3047} INFO - Sync 1 DAGs
[2024-04-20T16:58:29.432+0000] {logging_mixin.py:188} INFO - [2024-04-20T16:58:29.431+0000] {dag.py:3834} INFO - Setting next_dagrun for example_sensor_decorator to None, run_after=None
[2024-04-20T16:58:29.592+0000] {processor.py:183} INFO - Processing /home/airflow/.local/lib/python3.8/site-packages/airflow/example_dags/example_sensor_decorator.py took 0.195 seconds
[2024-04-20T16:59:00.161+0000] {processor.py:161} INFO - Started process (PID=7230) to work on /home/airflow/.local/lib/python3.8/site-packages/airflow/example_dags/example_sensor_decorator.py
[2024-04-20T16:59:00.162+0000] {processor.py:830} INFO - Processing file /home/airflow/.local/lib/python3.8/site-packages/airflow/example_dags/example_sensor_decorator.py for tasks to queue
[2024-04-20T16:59:00.163+0000] {logging_mixin.py:188} INFO - [2024-04-20T16:59:00.162+0000] {dagbag.py:540} INFO - Filling up the DagBag from /home/airflow/.local/lib/python3.8/site-packages/airflow/example_dags/example_sensor_decorator.py
[2024-04-20T16:59:00.167+0000] {processor.py:840} INFO - DAG(s) 'example_sensor_decorator' retrieved from /home/airflow/.local/lib/python3.8/site-packages/airflow/example_dags/example_sensor_decorator.py
[2024-04-20T16:59:00.183+0000] {logging_mixin.py:188} INFO - [2024-04-20T16:59:00.183+0000] {dag.py:3047} INFO - Sync 1 DAGs
[2024-04-20T16:59:00.196+0000] {logging_mixin.py:188} INFO - [2024-04-20T16:59:00.196+0000] {dag.py:3834} INFO - Setting next_dagrun for example_sensor_decorator to None, run_after=None
[2024-04-20T16:59:00.352+0000] {processor.py:183} INFO - Processing /home/airflow/.local/lib/python3.8/site-packages/airflow/example_dags/example_sensor_decorator.py took 0.193 seconds
[2024-04-20T16:59:31.311+0000] {processor.py:161} INFO - Started process (PID=7489) to work on /home/airflow/.local/lib/python3.8/site-packages/airflow/example_dags/example_sensor_decorator.py
[2024-04-20T16:59:31.312+0000] {processor.py:830} INFO - Processing file /home/airflow/.local/lib/python3.8/site-packages/airflow/example_dags/example_sensor_decorator.py for tasks to queue
[2024-04-20T16:59:31.313+0000] {logging_mixin.py:188} INFO - [2024-04-20T16:59:31.313+0000] {dagbag.py:540} INFO - Filling up the DagBag from /home/airflow/.local/lib/python3.8/site-packages/airflow/example_dags/example_sensor_decorator.py
[2024-04-20T16:59:31.319+0000] {processor.py:840} INFO - DAG(s) 'example_sensor_decorator' retrieved from /home/airflow/.local/lib/python3.8/site-packages/airflow/example_dags/example_sensor_decorator.py
[2024-04-20T16:59:31.344+0000] {logging_mixin.py:188} INFO - [2024-04-20T16:59:31.343+0000] {dag.py:3047} INFO - Sync 1 DAGs
[2024-04-20T16:59:31.358+0000] {logging_mixin.py:188} INFO - [2024-04-20T16:59:31.358+0000] {dag.py:3834} INFO - Setting next_dagrun for example_sensor_decorator to None, run_after=None
[2024-04-20T16:59:31.605+0000] {processor.py:183} INFO - Processing /home/airflow/.local/lib/python3.8/site-packages/airflow/example_dags/example_sensor_decorator.py took 0.297 seconds
[2024-04-20T17:00:02.427+0000] {processor.py:161} INFO - Started process (PID=7746) to work on /home/airflow/.local/lib/python3.8/site-packages/airflow/example_dags/example_sensor_decorator.py
[2024-04-20T17:00:02.428+0000] {processor.py:830} INFO - Processing file /home/airflow/.local/lib/python3.8/site-packages/airflow/example_dags/example_sensor_decorator.py for tasks to queue
[2024-04-20T17:00:02.430+0000] {logging_mixin.py:188} INFO - [2024-04-20T17:00:02.429+0000] {dagbag.py:540} INFO - Filling up the DagBag from /home/airflow/.local/lib/python3.8/site-packages/airflow/example_dags/example_sensor_decorator.py
[2024-04-20T17:00:02.436+0000] {processor.py:840} INFO - DAG(s) 'example_sensor_decorator' retrieved from /home/airflow/.local/lib/python3.8/site-packages/airflow/example_dags/example_sensor_decorator.py
[2024-04-20T17:00:02.460+0000] {logging_mixin.py:188} INFO - [2024-04-20T17:00:02.460+0000] {dag.py:3047} INFO - Sync 1 DAGs
[2024-04-20T17:00:02.475+0000] {logging_mixin.py:188} INFO - [2024-04-20T17:00:02.475+0000] {dag.py:3834} INFO - Setting next_dagrun for example_sensor_decorator to None, run_after=None
[2024-04-20T17:00:02.599+0000] {processor.py:183} INFO - Processing /home/airflow/.local/lib/python3.8/site-packages/airflow/example_dags/example_sensor_decorator.py took 0.175 seconds
[2024-04-20T17:00:32.838+0000] {processor.py:161} INFO - Started process (PID=8003) to work on /home/airflow/.local/lib/python3.8/site-packages/airflow/example_dags/example_sensor_decorator.py
[2024-04-20T17:00:32.839+0000] {processor.py:830} INFO - Processing file /home/airflow/.local/lib/python3.8/site-packages/airflow/example_dags/example_sensor_decorator.py for tasks to queue
[2024-04-20T17:00:32.840+0000] {logging_mixin.py:188} INFO - [2024-04-20T17:00:32.840+0000] {dagbag.py:540} INFO - Filling up the DagBag from /home/airflow/.local/lib/python3.8/site-packages/airflow/example_dags/example_sensor_decorator.py
[2024-04-20T17:00:32.847+0000] {processor.py:840} INFO - DAG(s) 'example_sensor_decorator' retrieved from /home/airflow/.local/lib/python3.8/site-packages/airflow/example_dags/example_sensor_decorator.py
[2024-04-20T17:00:32.870+0000] {logging_mixin.py:188} INFO - [2024-04-20T17:00:32.869+0000] {dag.py:3047} INFO - Sync 1 DAGs
[2024-04-20T17:00:32.884+0000] {logging_mixin.py:188} INFO - [2024-04-20T17:00:32.884+0000] {dag.py:3834} INFO - Setting next_dagrun for example_sensor_decorator to None, run_after=None
[2024-04-20T17:00:33.057+0000] {processor.py:183} INFO - Processing /home/airflow/.local/lib/python3.8/site-packages/airflow/example_dags/example_sensor_decorator.py took 0.223 seconds
[2024-04-20T17:01:03.409+0000] {processor.py:161} INFO - Started process (PID=8261) to work on /home/airflow/.local/lib/python3.8/site-packages/airflow/example_dags/example_sensor_decorator.py
[2024-04-20T17:01:03.410+0000] {processor.py:830} INFO - Processing file /home/airflow/.local/lib/python3.8/site-packages/airflow/example_dags/example_sensor_decorator.py for tasks to queue
[2024-04-20T17:01:03.411+0000] {logging_mixin.py:188} INFO - [2024-04-20T17:01:03.411+0000] {dagbag.py:540} INFO - Filling up the DagBag from /home/airflow/.local/lib/python3.8/site-packages/airflow/example_dags/example_sensor_decorator.py
[2024-04-20T17:01:03.418+0000] {processor.py:840} INFO - DAG(s) 'example_sensor_decorator' retrieved from /home/airflow/.local/lib/python3.8/site-packages/airflow/example_dags/example_sensor_decorator.py
[2024-04-20T17:01:03.442+0000] {logging_mixin.py:188} INFO - [2024-04-20T17:01:03.441+0000] {dag.py:3047} INFO - Sync 1 DAGs
[2024-04-20T17:01:03.458+0000] {logging_mixin.py:188} INFO - [2024-04-20T17:01:03.458+0000] {dag.py:3834} INFO - Setting next_dagrun for example_sensor_decorator to None, run_after=None
[2024-04-20T17:01:03.591+0000] {processor.py:183} INFO - Processing /home/airflow/.local/lib/python3.8/site-packages/airflow/example_dags/example_sensor_decorator.py took 0.186 seconds
[2024-04-20T17:01:33.965+0000] {processor.py:161} INFO - Started process (PID=8519) to work on /home/airflow/.local/lib/python3.8/site-packages/airflow/example_dags/example_sensor_decorator.py
[2024-04-20T17:01:33.966+0000] {processor.py:830} INFO - Processing file /home/airflow/.local/lib/python3.8/site-packages/airflow/example_dags/example_sensor_decorator.py for tasks to queue
[2024-04-20T17:01:33.966+0000] {logging_mixin.py:188} INFO - [2024-04-20T17:01:33.966+0000] {dagbag.py:540} INFO - Filling up the DagBag from /home/airflow/.local/lib/python3.8/site-packages/airflow/example_dags/example_sensor_decorator.py
[2024-04-20T17:01:33.973+0000] {processor.py:840} INFO - DAG(s) 'example_sensor_decorator' retrieved from /home/airflow/.local/lib/python3.8/site-packages/airflow/example_dags/example_sensor_decorator.py
[2024-04-20T17:01:33.996+0000] {logging_mixin.py:188} INFO - [2024-04-20T17:01:33.995+0000] {dag.py:3047} INFO - Sync 1 DAGs
[2024-04-20T17:01:34.014+0000] {logging_mixin.py:188} INFO - [2024-04-20T17:01:34.014+0000] {dag.py:3834} INFO - Setting next_dagrun for example_sensor_decorator to None, run_after=None
[2024-04-20T17:01:34.187+0000] {processor.py:183} INFO - Processing /home/airflow/.local/lib/python3.8/site-packages/airflow/example_dags/example_sensor_decorator.py took 0.225 seconds
[2024-04-20T17:02:04.242+0000] {processor.py:161} INFO - Started process (PID=8776) to work on /home/airflow/.local/lib/python3.8/site-packages/airflow/example_dags/example_sensor_decorator.py
[2024-04-20T17:02:04.243+0000] {processor.py:830} INFO - Processing file /home/airflow/.local/lib/python3.8/site-packages/airflow/example_dags/example_sensor_decorator.py for tasks to queue
[2024-04-20T17:02:04.243+0000] {logging_mixin.py:188} INFO - [2024-04-20T17:02:04.243+0000] {dagbag.py:540} INFO - Filling up the DagBag from /home/airflow/.local/lib/python3.8/site-packages/airflow/example_dags/example_sensor_decorator.py
[2024-04-20T17:02:04.249+0000] {processor.py:840} INFO - DAG(s) 'example_sensor_decorator' retrieved from /home/airflow/.local/lib/python3.8/site-packages/airflow/example_dags/example_sensor_decorator.py
[2024-04-20T17:02:04.265+0000] {logging_mixin.py:188} INFO - [2024-04-20T17:02:04.265+0000] {dag.py:3047} INFO - Sync 1 DAGs
[2024-04-20T17:02:04.274+0000] {logging_mixin.py:188} INFO - [2024-04-20T17:02:04.274+0000] {dag.py:3834} INFO - Setting next_dagrun for example_sensor_decorator to None, run_after=None
[2024-04-20T17:02:04.398+0000] {processor.py:183} INFO - Processing /home/airflow/.local/lib/python3.8/site-packages/airflow/example_dags/example_sensor_decorator.py took 0.158 seconds
[2024-04-20T17:02:34.836+0000] {processor.py:161} INFO - Started process (PID=9034) to work on /home/airflow/.local/lib/python3.8/site-packages/airflow/example_dags/example_sensor_decorator.py
[2024-04-20T17:02:34.837+0000] {processor.py:830} INFO - Processing file /home/airflow/.local/lib/python3.8/site-packages/airflow/example_dags/example_sensor_decorator.py for tasks to queue
[2024-04-20T17:02:34.838+0000] {logging_mixin.py:188} INFO - [2024-04-20T17:02:34.837+0000] {dagbag.py:540} INFO - Filling up the DagBag from /home/airflow/.local/lib/python3.8/site-packages/airflow/example_dags/example_sensor_decorator.py
[2024-04-20T17:02:34.844+0000] {processor.py:840} INFO - DAG(s) 'example_sensor_decorator' retrieved from /home/airflow/.local/lib/python3.8/site-packages/airflow/example_dags/example_sensor_decorator.py
[2024-04-20T17:02:34.868+0000] {logging_mixin.py:188} INFO - [2024-04-20T17:02:34.867+0000] {dag.py:3047} INFO - Sync 1 DAGs
[2024-04-20T17:02:34.882+0000] {logging_mixin.py:188} INFO - [2024-04-20T17:02:34.882+0000] {dag.py:3834} INFO - Setting next_dagrun for example_sensor_decorator to None, run_after=None
[2024-04-20T17:02:35.058+0000] {processor.py:183} INFO - Processing /home/airflow/.local/lib/python3.8/site-packages/airflow/example_dags/example_sensor_decorator.py took 0.225 seconds
[2024-04-20T17:03:05.758+0000] {processor.py:161} INFO - Started process (PID=9292) to work on /home/airflow/.local/lib/python3.8/site-packages/airflow/example_dags/example_sensor_decorator.py
[2024-04-20T17:03:05.759+0000] {processor.py:830} INFO - Processing file /home/airflow/.local/lib/python3.8/site-packages/airflow/example_dags/example_sensor_decorator.py for tasks to queue
[2024-04-20T17:03:05.760+0000] {logging_mixin.py:188} INFO - [2024-04-20T17:03:05.759+0000] {dagbag.py:540} INFO - Filling up the DagBag from /home/airflow/.local/lib/python3.8/site-packages/airflow/example_dags/example_sensor_decorator.py
[2024-04-20T17:03:05.766+0000] {processor.py:840} INFO - DAG(s) 'example_sensor_decorator' retrieved from /home/airflow/.local/lib/python3.8/site-packages/airflow/example_dags/example_sensor_decorator.py
[2024-04-20T17:03:05.789+0000] {logging_mixin.py:188} INFO - [2024-04-20T17:03:05.789+0000] {dag.py:3047} INFO - Sync 1 DAGs
[2024-04-20T17:03:05.804+0000] {logging_mixin.py:188} INFO - [2024-04-20T17:03:05.804+0000] {dag.py:3834} INFO - Setting next_dagrun for example_sensor_decorator to None, run_after=None
[2024-04-20T17:03:05.928+0000] {processor.py:183} INFO - Processing /home/airflow/.local/lib/python3.8/site-packages/airflow/example_dags/example_sensor_decorator.py took 0.174 seconds
[2024-04-20T17:03:35.961+0000] {processor.py:161} INFO - Started process (PID=9549) to work on /home/airflow/.local/lib/python3.8/site-packages/airflow/example_dags/example_sensor_decorator.py
[2024-04-20T17:03:35.962+0000] {processor.py:830} INFO - Processing file /home/airflow/.local/lib/python3.8/site-packages/airflow/example_dags/example_sensor_decorator.py for tasks to queue
[2024-04-20T17:03:35.962+0000] {logging_mixin.py:188} INFO - [2024-04-20T17:03:35.962+0000] {dagbag.py:540} INFO - Filling up the DagBag from /home/airflow/.local/lib/python3.8/site-packages/airflow/example_dags/example_sensor_decorator.py
[2024-04-20T17:03:35.967+0000] {processor.py:840} INFO - DAG(s) 'example_sensor_decorator' retrieved from /home/airflow/.local/lib/python3.8/site-packages/airflow/example_dags/example_sensor_decorator.py
[2024-04-20T17:03:35.983+0000] {logging_mixin.py:188} INFO - [2024-04-20T17:03:35.983+0000] {dag.py:3047} INFO - Sync 1 DAGs
[2024-04-20T17:03:35.993+0000] {logging_mixin.py:188} INFO - [2024-04-20T17:03:35.993+0000] {dag.py:3834} INFO - Setting next_dagrun for example_sensor_decorator to None, run_after=None
[2024-04-20T17:03:36.117+0000] {processor.py:183} INFO - Processing /home/airflow/.local/lib/python3.8/site-packages/airflow/example_dags/example_sensor_decorator.py took 0.159 seconds
[2024-04-20T17:04:06.612+0000] {processor.py:161} INFO - Started process (PID=9804) to work on /home/airflow/.local/lib/python3.8/site-packages/airflow/example_dags/example_sensor_decorator.py
[2024-04-20T17:04:06.678+0000] {processor.py:830} INFO - Processing file /home/airflow/.local/lib/python3.8/site-packages/airflow/example_dags/example_sensor_decorator.py for tasks to queue
[2024-04-20T17:04:06.679+0000] {logging_mixin.py:188} INFO - [2024-04-20T17:04:06.678+0000] {dagbag.py:540} INFO - Filling up the DagBag from /home/airflow/.local/lib/python3.8/site-packages/airflow/example_dags/example_sensor_decorator.py
[2024-04-20T17:04:06.686+0000] {processor.py:840} INFO - DAG(s) 'example_sensor_decorator' retrieved from /home/airflow/.local/lib/python3.8/site-packages/airflow/example_dags/example_sensor_decorator.py
[2024-04-20T17:04:06.707+0000] {logging_mixin.py:188} INFO - [2024-04-20T17:04:06.707+0000] {dag.py:3047} INFO - Sync 1 DAGs
[2024-04-20T17:04:06.722+0000] {logging_mixin.py:188} INFO - [2024-04-20T17:04:06.721+0000] {dag.py:3834} INFO - Setting next_dagrun for example_sensor_decorator to None, run_after=None
[2024-04-20T17:04:06.952+0000] {processor.py:183} INFO - Processing /home/airflow/.local/lib/python3.8/site-packages/airflow/example_dags/example_sensor_decorator.py took 0.343 seconds
[2024-04-20T17:04:37.132+0000] {processor.py:161} INFO - Started process (PID=10061) to work on /home/airflow/.local/lib/python3.8/site-packages/airflow/example_dags/example_sensor_decorator.py
[2024-04-20T17:04:37.133+0000] {processor.py:830} INFO - Processing file /home/airflow/.local/lib/python3.8/site-packages/airflow/example_dags/example_sensor_decorator.py for tasks to queue
[2024-04-20T17:04:37.134+0000] {logging_mixin.py:188} INFO - [2024-04-20T17:04:37.134+0000] {dagbag.py:540} INFO - Filling up the DagBag from /home/airflow/.local/lib/python3.8/site-packages/airflow/example_dags/example_sensor_decorator.py
[2024-04-20T17:04:37.141+0000] {processor.py:840} INFO - DAG(s) 'example_sensor_decorator' retrieved from /home/airflow/.local/lib/python3.8/site-packages/airflow/example_dags/example_sensor_decorator.py
[2024-04-20T17:04:37.164+0000] {logging_mixin.py:188} INFO - [2024-04-20T17:04:37.164+0000] {dag.py:3047} INFO - Sync 1 DAGs
[2024-04-20T17:04:37.181+0000] {logging_mixin.py:188} INFO - [2024-04-20T17:04:37.181+0000] {dag.py:3834} INFO - Setting next_dagrun for example_sensor_decorator to None, run_after=None
[2024-04-20T17:04:37.358+0000] {processor.py:183} INFO - Processing /home/airflow/.local/lib/python3.8/site-packages/airflow/example_dags/example_sensor_decorator.py took 0.230 seconds
[2024-04-20T17:05:08.271+0000] {processor.py:161} INFO - Started process (PID=10320) to work on /home/airflow/.local/lib/python3.8/site-packages/airflow/example_dags/example_sensor_decorator.py
[2024-04-20T17:05:08.272+0000] {processor.py:830} INFO - Processing file /home/airflow/.local/lib/python3.8/site-packages/airflow/example_dags/example_sensor_decorator.py for tasks to queue
[2024-04-20T17:05:08.273+0000] {logging_mixin.py:188} INFO - [2024-04-20T17:05:08.273+0000] {dagbag.py:540} INFO - Filling up the DagBag from /home/airflow/.local/lib/python3.8/site-packages/airflow/example_dags/example_sensor_decorator.py
[2024-04-20T17:05:08.279+0000] {processor.py:840} INFO - DAG(s) 'example_sensor_decorator' retrieved from /home/airflow/.local/lib/python3.8/site-packages/airflow/example_dags/example_sensor_decorator.py
[2024-04-20T17:05:08.302+0000] {logging_mixin.py:188} INFO - [2024-04-20T17:05:08.301+0000] {dag.py:3047} INFO - Sync 1 DAGs
[2024-04-20T17:05:08.316+0000] {logging_mixin.py:188} INFO - [2024-04-20T17:05:08.316+0000] {dag.py:3834} INFO - Setting next_dagrun for example_sensor_decorator to None, run_after=None
[2024-04-20T17:05:08.621+0000] {processor.py:183} INFO - Processing /home/airflow/.local/lib/python3.8/site-packages/airflow/example_dags/example_sensor_decorator.py took 0.353 seconds
[2024-04-20T17:05:38.757+0000] {processor.py:161} INFO - Started process (PID=10571) to work on /home/airflow/.local/lib/python3.8/site-packages/airflow/example_dags/example_sensor_decorator.py
[2024-04-20T17:05:38.758+0000] {processor.py:830} INFO - Processing file /home/airflow/.local/lib/python3.8/site-packages/airflow/example_dags/example_sensor_decorator.py for tasks to queue
[2024-04-20T17:05:38.759+0000] {logging_mixin.py:188} INFO - [2024-04-20T17:05:38.759+0000] {dagbag.py:540} INFO - Filling up the DagBag from /home/airflow/.local/lib/python3.8/site-packages/airflow/example_dags/example_sensor_decorator.py
[2024-04-20T17:05:38.766+0000] {processor.py:840} INFO - DAG(s) 'example_sensor_decorator' retrieved from /home/airflow/.local/lib/python3.8/site-packages/airflow/example_dags/example_sensor_decorator.py
[2024-04-20T17:05:38.791+0000] {logging_mixin.py:188} INFO - [2024-04-20T17:05:38.791+0000] {dag.py:3047} INFO - Sync 1 DAGs
[2024-04-20T17:05:38.806+0000] {logging_mixin.py:188} INFO - [2024-04-20T17:05:38.806+0000] {dag.py:3834} INFO - Setting next_dagrun for example_sensor_decorator to None, run_after=None
[2024-04-20T17:05:38.934+0000] {processor.py:183} INFO - Processing /home/airflow/.local/lib/python3.8/site-packages/airflow/example_dags/example_sensor_decorator.py took 0.180 seconds
[2024-04-20T17:06:09.498+0000] {processor.py:161} INFO - Started process (PID=10828) to work on /home/airflow/.local/lib/python3.8/site-packages/airflow/example_dags/example_sensor_decorator.py
[2024-04-20T17:06:09.499+0000] {processor.py:830} INFO - Processing file /home/airflow/.local/lib/python3.8/site-packages/airflow/example_dags/example_sensor_decorator.py for tasks to queue
[2024-04-20T17:06:09.500+0000] {logging_mixin.py:188} INFO - [2024-04-20T17:06:09.499+0000] {dagbag.py:540} INFO - Filling up the DagBag from /home/airflow/.local/lib/python3.8/site-packages/airflow/example_dags/example_sensor_decorator.py
[2024-04-20T17:06:09.504+0000] {processor.py:840} INFO - DAG(s) 'example_sensor_decorator' retrieved from /home/airflow/.local/lib/python3.8/site-packages/airflow/example_dags/example_sensor_decorator.py
[2024-04-20T17:06:09.521+0000] {logging_mixin.py:188} INFO - [2024-04-20T17:06:09.520+0000] {dag.py:3047} INFO - Sync 1 DAGs
[2024-04-20T17:06:09.531+0000] {logging_mixin.py:188} INFO - [2024-04-20T17:06:09.531+0000] {dag.py:3834} INFO - Setting next_dagrun for example_sensor_decorator to None, run_after=None
[2024-04-20T17:06:09.652+0000] {processor.py:183} INFO - Processing /home/airflow/.local/lib/python3.8/site-packages/airflow/example_dags/example_sensor_decorator.py took 0.156 seconds
