[2024-04-20T16:45:08.296+0000] {processor.py:161} INFO - Started process (PID=260) to work on /home/airflow/.local/lib/python3.8/site-packages/airflow/example_dags/example_task_group.py
[2024-04-20T16:45:08.297+0000] {processor.py:830} INFO - Processing file /home/airflow/.local/lib/python3.8/site-packages/airflow/example_dags/example_task_group.py for tasks to queue
[2024-04-20T16:45:08.298+0000] {logging_mixin.py:188} INFO - [2024-04-20T16:45:08.297+0000] {dagbag.py:540} INFO - Filling up the DagBag from /home/airflow/.local/lib/python3.8/site-packages/airflow/example_dags/example_task_group.py
[2024-04-20T16:45:08.305+0000] {processor.py:840} INFO - DAG(s) 'example_task_group' retrieved from /home/airflow/.local/lib/python3.8/site-packages/airflow/example_dags/example_task_group.py
[2024-04-20T16:45:08.328+0000] {logging_mixin.py:188} INFO - [2024-04-20T16:45:08.328+0000] {dag.py:3047} INFO - Sync 1 DAGs
[2024-04-20T16:45:08.345+0000] {logging_mixin.py:188} INFO - [2024-04-20T16:45:08.344+0000] {dag.py:3834} INFO - Setting next_dagrun for example_task_group to 2024-04-19 00:00:00+00:00, run_after=2024-04-20 00:00:00+00:00
[2024-04-20T16:45:08.693+0000] {processor.py:183} INFO - Processing /home/airflow/.local/lib/python3.8/site-packages/airflow/example_dags/example_task_group.py took 0.400 seconds
[2024-04-20T16:45:40.210+0000] {processor.py:161} INFO - Started process (PID=517) to work on /home/airflow/.local/lib/python3.8/site-packages/airflow/example_dags/example_task_group.py
[2024-04-20T16:45:40.315+0000] {processor.py:830} INFO - Processing file /home/airflow/.local/lib/python3.8/site-packages/airflow/example_dags/example_task_group.py for tasks to queue
[2024-04-20T16:45:40.317+0000] {logging_mixin.py:188} INFO - [2024-04-20T16:45:40.316+0000] {dagbag.py:540} INFO - Filling up the DagBag from /home/airflow/.local/lib/python3.8/site-packages/airflow/example_dags/example_task_group.py
[2024-04-20T16:45:40.323+0000] {processor.py:840} INFO - DAG(s) 'example_task_group' retrieved from /home/airflow/.local/lib/python3.8/site-packages/airflow/example_dags/example_task_group.py
[2024-04-20T16:45:40.351+0000] {logging_mixin.py:188} INFO - [2024-04-20T16:45:40.350+0000] {dag.py:3047} INFO - Sync 1 DAGs
[2024-04-20T16:45:40.369+0000] {logging_mixin.py:188} INFO - [2024-04-20T16:45:40.369+0000] {dag.py:3834} INFO - Setting next_dagrun for example_task_group to 2024-04-19 00:00:00+00:00, run_after=2024-04-20 00:00:00+00:00
[2024-04-20T16:45:40.586+0000] {processor.py:183} INFO - Processing /home/airflow/.local/lib/python3.8/site-packages/airflow/example_dags/example_task_group.py took 0.378 seconds
[2024-04-20T16:46:10.845+0000] {processor.py:161} INFO - Started process (PID=770) to work on /home/airflow/.local/lib/python3.8/site-packages/airflow/example_dags/example_task_group.py
[2024-04-20T16:46:10.847+0000] {processor.py:830} INFO - Processing file /home/airflow/.local/lib/python3.8/site-packages/airflow/example_dags/example_task_group.py for tasks to queue
[2024-04-20T16:46:10.848+0000] {logging_mixin.py:188} INFO - [2024-04-20T16:46:10.848+0000] {dagbag.py:540} INFO - Filling up the DagBag from /home/airflow/.local/lib/python3.8/site-packages/airflow/example_dags/example_task_group.py
[2024-04-20T16:46:10.859+0000] {processor.py:840} INFO - DAG(s) 'example_task_group' retrieved from /home/airflow/.local/lib/python3.8/site-packages/airflow/example_dags/example_task_group.py
[2024-04-20T16:46:10.883+0000] {logging_mixin.py:188} INFO - [2024-04-20T16:46:10.883+0000] {dag.py:3047} INFO - Sync 1 DAGs
[2024-04-20T16:46:10.914+0000] {logging_mixin.py:188} INFO - [2024-04-20T16:46:10.913+0000] {dag.py:3834} INFO - Setting next_dagrun for example_task_group to 2024-04-19 00:00:00+00:00, run_after=2024-04-20 00:00:00+00:00
[2024-04-20T16:46:11.119+0000] {processor.py:183} INFO - Processing /home/airflow/.local/lib/python3.8/site-packages/airflow/example_dags/example_task_group.py took 0.278 seconds
[2024-04-20T16:46:41.599+0000] {processor.py:161} INFO - Started process (PID=1025) to work on /home/airflow/.local/lib/python3.8/site-packages/airflow/example_dags/example_task_group.py
[2024-04-20T16:46:41.601+0000] {processor.py:830} INFO - Processing file /home/airflow/.local/lib/python3.8/site-packages/airflow/example_dags/example_task_group.py for tasks to queue
[2024-04-20T16:46:41.603+0000] {logging_mixin.py:188} INFO - [2024-04-20T16:46:41.602+0000] {dagbag.py:540} INFO - Filling up the DagBag from /home/airflow/.local/lib/python3.8/site-packages/airflow/example_dags/example_task_group.py
[2024-04-20T16:46:41.614+0000] {processor.py:840} INFO - DAG(s) 'example_task_group' retrieved from /home/airflow/.local/lib/python3.8/site-packages/airflow/example_dags/example_task_group.py
[2024-04-20T16:46:41.639+0000] {logging_mixin.py:188} INFO - [2024-04-20T16:46:41.639+0000] {dag.py:3047} INFO - Sync 1 DAGs
[2024-04-20T16:46:41.657+0000] {logging_mixin.py:188} INFO - [2024-04-20T16:46:41.657+0000] {dag.py:3834} INFO - Setting next_dagrun for example_task_group to 2024-04-19 00:00:00+00:00, run_after=2024-04-20 00:00:00+00:00
[2024-04-20T16:46:42.182+0000] {processor.py:183} INFO - Processing /home/airflow/.local/lib/python3.8/site-packages/airflow/example_dags/example_task_group.py took 0.587 seconds
[2024-04-20T16:47:12.835+0000] {processor.py:161} INFO - Started process (PID=1282) to work on /home/airflow/.local/lib/python3.8/site-packages/airflow/example_dags/example_task_group.py
[2024-04-20T16:47:12.836+0000] {processor.py:830} INFO - Processing file /home/airflow/.local/lib/python3.8/site-packages/airflow/example_dags/example_task_group.py for tasks to queue
[2024-04-20T16:47:12.837+0000] {logging_mixin.py:188} INFO - [2024-04-20T16:47:12.837+0000] {dagbag.py:540} INFO - Filling up the DagBag from /home/airflow/.local/lib/python3.8/site-packages/airflow/example_dags/example_task_group.py
[2024-04-20T16:47:12.845+0000] {processor.py:840} INFO - DAG(s) 'example_task_group' retrieved from /home/airflow/.local/lib/python3.8/site-packages/airflow/example_dags/example_task_group.py
[2024-04-20T16:47:12.868+0000] {logging_mixin.py:188} INFO - [2024-04-20T16:47:12.868+0000] {dag.py:3047} INFO - Sync 1 DAGs
[2024-04-20T16:47:12.890+0000] {logging_mixin.py:188} INFO - [2024-04-20T16:47:12.890+0000] {dag.py:3834} INFO - Setting next_dagrun for example_task_group to 2024-04-19 00:00:00+00:00, run_after=2024-04-20 00:00:00+00:00
[2024-04-20T16:47:13.035+0000] {processor.py:183} INFO - Processing /home/airflow/.local/lib/python3.8/site-packages/airflow/example_dags/example_task_group.py took 0.203 seconds
[2024-04-20T16:47:43.816+0000] {processor.py:161} INFO - Started process (PID=1539) to work on /home/airflow/.local/lib/python3.8/site-packages/airflow/example_dags/example_task_group.py
[2024-04-20T16:47:43.817+0000] {processor.py:830} INFO - Processing file /home/airflow/.local/lib/python3.8/site-packages/airflow/example_dags/example_task_group.py for tasks to queue
[2024-04-20T16:47:43.818+0000] {logging_mixin.py:188} INFO - [2024-04-20T16:47:43.817+0000] {dagbag.py:540} INFO - Filling up the DagBag from /home/airflow/.local/lib/python3.8/site-packages/airflow/example_dags/example_task_group.py
[2024-04-20T16:47:43.823+0000] {processor.py:840} INFO - DAG(s) 'example_task_group' retrieved from /home/airflow/.local/lib/python3.8/site-packages/airflow/example_dags/example_task_group.py
[2024-04-20T16:47:43.841+0000] {logging_mixin.py:188} INFO - [2024-04-20T16:47:43.841+0000] {dag.py:3047} INFO - Sync 1 DAGs
[2024-04-20T16:47:43.857+0000] {logging_mixin.py:188} INFO - [2024-04-20T16:47:43.857+0000] {dag.py:3834} INFO - Setting next_dagrun for example_task_group to 2024-04-19 00:00:00+00:00, run_after=2024-04-20 00:00:00+00:00
[2024-04-20T16:47:44.005+0000] {processor.py:183} INFO - Processing /home/airflow/.local/lib/python3.8/site-packages/airflow/example_dags/example_task_group.py took 0.192 seconds
[2024-04-20T16:48:14.502+0000] {processor.py:161} INFO - Started process (PID=1796) to work on /home/airflow/.local/lib/python3.8/site-packages/airflow/example_dags/example_task_group.py
[2024-04-20T16:48:14.502+0000] {processor.py:830} INFO - Processing file /home/airflow/.local/lib/python3.8/site-packages/airflow/example_dags/example_task_group.py for tasks to queue
[2024-04-20T16:48:14.503+0000] {logging_mixin.py:188} INFO - [2024-04-20T16:48:14.503+0000] {dagbag.py:540} INFO - Filling up the DagBag from /home/airflow/.local/lib/python3.8/site-packages/airflow/example_dags/example_task_group.py
[2024-04-20T16:48:14.509+0000] {processor.py:840} INFO - DAG(s) 'example_task_group' retrieved from /home/airflow/.local/lib/python3.8/site-packages/airflow/example_dags/example_task_group.py
[2024-04-20T16:48:14.527+0000] {logging_mixin.py:188} INFO - [2024-04-20T16:48:14.527+0000] {dag.py:3047} INFO - Sync 1 DAGs
[2024-04-20T16:48:14.545+0000] {logging_mixin.py:188} INFO - [2024-04-20T16:48:14.544+0000] {dag.py:3834} INFO - Setting next_dagrun for example_task_group to 2024-04-19 00:00:00+00:00, run_after=2024-04-20 00:00:00+00:00
[2024-04-20T16:48:14.692+0000] {processor.py:183} INFO - Processing /home/airflow/.local/lib/python3.8/site-packages/airflow/example_dags/example_task_group.py took 0.193 seconds
[2024-04-20T16:48:44.998+0000] {processor.py:161} INFO - Started process (PID=2053) to work on /home/airflow/.local/lib/python3.8/site-packages/airflow/example_dags/example_task_group.py
[2024-04-20T16:48:44.998+0000] {processor.py:830} INFO - Processing file /home/airflow/.local/lib/python3.8/site-packages/airflow/example_dags/example_task_group.py for tasks to queue
[2024-04-20T16:48:44.999+0000] {logging_mixin.py:188} INFO - [2024-04-20T16:48:44.999+0000] {dagbag.py:540} INFO - Filling up the DagBag from /home/airflow/.local/lib/python3.8/site-packages/airflow/example_dags/example_task_group.py
[2024-04-20T16:48:45.005+0000] {processor.py:840} INFO - DAG(s) 'example_task_group' retrieved from /home/airflow/.local/lib/python3.8/site-packages/airflow/example_dags/example_task_group.py
[2024-04-20T16:48:45.023+0000] {logging_mixin.py:188} INFO - [2024-04-20T16:48:45.022+0000] {dag.py:3047} INFO - Sync 1 DAGs
[2024-04-20T16:48:45.039+0000] {logging_mixin.py:188} INFO - [2024-04-20T16:48:45.039+0000] {dag.py:3834} INFO - Setting next_dagrun for example_task_group to 2024-04-19 00:00:00+00:00, run_after=2024-04-20 00:00:00+00:00
[2024-04-20T16:48:45.185+0000] {processor.py:183} INFO - Processing /home/airflow/.local/lib/python3.8/site-packages/airflow/example_dags/example_task_group.py took 0.190 seconds
[2024-04-20T16:49:15.785+0000] {processor.py:161} INFO - Started process (PID=2310) to work on /home/airflow/.local/lib/python3.8/site-packages/airflow/example_dags/example_task_group.py
[2024-04-20T16:49:15.786+0000] {processor.py:830} INFO - Processing file /home/airflow/.local/lib/python3.8/site-packages/airflow/example_dags/example_task_group.py for tasks to queue
[2024-04-20T16:49:15.786+0000] {logging_mixin.py:188} INFO - [2024-04-20T16:49:15.786+0000] {dagbag.py:540} INFO - Filling up the DagBag from /home/airflow/.local/lib/python3.8/site-packages/airflow/example_dags/example_task_group.py
[2024-04-20T16:49:15.793+0000] {processor.py:840} INFO - DAG(s) 'example_task_group' retrieved from /home/airflow/.local/lib/python3.8/site-packages/airflow/example_dags/example_task_group.py
[2024-04-20T16:49:15.811+0000] {logging_mixin.py:188} INFO - [2024-04-20T16:49:15.811+0000] {dag.py:3047} INFO - Sync 1 DAGs
[2024-04-20T16:49:15.829+0000] {logging_mixin.py:188} INFO - [2024-04-20T16:49:15.828+0000] {dag.py:3834} INFO - Setting next_dagrun for example_task_group to 2024-04-19 00:00:00+00:00, run_after=2024-04-20 00:00:00+00:00
[2024-04-20T16:49:16.179+0000] {processor.py:183} INFO - Processing /home/airflow/.local/lib/python3.8/site-packages/airflow/example_dags/example_task_group.py took 0.397 seconds
[2024-04-20T16:49:46.535+0000] {processor.py:161} INFO - Started process (PID=2568) to work on /home/airflow/.local/lib/python3.8/site-packages/airflow/example_dags/example_task_group.py
[2024-04-20T16:49:46.536+0000] {processor.py:830} INFO - Processing file /home/airflow/.local/lib/python3.8/site-packages/airflow/example_dags/example_task_group.py for tasks to queue
[2024-04-20T16:49:46.537+0000] {logging_mixin.py:188} INFO - [2024-04-20T16:49:46.536+0000] {dagbag.py:540} INFO - Filling up the DagBag from /home/airflow/.local/lib/python3.8/site-packages/airflow/example_dags/example_task_group.py
[2024-04-20T16:49:46.542+0000] {processor.py:840} INFO - DAG(s) 'example_task_group' retrieved from /home/airflow/.local/lib/python3.8/site-packages/airflow/example_dags/example_task_group.py
[2024-04-20T16:49:46.560+0000] {logging_mixin.py:188} INFO - [2024-04-20T16:49:46.560+0000] {dag.py:3047} INFO - Sync 1 DAGs
[2024-04-20T16:49:46.579+0000] {logging_mixin.py:188} INFO - [2024-04-20T16:49:46.579+0000] {dag.py:3834} INFO - Setting next_dagrun for example_task_group to 2024-04-19 00:00:00+00:00, run_after=2024-04-20 00:00:00+00:00
[2024-04-20T16:49:46.725+0000] {processor.py:183} INFO - Processing /home/airflow/.local/lib/python3.8/site-packages/airflow/example_dags/example_task_group.py took 0.192 seconds
[2024-04-20T16:50:17.502+0000] {processor.py:161} INFO - Started process (PID=2825) to work on /home/airflow/.local/lib/python3.8/site-packages/airflow/example_dags/example_task_group.py
[2024-04-20T16:50:17.503+0000] {processor.py:830} INFO - Processing file /home/airflow/.local/lib/python3.8/site-packages/airflow/example_dags/example_task_group.py for tasks to queue
[2024-04-20T16:50:17.504+0000] {logging_mixin.py:188} INFO - [2024-04-20T16:50:17.503+0000] {dagbag.py:540} INFO - Filling up the DagBag from /home/airflow/.local/lib/python3.8/site-packages/airflow/example_dags/example_task_group.py
[2024-04-20T16:50:17.509+0000] {processor.py:840} INFO - DAG(s) 'example_task_group' retrieved from /home/airflow/.local/lib/python3.8/site-packages/airflow/example_dags/example_task_group.py
[2024-04-20T16:50:17.527+0000] {logging_mixin.py:188} INFO - [2024-04-20T16:50:17.527+0000] {dag.py:3047} INFO - Sync 1 DAGs
[2024-04-20T16:50:17.544+0000] {logging_mixin.py:188} INFO - [2024-04-20T16:50:17.544+0000] {dag.py:3834} INFO - Setting next_dagrun for example_task_group to 2024-04-19 00:00:00+00:00, run_after=2024-04-20 00:00:00+00:00
[2024-04-20T16:50:17.886+0000] {processor.py:183} INFO - Processing /home/airflow/.local/lib/python3.8/site-packages/airflow/example_dags/example_task_group.py took 0.387 seconds
[2024-04-20T16:50:48.043+0000] {processor.py:161} INFO - Started process (PID=3083) to work on /home/airflow/.local/lib/python3.8/site-packages/airflow/example_dags/example_task_group.py
[2024-04-20T16:50:48.044+0000] {processor.py:830} INFO - Processing file /home/airflow/.local/lib/python3.8/site-packages/airflow/example_dags/example_task_group.py for tasks to queue
[2024-04-20T16:50:48.045+0000] {logging_mixin.py:188} INFO - [2024-04-20T16:50:48.044+0000] {dagbag.py:540} INFO - Filling up the DagBag from /home/airflow/.local/lib/python3.8/site-packages/airflow/example_dags/example_task_group.py
[2024-04-20T16:50:48.054+0000] {processor.py:840} INFO - DAG(s) 'example_task_group' retrieved from /home/airflow/.local/lib/python3.8/site-packages/airflow/example_dags/example_task_group.py
[2024-04-20T16:50:48.079+0000] {logging_mixin.py:188} INFO - [2024-04-20T16:50:48.079+0000] {dag.py:3047} INFO - Sync 1 DAGs
[2024-04-20T16:50:48.102+0000] {logging_mixin.py:188} INFO - [2024-04-20T16:50:48.102+0000] {dag.py:3834} INFO - Setting next_dagrun for example_task_group to 2024-04-19 00:00:00+00:00, run_after=2024-04-20 00:00:00+00:00
[2024-04-20T16:50:48.325+0000] {processor.py:183} INFO - Processing /home/airflow/.local/lib/python3.8/site-packages/airflow/example_dags/example_task_group.py took 0.286 seconds
[2024-04-20T16:51:19.036+0000] {processor.py:161} INFO - Started process (PID=3340) to work on /home/airflow/.local/lib/python3.8/site-packages/airflow/example_dags/example_task_group.py
[2024-04-20T16:51:19.037+0000] {processor.py:830} INFO - Processing file /home/airflow/.local/lib/python3.8/site-packages/airflow/example_dags/example_task_group.py for tasks to queue
[2024-04-20T16:51:19.037+0000] {logging_mixin.py:188} INFO - [2024-04-20T16:51:19.037+0000] {dagbag.py:540} INFO - Filling up the DagBag from /home/airflow/.local/lib/python3.8/site-packages/airflow/example_dags/example_task_group.py
[2024-04-20T16:51:19.043+0000] {processor.py:840} INFO - DAG(s) 'example_task_group' retrieved from /home/airflow/.local/lib/python3.8/site-packages/airflow/example_dags/example_task_group.py
[2024-04-20T16:51:19.062+0000] {logging_mixin.py:188} INFO - [2024-04-20T16:51:19.061+0000] {dag.py:3047} INFO - Sync 1 DAGs
[2024-04-20T16:51:19.079+0000] {logging_mixin.py:188} INFO - [2024-04-20T16:51:19.079+0000] {dag.py:3834} INFO - Setting next_dagrun for example_task_group to 2024-04-19 00:00:00+00:00, run_after=2024-04-20 00:00:00+00:00
[2024-04-20T16:51:19.226+0000] {processor.py:183} INFO - Processing /home/airflow/.local/lib/python3.8/site-packages/airflow/example_dags/example_task_group.py took 0.192 seconds
[2024-04-20T16:51:49.764+0000] {processor.py:161} INFO - Started process (PID=3597) to work on /home/airflow/.local/lib/python3.8/site-packages/airflow/example_dags/example_task_group.py
[2024-04-20T16:51:49.765+0000] {processor.py:830} INFO - Processing file /home/airflow/.local/lib/python3.8/site-packages/airflow/example_dags/example_task_group.py for tasks to queue
[2024-04-20T16:51:49.765+0000] {logging_mixin.py:188} INFO - [2024-04-20T16:51:49.765+0000] {dagbag.py:540} INFO - Filling up the DagBag from /home/airflow/.local/lib/python3.8/site-packages/airflow/example_dags/example_task_group.py
[2024-04-20T16:51:49.771+0000] {processor.py:840} INFO - DAG(s) 'example_task_group' retrieved from /home/airflow/.local/lib/python3.8/site-packages/airflow/example_dags/example_task_group.py
[2024-04-20T16:51:49.789+0000] {logging_mixin.py:188} INFO - [2024-04-20T16:51:49.789+0000] {dag.py:3047} INFO - Sync 1 DAGs
[2024-04-20T16:51:49.807+0000] {logging_mixin.py:188} INFO - [2024-04-20T16:51:49.806+0000] {dag.py:3834} INFO - Setting next_dagrun for example_task_group to 2024-04-19 00:00:00+00:00, run_after=2024-04-20 00:00:00+00:00
[2024-04-20T16:51:49.956+0000] {processor.py:183} INFO - Processing /home/airflow/.local/lib/python3.8/site-packages/airflow/example_dags/example_task_group.py took 0.195 seconds
[2024-04-20T16:52:20.793+0000] {processor.py:161} INFO - Started process (PID=3854) to work on /home/airflow/.local/lib/python3.8/site-packages/airflow/example_dags/example_task_group.py
[2024-04-20T16:52:20.794+0000] {processor.py:830} INFO - Processing file /home/airflow/.local/lib/python3.8/site-packages/airflow/example_dags/example_task_group.py for tasks to queue
[2024-04-20T16:52:20.795+0000] {logging_mixin.py:188} INFO - [2024-04-20T16:52:20.794+0000] {dagbag.py:540} INFO - Filling up the DagBag from /home/airflow/.local/lib/python3.8/site-packages/airflow/example_dags/example_task_group.py
[2024-04-20T16:52:20.801+0000] {processor.py:840} INFO - DAG(s) 'example_task_group' retrieved from /home/airflow/.local/lib/python3.8/site-packages/airflow/example_dags/example_task_group.py
[2024-04-20T16:52:20.818+0000] {logging_mixin.py:188} INFO - [2024-04-20T16:52:20.818+0000] {dag.py:3047} INFO - Sync 1 DAGs
[2024-04-20T16:52:20.835+0000] {logging_mixin.py:188} INFO - [2024-04-20T16:52:20.835+0000] {dag.py:3834} INFO - Setting next_dagrun for example_task_group to 2024-04-19 00:00:00+00:00, run_after=2024-04-20 00:00:00+00:00
[2024-04-20T16:52:20.979+0000] {processor.py:183} INFO - Processing /home/airflow/.local/lib/python3.8/site-packages/airflow/example_dags/example_task_group.py took 0.190 seconds
[2024-04-20T16:52:51.248+0000] {processor.py:161} INFO - Started process (PID=4111) to work on /home/airflow/.local/lib/python3.8/site-packages/airflow/example_dags/example_task_group.py
[2024-04-20T16:52:51.248+0000] {processor.py:830} INFO - Processing file /home/airflow/.local/lib/python3.8/site-packages/airflow/example_dags/example_task_group.py for tasks to queue
[2024-04-20T16:52:51.249+0000] {logging_mixin.py:188} INFO - [2024-04-20T16:52:51.249+0000] {dagbag.py:540} INFO - Filling up the DagBag from /home/airflow/.local/lib/python3.8/site-packages/airflow/example_dags/example_task_group.py
[2024-04-20T16:52:51.255+0000] {processor.py:840} INFO - DAG(s) 'example_task_group' retrieved from /home/airflow/.local/lib/python3.8/site-packages/airflow/example_dags/example_task_group.py
[2024-04-20T16:52:51.274+0000] {logging_mixin.py:188} INFO - [2024-04-20T16:52:51.274+0000] {dag.py:3047} INFO - Sync 1 DAGs
[2024-04-20T16:52:51.290+0000] {logging_mixin.py:188} INFO - [2024-04-20T16:52:51.290+0000] {dag.py:3834} INFO - Setting next_dagrun for example_task_group to 2024-04-19 00:00:00+00:00, run_after=2024-04-20 00:00:00+00:00
[2024-04-20T16:52:51.434+0000] {processor.py:183} INFO - Processing /home/airflow/.local/lib/python3.8/site-packages/airflow/example_dags/example_task_group.py took 0.189 seconds
[2024-04-20T16:53:21.923+0000] {processor.py:161} INFO - Started process (PID=4369) to work on /home/airflow/.local/lib/python3.8/site-packages/airflow/example_dags/example_task_group.py
[2024-04-20T16:53:21.923+0000] {processor.py:830} INFO - Processing file /home/airflow/.local/lib/python3.8/site-packages/airflow/example_dags/example_task_group.py for tasks to queue
[2024-04-20T16:53:21.924+0000] {logging_mixin.py:188} INFO - [2024-04-20T16:53:21.924+0000] {dagbag.py:540} INFO - Filling up the DagBag from /home/airflow/.local/lib/python3.8/site-packages/airflow/example_dags/example_task_group.py
[2024-04-20T16:53:21.930+0000] {processor.py:840} INFO - DAG(s) 'example_task_group' retrieved from /home/airflow/.local/lib/python3.8/site-packages/airflow/example_dags/example_task_group.py
[2024-04-20T16:53:21.948+0000] {logging_mixin.py:188} INFO - [2024-04-20T16:53:21.948+0000] {dag.py:3047} INFO - Sync 1 DAGs
[2024-04-20T16:53:21.965+0000] {logging_mixin.py:188} INFO - [2024-04-20T16:53:21.964+0000] {dag.py:3834} INFO - Setting next_dagrun for example_task_group to 2024-04-19 00:00:00+00:00, run_after=2024-04-20 00:00:00+00:00
[2024-04-20T16:53:22.212+0000] {processor.py:183} INFO - Processing /home/airflow/.local/lib/python3.8/site-packages/airflow/example_dags/example_task_group.py took 0.292 seconds
[2024-04-20T16:53:52.428+0000] {processor.py:161} INFO - Started process (PID=4628) to work on /home/airflow/.local/lib/python3.8/site-packages/airflow/example_dags/example_task_group.py
[2024-04-20T16:53:52.429+0000] {processor.py:830} INFO - Processing file /home/airflow/.local/lib/python3.8/site-packages/airflow/example_dags/example_task_group.py for tasks to queue
[2024-04-20T16:53:52.429+0000] {logging_mixin.py:188} INFO - [2024-04-20T16:53:52.429+0000] {dagbag.py:540} INFO - Filling up the DagBag from /home/airflow/.local/lib/python3.8/site-packages/airflow/example_dags/example_task_group.py
[2024-04-20T16:53:52.435+0000] {processor.py:840} INFO - DAG(s) 'example_task_group' retrieved from /home/airflow/.local/lib/python3.8/site-packages/airflow/example_dags/example_task_group.py
[2024-04-20T16:53:52.453+0000] {logging_mixin.py:188} INFO - [2024-04-20T16:53:52.453+0000] {dag.py:3047} INFO - Sync 1 DAGs
[2024-04-20T16:53:52.470+0000] {logging_mixin.py:188} INFO - [2024-04-20T16:53:52.469+0000] {dag.py:3834} INFO - Setting next_dagrun for example_task_group to 2024-04-19 00:00:00+00:00, run_after=2024-04-20 00:00:00+00:00
[2024-04-20T16:53:52.602+0000] {processor.py:183} INFO - Processing /home/airflow/.local/lib/python3.8/site-packages/airflow/example_dags/example_task_group.py took 0.176 seconds
[2024-04-20T16:54:22.967+0000] {processor.py:161} INFO - Started process (PID=4882) to work on /home/airflow/.local/lib/python3.8/site-packages/airflow/example_dags/example_task_group.py
[2024-04-20T16:54:22.968+0000] {processor.py:830} INFO - Processing file /home/airflow/.local/lib/python3.8/site-packages/airflow/example_dags/example_task_group.py for tasks to queue
[2024-04-20T16:54:22.968+0000] {logging_mixin.py:188} INFO - [2024-04-20T16:54:22.968+0000] {dagbag.py:540} INFO - Filling up the DagBag from /home/airflow/.local/lib/python3.8/site-packages/airflow/example_dags/example_task_group.py
[2024-04-20T16:54:22.974+0000] {processor.py:840} INFO - DAG(s) 'example_task_group' retrieved from /home/airflow/.local/lib/python3.8/site-packages/airflow/example_dags/example_task_group.py
[2024-04-20T16:54:22.993+0000] {logging_mixin.py:188} INFO - [2024-04-20T16:54:22.993+0000] {dag.py:3047} INFO - Sync 1 DAGs
[2024-04-20T16:54:23.010+0000] {logging_mixin.py:188} INFO - [2024-04-20T16:54:23.010+0000] {dag.py:3834} INFO - Setting next_dagrun for example_task_group to 2024-04-19 00:00:00+00:00, run_after=2024-04-20 00:00:00+00:00
[2024-04-20T16:54:23.153+0000] {processor.py:183} INFO - Processing /home/airflow/.local/lib/python3.8/site-packages/airflow/example_dags/example_task_group.py took 0.189 seconds
[2024-04-20T16:54:53.470+0000] {processor.py:161} INFO - Started process (PID=5142) to work on /home/airflow/.local/lib/python3.8/site-packages/airflow/example_dags/example_task_group.py
[2024-04-20T16:54:53.471+0000] {processor.py:830} INFO - Processing file /home/airflow/.local/lib/python3.8/site-packages/airflow/example_dags/example_task_group.py for tasks to queue
[2024-04-20T16:54:53.472+0000] {logging_mixin.py:188} INFO - [2024-04-20T16:54:53.472+0000] {dagbag.py:540} INFO - Filling up the DagBag from /home/airflow/.local/lib/python3.8/site-packages/airflow/example_dags/example_task_group.py
[2024-04-20T16:54:53.478+0000] {processor.py:840} INFO - DAG(s) 'example_task_group' retrieved from /home/airflow/.local/lib/python3.8/site-packages/airflow/example_dags/example_task_group.py
[2024-04-20T16:54:53.496+0000] {logging_mixin.py:188} INFO - [2024-04-20T16:54:53.496+0000] {dag.py:3047} INFO - Sync 1 DAGs
[2024-04-20T16:54:53.512+0000] {logging_mixin.py:188} INFO - [2024-04-20T16:54:53.512+0000] {dag.py:3834} INFO - Setting next_dagrun for example_task_group to 2024-04-19 00:00:00+00:00, run_after=2024-04-20 00:00:00+00:00
[2024-04-20T16:54:53.769+0000] {processor.py:183} INFO - Processing /home/airflow/.local/lib/python3.8/site-packages/airflow/example_dags/example_task_group.py took 0.301 seconds
[2024-04-20T16:55:24.032+0000] {processor.py:161} INFO - Started process (PID=5397) to work on /home/airflow/.local/lib/python3.8/site-packages/airflow/example_dags/example_task_group.py
[2024-04-20T16:55:24.033+0000] {processor.py:830} INFO - Processing file /home/airflow/.local/lib/python3.8/site-packages/airflow/example_dags/example_task_group.py for tasks to queue
[2024-04-20T16:55:24.033+0000] {logging_mixin.py:188} INFO - [2024-04-20T16:55:24.033+0000] {dagbag.py:540} INFO - Filling up the DagBag from /home/airflow/.local/lib/python3.8/site-packages/airflow/example_dags/example_task_group.py
[2024-04-20T16:55:24.039+0000] {processor.py:840} INFO - DAG(s) 'example_task_group' retrieved from /home/airflow/.local/lib/python3.8/site-packages/airflow/example_dags/example_task_group.py
[2024-04-20T16:55:24.057+0000] {logging_mixin.py:188} INFO - [2024-04-20T16:55:24.057+0000] {dag.py:3047} INFO - Sync 1 DAGs
[2024-04-20T16:55:24.074+0000] {logging_mixin.py:188} INFO - [2024-04-20T16:55:24.073+0000] {dag.py:3834} INFO - Setting next_dagrun for example_task_group to 2024-04-19 00:00:00+00:00, run_after=2024-04-20 00:00:00+00:00
[2024-04-20T16:55:24.222+0000] {processor.py:183} INFO - Processing /home/airflow/.local/lib/python3.8/site-packages/airflow/example_dags/example_task_group.py took 0.193 seconds
[2024-04-20T16:55:54.421+0000] {processor.py:161} INFO - Started process (PID=5655) to work on /home/airflow/.local/lib/python3.8/site-packages/airflow/example_dags/example_task_group.py
[2024-04-20T16:55:54.422+0000] {processor.py:830} INFO - Processing file /home/airflow/.local/lib/python3.8/site-packages/airflow/example_dags/example_task_group.py for tasks to queue
[2024-04-20T16:55:54.422+0000] {logging_mixin.py:188} INFO - [2024-04-20T16:55:54.422+0000] {dagbag.py:540} INFO - Filling up the DagBag from /home/airflow/.local/lib/python3.8/site-packages/airflow/example_dags/example_task_group.py
[2024-04-20T16:55:54.428+0000] {processor.py:840} INFO - DAG(s) 'example_task_group' retrieved from /home/airflow/.local/lib/python3.8/site-packages/airflow/example_dags/example_task_group.py
[2024-04-20T16:55:54.446+0000] {logging_mixin.py:188} INFO - [2024-04-20T16:55:54.446+0000] {dag.py:3047} INFO - Sync 1 DAGs
[2024-04-20T16:55:54.463+0000] {logging_mixin.py:188} INFO - [2024-04-20T16:55:54.463+0000] {dag.py:3834} INFO - Setting next_dagrun for example_task_group to 2024-04-19 00:00:00+00:00, run_after=2024-04-20 00:00:00+00:00
[2024-04-20T16:55:54.610+0000] {processor.py:183} INFO - Processing /home/airflow/.local/lib/python3.8/site-packages/airflow/example_dags/example_task_group.py took 0.191 seconds
[2024-04-20T16:56:25.698+0000] {processor.py:161} INFO - Started process (PID=5914) to work on /home/airflow/.local/lib/python3.8/site-packages/airflow/example_dags/example_task_group.py
[2024-04-20T16:56:25.699+0000] {processor.py:830} INFO - Processing file /home/airflow/.local/lib/python3.8/site-packages/airflow/example_dags/example_task_group.py for tasks to queue
[2024-04-20T16:56:25.700+0000] {logging_mixin.py:188} INFO - [2024-04-20T16:56:25.700+0000] {dagbag.py:540} INFO - Filling up the DagBag from /home/airflow/.local/lib/python3.8/site-packages/airflow/example_dags/example_task_group.py
[2024-04-20T16:56:25.706+0000] {processor.py:840} INFO - DAG(s) 'example_task_group' retrieved from /home/airflow/.local/lib/python3.8/site-packages/airflow/example_dags/example_task_group.py
[2024-04-20T16:56:25.723+0000] {logging_mixin.py:188} INFO - [2024-04-20T16:56:25.723+0000] {dag.py:3047} INFO - Sync 1 DAGs
[2024-04-20T16:56:25.740+0000] {logging_mixin.py:188} INFO - [2024-04-20T16:56:25.739+0000] {dag.py:3834} INFO - Setting next_dagrun for example_task_group to 2024-04-19 00:00:00+00:00, run_after=2024-04-20 00:00:00+00:00
[2024-04-20T16:56:25.862+0000] {processor.py:183} INFO - Processing /home/airflow/.local/lib/python3.8/site-packages/airflow/example_dags/example_task_group.py took 0.166 seconds
[2024-04-20T16:56:56.600+0000] {processor.py:161} INFO - Started process (PID=6169) to work on /home/airflow/.local/lib/python3.8/site-packages/airflow/example_dags/example_task_group.py
[2024-04-20T16:56:56.601+0000] {processor.py:830} INFO - Processing file /home/airflow/.local/lib/python3.8/site-packages/airflow/example_dags/example_task_group.py for tasks to queue
[2024-04-20T16:56:56.602+0000] {logging_mixin.py:188} INFO - [2024-04-20T16:56:56.601+0000] {dagbag.py:540} INFO - Filling up the DagBag from /home/airflow/.local/lib/python3.8/site-packages/airflow/example_dags/example_task_group.py
[2024-04-20T16:56:56.611+0000] {processor.py:840} INFO - DAG(s) 'example_task_group' retrieved from /home/airflow/.local/lib/python3.8/site-packages/airflow/example_dags/example_task_group.py
[2024-04-20T16:56:56.636+0000] {logging_mixin.py:188} INFO - [2024-04-20T16:56:56.635+0000] {dag.py:3047} INFO - Sync 1 DAGs
[2024-04-20T16:56:56.662+0000] {logging_mixin.py:188} INFO - [2024-04-20T16:56:56.662+0000] {dag.py:3834} INFO - Setting next_dagrun for example_task_group to 2024-04-19 00:00:00+00:00, run_after=2024-04-20 00:00:00+00:00
[2024-04-20T16:56:56.875+0000] {processor.py:183} INFO - Processing /home/airflow/.local/lib/python3.8/site-packages/airflow/example_dags/example_task_group.py took 0.279 seconds
[2024-04-20T16:57:27.644+0000] {processor.py:161} INFO - Started process (PID=6427) to work on /home/airflow/.local/lib/python3.8/site-packages/airflow/example_dags/example_task_group.py
[2024-04-20T16:57:27.645+0000] {processor.py:830} INFO - Processing file /home/airflow/.local/lib/python3.8/site-packages/airflow/example_dags/example_task_group.py for tasks to queue
[2024-04-20T16:57:27.646+0000] {logging_mixin.py:188} INFO - [2024-04-20T16:57:27.646+0000] {dagbag.py:540} INFO - Filling up the DagBag from /home/airflow/.local/lib/python3.8/site-packages/airflow/example_dags/example_task_group.py
[2024-04-20T16:57:27.654+0000] {processor.py:840} INFO - DAG(s) 'example_task_group' retrieved from /home/airflow/.local/lib/python3.8/site-packages/airflow/example_dags/example_task_group.py
[2024-04-20T16:57:27.678+0000] {logging_mixin.py:188} INFO - [2024-04-20T16:57:27.678+0000] {dag.py:3047} INFO - Sync 1 DAGs
[2024-04-20T16:57:27.695+0000] {logging_mixin.py:188} INFO - [2024-04-20T16:57:27.695+0000] {dag.py:3834} INFO - Setting next_dagrun for example_task_group to 2024-04-19 00:00:00+00:00, run_after=2024-04-20 00:00:00+00:00
[2024-04-20T16:57:27.832+0000] {processor.py:183} INFO - Processing /home/airflow/.local/lib/python3.8/site-packages/airflow/example_dags/example_task_group.py took 0.190 seconds
[2024-04-20T16:57:58.247+0000] {processor.py:161} INFO - Started process (PID=6686) to work on /home/airflow/.local/lib/python3.8/site-packages/airflow/example_dags/example_task_group.py
[2024-04-20T16:57:58.248+0000] {processor.py:830} INFO - Processing file /home/airflow/.local/lib/python3.8/site-packages/airflow/example_dags/example_task_group.py for tasks to queue
[2024-04-20T16:57:58.249+0000] {logging_mixin.py:188} INFO - [2024-04-20T16:57:58.249+0000] {dagbag.py:540} INFO - Filling up the DagBag from /home/airflow/.local/lib/python3.8/site-packages/airflow/example_dags/example_task_group.py
[2024-04-20T16:57:58.255+0000] {processor.py:840} INFO - DAG(s) 'example_task_group' retrieved from /home/airflow/.local/lib/python3.8/site-packages/airflow/example_dags/example_task_group.py
[2024-04-20T16:57:58.272+0000] {logging_mixin.py:188} INFO - [2024-04-20T16:57:58.272+0000] {dag.py:3047} INFO - Sync 1 DAGs
[2024-04-20T16:57:58.289+0000] {logging_mixin.py:188} INFO - [2024-04-20T16:57:58.289+0000] {dag.py:3834} INFO - Setting next_dagrun for example_task_group to 2024-04-19 00:00:00+00:00, run_after=2024-04-20 00:00:00+00:00
[2024-04-20T16:57:58.432+0000] {processor.py:183} INFO - Processing /home/airflow/.local/lib/python3.8/site-packages/airflow/example_dags/example_task_group.py took 0.187 seconds
[2024-04-20T16:58:28.724+0000] {processor.py:161} INFO - Started process (PID=6943) to work on /home/airflow/.local/lib/python3.8/site-packages/airflow/example_dags/example_task_group.py
[2024-04-20T16:58:28.725+0000] {processor.py:830} INFO - Processing file /home/airflow/.local/lib/python3.8/site-packages/airflow/example_dags/example_task_group.py for tasks to queue
[2024-04-20T16:58:28.726+0000] {logging_mixin.py:188} INFO - [2024-04-20T16:58:28.726+0000] {dagbag.py:540} INFO - Filling up the DagBag from /home/airflow/.local/lib/python3.8/site-packages/airflow/example_dags/example_task_group.py
[2024-04-20T16:58:28.734+0000] {processor.py:840} INFO - DAG(s) 'example_task_group' retrieved from /home/airflow/.local/lib/python3.8/site-packages/airflow/example_dags/example_task_group.py
[2024-04-20T16:58:28.752+0000] {logging_mixin.py:188} INFO - [2024-04-20T16:58:28.752+0000] {dag.py:3047} INFO - Sync 1 DAGs
[2024-04-20T16:58:28.769+0000] {logging_mixin.py:188} INFO - [2024-04-20T16:58:28.768+0000] {dag.py:3834} INFO - Setting next_dagrun for example_task_group to 2024-04-19 00:00:00+00:00, run_after=2024-04-20 00:00:00+00:00
[2024-04-20T16:58:28.948+0000] {processor.py:183} INFO - Processing /home/airflow/.local/lib/python3.8/site-packages/airflow/example_dags/example_task_group.py took 0.228 seconds
[2024-04-20T16:58:59.221+0000] {processor.py:161} INFO - Started process (PID=7200) to work on /home/airflow/.local/lib/python3.8/site-packages/airflow/example_dags/example_task_group.py
[2024-04-20T16:58:59.222+0000] {processor.py:830} INFO - Processing file /home/airflow/.local/lib/python3.8/site-packages/airflow/example_dags/example_task_group.py for tasks to queue
[2024-04-20T16:58:59.223+0000] {logging_mixin.py:188} INFO - [2024-04-20T16:58:59.223+0000] {dagbag.py:540} INFO - Filling up the DagBag from /home/airflow/.local/lib/python3.8/site-packages/airflow/example_dags/example_task_group.py
[2024-04-20T16:58:59.232+0000] {processor.py:840} INFO - DAG(s) 'example_task_group' retrieved from /home/airflow/.local/lib/python3.8/site-packages/airflow/example_dags/example_task_group.py
[2024-04-20T16:58:59.258+0000] {logging_mixin.py:188} INFO - [2024-04-20T16:58:59.257+0000] {dag.py:3047} INFO - Sync 1 DAGs
[2024-04-20T16:58:59.281+0000] {logging_mixin.py:188} INFO - [2024-04-20T16:58:59.281+0000] {dag.py:3834} INFO - Setting next_dagrun for example_task_group to 2024-04-19 00:00:00+00:00, run_after=2024-04-20 00:00:00+00:00
[2024-04-20T16:58:59.498+0000] {processor.py:183} INFO - Processing /home/airflow/.local/lib/python3.8/site-packages/airflow/example_dags/example_task_group.py took 0.280 seconds
[2024-04-20T16:59:29.676+0000] {processor.py:161} INFO - Started process (PID=7454) to work on /home/airflow/.local/lib/python3.8/site-packages/airflow/example_dags/example_task_group.py
[2024-04-20T16:59:29.677+0000] {processor.py:830} INFO - Processing file /home/airflow/.local/lib/python3.8/site-packages/airflow/example_dags/example_task_group.py for tasks to queue
[2024-04-20T16:59:29.678+0000] {logging_mixin.py:188} INFO - [2024-04-20T16:59:29.678+0000] {dagbag.py:540} INFO - Filling up the DagBag from /home/airflow/.local/lib/python3.8/site-packages/airflow/example_dags/example_task_group.py
[2024-04-20T16:59:29.684+0000] {processor.py:840} INFO - DAG(s) 'example_task_group' retrieved from /home/airflow/.local/lib/python3.8/site-packages/airflow/example_dags/example_task_group.py
[2024-04-20T16:59:29.702+0000] {logging_mixin.py:188} INFO - [2024-04-20T16:59:29.701+0000] {dag.py:3047} INFO - Sync 1 DAGs
[2024-04-20T16:59:29.718+0000] {logging_mixin.py:188} INFO - [2024-04-20T16:59:29.718+0000] {dag.py:3834} INFO - Setting next_dagrun for example_task_group to 2024-04-19 00:00:00+00:00, run_after=2024-04-20 00:00:00+00:00
[2024-04-20T16:59:29.963+0000] {processor.py:183} INFO - Processing /home/airflow/.local/lib/python3.8/site-packages/airflow/example_dags/example_task_group.py took 0.290 seconds
[2024-04-20T17:00:00.535+0000] {processor.py:161} INFO - Started process (PID=7709) to work on /home/airflow/.local/lib/python3.8/site-packages/airflow/example_dags/example_task_group.py
[2024-04-20T17:00:00.536+0000] {processor.py:830} INFO - Processing file /home/airflow/.local/lib/python3.8/site-packages/airflow/example_dags/example_task_group.py for tasks to queue
[2024-04-20T17:00:00.536+0000] {logging_mixin.py:188} INFO - [2024-04-20T17:00:00.536+0000] {dagbag.py:540} INFO - Filling up the DagBag from /home/airflow/.local/lib/python3.8/site-packages/airflow/example_dags/example_task_group.py
[2024-04-20T17:00:00.543+0000] {processor.py:840} INFO - DAG(s) 'example_task_group' retrieved from /home/airflow/.local/lib/python3.8/site-packages/airflow/example_dags/example_task_group.py
[2024-04-20T17:00:00.562+0000] {logging_mixin.py:188} INFO - [2024-04-20T17:00:00.561+0000] {dag.py:3047} INFO - Sync 1 DAGs
[2024-04-20T17:00:00.579+0000] {logging_mixin.py:188} INFO - [2024-04-20T17:00:00.579+0000] {dag.py:3834} INFO - Setting next_dagrun for example_task_group to 2024-04-19 00:00:00+00:00, run_after=2024-04-20 00:00:00+00:00
[2024-04-20T17:00:00.728+0000] {processor.py:183} INFO - Processing /home/airflow/.local/lib/python3.8/site-packages/airflow/example_dags/example_task_group.py took 0.196 seconds
[2024-04-20T17:00:30.835+0000] {processor.py:161} INFO - Started process (PID=7966) to work on /home/airflow/.local/lib/python3.8/site-packages/airflow/example_dags/example_task_group.py
[2024-04-20T17:00:30.836+0000] {processor.py:830} INFO - Processing file /home/airflow/.local/lib/python3.8/site-packages/airflow/example_dags/example_task_group.py for tasks to queue
[2024-04-20T17:00:30.836+0000] {logging_mixin.py:188} INFO - [2024-04-20T17:00:30.836+0000] {dagbag.py:540} INFO - Filling up the DagBag from /home/airflow/.local/lib/python3.8/site-packages/airflow/example_dags/example_task_group.py
[2024-04-20T17:00:30.842+0000] {processor.py:840} INFO - DAG(s) 'example_task_group' retrieved from /home/airflow/.local/lib/python3.8/site-packages/airflow/example_dags/example_task_group.py
[2024-04-20T17:00:30.860+0000] {logging_mixin.py:188} INFO - [2024-04-20T17:00:30.860+0000] {dag.py:3047} INFO - Sync 1 DAGs
[2024-04-20T17:00:30.877+0000] {logging_mixin.py:188} INFO - [2024-04-20T17:00:30.877+0000] {dag.py:3834} INFO - Setting next_dagrun for example_task_group to 2024-04-19 00:00:00+00:00, run_after=2024-04-20 00:00:00+00:00
[2024-04-20T17:00:31.055+0000] {processor.py:183} INFO - Processing /home/airflow/.local/lib/python3.8/site-packages/airflow/example_dags/example_task_group.py took 0.224 seconds
[2024-04-20T17:01:01.317+0000] {processor.py:161} INFO - Started process (PID=8224) to work on /home/airflow/.local/lib/python3.8/site-packages/airflow/example_dags/example_task_group.py
[2024-04-20T17:01:01.317+0000] {processor.py:830} INFO - Processing file /home/airflow/.local/lib/python3.8/site-packages/airflow/example_dags/example_task_group.py for tasks to queue
[2024-04-20T17:01:01.318+0000] {logging_mixin.py:188} INFO - [2024-04-20T17:01:01.318+0000] {dagbag.py:540} INFO - Filling up the DagBag from /home/airflow/.local/lib/python3.8/site-packages/airflow/example_dags/example_task_group.py
[2024-04-20T17:01:01.325+0000] {processor.py:840} INFO - DAG(s) 'example_task_group' retrieved from /home/airflow/.local/lib/python3.8/site-packages/airflow/example_dags/example_task_group.py
[2024-04-20T17:01:01.342+0000] {logging_mixin.py:188} INFO - [2024-04-20T17:01:01.342+0000] {dag.py:3047} INFO - Sync 1 DAGs
[2024-04-20T17:01:01.359+0000] {logging_mixin.py:188} INFO - [2024-04-20T17:01:01.359+0000] {dag.py:3834} INFO - Setting next_dagrun for example_task_group to 2024-04-19 00:00:00+00:00, run_after=2024-04-20 00:00:00+00:00
[2024-04-20T17:01:01.507+0000] {processor.py:183} INFO - Processing /home/airflow/.local/lib/python3.8/site-packages/airflow/example_dags/example_task_group.py took 0.193 seconds
[2024-04-20T17:01:31.595+0000] {processor.py:161} INFO - Started process (PID=8482) to work on /home/airflow/.local/lib/python3.8/site-packages/airflow/example_dags/example_task_group.py
[2024-04-20T17:01:31.596+0000] {processor.py:830} INFO - Processing file /home/airflow/.local/lib/python3.8/site-packages/airflow/example_dags/example_task_group.py for tasks to queue
[2024-04-20T17:01:31.598+0000] {logging_mixin.py:188} INFO - [2024-04-20T17:01:31.597+0000] {dagbag.py:540} INFO - Filling up the DagBag from /home/airflow/.local/lib/python3.8/site-packages/airflow/example_dags/example_task_group.py
[2024-04-20T17:01:31.604+0000] {processor.py:840} INFO - DAG(s) 'example_task_group' retrieved from /home/airflow/.local/lib/python3.8/site-packages/airflow/example_dags/example_task_group.py
[2024-04-20T17:01:31.622+0000] {logging_mixin.py:188} INFO - [2024-04-20T17:01:31.622+0000] {dag.py:3047} INFO - Sync 1 DAGs
[2024-04-20T17:01:31.639+0000] {logging_mixin.py:188} INFO - [2024-04-20T17:01:31.639+0000] {dag.py:3834} INFO - Setting next_dagrun for example_task_group to 2024-04-19 00:00:00+00:00, run_after=2024-04-20 00:00:00+00:00
[2024-04-20T17:01:31.820+0000] {processor.py:183} INFO - Processing /home/airflow/.local/lib/python3.8/site-packages/airflow/example_dags/example_task_group.py took 0.229 seconds
[2024-04-20T17:02:02.046+0000] {processor.py:161} INFO - Started process (PID=8739) to work on /home/airflow/.local/lib/python3.8/site-packages/airflow/example_dags/example_task_group.py
[2024-04-20T17:02:02.047+0000] {processor.py:830} INFO - Processing file /home/airflow/.local/lib/python3.8/site-packages/airflow/example_dags/example_task_group.py for tasks to queue
[2024-04-20T17:02:02.048+0000] {logging_mixin.py:188} INFO - [2024-04-20T17:02:02.047+0000] {dagbag.py:540} INFO - Filling up the DagBag from /home/airflow/.local/lib/python3.8/site-packages/airflow/example_dags/example_task_group.py
[2024-04-20T17:02:02.054+0000] {processor.py:840} INFO - DAG(s) 'example_task_group' retrieved from /home/airflow/.local/lib/python3.8/site-packages/airflow/example_dags/example_task_group.py
[2024-04-20T17:02:02.072+0000] {logging_mixin.py:188} INFO - [2024-04-20T17:02:02.072+0000] {dag.py:3047} INFO - Sync 1 DAGs
[2024-04-20T17:02:02.089+0000] {logging_mixin.py:188} INFO - [2024-04-20T17:02:02.089+0000] {dag.py:3834} INFO - Setting next_dagrun for example_task_group to 2024-04-19 00:00:00+00:00, run_after=2024-04-20 00:00:00+00:00
[2024-04-20T17:02:02.228+0000] {processor.py:183} INFO - Processing /home/airflow/.local/lib/python3.8/site-packages/airflow/example_dags/example_task_group.py took 0.185 seconds
[2024-04-20T17:02:32.342+0000] {processor.py:161} INFO - Started process (PID=8997) to work on /home/airflow/.local/lib/python3.8/site-packages/airflow/example_dags/example_task_group.py
[2024-04-20T17:02:32.343+0000] {processor.py:830} INFO - Processing file /home/airflow/.local/lib/python3.8/site-packages/airflow/example_dags/example_task_group.py for tasks to queue
[2024-04-20T17:02:32.344+0000] {logging_mixin.py:188} INFO - [2024-04-20T17:02:32.343+0000] {dagbag.py:540} INFO - Filling up the DagBag from /home/airflow/.local/lib/python3.8/site-packages/airflow/example_dags/example_task_group.py
[2024-04-20T17:02:32.352+0000] {processor.py:840} INFO - DAG(s) 'example_task_group' retrieved from /home/airflow/.local/lib/python3.8/site-packages/airflow/example_dags/example_task_group.py
[2024-04-20T17:02:32.376+0000] {logging_mixin.py:188} INFO - [2024-04-20T17:02:32.376+0000] {dag.py:3047} INFO - Sync 1 DAGs
[2024-04-20T17:02:32.403+0000] {logging_mixin.py:188} INFO - [2024-04-20T17:02:32.403+0000] {dag.py:3834} INFO - Setting next_dagrun for example_task_group to 2024-04-19 00:00:00+00:00, run_after=2024-04-20 00:00:00+00:00
[2024-04-20T17:02:32.583+0000] {processor.py:183} INFO - Processing /home/airflow/.local/lib/python3.8/site-packages/airflow/example_dags/example_task_group.py took 0.244 seconds
[2024-04-20T17:03:03.536+0000] {processor.py:161} INFO - Started process (PID=9255) to work on /home/airflow/.local/lib/python3.8/site-packages/airflow/example_dags/example_task_group.py
[2024-04-20T17:03:03.537+0000] {processor.py:830} INFO - Processing file /home/airflow/.local/lib/python3.8/site-packages/airflow/example_dags/example_task_group.py for tasks to queue
[2024-04-20T17:03:03.538+0000] {logging_mixin.py:188} INFO - [2024-04-20T17:03:03.538+0000] {dagbag.py:540} INFO - Filling up the DagBag from /home/airflow/.local/lib/python3.8/site-packages/airflow/example_dags/example_task_group.py
[2024-04-20T17:03:03.548+0000] {processor.py:840} INFO - DAG(s) 'example_task_group' retrieved from /home/airflow/.local/lib/python3.8/site-packages/airflow/example_dags/example_task_group.py
[2024-04-20T17:03:03.573+0000] {logging_mixin.py:188} INFO - [2024-04-20T17:03:03.573+0000] {dag.py:3047} INFO - Sync 1 DAGs
[2024-04-20T17:03:03.602+0000] {logging_mixin.py:188} INFO - [2024-04-20T17:03:03.602+0000] {dag.py:3834} INFO - Setting next_dagrun for example_task_group to 2024-04-19 00:00:00+00:00, run_after=2024-04-20 00:00:00+00:00
[2024-04-20T17:03:03.733+0000] {processor.py:183} INFO - Processing /home/airflow/.local/lib/python3.8/site-packages/airflow/example_dags/example_task_group.py took 0.204 seconds
[2024-04-20T17:03:33.997+0000] {processor.py:161} INFO - Started process (PID=9503) to work on /home/airflow/.local/lib/python3.8/site-packages/airflow/example_dags/example_task_group.py
[2024-04-20T17:03:33.998+0000] {processor.py:830} INFO - Processing file /home/airflow/.local/lib/python3.8/site-packages/airflow/example_dags/example_task_group.py for tasks to queue
[2024-04-20T17:03:33.999+0000] {logging_mixin.py:188} INFO - [2024-04-20T17:03:33.998+0000] {dagbag.py:540} INFO - Filling up the DagBag from /home/airflow/.local/lib/python3.8/site-packages/airflow/example_dags/example_task_group.py
[2024-04-20T17:03:34.008+0000] {processor.py:840} INFO - DAG(s) 'example_task_group' retrieved from /home/airflow/.local/lib/python3.8/site-packages/airflow/example_dags/example_task_group.py
[2024-04-20T17:03:34.033+0000] {logging_mixin.py:188} INFO - [2024-04-20T17:03:34.030+0000] {dag.py:3047} INFO - Sync 1 DAGs
[2024-04-20T17:03:34.056+0000] {logging_mixin.py:188} INFO - [2024-04-20T17:03:34.056+0000] {dag.py:3834} INFO - Setting next_dagrun for example_task_group to 2024-04-19 00:00:00+00:00, run_after=2024-04-20 00:00:00+00:00
[2024-04-20T17:03:34.237+0000] {processor.py:183} INFO - Processing /home/airflow/.local/lib/python3.8/site-packages/airflow/example_dags/example_task_group.py took 0.244 seconds
[2024-04-20T17:04:04.998+0000] {processor.py:161} INFO - Started process (PID=9760) to work on /home/airflow/.local/lib/python3.8/site-packages/airflow/example_dags/example_task_group.py
[2024-04-20T17:04:04.999+0000] {processor.py:830} INFO - Processing file /home/airflow/.local/lib/python3.8/site-packages/airflow/example_dags/example_task_group.py for tasks to queue
[2024-04-20T17:04:05.000+0000] {logging_mixin.py:188} INFO - [2024-04-20T17:04:05.000+0000] {dagbag.py:540} INFO - Filling up the DagBag from /home/airflow/.local/lib/python3.8/site-packages/airflow/example_dags/example_task_group.py
[2024-04-20T17:04:05.009+0000] {processor.py:840} INFO - DAG(s) 'example_task_group' retrieved from /home/airflow/.local/lib/python3.8/site-packages/airflow/example_dags/example_task_group.py
[2024-04-20T17:04:05.036+0000] {logging_mixin.py:188} INFO - [2024-04-20T17:04:05.035+0000] {dag.py:3047} INFO - Sync 1 DAGs
[2024-04-20T17:04:05.060+0000] {logging_mixin.py:188} INFO - [2024-04-20T17:04:05.060+0000] {dag.py:3834} INFO - Setting next_dagrun for example_task_group to 2024-04-19 00:00:00+00:00, run_after=2024-04-20 00:00:00+00:00
[2024-04-20T17:04:05.185+0000] {processor.py:183} INFO - Processing /home/airflow/.local/lib/python3.8/site-packages/airflow/example_dags/example_task_group.py took 0.190 seconds
[2024-04-20T17:04:35.536+0000] {processor.py:161} INFO - Started process (PID=10020) to work on /home/airflow/.local/lib/python3.8/site-packages/airflow/example_dags/example_task_group.py
[2024-04-20T17:04:35.537+0000] {processor.py:830} INFO - Processing file /home/airflow/.local/lib/python3.8/site-packages/airflow/example_dags/example_task_group.py for tasks to queue
[2024-04-20T17:04:35.538+0000] {logging_mixin.py:188} INFO - [2024-04-20T17:04:35.538+0000] {dagbag.py:540} INFO - Filling up the DagBag from /home/airflow/.local/lib/python3.8/site-packages/airflow/example_dags/example_task_group.py
[2024-04-20T17:04:35.550+0000] {processor.py:840} INFO - DAG(s) 'example_task_group' retrieved from /home/airflow/.local/lib/python3.8/site-packages/airflow/example_dags/example_task_group.py
[2024-04-20T17:04:35.579+0000] {logging_mixin.py:188} INFO - [2024-04-20T17:04:35.579+0000] {dag.py:3047} INFO - Sync 1 DAGs
[2024-04-20T17:04:35.606+0000] {logging_mixin.py:188} INFO - [2024-04-20T17:04:35.605+0000] {dag.py:3834} INFO - Setting next_dagrun for example_task_group to 2024-04-19 00:00:00+00:00, run_after=2024-04-20 00:00:00+00:00
[2024-04-20T17:04:35.730+0000] {processor.py:183} INFO - Processing /home/airflow/.local/lib/python3.8/site-packages/airflow/example_dags/example_task_group.py took 0.198 seconds
[2024-04-20T17:05:06.153+0000] {processor.py:161} INFO - Started process (PID=10277) to work on /home/airflow/.local/lib/python3.8/site-packages/airflow/example_dags/example_task_group.py
[2024-04-20T17:05:06.154+0000] {processor.py:830} INFO - Processing file /home/airflow/.local/lib/python3.8/site-packages/airflow/example_dags/example_task_group.py for tasks to queue
[2024-04-20T17:05:06.156+0000] {logging_mixin.py:188} INFO - [2024-04-20T17:05:06.155+0000] {dagbag.py:540} INFO - Filling up the DagBag from /home/airflow/.local/lib/python3.8/site-packages/airflow/example_dags/example_task_group.py
[2024-04-20T17:05:06.164+0000] {processor.py:840} INFO - DAG(s) 'example_task_group' retrieved from /home/airflow/.local/lib/python3.8/site-packages/airflow/example_dags/example_task_group.py
[2024-04-20T17:05:06.193+0000] {logging_mixin.py:188} INFO - [2024-04-20T17:05:06.192+0000] {dag.py:3047} INFO - Sync 1 DAGs
[2024-04-20T17:05:06.220+0000] {logging_mixin.py:188} INFO - [2024-04-20T17:05:06.220+0000] {dag.py:3834} INFO - Setting next_dagrun for example_task_group to 2024-04-19 00:00:00+00:00, run_after=2024-04-20 00:00:00+00:00
[2024-04-20T17:05:06.345+0000] {processor.py:183} INFO - Processing /home/airflow/.local/lib/python3.8/site-packages/airflow/example_dags/example_task_group.py took 0.196 seconds
[2024-04-20T17:05:36.728+0000] {processor.py:161} INFO - Started process (PID=10534) to work on /home/airflow/.local/lib/python3.8/site-packages/airflow/example_dags/example_task_group.py
[2024-04-20T17:05:36.729+0000] {processor.py:830} INFO - Processing file /home/airflow/.local/lib/python3.8/site-packages/airflow/example_dags/example_task_group.py for tasks to queue
[2024-04-20T17:05:36.734+0000] {logging_mixin.py:188} INFO - [2024-04-20T17:05:36.734+0000] {dagbag.py:540} INFO - Filling up the DagBag from /home/airflow/.local/lib/python3.8/site-packages/airflow/example_dags/example_task_group.py
[2024-04-20T17:05:36.743+0000] {processor.py:840} INFO - DAG(s) 'example_task_group' retrieved from /home/airflow/.local/lib/python3.8/site-packages/airflow/example_dags/example_task_group.py
[2024-04-20T17:05:36.770+0000] {logging_mixin.py:188} INFO - [2024-04-20T17:05:36.769+0000] {dag.py:3047} INFO - Sync 1 DAGs
[2024-04-20T17:05:36.798+0000] {logging_mixin.py:188} INFO - [2024-04-20T17:05:36.798+0000] {dag.py:3834} INFO - Setting next_dagrun for example_task_group to 2024-04-19 00:00:00+00:00, run_after=2024-04-20 00:00:00+00:00
[2024-04-20T17:05:36.923+0000] {processor.py:183} INFO - Processing /home/airflow/.local/lib/python3.8/site-packages/airflow/example_dags/example_task_group.py took 0.199 seconds
[2024-04-20T17:06:07.754+0000] {processor.py:161} INFO - Started process (PID=10791) to work on /home/airflow/.local/lib/python3.8/site-packages/airflow/example_dags/example_task_group.py
[2024-04-20T17:06:07.755+0000] {processor.py:830} INFO - Processing file /home/airflow/.local/lib/python3.8/site-packages/airflow/example_dags/example_task_group.py for tasks to queue
[2024-04-20T17:06:07.757+0000] {logging_mixin.py:188} INFO - [2024-04-20T17:06:07.756+0000] {dagbag.py:540} INFO - Filling up the DagBag from /home/airflow/.local/lib/python3.8/site-packages/airflow/example_dags/example_task_group.py
[2024-04-20T17:06:07.765+0000] {processor.py:840} INFO - DAG(s) 'example_task_group' retrieved from /home/airflow/.local/lib/python3.8/site-packages/airflow/example_dags/example_task_group.py
[2024-04-20T17:06:07.789+0000] {logging_mixin.py:188} INFO - [2024-04-20T17:06:07.789+0000] {dag.py:3047} INFO - Sync 1 DAGs
[2024-04-20T17:06:07.815+0000] {logging_mixin.py:188} INFO - [2024-04-20T17:06:07.815+0000] {dag.py:3834} INFO - Setting next_dagrun for example_task_group to 2024-04-19 00:00:00+00:00, run_after=2024-04-20 00:00:00+00:00
[2024-04-20T17:06:07.939+0000] {processor.py:183} INFO - Processing /home/airflow/.local/lib/python3.8/site-packages/airflow/example_dags/example_task_group.py took 0.188 seconds
