[2024-04-20T16:45:11.508+0000] {processor.py:161} INFO - Started process (PID=315) to work on /home/airflow/.local/lib/python3.8/site-packages/airflow/example_dags/example_branch_labels.py
[2024-04-20T16:45:11.509+0000] {processor.py:830} INFO - Processing file /home/airflow/.local/lib/python3.8/site-packages/airflow/example_dags/example_branch_labels.py for tasks to queue
[2024-04-20T16:45:11.510+0000] {logging_mixin.py:188} INFO - [2024-04-20T16:45:11.509+0000] {dagbag.py:540} INFO - Filling up the DagBag from /home/airflow/.local/lib/python3.8/site-packages/airflow/example_dags/example_branch_labels.py
[2024-04-20T16:45:11.521+0000] {processor.py:840} INFO - DAG(s) 'example_branch_labels' retrieved from /home/airflow/.local/lib/python3.8/site-packages/airflow/example_dags/example_branch_labels.py
[2024-04-20T16:45:11.547+0000] {logging_mixin.py:188} INFO - [2024-04-20T16:45:11.546+0000] {dag.py:3047} INFO - Sync 1 DAGs
[2024-04-20T16:45:11.595+0000] {logging_mixin.py:188} INFO - [2024-04-20T16:45:11.595+0000] {dag.py:3834} INFO - Setting next_dagrun for example_branch_labels to 2024-04-19 00:00:00+00:00, run_after=2024-04-20 00:00:00+00:00
[2024-04-20T16:45:11.880+0000] {processor.py:183} INFO - Processing /home/airflow/.local/lib/python3.8/site-packages/airflow/example_dags/example_branch_labels.py took 0.380 seconds
[2024-04-20T16:45:44.796+0000] {processor.py:161} INFO - Started process (PID=572) to work on /home/airflow/.local/lib/python3.8/site-packages/airflow/example_dags/example_branch_labels.py
[2024-04-20T16:45:44.817+0000] {processor.py:830} INFO - Processing file /home/airflow/.local/lib/python3.8/site-packages/airflow/example_dags/example_branch_labels.py for tasks to queue
[2024-04-20T16:45:44.817+0000] {logging_mixin.py:188} INFO - [2024-04-20T16:45:44.817+0000] {dagbag.py:540} INFO - Filling up the DagBag from /home/airflow/.local/lib/python3.8/site-packages/airflow/example_dags/example_branch_labels.py
[2024-04-20T16:45:44.824+0000] {processor.py:840} INFO - DAG(s) 'example_branch_labels' retrieved from /home/airflow/.local/lib/python3.8/site-packages/airflow/example_dags/example_branch_labels.py
[2024-04-20T16:45:44.842+0000] {logging_mixin.py:188} INFO - [2024-04-20T16:45:44.842+0000] {dag.py:3047} INFO - Sync 1 DAGs
[2024-04-20T16:45:44.859+0000] {logging_mixin.py:188} INFO - [2024-04-20T16:45:44.859+0000] {dag.py:3834} INFO - Setting next_dagrun for example_branch_labels to 2024-04-19 00:00:00+00:00, run_after=2024-04-20 00:00:00+00:00
[2024-04-20T16:45:45.186+0000] {processor.py:183} INFO - Processing /home/airflow/.local/lib/python3.8/site-packages/airflow/example_dags/example_branch_labels.py took 0.393 seconds
[2024-04-20T16:46:15.740+0000] {processor.py:161} INFO - Started process (PID=825) to work on /home/airflow/.local/lib/python3.8/site-packages/airflow/example_dags/example_branch_labels.py
[2024-04-20T16:46:15.741+0000] {processor.py:830} INFO - Processing file /home/airflow/.local/lib/python3.8/site-packages/airflow/example_dags/example_branch_labels.py for tasks to queue
[2024-04-20T16:46:15.743+0000] {logging_mixin.py:188} INFO - [2024-04-20T16:46:15.742+0000] {dagbag.py:540} INFO - Filling up the DagBag from /home/airflow/.local/lib/python3.8/site-packages/airflow/example_dags/example_branch_labels.py
[2024-04-20T16:46:15.751+0000] {processor.py:840} INFO - DAG(s) 'example_branch_labels' retrieved from /home/airflow/.local/lib/python3.8/site-packages/airflow/example_dags/example_branch_labels.py
[2024-04-20T16:46:15.777+0000] {logging_mixin.py:188} INFO - [2024-04-20T16:46:15.777+0000] {dag.py:3047} INFO - Sync 1 DAGs
[2024-04-20T16:46:15.835+0000] {logging_mixin.py:188} INFO - [2024-04-20T16:46:15.834+0000] {dag.py:3834} INFO - Setting next_dagrun for example_branch_labels to 2024-04-19 00:00:00+00:00, run_after=2024-04-20 00:00:00+00:00
[2024-04-20T16:46:16.372+0000] {processor.py:183} INFO - Processing /home/airflow/.local/lib/python3.8/site-packages/airflow/example_dags/example_branch_labels.py took 0.635 seconds
[2024-04-20T16:46:46.611+0000] {processor.py:161} INFO - Started process (PID=1080) to work on /home/airflow/.local/lib/python3.8/site-packages/airflow/example_dags/example_branch_labels.py
[2024-04-20T16:46:46.611+0000] {processor.py:830} INFO - Processing file /home/airflow/.local/lib/python3.8/site-packages/airflow/example_dags/example_branch_labels.py for tasks to queue
[2024-04-20T16:46:46.612+0000] {logging_mixin.py:188} INFO - [2024-04-20T16:46:46.612+0000] {dagbag.py:540} INFO - Filling up the DagBag from /home/airflow/.local/lib/python3.8/site-packages/airflow/example_dags/example_branch_labels.py
[2024-04-20T16:46:46.619+0000] {processor.py:840} INFO - DAG(s) 'example_branch_labels' retrieved from /home/airflow/.local/lib/python3.8/site-packages/airflow/example_dags/example_branch_labels.py
[2024-04-20T16:46:46.641+0000] {logging_mixin.py:188} INFO - [2024-04-20T16:46:46.640+0000] {dag.py:3047} INFO - Sync 1 DAGs
[2024-04-20T16:46:46.666+0000] {logging_mixin.py:188} INFO - [2024-04-20T16:46:46.666+0000] {dag.py:3834} INFO - Setting next_dagrun for example_branch_labels to 2024-04-19 00:00:00+00:00, run_after=2024-04-20 00:00:00+00:00
[2024-04-20T16:46:46.949+0000] {processor.py:183} INFO - Processing /home/airflow/.local/lib/python3.8/site-packages/airflow/example_dags/example_branch_labels.py took 0.341 seconds
[2024-04-20T16:47:17.114+0000] {processor.py:161} INFO - Started process (PID=1336) to work on /home/airflow/.local/lib/python3.8/site-packages/airflow/example_dags/example_branch_labels.py
[2024-04-20T16:47:17.116+0000] {processor.py:830} INFO - Processing file /home/airflow/.local/lib/python3.8/site-packages/airflow/example_dags/example_branch_labels.py for tasks to queue
[2024-04-20T16:47:17.118+0000] {logging_mixin.py:188} INFO - [2024-04-20T16:47:17.117+0000] {dagbag.py:540} INFO - Filling up the DagBag from /home/airflow/.local/lib/python3.8/site-packages/airflow/example_dags/example_branch_labels.py
[2024-04-20T16:47:17.168+0000] {processor.py:840} INFO - DAG(s) 'example_branch_labels' retrieved from /home/airflow/.local/lib/python3.8/site-packages/airflow/example_dags/example_branch_labels.py
[2024-04-20T16:47:17.213+0000] {logging_mixin.py:188} INFO - [2024-04-20T16:47:17.213+0000] {dag.py:3047} INFO - Sync 1 DAGs
[2024-04-20T16:47:17.236+0000] {logging_mixin.py:188} INFO - [2024-04-20T16:47:17.236+0000] {dag.py:3834} INFO - Setting next_dagrun for example_branch_labels to 2024-04-19 00:00:00+00:00, run_after=2024-04-20 00:00:00+00:00
[2024-04-20T16:47:17.406+0000] {processor.py:183} INFO - Processing /home/airflow/.local/lib/python3.8/site-packages/airflow/example_dags/example_branch_labels.py took 0.295 seconds
[2024-04-20T16:47:47.532+0000] {processor.py:161} INFO - Started process (PID=1594) to work on /home/airflow/.local/lib/python3.8/site-packages/airflow/example_dags/example_branch_labels.py
[2024-04-20T16:47:47.533+0000] {processor.py:830} INFO - Processing file /home/airflow/.local/lib/python3.8/site-packages/airflow/example_dags/example_branch_labels.py for tasks to queue
[2024-04-20T16:47:47.535+0000] {logging_mixin.py:188} INFO - [2024-04-20T16:47:47.534+0000] {dagbag.py:540} INFO - Filling up the DagBag from /home/airflow/.local/lib/python3.8/site-packages/airflow/example_dags/example_branch_labels.py
[2024-04-20T16:47:47.544+0000] {processor.py:840} INFO - DAG(s) 'example_branch_labels' retrieved from /home/airflow/.local/lib/python3.8/site-packages/airflow/example_dags/example_branch_labels.py
[2024-04-20T16:47:47.569+0000] {logging_mixin.py:188} INFO - [2024-04-20T16:47:47.568+0000] {dag.py:3047} INFO - Sync 1 DAGs
[2024-04-20T16:47:47.594+0000] {logging_mixin.py:188} INFO - [2024-04-20T16:47:47.594+0000] {dag.py:3834} INFO - Setting next_dagrun for example_branch_labels to 2024-04-19 00:00:00+00:00, run_after=2024-04-20 00:00:00+00:00
[2024-04-20T16:47:47.716+0000] {processor.py:183} INFO - Processing /home/airflow/.local/lib/python3.8/site-packages/airflow/example_dags/example_branch_labels.py took 0.188 seconds
[2024-04-20T16:48:18.027+0000] {processor.py:161} INFO - Started process (PID=1851) to work on /home/airflow/.local/lib/python3.8/site-packages/airflow/example_dags/example_branch_labels.py
[2024-04-20T16:48:18.028+0000] {processor.py:830} INFO - Processing file /home/airflow/.local/lib/python3.8/site-packages/airflow/example_dags/example_branch_labels.py for tasks to queue
[2024-04-20T16:48:18.030+0000] {logging_mixin.py:188} INFO - [2024-04-20T16:48:18.029+0000] {dagbag.py:540} INFO - Filling up the DagBag from /home/airflow/.local/lib/python3.8/site-packages/airflow/example_dags/example_branch_labels.py
[2024-04-20T16:48:18.039+0000] {processor.py:840} INFO - DAG(s) 'example_branch_labels' retrieved from /home/airflow/.local/lib/python3.8/site-packages/airflow/example_dags/example_branch_labels.py
[2024-04-20T16:48:18.063+0000] {logging_mixin.py:188} INFO - [2024-04-20T16:48:18.062+0000] {dag.py:3047} INFO - Sync 1 DAGs
[2024-04-20T16:48:18.090+0000] {logging_mixin.py:188} INFO - [2024-04-20T16:48:18.089+0000] {dag.py:3834} INFO - Setting next_dagrun for example_branch_labels to 2024-04-19 00:00:00+00:00, run_after=2024-04-20 00:00:00+00:00
[2024-04-20T16:48:18.216+0000] {processor.py:183} INFO - Processing /home/airflow/.local/lib/python3.8/site-packages/airflow/example_dags/example_branch_labels.py took 0.192 seconds
[2024-04-20T16:48:48.424+0000] {processor.py:161} INFO - Started process (PID=2108) to work on /home/airflow/.local/lib/python3.8/site-packages/airflow/example_dags/example_branch_labels.py
[2024-04-20T16:48:48.425+0000] {processor.py:830} INFO - Processing file /home/airflow/.local/lib/python3.8/site-packages/airflow/example_dags/example_branch_labels.py for tasks to queue
[2024-04-20T16:48:48.426+0000] {logging_mixin.py:188} INFO - [2024-04-20T16:48:48.425+0000] {dagbag.py:540} INFO - Filling up the DagBag from /home/airflow/.local/lib/python3.8/site-packages/airflow/example_dags/example_branch_labels.py
[2024-04-20T16:48:48.436+0000] {processor.py:840} INFO - DAG(s) 'example_branch_labels' retrieved from /home/airflow/.local/lib/python3.8/site-packages/airflow/example_dags/example_branch_labels.py
[2024-04-20T16:48:48.459+0000] {logging_mixin.py:188} INFO - [2024-04-20T16:48:48.459+0000] {dag.py:3047} INFO - Sync 1 DAGs
[2024-04-20T16:48:48.487+0000] {logging_mixin.py:188} INFO - [2024-04-20T16:48:48.486+0000] {dag.py:3834} INFO - Setting next_dagrun for example_branch_labels to 2024-04-19 00:00:00+00:00, run_after=2024-04-20 00:00:00+00:00
[2024-04-20T16:48:48.611+0000] {processor.py:183} INFO - Processing /home/airflow/.local/lib/python3.8/site-packages/airflow/example_dags/example_branch_labels.py took 0.190 seconds
[2024-04-20T16:49:18.697+0000] {processor.py:161} INFO - Started process (PID=2362) to work on /home/airflow/.local/lib/python3.8/site-packages/airflow/example_dags/example_branch_labels.py
[2024-04-20T16:49:18.698+0000] {processor.py:830} INFO - Processing file /home/airflow/.local/lib/python3.8/site-packages/airflow/example_dags/example_branch_labels.py for tasks to queue
[2024-04-20T16:49:18.699+0000] {logging_mixin.py:188} INFO - [2024-04-20T16:49:18.699+0000] {dagbag.py:540} INFO - Filling up the DagBag from /home/airflow/.local/lib/python3.8/site-packages/airflow/example_dags/example_branch_labels.py
[2024-04-20T16:49:18.705+0000] {processor.py:840} INFO - DAG(s) 'example_branch_labels' retrieved from /home/airflow/.local/lib/python3.8/site-packages/airflow/example_dags/example_branch_labels.py
[2024-04-20T16:49:18.723+0000] {logging_mixin.py:188} INFO - [2024-04-20T16:49:18.723+0000] {dag.py:3047} INFO - Sync 1 DAGs
[2024-04-20T16:49:18.741+0000] {logging_mixin.py:188} INFO - [2024-04-20T16:49:18.740+0000] {dag.py:3834} INFO - Setting next_dagrun for example_branch_labels to 2024-04-19 00:00:00+00:00, run_after=2024-04-20 00:00:00+00:00
[2024-04-20T16:49:19.013+0000] {processor.py:183} INFO - Processing /home/airflow/.local/lib/python3.8/site-packages/airflow/example_dags/example_branch_labels.py took 0.318 seconds
[2024-04-20T16:49:49.063+0000] {processor.py:161} INFO - Started process (PID=2620) to work on /home/airflow/.local/lib/python3.8/site-packages/airflow/example_dags/example_branch_labels.py
[2024-04-20T16:49:49.064+0000] {processor.py:830} INFO - Processing file /home/airflow/.local/lib/python3.8/site-packages/airflow/example_dags/example_branch_labels.py for tasks to queue
[2024-04-20T16:49:49.065+0000] {logging_mixin.py:188} INFO - [2024-04-20T16:49:49.064+0000] {dagbag.py:540} INFO - Filling up the DagBag from /home/airflow/.local/lib/python3.8/site-packages/airflow/example_dags/example_branch_labels.py
[2024-04-20T16:49:49.071+0000] {processor.py:840} INFO - DAG(s) 'example_branch_labels' retrieved from /home/airflow/.local/lib/python3.8/site-packages/airflow/example_dags/example_branch_labels.py
[2024-04-20T16:49:49.089+0000] {logging_mixin.py:188} INFO - [2024-04-20T16:49:49.089+0000] {dag.py:3047} INFO - Sync 1 DAGs
[2024-04-20T16:49:49.107+0000] {logging_mixin.py:188} INFO - [2024-04-20T16:49:49.106+0000] {dag.py:3834} INFO - Setting next_dagrun for example_branch_labels to 2024-04-19 00:00:00+00:00, run_after=2024-04-20 00:00:00+00:00
[2024-04-20T16:49:49.230+0000] {processor.py:183} INFO - Processing /home/airflow/.local/lib/python3.8/site-packages/airflow/example_dags/example_branch_labels.py took 0.170 seconds
[2024-04-20T16:50:19.965+0000] {processor.py:161} INFO - Started process (PID=2877) to work on /home/airflow/.local/lib/python3.8/site-packages/airflow/example_dags/example_branch_labels.py
[2024-04-20T16:50:19.966+0000] {processor.py:830} INFO - Processing file /home/airflow/.local/lib/python3.8/site-packages/airflow/example_dags/example_branch_labels.py for tasks to queue
[2024-04-20T16:50:19.967+0000] {logging_mixin.py:188} INFO - [2024-04-20T16:50:19.967+0000] {dagbag.py:540} INFO - Filling up the DagBag from /home/airflow/.local/lib/python3.8/site-packages/airflow/example_dags/example_branch_labels.py
[2024-04-20T16:50:19.978+0000] {processor.py:840} INFO - DAG(s) 'example_branch_labels' retrieved from /home/airflow/.local/lib/python3.8/site-packages/airflow/example_dags/example_branch_labels.py
[2024-04-20T16:50:20.005+0000] {logging_mixin.py:188} INFO - [2024-04-20T16:50:20.005+0000] {dag.py:3047} INFO - Sync 1 DAGs
[2024-04-20T16:50:20.035+0000] {logging_mixin.py:188} INFO - [2024-04-20T16:50:20.035+0000] {dag.py:3834} INFO - Setting next_dagrun for example_branch_labels to 2024-04-19 00:00:00+00:00, run_after=2024-04-20 00:00:00+00:00
[2024-04-20T16:50:20.159+0000] {processor.py:183} INFO - Processing /home/airflow/.local/lib/python3.8/site-packages/airflow/example_dags/example_branch_labels.py took 0.197 seconds
[2024-04-20T16:50:50.527+0000] {processor.py:161} INFO - Started process (PID=3138) to work on /home/airflow/.local/lib/python3.8/site-packages/airflow/example_dags/example_branch_labels.py
[2024-04-20T16:50:50.528+0000] {processor.py:830} INFO - Processing file /home/airflow/.local/lib/python3.8/site-packages/airflow/example_dags/example_branch_labels.py for tasks to queue
[2024-04-20T16:50:50.529+0000] {logging_mixin.py:188} INFO - [2024-04-20T16:50:50.528+0000] {dagbag.py:540} INFO - Filling up the DagBag from /home/airflow/.local/lib/python3.8/site-packages/airflow/example_dags/example_branch_labels.py
[2024-04-20T16:50:50.538+0000] {processor.py:840} INFO - DAG(s) 'example_branch_labels' retrieved from /home/airflow/.local/lib/python3.8/site-packages/airflow/example_dags/example_branch_labels.py
[2024-04-20T16:50:50.563+0000] {logging_mixin.py:188} INFO - [2024-04-20T16:50:50.562+0000] {dag.py:3047} INFO - Sync 1 DAGs
[2024-04-20T16:50:50.591+0000] {logging_mixin.py:188} INFO - [2024-04-20T16:50:50.591+0000] {dag.py:3834} INFO - Setting next_dagrun for example_branch_labels to 2024-04-19 00:00:00+00:00, run_after=2024-04-20 00:00:00+00:00
[2024-04-20T16:50:50.903+0000] {processor.py:183} INFO - Processing /home/airflow/.local/lib/python3.8/site-packages/airflow/example_dags/example_branch_labels.py took 0.380 seconds
[2024-04-20T16:51:21.168+0000] {processor.py:161} INFO - Started process (PID=3395) to work on /home/airflow/.local/lib/python3.8/site-packages/airflow/example_dags/example_branch_labels.py
[2024-04-20T16:51:21.170+0000] {processor.py:830} INFO - Processing file /home/airflow/.local/lib/python3.8/site-packages/airflow/example_dags/example_branch_labels.py for tasks to queue
[2024-04-20T16:51:21.171+0000] {logging_mixin.py:188} INFO - [2024-04-20T16:51:21.171+0000] {dagbag.py:540} INFO - Filling up the DagBag from /home/airflow/.local/lib/python3.8/site-packages/airflow/example_dags/example_branch_labels.py
[2024-04-20T16:51:21.180+0000] {processor.py:840} INFO - DAG(s) 'example_branch_labels' retrieved from /home/airflow/.local/lib/python3.8/site-packages/airflow/example_dags/example_branch_labels.py
[2024-04-20T16:51:21.205+0000] {logging_mixin.py:188} INFO - [2024-04-20T16:51:21.205+0000] {dag.py:3047} INFO - Sync 1 DAGs
[2024-04-20T16:51:21.236+0000] {logging_mixin.py:188} INFO - [2024-04-20T16:51:21.236+0000] {dag.py:3834} INFO - Setting next_dagrun for example_branch_labels to 2024-04-19 00:00:00+00:00, run_after=2024-04-20 00:00:00+00:00
[2024-04-20T16:51:21.360+0000] {processor.py:183} INFO - Processing /home/airflow/.local/lib/python3.8/site-packages/airflow/example_dags/example_branch_labels.py took 0.195 seconds
[2024-04-20T16:51:51.721+0000] {processor.py:161} INFO - Started process (PID=3652) to work on /home/airflow/.local/lib/python3.8/site-packages/airflow/example_dags/example_branch_labels.py
[2024-04-20T16:51:51.722+0000] {processor.py:830} INFO - Processing file /home/airflow/.local/lib/python3.8/site-packages/airflow/example_dags/example_branch_labels.py for tasks to queue
[2024-04-20T16:51:51.723+0000] {logging_mixin.py:188} INFO - [2024-04-20T16:51:51.722+0000] {dagbag.py:540} INFO - Filling up the DagBag from /home/airflow/.local/lib/python3.8/site-packages/airflow/example_dags/example_branch_labels.py
[2024-04-20T16:51:51.729+0000] {processor.py:840} INFO - DAG(s) 'example_branch_labels' retrieved from /home/airflow/.local/lib/python3.8/site-packages/airflow/example_dags/example_branch_labels.py
[2024-04-20T16:51:51.746+0000] {logging_mixin.py:188} INFO - [2024-04-20T16:51:51.746+0000] {dag.py:3047} INFO - Sync 1 DAGs
[2024-04-20T16:51:51.764+0000] {logging_mixin.py:188} INFO - [2024-04-20T16:51:51.764+0000] {dag.py:3834} INFO - Setting next_dagrun for example_branch_labels to 2024-04-19 00:00:00+00:00, run_after=2024-04-20 00:00:00+00:00
[2024-04-20T16:51:51.911+0000] {processor.py:183} INFO - Processing /home/airflow/.local/lib/python3.8/site-packages/airflow/example_dags/example_branch_labels.py took 0.192 seconds
[2024-04-20T16:52:21.963+0000] {processor.py:161} INFO - Started process (PID=3909) to work on /home/airflow/.local/lib/python3.8/site-packages/airflow/example_dags/example_branch_labels.py
[2024-04-20T16:52:21.964+0000] {processor.py:830} INFO - Processing file /home/airflow/.local/lib/python3.8/site-packages/airflow/example_dags/example_branch_labels.py for tasks to queue
[2024-04-20T16:52:21.965+0000] {logging_mixin.py:188} INFO - [2024-04-20T16:52:21.965+0000] {dagbag.py:540} INFO - Filling up the DagBag from /home/airflow/.local/lib/python3.8/site-packages/airflow/example_dags/example_branch_labels.py
[2024-04-20T16:52:21.971+0000] {processor.py:840} INFO - DAG(s) 'example_branch_labels' retrieved from /home/airflow/.local/lib/python3.8/site-packages/airflow/example_dags/example_branch_labels.py
[2024-04-20T16:52:21.989+0000] {logging_mixin.py:188} INFO - [2024-04-20T16:52:21.989+0000] {dag.py:3047} INFO - Sync 1 DAGs
[2024-04-20T16:52:22.007+0000] {logging_mixin.py:188} INFO - [2024-04-20T16:52:22.007+0000] {dag.py:3834} INFO - Setting next_dagrun for example_branch_labels to 2024-04-19 00:00:00+00:00, run_after=2024-04-20 00:00:00+00:00
[2024-04-20T16:52:22.152+0000] {processor.py:183} INFO - Processing /home/airflow/.local/lib/python3.8/site-packages/airflow/example_dags/example_branch_labels.py took 0.191 seconds
[2024-04-20T16:52:52.670+0000] {processor.py:161} INFO - Started process (PID=4166) to work on /home/airflow/.local/lib/python3.8/site-packages/airflow/example_dags/example_branch_labels.py
[2024-04-20T16:52:52.671+0000] {processor.py:830} INFO - Processing file /home/airflow/.local/lib/python3.8/site-packages/airflow/example_dags/example_branch_labels.py for tasks to queue
[2024-04-20T16:52:52.671+0000] {logging_mixin.py:188} INFO - [2024-04-20T16:52:52.671+0000] {dagbag.py:540} INFO - Filling up the DagBag from /home/airflow/.local/lib/python3.8/site-packages/airflow/example_dags/example_branch_labels.py
[2024-04-20T16:52:52.678+0000] {processor.py:840} INFO - DAG(s) 'example_branch_labels' retrieved from /home/airflow/.local/lib/python3.8/site-packages/airflow/example_dags/example_branch_labels.py
[2024-04-20T16:52:52.695+0000] {logging_mixin.py:188} INFO - [2024-04-20T16:52:52.695+0000] {dag.py:3047} INFO - Sync 1 DAGs
[2024-04-20T16:52:52.713+0000] {logging_mixin.py:188} INFO - [2024-04-20T16:52:52.713+0000] {dag.py:3834} INFO - Setting next_dagrun for example_branch_labels to 2024-04-19 00:00:00+00:00, run_after=2024-04-20 00:00:00+00:00
[2024-04-20T16:52:52.858+0000] {processor.py:183} INFO - Processing /home/airflow/.local/lib/python3.8/site-packages/airflow/example_dags/example_branch_labels.py took 0.191 seconds
[2024-04-20T16:53:23.198+0000] {processor.py:161} INFO - Started process (PID=4424) to work on /home/airflow/.local/lib/python3.8/site-packages/airflow/example_dags/example_branch_labels.py
[2024-04-20T16:53:23.199+0000] {processor.py:830} INFO - Processing file /home/airflow/.local/lib/python3.8/site-packages/airflow/example_dags/example_branch_labels.py for tasks to queue
[2024-04-20T16:53:23.200+0000] {logging_mixin.py:188} INFO - [2024-04-20T16:53:23.200+0000] {dagbag.py:540} INFO - Filling up the DagBag from /home/airflow/.local/lib/python3.8/site-packages/airflow/example_dags/example_branch_labels.py
[2024-04-20T16:53:23.206+0000] {processor.py:840} INFO - DAG(s) 'example_branch_labels' retrieved from /home/airflow/.local/lib/python3.8/site-packages/airflow/example_dags/example_branch_labels.py
[2024-04-20T16:53:23.224+0000] {logging_mixin.py:188} INFO - [2024-04-20T16:53:23.223+0000] {dag.py:3047} INFO - Sync 1 DAGs
[2024-04-20T16:53:23.241+0000] {logging_mixin.py:188} INFO - [2024-04-20T16:53:23.241+0000] {dag.py:3834} INFO - Setting next_dagrun for example_branch_labels to 2024-04-19 00:00:00+00:00, run_after=2024-04-20 00:00:00+00:00
[2024-04-20T16:53:23.386+0000] {processor.py:183} INFO - Processing /home/airflow/.local/lib/python3.8/site-packages/airflow/example_dags/example_branch_labels.py took 0.192 seconds
[2024-04-20T16:53:53.884+0000] {processor.py:161} INFO - Started process (PID=4681) to work on /home/airflow/.local/lib/python3.8/site-packages/airflow/example_dags/example_branch_labels.py
[2024-04-20T16:53:53.885+0000] {processor.py:830} INFO - Processing file /home/airflow/.local/lib/python3.8/site-packages/airflow/example_dags/example_branch_labels.py for tasks to queue
[2024-04-20T16:53:53.886+0000] {logging_mixin.py:188} INFO - [2024-04-20T16:53:53.885+0000] {dagbag.py:540} INFO - Filling up the DagBag from /home/airflow/.local/lib/python3.8/site-packages/airflow/example_dags/example_branch_labels.py
[2024-04-20T16:53:53.892+0000] {processor.py:840} INFO - DAG(s) 'example_branch_labels' retrieved from /home/airflow/.local/lib/python3.8/site-packages/airflow/example_dags/example_branch_labels.py
[2024-04-20T16:53:53.910+0000] {logging_mixin.py:188} INFO - [2024-04-20T16:53:53.910+0000] {dag.py:3047} INFO - Sync 1 DAGs
[2024-04-20T16:53:53.928+0000] {logging_mixin.py:188} INFO - [2024-04-20T16:53:53.928+0000] {dag.py:3834} INFO - Setting next_dagrun for example_branch_labels to 2024-04-19 00:00:00+00:00, run_after=2024-04-20 00:00:00+00:00
[2024-04-20T16:53:54.076+0000] {processor.py:183} INFO - Processing /home/airflow/.local/lib/python3.8/site-packages/airflow/example_dags/example_branch_labels.py took 0.194 seconds
[2024-04-20T16:54:25.461+0000] {processor.py:161} INFO - Started process (PID=4937) to work on /home/airflow/.local/lib/python3.8/site-packages/airflow/example_dags/example_branch_labels.py
[2024-04-20T16:54:25.462+0000] {processor.py:830} INFO - Processing file /home/airflow/.local/lib/python3.8/site-packages/airflow/example_dags/example_branch_labels.py for tasks to queue
[2024-04-20T16:54:25.463+0000] {logging_mixin.py:188} INFO - [2024-04-20T16:54:25.462+0000] {dagbag.py:540} INFO - Filling up the DagBag from /home/airflow/.local/lib/python3.8/site-packages/airflow/example_dags/example_branch_labels.py
[2024-04-20T16:54:25.473+0000] {processor.py:840} INFO - DAG(s) 'example_branch_labels' retrieved from /home/airflow/.local/lib/python3.8/site-packages/airflow/example_dags/example_branch_labels.py
[2024-04-20T16:54:25.498+0000] {logging_mixin.py:188} INFO - [2024-04-20T16:54:25.497+0000] {dag.py:3047} INFO - Sync 1 DAGs
[2024-04-20T16:54:25.524+0000] {logging_mixin.py:188} INFO - [2024-04-20T16:54:25.524+0000] {dag.py:3834} INFO - Setting next_dagrun for example_branch_labels to 2024-04-19 00:00:00+00:00, run_after=2024-04-20 00:00:00+00:00
[2024-04-20T16:54:25.651+0000] {processor.py:183} INFO - Processing /home/airflow/.local/lib/python3.8/site-packages/airflow/example_dags/example_branch_labels.py took 0.194 seconds
[2024-04-20T16:54:55.754+0000] {processor.py:161} INFO - Started process (PID=5190) to work on /home/airflow/.local/lib/python3.8/site-packages/airflow/example_dags/example_branch_labels.py
[2024-04-20T16:54:55.755+0000] {processor.py:830} INFO - Processing file /home/airflow/.local/lib/python3.8/site-packages/airflow/example_dags/example_branch_labels.py for tasks to queue
[2024-04-20T16:54:55.756+0000] {logging_mixin.py:188} INFO - [2024-04-20T16:54:55.756+0000] {dagbag.py:540} INFO - Filling up the DagBag from /home/airflow/.local/lib/python3.8/site-packages/airflow/example_dags/example_branch_labels.py
[2024-04-20T16:54:55.762+0000] {processor.py:840} INFO - DAG(s) 'example_branch_labels' retrieved from /home/airflow/.local/lib/python3.8/site-packages/airflow/example_dags/example_branch_labels.py
[2024-04-20T16:54:55.780+0000] {logging_mixin.py:188} INFO - [2024-04-20T16:54:55.780+0000] {dag.py:3047} INFO - Sync 1 DAGs
[2024-04-20T16:54:55.798+0000] {logging_mixin.py:188} INFO - [2024-04-20T16:54:55.798+0000] {dag.py:3834} INFO - Setting next_dagrun for example_branch_labels to 2024-04-19 00:00:00+00:00, run_after=2024-04-20 00:00:00+00:00
[2024-04-20T16:54:55.947+0000] {processor.py:183} INFO - Processing /home/airflow/.local/lib/python3.8/site-packages/airflow/example_dags/example_branch_labels.py took 0.195 seconds
[2024-04-20T16:55:26.329+0000] {processor.py:161} INFO - Started process (PID=5447) to work on /home/airflow/.local/lib/python3.8/site-packages/airflow/example_dags/example_branch_labels.py
[2024-04-20T16:55:26.330+0000] {processor.py:830} INFO - Processing file /home/airflow/.local/lib/python3.8/site-packages/airflow/example_dags/example_branch_labels.py for tasks to queue
[2024-04-20T16:55:26.331+0000] {logging_mixin.py:188} INFO - [2024-04-20T16:55:26.330+0000] {dagbag.py:540} INFO - Filling up the DagBag from /home/airflow/.local/lib/python3.8/site-packages/airflow/example_dags/example_branch_labels.py
[2024-04-20T16:55:26.337+0000] {processor.py:840} INFO - DAG(s) 'example_branch_labels' retrieved from /home/airflow/.local/lib/python3.8/site-packages/airflow/example_dags/example_branch_labels.py
[2024-04-20T16:55:26.355+0000] {logging_mixin.py:188} INFO - [2024-04-20T16:55:26.355+0000] {dag.py:3047} INFO - Sync 1 DAGs
[2024-04-20T16:55:26.373+0000] {logging_mixin.py:188} INFO - [2024-04-20T16:55:26.373+0000] {dag.py:3834} INFO - Setting next_dagrun for example_branch_labels to 2024-04-19 00:00:00+00:00, run_after=2024-04-20 00:00:00+00:00
[2024-04-20T16:55:26.568+0000] {processor.py:183} INFO - Processing /home/airflow/.local/lib/python3.8/site-packages/airflow/example_dags/example_branch_labels.py took 0.241 seconds
[2024-04-20T16:55:56.650+0000] {processor.py:161} INFO - Started process (PID=5705) to work on /home/airflow/.local/lib/python3.8/site-packages/airflow/example_dags/example_branch_labels.py
[2024-04-20T16:55:56.651+0000] {processor.py:830} INFO - Processing file /home/airflow/.local/lib/python3.8/site-packages/airflow/example_dags/example_branch_labels.py for tasks to queue
[2024-04-20T16:55:56.651+0000] {logging_mixin.py:188} INFO - [2024-04-20T16:55:56.651+0000] {dagbag.py:540} INFO - Filling up the DagBag from /home/airflow/.local/lib/python3.8/site-packages/airflow/example_dags/example_branch_labels.py
[2024-04-20T16:55:56.659+0000] {processor.py:840} INFO - DAG(s) 'example_branch_labels' retrieved from /home/airflow/.local/lib/python3.8/site-packages/airflow/example_dags/example_branch_labels.py
[2024-04-20T16:55:56.677+0000] {logging_mixin.py:188} INFO - [2024-04-20T16:55:56.677+0000] {dag.py:3047} INFO - Sync 1 DAGs
[2024-04-20T16:55:56.694+0000] {logging_mixin.py:188} INFO - [2024-04-20T16:55:56.694+0000] {dag.py:3834} INFO - Setting next_dagrun for example_branch_labels to 2024-04-19 00:00:00+00:00, run_after=2024-04-20 00:00:00+00:00
[2024-04-20T16:55:56.838+0000] {processor.py:183} INFO - Processing /home/airflow/.local/lib/python3.8/site-packages/airflow/example_dags/example_branch_labels.py took 0.190 seconds
[2024-04-20T16:56:27.020+0000] {processor.py:161} INFO - Started process (PID=5962) to work on /home/airflow/.local/lib/python3.8/site-packages/airflow/example_dags/example_branch_labels.py
[2024-04-20T16:56:27.021+0000] {processor.py:830} INFO - Processing file /home/airflow/.local/lib/python3.8/site-packages/airflow/example_dags/example_branch_labels.py for tasks to queue
[2024-04-20T16:56:27.022+0000] {logging_mixin.py:188} INFO - [2024-04-20T16:56:27.021+0000] {dagbag.py:540} INFO - Filling up the DagBag from /home/airflow/.local/lib/python3.8/site-packages/airflow/example_dags/example_branch_labels.py
[2024-04-20T16:56:27.028+0000] {processor.py:840} INFO - DAG(s) 'example_branch_labels' retrieved from /home/airflow/.local/lib/python3.8/site-packages/airflow/example_dags/example_branch_labels.py
[2024-04-20T16:56:27.046+0000] {logging_mixin.py:188} INFO - [2024-04-20T16:56:27.046+0000] {dag.py:3047} INFO - Sync 1 DAGs
[2024-04-20T16:56:27.063+0000] {logging_mixin.py:188} INFO - [2024-04-20T16:56:27.063+0000] {dag.py:3834} INFO - Setting next_dagrun for example_branch_labels to 2024-04-19 00:00:00+00:00, run_after=2024-04-20 00:00:00+00:00
[2024-04-20T16:56:27.210+0000] {processor.py:183} INFO - Processing /home/airflow/.local/lib/python3.8/site-packages/airflow/example_dags/example_branch_labels.py took 0.193 seconds
[2024-04-20T16:56:58.709+0000] {processor.py:161} INFO - Started process (PID=6224) to work on /home/airflow/.local/lib/python3.8/site-packages/airflow/example_dags/example_branch_labels.py
[2024-04-20T16:56:58.710+0000] {processor.py:830} INFO - Processing file /home/airflow/.local/lib/python3.8/site-packages/airflow/example_dags/example_branch_labels.py for tasks to queue
[2024-04-20T16:56:58.711+0000] {logging_mixin.py:188} INFO - [2024-04-20T16:56:58.710+0000] {dagbag.py:540} INFO - Filling up the DagBag from /home/airflow/.local/lib/python3.8/site-packages/airflow/example_dags/example_branch_labels.py
[2024-04-20T16:56:58.717+0000] {processor.py:840} INFO - DAG(s) 'example_branch_labels' retrieved from /home/airflow/.local/lib/python3.8/site-packages/airflow/example_dags/example_branch_labels.py
[2024-04-20T16:56:58.735+0000] {logging_mixin.py:188} INFO - [2024-04-20T16:56:58.734+0000] {dag.py:3047} INFO - Sync 1 DAGs
[2024-04-20T16:56:58.753+0000] {logging_mixin.py:188} INFO - [2024-04-20T16:56:58.752+0000] {dag.py:3834} INFO - Setting next_dagrun for example_branch_labels to 2024-04-19 00:00:00+00:00, run_after=2024-04-20 00:00:00+00:00
[2024-04-20T16:56:58.898+0000] {processor.py:183} INFO - Processing /home/airflow/.local/lib/python3.8/site-packages/airflow/example_dags/example_branch_labels.py took 0.191 seconds
[2024-04-20T16:57:29.248+0000] {processor.py:161} INFO - Started process (PID=6484) to work on /home/airflow/.local/lib/python3.8/site-packages/airflow/example_dags/example_branch_labels.py
[2024-04-20T16:57:29.249+0000] {processor.py:830} INFO - Processing file /home/airflow/.local/lib/python3.8/site-packages/airflow/example_dags/example_branch_labels.py for tasks to queue
[2024-04-20T16:57:29.250+0000] {logging_mixin.py:188} INFO - [2024-04-20T16:57:29.249+0000] {dagbag.py:540} INFO - Filling up the DagBag from /home/airflow/.local/lib/python3.8/site-packages/airflow/example_dags/example_branch_labels.py
[2024-04-20T16:57:29.259+0000] {processor.py:840} INFO - DAG(s) 'example_branch_labels' retrieved from /home/airflow/.local/lib/python3.8/site-packages/airflow/example_dags/example_branch_labels.py
[2024-04-20T16:57:29.285+0000] {logging_mixin.py:188} INFO - [2024-04-20T16:57:29.285+0000] {dag.py:3047} INFO - Sync 1 DAGs
[2024-04-20T16:57:29.312+0000] {logging_mixin.py:188} INFO - [2024-04-20T16:57:29.311+0000] {dag.py:3834} INFO - Setting next_dagrun for example_branch_labels to 2024-04-19 00:00:00+00:00, run_after=2024-04-20 00:00:00+00:00
[2024-04-20T16:57:29.435+0000] {processor.py:183} INFO - Processing /home/airflow/.local/lib/python3.8/site-packages/airflow/example_dags/example_branch_labels.py took 0.190 seconds
[2024-04-20T16:57:59.800+0000] {processor.py:161} INFO - Started process (PID=6739) to work on /home/airflow/.local/lib/python3.8/site-packages/airflow/example_dags/example_branch_labels.py
[2024-04-20T16:57:59.801+0000] {processor.py:830} INFO - Processing file /home/airflow/.local/lib/python3.8/site-packages/airflow/example_dags/example_branch_labels.py for tasks to queue
[2024-04-20T16:57:59.802+0000] {logging_mixin.py:188} INFO - [2024-04-20T16:57:59.802+0000] {dagbag.py:540} INFO - Filling up the DagBag from /home/airflow/.local/lib/python3.8/site-packages/airflow/example_dags/example_branch_labels.py
[2024-04-20T16:57:59.808+0000] {processor.py:840} INFO - DAG(s) 'example_branch_labels' retrieved from /home/airflow/.local/lib/python3.8/site-packages/airflow/example_dags/example_branch_labels.py
[2024-04-20T16:57:59.826+0000] {logging_mixin.py:188} INFO - [2024-04-20T16:57:59.825+0000] {dag.py:3047} INFO - Sync 1 DAGs
[2024-04-20T16:57:59.845+0000] {logging_mixin.py:188} INFO - [2024-04-20T16:57:59.845+0000] {dag.py:3834} INFO - Setting next_dagrun for example_branch_labels to 2024-04-19 00:00:00+00:00, run_after=2024-04-20 00:00:00+00:00
[2024-04-20T16:57:59.989+0000] {processor.py:183} INFO - Processing /home/airflow/.local/lib/python3.8/site-packages/airflow/example_dags/example_branch_labels.py took 0.192 seconds
[2024-04-20T16:58:30.200+0000] {processor.py:161} INFO - Started process (PID=6998) to work on /home/airflow/.local/lib/python3.8/site-packages/airflow/example_dags/example_branch_labels.py
[2024-04-20T16:58:30.201+0000] {processor.py:830} INFO - Processing file /home/airflow/.local/lib/python3.8/site-packages/airflow/example_dags/example_branch_labels.py for tasks to queue
[2024-04-20T16:58:30.201+0000] {logging_mixin.py:188} INFO - [2024-04-20T16:58:30.201+0000] {dagbag.py:540} INFO - Filling up the DagBag from /home/airflow/.local/lib/python3.8/site-packages/airflow/example_dags/example_branch_labels.py
[2024-04-20T16:58:30.208+0000] {processor.py:840} INFO - DAG(s) 'example_branch_labels' retrieved from /home/airflow/.local/lib/python3.8/site-packages/airflow/example_dags/example_branch_labels.py
[2024-04-20T16:58:30.225+0000] {logging_mixin.py:188} INFO - [2024-04-20T16:58:30.225+0000] {dag.py:3047} INFO - Sync 1 DAGs
[2024-04-20T16:58:30.243+0000] {logging_mixin.py:188} INFO - [2024-04-20T16:58:30.242+0000] {dag.py:3834} INFO - Setting next_dagrun for example_branch_labels to 2024-04-19 00:00:00+00:00, run_after=2024-04-20 00:00:00+00:00
[2024-04-20T16:58:30.391+0000] {processor.py:183} INFO - Processing /home/airflow/.local/lib/python3.8/site-packages/airflow/example_dags/example_branch_labels.py took 0.194 seconds
[2024-04-20T16:59:00.693+0000] {processor.py:161} INFO - Started process (PID=7255) to work on /home/airflow/.local/lib/python3.8/site-packages/airflow/example_dags/example_branch_labels.py
[2024-04-20T16:59:00.693+0000] {processor.py:830} INFO - Processing file /home/airflow/.local/lib/python3.8/site-packages/airflow/example_dags/example_branch_labels.py for tasks to queue
[2024-04-20T16:59:00.694+0000] {logging_mixin.py:188} INFO - [2024-04-20T16:59:00.694+0000] {dagbag.py:540} INFO - Filling up the DagBag from /home/airflow/.local/lib/python3.8/site-packages/airflow/example_dags/example_branch_labels.py
[2024-04-20T16:59:00.701+0000] {processor.py:840} INFO - DAG(s) 'example_branch_labels' retrieved from /home/airflow/.local/lib/python3.8/site-packages/airflow/example_dags/example_branch_labels.py
[2024-04-20T16:59:00.719+0000] {logging_mixin.py:188} INFO - [2024-04-20T16:59:00.719+0000] {dag.py:3047} INFO - Sync 1 DAGs
[2024-04-20T16:59:00.736+0000] {logging_mixin.py:188} INFO - [2024-04-20T16:59:00.736+0000] {dag.py:3834} INFO - Setting next_dagrun for example_branch_labels to 2024-04-19 00:00:00+00:00, run_after=2024-04-20 00:00:00+00:00
[2024-04-20T16:59:00.885+0000] {processor.py:183} INFO - Processing /home/airflow/.local/lib/python3.8/site-packages/airflow/example_dags/example_branch_labels.py took 0.195 seconds
[2024-04-20T16:59:32.363+0000] {processor.py:161} INFO - Started process (PID=7512) to work on /home/airflow/.local/lib/python3.8/site-packages/airflow/example_dags/example_branch_labels.py
[2024-04-20T16:59:32.364+0000] {processor.py:830} INFO - Processing file /home/airflow/.local/lib/python3.8/site-packages/airflow/example_dags/example_branch_labels.py for tasks to queue
[2024-04-20T16:59:32.365+0000] {logging_mixin.py:188} INFO - [2024-04-20T16:59:32.365+0000] {dagbag.py:540} INFO - Filling up the DagBag from /home/airflow/.local/lib/python3.8/site-packages/airflow/example_dags/example_branch_labels.py
[2024-04-20T16:59:32.371+0000] {processor.py:840} INFO - DAG(s) 'example_branch_labels' retrieved from /home/airflow/.local/lib/python3.8/site-packages/airflow/example_dags/example_branch_labels.py
[2024-04-20T16:59:32.390+0000] {logging_mixin.py:188} INFO - [2024-04-20T16:59:32.389+0000] {dag.py:3047} INFO - Sync 1 DAGs
[2024-04-20T16:59:32.407+0000] {logging_mixin.py:188} INFO - [2024-04-20T16:59:32.407+0000] {dag.py:3834} INFO - Setting next_dagrun for example_branch_labels to 2024-04-19 00:00:00+00:00, run_after=2024-04-20 00:00:00+00:00
[2024-04-20T16:59:32.917+0000] {processor.py:183} INFO - Processing /home/airflow/.local/lib/python3.8/site-packages/airflow/example_dags/example_branch_labels.py took 0.556 seconds
[2024-04-20T17:00:02.978+0000] {processor.py:161} INFO - Started process (PID=7769) to work on /home/airflow/.local/lib/python3.8/site-packages/airflow/example_dags/example_branch_labels.py
[2024-04-20T17:00:02.979+0000] {processor.py:830} INFO - Processing file /home/airflow/.local/lib/python3.8/site-packages/airflow/example_dags/example_branch_labels.py for tasks to queue
[2024-04-20T17:00:02.980+0000] {logging_mixin.py:188} INFO - [2024-04-20T17:00:02.979+0000] {dagbag.py:540} INFO - Filling up the DagBag from /home/airflow/.local/lib/python3.8/site-packages/airflow/example_dags/example_branch_labels.py
[2024-04-20T17:00:02.986+0000] {processor.py:840} INFO - DAG(s) 'example_branch_labels' retrieved from /home/airflow/.local/lib/python3.8/site-packages/airflow/example_dags/example_branch_labels.py
[2024-04-20T17:00:03.004+0000] {logging_mixin.py:188} INFO - [2024-04-20T17:00:03.003+0000] {dag.py:3047} INFO - Sync 1 DAGs
[2024-04-20T17:00:03.021+0000] {logging_mixin.py:188} INFO - [2024-04-20T17:00:03.021+0000] {dag.py:3834} INFO - Setting next_dagrun for example_branch_labels to 2024-04-19 00:00:00+00:00, run_after=2024-04-20 00:00:00+00:00
[2024-04-20T17:00:03.201+0000] {processor.py:183} INFO - Processing /home/airflow/.local/lib/python3.8/site-packages/airflow/example_dags/example_branch_labels.py took 0.227 seconds
[2024-04-20T17:00:33.410+0000] {processor.py:161} INFO - Started process (PID=8026) to work on /home/airflow/.local/lib/python3.8/site-packages/airflow/example_dags/example_branch_labels.py
[2024-04-20T17:00:33.411+0000] {processor.py:830} INFO - Processing file /home/airflow/.local/lib/python3.8/site-packages/airflow/example_dags/example_branch_labels.py for tasks to queue
[2024-04-20T17:00:33.412+0000] {logging_mixin.py:188} INFO - [2024-04-20T17:00:33.412+0000] {dagbag.py:540} INFO - Filling up the DagBag from /home/airflow/.local/lib/python3.8/site-packages/airflow/example_dags/example_branch_labels.py
[2024-04-20T17:00:33.418+0000] {processor.py:840} INFO - DAG(s) 'example_branch_labels' retrieved from /home/airflow/.local/lib/python3.8/site-packages/airflow/example_dags/example_branch_labels.py
[2024-04-20T17:00:33.436+0000] {logging_mixin.py:188} INFO - [2024-04-20T17:00:33.435+0000] {dag.py:3047} INFO - Sync 1 DAGs
[2024-04-20T17:00:33.455+0000] {logging_mixin.py:188} INFO - [2024-04-20T17:00:33.455+0000] {dag.py:3834} INFO - Setting next_dagrun for example_branch_labels to 2024-04-19 00:00:00+00:00, run_after=2024-04-20 00:00:00+00:00
[2024-04-20T17:00:33.644+0000] {processor.py:183} INFO - Processing /home/airflow/.local/lib/python3.8/site-packages/airflow/example_dags/example_branch_labels.py took 0.236 seconds
[2024-04-20T17:01:03.933+0000] {processor.py:161} INFO - Started process (PID=8284) to work on /home/airflow/.local/lib/python3.8/site-packages/airflow/example_dags/example_branch_labels.py
[2024-04-20T17:01:03.934+0000] {processor.py:830} INFO - Processing file /home/airflow/.local/lib/python3.8/site-packages/airflow/example_dags/example_branch_labels.py for tasks to queue
[2024-04-20T17:01:03.935+0000] {logging_mixin.py:188} INFO - [2024-04-20T17:01:03.934+0000] {dagbag.py:540} INFO - Filling up the DagBag from /home/airflow/.local/lib/python3.8/site-packages/airflow/example_dags/example_branch_labels.py
[2024-04-20T17:01:03.941+0000] {processor.py:840} INFO - DAG(s) 'example_branch_labels' retrieved from /home/airflow/.local/lib/python3.8/site-packages/airflow/example_dags/example_branch_labels.py
[2024-04-20T17:01:03.959+0000] {logging_mixin.py:188} INFO - [2024-04-20T17:01:03.958+0000] {dag.py:3047} INFO - Sync 1 DAGs
[2024-04-20T17:01:03.976+0000] {logging_mixin.py:188} INFO - [2024-04-20T17:01:03.976+0000] {dag.py:3834} INFO - Setting next_dagrun for example_branch_labels to 2024-04-19 00:00:00+00:00, run_after=2024-04-20 00:00:00+00:00
[2024-04-20T17:01:04.125+0000] {processor.py:183} INFO - Processing /home/airflow/.local/lib/python3.8/site-packages/airflow/example_dags/example_branch_labels.py took 0.194 seconds
[2024-04-20T17:01:34.587+0000] {processor.py:161} INFO - Started process (PID=8542) to work on /home/airflow/.local/lib/python3.8/site-packages/airflow/example_dags/example_branch_labels.py
[2024-04-20T17:01:34.588+0000] {processor.py:830} INFO - Processing file /home/airflow/.local/lib/python3.8/site-packages/airflow/example_dags/example_branch_labels.py for tasks to queue
[2024-04-20T17:01:34.588+0000] {logging_mixin.py:188} INFO - [2024-04-20T17:01:34.588+0000] {dagbag.py:540} INFO - Filling up the DagBag from /home/airflow/.local/lib/python3.8/site-packages/airflow/example_dags/example_branch_labels.py
[2024-04-20T17:01:34.595+0000] {processor.py:840} INFO - DAG(s) 'example_branch_labels' retrieved from /home/airflow/.local/lib/python3.8/site-packages/airflow/example_dags/example_branch_labels.py
[2024-04-20T17:01:34.613+0000] {logging_mixin.py:188} INFO - [2024-04-20T17:01:34.613+0000] {dag.py:3047} INFO - Sync 1 DAGs
[2024-04-20T17:01:34.630+0000] {logging_mixin.py:188} INFO - [2024-04-20T17:01:34.630+0000] {dag.py:3834} INFO - Setting next_dagrun for example_branch_labels to 2024-04-19 00:00:00+00:00, run_after=2024-04-20 00:00:00+00:00
[2024-04-20T17:01:34.771+0000] {processor.py:183} INFO - Processing /home/airflow/.local/lib/python3.8/site-packages/airflow/example_dags/example_branch_labels.py took 0.187 seconds
[2024-04-20T17:02:04.988+0000] {processor.py:161} INFO - Started process (PID=8799) to work on /home/airflow/.local/lib/python3.8/site-packages/airflow/example_dags/example_branch_labels.py
[2024-04-20T17:02:04.989+0000] {processor.py:830} INFO - Processing file /home/airflow/.local/lib/python3.8/site-packages/airflow/example_dags/example_branch_labels.py for tasks to queue
[2024-04-20T17:02:04.990+0000] {logging_mixin.py:188} INFO - [2024-04-20T17:02:04.989+0000] {dagbag.py:540} INFO - Filling up the DagBag from /home/airflow/.local/lib/python3.8/site-packages/airflow/example_dags/example_branch_labels.py
[2024-04-20T17:02:04.996+0000] {processor.py:840} INFO - DAG(s) 'example_branch_labels' retrieved from /home/airflow/.local/lib/python3.8/site-packages/airflow/example_dags/example_branch_labels.py
[2024-04-20T17:02:05.014+0000] {logging_mixin.py:188} INFO - [2024-04-20T17:02:05.013+0000] {dag.py:3047} INFO - Sync 1 DAGs
[2024-04-20T17:02:05.031+0000] {logging_mixin.py:188} INFO - [2024-04-20T17:02:05.031+0000] {dag.py:3834} INFO - Setting next_dagrun for example_branch_labels to 2024-04-19 00:00:00+00:00, run_after=2024-04-20 00:00:00+00:00
[2024-04-20T17:02:05.177+0000] {processor.py:183} INFO - Processing /home/airflow/.local/lib/python3.8/site-packages/airflow/example_dags/example_branch_labels.py took 0.193 seconds
[2024-04-20T17:02:35.401+0000] {processor.py:161} INFO - Started process (PID=9057) to work on /home/airflow/.local/lib/python3.8/site-packages/airflow/example_dags/example_branch_labels.py
[2024-04-20T17:02:35.402+0000] {processor.py:830} INFO - Processing file /home/airflow/.local/lib/python3.8/site-packages/airflow/example_dags/example_branch_labels.py for tasks to queue
[2024-04-20T17:02:35.403+0000] {logging_mixin.py:188} INFO - [2024-04-20T17:02:35.402+0000] {dagbag.py:540} INFO - Filling up the DagBag from /home/airflow/.local/lib/python3.8/site-packages/airflow/example_dags/example_branch_labels.py
[2024-04-20T17:02:35.409+0000] {processor.py:840} INFO - DAG(s) 'example_branch_labels' retrieved from /home/airflow/.local/lib/python3.8/site-packages/airflow/example_dags/example_branch_labels.py
[2024-04-20T17:02:35.426+0000] {logging_mixin.py:188} INFO - [2024-04-20T17:02:35.426+0000] {dag.py:3047} INFO - Sync 1 DAGs
[2024-04-20T17:02:35.443+0000] {logging_mixin.py:188} INFO - [2024-04-20T17:02:35.443+0000] {dag.py:3834} INFO - Setting next_dagrun for example_branch_labels to 2024-04-19 00:00:00+00:00, run_after=2024-04-20 00:00:00+00:00
[2024-04-20T17:02:35.591+0000] {processor.py:183} INFO - Processing /home/airflow/.local/lib/python3.8/site-packages/airflow/example_dags/example_branch_labels.py took 0.192 seconds
[2024-04-20T17:03:06.269+0000] {processor.py:161} INFO - Started process (PID=9315) to work on /home/airflow/.local/lib/python3.8/site-packages/airflow/example_dags/example_branch_labels.py
[2024-04-20T17:03:06.270+0000] {processor.py:830} INFO - Processing file /home/airflow/.local/lib/python3.8/site-packages/airflow/example_dags/example_branch_labels.py for tasks to queue
[2024-04-20T17:03:06.271+0000] {logging_mixin.py:188} INFO - [2024-04-20T17:03:06.270+0000] {dagbag.py:540} INFO - Filling up the DagBag from /home/airflow/.local/lib/python3.8/site-packages/airflow/example_dags/example_branch_labels.py
[2024-04-20T17:03:06.277+0000] {processor.py:840} INFO - DAG(s) 'example_branch_labels' retrieved from /home/airflow/.local/lib/python3.8/site-packages/airflow/example_dags/example_branch_labels.py
[2024-04-20T17:03:06.295+0000] {logging_mixin.py:188} INFO - [2024-04-20T17:03:06.294+0000] {dag.py:3047} INFO - Sync 1 DAGs
[2024-04-20T17:03:06.312+0000] {logging_mixin.py:188} INFO - [2024-04-20T17:03:06.312+0000] {dag.py:3834} INFO - Setting next_dagrun for example_branch_labels to 2024-04-19 00:00:00+00:00, run_after=2024-04-20 00:00:00+00:00
[2024-04-20T17:03:06.459+0000] {processor.py:183} INFO - Processing /home/airflow/.local/lib/python3.8/site-packages/airflow/example_dags/example_branch_labels.py took 0.193 seconds
[2024-04-20T17:03:36.666+0000] {processor.py:161} INFO - Started process (PID=9572) to work on /home/airflow/.local/lib/python3.8/site-packages/airflow/example_dags/example_branch_labels.py
[2024-04-20T17:03:36.667+0000] {processor.py:830} INFO - Processing file /home/airflow/.local/lib/python3.8/site-packages/airflow/example_dags/example_branch_labels.py for tasks to queue
[2024-04-20T17:03:36.667+0000] {logging_mixin.py:188} INFO - [2024-04-20T17:03:36.667+0000] {dagbag.py:540} INFO - Filling up the DagBag from /home/airflow/.local/lib/python3.8/site-packages/airflow/example_dags/example_branch_labels.py
[2024-04-20T17:03:36.674+0000] {processor.py:840} INFO - DAG(s) 'example_branch_labels' retrieved from /home/airflow/.local/lib/python3.8/site-packages/airflow/example_dags/example_branch_labels.py
[2024-04-20T17:03:36.691+0000] {logging_mixin.py:188} INFO - [2024-04-20T17:03:36.691+0000] {dag.py:3047} INFO - Sync 1 DAGs
[2024-04-20T17:03:36.708+0000] {logging_mixin.py:188} INFO - [2024-04-20T17:03:36.708+0000] {dag.py:3834} INFO - Setting next_dagrun for example_branch_labels to 2024-04-19 00:00:00+00:00, run_after=2024-04-20 00:00:00+00:00
[2024-04-20T17:03:36.856+0000] {processor.py:183} INFO - Processing /home/airflow/.local/lib/python3.8/site-packages/airflow/example_dags/example_branch_labels.py took 0.193 seconds
[2024-04-20T17:04:07.668+0000] {processor.py:161} INFO - Started process (PID=9829) to work on /home/airflow/.local/lib/python3.8/site-packages/airflow/example_dags/example_branch_labels.py
[2024-04-20T17:04:07.669+0000] {processor.py:830} INFO - Processing file /home/airflow/.local/lib/python3.8/site-packages/airflow/example_dags/example_branch_labels.py for tasks to queue
[2024-04-20T17:04:07.670+0000] {logging_mixin.py:188} INFO - [2024-04-20T17:04:07.670+0000] {dagbag.py:540} INFO - Filling up the DagBag from /home/airflow/.local/lib/python3.8/site-packages/airflow/example_dags/example_branch_labels.py
[2024-04-20T17:04:07.676+0000] {processor.py:840} INFO - DAG(s) 'example_branch_labels' retrieved from /home/airflow/.local/lib/python3.8/site-packages/airflow/example_dags/example_branch_labels.py
[2024-04-20T17:04:07.694+0000] {logging_mixin.py:188} INFO - [2024-04-20T17:04:07.694+0000] {dag.py:3047} INFO - Sync 1 DAGs
[2024-04-20T17:04:07.718+0000] {logging_mixin.py:188} INFO - [2024-04-20T17:04:07.718+0000] {dag.py:3834} INFO - Setting next_dagrun for example_branch_labels to 2024-04-19 00:00:00+00:00, run_after=2024-04-20 00:00:00+00:00
[2024-04-20T17:04:07.908+0000] {processor.py:183} INFO - Processing /home/airflow/.local/lib/python3.8/site-packages/airflow/example_dags/example_branch_labels.py took 0.243 seconds
[2024-04-20T17:04:38.208+0000] {processor.py:161} INFO - Started process (PID=10086) to work on /home/airflow/.local/lib/python3.8/site-packages/airflow/example_dags/example_branch_labels.py
[2024-04-20T17:04:38.209+0000] {processor.py:830} INFO - Processing file /home/airflow/.local/lib/python3.8/site-packages/airflow/example_dags/example_branch_labels.py for tasks to queue
[2024-04-20T17:04:38.210+0000] {logging_mixin.py:188} INFO - [2024-04-20T17:04:38.210+0000] {dagbag.py:540} INFO - Filling up the DagBag from /home/airflow/.local/lib/python3.8/site-packages/airflow/example_dags/example_branch_labels.py
[2024-04-20T17:04:38.217+0000] {processor.py:840} INFO - DAG(s) 'example_branch_labels' retrieved from /home/airflow/.local/lib/python3.8/site-packages/airflow/example_dags/example_branch_labels.py
[2024-04-20T17:04:38.235+0000] {logging_mixin.py:188} INFO - [2024-04-20T17:04:38.235+0000] {dag.py:3047} INFO - Sync 1 DAGs
[2024-04-20T17:04:38.253+0000] {logging_mixin.py:188} INFO - [2024-04-20T17:04:38.252+0000] {dag.py:3834} INFO - Setting next_dagrun for example_branch_labels to 2024-04-19 00:00:00+00:00, run_after=2024-04-20 00:00:00+00:00
[2024-04-20T17:04:38.513+0000] {processor.py:183} INFO - Processing /home/airflow/.local/lib/python3.8/site-packages/airflow/example_dags/example_branch_labels.py took 0.307 seconds
[2024-04-20T17:05:09.213+0000] {processor.py:161} INFO - Started process (PID=10343) to work on /home/airflow/.local/lib/python3.8/site-packages/airflow/example_dags/example_branch_labels.py
[2024-04-20T17:05:09.214+0000] {processor.py:830} INFO - Processing file /home/airflow/.local/lib/python3.8/site-packages/airflow/example_dags/example_branch_labels.py for tasks to queue
[2024-04-20T17:05:09.214+0000] {logging_mixin.py:188} INFO - [2024-04-20T17:05:09.214+0000] {dagbag.py:540} INFO - Filling up the DagBag from /home/airflow/.local/lib/python3.8/site-packages/airflow/example_dags/example_branch_labels.py
[2024-04-20T17:05:09.221+0000] {processor.py:840} INFO - DAG(s) 'example_branch_labels' retrieved from /home/airflow/.local/lib/python3.8/site-packages/airflow/example_dags/example_branch_labels.py
[2024-04-20T17:05:09.239+0000] {logging_mixin.py:188} INFO - [2024-04-20T17:05:09.239+0000] {dag.py:3047} INFO - Sync 1 DAGs
[2024-04-20T17:05:09.256+0000] {logging_mixin.py:188} INFO - [2024-04-20T17:05:09.256+0000] {dag.py:3834} INFO - Setting next_dagrun for example_branch_labels to 2024-04-19 00:00:00+00:00, run_after=2024-04-20 00:00:00+00:00
[2024-04-20T17:05:09.402+0000] {processor.py:183} INFO - Processing /home/airflow/.local/lib/python3.8/site-packages/airflow/example_dags/example_branch_labels.py took 0.192 seconds
[2024-04-20T17:05:39.916+0000] {processor.py:161} INFO - Started process (PID=10602) to work on /home/airflow/.local/lib/python3.8/site-packages/airflow/example_dags/example_branch_labels.py
[2024-04-20T17:05:39.917+0000] {processor.py:830} INFO - Processing file /home/airflow/.local/lib/python3.8/site-packages/airflow/example_dags/example_branch_labels.py for tasks to queue
[2024-04-20T17:05:39.918+0000] {logging_mixin.py:188} INFO - [2024-04-20T17:05:39.917+0000] {dagbag.py:540} INFO - Filling up the DagBag from /home/airflow/.local/lib/python3.8/site-packages/airflow/example_dags/example_branch_labels.py
[2024-04-20T17:05:39.927+0000] {processor.py:840} INFO - DAG(s) 'example_branch_labels' retrieved from /home/airflow/.local/lib/python3.8/site-packages/airflow/example_dags/example_branch_labels.py
[2024-04-20T17:05:39.954+0000] {logging_mixin.py:188} INFO - [2024-04-20T17:05:39.954+0000] {dag.py:3047} INFO - Sync 1 DAGs
[2024-04-20T17:05:39.981+0000] {logging_mixin.py:188} INFO - [2024-04-20T17:05:39.981+0000] {dag.py:3834} INFO - Setting next_dagrun for example_branch_labels to 2024-04-19 00:00:00+00:00, run_after=2024-04-20 00:00:00+00:00
[2024-04-20T17:05:40.156+0000] {processor.py:183} INFO - Processing /home/airflow/.local/lib/python3.8/site-packages/airflow/example_dags/example_branch_labels.py took 0.243 seconds
[2024-04-20T17:06:10.369+0000] {processor.py:161} INFO - Started process (PID=10859) to work on /home/airflow/.local/lib/python3.8/site-packages/airflow/example_dags/example_branch_labels.py
[2024-04-20T17:06:10.370+0000] {processor.py:830} INFO - Processing file /home/airflow/.local/lib/python3.8/site-packages/airflow/example_dags/example_branch_labels.py for tasks to queue
[2024-04-20T17:06:10.370+0000] {logging_mixin.py:188} INFO - [2024-04-20T17:06:10.370+0000] {dagbag.py:540} INFO - Filling up the DagBag from /home/airflow/.local/lib/python3.8/site-packages/airflow/example_dags/example_branch_labels.py
[2024-04-20T17:06:10.377+0000] {processor.py:840} INFO - DAG(s) 'example_branch_labels' retrieved from /home/airflow/.local/lib/python3.8/site-packages/airflow/example_dags/example_branch_labels.py
[2024-04-20T17:06:10.395+0000] {logging_mixin.py:188} INFO - [2024-04-20T17:06:10.394+0000] {dag.py:3047} INFO - Sync 1 DAGs
[2024-04-20T17:06:10.413+0000] {logging_mixin.py:188} INFO - [2024-04-20T17:06:10.412+0000] {dag.py:3834} INFO - Setting next_dagrun for example_branch_labels to 2024-04-19 00:00:00+00:00, run_after=2024-04-20 00:00:00+00:00
[2024-04-20T17:06:10.602+0000] {processor.py:183} INFO - Processing /home/airflow/.local/lib/python3.8/site-packages/airflow/example_dags/example_branch_labels.py took 0.236 seconds
