[2024-04-20T16:45:19.048+0000] {processor.py:161} INFO - Started process (PID=437) to work on /home/airflow/.local/lib/python3.8/site-packages/airflow/example_dags/example_latest_only_with_trigger.py
[2024-04-20T16:45:19.049+0000] {processor.py:830} INFO - Processing file /home/airflow/.local/lib/python3.8/site-packages/airflow/example_dags/example_latest_only_with_trigger.py for tasks to queue
[2024-04-20T16:45:19.050+0000] {logging_mixin.py:188} INFO - [2024-04-20T16:45:19.050+0000] {dagbag.py:540} INFO - Filling up the DagBag from /home/airflow/.local/lib/python3.8/site-packages/airflow/example_dags/example_latest_only_with_trigger.py
[2024-04-20T16:45:19.055+0000] {processor.py:840} INFO - DAG(s) 'latest_only_with_trigger' retrieved from /home/airflow/.local/lib/python3.8/site-packages/airflow/example_dags/example_latest_only_with_trigger.py
[2024-04-20T16:45:19.071+0000] {logging_mixin.py:188} INFO - [2024-04-20T16:45:19.071+0000] {dag.py:3047} INFO - Sync 1 DAGs
[2024-04-20T16:45:19.089+0000] {logging_mixin.py:188} INFO - [2024-04-20T16:45:19.088+0000] {dag.py:3834} INFO - Setting next_dagrun for latest_only_with_trigger to 2024-04-20 12:00:00+00:00, run_after=2024-04-20 16:00:00+00:00
[2024-04-20T16:45:19.643+0000] {processor.py:183} INFO - Processing /home/airflow/.local/lib/python3.8/site-packages/airflow/example_dags/example_latest_only_with_trigger.py took 0.598 seconds
[2024-04-20T16:45:53.545+0000] {processor.py:161} INFO - Started process (PID=694) to work on /home/airflow/.local/lib/python3.8/site-packages/airflow/example_dags/example_latest_only_with_trigger.py
[2024-04-20T16:45:53.546+0000] {processor.py:830} INFO - Processing file /home/airflow/.local/lib/python3.8/site-packages/airflow/example_dags/example_latest_only_with_trigger.py for tasks to queue
[2024-04-20T16:45:53.547+0000] {logging_mixin.py:188} INFO - [2024-04-20T16:45:53.547+0000] {dagbag.py:540} INFO - Filling up the DagBag from /home/airflow/.local/lib/python3.8/site-packages/airflow/example_dags/example_latest_only_with_trigger.py
[2024-04-20T16:45:53.552+0000] {processor.py:840} INFO - DAG(s) 'latest_only_with_trigger' retrieved from /home/airflow/.local/lib/python3.8/site-packages/airflow/example_dags/example_latest_only_with_trigger.py
[2024-04-20T16:45:53.568+0000] {logging_mixin.py:188} INFO - [2024-04-20T16:45:53.568+0000] {dag.py:3047} INFO - Sync 1 DAGs
[2024-04-20T16:45:53.586+0000] {logging_mixin.py:188} INFO - [2024-04-20T16:45:53.586+0000] {dag.py:3834} INFO - Setting next_dagrun for latest_only_with_trigger to 2024-04-20 12:00:00+00:00, run_after=2024-04-20 16:00:00+00:00
[2024-04-20T16:45:54.150+0000] {processor.py:183} INFO - Processing /home/airflow/.local/lib/python3.8/site-packages/airflow/example_dags/example_latest_only_with_trigger.py took 0.607 seconds
[2024-04-20T16:46:24.270+0000] {processor.py:161} INFO - Started process (PID=951) to work on /home/airflow/.local/lib/python3.8/site-packages/airflow/example_dags/example_latest_only_with_trigger.py
[2024-04-20T16:46:24.271+0000] {processor.py:830} INFO - Processing file /home/airflow/.local/lib/python3.8/site-packages/airflow/example_dags/example_latest_only_with_trigger.py for tasks to queue
[2024-04-20T16:46:24.271+0000] {logging_mixin.py:188} INFO - [2024-04-20T16:46:24.271+0000] {dagbag.py:540} INFO - Filling up the DagBag from /home/airflow/.local/lib/python3.8/site-packages/airflow/example_dags/example_latest_only_with_trigger.py
[2024-04-20T16:46:24.276+0000] {processor.py:840} INFO - DAG(s) 'latest_only_with_trigger' retrieved from /home/airflow/.local/lib/python3.8/site-packages/airflow/example_dags/example_latest_only_with_trigger.py
[2024-04-20T16:46:24.294+0000] {logging_mixin.py:188} INFO - [2024-04-20T16:46:24.294+0000] {dag.py:3047} INFO - Sync 1 DAGs
[2024-04-20T16:46:24.310+0000] {logging_mixin.py:188} INFO - [2024-04-20T16:46:24.310+0000] {dag.py:3834} INFO - Setting next_dagrun for latest_only_with_trigger to 2024-04-20 12:00:00+00:00, run_after=2024-04-20 16:00:00+00:00
[2024-04-20T16:46:24.654+0000] {processor.py:183} INFO - Processing /home/airflow/.local/lib/python3.8/site-packages/airflow/example_dags/example_latest_only_with_trigger.py took 0.387 seconds
[2024-04-20T16:46:55.313+0000] {processor.py:161} INFO - Started process (PID=1208) to work on /home/airflow/.local/lib/python3.8/site-packages/airflow/example_dags/example_latest_only_with_trigger.py
[2024-04-20T16:46:55.314+0000] {processor.py:830} INFO - Processing file /home/airflow/.local/lib/python3.8/site-packages/airflow/example_dags/example_latest_only_with_trigger.py for tasks to queue
[2024-04-20T16:46:55.315+0000] {logging_mixin.py:188} INFO - [2024-04-20T16:46:55.315+0000] {dagbag.py:540} INFO - Filling up the DagBag from /home/airflow/.local/lib/python3.8/site-packages/airflow/example_dags/example_latest_only_with_trigger.py
[2024-04-20T16:46:55.320+0000] {processor.py:840} INFO - DAG(s) 'latest_only_with_trigger' retrieved from /home/airflow/.local/lib/python3.8/site-packages/airflow/example_dags/example_latest_only_with_trigger.py
[2024-04-20T16:46:55.337+0000] {logging_mixin.py:188} INFO - [2024-04-20T16:46:55.337+0000] {dag.py:3047} INFO - Sync 1 DAGs
[2024-04-20T16:46:55.354+0000] {logging_mixin.py:188} INFO - [2024-04-20T16:46:55.354+0000] {dag.py:3834} INFO - Setting next_dagrun for latest_only_with_trigger to 2024-04-20 12:00:00+00:00, run_after=2024-04-20 16:00:00+00:00
[2024-04-20T16:46:55.691+0000] {processor.py:183} INFO - Processing /home/airflow/.local/lib/python3.8/site-packages/airflow/example_dags/example_latest_only_with_trigger.py took 0.382 seconds
[2024-04-20T16:47:26.995+0000] {processor.py:161} INFO - Started process (PID=1463) to work on /home/airflow/.local/lib/python3.8/site-packages/airflow/example_dags/example_latest_only_with_trigger.py
[2024-04-20T16:47:26.996+0000] {processor.py:830} INFO - Processing file /home/airflow/.local/lib/python3.8/site-packages/airflow/example_dags/example_latest_only_with_trigger.py for tasks to queue
[2024-04-20T16:47:26.997+0000] {logging_mixin.py:188} INFO - [2024-04-20T16:47:26.997+0000] {dagbag.py:540} INFO - Filling up the DagBag from /home/airflow/.local/lib/python3.8/site-packages/airflow/example_dags/example_latest_only_with_trigger.py
[2024-04-20T16:47:27.004+0000] {processor.py:840} INFO - DAG(s) 'latest_only_with_trigger' retrieved from /home/airflow/.local/lib/python3.8/site-packages/airflow/example_dags/example_latest_only_with_trigger.py
[2024-04-20T16:47:27.027+0000] {logging_mixin.py:188} INFO - [2024-04-20T16:47:27.027+0000] {dag.py:3047} INFO - Sync 1 DAGs
[2024-04-20T16:47:27.053+0000] {logging_mixin.py:188} INFO - [2024-04-20T16:47:27.053+0000] {dag.py:3834} INFO - Setting next_dagrun for latest_only_with_trigger to 2024-04-20 12:00:00+00:00, run_after=2024-04-20 16:00:00+00:00
[2024-04-20T16:47:27.380+0000] {processor.py:183} INFO - Processing /home/airflow/.local/lib/python3.8/site-packages/airflow/example_dags/example_latest_only_with_trigger.py took 0.388 seconds
[2024-04-20T16:47:57.491+0000] {processor.py:161} INFO - Started process (PID=1717) to work on /home/airflow/.local/lib/python3.8/site-packages/airflow/example_dags/example_latest_only_with_trigger.py
[2024-04-20T16:47:57.492+0000] {processor.py:830} INFO - Processing file /home/airflow/.local/lib/python3.8/site-packages/airflow/example_dags/example_latest_only_with_trigger.py for tasks to queue
[2024-04-20T16:47:57.493+0000] {logging_mixin.py:188} INFO - [2024-04-20T16:47:57.493+0000] {dagbag.py:540} INFO - Filling up the DagBag from /home/airflow/.local/lib/python3.8/site-packages/airflow/example_dags/example_latest_only_with_trigger.py
[2024-04-20T16:47:57.498+0000] {processor.py:840} INFO - DAG(s) 'latest_only_with_trigger' retrieved from /home/airflow/.local/lib/python3.8/site-packages/airflow/example_dags/example_latest_only_with_trigger.py
[2024-04-20T16:47:57.520+0000] {logging_mixin.py:188} INFO - [2024-04-20T16:47:57.520+0000] {dag.py:3047} INFO - Sync 1 DAGs
[2024-04-20T16:47:57.536+0000] {logging_mixin.py:188} INFO - [2024-04-20T16:47:57.536+0000] {dag.py:3834} INFO - Setting next_dagrun for latest_only_with_trigger to 2024-04-20 12:00:00+00:00, run_after=2024-04-20 16:00:00+00:00
[2024-04-20T16:47:57.739+0000] {processor.py:183} INFO - Processing /home/airflow/.local/lib/python3.8/site-packages/airflow/example_dags/example_latest_only_with_trigger.py took 0.250 seconds
[2024-04-20T16:48:28.318+0000] {processor.py:161} INFO - Started process (PID=1977) to work on /home/airflow/.local/lib/python3.8/site-packages/airflow/example_dags/example_latest_only_with_trigger.py
[2024-04-20T16:48:28.320+0000] {processor.py:830} INFO - Processing file /home/airflow/.local/lib/python3.8/site-packages/airflow/example_dags/example_latest_only_with_trigger.py for tasks to queue
[2024-04-20T16:48:28.321+0000] {logging_mixin.py:188} INFO - [2024-04-20T16:48:28.320+0000] {dagbag.py:540} INFO - Filling up the DagBag from /home/airflow/.local/lib/python3.8/site-packages/airflow/example_dags/example_latest_only_with_trigger.py
[2024-04-20T16:48:28.328+0000] {processor.py:840} INFO - DAG(s) 'latest_only_with_trigger' retrieved from /home/airflow/.local/lib/python3.8/site-packages/airflow/example_dags/example_latest_only_with_trigger.py
[2024-04-20T16:48:28.351+0000] {logging_mixin.py:188} INFO - [2024-04-20T16:48:28.351+0000] {dag.py:3047} INFO - Sync 1 DAGs
[2024-04-20T16:48:28.375+0000] {logging_mixin.py:188} INFO - [2024-04-20T16:48:28.375+0000] {dag.py:3834} INFO - Setting next_dagrun for latest_only_with_trigger to 2024-04-20 12:00:00+00:00, run_after=2024-04-20 16:00:00+00:00
[2024-04-20T16:48:28.600+0000] {processor.py:183} INFO - Processing /home/airflow/.local/lib/python3.8/site-packages/airflow/example_dags/example_latest_only_with_trigger.py took 0.285 seconds
[2024-04-20T16:48:59.257+0000] {processor.py:161} INFO - Started process (PID=2234) to work on /home/airflow/.local/lib/python3.8/site-packages/airflow/example_dags/example_latest_only_with_trigger.py
[2024-04-20T16:48:59.258+0000] {processor.py:830} INFO - Processing file /home/airflow/.local/lib/python3.8/site-packages/airflow/example_dags/example_latest_only_with_trigger.py for tasks to queue
[2024-04-20T16:48:59.259+0000] {logging_mixin.py:188} INFO - [2024-04-20T16:48:59.259+0000] {dagbag.py:540} INFO - Filling up the DagBag from /home/airflow/.local/lib/python3.8/site-packages/airflow/example_dags/example_latest_only_with_trigger.py
[2024-04-20T16:48:59.264+0000] {processor.py:840} INFO - DAG(s) 'latest_only_with_trigger' retrieved from /home/airflow/.local/lib/python3.8/site-packages/airflow/example_dags/example_latest_only_with_trigger.py
[2024-04-20T16:48:59.281+0000] {logging_mixin.py:188} INFO - [2024-04-20T16:48:59.281+0000] {dag.py:3047} INFO - Sync 1 DAGs
[2024-04-20T16:48:59.298+0000] {logging_mixin.py:188} INFO - [2024-04-20T16:48:59.298+0000] {dag.py:3834} INFO - Setting next_dagrun for latest_only_with_trigger to 2024-04-20 12:00:00+00:00, run_after=2024-04-20 16:00:00+00:00
[2024-04-20T16:48:59.456+0000] {processor.py:183} INFO - Processing /home/airflow/.local/lib/python3.8/site-packages/airflow/example_dags/example_latest_only_with_trigger.py took 0.201 seconds
[2024-04-20T16:49:29.731+0000] {processor.py:161} INFO - Started process (PID=2491) to work on /home/airflow/.local/lib/python3.8/site-packages/airflow/example_dags/example_latest_only_with_trigger.py
[2024-04-20T16:49:29.732+0000] {processor.py:830} INFO - Processing file /home/airflow/.local/lib/python3.8/site-packages/airflow/example_dags/example_latest_only_with_trigger.py for tasks to queue
[2024-04-20T16:49:29.733+0000] {logging_mixin.py:188} INFO - [2024-04-20T16:49:29.733+0000] {dagbag.py:540} INFO - Filling up the DagBag from /home/airflow/.local/lib/python3.8/site-packages/airflow/example_dags/example_latest_only_with_trigger.py
[2024-04-20T16:49:29.741+0000] {processor.py:840} INFO - DAG(s) 'latest_only_with_trigger' retrieved from /home/airflow/.local/lib/python3.8/site-packages/airflow/example_dags/example_latest_only_with_trigger.py
[2024-04-20T16:49:29.763+0000] {logging_mixin.py:188} INFO - [2024-04-20T16:49:29.762+0000] {dag.py:3047} INFO - Sync 1 DAGs
[2024-04-20T16:49:29.788+0000] {logging_mixin.py:188} INFO - [2024-04-20T16:49:29.787+0000] {dag.py:3834} INFO - Setting next_dagrun for latest_only_with_trigger to 2024-04-20 12:00:00+00:00, run_after=2024-04-20 16:00:00+00:00
[2024-04-20T16:49:29.961+0000] {processor.py:183} INFO - Processing /home/airflow/.local/lib/python3.8/site-packages/airflow/example_dags/example_latest_only_with_trigger.py took 0.234 seconds
[2024-04-20T16:50:01.302+0000] {processor.py:161} INFO - Started process (PID=2751) to work on /home/airflow/.local/lib/python3.8/site-packages/airflow/example_dags/example_latest_only_with_trigger.py
[2024-04-20T16:50:01.303+0000] {processor.py:830} INFO - Processing file /home/airflow/.local/lib/python3.8/site-packages/airflow/example_dags/example_latest_only_with_trigger.py for tasks to queue
[2024-04-20T16:50:01.304+0000] {logging_mixin.py:188} INFO - [2024-04-20T16:50:01.303+0000] {dagbag.py:540} INFO - Filling up the DagBag from /home/airflow/.local/lib/python3.8/site-packages/airflow/example_dags/example_latest_only_with_trigger.py
[2024-04-20T16:50:01.310+0000] {processor.py:840} INFO - DAG(s) 'latest_only_with_trigger' retrieved from /home/airflow/.local/lib/python3.8/site-packages/airflow/example_dags/example_latest_only_with_trigger.py
[2024-04-20T16:50:01.351+0000] {logging_mixin.py:188} INFO - [2024-04-20T16:50:01.350+0000] {dag.py:3047} INFO - Sync 1 DAGs
[2024-04-20T16:50:01.390+0000] {logging_mixin.py:188} INFO - [2024-04-20T16:50:01.388+0000] {dag.py:3834} INFO - Setting next_dagrun for latest_only_with_trigger to 2024-04-20 12:00:00+00:00, run_after=2024-04-20 16:00:00+00:00
[2024-04-20T16:50:01.759+0000] {processor.py:183} INFO - Processing /home/airflow/.local/lib/python3.8/site-packages/airflow/example_dags/example_latest_only_with_trigger.py took 0.460 seconds
[2024-04-20T16:50:32.320+0000] {processor.py:161} INFO - Started process (PID=3021) to work on /home/airflow/.local/lib/python3.8/site-packages/airflow/example_dags/example_latest_only_with_trigger.py
[2024-04-20T16:50:32.320+0000] {processor.py:830} INFO - Processing file /home/airflow/.local/lib/python3.8/site-packages/airflow/example_dags/example_latest_only_with_trigger.py for tasks to queue
[2024-04-20T16:50:32.321+0000] {logging_mixin.py:188} INFO - [2024-04-20T16:50:32.321+0000] {dagbag.py:540} INFO - Filling up the DagBag from /home/airflow/.local/lib/python3.8/site-packages/airflow/example_dags/example_latest_only_with_trigger.py
[2024-04-20T16:50:32.325+0000] {processor.py:840} INFO - DAG(s) 'latest_only_with_trigger' retrieved from /home/airflow/.local/lib/python3.8/site-packages/airflow/example_dags/example_latest_only_with_trigger.py
[2024-04-20T16:50:32.343+0000] {logging_mixin.py:188} INFO - [2024-04-20T16:50:32.343+0000] {dag.py:3047} INFO - Sync 1 DAGs
[2024-04-20T16:50:32.360+0000] {logging_mixin.py:188} INFO - [2024-04-20T16:50:32.360+0000] {dag.py:3834} INFO - Setting next_dagrun for latest_only_with_trigger to 2024-04-20 12:00:00+00:00, run_after=2024-04-20 16:00:00+00:00
[2024-04-20T16:50:32.873+0000] {processor.py:183} INFO - Processing /home/airflow/.local/lib/python3.8/site-packages/airflow/example_dags/example_latest_only_with_trigger.py took 0.557 seconds
[2024-04-20T16:51:03.666+0000] {processor.py:161} INFO - Started process (PID=3281) to work on /home/airflow/.local/lib/python3.8/site-packages/airflow/example_dags/example_latest_only_with_trigger.py
[2024-04-20T16:51:03.667+0000] {processor.py:830} INFO - Processing file /home/airflow/.local/lib/python3.8/site-packages/airflow/example_dags/example_latest_only_with_trigger.py for tasks to queue
[2024-04-20T16:51:03.668+0000] {logging_mixin.py:188} INFO - [2024-04-20T16:51:03.668+0000] {dagbag.py:540} INFO - Filling up the DagBag from /home/airflow/.local/lib/python3.8/site-packages/airflow/example_dags/example_latest_only_with_trigger.py
[2024-04-20T16:51:03.674+0000] {processor.py:840} INFO - DAG(s) 'latest_only_with_trigger' retrieved from /home/airflow/.local/lib/python3.8/site-packages/airflow/example_dags/example_latest_only_with_trigger.py
[2024-04-20T16:51:03.699+0000] {logging_mixin.py:188} INFO - [2024-04-20T16:51:03.699+0000] {dag.py:3047} INFO - Sync 1 DAGs
[2024-04-20T16:51:03.725+0000] {logging_mixin.py:188} INFO - [2024-04-20T16:51:03.725+0000] {dag.py:3834} INFO - Setting next_dagrun for latest_only_with_trigger to 2024-04-20 12:00:00+00:00, run_after=2024-04-20 16:00:00+00:00
[2024-04-20T16:51:03.849+0000] {processor.py:183} INFO - Processing /home/airflow/.local/lib/python3.8/site-packages/airflow/example_dags/example_latest_only_with_trigger.py took 0.186 seconds
[2024-04-20T16:51:34.107+0000] {processor.py:161} INFO - Started process (PID=3538) to work on /home/airflow/.local/lib/python3.8/site-packages/airflow/example_dags/example_latest_only_with_trigger.py
[2024-04-20T16:51:34.108+0000] {processor.py:830} INFO - Processing file /home/airflow/.local/lib/python3.8/site-packages/airflow/example_dags/example_latest_only_with_trigger.py for tasks to queue
[2024-04-20T16:51:34.109+0000] {logging_mixin.py:188} INFO - [2024-04-20T16:51:34.109+0000] {dagbag.py:540} INFO - Filling up the DagBag from /home/airflow/.local/lib/python3.8/site-packages/airflow/example_dags/example_latest_only_with_trigger.py
[2024-04-20T16:51:34.115+0000] {processor.py:840} INFO - DAG(s) 'latest_only_with_trigger' retrieved from /home/airflow/.local/lib/python3.8/site-packages/airflow/example_dags/example_latest_only_with_trigger.py
[2024-04-20T16:51:34.140+0000] {logging_mixin.py:188} INFO - [2024-04-20T16:51:34.140+0000] {dag.py:3047} INFO - Sync 1 DAGs
[2024-04-20T16:51:34.173+0000] {logging_mixin.py:188} INFO - [2024-04-20T16:51:34.173+0000] {dag.py:3834} INFO - Setting next_dagrun for latest_only_with_trigger to 2024-04-20 12:00:00+00:00, run_after=2024-04-20 16:00:00+00:00
[2024-04-20T16:51:34.594+0000] {processor.py:183} INFO - Processing /home/airflow/.local/lib/python3.8/site-packages/airflow/example_dags/example_latest_only_with_trigger.py took 0.490 seconds
[2024-04-20T16:52:05.089+0000] {processor.py:161} INFO - Started process (PID=3795) to work on /home/airflow/.local/lib/python3.8/site-packages/airflow/example_dags/example_latest_only_with_trigger.py
[2024-04-20T16:52:05.090+0000] {processor.py:830} INFO - Processing file /home/airflow/.local/lib/python3.8/site-packages/airflow/example_dags/example_latest_only_with_trigger.py for tasks to queue
[2024-04-20T16:52:05.091+0000] {logging_mixin.py:188} INFO - [2024-04-20T16:52:05.091+0000] {dagbag.py:540} INFO - Filling up the DagBag from /home/airflow/.local/lib/python3.8/site-packages/airflow/example_dags/example_latest_only_with_trigger.py
[2024-04-20T16:52:05.098+0000] {processor.py:840} INFO - DAG(s) 'latest_only_with_trigger' retrieved from /home/airflow/.local/lib/python3.8/site-packages/airflow/example_dags/example_latest_only_with_trigger.py
[2024-04-20T16:52:05.124+0000] {logging_mixin.py:188} INFO - [2024-04-20T16:52:05.123+0000] {dag.py:3047} INFO - Sync 1 DAGs
[2024-04-20T16:52:05.150+0000] {logging_mixin.py:188} INFO - [2024-04-20T16:52:05.150+0000] {dag.py:3834} INFO - Setting next_dagrun for latest_only_with_trigger to 2024-04-20 12:00:00+00:00, run_after=2024-04-20 16:00:00+00:00
[2024-04-20T16:52:05.328+0000] {processor.py:183} INFO - Processing /home/airflow/.local/lib/python3.8/site-packages/airflow/example_dags/example_latest_only_with_trigger.py took 0.242 seconds
[2024-04-20T16:52:35.879+0000] {processor.py:161} INFO - Started process (PID=4052) to work on /home/airflow/.local/lib/python3.8/site-packages/airflow/example_dags/example_latest_only_with_trigger.py
[2024-04-20T16:52:35.880+0000] {processor.py:830} INFO - Processing file /home/airflow/.local/lib/python3.8/site-packages/airflow/example_dags/example_latest_only_with_trigger.py for tasks to queue
[2024-04-20T16:52:35.880+0000] {logging_mixin.py:188} INFO - [2024-04-20T16:52:35.880+0000] {dagbag.py:540} INFO - Filling up the DagBag from /home/airflow/.local/lib/python3.8/site-packages/airflow/example_dags/example_latest_only_with_trigger.py
[2024-04-20T16:52:35.887+0000] {processor.py:840} INFO - DAG(s) 'latest_only_with_trigger' retrieved from /home/airflow/.local/lib/python3.8/site-packages/airflow/example_dags/example_latest_only_with_trigger.py
[2024-04-20T16:52:35.959+0000] {logging_mixin.py:188} INFO - [2024-04-20T16:52:35.959+0000] {dag.py:3047} INFO - Sync 1 DAGs
[2024-04-20T16:52:35.986+0000] {logging_mixin.py:188} INFO - [2024-04-20T16:52:35.986+0000] {dag.py:3834} INFO - Setting next_dagrun for latest_only_with_trigger to 2024-04-20 12:00:00+00:00, run_after=2024-04-20 16:00:00+00:00
[2024-04-20T16:52:36.251+0000] {processor.py:183} INFO - Processing /home/airflow/.local/lib/python3.8/site-packages/airflow/example_dags/example_latest_only_with_trigger.py took 0.375 seconds
[2024-04-20T16:53:07.138+0000] {processor.py:161} INFO - Started process (PID=4309) to work on /home/airflow/.local/lib/python3.8/site-packages/airflow/example_dags/example_latest_only_with_trigger.py
[2024-04-20T16:53:07.141+0000] {processor.py:830} INFO - Processing file /home/airflow/.local/lib/python3.8/site-packages/airflow/example_dags/example_latest_only_with_trigger.py for tasks to queue
[2024-04-20T16:53:07.142+0000] {logging_mixin.py:188} INFO - [2024-04-20T16:53:07.142+0000] {dagbag.py:540} INFO - Filling up the DagBag from /home/airflow/.local/lib/python3.8/site-packages/airflow/example_dags/example_latest_only_with_trigger.py
[2024-04-20T16:53:07.150+0000] {processor.py:840} INFO - DAG(s) 'latest_only_with_trigger' retrieved from /home/airflow/.local/lib/python3.8/site-packages/airflow/example_dags/example_latest_only_with_trigger.py
[2024-04-20T16:53:07.175+0000] {logging_mixin.py:188} INFO - [2024-04-20T16:53:07.175+0000] {dag.py:3047} INFO - Sync 1 DAGs
[2024-04-20T16:53:07.226+0000] {logging_mixin.py:188} INFO - [2024-04-20T16:53:07.225+0000] {dag.py:3834} INFO - Setting next_dagrun for latest_only_with_trigger to 2024-04-20 12:00:00+00:00, run_after=2024-04-20 16:00:00+00:00
[2024-04-20T16:53:07.760+0000] {processor.py:183} INFO - Processing /home/airflow/.local/lib/python3.8/site-packages/airflow/example_dags/example_latest_only_with_trigger.py took 0.625 seconds
[2024-04-20T16:53:38.054+0000] {processor.py:161} INFO - Started process (PID=4567) to work on /home/airflow/.local/lib/python3.8/site-packages/airflow/example_dags/example_latest_only_with_trigger.py
[2024-04-20T16:53:38.055+0000] {processor.py:830} INFO - Processing file /home/airflow/.local/lib/python3.8/site-packages/airflow/example_dags/example_latest_only_with_trigger.py for tasks to queue
[2024-04-20T16:53:38.055+0000] {logging_mixin.py:188} INFO - [2024-04-20T16:53:38.055+0000] {dagbag.py:540} INFO - Filling up the DagBag from /home/airflow/.local/lib/python3.8/site-packages/airflow/example_dags/example_latest_only_with_trigger.py
[2024-04-20T16:53:38.062+0000] {processor.py:840} INFO - DAG(s) 'latest_only_with_trigger' retrieved from /home/airflow/.local/lib/python3.8/site-packages/airflow/example_dags/example_latest_only_with_trigger.py
[2024-04-20T16:53:38.092+0000] {logging_mixin.py:188} INFO - [2024-04-20T16:53:38.091+0000] {dag.py:3047} INFO - Sync 1 DAGs
[2024-04-20T16:53:38.117+0000] {logging_mixin.py:188} INFO - [2024-04-20T16:53:38.116+0000] {dag.py:3834} INFO - Setting next_dagrun for latest_only_with_trigger to 2024-04-20 12:00:00+00:00, run_after=2024-04-20 16:00:00+00:00
[2024-04-20T16:53:38.239+0000] {processor.py:183} INFO - Processing /home/airflow/.local/lib/python3.8/site-packages/airflow/example_dags/example_latest_only_with_trigger.py took 0.189 seconds
[2024-04-20T16:54:08.395+0000] {processor.py:161} INFO - Started process (PID=4824) to work on /home/airflow/.local/lib/python3.8/site-packages/airflow/example_dags/example_latest_only_with_trigger.py
[2024-04-20T16:54:08.396+0000] {processor.py:830} INFO - Processing file /home/airflow/.local/lib/python3.8/site-packages/airflow/example_dags/example_latest_only_with_trigger.py for tasks to queue
[2024-04-20T16:54:08.397+0000] {logging_mixin.py:188} INFO - [2024-04-20T16:54:08.397+0000] {dagbag.py:540} INFO - Filling up the DagBag from /home/airflow/.local/lib/python3.8/site-packages/airflow/example_dags/example_latest_only_with_trigger.py
[2024-04-20T16:54:08.404+0000] {processor.py:840} INFO - DAG(s) 'latest_only_with_trigger' retrieved from /home/airflow/.local/lib/python3.8/site-packages/airflow/example_dags/example_latest_only_with_trigger.py
[2024-04-20T16:54:08.428+0000] {logging_mixin.py:188} INFO - [2024-04-20T16:54:08.428+0000] {dag.py:3047} INFO - Sync 1 DAGs
[2024-04-20T16:54:08.457+0000] {logging_mixin.py:188} INFO - [2024-04-20T16:54:08.456+0000] {dag.py:3834} INFO - Setting next_dagrun for latest_only_with_trigger to 2024-04-20 12:00:00+00:00, run_after=2024-04-20 16:00:00+00:00
[2024-04-20T16:54:08.592+0000] {processor.py:183} INFO - Processing /home/airflow/.local/lib/python3.8/site-packages/airflow/example_dags/example_latest_only_with_trigger.py took 0.200 seconds
[2024-04-20T16:54:39.069+0000] {processor.py:161} INFO - Started process (PID=5080) to work on /home/airflow/.local/lib/python3.8/site-packages/airflow/example_dags/example_latest_only_with_trigger.py
[2024-04-20T16:54:39.071+0000] {processor.py:830} INFO - Processing file /home/airflow/.local/lib/python3.8/site-packages/airflow/example_dags/example_latest_only_with_trigger.py for tasks to queue
[2024-04-20T16:54:39.072+0000] {logging_mixin.py:188} INFO - [2024-04-20T16:54:39.071+0000] {dagbag.py:540} INFO - Filling up the DagBag from /home/airflow/.local/lib/python3.8/site-packages/airflow/example_dags/example_latest_only_with_trigger.py
[2024-04-20T16:54:39.078+0000] {processor.py:840} INFO - DAG(s) 'latest_only_with_trigger' retrieved from /home/airflow/.local/lib/python3.8/site-packages/airflow/example_dags/example_latest_only_with_trigger.py
[2024-04-20T16:54:39.103+0000] {logging_mixin.py:188} INFO - [2024-04-20T16:54:39.103+0000] {dag.py:3047} INFO - Sync 1 DAGs
[2024-04-20T16:54:39.129+0000] {logging_mixin.py:188} INFO - [2024-04-20T16:54:39.128+0000] {dag.py:3834} INFO - Setting next_dagrun for latest_only_with_trigger to 2024-04-20 12:00:00+00:00, run_after=2024-04-20 16:00:00+00:00
[2024-04-20T16:54:39.252+0000] {processor.py:183} INFO - Processing /home/airflow/.local/lib/python3.8/site-packages/airflow/example_dags/example_latest_only_with_trigger.py took 0.187 seconds
[2024-04-20T16:55:09.712+0000] {processor.py:161} INFO - Started process (PID=5338) to work on /home/airflow/.local/lib/python3.8/site-packages/airflow/example_dags/example_latest_only_with_trigger.py
[2024-04-20T16:55:09.714+0000] {processor.py:830} INFO - Processing file /home/airflow/.local/lib/python3.8/site-packages/airflow/example_dags/example_latest_only_with_trigger.py for tasks to queue
[2024-04-20T16:55:09.715+0000] {logging_mixin.py:188} INFO - [2024-04-20T16:55:09.714+0000] {dagbag.py:540} INFO - Filling up the DagBag from /home/airflow/.local/lib/python3.8/site-packages/airflow/example_dags/example_latest_only_with_trigger.py
[2024-04-20T16:55:09.722+0000] {processor.py:840} INFO - DAG(s) 'latest_only_with_trigger' retrieved from /home/airflow/.local/lib/python3.8/site-packages/airflow/example_dags/example_latest_only_with_trigger.py
[2024-04-20T16:55:09.747+0000] {logging_mixin.py:188} INFO - [2024-04-20T16:55:09.747+0000] {dag.py:3047} INFO - Sync 1 DAGs
[2024-04-20T16:55:09.773+0000] {logging_mixin.py:188} INFO - [2024-04-20T16:55:09.773+0000] {dag.py:3834} INFO - Setting next_dagrun for latest_only_with_trigger to 2024-04-20 12:00:00+00:00, run_after=2024-04-20 16:00:00+00:00
[2024-04-20T16:55:09.898+0000] {processor.py:183} INFO - Processing /home/airflow/.local/lib/python3.8/site-packages/airflow/example_dags/example_latest_only_with_trigger.py took 0.189 seconds
[2024-04-20T16:55:39.953+0000] {processor.py:161} INFO - Started process (PID=5595) to work on /home/airflow/.local/lib/python3.8/site-packages/airflow/example_dags/example_latest_only_with_trigger.py
[2024-04-20T16:55:39.953+0000] {processor.py:830} INFO - Processing file /home/airflow/.local/lib/python3.8/site-packages/airflow/example_dags/example_latest_only_with_trigger.py for tasks to queue
[2024-04-20T16:55:39.954+0000] {logging_mixin.py:188} INFO - [2024-04-20T16:55:39.954+0000] {dagbag.py:540} INFO - Filling up the DagBag from /home/airflow/.local/lib/python3.8/site-packages/airflow/example_dags/example_latest_only_with_trigger.py
[2024-04-20T16:55:39.959+0000] {processor.py:840} INFO - DAG(s) 'latest_only_with_trigger' retrieved from /home/airflow/.local/lib/python3.8/site-packages/airflow/example_dags/example_latest_only_with_trigger.py
[2024-04-20T16:55:39.976+0000] {logging_mixin.py:188} INFO - [2024-04-20T16:55:39.976+0000] {dag.py:3047} INFO - Sync 1 DAGs
[2024-04-20T16:55:39.993+0000] {logging_mixin.py:188} INFO - [2024-04-20T16:55:39.993+0000] {dag.py:3834} INFO - Setting next_dagrun for latest_only_with_trigger to 2024-04-20 12:00:00+00:00, run_after=2024-04-20 16:00:00+00:00
[2024-04-20T16:55:40.116+0000] {processor.py:183} INFO - Processing /home/airflow/.local/lib/python3.8/site-packages/airflow/example_dags/example_latest_only_with_trigger.py took 0.166 seconds
[2024-04-20T16:56:10.272+0000] {processor.py:161} INFO - Started process (PID=5853) to work on /home/airflow/.local/lib/python3.8/site-packages/airflow/example_dags/example_latest_only_with_trigger.py
[2024-04-20T16:56:10.272+0000] {processor.py:830} INFO - Processing file /home/airflow/.local/lib/python3.8/site-packages/airflow/example_dags/example_latest_only_with_trigger.py for tasks to queue
[2024-04-20T16:56:10.273+0000] {logging_mixin.py:188} INFO - [2024-04-20T16:56:10.273+0000] {dagbag.py:540} INFO - Filling up the DagBag from /home/airflow/.local/lib/python3.8/site-packages/airflow/example_dags/example_latest_only_with_trigger.py
[2024-04-20T16:56:10.278+0000] {processor.py:840} INFO - DAG(s) 'latest_only_with_trigger' retrieved from /home/airflow/.local/lib/python3.8/site-packages/airflow/example_dags/example_latest_only_with_trigger.py
[2024-04-20T16:56:10.295+0000] {logging_mixin.py:188} INFO - [2024-04-20T16:56:10.295+0000] {dag.py:3047} INFO - Sync 1 DAGs
[2024-04-20T16:56:10.312+0000] {logging_mixin.py:188} INFO - [2024-04-20T16:56:10.311+0000] {dag.py:3834} INFO - Setting next_dagrun for latest_only_with_trigger to 2024-04-20 12:00:00+00:00, run_after=2024-04-20 16:00:00+00:00
[2024-04-20T16:56:10.482+0000] {processor.py:183} INFO - Processing /home/airflow/.local/lib/python3.8/site-packages/airflow/example_dags/example_latest_only_with_trigger.py took 0.213 seconds
[2024-04-20T16:56:40.671+0000] {processor.py:161} INFO - Started process (PID=6110) to work on /home/airflow/.local/lib/python3.8/site-packages/airflow/example_dags/example_latest_only_with_trigger.py
[2024-04-20T16:56:40.672+0000] {processor.py:830} INFO - Processing file /home/airflow/.local/lib/python3.8/site-packages/airflow/example_dags/example_latest_only_with_trigger.py for tasks to queue
[2024-04-20T16:56:40.672+0000] {logging_mixin.py:188} INFO - [2024-04-20T16:56:40.672+0000] {dagbag.py:540} INFO - Filling up the DagBag from /home/airflow/.local/lib/python3.8/site-packages/airflow/example_dags/example_latest_only_with_trigger.py
[2024-04-20T16:56:40.679+0000] {processor.py:840} INFO - DAG(s) 'latest_only_with_trigger' retrieved from /home/airflow/.local/lib/python3.8/site-packages/airflow/example_dags/example_latest_only_with_trigger.py
[2024-04-20T16:56:40.704+0000] {logging_mixin.py:188} INFO - [2024-04-20T16:56:40.704+0000] {dag.py:3047} INFO - Sync 1 DAGs
[2024-04-20T16:56:40.729+0000] {logging_mixin.py:188} INFO - [2024-04-20T16:56:40.729+0000] {dag.py:3834} INFO - Setting next_dagrun for latest_only_with_trigger to 2024-04-20 12:00:00+00:00, run_after=2024-04-20 16:00:00+00:00
[2024-04-20T16:56:40.953+0000] {processor.py:183} INFO - Processing /home/airflow/.local/lib/python3.8/site-packages/airflow/example_dags/example_latest_only_with_trigger.py took 0.285 seconds
[2024-04-20T16:57:11.062+0000] {processor.py:161} INFO - Started process (PID=6367) to work on /home/airflow/.local/lib/python3.8/site-packages/airflow/example_dags/example_latest_only_with_trigger.py
[2024-04-20T16:57:11.063+0000] {processor.py:830} INFO - Processing file /home/airflow/.local/lib/python3.8/site-packages/airflow/example_dags/example_latest_only_with_trigger.py for tasks to queue
[2024-04-20T16:57:11.064+0000] {logging_mixin.py:188} INFO - [2024-04-20T16:57:11.064+0000] {dagbag.py:540} INFO - Filling up the DagBag from /home/airflow/.local/lib/python3.8/site-packages/airflow/example_dags/example_latest_only_with_trigger.py
[2024-04-20T16:57:11.069+0000] {processor.py:840} INFO - DAG(s) 'latest_only_with_trigger' retrieved from /home/airflow/.local/lib/python3.8/site-packages/airflow/example_dags/example_latest_only_with_trigger.py
[2024-04-20T16:57:11.085+0000] {logging_mixin.py:188} INFO - [2024-04-20T16:57:11.085+0000] {dag.py:3047} INFO - Sync 1 DAGs
[2024-04-20T16:57:11.103+0000] {logging_mixin.py:188} INFO - [2024-04-20T16:57:11.102+0000] {dag.py:3834} INFO - Setting next_dagrun for latest_only_with_trigger to 2024-04-20 12:00:00+00:00, run_after=2024-04-20 16:00:00+00:00
[2024-04-20T16:57:11.226+0000] {processor.py:183} INFO - Processing /home/airflow/.local/lib/python3.8/site-packages/airflow/example_dags/example_latest_only_with_trigger.py took 0.166 seconds
[2024-04-20T16:57:41.448+0000] {processor.py:161} INFO - Started process (PID=6625) to work on /home/airflow/.local/lib/python3.8/site-packages/airflow/example_dags/example_latest_only_with_trigger.py
[2024-04-20T16:57:41.449+0000] {processor.py:830} INFO - Processing file /home/airflow/.local/lib/python3.8/site-packages/airflow/example_dags/example_latest_only_with_trigger.py for tasks to queue
[2024-04-20T16:57:41.450+0000] {logging_mixin.py:188} INFO - [2024-04-20T16:57:41.450+0000] {dagbag.py:540} INFO - Filling up the DagBag from /home/airflow/.local/lib/python3.8/site-packages/airflow/example_dags/example_latest_only_with_trigger.py
[2024-04-20T16:57:41.457+0000] {processor.py:840} INFO - DAG(s) 'latest_only_with_trigger' retrieved from /home/airflow/.local/lib/python3.8/site-packages/airflow/example_dags/example_latest_only_with_trigger.py
[2024-04-20T16:57:41.481+0000] {logging_mixin.py:188} INFO - [2024-04-20T16:57:41.481+0000] {dag.py:3047} INFO - Sync 1 DAGs
[2024-04-20T16:57:41.507+0000] {logging_mixin.py:188} INFO - [2024-04-20T16:57:41.506+0000] {dag.py:3834} INFO - Setting next_dagrun for latest_only_with_trigger to 2024-04-20 12:00:00+00:00, run_after=2024-04-20 16:00:00+00:00
[2024-04-20T16:57:41.683+0000] {processor.py:183} INFO - Processing /home/airflow/.local/lib/python3.8/site-packages/airflow/example_dags/example_latest_only_with_trigger.py took 0.237 seconds
[2024-04-20T16:58:11.920+0000] {processor.py:161} INFO - Started process (PID=6882) to work on /home/airflow/.local/lib/python3.8/site-packages/airflow/example_dags/example_latest_only_with_trigger.py
[2024-04-20T16:58:11.920+0000] {processor.py:830} INFO - Processing file /home/airflow/.local/lib/python3.8/site-packages/airflow/example_dags/example_latest_only_with_trigger.py for tasks to queue
[2024-04-20T16:58:11.921+0000] {logging_mixin.py:188} INFO - [2024-04-20T16:58:11.921+0000] {dagbag.py:540} INFO - Filling up the DagBag from /home/airflow/.local/lib/python3.8/site-packages/airflow/example_dags/example_latest_only_with_trigger.py
[2024-04-20T16:58:11.928+0000] {processor.py:840} INFO - DAG(s) 'latest_only_with_trigger' retrieved from /home/airflow/.local/lib/python3.8/site-packages/airflow/example_dags/example_latest_only_with_trigger.py
[2024-04-20T16:58:11.953+0000] {logging_mixin.py:188} INFO - [2024-04-20T16:58:11.953+0000] {dag.py:3047} INFO - Sync 1 DAGs
[2024-04-20T16:58:11.979+0000] {logging_mixin.py:188} INFO - [2024-04-20T16:58:11.979+0000] {dag.py:3834} INFO - Setting next_dagrun for latest_only_with_trigger to 2024-04-20 12:00:00+00:00, run_after=2024-04-20 16:00:00+00:00
[2024-04-20T16:58:12.103+0000] {processor.py:183} INFO - Processing /home/airflow/.local/lib/python3.8/site-packages/airflow/example_dags/example_latest_only_with_trigger.py took 0.187 seconds
[2024-04-20T16:58:42.544+0000] {processor.py:161} INFO - Started process (PID=7141) to work on /home/airflow/.local/lib/python3.8/site-packages/airflow/example_dags/example_latest_only_with_trigger.py
[2024-04-20T16:58:42.546+0000] {processor.py:830} INFO - Processing file /home/airflow/.local/lib/python3.8/site-packages/airflow/example_dags/example_latest_only_with_trigger.py for tasks to queue
[2024-04-20T16:58:42.547+0000] {logging_mixin.py:188} INFO - [2024-04-20T16:58:42.547+0000] {dagbag.py:540} INFO - Filling up the DagBag from /home/airflow/.local/lib/python3.8/site-packages/airflow/example_dags/example_latest_only_with_trigger.py
[2024-04-20T16:58:42.554+0000] {processor.py:840} INFO - DAG(s) 'latest_only_with_trigger' retrieved from /home/airflow/.local/lib/python3.8/site-packages/airflow/example_dags/example_latest_only_with_trigger.py
[2024-04-20T16:58:42.579+0000] {logging_mixin.py:188} INFO - [2024-04-20T16:58:42.579+0000] {dag.py:3047} INFO - Sync 1 DAGs
[2024-04-20T16:58:42.605+0000] {logging_mixin.py:188} INFO - [2024-04-20T16:58:42.604+0000] {dag.py:3834} INFO - Setting next_dagrun for latest_only_with_trigger to 2024-04-20 12:00:00+00:00, run_after=2024-04-20 16:00:00+00:00
[2024-04-20T16:58:42.729+0000] {processor.py:183} INFO - Processing /home/airflow/.local/lib/python3.8/site-packages/airflow/example_dags/example_latest_only_with_trigger.py took 0.188 seconds
[2024-04-20T16:59:12.852+0000] {processor.py:161} INFO - Started process (PID=7398) to work on /home/airflow/.local/lib/python3.8/site-packages/airflow/example_dags/example_latest_only_with_trigger.py
[2024-04-20T16:59:12.852+0000] {processor.py:830} INFO - Processing file /home/airflow/.local/lib/python3.8/site-packages/airflow/example_dags/example_latest_only_with_trigger.py for tasks to queue
[2024-04-20T16:59:12.853+0000] {logging_mixin.py:188} INFO - [2024-04-20T16:59:12.853+0000] {dagbag.py:540} INFO - Filling up the DagBag from /home/airflow/.local/lib/python3.8/site-packages/airflow/example_dags/example_latest_only_with_trigger.py
[2024-04-20T16:59:12.860+0000] {processor.py:840} INFO - DAG(s) 'latest_only_with_trigger' retrieved from /home/airflow/.local/lib/python3.8/site-packages/airflow/example_dags/example_latest_only_with_trigger.py
[2024-04-20T16:59:12.882+0000] {logging_mixin.py:188} INFO - [2024-04-20T16:59:12.882+0000] {dag.py:3047} INFO - Sync 1 DAGs
[2024-04-20T16:59:12.901+0000] {logging_mixin.py:188} INFO - [2024-04-20T16:59:12.901+0000] {dag.py:3834} INFO - Setting next_dagrun for latest_only_with_trigger to 2024-04-20 12:00:00+00:00, run_after=2024-04-20 16:00:00+00:00
[2024-04-20T16:59:13.021+0000] {processor.py:183} INFO - Processing /home/airflow/.local/lib/python3.8/site-packages/airflow/example_dags/example_latest_only_with_trigger.py took 0.173 seconds
[2024-04-20T16:59:43.230+0000] {processor.py:161} INFO - Started process (PID=7655) to work on /home/airflow/.local/lib/python3.8/site-packages/airflow/example_dags/example_latest_only_with_trigger.py
[2024-04-20T16:59:43.231+0000] {processor.py:830} INFO - Processing file /home/airflow/.local/lib/python3.8/site-packages/airflow/example_dags/example_latest_only_with_trigger.py for tasks to queue
[2024-04-20T16:59:43.232+0000] {logging_mixin.py:188} INFO - [2024-04-20T16:59:43.232+0000] {dagbag.py:540} INFO - Filling up the DagBag from /home/airflow/.local/lib/python3.8/site-packages/airflow/example_dags/example_latest_only_with_trigger.py
[2024-04-20T16:59:43.238+0000] {processor.py:840} INFO - DAG(s) 'latest_only_with_trigger' retrieved from /home/airflow/.local/lib/python3.8/site-packages/airflow/example_dags/example_latest_only_with_trigger.py
[2024-04-20T16:59:43.263+0000] {logging_mixin.py:188} INFO - [2024-04-20T16:59:43.263+0000] {dag.py:3047} INFO - Sync 1 DAGs
[2024-04-20T16:59:43.288+0000] {logging_mixin.py:188} INFO - [2024-04-20T16:59:43.288+0000] {dag.py:3834} INFO - Setting next_dagrun for latest_only_with_trigger to 2024-04-20 12:00:00+00:00, run_after=2024-04-20 16:00:00+00:00
[2024-04-20T16:59:43.613+0000] {processor.py:183} INFO - Processing /home/airflow/.local/lib/python3.8/site-packages/airflow/example_dags/example_latest_only_with_trigger.py took 0.386 seconds
[2024-04-20T17:00:13.681+0000] {processor.py:161} INFO - Started process (PID=7912) to work on /home/airflow/.local/lib/python3.8/site-packages/airflow/example_dags/example_latest_only_with_trigger.py
[2024-04-20T17:00:13.681+0000] {processor.py:830} INFO - Processing file /home/airflow/.local/lib/python3.8/site-packages/airflow/example_dags/example_latest_only_with_trigger.py for tasks to queue
[2024-04-20T17:00:13.682+0000] {logging_mixin.py:188} INFO - [2024-04-20T17:00:13.682+0000] {dagbag.py:540} INFO - Filling up the DagBag from /home/airflow/.local/lib/python3.8/site-packages/airflow/example_dags/example_latest_only_with_trigger.py
[2024-04-20T17:00:13.687+0000] {processor.py:840} INFO - DAG(s) 'latest_only_with_trigger' retrieved from /home/airflow/.local/lib/python3.8/site-packages/airflow/example_dags/example_latest_only_with_trigger.py
[2024-04-20T17:00:13.704+0000] {logging_mixin.py:188} INFO - [2024-04-20T17:00:13.704+0000] {dag.py:3047} INFO - Sync 1 DAGs
[2024-04-20T17:00:13.720+0000] {logging_mixin.py:188} INFO - [2024-04-20T17:00:13.720+0000] {dag.py:3834} INFO - Setting next_dagrun for latest_only_with_trigger to 2024-04-20 12:00:00+00:00, run_after=2024-04-20 16:00:00+00:00
[2024-04-20T17:00:13.891+0000] {processor.py:183} INFO - Processing /home/airflow/.local/lib/python3.8/site-packages/airflow/example_dags/example_latest_only_with_trigger.py took 0.213 seconds
[2024-04-20T17:00:44.070+0000] {processor.py:161} INFO - Started process (PID=8169) to work on /home/airflow/.local/lib/python3.8/site-packages/airflow/example_dags/example_latest_only_with_trigger.py
[2024-04-20T17:00:44.071+0000] {processor.py:830} INFO - Processing file /home/airflow/.local/lib/python3.8/site-packages/airflow/example_dags/example_latest_only_with_trigger.py for tasks to queue
[2024-04-20T17:00:44.072+0000] {logging_mixin.py:188} INFO - [2024-04-20T17:00:44.071+0000] {dagbag.py:540} INFO - Filling up the DagBag from /home/airflow/.local/lib/python3.8/site-packages/airflow/example_dags/example_latest_only_with_trigger.py
[2024-04-20T17:00:44.076+0000] {processor.py:840} INFO - DAG(s) 'latest_only_with_trigger' retrieved from /home/airflow/.local/lib/python3.8/site-packages/airflow/example_dags/example_latest_only_with_trigger.py
[2024-04-20T17:00:44.093+0000] {logging_mixin.py:188} INFO - [2024-04-20T17:00:44.093+0000] {dag.py:3047} INFO - Sync 1 DAGs
[2024-04-20T17:00:44.111+0000] {logging_mixin.py:188} INFO - [2024-04-20T17:00:44.110+0000] {dag.py:3834} INFO - Setting next_dagrun for latest_only_with_trigger to 2024-04-20 12:00:00+00:00, run_after=2024-04-20 16:00:00+00:00
[2024-04-20T17:00:44.280+0000] {processor.py:183} INFO - Processing /home/airflow/.local/lib/python3.8/site-packages/airflow/example_dags/example_latest_only_with_trigger.py took 0.213 seconds
[2024-04-20T17:01:14.548+0000] {processor.py:161} INFO - Started process (PID=8427) to work on /home/airflow/.local/lib/python3.8/site-packages/airflow/example_dags/example_latest_only_with_trigger.py
[2024-04-20T17:01:14.548+0000] {processor.py:830} INFO - Processing file /home/airflow/.local/lib/python3.8/site-packages/airflow/example_dags/example_latest_only_with_trigger.py for tasks to queue
[2024-04-20T17:01:14.549+0000] {logging_mixin.py:188} INFO - [2024-04-20T17:01:14.549+0000] {dagbag.py:540} INFO - Filling up the DagBag from /home/airflow/.local/lib/python3.8/site-packages/airflow/example_dags/example_latest_only_with_trigger.py
[2024-04-20T17:01:14.554+0000] {processor.py:840} INFO - DAG(s) 'latest_only_with_trigger' retrieved from /home/airflow/.local/lib/python3.8/site-packages/airflow/example_dags/example_latest_only_with_trigger.py
[2024-04-20T17:01:14.570+0000] {logging_mixin.py:188} INFO - [2024-04-20T17:01:14.570+0000] {dag.py:3047} INFO - Sync 1 DAGs
[2024-04-20T17:01:14.587+0000] {logging_mixin.py:188} INFO - [2024-04-20T17:01:14.587+0000] {dag.py:3834} INFO - Setting next_dagrun for latest_only_with_trigger to 2024-04-20 12:00:00+00:00, run_after=2024-04-20 16:00:00+00:00
[2024-04-20T17:01:14.707+0000] {processor.py:183} INFO - Processing /home/airflow/.local/lib/python3.8/site-packages/airflow/example_dags/example_latest_only_with_trigger.py took 0.163 seconds
[2024-04-20T17:01:44.882+0000] {processor.py:161} INFO - Started process (PID=8685) to work on /home/airflow/.local/lib/python3.8/site-packages/airflow/example_dags/example_latest_only_with_trigger.py
[2024-04-20T17:01:44.883+0000] {processor.py:830} INFO - Processing file /home/airflow/.local/lib/python3.8/site-packages/airflow/example_dags/example_latest_only_with_trigger.py for tasks to queue
[2024-04-20T17:01:44.884+0000] {logging_mixin.py:188} INFO - [2024-04-20T17:01:44.883+0000] {dagbag.py:540} INFO - Filling up the DagBag from /home/airflow/.local/lib/python3.8/site-packages/airflow/example_dags/example_latest_only_with_trigger.py
[2024-04-20T17:01:44.888+0000] {processor.py:840} INFO - DAG(s) 'latest_only_with_trigger' retrieved from /home/airflow/.local/lib/python3.8/site-packages/airflow/example_dags/example_latest_only_with_trigger.py
[2024-04-20T17:01:44.905+0000] {logging_mixin.py:188} INFO - [2024-04-20T17:01:44.905+0000] {dag.py:3047} INFO - Sync 1 DAGs
[2024-04-20T17:01:44.922+0000] {logging_mixin.py:188} INFO - [2024-04-20T17:01:44.922+0000] {dag.py:3834} INFO - Setting next_dagrun for latest_only_with_trigger to 2024-04-20 12:00:00+00:00, run_after=2024-04-20 16:00:00+00:00
[2024-04-20T17:01:45.076+0000] {processor.py:183} INFO - Processing /home/airflow/.local/lib/python3.8/site-packages/airflow/example_dags/example_latest_only_with_trigger.py took 0.197 seconds
[2024-04-20T17:02:15.880+0000] {processor.py:161} INFO - Started process (PID=8942) to work on /home/airflow/.local/lib/python3.8/site-packages/airflow/example_dags/example_latest_only_with_trigger.py
[2024-04-20T17:02:15.881+0000] {processor.py:830} INFO - Processing file /home/airflow/.local/lib/python3.8/site-packages/airflow/example_dags/example_latest_only_with_trigger.py for tasks to queue
[2024-04-20T17:02:15.881+0000] {logging_mixin.py:188} INFO - [2024-04-20T17:02:15.881+0000] {dagbag.py:540} INFO - Filling up the DagBag from /home/airflow/.local/lib/python3.8/site-packages/airflow/example_dags/example_latest_only_with_trigger.py
[2024-04-20T17:02:15.886+0000] {processor.py:840} INFO - DAG(s) 'latest_only_with_trigger' retrieved from /home/airflow/.local/lib/python3.8/site-packages/airflow/example_dags/example_latest_only_with_trigger.py
[2024-04-20T17:02:15.903+0000] {logging_mixin.py:188} INFO - [2024-04-20T17:02:15.903+0000] {dag.py:3047} INFO - Sync 1 DAGs
[2024-04-20T17:02:15.920+0000] {logging_mixin.py:188} INFO - [2024-04-20T17:02:15.920+0000] {dag.py:3834} INFO - Setting next_dagrun for latest_only_with_trigger to 2024-04-20 12:00:00+00:00, run_after=2024-04-20 16:00:00+00:00
[2024-04-20T17:02:16.041+0000] {processor.py:183} INFO - Processing /home/airflow/.local/lib/python3.8/site-packages/airflow/example_dags/example_latest_only_with_trigger.py took 0.164 seconds
[2024-04-20T17:02:46.286+0000] {processor.py:161} INFO - Started process (PID=9200) to work on /home/airflow/.local/lib/python3.8/site-packages/airflow/example_dags/example_latest_only_with_trigger.py
[2024-04-20T17:02:46.287+0000] {processor.py:830} INFO - Processing file /home/airflow/.local/lib/python3.8/site-packages/airflow/example_dags/example_latest_only_with_trigger.py for tasks to queue
[2024-04-20T17:02:46.288+0000] {logging_mixin.py:188} INFO - [2024-04-20T17:02:46.287+0000] {dagbag.py:540} INFO - Filling up the DagBag from /home/airflow/.local/lib/python3.8/site-packages/airflow/example_dags/example_latest_only_with_trigger.py
[2024-04-20T17:02:46.292+0000] {processor.py:840} INFO - DAG(s) 'latest_only_with_trigger' retrieved from /home/airflow/.local/lib/python3.8/site-packages/airflow/example_dags/example_latest_only_with_trigger.py
[2024-04-20T17:02:46.309+0000] {logging_mixin.py:188} INFO - [2024-04-20T17:02:46.309+0000] {dag.py:3047} INFO - Sync 1 DAGs
[2024-04-20T17:02:46.325+0000] {logging_mixin.py:188} INFO - [2024-04-20T17:02:46.325+0000] {dag.py:3834} INFO - Setting next_dagrun for latest_only_with_trigger to 2024-04-20 12:00:00+00:00, run_after=2024-04-20 16:00:00+00:00
[2024-04-20T17:02:46.446+0000] {processor.py:183} INFO - Processing /home/airflow/.local/lib/python3.8/site-packages/airflow/example_dags/example_latest_only_with_trigger.py took 0.162 seconds
[2024-04-20T17:03:16.928+0000] {processor.py:161} INFO - Started process (PID=9458) to work on /home/airflow/.local/lib/python3.8/site-packages/airflow/example_dags/example_latest_only_with_trigger.py
[2024-04-20T17:03:16.929+0000] {processor.py:830} INFO - Processing file /home/airflow/.local/lib/python3.8/site-packages/airflow/example_dags/example_latest_only_with_trigger.py for tasks to queue
[2024-04-20T17:03:16.930+0000] {logging_mixin.py:188} INFO - [2024-04-20T17:03:16.930+0000] {dagbag.py:540} INFO - Filling up the DagBag from /home/airflow/.local/lib/python3.8/site-packages/airflow/example_dags/example_latest_only_with_trigger.py
[2024-04-20T17:03:16.937+0000] {processor.py:840} INFO - DAG(s) 'latest_only_with_trigger' retrieved from /home/airflow/.local/lib/python3.8/site-packages/airflow/example_dags/example_latest_only_with_trigger.py
[2024-04-20T17:03:16.955+0000] {logging_mixin.py:188} INFO - [2024-04-20T17:03:16.955+0000] {dag.py:3047} INFO - Sync 1 DAGs
[2024-04-20T17:03:16.972+0000] {logging_mixin.py:188} INFO - [2024-04-20T17:03:16.972+0000] {dag.py:3834} INFO - Setting next_dagrun for latest_only_with_trigger to 2024-04-20 12:00:00+00:00, run_after=2024-04-20 16:00:00+00:00
[2024-04-20T17:03:17.164+0000] {processor.py:183} INFO - Processing /home/airflow/.local/lib/python3.8/site-packages/airflow/example_dags/example_latest_only_with_trigger.py took 0.239 seconds
[2024-04-20T17:03:47.928+0000] {processor.py:161} INFO - Started process (PID=9713) to work on /home/airflow/.local/lib/python3.8/site-packages/airflow/example_dags/example_latest_only_with_trigger.py
[2024-04-20T17:03:47.929+0000] {processor.py:830} INFO - Processing file /home/airflow/.local/lib/python3.8/site-packages/airflow/example_dags/example_latest_only_with_trigger.py for tasks to queue
[2024-04-20T17:03:47.930+0000] {logging_mixin.py:188} INFO - [2024-04-20T17:03:47.929+0000] {dagbag.py:540} INFO - Filling up the DagBag from /home/airflow/.local/lib/python3.8/site-packages/airflow/example_dags/example_latest_only_with_trigger.py
[2024-04-20T17:03:47.935+0000] {processor.py:840} INFO - DAG(s) 'latest_only_with_trigger' retrieved from /home/airflow/.local/lib/python3.8/site-packages/airflow/example_dags/example_latest_only_with_trigger.py
[2024-04-20T17:03:47.952+0000] {logging_mixin.py:188} INFO - [2024-04-20T17:03:47.952+0000] {dag.py:3047} INFO - Sync 1 DAGs
[2024-04-20T17:03:47.968+0000] {logging_mixin.py:188} INFO - [2024-04-20T17:03:47.968+0000] {dag.py:3834} INFO - Setting next_dagrun for latest_only_with_trigger to 2024-04-20 12:00:00+00:00, run_after=2024-04-20 16:00:00+00:00
[2024-04-20T17:03:48.117+0000] {processor.py:183} INFO - Processing /home/airflow/.local/lib/python3.8/site-packages/airflow/example_dags/example_latest_only_with_trigger.py took 0.192 seconds
[2024-04-20T17:04:18.350+0000] {processor.py:161} INFO - Started process (PID=9970) to work on /home/airflow/.local/lib/python3.8/site-packages/airflow/example_dags/example_latest_only_with_trigger.py
[2024-04-20T17:04:18.351+0000] {processor.py:830} INFO - Processing file /home/airflow/.local/lib/python3.8/site-packages/airflow/example_dags/example_latest_only_with_trigger.py for tasks to queue
[2024-04-20T17:04:18.352+0000] {logging_mixin.py:188} INFO - [2024-04-20T17:04:18.351+0000] {dagbag.py:540} INFO - Filling up the DagBag from /home/airflow/.local/lib/python3.8/site-packages/airflow/example_dags/example_latest_only_with_trigger.py
[2024-04-20T17:04:18.356+0000] {processor.py:840} INFO - DAG(s) 'latest_only_with_trigger' retrieved from /home/airflow/.local/lib/python3.8/site-packages/airflow/example_dags/example_latest_only_with_trigger.py
[2024-04-20T17:04:18.373+0000] {logging_mixin.py:188} INFO - [2024-04-20T17:04:18.373+0000] {dag.py:3047} INFO - Sync 1 DAGs
[2024-04-20T17:04:18.391+0000] {logging_mixin.py:188} INFO - [2024-04-20T17:04:18.391+0000] {dag.py:3834} INFO - Setting next_dagrun for latest_only_with_trigger to 2024-04-20 12:00:00+00:00, run_after=2024-04-20 16:00:00+00:00
[2024-04-20T17:04:18.961+0000] {processor.py:183} INFO - Processing /home/airflow/.local/lib/python3.8/site-packages/airflow/example_dags/example_latest_only_with_trigger.py took 0.613 seconds
[2024-04-20T17:04:49.704+0000] {processor.py:161} INFO - Started process (PID=10229) to work on /home/airflow/.local/lib/python3.8/site-packages/airflow/example_dags/example_latest_only_with_trigger.py
[2024-04-20T17:04:49.706+0000] {processor.py:830} INFO - Processing file /home/airflow/.local/lib/python3.8/site-packages/airflow/example_dags/example_latest_only_with_trigger.py for tasks to queue
[2024-04-20T17:04:49.707+0000] {logging_mixin.py:188} INFO - [2024-04-20T17:04:49.706+0000] {dagbag.py:540} INFO - Filling up the DagBag from /home/airflow/.local/lib/python3.8/site-packages/airflow/example_dags/example_latest_only_with_trigger.py
[2024-04-20T17:04:49.714+0000] {processor.py:840} INFO - DAG(s) 'latest_only_with_trigger' retrieved from /home/airflow/.local/lib/python3.8/site-packages/airflow/example_dags/example_latest_only_with_trigger.py
[2024-04-20T17:04:49.739+0000] {logging_mixin.py:188} INFO - [2024-04-20T17:04:49.739+0000] {dag.py:3047} INFO - Sync 1 DAGs
[2024-04-20T17:04:49.755+0000] {logging_mixin.py:188} INFO - [2024-04-20T17:04:49.755+0000] {dag.py:3834} INFO - Setting next_dagrun for latest_only_with_trigger to 2024-04-20 12:00:00+00:00, run_after=2024-04-20 16:00:00+00:00
[2024-04-20T17:04:50.076+0000] {processor.py:183} INFO - Processing /home/airflow/.local/lib/python3.8/site-packages/airflow/example_dags/example_latest_only_with_trigger.py took 0.375 seconds
[2024-04-20T17:05:20.155+0000] {processor.py:161} INFO - Started process (PID=10486) to work on /home/airflow/.local/lib/python3.8/site-packages/airflow/example_dags/example_latest_only_with_trigger.py
[2024-04-20T17:05:20.157+0000] {processor.py:830} INFO - Processing file /home/airflow/.local/lib/python3.8/site-packages/airflow/example_dags/example_latest_only_with_trigger.py for tasks to queue
[2024-04-20T17:05:20.158+0000] {logging_mixin.py:188} INFO - [2024-04-20T17:05:20.157+0000] {dagbag.py:540} INFO - Filling up the DagBag from /home/airflow/.local/lib/python3.8/site-packages/airflow/example_dags/example_latest_only_with_trigger.py
[2024-04-20T17:05:20.164+0000] {processor.py:840} INFO - DAG(s) 'latest_only_with_trigger' retrieved from /home/airflow/.local/lib/python3.8/site-packages/airflow/example_dags/example_latest_only_with_trigger.py
[2024-04-20T17:05:20.180+0000] {logging_mixin.py:188} INFO - [2024-04-20T17:05:20.180+0000] {dag.py:3047} INFO - Sync 1 DAGs
[2024-04-20T17:05:20.197+0000] {logging_mixin.py:188} INFO - [2024-04-20T17:05:20.196+0000] {dag.py:3834} INFO - Setting next_dagrun for latest_only_with_trigger to 2024-04-20 12:00:00+00:00, run_after=2024-04-20 16:00:00+00:00
[2024-04-20T17:05:20.526+0000] {processor.py:183} INFO - Processing /home/airflow/.local/lib/python3.8/site-packages/airflow/example_dags/example_latest_only_with_trigger.py took 0.375 seconds
[2024-04-20T17:05:50.746+0000] {processor.py:161} INFO - Started process (PID=10743) to work on /home/airflow/.local/lib/python3.8/site-packages/airflow/example_dags/example_latest_only_with_trigger.py
[2024-04-20T17:05:50.747+0000] {processor.py:830} INFO - Processing file /home/airflow/.local/lib/python3.8/site-packages/airflow/example_dags/example_latest_only_with_trigger.py for tasks to queue
[2024-04-20T17:05:50.748+0000] {logging_mixin.py:188} INFO - [2024-04-20T17:05:50.748+0000] {dagbag.py:540} INFO - Filling up the DagBag from /home/airflow/.local/lib/python3.8/site-packages/airflow/example_dags/example_latest_only_with_trigger.py
[2024-04-20T17:05:50.758+0000] {processor.py:840} INFO - DAG(s) 'latest_only_with_trigger' retrieved from /home/airflow/.local/lib/python3.8/site-packages/airflow/example_dags/example_latest_only_with_trigger.py
[2024-04-20T17:05:50.787+0000] {logging_mixin.py:188} INFO - [2024-04-20T17:05:50.787+0000] {dag.py:3047} INFO - Sync 1 DAGs
[2024-04-20T17:05:50.814+0000] {logging_mixin.py:188} INFO - [2024-04-20T17:05:50.813+0000] {dag.py:3834} INFO - Setting next_dagrun for latest_only_with_trigger to 2024-04-20 12:00:00+00:00, run_after=2024-04-20 16:00:00+00:00
[2024-04-20T17:05:50.986+0000] {processor.py:183} INFO - Processing /home/airflow/.local/lib/python3.8/site-packages/airflow/example_dags/example_latest_only_with_trigger.py took 0.243 seconds
