[2024-04-20T16:45:11.905+0000] {processor.py:161} INFO - Started process (PID=322) to work on /home/airflow/.local/lib/python3.8/site-packages/airflow/example_dags/example_nested_branch_dag.py
[2024-04-20T16:45:11.906+0000] {processor.py:830} INFO - Processing file /home/airflow/.local/lib/python3.8/site-packages/airflow/example_dags/example_nested_branch_dag.py for tasks to queue
[2024-04-20T16:45:11.907+0000] {logging_mixin.py:188} INFO - [2024-04-20T16:45:11.906+0000] {dagbag.py:540} INFO - Filling up the DagBag from /home/airflow/.local/lib/python3.8/site-packages/airflow/example_dags/example_nested_branch_dag.py
[2024-04-20T16:45:11.915+0000] {processor.py:840} INFO - DAG(s) 'example_nested_branch_dag' retrieved from /home/airflow/.local/lib/python3.8/site-packages/airflow/example_dags/example_nested_branch_dag.py
[2024-04-20T16:45:11.934+0000] {logging_mixin.py:188} INFO - [2024-04-20T16:45:11.934+0000] {dag.py:3047} INFO - Sync 1 DAGs
[2024-04-20T16:45:11.952+0000] {logging_mixin.py:188} INFO - [2024-04-20T16:45:11.952+0000] {dag.py:3834} INFO - Setting next_dagrun for example_nested_branch_dag to 2024-04-19 00:00:00+00:00, run_after=2024-04-20 00:00:00+00:00
[2024-04-20T16:45:12.131+0000] {processor.py:183} INFO - Processing /home/airflow/.local/lib/python3.8/site-packages/airflow/example_dags/example_nested_branch_dag.py took 0.229 seconds
[2024-04-20T16:45:45.209+0000] {processor.py:161} INFO - Started process (PID=577) to work on /home/airflow/.local/lib/python3.8/site-packages/airflow/example_dags/example_nested_branch_dag.py
[2024-04-20T16:45:45.233+0000] {processor.py:830} INFO - Processing file /home/airflow/.local/lib/python3.8/site-packages/airflow/example_dags/example_nested_branch_dag.py for tasks to queue
[2024-04-20T16:45:45.234+0000] {logging_mixin.py:188} INFO - [2024-04-20T16:45:45.234+0000] {dagbag.py:540} INFO - Filling up the DagBag from /home/airflow/.local/lib/python3.8/site-packages/airflow/example_dags/example_nested_branch_dag.py
[2024-04-20T16:45:45.244+0000] {processor.py:840} INFO - DAG(s) 'example_nested_branch_dag' retrieved from /home/airflow/.local/lib/python3.8/site-packages/airflow/example_dags/example_nested_branch_dag.py
[2024-04-20T16:45:45.271+0000] {logging_mixin.py:188} INFO - [2024-04-20T16:45:45.271+0000] {dag.py:3047} INFO - Sync 1 DAGs
[2024-04-20T16:45:45.297+0000] {logging_mixin.py:188} INFO - [2024-04-20T16:45:45.297+0000] {dag.py:3834} INFO - Setting next_dagrun for example_nested_branch_dag to 2024-04-19 00:00:00+00:00, run_after=2024-04-20 00:00:00+00:00
[2024-04-20T16:45:45.504+0000] {processor.py:183} INFO - Processing /home/airflow/.local/lib/python3.8/site-packages/airflow/example_dags/example_nested_branch_dag.py took 0.298 seconds
[2024-04-20T16:46:15.739+0000] {processor.py:161} INFO - Started process (PID=828) to work on /home/airflow/.local/lib/python3.8/site-packages/airflow/example_dags/example_nested_branch_dag.py
[2024-04-20T16:46:15.740+0000] {processor.py:830} INFO - Processing file /home/airflow/.local/lib/python3.8/site-packages/airflow/example_dags/example_nested_branch_dag.py for tasks to queue
[2024-04-20T16:46:15.741+0000] {logging_mixin.py:188} INFO - [2024-04-20T16:46:15.741+0000] {dagbag.py:540} INFO - Filling up the DagBag from /home/airflow/.local/lib/python3.8/site-packages/airflow/example_dags/example_nested_branch_dag.py
[2024-04-20T16:46:15.754+0000] {processor.py:840} INFO - DAG(s) 'example_nested_branch_dag' retrieved from /home/airflow/.local/lib/python3.8/site-packages/airflow/example_dags/example_nested_branch_dag.py
[2024-04-20T16:46:15.777+0000] {logging_mixin.py:188} INFO - [2024-04-20T16:46:15.777+0000] {dag.py:3047} INFO - Sync 1 DAGs
[2024-04-20T16:46:15.873+0000] {logging_mixin.py:188} INFO - [2024-04-20T16:46:15.873+0000] {dag.py:3834} INFO - Setting next_dagrun for example_nested_branch_dag to 2024-04-19 00:00:00+00:00, run_after=2024-04-20 00:00:00+00:00
[2024-04-20T16:46:16.372+0000] {processor.py:183} INFO - Processing /home/airflow/.local/lib/python3.8/site-packages/airflow/example_dags/example_nested_branch_dag.py took 0.636 seconds
[2024-04-20T16:46:46.671+0000] {processor.py:161} INFO - Started process (PID=1085) to work on /home/airflow/.local/lib/python3.8/site-packages/airflow/example_dags/example_nested_branch_dag.py
[2024-04-20T16:46:46.672+0000] {processor.py:830} INFO - Processing file /home/airflow/.local/lib/python3.8/site-packages/airflow/example_dags/example_nested_branch_dag.py for tasks to queue
[2024-04-20T16:46:46.674+0000] {logging_mixin.py:188} INFO - [2024-04-20T16:46:46.673+0000] {dagbag.py:540} INFO - Filling up the DagBag from /home/airflow/.local/lib/python3.8/site-packages/airflow/example_dags/example_nested_branch_dag.py
[2024-04-20T16:46:46.682+0000] {processor.py:840} INFO - DAG(s) 'example_nested_branch_dag' retrieved from /home/airflow/.local/lib/python3.8/site-packages/airflow/example_dags/example_nested_branch_dag.py
[2024-04-20T16:46:46.701+0000] {logging_mixin.py:188} INFO - [2024-04-20T16:46:46.701+0000] {dag.py:3047} INFO - Sync 1 DAGs
[2024-04-20T16:46:46.720+0000] {logging_mixin.py:188} INFO - [2024-04-20T16:46:46.720+0000] {dag.py:3834} INFO - Setting next_dagrun for example_nested_branch_dag to 2024-04-19 00:00:00+00:00, run_after=2024-04-20 00:00:00+00:00
[2024-04-20T16:46:47.212+0000] {processor.py:183} INFO - Processing /home/airflow/.local/lib/python3.8/site-packages/airflow/example_dags/example_nested_branch_dag.py took 0.545 seconds
[2024-04-20T16:47:17.441+0000] {processor.py:161} INFO - Started process (PID=1344) to work on /home/airflow/.local/lib/python3.8/site-packages/airflow/example_dags/example_nested_branch_dag.py
[2024-04-20T16:47:17.442+0000] {processor.py:830} INFO - Processing file /home/airflow/.local/lib/python3.8/site-packages/airflow/example_dags/example_nested_branch_dag.py for tasks to queue
[2024-04-20T16:47:17.443+0000] {logging_mixin.py:188} INFO - [2024-04-20T16:47:17.443+0000] {dagbag.py:540} INFO - Filling up the DagBag from /home/airflow/.local/lib/python3.8/site-packages/airflow/example_dags/example_nested_branch_dag.py
[2024-04-20T16:47:17.454+0000] {processor.py:840} INFO - DAG(s) 'example_nested_branch_dag' retrieved from /home/airflow/.local/lib/python3.8/site-packages/airflow/example_dags/example_nested_branch_dag.py
[2024-04-20T16:47:17.482+0000] {logging_mixin.py:188} INFO - [2024-04-20T16:47:17.482+0000] {dag.py:3047} INFO - Sync 1 DAGs
[2024-04-20T16:47:17.508+0000] {logging_mixin.py:188} INFO - [2024-04-20T16:47:17.508+0000] {dag.py:3834} INFO - Setting next_dagrun for example_nested_branch_dag to 2024-04-19 00:00:00+00:00, run_after=2024-04-20 00:00:00+00:00
[2024-04-20T16:47:17.673+0000] {processor.py:183} INFO - Processing /home/airflow/.local/lib/python3.8/site-packages/airflow/example_dags/example_nested_branch_dag.py took 0.235 seconds
[2024-04-20T16:47:47.741+0000] {processor.py:161} INFO - Started process (PID=1599) to work on /home/airflow/.local/lib/python3.8/site-packages/airflow/example_dags/example_nested_branch_dag.py
[2024-04-20T16:47:47.741+0000] {processor.py:830} INFO - Processing file /home/airflow/.local/lib/python3.8/site-packages/airflow/example_dags/example_nested_branch_dag.py for tasks to queue
[2024-04-20T16:47:47.742+0000] {logging_mixin.py:188} INFO - [2024-04-20T16:47:47.742+0000] {dagbag.py:540} INFO - Filling up the DagBag from /home/airflow/.local/lib/python3.8/site-packages/airflow/example_dags/example_nested_branch_dag.py
[2024-04-20T16:47:47.750+0000] {processor.py:840} INFO - DAG(s) 'example_nested_branch_dag' retrieved from /home/airflow/.local/lib/python3.8/site-packages/airflow/example_dags/example_nested_branch_dag.py
[2024-04-20T16:47:47.768+0000] {logging_mixin.py:188} INFO - [2024-04-20T16:47:47.767+0000] {dag.py:3047} INFO - Sync 1 DAGs
[2024-04-20T16:47:47.785+0000] {logging_mixin.py:188} INFO - [2024-04-20T16:47:47.785+0000] {dag.py:3834} INFO - Setting next_dagrun for example_nested_branch_dag to 2024-04-19 00:00:00+00:00, run_after=2024-04-20 00:00:00+00:00
[2024-04-20T16:47:47.928+0000] {processor.py:183} INFO - Processing /home/airflow/.local/lib/python3.8/site-packages/airflow/example_dags/example_nested_branch_dag.py took 0.190 seconds
[2024-04-20T16:48:18.239+0000] {processor.py:161} INFO - Started process (PID=1856) to work on /home/airflow/.local/lib/python3.8/site-packages/airflow/example_dags/example_nested_branch_dag.py
[2024-04-20T16:48:18.240+0000] {processor.py:830} INFO - Processing file /home/airflow/.local/lib/python3.8/site-packages/airflow/example_dags/example_nested_branch_dag.py for tasks to queue
[2024-04-20T16:48:18.240+0000] {logging_mixin.py:188} INFO - [2024-04-20T16:48:18.240+0000] {dagbag.py:540} INFO - Filling up the DagBag from /home/airflow/.local/lib/python3.8/site-packages/airflow/example_dags/example_nested_branch_dag.py
[2024-04-20T16:48:18.249+0000] {processor.py:840} INFO - DAG(s) 'example_nested_branch_dag' retrieved from /home/airflow/.local/lib/python3.8/site-packages/airflow/example_dags/example_nested_branch_dag.py
[2024-04-20T16:48:18.267+0000] {logging_mixin.py:188} INFO - [2024-04-20T16:48:18.267+0000] {dag.py:3047} INFO - Sync 1 DAGs
[2024-04-20T16:48:18.285+0000] {logging_mixin.py:188} INFO - [2024-04-20T16:48:18.285+0000] {dag.py:3834} INFO - Setting next_dagrun for example_nested_branch_dag to 2024-04-19 00:00:00+00:00, run_after=2024-04-20 00:00:00+00:00
[2024-04-20T16:48:18.429+0000] {processor.py:183} INFO - Processing /home/airflow/.local/lib/python3.8/site-packages/airflow/example_dags/example_nested_branch_dag.py took 0.193 seconds
[2024-04-20T16:48:48.636+0000] {processor.py:161} INFO - Started process (PID=2113) to work on /home/airflow/.local/lib/python3.8/site-packages/airflow/example_dags/example_nested_branch_dag.py
[2024-04-20T16:48:48.636+0000] {processor.py:830} INFO - Processing file /home/airflow/.local/lib/python3.8/site-packages/airflow/example_dags/example_nested_branch_dag.py for tasks to queue
[2024-04-20T16:48:48.637+0000] {logging_mixin.py:188} INFO - [2024-04-20T16:48:48.637+0000] {dagbag.py:540} INFO - Filling up the DagBag from /home/airflow/.local/lib/python3.8/site-packages/airflow/example_dags/example_nested_branch_dag.py
[2024-04-20T16:48:48.645+0000] {processor.py:840} INFO - DAG(s) 'example_nested_branch_dag' retrieved from /home/airflow/.local/lib/python3.8/site-packages/airflow/example_dags/example_nested_branch_dag.py
[2024-04-20T16:48:48.663+0000] {logging_mixin.py:188} INFO - [2024-04-20T16:48:48.663+0000] {dag.py:3047} INFO - Sync 1 DAGs
[2024-04-20T16:48:48.681+0000] {logging_mixin.py:188} INFO - [2024-04-20T16:48:48.681+0000] {dag.py:3834} INFO - Setting next_dagrun for example_nested_branch_dag to 2024-04-19 00:00:00+00:00, run_after=2024-04-20 00:00:00+00:00
[2024-04-20T16:48:48.824+0000] {processor.py:183} INFO - Processing /home/airflow/.local/lib/python3.8/site-packages/airflow/example_dags/example_nested_branch_dag.py took 0.191 seconds
[2024-04-20T16:49:19.047+0000] {processor.py:161} INFO - Started process (PID=2370) to work on /home/airflow/.local/lib/python3.8/site-packages/airflow/example_dags/example_nested_branch_dag.py
[2024-04-20T16:49:19.048+0000] {processor.py:830} INFO - Processing file /home/airflow/.local/lib/python3.8/site-packages/airflow/example_dags/example_nested_branch_dag.py for tasks to queue
[2024-04-20T16:49:19.048+0000] {logging_mixin.py:188} INFO - [2024-04-20T16:49:19.048+0000] {dagbag.py:540} INFO - Filling up the DagBag from /home/airflow/.local/lib/python3.8/site-packages/airflow/example_dags/example_nested_branch_dag.py
[2024-04-20T16:49:19.060+0000] {processor.py:840} INFO - DAG(s) 'example_nested_branch_dag' retrieved from /home/airflow/.local/lib/python3.8/site-packages/airflow/example_dags/example_nested_branch_dag.py
[2024-04-20T16:49:19.085+0000] {logging_mixin.py:188} INFO - [2024-04-20T16:49:19.085+0000] {dag.py:3047} INFO - Sync 1 DAGs
[2024-04-20T16:49:19.111+0000] {logging_mixin.py:188} INFO - [2024-04-20T16:49:19.111+0000] {dag.py:3834} INFO - Setting next_dagrun for example_nested_branch_dag to 2024-04-19 00:00:00+00:00, run_after=2024-04-20 00:00:00+00:00
[2024-04-20T16:49:19.236+0000] {processor.py:183} INFO - Processing /home/airflow/.local/lib/python3.8/site-packages/airflow/example_dags/example_nested_branch_dag.py took 0.193 seconds
[2024-04-20T16:49:49.266+0000] {processor.py:161} INFO - Started process (PID=2625) to work on /home/airflow/.local/lib/python3.8/site-packages/airflow/example_dags/example_nested_branch_dag.py
[2024-04-20T16:49:49.267+0000] {processor.py:830} INFO - Processing file /home/airflow/.local/lib/python3.8/site-packages/airflow/example_dags/example_nested_branch_dag.py for tasks to queue
[2024-04-20T16:49:49.268+0000] {logging_mixin.py:188} INFO - [2024-04-20T16:49:49.268+0000] {dagbag.py:540} INFO - Filling up the DagBag from /home/airflow/.local/lib/python3.8/site-packages/airflow/example_dags/example_nested_branch_dag.py
[2024-04-20T16:49:49.278+0000] {processor.py:840} INFO - DAG(s) 'example_nested_branch_dag' retrieved from /home/airflow/.local/lib/python3.8/site-packages/airflow/example_dags/example_nested_branch_dag.py
[2024-04-20T16:49:49.296+0000] {logging_mixin.py:188} INFO - [2024-04-20T16:49:49.296+0000] {dag.py:3047} INFO - Sync 1 DAGs
[2024-04-20T16:49:49.313+0000] {logging_mixin.py:188} INFO - [2024-04-20T16:49:49.313+0000] {dag.py:3834} INFO - Setting next_dagrun for example_nested_branch_dag to 2024-04-19 00:00:00+00:00, run_after=2024-04-20 00:00:00+00:00
[2024-04-20T16:49:49.546+0000] {processor.py:183} INFO - Processing /home/airflow/.local/lib/python3.8/site-packages/airflow/example_dags/example_nested_branch_dag.py took 0.283 seconds
[2024-04-20T16:50:19.975+0000] {processor.py:161} INFO - Started process (PID=2880) to work on /home/airflow/.local/lib/python3.8/site-packages/airflow/example_dags/example_nested_branch_dag.py
[2024-04-20T16:50:19.976+0000] {processor.py:830} INFO - Processing file /home/airflow/.local/lib/python3.8/site-packages/airflow/example_dags/example_nested_branch_dag.py for tasks to queue
[2024-04-20T16:50:19.976+0000] {logging_mixin.py:188} INFO - [2024-04-20T16:50:19.976+0000] {dagbag.py:540} INFO - Filling up the DagBag from /home/airflow/.local/lib/python3.8/site-packages/airflow/example_dags/example_nested_branch_dag.py
[2024-04-20T16:50:19.988+0000] {processor.py:840} INFO - DAG(s) 'example_nested_branch_dag' retrieved from /home/airflow/.local/lib/python3.8/site-packages/airflow/example_dags/example_nested_branch_dag.py
[2024-04-20T16:50:20.014+0000] {logging_mixin.py:188} INFO - [2024-04-20T16:50:20.013+0000] {dag.py:3047} INFO - Sync 1 DAGs
[2024-04-20T16:50:20.039+0000] {logging_mixin.py:188} INFO - [2024-04-20T16:50:20.038+0000] {dag.py:3834} INFO - Setting next_dagrun for example_nested_branch_dag to 2024-04-19 00:00:00+00:00, run_after=2024-04-20 00:00:00+00:00
[2024-04-20T16:50:20.265+0000] {processor.py:183} INFO - Processing /home/airflow/.local/lib/python3.8/site-packages/airflow/example_dags/example_nested_branch_dag.py took 0.294 seconds
[2024-04-20T16:50:50.932+0000] {processor.py:161} INFO - Started process (PID=3145) to work on /home/airflow/.local/lib/python3.8/site-packages/airflow/example_dags/example_nested_branch_dag.py
[2024-04-20T16:50:50.933+0000] {processor.py:830} INFO - Processing file /home/airflow/.local/lib/python3.8/site-packages/airflow/example_dags/example_nested_branch_dag.py for tasks to queue
[2024-04-20T16:50:50.934+0000] {logging_mixin.py:188} INFO - [2024-04-20T16:50:50.933+0000] {dagbag.py:540} INFO - Filling up the DagBag from /home/airflow/.local/lib/python3.8/site-packages/airflow/example_dags/example_nested_branch_dag.py
[2024-04-20T16:50:50.942+0000] {processor.py:840} INFO - DAG(s) 'example_nested_branch_dag' retrieved from /home/airflow/.local/lib/python3.8/site-packages/airflow/example_dags/example_nested_branch_dag.py
[2024-04-20T16:50:50.960+0000] {logging_mixin.py:188} INFO - [2024-04-20T16:50:50.959+0000] {dag.py:3047} INFO - Sync 1 DAGs
[2024-04-20T16:50:50.977+0000] {logging_mixin.py:188} INFO - [2024-04-20T16:50:50.977+0000] {dag.py:3834} INFO - Setting next_dagrun for example_nested_branch_dag to 2024-04-19 00:00:00+00:00, run_after=2024-04-20 00:00:00+00:00
[2024-04-20T16:50:51.115+0000] {processor.py:183} INFO - Processing /home/airflow/.local/lib/python3.8/site-packages/airflow/example_dags/example_nested_branch_dag.py took 0.186 seconds
[2024-04-20T16:51:21.382+0000] {processor.py:161} INFO - Started process (PID=3400) to work on /home/airflow/.local/lib/python3.8/site-packages/airflow/example_dags/example_nested_branch_dag.py
[2024-04-20T16:51:21.383+0000] {processor.py:830} INFO - Processing file /home/airflow/.local/lib/python3.8/site-packages/airflow/example_dags/example_nested_branch_dag.py for tasks to queue
[2024-04-20T16:51:21.384+0000] {logging_mixin.py:188} INFO - [2024-04-20T16:51:21.384+0000] {dagbag.py:540} INFO - Filling up the DagBag from /home/airflow/.local/lib/python3.8/site-packages/airflow/example_dags/example_nested_branch_dag.py
[2024-04-20T16:51:21.396+0000] {processor.py:840} INFO - DAG(s) 'example_nested_branch_dag' retrieved from /home/airflow/.local/lib/python3.8/site-packages/airflow/example_dags/example_nested_branch_dag.py
[2024-04-20T16:51:21.416+0000] {logging_mixin.py:188} INFO - [2024-04-20T16:51:21.416+0000] {dag.py:3047} INFO - Sync 1 DAGs
[2024-04-20T16:51:21.433+0000] {logging_mixin.py:188} INFO - [2024-04-20T16:51:21.433+0000] {dag.py:3834} INFO - Setting next_dagrun for example_nested_branch_dag to 2024-04-19 00:00:00+00:00, run_after=2024-04-20 00:00:00+00:00
[2024-04-20T16:51:21.574+0000] {processor.py:183} INFO - Processing /home/airflow/.local/lib/python3.8/site-packages/airflow/example_dags/example_nested_branch_dag.py took 0.194 seconds
[2024-04-20T16:51:51.831+0000] {processor.py:161} INFO - Started process (PID=3657) to work on /home/airflow/.local/lib/python3.8/site-packages/airflow/example_dags/example_nested_branch_dag.py
[2024-04-20T16:51:51.832+0000] {processor.py:830} INFO - Processing file /home/airflow/.local/lib/python3.8/site-packages/airflow/example_dags/example_nested_branch_dag.py for tasks to queue
[2024-04-20T16:51:51.832+0000] {logging_mixin.py:188} INFO - [2024-04-20T16:51:51.832+0000] {dagbag.py:540} INFO - Filling up the DagBag from /home/airflow/.local/lib/python3.8/site-packages/airflow/example_dags/example_nested_branch_dag.py
[2024-04-20T16:51:51.840+0000] {processor.py:840} INFO - DAG(s) 'example_nested_branch_dag' retrieved from /home/airflow/.local/lib/python3.8/site-packages/airflow/example_dags/example_nested_branch_dag.py
[2024-04-20T16:51:51.858+0000] {logging_mixin.py:188} INFO - [2024-04-20T16:51:51.858+0000] {dag.py:3047} INFO - Sync 1 DAGs
[2024-04-20T16:51:51.876+0000] {logging_mixin.py:188} INFO - [2024-04-20T16:51:51.875+0000] {dag.py:3834} INFO - Setting next_dagrun for example_nested_branch_dag to 2024-04-19 00:00:00+00:00, run_after=2024-04-20 00:00:00+00:00
[2024-04-20T16:51:52.017+0000] {processor.py:183} INFO - Processing /home/airflow/.local/lib/python3.8/site-packages/airflow/example_dags/example_nested_branch_dag.py took 0.189 seconds
[2024-04-20T16:52:22.070+0000] {processor.py:161} INFO - Started process (PID=3914) to work on /home/airflow/.local/lib/python3.8/site-packages/airflow/example_dags/example_nested_branch_dag.py
[2024-04-20T16:52:22.071+0000] {processor.py:830} INFO - Processing file /home/airflow/.local/lib/python3.8/site-packages/airflow/example_dags/example_nested_branch_dag.py for tasks to queue
[2024-04-20T16:52:22.072+0000] {logging_mixin.py:188} INFO - [2024-04-20T16:52:22.071+0000] {dagbag.py:540} INFO - Filling up the DagBag from /home/airflow/.local/lib/python3.8/site-packages/airflow/example_dags/example_nested_branch_dag.py
[2024-04-20T16:52:22.079+0000] {processor.py:840} INFO - DAG(s) 'example_nested_branch_dag' retrieved from /home/airflow/.local/lib/python3.8/site-packages/airflow/example_dags/example_nested_branch_dag.py
[2024-04-20T16:52:22.097+0000] {logging_mixin.py:188} INFO - [2024-04-20T16:52:22.097+0000] {dag.py:3047} INFO - Sync 1 DAGs
[2024-04-20T16:52:22.115+0000] {logging_mixin.py:188} INFO - [2024-04-20T16:52:22.114+0000] {dag.py:3834} INFO - Setting next_dagrun for example_nested_branch_dag to 2024-04-19 00:00:00+00:00, run_after=2024-04-20 00:00:00+00:00
[2024-04-20T16:52:22.259+0000] {processor.py:183} INFO - Processing /home/airflow/.local/lib/python3.8/site-packages/airflow/example_dags/example_nested_branch_dag.py took 0.191 seconds
[2024-04-20T16:52:52.778+0000] {processor.py:161} INFO - Started process (PID=4171) to work on /home/airflow/.local/lib/python3.8/site-packages/airflow/example_dags/example_nested_branch_dag.py
[2024-04-20T16:52:52.779+0000] {processor.py:830} INFO - Processing file /home/airflow/.local/lib/python3.8/site-packages/airflow/example_dags/example_nested_branch_dag.py for tasks to queue
[2024-04-20T16:52:52.780+0000] {logging_mixin.py:188} INFO - [2024-04-20T16:52:52.780+0000] {dagbag.py:540} INFO - Filling up the DagBag from /home/airflow/.local/lib/python3.8/site-packages/airflow/example_dags/example_nested_branch_dag.py
[2024-04-20T16:52:52.788+0000] {processor.py:840} INFO - DAG(s) 'example_nested_branch_dag' retrieved from /home/airflow/.local/lib/python3.8/site-packages/airflow/example_dags/example_nested_branch_dag.py
[2024-04-20T16:52:52.807+0000] {logging_mixin.py:188} INFO - [2024-04-20T16:52:52.807+0000] {dag.py:3047} INFO - Sync 1 DAGs
[2024-04-20T16:52:52.825+0000] {logging_mixin.py:188} INFO - [2024-04-20T16:52:52.825+0000] {dag.py:3834} INFO - Setting next_dagrun for example_nested_branch_dag to 2024-04-19 00:00:00+00:00, run_after=2024-04-20 00:00:00+00:00
[2024-04-20T16:52:52.964+0000] {processor.py:183} INFO - Processing /home/airflow/.local/lib/python3.8/site-packages/airflow/example_dags/example_nested_branch_dag.py took 0.189 seconds
[2024-04-20T16:53:23.301+0000] {processor.py:161} INFO - Started process (PID=4429) to work on /home/airflow/.local/lib/python3.8/site-packages/airflow/example_dags/example_nested_branch_dag.py
[2024-04-20T16:53:23.302+0000] {processor.py:830} INFO - Processing file /home/airflow/.local/lib/python3.8/site-packages/airflow/example_dags/example_nested_branch_dag.py for tasks to queue
[2024-04-20T16:53:23.303+0000] {logging_mixin.py:188} INFO - [2024-04-20T16:53:23.302+0000] {dagbag.py:540} INFO - Filling up the DagBag from /home/airflow/.local/lib/python3.8/site-packages/airflow/example_dags/example_nested_branch_dag.py
[2024-04-20T16:53:23.310+0000] {processor.py:840} INFO - DAG(s) 'example_nested_branch_dag' retrieved from /home/airflow/.local/lib/python3.8/site-packages/airflow/example_dags/example_nested_branch_dag.py
[2024-04-20T16:53:23.328+0000] {logging_mixin.py:188} INFO - [2024-04-20T16:53:23.328+0000] {dag.py:3047} INFO - Sync 1 DAGs
[2024-04-20T16:53:23.346+0000] {logging_mixin.py:188} INFO - [2024-04-20T16:53:23.346+0000] {dag.py:3834} INFO - Setting next_dagrun for example_nested_branch_dag to 2024-04-19 00:00:00+00:00, run_after=2024-04-20 00:00:00+00:00
[2024-04-20T16:53:23.494+0000] {processor.py:183} INFO - Processing /home/airflow/.local/lib/python3.8/site-packages/airflow/example_dags/example_nested_branch_dag.py took 0.195 seconds
[2024-04-20T16:53:53.991+0000] {processor.py:161} INFO - Started process (PID=4686) to work on /home/airflow/.local/lib/python3.8/site-packages/airflow/example_dags/example_nested_branch_dag.py
[2024-04-20T16:53:53.992+0000] {processor.py:830} INFO - Processing file /home/airflow/.local/lib/python3.8/site-packages/airflow/example_dags/example_nested_branch_dag.py for tasks to queue
[2024-04-20T16:53:53.993+0000] {logging_mixin.py:188} INFO - [2024-04-20T16:53:53.993+0000] {dagbag.py:540} INFO - Filling up the DagBag from /home/airflow/.local/lib/python3.8/site-packages/airflow/example_dags/example_nested_branch_dag.py
[2024-04-20T16:53:54.001+0000] {processor.py:840} INFO - DAG(s) 'example_nested_branch_dag' retrieved from /home/airflow/.local/lib/python3.8/site-packages/airflow/example_dags/example_nested_branch_dag.py
[2024-04-20T16:53:54.019+0000] {logging_mixin.py:188} INFO - [2024-04-20T16:53:54.018+0000] {dag.py:3047} INFO - Sync 1 DAGs
[2024-04-20T16:53:54.036+0000] {logging_mixin.py:188} INFO - [2024-04-20T16:53:54.036+0000] {dag.py:3834} INFO - Setting next_dagrun for example_nested_branch_dag to 2024-04-19 00:00:00+00:00, run_after=2024-04-20 00:00:00+00:00
[2024-04-20T16:53:54.183+0000] {processor.py:183} INFO - Processing /home/airflow/.local/lib/python3.8/site-packages/airflow/example_dags/example_nested_branch_dag.py took 0.194 seconds
[2024-04-20T16:54:25.676+0000] {processor.py:161} INFO - Started process (PID=4942) to work on /home/airflow/.local/lib/python3.8/site-packages/airflow/example_dags/example_nested_branch_dag.py
[2024-04-20T16:54:25.676+0000] {processor.py:830} INFO - Processing file /home/airflow/.local/lib/python3.8/site-packages/airflow/example_dags/example_nested_branch_dag.py for tasks to queue
[2024-04-20T16:54:25.677+0000] {logging_mixin.py:188} INFO - [2024-04-20T16:54:25.677+0000] {dagbag.py:540} INFO - Filling up the DagBag from /home/airflow/.local/lib/python3.8/site-packages/airflow/example_dags/example_nested_branch_dag.py
[2024-04-20T16:54:25.685+0000] {processor.py:840} INFO - DAG(s) 'example_nested_branch_dag' retrieved from /home/airflow/.local/lib/python3.8/site-packages/airflow/example_dags/example_nested_branch_dag.py
[2024-04-20T16:54:25.703+0000] {logging_mixin.py:188} INFO - [2024-04-20T16:54:25.703+0000] {dag.py:3047} INFO - Sync 1 DAGs
[2024-04-20T16:54:25.721+0000] {logging_mixin.py:188} INFO - [2024-04-20T16:54:25.720+0000] {dag.py:3834} INFO - Setting next_dagrun for example_nested_branch_dag to 2024-04-19 00:00:00+00:00, run_after=2024-04-20 00:00:00+00:00
[2024-04-20T16:54:25.918+0000] {processor.py:183} INFO - Processing /home/airflow/.local/lib/python3.8/site-packages/airflow/example_dags/example_nested_branch_dag.py took 0.245 seconds
[2024-04-20T16:54:55.987+0000] {processor.py:161} INFO - Started process (PID=5200) to work on /home/airflow/.local/lib/python3.8/site-packages/airflow/example_dags/example_nested_branch_dag.py
[2024-04-20T16:54:55.988+0000] {processor.py:830} INFO - Processing file /home/airflow/.local/lib/python3.8/site-packages/airflow/example_dags/example_nested_branch_dag.py for tasks to queue
[2024-04-20T16:54:55.989+0000] {logging_mixin.py:188} INFO - [2024-04-20T16:54:55.989+0000] {dagbag.py:540} INFO - Filling up the DagBag from /home/airflow/.local/lib/python3.8/site-packages/airflow/example_dags/example_nested_branch_dag.py
[2024-04-20T16:54:56.001+0000] {processor.py:840} INFO - DAG(s) 'example_nested_branch_dag' retrieved from /home/airflow/.local/lib/python3.8/site-packages/airflow/example_dags/example_nested_branch_dag.py
[2024-04-20T16:54:56.026+0000] {logging_mixin.py:188} INFO - [2024-04-20T16:54:56.026+0000] {dag.py:3047} INFO - Sync 1 DAGs
[2024-04-20T16:54:56.053+0000] {logging_mixin.py:188} INFO - [2024-04-20T16:54:56.053+0000] {dag.py:3834} INFO - Setting next_dagrun for example_nested_branch_dag to 2024-04-19 00:00:00+00:00, run_after=2024-04-20 00:00:00+00:00
[2024-04-20T16:54:56.256+0000] {processor.py:183} INFO - Processing /home/airflow/.local/lib/python3.8/site-packages/airflow/example_dags/example_nested_branch_dag.py took 0.272 seconds
[2024-04-20T16:55:26.592+0000] {processor.py:161} INFO - Started process (PID=5457) to work on /home/airflow/.local/lib/python3.8/site-packages/airflow/example_dags/example_nested_branch_dag.py
[2024-04-20T16:55:26.593+0000] {processor.py:830} INFO - Processing file /home/airflow/.local/lib/python3.8/site-packages/airflow/example_dags/example_nested_branch_dag.py for tasks to queue
[2024-04-20T16:55:26.594+0000] {logging_mixin.py:188} INFO - [2024-04-20T16:55:26.593+0000] {dagbag.py:540} INFO - Filling up the DagBag from /home/airflow/.local/lib/python3.8/site-packages/airflow/example_dags/example_nested_branch_dag.py
[2024-04-20T16:55:26.601+0000] {processor.py:840} INFO - DAG(s) 'example_nested_branch_dag' retrieved from /home/airflow/.local/lib/python3.8/site-packages/airflow/example_dags/example_nested_branch_dag.py
[2024-04-20T16:55:26.619+0000] {logging_mixin.py:188} INFO - [2024-04-20T16:55:26.619+0000] {dag.py:3047} INFO - Sync 1 DAGs
[2024-04-20T16:55:26.639+0000] {logging_mixin.py:188} INFO - [2024-04-20T16:55:26.638+0000] {dag.py:3834} INFO - Setting next_dagrun for example_nested_branch_dag to 2024-04-19 00:00:00+00:00, run_after=2024-04-20 00:00:00+00:00
[2024-04-20T16:55:26.832+0000] {processor.py:183} INFO - Processing /home/airflow/.local/lib/python3.8/site-packages/airflow/example_dags/example_nested_branch_dag.py took 0.242 seconds
[2024-04-20T16:55:56.865+0000] {processor.py:161} INFO - Started process (PID=5715) to work on /home/airflow/.local/lib/python3.8/site-packages/airflow/example_dags/example_nested_branch_dag.py
[2024-04-20T16:55:56.865+0000] {processor.py:830} INFO - Processing file /home/airflow/.local/lib/python3.8/site-packages/airflow/example_dags/example_nested_branch_dag.py for tasks to queue
[2024-04-20T16:55:56.866+0000] {logging_mixin.py:188} INFO - [2024-04-20T16:55:56.866+0000] {dagbag.py:540} INFO - Filling up the DagBag from /home/airflow/.local/lib/python3.8/site-packages/airflow/example_dags/example_nested_branch_dag.py
[2024-04-20T16:55:56.875+0000] {processor.py:840} INFO - DAG(s) 'example_nested_branch_dag' retrieved from /home/airflow/.local/lib/python3.8/site-packages/airflow/example_dags/example_nested_branch_dag.py
[2024-04-20T16:55:56.892+0000] {logging_mixin.py:188} INFO - [2024-04-20T16:55:56.892+0000] {dag.py:3047} INFO - Sync 1 DAGs
[2024-04-20T16:55:56.909+0000] {logging_mixin.py:188} INFO - [2024-04-20T16:55:56.909+0000] {dag.py:3834} INFO - Setting next_dagrun for example_nested_branch_dag to 2024-04-19 00:00:00+00:00, run_after=2024-04-20 00:00:00+00:00
[2024-04-20T16:55:57.060+0000] {processor.py:183} INFO - Processing /home/airflow/.local/lib/python3.8/site-packages/airflow/example_dags/example_nested_branch_dag.py took 0.198 seconds
[2024-04-20T16:56:27.233+0000] {processor.py:161} INFO - Started process (PID=5972) to work on /home/airflow/.local/lib/python3.8/site-packages/airflow/example_dags/example_nested_branch_dag.py
[2024-04-20T16:56:27.234+0000] {processor.py:830} INFO - Processing file /home/airflow/.local/lib/python3.8/site-packages/airflow/example_dags/example_nested_branch_dag.py for tasks to queue
[2024-04-20T16:56:27.235+0000] {logging_mixin.py:188} INFO - [2024-04-20T16:56:27.234+0000] {dagbag.py:540} INFO - Filling up the DagBag from /home/airflow/.local/lib/python3.8/site-packages/airflow/example_dags/example_nested_branch_dag.py
[2024-04-20T16:56:27.243+0000] {processor.py:840} INFO - DAG(s) 'example_nested_branch_dag' retrieved from /home/airflow/.local/lib/python3.8/site-packages/airflow/example_dags/example_nested_branch_dag.py
[2024-04-20T16:56:27.261+0000] {logging_mixin.py:188} INFO - [2024-04-20T16:56:27.260+0000] {dag.py:3047} INFO - Sync 1 DAGs
[2024-04-20T16:56:27.278+0000] {logging_mixin.py:188} INFO - [2024-04-20T16:56:27.278+0000] {dag.py:3834} INFO - Setting next_dagrun for example_nested_branch_dag to 2024-04-19 00:00:00+00:00, run_after=2024-04-20 00:00:00+00:00
[2024-04-20T16:56:27.423+0000] {processor.py:183} INFO - Processing /home/airflow/.local/lib/python3.8/site-packages/airflow/example_dags/example_nested_branch_dag.py took 0.193 seconds
[2024-04-20T16:56:58.818+0000] {processor.py:161} INFO - Started process (PID=6229) to work on /home/airflow/.local/lib/python3.8/site-packages/airflow/example_dags/example_nested_branch_dag.py
[2024-04-20T16:56:58.819+0000] {processor.py:830} INFO - Processing file /home/airflow/.local/lib/python3.8/site-packages/airflow/example_dags/example_nested_branch_dag.py for tasks to queue
[2024-04-20T16:56:58.820+0000] {logging_mixin.py:188} INFO - [2024-04-20T16:56:58.820+0000] {dagbag.py:540} INFO - Filling up the DagBag from /home/airflow/.local/lib/python3.8/site-packages/airflow/example_dags/example_nested_branch_dag.py
[2024-04-20T16:56:58.829+0000] {processor.py:840} INFO - DAG(s) 'example_nested_branch_dag' retrieved from /home/airflow/.local/lib/python3.8/site-packages/airflow/example_dags/example_nested_branch_dag.py
[2024-04-20T16:56:58.847+0000] {logging_mixin.py:188} INFO - [2024-04-20T16:56:58.846+0000] {dag.py:3047} INFO - Sync 1 DAGs
[2024-04-20T16:56:58.864+0000] {logging_mixin.py:188} INFO - [2024-04-20T16:56:58.864+0000] {dag.py:3834} INFO - Setting next_dagrun for example_nested_branch_dag to 2024-04-19 00:00:00+00:00, run_after=2024-04-20 00:00:00+00:00
[2024-04-20T16:56:59.004+0000] {processor.py:183} INFO - Processing /home/airflow/.local/lib/python3.8/site-packages/airflow/example_dags/example_nested_branch_dag.py took 0.188 seconds
[2024-04-20T16:57:29.259+0000] {processor.py:161} INFO - Started process (PID=6487) to work on /home/airflow/.local/lib/python3.8/site-packages/airflow/example_dags/example_nested_branch_dag.py
[2024-04-20T16:57:29.260+0000] {processor.py:830} INFO - Processing file /home/airflow/.local/lib/python3.8/site-packages/airflow/example_dags/example_nested_branch_dag.py for tasks to queue
[2024-04-20T16:57:29.261+0000] {logging_mixin.py:188} INFO - [2024-04-20T16:57:29.261+0000] {dagbag.py:540} INFO - Filling up the DagBag from /home/airflow/.local/lib/python3.8/site-packages/airflow/example_dags/example_nested_branch_dag.py
[2024-04-20T16:57:29.273+0000] {processor.py:840} INFO - DAG(s) 'example_nested_branch_dag' retrieved from /home/airflow/.local/lib/python3.8/site-packages/airflow/example_dags/example_nested_branch_dag.py
[2024-04-20T16:57:29.298+0000] {logging_mixin.py:188} INFO - [2024-04-20T16:57:29.297+0000] {dag.py:3047} INFO - Sync 1 DAGs
[2024-04-20T16:57:29.323+0000] {logging_mixin.py:188} INFO - [2024-04-20T16:57:29.322+0000] {dag.py:3834} INFO - Setting next_dagrun for example_nested_branch_dag to 2024-04-19 00:00:00+00:00, run_after=2024-04-20 00:00:00+00:00
[2024-04-20T16:57:29.542+0000] {processor.py:183} INFO - Processing /home/airflow/.local/lib/python3.8/site-packages/airflow/example_dags/example_nested_branch_dag.py took 0.286 seconds
[2024-04-20T16:57:59.905+0000] {processor.py:161} INFO - Started process (PID=6744) to work on /home/airflow/.local/lib/python3.8/site-packages/airflow/example_dags/example_nested_branch_dag.py
[2024-04-20T16:57:59.906+0000] {processor.py:830} INFO - Processing file /home/airflow/.local/lib/python3.8/site-packages/airflow/example_dags/example_nested_branch_dag.py for tasks to queue
[2024-04-20T16:57:59.906+0000] {logging_mixin.py:188} INFO - [2024-04-20T16:57:59.906+0000] {dagbag.py:540} INFO - Filling up the DagBag from /home/airflow/.local/lib/python3.8/site-packages/airflow/example_dags/example_nested_branch_dag.py
[2024-04-20T16:57:59.914+0000] {processor.py:840} INFO - DAG(s) 'example_nested_branch_dag' retrieved from /home/airflow/.local/lib/python3.8/site-packages/airflow/example_dags/example_nested_branch_dag.py
[2024-04-20T16:57:59.932+0000] {logging_mixin.py:188} INFO - [2024-04-20T16:57:59.932+0000] {dag.py:3047} INFO - Sync 1 DAGs
[2024-04-20T16:57:59.950+0000] {logging_mixin.py:188} INFO - [2024-04-20T16:57:59.949+0000] {dag.py:3834} INFO - Setting next_dagrun for example_nested_branch_dag to 2024-04-19 00:00:00+00:00, run_after=2024-04-20 00:00:00+00:00
[2024-04-20T16:58:00.096+0000] {processor.py:183} INFO - Processing /home/airflow/.local/lib/python3.8/site-packages/airflow/example_dags/example_nested_branch_dag.py took 0.194 seconds
[2024-04-20T16:58:30.306+0000] {processor.py:161} INFO - Started process (PID=7003) to work on /home/airflow/.local/lib/python3.8/site-packages/airflow/example_dags/example_nested_branch_dag.py
[2024-04-20T16:58:30.307+0000] {processor.py:830} INFO - Processing file /home/airflow/.local/lib/python3.8/site-packages/airflow/example_dags/example_nested_branch_dag.py for tasks to queue
[2024-04-20T16:58:30.308+0000] {logging_mixin.py:188} INFO - [2024-04-20T16:58:30.308+0000] {dagbag.py:540} INFO - Filling up the DagBag from /home/airflow/.local/lib/python3.8/site-packages/airflow/example_dags/example_nested_branch_dag.py
[2024-04-20T16:58:30.316+0000] {processor.py:840} INFO - DAG(s) 'example_nested_branch_dag' retrieved from /home/airflow/.local/lib/python3.8/site-packages/airflow/example_dags/example_nested_branch_dag.py
[2024-04-20T16:58:30.334+0000] {logging_mixin.py:188} INFO - [2024-04-20T16:58:30.333+0000] {dag.py:3047} INFO - Sync 1 DAGs
[2024-04-20T16:58:30.351+0000] {logging_mixin.py:188} INFO - [2024-04-20T16:58:30.351+0000] {dag.py:3834} INFO - Setting next_dagrun for example_nested_branch_dag to 2024-04-19 00:00:00+00:00, run_after=2024-04-20 00:00:00+00:00
[2024-04-20T16:58:30.498+0000] {processor.py:183} INFO - Processing /home/airflow/.local/lib/python3.8/site-packages/airflow/example_dags/example_nested_branch_dag.py took 0.194 seconds
[2024-04-20T16:59:00.802+0000] {processor.py:161} INFO - Started process (PID=7260) to work on /home/airflow/.local/lib/python3.8/site-packages/airflow/example_dags/example_nested_branch_dag.py
[2024-04-20T16:59:00.802+0000] {processor.py:830} INFO - Processing file /home/airflow/.local/lib/python3.8/site-packages/airflow/example_dags/example_nested_branch_dag.py for tasks to queue
[2024-04-20T16:59:00.803+0000] {logging_mixin.py:188} INFO - [2024-04-20T16:59:00.803+0000] {dagbag.py:540} INFO - Filling up the DagBag from /home/airflow/.local/lib/python3.8/site-packages/airflow/example_dags/example_nested_branch_dag.py
[2024-04-20T16:59:00.811+0000] {processor.py:840} INFO - DAG(s) 'example_nested_branch_dag' retrieved from /home/airflow/.local/lib/python3.8/site-packages/airflow/example_dags/example_nested_branch_dag.py
[2024-04-20T16:59:00.829+0000] {logging_mixin.py:188} INFO - [2024-04-20T16:59:00.829+0000] {dag.py:3047} INFO - Sync 1 DAGs
[2024-04-20T16:59:00.847+0000] {logging_mixin.py:188} INFO - [2024-04-20T16:59:00.846+0000] {dag.py:3834} INFO - Setting next_dagrun for example_nested_branch_dag to 2024-04-19 00:00:00+00:00, run_after=2024-04-20 00:00:00+00:00
[2024-04-20T16:59:00.991+0000] {processor.py:183} INFO - Processing /home/airflow/.local/lib/python3.8/site-packages/airflow/example_dags/example_nested_branch_dag.py took 0.192 seconds
[2024-04-20T16:59:32.675+0000] {processor.py:161} INFO - Started process (PID=7517) to work on /home/airflow/.local/lib/python3.8/site-packages/airflow/example_dags/example_nested_branch_dag.py
[2024-04-20T16:59:32.676+0000] {processor.py:830} INFO - Processing file /home/airflow/.local/lib/python3.8/site-packages/airflow/example_dags/example_nested_branch_dag.py for tasks to queue
[2024-04-20T16:59:32.676+0000] {logging_mixin.py:188} INFO - [2024-04-20T16:59:32.676+0000] {dagbag.py:540} INFO - Filling up the DagBag from /home/airflow/.local/lib/python3.8/site-packages/airflow/example_dags/example_nested_branch_dag.py
[2024-04-20T16:59:32.684+0000] {processor.py:840} INFO - DAG(s) 'example_nested_branch_dag' retrieved from /home/airflow/.local/lib/python3.8/site-packages/airflow/example_dags/example_nested_branch_dag.py
[2024-04-20T16:59:32.703+0000] {logging_mixin.py:188} INFO - [2024-04-20T16:59:32.702+0000] {dag.py:3047} INFO - Sync 1 DAGs
[2024-04-20T16:59:32.721+0000] {logging_mixin.py:188} INFO - [2024-04-20T16:59:32.721+0000] {dag.py:3834} INFO - Setting next_dagrun for example_nested_branch_dag to 2024-04-19 00:00:00+00:00, run_after=2024-04-20 00:00:00+00:00
[2024-04-20T16:59:33.178+0000] {processor.py:183} INFO - Processing /home/airflow/.local/lib/python3.8/site-packages/airflow/example_dags/example_nested_branch_dag.py took 0.505 seconds
[2024-04-20T17:00:03.223+0000] {processor.py:161} INFO - Started process (PID=7776) to work on /home/airflow/.local/lib/python3.8/site-packages/airflow/example_dags/example_nested_branch_dag.py
[2024-04-20T17:00:03.224+0000] {processor.py:830} INFO - Processing file /home/airflow/.local/lib/python3.8/site-packages/airflow/example_dags/example_nested_branch_dag.py for tasks to queue
[2024-04-20T17:00:03.224+0000] {logging_mixin.py:188} INFO - [2024-04-20T17:00:03.224+0000] {dagbag.py:540} INFO - Filling up the DagBag from /home/airflow/.local/lib/python3.8/site-packages/airflow/example_dags/example_nested_branch_dag.py
[2024-04-20T17:00:03.233+0000] {processor.py:840} INFO - DAG(s) 'example_nested_branch_dag' retrieved from /home/airflow/.local/lib/python3.8/site-packages/airflow/example_dags/example_nested_branch_dag.py
[2024-04-20T17:00:03.250+0000] {logging_mixin.py:188} INFO - [2024-04-20T17:00:03.250+0000] {dag.py:3047} INFO - Sync 1 DAGs
[2024-04-20T17:00:03.268+0000] {logging_mixin.py:188} INFO - [2024-04-20T17:00:03.268+0000] {dag.py:3834} INFO - Setting next_dagrun for example_nested_branch_dag to 2024-04-19 00:00:00+00:00, run_after=2024-04-20 00:00:00+00:00
[2024-04-20T17:00:03.640+0000] {processor.py:183} INFO - Processing /home/airflow/.local/lib/python3.8/site-packages/airflow/example_dags/example_nested_branch_dag.py took 0.419 seconds
[2024-04-20T17:00:33.667+0000] {processor.py:161} INFO - Started process (PID=8033) to work on /home/airflow/.local/lib/python3.8/site-packages/airflow/example_dags/example_nested_branch_dag.py
[2024-04-20T17:00:33.668+0000] {processor.py:830} INFO - Processing file /home/airflow/.local/lib/python3.8/site-packages/airflow/example_dags/example_nested_branch_dag.py for tasks to queue
[2024-04-20T17:00:33.669+0000] {logging_mixin.py:188} INFO - [2024-04-20T17:00:33.669+0000] {dagbag.py:540} INFO - Filling up the DagBag from /home/airflow/.local/lib/python3.8/site-packages/airflow/example_dags/example_nested_branch_dag.py
[2024-04-20T17:00:33.677+0000] {processor.py:840} INFO - DAG(s) 'example_nested_branch_dag' retrieved from /home/airflow/.local/lib/python3.8/site-packages/airflow/example_dags/example_nested_branch_dag.py
[2024-04-20T17:00:33.695+0000] {logging_mixin.py:188} INFO - [2024-04-20T17:00:33.695+0000] {dag.py:3047} INFO - Sync 1 DAGs
[2024-04-20T17:00:33.714+0000] {logging_mixin.py:188} INFO - [2024-04-20T17:00:33.714+0000] {dag.py:3834} INFO - Setting next_dagrun for example_nested_branch_dag to 2024-04-19 00:00:00+00:00, run_after=2024-04-20 00:00:00+00:00
[2024-04-20T17:00:33.858+0000] {processor.py:183} INFO - Processing /home/airflow/.local/lib/python3.8/site-packages/airflow/example_dags/example_nested_branch_dag.py took 0.193 seconds
[2024-04-20T17:01:04.041+0000] {processor.py:161} INFO - Started process (PID=8289) to work on /home/airflow/.local/lib/python3.8/site-packages/airflow/example_dags/example_nested_branch_dag.py
[2024-04-20T17:01:04.042+0000] {processor.py:830} INFO - Processing file /home/airflow/.local/lib/python3.8/site-packages/airflow/example_dags/example_nested_branch_dag.py for tasks to queue
[2024-04-20T17:01:04.042+0000] {logging_mixin.py:188} INFO - [2024-04-20T17:01:04.042+0000] {dagbag.py:540} INFO - Filling up the DagBag from /home/airflow/.local/lib/python3.8/site-packages/airflow/example_dags/example_nested_branch_dag.py
[2024-04-20T17:01:04.050+0000] {processor.py:840} INFO - DAG(s) 'example_nested_branch_dag' retrieved from /home/airflow/.local/lib/python3.8/site-packages/airflow/example_dags/example_nested_branch_dag.py
[2024-04-20T17:01:04.068+0000] {logging_mixin.py:188} INFO - [2024-04-20T17:01:04.068+0000] {dag.py:3047} INFO - Sync 1 DAGs
[2024-04-20T17:01:04.094+0000] {logging_mixin.py:188} INFO - [2024-04-20T17:01:04.094+0000] {dag.py:3834} INFO - Setting next_dagrun for example_nested_branch_dag to 2024-04-19 00:00:00+00:00, run_after=2024-04-20 00:00:00+00:00
[2024-04-20T17:01:04.232+0000] {processor.py:183} INFO - Processing /home/airflow/.local/lib/python3.8/site-packages/airflow/example_dags/example_nested_branch_dag.py took 0.193 seconds
[2024-04-20T17:01:34.685+0000] {processor.py:161} INFO - Started process (PID=8547) to work on /home/airflow/.local/lib/python3.8/site-packages/airflow/example_dags/example_nested_branch_dag.py
[2024-04-20T17:01:34.686+0000] {processor.py:830} INFO - Processing file /home/airflow/.local/lib/python3.8/site-packages/airflow/example_dags/example_nested_branch_dag.py for tasks to queue
[2024-04-20T17:01:34.686+0000] {logging_mixin.py:188} INFO - [2024-04-20T17:01:34.686+0000] {dagbag.py:540} INFO - Filling up the DagBag from /home/airflow/.local/lib/python3.8/site-packages/airflow/example_dags/example_nested_branch_dag.py
[2024-04-20T17:01:34.694+0000] {processor.py:840} INFO - DAG(s) 'example_nested_branch_dag' retrieved from /home/airflow/.local/lib/python3.8/site-packages/airflow/example_dags/example_nested_branch_dag.py
[2024-04-20T17:01:34.712+0000] {logging_mixin.py:188} INFO - [2024-04-20T17:01:34.712+0000] {dag.py:3047} INFO - Sync 1 DAGs
[2024-04-20T17:01:34.730+0000] {logging_mixin.py:188} INFO - [2024-04-20T17:01:34.729+0000] {dag.py:3834} INFO - Setting next_dagrun for example_nested_branch_dag to 2024-04-19 00:00:00+00:00, run_after=2024-04-20 00:00:00+00:00
[2024-04-20T17:01:34.879+0000] {processor.py:183} INFO - Processing /home/airflow/.local/lib/python3.8/site-packages/airflow/example_dags/example_nested_branch_dag.py took 0.196 seconds
[2024-04-20T17:02:05.101+0000] {processor.py:161} INFO - Started process (PID=8804) to work on /home/airflow/.local/lib/python3.8/site-packages/airflow/example_dags/example_nested_branch_dag.py
[2024-04-20T17:02:05.102+0000] {processor.py:830} INFO - Processing file /home/airflow/.local/lib/python3.8/site-packages/airflow/example_dags/example_nested_branch_dag.py for tasks to queue
[2024-04-20T17:02:05.103+0000] {logging_mixin.py:188} INFO - [2024-04-20T17:02:05.103+0000] {dagbag.py:540} INFO - Filling up the DagBag from /home/airflow/.local/lib/python3.8/site-packages/airflow/example_dags/example_nested_branch_dag.py
[2024-04-20T17:02:05.111+0000] {processor.py:840} INFO - DAG(s) 'example_nested_branch_dag' retrieved from /home/airflow/.local/lib/python3.8/site-packages/airflow/example_dags/example_nested_branch_dag.py
[2024-04-20T17:02:05.129+0000] {logging_mixin.py:188} INFO - [2024-04-20T17:02:05.129+0000] {dag.py:3047} INFO - Sync 1 DAGs
[2024-04-20T17:02:05.147+0000] {logging_mixin.py:188} INFO - [2024-04-20T17:02:05.147+0000] {dag.py:3834} INFO - Setting next_dagrun for example_nested_branch_dag to 2024-04-19 00:00:00+00:00, run_after=2024-04-20 00:00:00+00:00
[2024-04-20T17:02:05.284+0000] {processor.py:183} INFO - Processing /home/airflow/.local/lib/python3.8/site-packages/airflow/example_dags/example_nested_branch_dag.py took 0.185 seconds
[2024-04-20T17:02:35.508+0000] {processor.py:161} INFO - Started process (PID=9062) to work on /home/airflow/.local/lib/python3.8/site-packages/airflow/example_dags/example_nested_branch_dag.py
[2024-04-20T17:02:35.508+0000] {processor.py:830} INFO - Processing file /home/airflow/.local/lib/python3.8/site-packages/airflow/example_dags/example_nested_branch_dag.py for tasks to queue
[2024-04-20T17:02:35.509+0000] {logging_mixin.py:188} INFO - [2024-04-20T17:02:35.509+0000] {dagbag.py:540} INFO - Filling up the DagBag from /home/airflow/.local/lib/python3.8/site-packages/airflow/example_dags/example_nested_branch_dag.py
[2024-04-20T17:02:35.519+0000] {processor.py:840} INFO - DAG(s) 'example_nested_branch_dag' retrieved from /home/airflow/.local/lib/python3.8/site-packages/airflow/example_dags/example_nested_branch_dag.py
[2024-04-20T17:02:35.536+0000] {logging_mixin.py:188} INFO - [2024-04-20T17:02:35.536+0000] {dag.py:3047} INFO - Sync 1 DAGs
[2024-04-20T17:02:35.554+0000] {logging_mixin.py:188} INFO - [2024-04-20T17:02:35.554+0000] {dag.py:3834} INFO - Setting next_dagrun for example_nested_branch_dag to 2024-04-19 00:00:00+00:00, run_after=2024-04-20 00:00:00+00:00
[2024-04-20T17:02:35.699+0000] {processor.py:183} INFO - Processing /home/airflow/.local/lib/python3.8/site-packages/airflow/example_dags/example_nested_branch_dag.py took 0.194 seconds
[2024-04-20T17:03:06.376+0000] {processor.py:161} INFO - Started process (PID=9320) to work on /home/airflow/.local/lib/python3.8/site-packages/airflow/example_dags/example_nested_branch_dag.py
[2024-04-20T17:03:06.377+0000] {processor.py:830} INFO - Processing file /home/airflow/.local/lib/python3.8/site-packages/airflow/example_dags/example_nested_branch_dag.py for tasks to queue
[2024-04-20T17:03:06.378+0000] {logging_mixin.py:188} INFO - [2024-04-20T17:03:06.378+0000] {dagbag.py:540} INFO - Filling up the DagBag from /home/airflow/.local/lib/python3.8/site-packages/airflow/example_dags/example_nested_branch_dag.py
[2024-04-20T17:03:06.386+0000] {processor.py:840} INFO - DAG(s) 'example_nested_branch_dag' retrieved from /home/airflow/.local/lib/python3.8/site-packages/airflow/example_dags/example_nested_branch_dag.py
[2024-04-20T17:03:06.404+0000] {logging_mixin.py:188} INFO - [2024-04-20T17:03:06.404+0000] {dag.py:3047} INFO - Sync 1 DAGs
[2024-04-20T17:03:06.422+0000] {logging_mixin.py:188} INFO - [2024-04-20T17:03:06.422+0000] {dag.py:3834} INFO - Setting next_dagrun for example_nested_branch_dag to 2024-04-19 00:00:00+00:00, run_after=2024-04-20 00:00:00+00:00
[2024-04-20T17:03:06.566+0000] {processor.py:183} INFO - Processing /home/airflow/.local/lib/python3.8/site-packages/airflow/example_dags/example_nested_branch_dag.py took 0.193 seconds
[2024-04-20T17:03:36.774+0000] {processor.py:161} INFO - Started process (PID=9577) to work on /home/airflow/.local/lib/python3.8/site-packages/airflow/example_dags/example_nested_branch_dag.py
[2024-04-20T17:03:36.775+0000] {processor.py:830} INFO - Processing file /home/airflow/.local/lib/python3.8/site-packages/airflow/example_dags/example_nested_branch_dag.py for tasks to queue
[2024-04-20T17:03:36.775+0000] {logging_mixin.py:188} INFO - [2024-04-20T17:03:36.775+0000] {dagbag.py:540} INFO - Filling up the DagBag from /home/airflow/.local/lib/python3.8/site-packages/airflow/example_dags/example_nested_branch_dag.py
[2024-04-20T17:03:36.783+0000] {processor.py:840} INFO - DAG(s) 'example_nested_branch_dag' retrieved from /home/airflow/.local/lib/python3.8/site-packages/airflow/example_dags/example_nested_branch_dag.py
[2024-04-20T17:03:36.801+0000] {logging_mixin.py:188} INFO - [2024-04-20T17:03:36.801+0000] {dag.py:3047} INFO - Sync 1 DAGs
[2024-04-20T17:03:36.819+0000] {logging_mixin.py:188} INFO - [2024-04-20T17:03:36.818+0000] {dag.py:3834} INFO - Setting next_dagrun for example_nested_branch_dag to 2024-04-19 00:00:00+00:00, run_after=2024-04-20 00:00:00+00:00
[2024-04-20T17:03:36.964+0000] {processor.py:183} INFO - Processing /home/airflow/.local/lib/python3.8/site-packages/airflow/example_dags/example_nested_branch_dag.py took 0.192 seconds
[2024-04-20T17:04:07.939+0000] {processor.py:161} INFO - Started process (PID=9836) to work on /home/airflow/.local/lib/python3.8/site-packages/airflow/example_dags/example_nested_branch_dag.py
[2024-04-20T17:04:07.940+0000] {processor.py:830} INFO - Processing file /home/airflow/.local/lib/python3.8/site-packages/airflow/example_dags/example_nested_branch_dag.py for tasks to queue
[2024-04-20T17:04:07.941+0000] {logging_mixin.py:188} INFO - [2024-04-20T17:04:07.940+0000] {dagbag.py:540} INFO - Filling up the DagBag from /home/airflow/.local/lib/python3.8/site-packages/airflow/example_dags/example_nested_branch_dag.py
[2024-04-20T17:04:07.953+0000] {processor.py:840} INFO - DAG(s) 'example_nested_branch_dag' retrieved from /home/airflow/.local/lib/python3.8/site-packages/airflow/example_dags/example_nested_branch_dag.py
[2024-04-20T17:04:07.979+0000] {logging_mixin.py:188} INFO - [2024-04-20T17:04:07.979+0000] {dag.py:3047} INFO - Sync 1 DAGs
[2024-04-20T17:04:08.006+0000] {logging_mixin.py:188} INFO - [2024-04-20T17:04:08.006+0000] {dag.py:3834} INFO - Setting next_dagrun for example_nested_branch_dag to 2024-04-19 00:00:00+00:00, run_after=2024-04-20 00:00:00+00:00
[2024-04-20T17:04:08.167+0000] {processor.py:183} INFO - Processing /home/airflow/.local/lib/python3.8/site-packages/airflow/example_dags/example_nested_branch_dag.py took 0.231 seconds
[2024-04-20T17:04:38.313+0000] {processor.py:161} INFO - Started process (PID=10091) to work on /home/airflow/.local/lib/python3.8/site-packages/airflow/example_dags/example_nested_branch_dag.py
[2024-04-20T17:04:38.314+0000] {processor.py:830} INFO - Processing file /home/airflow/.local/lib/python3.8/site-packages/airflow/example_dags/example_nested_branch_dag.py for tasks to queue
[2024-04-20T17:04:38.314+0000] {logging_mixin.py:188} INFO - [2024-04-20T17:04:38.314+0000] {dagbag.py:540} INFO - Filling up the DagBag from /home/airflow/.local/lib/python3.8/site-packages/airflow/example_dags/example_nested_branch_dag.py
[2024-04-20T17:04:38.322+0000] {processor.py:840} INFO - DAG(s) 'example_nested_branch_dag' retrieved from /home/airflow/.local/lib/python3.8/site-packages/airflow/example_dags/example_nested_branch_dag.py
[2024-04-20T17:04:38.340+0000] {logging_mixin.py:188} INFO - [2024-04-20T17:04:38.340+0000] {dag.py:3047} INFO - Sync 1 DAGs
[2024-04-20T17:04:38.358+0000] {logging_mixin.py:188} INFO - [2024-04-20T17:04:38.358+0000] {dag.py:3834} INFO - Setting next_dagrun for example_nested_branch_dag to 2024-04-19 00:00:00+00:00, run_after=2024-04-20 00:00:00+00:00
[2024-04-20T17:04:38.519+0000] {processor.py:183} INFO - Processing /home/airflow/.local/lib/python3.8/site-packages/airflow/example_dags/example_nested_branch_dag.py took 0.209 seconds
[2024-04-20T17:05:09.316+0000] {processor.py:161} INFO - Started process (PID=10348) to work on /home/airflow/.local/lib/python3.8/site-packages/airflow/example_dags/example_nested_branch_dag.py
[2024-04-20T17:05:09.317+0000] {processor.py:830} INFO - Processing file /home/airflow/.local/lib/python3.8/site-packages/airflow/example_dags/example_nested_branch_dag.py for tasks to queue
[2024-04-20T17:05:09.317+0000] {logging_mixin.py:188} INFO - [2024-04-20T17:05:09.317+0000] {dagbag.py:540} INFO - Filling up the DagBag from /home/airflow/.local/lib/python3.8/site-packages/airflow/example_dags/example_nested_branch_dag.py
[2024-04-20T17:05:09.325+0000] {processor.py:840} INFO - DAG(s) 'example_nested_branch_dag' retrieved from /home/airflow/.local/lib/python3.8/site-packages/airflow/example_dags/example_nested_branch_dag.py
[2024-04-20T17:05:09.343+0000] {logging_mixin.py:188} INFO - [2024-04-20T17:05:09.343+0000] {dag.py:3047} INFO - Sync 1 DAGs
[2024-04-20T17:05:09.361+0000] {logging_mixin.py:188} INFO - [2024-04-20T17:05:09.361+0000] {dag.py:3834} INFO - Setting next_dagrun for example_nested_branch_dag to 2024-04-19 00:00:00+00:00, run_after=2024-04-20 00:00:00+00:00
[2024-04-20T17:05:09.623+0000] {processor.py:183} INFO - Processing /home/airflow/.local/lib/python3.8/site-packages/airflow/example_dags/example_nested_branch_dag.py took 0.310 seconds
[2024-04-20T17:05:39.926+0000] {processor.py:161} INFO - Started process (PID=10605) to work on /home/airflow/.local/lib/python3.8/site-packages/airflow/example_dags/example_nested_branch_dag.py
[2024-04-20T17:05:39.928+0000] {processor.py:830} INFO - Processing file /home/airflow/.local/lib/python3.8/site-packages/airflow/example_dags/example_nested_branch_dag.py for tasks to queue
[2024-04-20T17:05:39.929+0000] {logging_mixin.py:188} INFO - [2024-04-20T17:05:39.929+0000] {dagbag.py:540} INFO - Filling up the DagBag from /home/airflow/.local/lib/python3.8/site-packages/airflow/example_dags/example_nested_branch_dag.py
[2024-04-20T17:05:39.942+0000] {processor.py:840} INFO - DAG(s) 'example_nested_branch_dag' retrieved from /home/airflow/.local/lib/python3.8/site-packages/airflow/example_dags/example_nested_branch_dag.py
[2024-04-20T17:05:39.969+0000] {logging_mixin.py:188} INFO - [2024-04-20T17:05:39.969+0000] {dag.py:3047} INFO - Sync 1 DAGs
[2024-04-20T17:05:39.996+0000] {logging_mixin.py:188} INFO - [2024-04-20T17:05:39.996+0000] {dag.py:3834} INFO - Setting next_dagrun for example_nested_branch_dag to 2024-04-19 00:00:00+00:00, run_after=2024-04-20 00:00:00+00:00
[2024-04-20T17:05:40.266+0000] {processor.py:183} INFO - Processing /home/airflow/.local/lib/python3.8/site-packages/airflow/example_dags/example_nested_branch_dag.py took 0.343 seconds
[2024-04-20T17:06:10.629+0000] {processor.py:161} INFO - Started process (PID=10864) to work on /home/airflow/.local/lib/python3.8/site-packages/airflow/example_dags/example_nested_branch_dag.py
[2024-04-20T17:06:10.629+0000] {processor.py:830} INFO - Processing file /home/airflow/.local/lib/python3.8/site-packages/airflow/example_dags/example_nested_branch_dag.py for tasks to queue
[2024-04-20T17:06:10.630+0000] {logging_mixin.py:188} INFO - [2024-04-20T17:06:10.630+0000] {dagbag.py:540} INFO - Filling up the DagBag from /home/airflow/.local/lib/python3.8/site-packages/airflow/example_dags/example_nested_branch_dag.py
[2024-04-20T17:06:10.638+0000] {processor.py:840} INFO - DAG(s) 'example_nested_branch_dag' retrieved from /home/airflow/.local/lib/python3.8/site-packages/airflow/example_dags/example_nested_branch_dag.py
[2024-04-20T17:06:10.657+0000] {logging_mixin.py:188} INFO - [2024-04-20T17:06:10.656+0000] {dag.py:3047} INFO - Sync 1 DAGs
[2024-04-20T17:06:10.675+0000] {logging_mixin.py:188} INFO - [2024-04-20T17:06:10.674+0000] {dag.py:3834} INFO - Setting next_dagrun for example_nested_branch_dag to 2024-04-19 00:00:00+00:00, run_after=2024-04-20 00:00:00+00:00
[2024-04-20T17:06:10.972+0000] {processor.py:183} INFO - Processing /home/airflow/.local/lib/python3.8/site-packages/airflow/example_dags/example_nested_branch_dag.py took 0.346 seconds
