[2024-04-20T16:45:09.684+0000] {processor.py:161} INFO - Started process (PID=285) to work on /home/airflow/.local/lib/python3.8/site-packages/airflow/example_dags/example_setup_teardown.py
[2024-04-20T16:45:09.685+0000] {processor.py:830} INFO - Processing file /home/airflow/.local/lib/python3.8/site-packages/airflow/example_dags/example_setup_teardown.py for tasks to queue
[2024-04-20T16:45:09.686+0000] {logging_mixin.py:188} INFO - [2024-04-20T16:45:09.686+0000] {dagbag.py:540} INFO - Filling up the DagBag from /home/airflow/.local/lib/python3.8/site-packages/airflow/example_dags/example_setup_teardown.py
[2024-04-20T16:45:09.701+0000] {processor.py:840} INFO - DAG(s) 'example_setup_teardown' retrieved from /home/airflow/.local/lib/python3.8/site-packages/airflow/example_dags/example_setup_teardown.py
[2024-04-20T16:45:09.738+0000] {logging_mixin.py:188} INFO - [2024-04-20T16:45:09.738+0000] {dag.py:3047} INFO - Sync 1 DAGs
[2024-04-20T16:45:09.775+0000] {logging_mixin.py:188} INFO - [2024-04-20T16:45:09.775+0000] {dag.py:3834} INFO - Setting next_dagrun for example_setup_teardown to 2024-04-19 00:00:00+00:00, run_after=2024-04-20 00:00:00+00:00
[2024-04-20T16:45:10.261+0000] {processor.py:183} INFO - Processing /home/airflow/.local/lib/python3.8/site-packages/airflow/example_dags/example_setup_teardown.py took 0.582 seconds
[2024-04-20T16:45:42.903+0000] {processor.py:161} INFO - Started process (PID=542) to work on /home/airflow/.local/lib/python3.8/site-packages/airflow/example_dags/example_setup_teardown.py
[2024-04-20T16:45:42.903+0000] {processor.py:830} INFO - Processing file /home/airflow/.local/lib/python3.8/site-packages/airflow/example_dags/example_setup_teardown.py for tasks to queue
[2024-04-20T16:45:42.904+0000] {logging_mixin.py:188} INFO - [2024-04-20T16:45:42.904+0000] {dagbag.py:540} INFO - Filling up the DagBag from /home/airflow/.local/lib/python3.8/site-packages/airflow/example_dags/example_setup_teardown.py
[2024-04-20T16:45:42.910+0000] {processor.py:840} INFO - DAG(s) 'example_setup_teardown' retrieved from /home/airflow/.local/lib/python3.8/site-packages/airflow/example_dags/example_setup_teardown.py
[2024-04-20T16:45:42.927+0000] {logging_mixin.py:188} INFO - [2024-04-20T16:45:42.926+0000] {dag.py:3047} INFO - Sync 1 DAGs
[2024-04-20T16:45:42.948+0000] {logging_mixin.py:188} INFO - [2024-04-20T16:45:42.948+0000] {dag.py:3834} INFO - Setting next_dagrun for example_setup_teardown to 2024-04-19 00:00:00+00:00, run_after=2024-04-20 00:00:00+00:00
[2024-04-20T16:45:43.153+0000] {processor.py:183} INFO - Processing /home/airflow/.local/lib/python3.8/site-packages/airflow/example_dags/example_setup_teardown.py took 0.253 seconds
[2024-04-20T16:46:13.458+0000] {processor.py:161} INFO - Started process (PID=793) to work on /home/airflow/.local/lib/python3.8/site-packages/airflow/example_dags/example_setup_teardown.py
[2024-04-20T16:46:13.459+0000] {processor.py:830} INFO - Processing file /home/airflow/.local/lib/python3.8/site-packages/airflow/example_dags/example_setup_teardown.py for tasks to queue
[2024-04-20T16:46:13.460+0000] {logging_mixin.py:188} INFO - [2024-04-20T16:46:13.460+0000] {dagbag.py:540} INFO - Filling up the DagBag from /home/airflow/.local/lib/python3.8/site-packages/airflow/example_dags/example_setup_teardown.py
[2024-04-20T16:46:13.469+0000] {processor.py:840} INFO - DAG(s) 'example_setup_teardown' retrieved from /home/airflow/.local/lib/python3.8/site-packages/airflow/example_dags/example_setup_teardown.py
[2024-04-20T16:46:13.491+0000] {logging_mixin.py:188} INFO - [2024-04-20T16:46:13.491+0000] {dag.py:3047} INFO - Sync 1 DAGs
[2024-04-20T16:46:13.516+0000] {logging_mixin.py:188} INFO - [2024-04-20T16:46:13.516+0000] {dag.py:3834} INFO - Setting next_dagrun for example_setup_teardown to 2024-04-19 00:00:00+00:00, run_after=2024-04-20 00:00:00+00:00
[2024-04-20T16:46:13.727+0000] {processor.py:183} INFO - Processing /home/airflow/.local/lib/python3.8/site-packages/airflow/example_dags/example_setup_teardown.py took 0.272 seconds
[2024-04-20T16:46:44.075+0000] {processor.py:161} INFO - Started process (PID=1048) to work on /home/airflow/.local/lib/python3.8/site-packages/airflow/example_dags/example_setup_teardown.py
[2024-04-20T16:46:44.081+0000] {processor.py:830} INFO - Processing file /home/airflow/.local/lib/python3.8/site-packages/airflow/example_dags/example_setup_teardown.py for tasks to queue
[2024-04-20T16:46:44.083+0000] {logging_mixin.py:188} INFO - [2024-04-20T16:46:44.083+0000] {dagbag.py:540} INFO - Filling up the DagBag from /home/airflow/.local/lib/python3.8/site-packages/airflow/example_dags/example_setup_teardown.py
[2024-04-20T16:46:44.123+0000] {processor.py:840} INFO - DAG(s) 'example_setup_teardown' retrieved from /home/airflow/.local/lib/python3.8/site-packages/airflow/example_dags/example_setup_teardown.py
[2024-04-20T16:46:44.172+0000] {logging_mixin.py:188} INFO - [2024-04-20T16:46:44.171+0000] {dag.py:3047} INFO - Sync 1 DAGs
[2024-04-20T16:46:44.232+0000] {logging_mixin.py:188} INFO - [2024-04-20T16:46:44.232+0000] {dag.py:3834} INFO - Setting next_dagrun for example_setup_teardown to 2024-04-19 00:00:00+00:00, run_after=2024-04-20 00:00:00+00:00
[2024-04-20T16:46:44.373+0000] {processor.py:183} INFO - Processing /home/airflow/.local/lib/python3.8/site-packages/airflow/example_dags/example_setup_teardown.py took 0.302 seconds
[2024-04-20T16:47:14.701+0000] {processor.py:161} INFO - Started process (PID=1305) to work on /home/airflow/.local/lib/python3.8/site-packages/airflow/example_dags/example_setup_teardown.py
[2024-04-20T16:47:14.702+0000] {processor.py:830} INFO - Processing file /home/airflow/.local/lib/python3.8/site-packages/airflow/example_dags/example_setup_teardown.py for tasks to queue
[2024-04-20T16:47:14.703+0000] {logging_mixin.py:188} INFO - [2024-04-20T16:47:14.703+0000] {dagbag.py:540} INFO - Filling up the DagBag from /home/airflow/.local/lib/python3.8/site-packages/airflow/example_dags/example_setup_teardown.py
[2024-04-20T16:47:14.716+0000] {processor.py:840} INFO - DAG(s) 'example_setup_teardown' retrieved from /home/airflow/.local/lib/python3.8/site-packages/airflow/example_dags/example_setup_teardown.py
[2024-04-20T16:47:14.760+0000] {logging_mixin.py:188} INFO - [2024-04-20T16:47:14.759+0000] {dag.py:3047} INFO - Sync 1 DAGs
[2024-04-20T16:47:14.812+0000] {logging_mixin.py:188} INFO - [2024-04-20T16:47:14.812+0000] {dag.py:3834} INFO - Setting next_dagrun for example_setup_teardown to 2024-04-19 00:00:00+00:00, run_after=2024-04-20 00:00:00+00:00
[2024-04-20T16:47:14.967+0000] {processor.py:183} INFO - Processing /home/airflow/.local/lib/python3.8/site-packages/airflow/example_dags/example_setup_teardown.py took 0.270 seconds
[2024-04-20T16:47:45.151+0000] {processor.py:161} INFO - Started process (PID=1559) to work on /home/airflow/.local/lib/python3.8/site-packages/airflow/example_dags/example_setup_teardown.py
[2024-04-20T16:47:45.153+0000] {processor.py:830} INFO - Processing file /home/airflow/.local/lib/python3.8/site-packages/airflow/example_dags/example_setup_teardown.py for tasks to queue
[2024-04-20T16:47:45.155+0000] {logging_mixin.py:188} INFO - [2024-04-20T16:47:45.154+0000] {dagbag.py:540} INFO - Filling up the DagBag from /home/airflow/.local/lib/python3.8/site-packages/airflow/example_dags/example_setup_teardown.py
[2024-04-20T16:47:45.163+0000] {processor.py:840} INFO - DAG(s) 'example_setup_teardown' retrieved from /home/airflow/.local/lib/python3.8/site-packages/airflow/example_dags/example_setup_teardown.py
[2024-04-20T16:47:45.196+0000] {logging_mixin.py:188} INFO - [2024-04-20T16:47:45.195+0000] {dag.py:3047} INFO - Sync 1 DAGs
[2024-04-20T16:47:45.225+0000] {logging_mixin.py:188} INFO - [2024-04-20T16:47:45.225+0000] {dag.py:3834} INFO - Setting next_dagrun for example_setup_teardown to 2024-04-19 00:00:00+00:00, run_after=2024-04-20 00:00:00+00:00
[2024-04-20T16:47:45.794+0000] {processor.py:183} INFO - Processing /home/airflow/.local/lib/python3.8/site-packages/airflow/example_dags/example_setup_teardown.py took 0.646 seconds
[2024-04-20T16:48:15.906+0000] {processor.py:161} INFO - Started process (PID=1818) to work on /home/airflow/.local/lib/python3.8/site-packages/airflow/example_dags/example_setup_teardown.py
[2024-04-20T16:48:15.907+0000] {processor.py:830} INFO - Processing file /home/airflow/.local/lib/python3.8/site-packages/airflow/example_dags/example_setup_teardown.py for tasks to queue
[2024-04-20T16:48:15.908+0000] {logging_mixin.py:188} INFO - [2024-04-20T16:48:15.907+0000] {dagbag.py:540} INFO - Filling up the DagBag from /home/airflow/.local/lib/python3.8/site-packages/airflow/example_dags/example_setup_teardown.py
[2024-04-20T16:48:15.913+0000] {processor.py:840} INFO - DAG(s) 'example_setup_teardown' retrieved from /home/airflow/.local/lib/python3.8/site-packages/airflow/example_dags/example_setup_teardown.py
[2024-04-20T16:48:15.929+0000] {logging_mixin.py:188} INFO - [2024-04-20T16:48:15.929+0000] {dag.py:3047} INFO - Sync 1 DAGs
[2024-04-20T16:48:15.946+0000] {logging_mixin.py:188} INFO - [2024-04-20T16:48:15.946+0000] {dag.py:3834} INFO - Setting next_dagrun for example_setup_teardown to 2024-04-19 00:00:00+00:00, run_after=2024-04-20 00:00:00+00:00
[2024-04-20T16:48:16.068+0000] {processor.py:183} INFO - Processing /home/airflow/.local/lib/python3.8/site-packages/airflow/example_dags/example_setup_teardown.py took 0.164 seconds
[2024-04-20T16:48:46.333+0000] {processor.py:161} INFO - Started process (PID=2073) to work on /home/airflow/.local/lib/python3.8/site-packages/airflow/example_dags/example_setup_teardown.py
[2024-04-20T16:48:46.334+0000] {processor.py:830} INFO - Processing file /home/airflow/.local/lib/python3.8/site-packages/airflow/example_dags/example_setup_teardown.py for tasks to queue
[2024-04-20T16:48:46.335+0000] {logging_mixin.py:188} INFO - [2024-04-20T16:48:46.335+0000] {dagbag.py:540} INFO - Filling up the DagBag from /home/airflow/.local/lib/python3.8/site-packages/airflow/example_dags/example_setup_teardown.py
[2024-04-20T16:48:46.345+0000] {processor.py:840} INFO - DAG(s) 'example_setup_teardown' retrieved from /home/airflow/.local/lib/python3.8/site-packages/airflow/example_dags/example_setup_teardown.py
[2024-04-20T16:48:46.368+0000] {logging_mixin.py:188} INFO - [2024-04-20T16:48:46.368+0000] {dag.py:3047} INFO - Sync 1 DAGs
[2024-04-20T16:48:46.394+0000] {logging_mixin.py:188} INFO - [2024-04-20T16:48:46.394+0000] {dag.py:3834} INFO - Setting next_dagrun for example_setup_teardown to 2024-04-19 00:00:00+00:00, run_after=2024-04-20 00:00:00+00:00
[2024-04-20T16:48:46.608+0000] {processor.py:183} INFO - Processing /home/airflow/.local/lib/python3.8/site-packages/airflow/example_dags/example_setup_teardown.py took 0.279 seconds
[2024-04-20T16:49:16.954+0000] {processor.py:161} INFO - Started process (PID=2335) to work on /home/airflow/.local/lib/python3.8/site-packages/airflow/example_dags/example_setup_teardown.py
[2024-04-20T16:49:16.956+0000] {processor.py:830} INFO - Processing file /home/airflow/.local/lib/python3.8/site-packages/airflow/example_dags/example_setup_teardown.py for tasks to queue
[2024-04-20T16:49:16.957+0000] {logging_mixin.py:188} INFO - [2024-04-20T16:49:16.956+0000] {dagbag.py:540} INFO - Filling up the DagBag from /home/airflow/.local/lib/python3.8/site-packages/airflow/example_dags/example_setup_teardown.py
[2024-04-20T16:49:16.965+0000] {processor.py:840} INFO - DAG(s) 'example_setup_teardown' retrieved from /home/airflow/.local/lib/python3.8/site-packages/airflow/example_dags/example_setup_teardown.py
[2024-04-20T16:49:16.988+0000] {logging_mixin.py:188} INFO - [2024-04-20T16:49:16.987+0000] {dag.py:3047} INFO - Sync 1 DAGs
[2024-04-20T16:49:17.013+0000] {logging_mixin.py:188} INFO - [2024-04-20T16:49:17.013+0000] {dag.py:3834} INFO - Setting next_dagrun for example_setup_teardown to 2024-04-19 00:00:00+00:00, run_after=2024-04-20 00:00:00+00:00
[2024-04-20T16:49:17.136+0000] {processor.py:183} INFO - Processing /home/airflow/.local/lib/python3.8/site-packages/airflow/example_dags/example_setup_teardown.py took 0.185 seconds
[2024-04-20T16:49:47.179+0000] {processor.py:161} INFO - Started process (PID=2590) to work on /home/airflow/.local/lib/python3.8/site-packages/airflow/example_dags/example_setup_teardown.py
[2024-04-20T16:49:47.180+0000] {processor.py:830} INFO - Processing file /home/airflow/.local/lib/python3.8/site-packages/airflow/example_dags/example_setup_teardown.py for tasks to queue
[2024-04-20T16:49:47.180+0000] {logging_mixin.py:188} INFO - [2024-04-20T16:49:47.180+0000] {dagbag.py:540} INFO - Filling up the DagBag from /home/airflow/.local/lib/python3.8/site-packages/airflow/example_dags/example_setup_teardown.py
[2024-04-20T16:49:47.187+0000] {processor.py:840} INFO - DAG(s) 'example_setup_teardown' retrieved from /home/airflow/.local/lib/python3.8/site-packages/airflow/example_dags/example_setup_teardown.py
[2024-04-20T16:49:47.204+0000] {logging_mixin.py:188} INFO - [2024-04-20T16:49:47.204+0000] {dag.py:3047} INFO - Sync 1 DAGs
[2024-04-20T16:49:47.220+0000] {logging_mixin.py:188} INFO - [2024-04-20T16:49:47.220+0000] {dag.py:3834} INFO - Setting next_dagrun for example_setup_teardown to 2024-04-19 00:00:00+00:00, run_after=2024-04-20 00:00:00+00:00
[2024-04-20T16:49:47.479+0000] {processor.py:183} INFO - Processing /home/airflow/.local/lib/python3.8/site-packages/airflow/example_dags/example_setup_teardown.py took 0.303 seconds
[2024-04-20T16:50:18.325+0000] {processor.py:161} INFO - Started process (PID=2850) to work on /home/airflow/.local/lib/python3.8/site-packages/airflow/example_dags/example_setup_teardown.py
[2024-04-20T16:50:18.326+0000] {processor.py:830} INFO - Processing file /home/airflow/.local/lib/python3.8/site-packages/airflow/example_dags/example_setup_teardown.py for tasks to queue
[2024-04-20T16:50:18.327+0000] {logging_mixin.py:188} INFO - [2024-04-20T16:50:18.327+0000] {dagbag.py:540} INFO - Filling up the DagBag from /home/airflow/.local/lib/python3.8/site-packages/airflow/example_dags/example_setup_teardown.py
[2024-04-20T16:50:18.334+0000] {processor.py:840} INFO - DAG(s) 'example_setup_teardown' retrieved from /home/airflow/.local/lib/python3.8/site-packages/airflow/example_dags/example_setup_teardown.py
[2024-04-20T16:50:18.357+0000] {logging_mixin.py:188} INFO - [2024-04-20T16:50:18.357+0000] {dag.py:3047} INFO - Sync 1 DAGs
[2024-04-20T16:50:18.382+0000] {logging_mixin.py:188} INFO - [2024-04-20T16:50:18.382+0000] {dag.py:3834} INFO - Setting next_dagrun for example_setup_teardown to 2024-04-19 00:00:00+00:00, run_after=2024-04-20 00:00:00+00:00
[2024-04-20T16:50:18.508+0000] {processor.py:183} INFO - Processing /home/airflow/.local/lib/python3.8/site-packages/airflow/example_dags/example_setup_teardown.py took 0.186 seconds
[2024-04-20T16:50:48.750+0000] {processor.py:161} INFO - Started process (PID=3105) to work on /home/airflow/.local/lib/python3.8/site-packages/airflow/example_dags/example_setup_teardown.py
[2024-04-20T16:50:48.751+0000] {processor.py:830} INFO - Processing file /home/airflow/.local/lib/python3.8/site-packages/airflow/example_dags/example_setup_teardown.py for tasks to queue
[2024-04-20T16:50:48.752+0000] {logging_mixin.py:188} INFO - [2024-04-20T16:50:48.751+0000] {dagbag.py:540} INFO - Filling up the DagBag from /home/airflow/.local/lib/python3.8/site-packages/airflow/example_dags/example_setup_teardown.py
[2024-04-20T16:50:48.757+0000] {processor.py:840} INFO - DAG(s) 'example_setup_teardown' retrieved from /home/airflow/.local/lib/python3.8/site-packages/airflow/example_dags/example_setup_teardown.py
[2024-04-20T16:50:48.774+0000] {logging_mixin.py:188} INFO - [2024-04-20T16:50:48.774+0000] {dag.py:3047} INFO - Sync 1 DAGs
[2024-04-20T16:50:48.791+0000] {logging_mixin.py:188} INFO - [2024-04-20T16:50:48.791+0000] {dag.py:3834} INFO - Setting next_dagrun for example_setup_teardown to 2024-04-19 00:00:00+00:00, run_after=2024-04-20 00:00:00+00:00
[2024-04-20T16:50:48.912+0000] {processor.py:183} INFO - Processing /home/airflow/.local/lib/python3.8/site-packages/airflow/example_dags/example_setup_teardown.py took 0.165 seconds
[2024-04-20T16:51:19.569+0000] {processor.py:161} INFO - Started process (PID=3365) to work on /home/airflow/.local/lib/python3.8/site-packages/airflow/example_dags/example_setup_teardown.py
[2024-04-20T16:51:19.570+0000] {processor.py:830} INFO - Processing file /home/airflow/.local/lib/python3.8/site-packages/airflow/example_dags/example_setup_teardown.py for tasks to queue
[2024-04-20T16:51:19.571+0000] {logging_mixin.py:188} INFO - [2024-04-20T16:51:19.571+0000] {dagbag.py:540} INFO - Filling up the DagBag from /home/airflow/.local/lib/python3.8/site-packages/airflow/example_dags/example_setup_teardown.py
[2024-04-20T16:51:19.576+0000] {processor.py:840} INFO - DAG(s) 'example_setup_teardown' retrieved from /home/airflow/.local/lib/python3.8/site-packages/airflow/example_dags/example_setup_teardown.py
[2024-04-20T16:51:19.593+0000] {logging_mixin.py:188} INFO - [2024-04-20T16:51:19.593+0000] {dag.py:3047} INFO - Sync 1 DAGs
[2024-04-20T16:51:19.610+0000] {logging_mixin.py:188} INFO - [2024-04-20T16:51:19.610+0000] {dag.py:3834} INFO - Setting next_dagrun for example_setup_teardown to 2024-04-19 00:00:00+00:00, run_after=2024-04-20 00:00:00+00:00
[2024-04-20T16:51:19.808+0000] {processor.py:183} INFO - Processing /home/airflow/.local/lib/python3.8/site-packages/airflow/example_dags/example_setup_teardown.py took 0.241 seconds
[2024-04-20T16:51:50.831+0000] {processor.py:161} INFO - Started process (PID=3624) to work on /home/airflow/.local/lib/python3.8/site-packages/airflow/example_dags/example_setup_teardown.py
[2024-04-20T16:51:50.832+0000] {processor.py:830} INFO - Processing file /home/airflow/.local/lib/python3.8/site-packages/airflow/example_dags/example_setup_teardown.py for tasks to queue
[2024-04-20T16:51:50.833+0000] {logging_mixin.py:188} INFO - [2024-04-20T16:51:50.833+0000] {dagbag.py:540} INFO - Filling up the DagBag from /home/airflow/.local/lib/python3.8/site-packages/airflow/example_dags/example_setup_teardown.py
[2024-04-20T16:51:50.838+0000] {processor.py:840} INFO - DAG(s) 'example_setup_teardown' retrieved from /home/airflow/.local/lib/python3.8/site-packages/airflow/example_dags/example_setup_teardown.py
[2024-04-20T16:51:50.856+0000] {logging_mixin.py:188} INFO - [2024-04-20T16:51:50.855+0000] {dag.py:3047} INFO - Sync 1 DAGs
[2024-04-20T16:51:50.872+0000] {logging_mixin.py:188} INFO - [2024-04-20T16:51:50.872+0000] {dag.py:3834} INFO - Setting next_dagrun for example_setup_teardown to 2024-04-19 00:00:00+00:00, run_after=2024-04-20 00:00:00+00:00
[2024-04-20T16:51:51.182+0000] {processor.py:183} INFO - Processing /home/airflow/.local/lib/python3.8/site-packages/airflow/example_dags/example_setup_teardown.py took 0.353 seconds
[2024-04-20T16:52:21.321+0000] {processor.py:161} INFO - Started process (PID=3879) to work on /home/airflow/.local/lib/python3.8/site-packages/airflow/example_dags/example_setup_teardown.py
[2024-04-20T16:52:21.322+0000] {processor.py:830} INFO - Processing file /home/airflow/.local/lib/python3.8/site-packages/airflow/example_dags/example_setup_teardown.py for tasks to queue
[2024-04-20T16:52:21.323+0000] {logging_mixin.py:188} INFO - [2024-04-20T16:52:21.323+0000] {dagbag.py:540} INFO - Filling up the DagBag from /home/airflow/.local/lib/python3.8/site-packages/airflow/example_dags/example_setup_teardown.py
[2024-04-20T16:52:21.330+0000] {processor.py:840} INFO - DAG(s) 'example_setup_teardown' retrieved from /home/airflow/.local/lib/python3.8/site-packages/airflow/example_dags/example_setup_teardown.py
[2024-04-20T16:52:21.350+0000] {logging_mixin.py:188} INFO - [2024-04-20T16:52:21.350+0000] {dag.py:3047} INFO - Sync 1 DAGs
[2024-04-20T16:52:21.367+0000] {logging_mixin.py:188} INFO - [2024-04-20T16:52:21.367+0000] {dag.py:3834} INFO - Setting next_dagrun for example_setup_teardown to 2024-04-19 00:00:00+00:00, run_after=2024-04-20 00:00:00+00:00
[2024-04-20T16:52:21.514+0000] {processor.py:183} INFO - Processing /home/airflow/.local/lib/python3.8/site-packages/airflow/example_dags/example_setup_teardown.py took 0.195 seconds
[2024-04-20T16:52:51.888+0000] {processor.py:161} INFO - Started process (PID=4138) to work on /home/airflow/.local/lib/python3.8/site-packages/airflow/example_dags/example_setup_teardown.py
[2024-04-20T16:52:51.888+0000] {processor.py:830} INFO - Processing file /home/airflow/.local/lib/python3.8/site-packages/airflow/example_dags/example_setup_teardown.py for tasks to queue
[2024-04-20T16:52:51.889+0000] {logging_mixin.py:188} INFO - [2024-04-20T16:52:51.889+0000] {dagbag.py:540} INFO - Filling up the DagBag from /home/airflow/.local/lib/python3.8/site-packages/airflow/example_dags/example_setup_teardown.py
[2024-04-20T16:52:51.895+0000] {processor.py:840} INFO - DAG(s) 'example_setup_teardown' retrieved from /home/airflow/.local/lib/python3.8/site-packages/airflow/example_dags/example_setup_teardown.py
[2024-04-20T16:52:51.911+0000] {logging_mixin.py:188} INFO - [2024-04-20T16:52:51.911+0000] {dag.py:3047} INFO - Sync 1 DAGs
[2024-04-20T16:52:51.928+0000] {logging_mixin.py:188} INFO - [2024-04-20T16:52:51.928+0000] {dag.py:3834} INFO - Setting next_dagrun for example_setup_teardown to 2024-04-19 00:00:00+00:00, run_after=2024-04-20 00:00:00+00:00
[2024-04-20T16:52:52.050+0000] {processor.py:183} INFO - Processing /home/airflow/.local/lib/python3.8/site-packages/airflow/example_dags/example_setup_teardown.py took 0.165 seconds
[2024-04-20T16:53:22.556+0000] {processor.py:161} INFO - Started process (PID=4394) to work on /home/airflow/.local/lib/python3.8/site-packages/airflow/example_dags/example_setup_teardown.py
[2024-04-20T16:53:22.556+0000] {processor.py:830} INFO - Processing file /home/airflow/.local/lib/python3.8/site-packages/airflow/example_dags/example_setup_teardown.py for tasks to queue
[2024-04-20T16:53:22.557+0000] {logging_mixin.py:188} INFO - [2024-04-20T16:53:22.557+0000] {dagbag.py:540} INFO - Filling up the DagBag from /home/airflow/.local/lib/python3.8/site-packages/airflow/example_dags/example_setup_teardown.py
[2024-04-20T16:53:22.564+0000] {processor.py:840} INFO - DAG(s) 'example_setup_teardown' retrieved from /home/airflow/.local/lib/python3.8/site-packages/airflow/example_dags/example_setup_teardown.py
[2024-04-20T16:53:22.581+0000] {logging_mixin.py:188} INFO - [2024-04-20T16:53:22.581+0000] {dag.py:3047} INFO - Sync 1 DAGs
[2024-04-20T16:53:22.598+0000] {logging_mixin.py:188} INFO - [2024-04-20T16:53:22.598+0000] {dag.py:3834} INFO - Setting next_dagrun for example_setup_teardown to 2024-04-19 00:00:00+00:00, run_after=2024-04-20 00:00:00+00:00
[2024-04-20T16:53:22.744+0000] {processor.py:183} INFO - Processing /home/airflow/.local/lib/python3.8/site-packages/airflow/example_dags/example_setup_teardown.py took 0.190 seconds
[2024-04-20T16:53:53.234+0000] {processor.py:161} INFO - Started process (PID=4651) to work on /home/airflow/.local/lib/python3.8/site-packages/airflow/example_dags/example_setup_teardown.py
[2024-04-20T16:53:53.235+0000] {processor.py:830} INFO - Processing file /home/airflow/.local/lib/python3.8/site-packages/airflow/example_dags/example_setup_teardown.py for tasks to queue
[2024-04-20T16:53:53.236+0000] {logging_mixin.py:188} INFO - [2024-04-20T16:53:53.235+0000] {dagbag.py:540} INFO - Filling up the DagBag from /home/airflow/.local/lib/python3.8/site-packages/airflow/example_dags/example_setup_teardown.py
[2024-04-20T16:53:53.241+0000] {processor.py:840} INFO - DAG(s) 'example_setup_teardown' retrieved from /home/airflow/.local/lib/python3.8/site-packages/airflow/example_dags/example_setup_teardown.py
[2024-04-20T16:53:53.257+0000] {logging_mixin.py:188} INFO - [2024-04-20T16:53:53.257+0000] {dag.py:3047} INFO - Sync 1 DAGs
[2024-04-20T16:53:53.277+0000] {logging_mixin.py:188} INFO - [2024-04-20T16:53:53.277+0000] {dag.py:3834} INFO - Setting next_dagrun for example_setup_teardown to 2024-04-19 00:00:00+00:00, run_after=2024-04-20 00:00:00+00:00
[2024-04-20T16:53:53.434+0000] {processor.py:183} INFO - Processing /home/airflow/.local/lib/python3.8/site-packages/airflow/example_dags/example_setup_teardown.py took 0.203 seconds
[2024-04-20T16:54:23.900+0000] {processor.py:161} INFO - Started process (PID=4909) to work on /home/airflow/.local/lib/python3.8/site-packages/airflow/example_dags/example_setup_teardown.py
[2024-04-20T16:54:23.901+0000] {processor.py:830} INFO - Processing file /home/airflow/.local/lib/python3.8/site-packages/airflow/example_dags/example_setup_teardown.py for tasks to queue
[2024-04-20T16:54:23.902+0000] {logging_mixin.py:188} INFO - [2024-04-20T16:54:23.902+0000] {dagbag.py:540} INFO - Filling up the DagBag from /home/airflow/.local/lib/python3.8/site-packages/airflow/example_dags/example_setup_teardown.py
[2024-04-20T16:54:23.909+0000] {processor.py:840} INFO - DAG(s) 'example_setup_teardown' retrieved from /home/airflow/.local/lib/python3.8/site-packages/airflow/example_dags/example_setup_teardown.py
[2024-04-20T16:54:23.933+0000] {logging_mixin.py:188} INFO - [2024-04-20T16:54:23.933+0000] {dag.py:3047} INFO - Sync 1 DAGs
[2024-04-20T16:54:23.965+0000] {logging_mixin.py:188} INFO - [2024-04-20T16:54:23.965+0000] {dag.py:3834} INFO - Setting next_dagrun for example_setup_teardown to 2024-04-19 00:00:00+00:00, run_after=2024-04-20 00:00:00+00:00
[2024-04-20T16:54:24.753+0000] {processor.py:183} INFO - Processing /home/airflow/.local/lib/python3.8/site-packages/airflow/example_dags/example_setup_teardown.py took 0.856 seconds
[2024-04-20T16:54:55.225+0000] {processor.py:161} INFO - Started process (PID=5167) to work on /home/airflow/.local/lib/python3.8/site-packages/airflow/example_dags/example_setup_teardown.py
[2024-04-20T16:54:55.226+0000] {processor.py:830} INFO - Processing file /home/airflow/.local/lib/python3.8/site-packages/airflow/example_dags/example_setup_teardown.py for tasks to queue
[2024-04-20T16:54:55.227+0000] {logging_mixin.py:188} INFO - [2024-04-20T16:54:55.227+0000] {dagbag.py:540} INFO - Filling up the DagBag from /home/airflow/.local/lib/python3.8/site-packages/airflow/example_dags/example_setup_teardown.py
[2024-04-20T16:54:55.235+0000] {processor.py:840} INFO - DAG(s) 'example_setup_teardown' retrieved from /home/airflow/.local/lib/python3.8/site-packages/airflow/example_dags/example_setup_teardown.py
[2024-04-20T16:54:55.260+0000] {logging_mixin.py:188} INFO - [2024-04-20T16:54:55.260+0000] {dag.py:3047} INFO - Sync 1 DAGs
[2024-04-20T16:54:55.285+0000] {logging_mixin.py:188} INFO - [2024-04-20T16:54:55.285+0000] {dag.py:3834} INFO - Setting next_dagrun for example_setup_teardown to 2024-04-19 00:00:00+00:00, run_after=2024-04-20 00:00:00+00:00
[2024-04-20T16:54:55.518+0000] {processor.py:183} INFO - Processing /home/airflow/.local/lib/python3.8/site-packages/airflow/example_dags/example_setup_teardown.py took 0.296 seconds
[2024-04-20T16:55:25.787+0000] {processor.py:161} INFO - Started process (PID=5424) to work on /home/airflow/.local/lib/python3.8/site-packages/airflow/example_dags/example_setup_teardown.py
[2024-04-20T16:55:25.789+0000] {processor.py:830} INFO - Processing file /home/airflow/.local/lib/python3.8/site-packages/airflow/example_dags/example_setup_teardown.py for tasks to queue
[2024-04-20T16:55:25.790+0000] {logging_mixin.py:188} INFO - [2024-04-20T16:55:25.790+0000] {dagbag.py:540} INFO - Filling up the DagBag from /home/airflow/.local/lib/python3.8/site-packages/airflow/example_dags/example_setup_teardown.py
[2024-04-20T16:55:25.798+0000] {processor.py:840} INFO - DAG(s) 'example_setup_teardown' retrieved from /home/airflow/.local/lib/python3.8/site-packages/airflow/example_dags/example_setup_teardown.py
[2024-04-20T16:55:25.823+0000] {logging_mixin.py:188} INFO - [2024-04-20T16:55:25.822+0000] {dag.py:3047} INFO - Sync 1 DAGs
[2024-04-20T16:55:25.856+0000] {logging_mixin.py:188} INFO - [2024-04-20T16:55:25.855+0000] {dag.py:3834} INFO - Setting next_dagrun for example_setup_teardown to 2024-04-19 00:00:00+00:00, run_after=2024-04-20 00:00:00+00:00
[2024-04-20T16:55:25.981+0000] {processor.py:183} INFO - Processing /home/airflow/.local/lib/python3.8/site-packages/airflow/example_dags/example_setup_teardown.py took 0.197 seconds
[2024-04-20T16:55:56.037+0000] {processor.py:161} INFO - Started process (PID=5682) to work on /home/airflow/.local/lib/python3.8/site-packages/airflow/example_dags/example_setup_teardown.py
[2024-04-20T16:55:56.038+0000] {processor.py:830} INFO - Processing file /home/airflow/.local/lib/python3.8/site-packages/airflow/example_dags/example_setup_teardown.py for tasks to queue
[2024-04-20T16:55:56.038+0000] {logging_mixin.py:188} INFO - [2024-04-20T16:55:56.038+0000] {dagbag.py:540} INFO - Filling up the DagBag from /home/airflow/.local/lib/python3.8/site-packages/airflow/example_dags/example_setup_teardown.py
[2024-04-20T16:55:56.044+0000] {processor.py:840} INFO - DAG(s) 'example_setup_teardown' retrieved from /home/airflow/.local/lib/python3.8/site-packages/airflow/example_dags/example_setup_teardown.py
[2024-04-20T16:55:56.060+0000] {logging_mixin.py:188} INFO - [2024-04-20T16:55:56.060+0000] {dag.py:3047} INFO - Sync 1 DAGs
[2024-04-20T16:55:56.077+0000] {logging_mixin.py:188} INFO - [2024-04-20T16:55:56.077+0000] {dag.py:3834} INFO - Setting next_dagrun for example_setup_teardown to 2024-04-19 00:00:00+00:00, run_after=2024-04-20 00:00:00+00:00
[2024-04-20T16:55:56.200+0000] {processor.py:183} INFO - Processing /home/airflow/.local/lib/python3.8/site-packages/airflow/example_dags/example_setup_teardown.py took 0.165 seconds
[2024-04-20T16:56:26.310+0000] {processor.py:161} INFO - Started process (PID=5937) to work on /home/airflow/.local/lib/python3.8/site-packages/airflow/example_dags/example_setup_teardown.py
[2024-04-20T16:56:26.311+0000] {processor.py:830} INFO - Processing file /home/airflow/.local/lib/python3.8/site-packages/airflow/example_dags/example_setup_teardown.py for tasks to queue
[2024-04-20T16:56:26.312+0000] {logging_mixin.py:188} INFO - [2024-04-20T16:56:26.312+0000] {dagbag.py:540} INFO - Filling up the DagBag from /home/airflow/.local/lib/python3.8/site-packages/airflow/example_dags/example_setup_teardown.py
[2024-04-20T16:56:26.317+0000] {processor.py:840} INFO - DAG(s) 'example_setup_teardown' retrieved from /home/airflow/.local/lib/python3.8/site-packages/airflow/example_dags/example_setup_teardown.py
[2024-04-20T16:56:26.335+0000] {logging_mixin.py:188} INFO - [2024-04-20T16:56:26.335+0000] {dag.py:3047} INFO - Sync 1 DAGs
[2024-04-20T16:56:26.352+0000] {logging_mixin.py:188} INFO - [2024-04-20T16:56:26.352+0000] {dag.py:3834} INFO - Setting next_dagrun for example_setup_teardown to 2024-04-19 00:00:00+00:00, run_after=2024-04-20 00:00:00+00:00
[2024-04-20T16:56:26.501+0000] {processor.py:183} INFO - Processing /home/airflow/.local/lib/python3.8/site-packages/airflow/example_dags/example_setup_teardown.py took 0.193 seconds
[2024-04-20T16:56:57.283+0000] {processor.py:161} INFO - Started process (PID=6194) to work on /home/airflow/.local/lib/python3.8/site-packages/airflow/example_dags/example_setup_teardown.py
[2024-04-20T16:56:57.284+0000] {processor.py:830} INFO - Processing file /home/airflow/.local/lib/python3.8/site-packages/airflow/example_dags/example_setup_teardown.py for tasks to queue
[2024-04-20T16:56:57.285+0000] {logging_mixin.py:188} INFO - [2024-04-20T16:56:57.284+0000] {dagbag.py:540} INFO - Filling up the DagBag from /home/airflow/.local/lib/python3.8/site-packages/airflow/example_dags/example_setup_teardown.py
[2024-04-20T16:56:57.290+0000] {processor.py:840} INFO - DAG(s) 'example_setup_teardown' retrieved from /home/airflow/.local/lib/python3.8/site-packages/airflow/example_dags/example_setup_teardown.py
[2024-04-20T16:56:57.307+0000] {logging_mixin.py:188} INFO - [2024-04-20T16:56:57.307+0000] {dag.py:3047} INFO - Sync 1 DAGs
[2024-04-20T16:56:57.324+0000] {logging_mixin.py:188} INFO - [2024-04-20T16:56:57.323+0000] {dag.py:3834} INFO - Setting next_dagrun for example_setup_teardown to 2024-04-19 00:00:00+00:00, run_after=2024-04-20 00:00:00+00:00
[2024-04-20T16:56:57.830+0000] {processor.py:183} INFO - Processing /home/airflow/.local/lib/python3.8/site-packages/airflow/example_dags/example_setup_teardown.py took 0.549 seconds
[2024-04-20T16:57:28.178+0000] {processor.py:161} INFO - Started process (PID=6452) to work on /home/airflow/.local/lib/python3.8/site-packages/airflow/example_dags/example_setup_teardown.py
[2024-04-20T16:57:28.179+0000] {processor.py:830} INFO - Processing file /home/airflow/.local/lib/python3.8/site-packages/airflow/example_dags/example_setup_teardown.py for tasks to queue
[2024-04-20T16:57:28.256+0000] {logging_mixin.py:188} INFO - [2024-04-20T16:57:28.256+0000] {dagbag.py:540} INFO - Filling up the DagBag from /home/airflow/.local/lib/python3.8/site-packages/airflow/example_dags/example_setup_teardown.py
[2024-04-20T16:57:28.264+0000] {processor.py:840} INFO - DAG(s) 'example_setup_teardown' retrieved from /home/airflow/.local/lib/python3.8/site-packages/airflow/example_dags/example_setup_teardown.py
[2024-04-20T16:57:28.287+0000] {logging_mixin.py:188} INFO - [2024-04-20T16:57:28.287+0000] {dag.py:3047} INFO - Sync 1 DAGs
[2024-04-20T16:57:28.315+0000] {logging_mixin.py:188} INFO - [2024-04-20T16:57:28.315+0000] {dag.py:3834} INFO - Setting next_dagrun for example_setup_teardown to 2024-04-19 00:00:00+00:00, run_after=2024-04-20 00:00:00+00:00
[2024-04-20T16:57:28.584+0000] {processor.py:183} INFO - Processing /home/airflow/.local/lib/python3.8/site-packages/airflow/example_dags/example_setup_teardown.py took 0.409 seconds
[2024-04-20T16:57:58.956+0000] {processor.py:161} INFO - Started process (PID=6709) to work on /home/airflow/.local/lib/python3.8/site-packages/airflow/example_dags/example_setup_teardown.py
[2024-04-20T16:57:58.957+0000] {processor.py:830} INFO - Processing file /home/airflow/.local/lib/python3.8/site-packages/airflow/example_dags/example_setup_teardown.py for tasks to queue
[2024-04-20T16:57:58.958+0000] {logging_mixin.py:188} INFO - [2024-04-20T16:57:58.958+0000] {dagbag.py:540} INFO - Filling up the DagBag from /home/airflow/.local/lib/python3.8/site-packages/airflow/example_dags/example_setup_teardown.py
[2024-04-20T16:57:58.964+0000] {processor.py:840} INFO - DAG(s) 'example_setup_teardown' retrieved from /home/airflow/.local/lib/python3.8/site-packages/airflow/example_dags/example_setup_teardown.py
[2024-04-20T16:57:58.981+0000] {logging_mixin.py:188} INFO - [2024-04-20T16:57:58.981+0000] {dag.py:3047} INFO - Sync 1 DAGs
[2024-04-20T16:57:58.999+0000] {logging_mixin.py:188} INFO - [2024-04-20T16:57:58.999+0000] {dag.py:3834} INFO - Setting next_dagrun for example_setup_teardown to 2024-04-19 00:00:00+00:00, run_after=2024-04-20 00:00:00+00:00
[2024-04-20T16:57:59.144+0000] {processor.py:183} INFO - Processing /home/airflow/.local/lib/python3.8/site-packages/airflow/example_dags/example_setup_teardown.py took 0.190 seconds
[2024-04-20T16:58:29.291+0000] {processor.py:161} INFO - Started process (PID=6968) to work on /home/airflow/.local/lib/python3.8/site-packages/airflow/example_dags/example_setup_teardown.py
[2024-04-20T16:58:29.292+0000] {processor.py:830} INFO - Processing file /home/airflow/.local/lib/python3.8/site-packages/airflow/example_dags/example_setup_teardown.py for tasks to queue
[2024-04-20T16:58:29.293+0000] {logging_mixin.py:188} INFO - [2024-04-20T16:58:29.293+0000] {dagbag.py:540} INFO - Filling up the DagBag from /home/airflow/.local/lib/python3.8/site-packages/airflow/example_dags/example_setup_teardown.py
[2024-04-20T16:58:29.298+0000] {processor.py:840} INFO - DAG(s) 'example_setup_teardown' retrieved from /home/airflow/.local/lib/python3.8/site-packages/airflow/example_dags/example_setup_teardown.py
[2024-04-20T16:58:29.315+0000] {logging_mixin.py:188} INFO - [2024-04-20T16:58:29.315+0000] {dag.py:3047} INFO - Sync 1 DAGs
[2024-04-20T16:58:29.332+0000] {logging_mixin.py:188} INFO - [2024-04-20T16:58:29.331+0000] {dag.py:3834} INFO - Setting next_dagrun for example_setup_teardown to 2024-04-19 00:00:00+00:00, run_after=2024-04-20 00:00:00+00:00
[2024-04-20T16:58:29.483+0000] {processor.py:183} INFO - Processing /home/airflow/.local/lib/python3.8/site-packages/airflow/example_dags/example_setup_teardown.py took 0.194 seconds
[2024-04-20T16:59:00.054+0000] {processor.py:161} INFO - Started process (PID=7225) to work on /home/airflow/.local/lib/python3.8/site-packages/airflow/example_dags/example_setup_teardown.py
[2024-04-20T16:59:00.055+0000] {processor.py:830} INFO - Processing file /home/airflow/.local/lib/python3.8/site-packages/airflow/example_dags/example_setup_teardown.py for tasks to queue
[2024-04-20T16:59:00.055+0000] {logging_mixin.py:188} INFO - [2024-04-20T16:59:00.055+0000] {dagbag.py:540} INFO - Filling up the DagBag from /home/airflow/.local/lib/python3.8/site-packages/airflow/example_dags/example_setup_teardown.py
[2024-04-20T16:59:00.061+0000] {processor.py:840} INFO - DAG(s) 'example_setup_teardown' retrieved from /home/airflow/.local/lib/python3.8/site-packages/airflow/example_dags/example_setup_teardown.py
[2024-04-20T16:59:00.077+0000] {logging_mixin.py:188} INFO - [2024-04-20T16:59:00.077+0000] {dag.py:3047} INFO - Sync 1 DAGs
[2024-04-20T16:59:00.093+0000] {logging_mixin.py:188} INFO - [2024-04-20T16:59:00.093+0000] {dag.py:3834} INFO - Setting next_dagrun for example_setup_teardown to 2024-04-19 00:00:00+00:00, run_after=2024-04-20 00:00:00+00:00
[2024-04-20T16:59:00.244+0000] {processor.py:183} INFO - Processing /home/airflow/.local/lib/python3.8/site-packages/airflow/example_dags/example_setup_teardown.py took 0.193 seconds
[2024-04-20T16:59:31.005+0000] {processor.py:161} INFO - Started process (PID=7484) to work on /home/airflow/.local/lib/python3.8/site-packages/airflow/example_dags/example_setup_teardown.py
[2024-04-20T16:59:31.005+0000] {processor.py:830} INFO - Processing file /home/airflow/.local/lib/python3.8/site-packages/airflow/example_dags/example_setup_teardown.py for tasks to queue
[2024-04-20T16:59:31.006+0000] {logging_mixin.py:188} INFO - [2024-04-20T16:59:31.006+0000] {dagbag.py:540} INFO - Filling up the DagBag from /home/airflow/.local/lib/python3.8/site-packages/airflow/example_dags/example_setup_teardown.py
[2024-04-20T16:59:31.011+0000] {processor.py:840} INFO - DAG(s) 'example_setup_teardown' retrieved from /home/airflow/.local/lib/python3.8/site-packages/airflow/example_dags/example_setup_teardown.py
[2024-04-20T16:59:31.028+0000] {logging_mixin.py:188} INFO - [2024-04-20T16:59:31.028+0000] {dag.py:3047} INFO - Sync 1 DAGs
[2024-04-20T16:59:31.045+0000] {logging_mixin.py:188} INFO - [2024-04-20T16:59:31.045+0000] {dag.py:3834} INFO - Setting next_dagrun for example_setup_teardown to 2024-04-19 00:00:00+00:00, run_after=2024-04-20 00:00:00+00:00
[2024-04-20T16:59:31.287+0000] {processor.py:183} INFO - Processing /home/airflow/.local/lib/python3.8/site-packages/airflow/example_dags/example_setup_teardown.py took 0.285 seconds
[2024-04-20T17:00:01.311+0000] {processor.py:161} INFO - Started process (PID=7739) to work on /home/airflow/.local/lib/python3.8/site-packages/airflow/example_dags/example_setup_teardown.py
[2024-04-20T17:00:01.311+0000] {processor.py:830} INFO - Processing file /home/airflow/.local/lib/python3.8/site-packages/airflow/example_dags/example_setup_teardown.py for tasks to queue
[2024-04-20T17:00:01.312+0000] {logging_mixin.py:188} INFO - [2024-04-20T17:00:01.312+0000] {dagbag.py:540} INFO - Filling up the DagBag from /home/airflow/.local/lib/python3.8/site-packages/airflow/example_dags/example_setup_teardown.py
[2024-04-20T17:00:01.318+0000] {processor.py:840} INFO - DAG(s) 'example_setup_teardown' retrieved from /home/airflow/.local/lib/python3.8/site-packages/airflow/example_dags/example_setup_teardown.py
[2024-04-20T17:00:01.334+0000] {logging_mixin.py:188} INFO - [2024-04-20T17:00:01.334+0000] {dag.py:3047} INFO - Sync 1 DAGs
[2024-04-20T17:00:01.351+0000] {logging_mixin.py:188} INFO - [2024-04-20T17:00:01.351+0000] {dag.py:3834} INFO - Setting next_dagrun for example_setup_teardown to 2024-04-19 00:00:00+00:00, run_after=2024-04-20 00:00:00+00:00
[2024-04-20T17:00:01.501+0000] {processor.py:183} INFO - Processing /home/airflow/.local/lib/python3.8/site-packages/airflow/example_dags/example_setup_teardown.py took 0.193 seconds
[2024-04-20T17:00:31.826+0000] {processor.py:161} INFO - Started process (PID=7996) to work on /home/airflow/.local/lib/python3.8/site-packages/airflow/example_dags/example_setup_teardown.py
[2024-04-20T17:00:31.827+0000] {processor.py:830} INFO - Processing file /home/airflow/.local/lib/python3.8/site-packages/airflow/example_dags/example_setup_teardown.py for tasks to queue
[2024-04-20T17:00:31.828+0000] {logging_mixin.py:188} INFO - [2024-04-20T17:00:31.827+0000] {dagbag.py:540} INFO - Filling up the DagBag from /home/airflow/.local/lib/python3.8/site-packages/airflow/example_dags/example_setup_teardown.py
[2024-04-20T17:00:31.833+0000] {processor.py:840} INFO - DAG(s) 'example_setup_teardown' retrieved from /home/airflow/.local/lib/python3.8/site-packages/airflow/example_dags/example_setup_teardown.py
[2024-04-20T17:00:31.850+0000] {logging_mixin.py:188} INFO - [2024-04-20T17:00:31.850+0000] {dag.py:3047} INFO - Sync 1 DAGs
[2024-04-20T17:00:31.867+0000] {logging_mixin.py:188} INFO - [2024-04-20T17:00:31.867+0000] {dag.py:3834} INFO - Setting next_dagrun for example_setup_teardown to 2024-04-19 00:00:00+00:00, run_after=2024-04-20 00:00:00+00:00
[2024-04-20T17:00:32.013+0000] {processor.py:183} INFO - Processing /home/airflow/.local/lib/python3.8/site-packages/airflow/example_dags/example_setup_teardown.py took 0.189 seconds
[2024-04-20T17:01:02.295+0000] {processor.py:161} INFO - Started process (PID=8254) to work on /home/airflow/.local/lib/python3.8/site-packages/airflow/example_dags/example_setup_teardown.py
[2024-04-20T17:01:02.296+0000] {processor.py:830} INFO - Processing file /home/airflow/.local/lib/python3.8/site-packages/airflow/example_dags/example_setup_teardown.py for tasks to queue
[2024-04-20T17:01:02.297+0000] {logging_mixin.py:188} INFO - [2024-04-20T17:01:02.297+0000] {dagbag.py:540} INFO - Filling up the DagBag from /home/airflow/.local/lib/python3.8/site-packages/airflow/example_dags/example_setup_teardown.py
[2024-04-20T17:01:02.302+0000] {processor.py:840} INFO - DAG(s) 'example_setup_teardown' retrieved from /home/airflow/.local/lib/python3.8/site-packages/airflow/example_dags/example_setup_teardown.py
[2024-04-20T17:01:02.319+0000] {logging_mixin.py:188} INFO - [2024-04-20T17:01:02.319+0000] {dag.py:3047} INFO - Sync 1 DAGs
[2024-04-20T17:01:02.338+0000] {logging_mixin.py:188} INFO - [2024-04-20T17:01:02.338+0000] {dag.py:3834} INFO - Setting next_dagrun for example_setup_teardown to 2024-04-19 00:00:00+00:00, run_after=2024-04-20 00:00:00+00:00
[2024-04-20T17:01:02.484+0000] {processor.py:183} INFO - Processing /home/airflow/.local/lib/python3.8/site-packages/airflow/example_dags/example_setup_teardown.py took 0.191 seconds
[2024-04-20T17:01:32.697+0000] {processor.py:161} INFO - Started process (PID=8512) to work on /home/airflow/.local/lib/python3.8/site-packages/airflow/example_dags/example_setup_teardown.py
[2024-04-20T17:01:32.699+0000] {processor.py:830} INFO - Processing file /home/airflow/.local/lib/python3.8/site-packages/airflow/example_dags/example_setup_teardown.py for tasks to queue
[2024-04-20T17:01:32.700+0000] {logging_mixin.py:188} INFO - [2024-04-20T17:01:32.699+0000] {dagbag.py:540} INFO - Filling up the DagBag from /home/airflow/.local/lib/python3.8/site-packages/airflow/example_dags/example_setup_teardown.py
[2024-04-20T17:01:32.708+0000] {processor.py:840} INFO - DAG(s) 'example_setup_teardown' retrieved from /home/airflow/.local/lib/python3.8/site-packages/airflow/example_dags/example_setup_teardown.py
[2024-04-20T17:01:32.730+0000] {logging_mixin.py:188} INFO - [2024-04-20T17:01:32.730+0000] {dag.py:3047} INFO - Sync 1 DAGs
[2024-04-20T17:01:32.759+0000] {logging_mixin.py:188} INFO - [2024-04-20T17:01:32.759+0000] {dag.py:3834} INFO - Setting next_dagrun for example_setup_teardown to 2024-04-19 00:00:00+00:00, run_after=2024-04-20 00:00:00+00:00
[2024-04-20T17:01:32.935+0000] {processor.py:183} INFO - Processing /home/airflow/.local/lib/python3.8/site-packages/airflow/example_dags/example_setup_teardown.py took 0.241 seconds
[2024-04-20T17:02:03.022+0000] {processor.py:161} INFO - Started process (PID=8764) to work on /home/airflow/.local/lib/python3.8/site-packages/airflow/example_dags/example_setup_teardown.py
[2024-04-20T17:02:03.022+0000] {processor.py:830} INFO - Processing file /home/airflow/.local/lib/python3.8/site-packages/airflow/example_dags/example_setup_teardown.py for tasks to queue
[2024-04-20T17:02:03.023+0000] {logging_mixin.py:188} INFO - [2024-04-20T17:02:03.023+0000] {dagbag.py:540} INFO - Filling up the DagBag from /home/airflow/.local/lib/python3.8/site-packages/airflow/example_dags/example_setup_teardown.py
[2024-04-20T17:02:03.029+0000] {processor.py:840} INFO - DAG(s) 'example_setup_teardown' retrieved from /home/airflow/.local/lib/python3.8/site-packages/airflow/example_dags/example_setup_teardown.py
[2024-04-20T17:02:03.053+0000] {logging_mixin.py:188} INFO - [2024-04-20T17:02:03.053+0000] {dag.py:3047} INFO - Sync 1 DAGs
[2024-04-20T17:02:03.071+0000] {logging_mixin.py:188} INFO - [2024-04-20T17:02:03.071+0000] {dag.py:3834} INFO - Setting next_dagrun for example_setup_teardown to 2024-04-19 00:00:00+00:00, run_after=2024-04-20 00:00:00+00:00
[2024-04-20T17:02:03.212+0000] {processor.py:183} INFO - Processing /home/airflow/.local/lib/python3.8/site-packages/airflow/example_dags/example_setup_teardown.py took 0.193 seconds
[2024-04-20T17:02:33.639+0000] {processor.py:161} INFO - Started process (PID=9024) to work on /home/airflow/.local/lib/python3.8/site-packages/airflow/example_dags/example_setup_teardown.py
[2024-04-20T17:02:33.640+0000] {processor.py:830} INFO - Processing file /home/airflow/.local/lib/python3.8/site-packages/airflow/example_dags/example_setup_teardown.py for tasks to queue
[2024-04-20T17:02:33.641+0000] {logging_mixin.py:188} INFO - [2024-04-20T17:02:33.641+0000] {dagbag.py:540} INFO - Filling up the DagBag from /home/airflow/.local/lib/python3.8/site-packages/airflow/example_dags/example_setup_teardown.py
[2024-04-20T17:02:33.646+0000] {processor.py:840} INFO - DAG(s) 'example_setup_teardown' retrieved from /home/airflow/.local/lib/python3.8/site-packages/airflow/example_dags/example_setup_teardown.py
[2024-04-20T17:02:33.663+0000] {logging_mixin.py:188} INFO - [2024-04-20T17:02:33.663+0000] {dag.py:3047} INFO - Sync 1 DAGs
[2024-04-20T17:02:33.680+0000] {logging_mixin.py:188} INFO - [2024-04-20T17:02:33.680+0000] {dag.py:3834} INFO - Setting next_dagrun for example_setup_teardown to 2024-04-19 00:00:00+00:00, run_after=2024-04-20 00:00:00+00:00
[2024-04-20T17:02:33.800+0000] {processor.py:183} INFO - Processing /home/airflow/.local/lib/python3.8/site-packages/airflow/example_dags/example_setup_teardown.py took 0.163 seconds
[2024-04-20T17:03:04.646+0000] {processor.py:161} INFO - Started process (PID=9285) to work on /home/airflow/.local/lib/python3.8/site-packages/airflow/example_dags/example_setup_teardown.py
[2024-04-20T17:03:04.647+0000] {processor.py:830} INFO - Processing file /home/airflow/.local/lib/python3.8/site-packages/airflow/example_dags/example_setup_teardown.py for tasks to queue
[2024-04-20T17:03:04.648+0000] {logging_mixin.py:188} INFO - [2024-04-20T17:03:04.648+0000] {dagbag.py:540} INFO - Filling up the DagBag from /home/airflow/.local/lib/python3.8/site-packages/airflow/example_dags/example_setup_teardown.py
[2024-04-20T17:03:04.656+0000] {processor.py:840} INFO - DAG(s) 'example_setup_teardown' retrieved from /home/airflow/.local/lib/python3.8/site-packages/airflow/example_dags/example_setup_teardown.py
[2024-04-20T17:03:04.674+0000] {logging_mixin.py:188} INFO - [2024-04-20T17:03:04.674+0000] {dag.py:3047} INFO - Sync 1 DAGs
[2024-04-20T17:03:04.691+0000] {logging_mixin.py:188} INFO - [2024-04-20T17:03:04.690+0000] {dag.py:3834} INFO - Setting next_dagrun for example_setup_teardown to 2024-04-19 00:00:00+00:00, run_after=2024-04-20 00:00:00+00:00
[2024-04-20T17:03:04.942+0000] {processor.py:183} INFO - Processing /home/airflow/.local/lib/python3.8/site-packages/airflow/example_dags/example_setup_teardown.py took 0.299 seconds
[2024-04-20T17:03:35.641+0000] {processor.py:161} INFO - Started process (PID=9542) to work on /home/airflow/.local/lib/python3.8/site-packages/airflow/example_dags/example_setup_teardown.py
[2024-04-20T17:03:35.642+0000] {processor.py:830} INFO - Processing file /home/airflow/.local/lib/python3.8/site-packages/airflow/example_dags/example_setup_teardown.py for tasks to queue
[2024-04-20T17:03:35.642+0000] {logging_mixin.py:188} INFO - [2024-04-20T17:03:35.642+0000] {dagbag.py:540} INFO - Filling up the DagBag from /home/airflow/.local/lib/python3.8/site-packages/airflow/example_dags/example_setup_teardown.py
[2024-04-20T17:03:35.648+0000] {processor.py:840} INFO - DAG(s) 'example_setup_teardown' retrieved from /home/airflow/.local/lib/python3.8/site-packages/airflow/example_dags/example_setup_teardown.py
[2024-04-20T17:03:35.664+0000] {logging_mixin.py:188} INFO - [2024-04-20T17:03:35.664+0000] {dag.py:3047} INFO - Sync 1 DAGs
[2024-04-20T17:03:35.681+0000] {logging_mixin.py:188} INFO - [2024-04-20T17:03:35.681+0000] {dag.py:3834} INFO - Setting next_dagrun for example_setup_teardown to 2024-04-19 00:00:00+00:00, run_after=2024-04-20 00:00:00+00:00
[2024-04-20T17:03:35.937+0000] {processor.py:183} INFO - Processing /home/airflow/.local/lib/python3.8/site-packages/airflow/example_dags/example_setup_teardown.py took 0.299 seconds
[2024-04-20T17:04:06.338+0000] {processor.py:161} INFO - Started process (PID=9799) to work on /home/airflow/.local/lib/python3.8/site-packages/airflow/example_dags/example_setup_teardown.py
[2024-04-20T17:04:06.339+0000] {processor.py:830} INFO - Processing file /home/airflow/.local/lib/python3.8/site-packages/airflow/example_dags/example_setup_teardown.py for tasks to queue
[2024-04-20T17:04:06.340+0000] {logging_mixin.py:188} INFO - [2024-04-20T17:04:06.340+0000] {dagbag.py:540} INFO - Filling up the DagBag from /home/airflow/.local/lib/python3.8/site-packages/airflow/example_dags/example_setup_teardown.py
[2024-04-20T17:04:06.346+0000] {processor.py:840} INFO - DAG(s) 'example_setup_teardown' retrieved from /home/airflow/.local/lib/python3.8/site-packages/airflow/example_dags/example_setup_teardown.py
[2024-04-20T17:04:06.363+0000] {logging_mixin.py:188} INFO - [2024-04-20T17:04:06.363+0000] {dag.py:3047} INFO - Sync 1 DAGs
[2024-04-20T17:04:06.380+0000] {logging_mixin.py:188} INFO - [2024-04-20T17:04:06.380+0000] {dag.py:3834} INFO - Setting next_dagrun for example_setup_teardown to 2024-04-19 00:00:00+00:00, run_after=2024-04-20 00:00:00+00:00
[2024-04-20T17:04:06.689+0000] {processor.py:183} INFO - Processing /home/airflow/.local/lib/python3.8/site-packages/airflow/example_dags/example_setup_teardown.py took 0.353 seconds
[2024-04-20T17:04:37.122+0000] {processor.py:161} INFO - Started process (PID=10058) to work on /home/airflow/.local/lib/python3.8/site-packages/airflow/example_dags/example_setup_teardown.py
[2024-04-20T17:04:37.123+0000] {processor.py:830} INFO - Processing file /home/airflow/.local/lib/python3.8/site-packages/airflow/example_dags/example_setup_teardown.py for tasks to queue
[2024-04-20T17:04:37.124+0000] {logging_mixin.py:188} INFO - [2024-04-20T17:04:37.123+0000] {dagbag.py:540} INFO - Filling up the DagBag from /home/airflow/.local/lib/python3.8/site-packages/airflow/example_dags/example_setup_teardown.py
[2024-04-20T17:04:37.131+0000] {processor.py:840} INFO - DAG(s) 'example_setup_teardown' retrieved from /home/airflow/.local/lib/python3.8/site-packages/airflow/example_dags/example_setup_teardown.py
[2024-04-20T17:04:37.157+0000] {logging_mixin.py:188} INFO - [2024-04-20T17:04:37.156+0000] {dag.py:3047} INFO - Sync 1 DAGs
[2024-04-20T17:04:37.183+0000] {logging_mixin.py:188} INFO - [2024-04-20T17:04:37.183+0000] {dag.py:3834} INFO - Setting next_dagrun for example_setup_teardown to 2024-04-19 00:00:00+00:00, run_after=2024-04-20 00:00:00+00:00
[2024-04-20T17:04:37.467+0000] {processor.py:183} INFO - Processing /home/airflow/.local/lib/python3.8/site-packages/airflow/example_dags/example_setup_teardown.py took 0.349 seconds
[2024-04-20T17:05:07.812+0000] {processor.py:161} INFO - Started process (PID=10313) to work on /home/airflow/.local/lib/python3.8/site-packages/airflow/example_dags/example_setup_teardown.py
[2024-04-20T17:05:07.814+0000] {processor.py:830} INFO - Processing file /home/airflow/.local/lib/python3.8/site-packages/airflow/example_dags/example_setup_teardown.py for tasks to queue
[2024-04-20T17:05:07.815+0000] {logging_mixin.py:188} INFO - [2024-04-20T17:05:07.814+0000] {dagbag.py:540} INFO - Filling up the DagBag from /home/airflow/.local/lib/python3.8/site-packages/airflow/example_dags/example_setup_teardown.py
[2024-04-20T17:05:07.823+0000] {processor.py:840} INFO - DAG(s) 'example_setup_teardown' retrieved from /home/airflow/.local/lib/python3.8/site-packages/airflow/example_dags/example_setup_teardown.py
[2024-04-20T17:05:07.847+0000] {logging_mixin.py:188} INFO - [2024-04-20T17:05:07.847+0000] {dag.py:3047} INFO - Sync 1 DAGs
[2024-04-20T17:05:07.870+0000] {logging_mixin.py:188} INFO - [2024-04-20T17:05:07.870+0000] {dag.py:3834} INFO - Setting next_dagrun for example_setup_teardown to 2024-04-19 00:00:00+00:00, run_after=2024-04-20 00:00:00+00:00
[2024-04-20T17:05:08.151+0000] {processor.py:183} INFO - Processing /home/airflow/.local/lib/python3.8/site-packages/airflow/example_dags/example_setup_teardown.py took 0.342 seconds
[2024-04-20T17:05:38.393+0000] {processor.py:161} INFO - Started process (PID=10564) to work on /home/airflow/.local/lib/python3.8/site-packages/airflow/example_dags/example_setup_teardown.py
[2024-04-20T17:05:38.394+0000] {processor.py:830} INFO - Processing file /home/airflow/.local/lib/python3.8/site-packages/airflow/example_dags/example_setup_teardown.py for tasks to queue
[2024-04-20T17:05:38.396+0000] {logging_mixin.py:188} INFO - [2024-04-20T17:05:38.395+0000] {dagbag.py:540} INFO - Filling up the DagBag from /home/airflow/.local/lib/python3.8/site-packages/airflow/example_dags/example_setup_teardown.py
[2024-04-20T17:05:38.403+0000] {processor.py:840} INFO - DAG(s) 'example_setup_teardown' retrieved from /home/airflow/.local/lib/python3.8/site-packages/airflow/example_dags/example_setup_teardown.py
[2024-04-20T17:05:38.427+0000] {logging_mixin.py:188} INFO - [2024-04-20T17:05:38.427+0000] {dag.py:3047} INFO - Sync 1 DAGs
[2024-04-20T17:05:38.451+0000] {logging_mixin.py:188} INFO - [2024-04-20T17:05:38.450+0000] {dag.py:3834} INFO - Setting next_dagrun for example_setup_teardown to 2024-04-19 00:00:00+00:00, run_after=2024-04-20 00:00:00+00:00
[2024-04-20T17:05:38.624+0000] {processor.py:183} INFO - Processing /home/airflow/.local/lib/python3.8/site-packages/airflow/example_dags/example_setup_teardown.py took 0.234 seconds
[2024-04-20T17:06:09.279+0000] {processor.py:161} INFO - Started process (PID=10821) to work on /home/airflow/.local/lib/python3.8/site-packages/airflow/example_dags/example_setup_teardown.py
[2024-04-20T17:06:09.280+0000] {processor.py:830} INFO - Processing file /home/airflow/.local/lib/python3.8/site-packages/airflow/example_dags/example_setup_teardown.py for tasks to queue
[2024-04-20T17:06:09.281+0000] {logging_mixin.py:188} INFO - [2024-04-20T17:06:09.281+0000] {dagbag.py:540} INFO - Filling up the DagBag from /home/airflow/.local/lib/python3.8/site-packages/airflow/example_dags/example_setup_teardown.py
[2024-04-20T17:06:09.286+0000] {processor.py:840} INFO - DAG(s) 'example_setup_teardown' retrieved from /home/airflow/.local/lib/python3.8/site-packages/airflow/example_dags/example_setup_teardown.py
[2024-04-20T17:06:09.303+0000] {logging_mixin.py:188} INFO - [2024-04-20T17:06:09.303+0000] {dag.py:3047} INFO - Sync 1 DAGs
[2024-04-20T17:06:09.319+0000] {logging_mixin.py:188} INFO - [2024-04-20T17:06:09.319+0000] {dag.py:3834} INFO - Setting next_dagrun for example_setup_teardown to 2024-04-19 00:00:00+00:00, run_after=2024-04-20 00:00:00+00:00
[2024-04-20T17:06:09.472+0000] {processor.py:183} INFO - Processing /home/airflow/.local/lib/python3.8/site-packages/airflow/example_dags/example_setup_teardown.py took 0.195 seconds
