[2024-04-20T16:45:12.417+0000] {processor.py:161} INFO - Started process (PID=335) to work on /home/airflow/.local/lib/python3.8/site-packages/airflow/example_dags/example_xcomargs.py
[2024-04-20T16:45:12.418+0000] {processor.py:830} INFO - Processing file /home/airflow/.local/lib/python3.8/site-packages/airflow/example_dags/example_xcomargs.py for tasks to queue
[2024-04-20T16:45:12.419+0000] {logging_mixin.py:188} INFO - [2024-04-20T16:45:12.419+0000] {dagbag.py:540} INFO - Filling up the DagBag from /home/airflow/.local/lib/python3.8/site-packages/airflow/example_dags/example_xcomargs.py
[2024-04-20T16:45:12.426+0000] {processor.py:840} INFO - DAG(s) 'example_xcom_args', 'example_xcom_args_with_operators' retrieved from /home/airflow/.local/lib/python3.8/site-packages/airflow/example_dags/example_xcomargs.py
[2024-04-20T16:45:12.446+0000] {logging_mixin.py:188} INFO - [2024-04-20T16:45:12.446+0000] {dag.py:3047} INFO - Sync 2 DAGs
[2024-04-20T16:45:12.456+0000] {logging_mixin.py:188} INFO - [2024-04-20T16:45:12.456+0000] {dag.py:3834} INFO - Setting next_dagrun for example_xcom_args to None, run_after=None
[2024-04-20T16:45:12.459+0000] {logging_mixin.py:188} INFO - [2024-04-20T16:45:12.459+0000] {dag.py:3834} INFO - Setting next_dagrun for example_xcom_args_with_operators to None, run_after=None
[2024-04-20T16:45:12.813+0000] {processor.py:183} INFO - Processing /home/airflow/.local/lib/python3.8/site-packages/airflow/example_dags/example_xcomargs.py took 0.398 seconds
[2024-04-20T16:45:46.209+0000] {processor.py:161} INFO - Started process (PID=592) to work on /home/airflow/.local/lib/python3.8/site-packages/airflow/example_dags/example_xcomargs.py
[2024-04-20T16:45:46.210+0000] {processor.py:830} INFO - Processing file /home/airflow/.local/lib/python3.8/site-packages/airflow/example_dags/example_xcomargs.py for tasks to queue
[2024-04-20T16:45:46.211+0000] {logging_mixin.py:188} INFO - [2024-04-20T16:45:46.210+0000] {dagbag.py:540} INFO - Filling up the DagBag from /home/airflow/.local/lib/python3.8/site-packages/airflow/example_dags/example_xcomargs.py
[2024-04-20T16:45:46.217+0000] {processor.py:840} INFO - DAG(s) 'example_xcom_args_with_operators', 'example_xcom_args' retrieved from /home/airflow/.local/lib/python3.8/site-packages/airflow/example_dags/example_xcomargs.py
[2024-04-20T16:45:46.237+0000] {logging_mixin.py:188} INFO - [2024-04-20T16:45:46.237+0000] {dag.py:3047} INFO - Sync 2 DAGs
[2024-04-20T16:45:46.247+0000] {logging_mixin.py:188} INFO - [2024-04-20T16:45:46.247+0000] {dag.py:3834} INFO - Setting next_dagrun for example_xcom_args to None, run_after=None
[2024-04-20T16:45:46.250+0000] {logging_mixin.py:188} INFO - [2024-04-20T16:45:46.250+0000] {dag.py:3834} INFO - Setting next_dagrun for example_xcom_args_with_operators to None, run_after=None
[2024-04-20T16:45:46.602+0000] {processor.py:183} INFO - Processing /home/airflow/.local/lib/python3.8/site-packages/airflow/example_dags/example_xcomargs.py took 0.396 seconds
[2024-04-20T16:46:16.824+0000] {processor.py:161} INFO - Started process (PID=843) to work on /home/airflow/.local/lib/python3.8/site-packages/airflow/example_dags/example_xcomargs.py
[2024-04-20T16:46:16.825+0000] {processor.py:830} INFO - Processing file /home/airflow/.local/lib/python3.8/site-packages/airflow/example_dags/example_xcomargs.py for tasks to queue
[2024-04-20T16:46:16.826+0000] {logging_mixin.py:188} INFO - [2024-04-20T16:46:16.826+0000] {dagbag.py:540} INFO - Filling up the DagBag from /home/airflow/.local/lib/python3.8/site-packages/airflow/example_dags/example_xcomargs.py
[2024-04-20T16:46:16.836+0000] {processor.py:840} INFO - DAG(s) 'example_xcom_args', 'example_xcom_args_with_operators' retrieved from /home/airflow/.local/lib/python3.8/site-packages/airflow/example_dags/example_xcomargs.py
[2024-04-20T16:46:16.862+0000] {logging_mixin.py:188} INFO - [2024-04-20T16:46:16.862+0000] {dag.py:3047} INFO - Sync 2 DAGs
[2024-04-20T16:46:16.878+0000] {logging_mixin.py:188} INFO - [2024-04-20T16:46:16.877+0000] {dag.py:3834} INFO - Setting next_dagrun for example_xcom_args to None, run_after=None
[2024-04-20T16:46:16.881+0000] {logging_mixin.py:188} INFO - [2024-04-20T16:46:16.881+0000] {dag.py:3834} INFO - Setting next_dagrun for example_xcom_args_with_operators to None, run_after=None
[2024-04-20T16:46:17.153+0000] {processor.py:183} INFO - Processing /home/airflow/.local/lib/python3.8/site-packages/airflow/example_dags/example_xcomargs.py took 0.332 seconds
[2024-04-20T16:46:47.557+0000] {processor.py:161} INFO - Started process (PID=1100) to work on /home/airflow/.local/lib/python3.8/site-packages/airflow/example_dags/example_xcomargs.py
[2024-04-20T16:46:47.558+0000] {processor.py:830} INFO - Processing file /home/airflow/.local/lib/python3.8/site-packages/airflow/example_dags/example_xcomargs.py for tasks to queue
[2024-04-20T16:46:47.559+0000] {logging_mixin.py:188} INFO - [2024-04-20T16:46:47.559+0000] {dagbag.py:540} INFO - Filling up the DagBag from /home/airflow/.local/lib/python3.8/site-packages/airflow/example_dags/example_xcomargs.py
[2024-04-20T16:46:47.568+0000] {processor.py:840} INFO - DAG(s) 'example_xcom_args', 'example_xcom_args_with_operators' retrieved from /home/airflow/.local/lib/python3.8/site-packages/airflow/example_dags/example_xcomargs.py
[2024-04-20T16:46:47.596+0000] {logging_mixin.py:188} INFO - [2024-04-20T16:46:47.596+0000] {dag.py:3047} INFO - Sync 2 DAGs
[2024-04-20T16:46:47.612+0000] {logging_mixin.py:188} INFO - [2024-04-20T16:46:47.612+0000] {dag.py:3834} INFO - Setting next_dagrun for example_xcom_args to None, run_after=None
[2024-04-20T16:46:47.616+0000] {logging_mixin.py:188} INFO - [2024-04-20T16:46:47.616+0000] {dag.py:3834} INFO - Setting next_dagrun for example_xcom_args_with_operators to None, run_after=None
[2024-04-20T16:46:47.836+0000] {processor.py:183} INFO - Processing /home/airflow/.local/lib/python3.8/site-packages/airflow/example_dags/example_xcomargs.py took 0.282 seconds
[2024-04-20T16:47:18.716+0000] {processor.py:161} INFO - Started process (PID=1357) to work on /home/airflow/.local/lib/python3.8/site-packages/airflow/example_dags/example_xcomargs.py
[2024-04-20T16:47:18.717+0000] {processor.py:830} INFO - Processing file /home/airflow/.local/lib/python3.8/site-packages/airflow/example_dags/example_xcomargs.py for tasks to queue
[2024-04-20T16:47:18.718+0000] {logging_mixin.py:188} INFO - [2024-04-20T16:47:18.718+0000] {dagbag.py:540} INFO - Filling up the DagBag from /home/airflow/.local/lib/python3.8/site-packages/airflow/example_dags/example_xcomargs.py
[2024-04-20T16:47:18.728+0000] {processor.py:840} INFO - DAG(s) 'example_xcom_args_with_operators', 'example_xcom_args' retrieved from /home/airflow/.local/lib/python3.8/site-packages/airflow/example_dags/example_xcomargs.py
[2024-04-20T16:47:18.755+0000] {logging_mixin.py:188} INFO - [2024-04-20T16:47:18.755+0000] {dag.py:3047} INFO - Sync 2 DAGs
[2024-04-20T16:47:18.793+0000] {logging_mixin.py:188} INFO - [2024-04-20T16:47:18.793+0000] {dag.py:3834} INFO - Setting next_dagrun for example_xcom_args to None, run_after=None
[2024-04-20T16:47:18.796+0000] {logging_mixin.py:188} INFO - [2024-04-20T16:47:18.795+0000] {dag.py:3834} INFO - Setting next_dagrun for example_xcom_args_with_operators to None, run_after=None
[2024-04-20T16:47:19.197+0000] {processor.py:183} INFO - Processing /home/airflow/.local/lib/python3.8/site-packages/airflow/example_dags/example_xcomargs.py took 0.485 seconds
[2024-04-20T16:47:49.427+0000] {processor.py:161} INFO - Started process (PID=1616) to work on /home/airflow/.local/lib/python3.8/site-packages/airflow/example_dags/example_xcomargs.py
[2024-04-20T16:47:49.428+0000] {processor.py:830} INFO - Processing file /home/airflow/.local/lib/python3.8/site-packages/airflow/example_dags/example_xcomargs.py for tasks to queue
[2024-04-20T16:47:49.429+0000] {logging_mixin.py:188} INFO - [2024-04-20T16:47:49.428+0000] {dagbag.py:540} INFO - Filling up the DagBag from /home/airflow/.local/lib/python3.8/site-packages/airflow/example_dags/example_xcomargs.py
[2024-04-20T16:47:49.435+0000] {processor.py:840} INFO - DAG(s) 'example_xcom_args', 'example_xcom_args_with_operators' retrieved from /home/airflow/.local/lib/python3.8/site-packages/airflow/example_dags/example_xcomargs.py
[2024-04-20T16:47:49.454+0000] {logging_mixin.py:188} INFO - [2024-04-20T16:47:49.454+0000] {dag.py:3047} INFO - Sync 2 DAGs
[2024-04-20T16:47:49.464+0000] {logging_mixin.py:188} INFO - [2024-04-20T16:47:49.463+0000] {dag.py:3834} INFO - Setting next_dagrun for example_xcom_args to None, run_after=None
[2024-04-20T16:47:49.466+0000] {logging_mixin.py:188} INFO - [2024-04-20T16:47:49.466+0000] {dag.py:3834} INFO - Setting next_dagrun for example_xcom_args_with_operators to None, run_after=None
[2024-04-20T16:47:49.615+0000] {processor.py:183} INFO - Processing /home/airflow/.local/lib/python3.8/site-packages/airflow/example_dags/example_xcomargs.py took 0.190 seconds
[2024-04-20T16:48:19.889+0000] {processor.py:161} INFO - Started process (PID=1871) to work on /home/airflow/.local/lib/python3.8/site-packages/airflow/example_dags/example_xcomargs.py
[2024-04-20T16:48:19.889+0000] {processor.py:830} INFO - Processing file /home/airflow/.local/lib/python3.8/site-packages/airflow/example_dags/example_xcomargs.py for tasks to queue
[2024-04-20T16:48:19.890+0000] {logging_mixin.py:188} INFO - [2024-04-20T16:48:19.890+0000] {dagbag.py:540} INFO - Filling up the DagBag from /home/airflow/.local/lib/python3.8/site-packages/airflow/example_dags/example_xcomargs.py
[2024-04-20T16:48:19.897+0000] {processor.py:840} INFO - DAG(s) 'example_xcom_args_with_operators', 'example_xcom_args' retrieved from /home/airflow/.local/lib/python3.8/site-packages/airflow/example_dags/example_xcomargs.py
[2024-04-20T16:48:19.921+0000] {logging_mixin.py:188} INFO - [2024-04-20T16:48:19.921+0000] {dag.py:3047} INFO - Sync 2 DAGs
[2024-04-20T16:48:19.931+0000] {logging_mixin.py:188} INFO - [2024-04-20T16:48:19.931+0000] {dag.py:3834} INFO - Setting next_dagrun for example_xcom_args to None, run_after=None
[2024-04-20T16:48:19.934+0000] {logging_mixin.py:188} INFO - [2024-04-20T16:48:19.934+0000] {dag.py:3834} INFO - Setting next_dagrun for example_xcom_args_with_operators to None, run_after=None
[2024-04-20T16:48:20.078+0000] {processor.py:183} INFO - Processing /home/airflow/.local/lib/python3.8/site-packages/airflow/example_dags/example_xcomargs.py took 0.192 seconds
[2024-04-20T16:48:50.957+0000] {processor.py:161} INFO - Started process (PID=2128) to work on /home/airflow/.local/lib/python3.8/site-packages/airflow/example_dags/example_xcomargs.py
[2024-04-20T16:48:50.958+0000] {processor.py:830} INFO - Processing file /home/airflow/.local/lib/python3.8/site-packages/airflow/example_dags/example_xcomargs.py for tasks to queue
[2024-04-20T16:48:50.958+0000] {logging_mixin.py:188} INFO - [2024-04-20T16:48:50.958+0000] {dagbag.py:540} INFO - Filling up the DagBag from /home/airflow/.local/lib/python3.8/site-packages/airflow/example_dags/example_xcomargs.py
[2024-04-20T16:48:50.965+0000] {processor.py:840} INFO - DAG(s) 'example_xcom_args', 'example_xcom_args_with_operators' retrieved from /home/airflow/.local/lib/python3.8/site-packages/airflow/example_dags/example_xcomargs.py
[2024-04-20T16:48:50.984+0000] {logging_mixin.py:188} INFO - [2024-04-20T16:48:50.984+0000] {dag.py:3047} INFO - Sync 2 DAGs
[2024-04-20T16:48:50.994+0000] {logging_mixin.py:188} INFO - [2024-04-20T16:48:50.994+0000] {dag.py:3834} INFO - Setting next_dagrun for example_xcom_args to None, run_after=None
[2024-04-20T16:48:50.997+0000] {logging_mixin.py:188} INFO - [2024-04-20T16:48:50.997+0000] {dag.py:3834} INFO - Setting next_dagrun for example_xcom_args_with_operators to None, run_after=None
[2024-04-20T16:48:51.149+0000] {processor.py:183} INFO - Processing /home/airflow/.local/lib/python3.8/site-packages/airflow/example_dags/example_xcomargs.py took 0.195 seconds
[2024-04-20T16:49:21.477+0000] {processor.py:161} INFO - Started process (PID=2385) to work on /home/airflow/.local/lib/python3.8/site-packages/airflow/example_dags/example_xcomargs.py
[2024-04-20T16:49:21.478+0000] {processor.py:830} INFO - Processing file /home/airflow/.local/lib/python3.8/site-packages/airflow/example_dags/example_xcomargs.py for tasks to queue
[2024-04-20T16:49:21.479+0000] {logging_mixin.py:188} INFO - [2024-04-20T16:49:21.479+0000] {dagbag.py:540} INFO - Filling up the DagBag from /home/airflow/.local/lib/python3.8/site-packages/airflow/example_dags/example_xcomargs.py
[2024-04-20T16:49:21.485+0000] {processor.py:840} INFO - DAG(s) 'example_xcom_args_with_operators', 'example_xcom_args' retrieved from /home/airflow/.local/lib/python3.8/site-packages/airflow/example_dags/example_xcomargs.py
[2024-04-20T16:49:21.505+0000] {logging_mixin.py:188} INFO - [2024-04-20T16:49:21.504+0000] {dag.py:3047} INFO - Sync 2 DAGs
[2024-04-20T16:49:21.515+0000] {logging_mixin.py:188} INFO - [2024-04-20T16:49:21.515+0000] {dag.py:3834} INFO - Setting next_dagrun for example_xcom_args to None, run_after=None
[2024-04-20T16:49:21.518+0000] {logging_mixin.py:188} INFO - [2024-04-20T16:49:21.518+0000] {dag.py:3834} INFO - Setting next_dagrun for example_xcom_args_with_operators to None, run_after=None
[2024-04-20T16:49:21.719+0000] {processor.py:183} INFO - Processing /home/airflow/.local/lib/python3.8/site-packages/airflow/example_dags/example_xcomargs.py took 0.245 seconds
[2024-04-20T16:49:51.887+0000] {processor.py:161} INFO - Started process (PID=2643) to work on /home/airflow/.local/lib/python3.8/site-packages/airflow/example_dags/example_xcomargs.py
[2024-04-20T16:49:51.888+0000] {processor.py:830} INFO - Processing file /home/airflow/.local/lib/python3.8/site-packages/airflow/example_dags/example_xcomargs.py for tasks to queue
[2024-04-20T16:49:51.888+0000] {logging_mixin.py:188} INFO - [2024-04-20T16:49:51.888+0000] {dagbag.py:540} INFO - Filling up the DagBag from /home/airflow/.local/lib/python3.8/site-packages/airflow/example_dags/example_xcomargs.py
[2024-04-20T16:49:51.895+0000] {processor.py:840} INFO - DAG(s) 'example_xcom_args_with_operators', 'example_xcom_args' retrieved from /home/airflow/.local/lib/python3.8/site-packages/airflow/example_dags/example_xcomargs.py
[2024-04-20T16:49:51.914+0000] {logging_mixin.py:188} INFO - [2024-04-20T16:49:51.914+0000] {dag.py:3047} INFO - Sync 2 DAGs
[2024-04-20T16:49:51.924+0000] {logging_mixin.py:188} INFO - [2024-04-20T16:49:51.924+0000] {dag.py:3834} INFO - Setting next_dagrun for example_xcom_args to None, run_after=None
[2024-04-20T16:49:51.926+0000] {logging_mixin.py:188} INFO - [2024-04-20T16:49:51.926+0000] {dag.py:3834} INFO - Setting next_dagrun for example_xcom_args_with_operators to None, run_after=None
[2024-04-20T16:49:52.077+0000] {processor.py:183} INFO - Processing /home/airflow/.local/lib/python3.8/site-packages/airflow/example_dags/example_xcomargs.py took 0.193 seconds
[2024-04-20T16:50:22.552+0000] {processor.py:161} INFO - Started process (PID=2900) to work on /home/airflow/.local/lib/python3.8/site-packages/airflow/example_dags/example_xcomargs.py
[2024-04-20T16:50:22.552+0000] {processor.py:830} INFO - Processing file /home/airflow/.local/lib/python3.8/site-packages/airflow/example_dags/example_xcomargs.py for tasks to queue
[2024-04-20T16:50:22.553+0000] {logging_mixin.py:188} INFO - [2024-04-20T16:50:22.553+0000] {dagbag.py:540} INFO - Filling up the DagBag from /home/airflow/.local/lib/python3.8/site-packages/airflow/example_dags/example_xcomargs.py
[2024-04-20T16:50:22.560+0000] {processor.py:840} INFO - DAG(s) 'example_xcom_args_with_operators', 'example_xcom_args' retrieved from /home/airflow/.local/lib/python3.8/site-packages/airflow/example_dags/example_xcomargs.py
[2024-04-20T16:50:22.583+0000] {logging_mixin.py:188} INFO - [2024-04-20T16:50:22.583+0000] {dag.py:3047} INFO - Sync 2 DAGs
[2024-04-20T16:50:22.599+0000] {logging_mixin.py:188} INFO - [2024-04-20T16:50:22.598+0000] {dag.py:3834} INFO - Setting next_dagrun for example_xcom_args to None, run_after=None
[2024-04-20T16:50:22.601+0000] {logging_mixin.py:188} INFO - [2024-04-20T16:50:22.601+0000] {dag.py:3834} INFO - Setting next_dagrun for example_xcom_args_with_operators to None, run_after=None
[2024-04-20T16:50:23.158+0000] {processor.py:183} INFO - Processing /home/airflow/.local/lib/python3.8/site-packages/airflow/example_dags/example_xcomargs.py took 0.609 seconds
[2024-04-20T16:50:54.156+0000] {processor.py:161} INFO - Started process (PID=3160) to work on /home/airflow/.local/lib/python3.8/site-packages/airflow/example_dags/example_xcomargs.py
[2024-04-20T16:50:54.157+0000] {processor.py:830} INFO - Processing file /home/airflow/.local/lib/python3.8/site-packages/airflow/example_dags/example_xcomargs.py for tasks to queue
[2024-04-20T16:50:54.158+0000] {logging_mixin.py:188} INFO - [2024-04-20T16:50:54.158+0000] {dagbag.py:540} INFO - Filling up the DagBag from /home/airflow/.local/lib/python3.8/site-packages/airflow/example_dags/example_xcomargs.py
[2024-04-20T16:50:54.167+0000] {processor.py:840} INFO - DAG(s) 'example_xcom_args', 'example_xcom_args_with_operators' retrieved from /home/airflow/.local/lib/python3.8/site-packages/airflow/example_dags/example_xcomargs.py
[2024-04-20T16:50:54.198+0000] {logging_mixin.py:188} INFO - [2024-04-20T16:50:54.198+0000] {dag.py:3047} INFO - Sync 2 DAGs
[2024-04-20T16:50:54.214+0000] {logging_mixin.py:188} INFO - [2024-04-20T16:50:54.214+0000] {dag.py:3834} INFO - Setting next_dagrun for example_xcom_args to None, run_after=None
[2024-04-20T16:50:54.218+0000] {logging_mixin.py:188} INFO - [2024-04-20T16:50:54.217+0000] {dag.py:3834} INFO - Setting next_dagrun for example_xcom_args_with_operators to None, run_after=None
[2024-04-20T16:50:54.390+0000] {processor.py:183} INFO - Processing /home/airflow/.local/lib/python3.8/site-packages/airflow/example_dags/example_xcomargs.py took 0.237 seconds
[2024-04-20T16:51:24.610+0000] {processor.py:161} INFO - Started process (PID=3417) to work on /home/airflow/.local/lib/python3.8/site-packages/airflow/example_dags/example_xcomargs.py
[2024-04-20T16:51:24.611+0000] {processor.py:830} INFO - Processing file /home/airflow/.local/lib/python3.8/site-packages/airflow/example_dags/example_xcomargs.py for tasks to queue
[2024-04-20T16:51:24.612+0000] {logging_mixin.py:188} INFO - [2024-04-20T16:51:24.611+0000] {dagbag.py:540} INFO - Filling up the DagBag from /home/airflow/.local/lib/python3.8/site-packages/airflow/example_dags/example_xcomargs.py
[2024-04-20T16:51:24.625+0000] {processor.py:840} INFO - DAG(s) 'example_xcom_args_with_operators', 'example_xcom_args' retrieved from /home/airflow/.local/lib/python3.8/site-packages/airflow/example_dags/example_xcomargs.py
[2024-04-20T16:51:24.654+0000] {logging_mixin.py:188} INFO - [2024-04-20T16:51:24.653+0000] {dag.py:3047} INFO - Sync 2 DAGs
[2024-04-20T16:51:24.669+0000] {logging_mixin.py:188} INFO - [2024-04-20T16:51:24.669+0000] {dag.py:3834} INFO - Setting next_dagrun for example_xcom_args to None, run_after=None
[2024-04-20T16:51:24.673+0000] {logging_mixin.py:188} INFO - [2024-04-20T16:51:24.673+0000] {dag.py:3834} INFO - Setting next_dagrun for example_xcom_args_with_operators to None, run_after=None
[2024-04-20T16:51:24.795+0000] {processor.py:183} INFO - Processing /home/airflow/.local/lib/python3.8/site-packages/airflow/example_dags/example_xcomargs.py took 0.189 seconds
[2024-04-20T16:51:55.269+0000] {processor.py:161} INFO - Started process (PID=3674) to work on /home/airflow/.local/lib/python3.8/site-packages/airflow/example_dags/example_xcomargs.py
[2024-04-20T16:51:55.270+0000] {processor.py:830} INFO - Processing file /home/airflow/.local/lib/python3.8/site-packages/airflow/example_dags/example_xcomargs.py for tasks to queue
[2024-04-20T16:51:55.271+0000] {logging_mixin.py:188} INFO - [2024-04-20T16:51:55.270+0000] {dagbag.py:540} INFO - Filling up the DagBag from /home/airflow/.local/lib/python3.8/site-packages/airflow/example_dags/example_xcomargs.py
[2024-04-20T16:51:55.280+0000] {processor.py:840} INFO - DAG(s) 'example_xcom_args', 'example_xcom_args_with_operators' retrieved from /home/airflow/.local/lib/python3.8/site-packages/airflow/example_dags/example_xcomargs.py
[2024-04-20T16:51:55.307+0000] {logging_mixin.py:188} INFO - [2024-04-20T16:51:55.307+0000] {dag.py:3047} INFO - Sync 2 DAGs
[2024-04-20T16:51:55.322+0000] {logging_mixin.py:188} INFO - [2024-04-20T16:51:55.322+0000] {dag.py:3834} INFO - Setting next_dagrun for example_xcom_args to None, run_after=None
[2024-04-20T16:51:55.326+0000] {logging_mixin.py:188} INFO - [2024-04-20T16:51:55.326+0000] {dag.py:3834} INFO - Setting next_dagrun for example_xcom_args_with_operators to None, run_after=None
[2024-04-20T16:51:55.497+0000] {processor.py:183} INFO - Processing /home/airflow/.local/lib/python3.8/site-packages/airflow/example_dags/example_xcomargs.py took 0.232 seconds
[2024-04-20T16:52:25.695+0000] {processor.py:161} INFO - Started process (PID=3931) to work on /home/airflow/.local/lib/python3.8/site-packages/airflow/example_dags/example_xcomargs.py
[2024-04-20T16:52:25.696+0000] {processor.py:830} INFO - Processing file /home/airflow/.local/lib/python3.8/site-packages/airflow/example_dags/example_xcomargs.py for tasks to queue
[2024-04-20T16:52:25.697+0000] {logging_mixin.py:188} INFO - [2024-04-20T16:52:25.696+0000] {dagbag.py:540} INFO - Filling up the DagBag from /home/airflow/.local/lib/python3.8/site-packages/airflow/example_dags/example_xcomargs.py
[2024-04-20T16:52:25.703+0000] {processor.py:840} INFO - DAG(s) 'example_xcom_args', 'example_xcom_args_with_operators' retrieved from /home/airflow/.local/lib/python3.8/site-packages/airflow/example_dags/example_xcomargs.py
[2024-04-20T16:52:25.722+0000] {logging_mixin.py:188} INFO - [2024-04-20T16:52:25.721+0000] {dag.py:3047} INFO - Sync 2 DAGs
[2024-04-20T16:52:25.732+0000] {logging_mixin.py:188} INFO - [2024-04-20T16:52:25.732+0000] {dag.py:3834} INFO - Setting next_dagrun for example_xcom_args to None, run_after=None
[2024-04-20T16:52:25.734+0000] {logging_mixin.py:188} INFO - [2024-04-20T16:52:25.734+0000] {dag.py:3834} INFO - Setting next_dagrun for example_xcom_args_with_operators to None, run_after=None
[2024-04-20T16:52:25.905+0000] {processor.py:183} INFO - Processing /home/airflow/.local/lib/python3.8/site-packages/airflow/example_dags/example_xcomargs.py took 0.212 seconds
[2024-04-20T16:52:56.101+0000] {processor.py:161} INFO - Started process (PID=4188) to work on /home/airflow/.local/lib/python3.8/site-packages/airflow/example_dags/example_xcomargs.py
[2024-04-20T16:52:56.102+0000] {processor.py:830} INFO - Processing file /home/airflow/.local/lib/python3.8/site-packages/airflow/example_dags/example_xcomargs.py for tasks to queue
[2024-04-20T16:52:56.103+0000] {logging_mixin.py:188} INFO - [2024-04-20T16:52:56.102+0000] {dagbag.py:540} INFO - Filling up the DagBag from /home/airflow/.local/lib/python3.8/site-packages/airflow/example_dags/example_xcomargs.py
[2024-04-20T16:52:56.109+0000] {processor.py:840} INFO - DAG(s) 'example_xcom_args_with_operators', 'example_xcom_args' retrieved from /home/airflow/.local/lib/python3.8/site-packages/airflow/example_dags/example_xcomargs.py
[2024-04-20T16:52:56.128+0000] {logging_mixin.py:188} INFO - [2024-04-20T16:52:56.128+0000] {dag.py:3047} INFO - Sync 2 DAGs
[2024-04-20T16:52:56.138+0000] {logging_mixin.py:188} INFO - [2024-04-20T16:52:56.138+0000] {dag.py:3834} INFO - Setting next_dagrun for example_xcom_args to None, run_after=None
[2024-04-20T16:52:56.140+0000] {logging_mixin.py:188} INFO - [2024-04-20T16:52:56.140+0000] {dag.py:3834} INFO - Setting next_dagrun for example_xcom_args_with_operators to None, run_after=None
[2024-04-20T16:52:56.279+0000] {processor.py:183} INFO - Processing /home/airflow/.local/lib/python3.8/site-packages/airflow/example_dags/example_xcomargs.py took 0.180 seconds
[2024-04-20T16:53:26.629+0000] {processor.py:161} INFO - Started process (PID=4446) to work on /home/airflow/.local/lib/python3.8/site-packages/airflow/example_dags/example_xcomargs.py
[2024-04-20T16:53:26.629+0000] {processor.py:830} INFO - Processing file /home/airflow/.local/lib/python3.8/site-packages/airflow/example_dags/example_xcomargs.py for tasks to queue
[2024-04-20T16:53:26.630+0000] {logging_mixin.py:188} INFO - [2024-04-20T16:53:26.630+0000] {dagbag.py:540} INFO - Filling up the DagBag from /home/airflow/.local/lib/python3.8/site-packages/airflow/example_dags/example_xcomargs.py
[2024-04-20T16:53:26.636+0000] {processor.py:840} INFO - DAG(s) 'example_xcom_args_with_operators', 'example_xcom_args' retrieved from /home/airflow/.local/lib/python3.8/site-packages/airflow/example_dags/example_xcomargs.py
[2024-04-20T16:53:26.656+0000] {logging_mixin.py:188} INFO - [2024-04-20T16:53:26.656+0000] {dag.py:3047} INFO - Sync 2 DAGs
[2024-04-20T16:53:26.666+0000] {logging_mixin.py:188} INFO - [2024-04-20T16:53:26.666+0000] {dag.py:3834} INFO - Setting next_dagrun for example_xcom_args to None, run_after=None
[2024-04-20T16:53:26.669+0000] {logging_mixin.py:188} INFO - [2024-04-20T16:53:26.669+0000] {dag.py:3834} INFO - Setting next_dagrun for example_xcom_args_with_operators to None, run_after=None
[2024-04-20T16:53:26.792+0000] {processor.py:183} INFO - Processing /home/airflow/.local/lib/python3.8/site-packages/airflow/example_dags/example_xcomargs.py took 0.166 seconds
[2024-04-20T16:53:57.235+0000] {processor.py:161} INFO - Started process (PID=4703) to work on /home/airflow/.local/lib/python3.8/site-packages/airflow/example_dags/example_xcomargs.py
[2024-04-20T16:53:57.237+0000] {processor.py:830} INFO - Processing file /home/airflow/.local/lib/python3.8/site-packages/airflow/example_dags/example_xcomargs.py for tasks to queue
[2024-04-20T16:53:57.238+0000] {logging_mixin.py:188} INFO - [2024-04-20T16:53:57.237+0000] {dagbag.py:540} INFO - Filling up the DagBag from /home/airflow/.local/lib/python3.8/site-packages/airflow/example_dags/example_xcomargs.py
[2024-04-20T16:53:57.262+0000] {processor.py:840} INFO - DAG(s) 'example_xcom_args_with_operators', 'example_xcom_args' retrieved from /home/airflow/.local/lib/python3.8/site-packages/airflow/example_dags/example_xcomargs.py
[2024-04-20T16:53:57.299+0000] {logging_mixin.py:188} INFO - [2024-04-20T16:53:57.299+0000] {dag.py:3047} INFO - Sync 2 DAGs
[2024-04-20T16:53:57.314+0000] {logging_mixin.py:188} INFO - [2024-04-20T16:53:57.314+0000] {dag.py:3834} INFO - Setting next_dagrun for example_xcom_args to None, run_after=None
[2024-04-20T16:53:57.319+0000] {logging_mixin.py:188} INFO - [2024-04-20T16:53:57.318+0000] {dag.py:3834} INFO - Setting next_dagrun for example_xcom_args_with_operators to None, run_after=None
[2024-04-20T16:53:57.710+0000] {processor.py:183} INFO - Processing /home/airflow/.local/lib/python3.8/site-packages/airflow/example_dags/example_xcomargs.py took 0.478 seconds
[2024-04-20T16:54:28.050+0000] {processor.py:161} INFO - Started process (PID=4959) to work on /home/airflow/.local/lib/python3.8/site-packages/airflow/example_dags/example_xcomargs.py
[2024-04-20T16:54:28.052+0000] {processor.py:830} INFO - Processing file /home/airflow/.local/lib/python3.8/site-packages/airflow/example_dags/example_xcomargs.py for tasks to queue
[2024-04-20T16:54:28.053+0000] {logging_mixin.py:188} INFO - [2024-04-20T16:54:28.052+0000] {dagbag.py:540} INFO - Filling up the DagBag from /home/airflow/.local/lib/python3.8/site-packages/airflow/example_dags/example_xcomargs.py
[2024-04-20T16:54:28.062+0000] {processor.py:840} INFO - DAG(s) 'example_xcom_args', 'example_xcom_args_with_operators' retrieved from /home/airflow/.local/lib/python3.8/site-packages/airflow/example_dags/example_xcomargs.py
[2024-04-20T16:54:28.090+0000] {logging_mixin.py:188} INFO - [2024-04-20T16:54:28.090+0000] {dag.py:3047} INFO - Sync 2 DAGs
[2024-04-20T16:54:28.105+0000] {logging_mixin.py:188} INFO - [2024-04-20T16:54:28.105+0000] {dag.py:3834} INFO - Setting next_dagrun for example_xcom_args to None, run_after=None
[2024-04-20T16:54:28.109+0000] {logging_mixin.py:188} INFO - [2024-04-20T16:54:28.109+0000] {dag.py:3834} INFO - Setting next_dagrun for example_xcom_args_with_operators to None, run_after=None
[2024-04-20T16:54:28.281+0000] {processor.py:183} INFO - Processing /home/airflow/.local/lib/python3.8/site-packages/airflow/example_dags/example_xcomargs.py took 0.234 seconds
[2024-04-20T16:54:58.636+0000] {processor.py:161} INFO - Started process (PID=5217) to work on /home/airflow/.local/lib/python3.8/site-packages/airflow/example_dags/example_xcomargs.py
[2024-04-20T16:54:58.638+0000] {processor.py:830} INFO - Processing file /home/airflow/.local/lib/python3.8/site-packages/airflow/example_dags/example_xcomargs.py for tasks to queue
[2024-04-20T16:54:58.639+0000] {logging_mixin.py:188} INFO - [2024-04-20T16:54:58.639+0000] {dagbag.py:540} INFO - Filling up the DagBag from /home/airflow/.local/lib/python3.8/site-packages/airflow/example_dags/example_xcomargs.py
[2024-04-20T16:54:58.649+0000] {processor.py:840} INFO - DAG(s) 'example_xcom_args', 'example_xcom_args_with_operators' retrieved from /home/airflow/.local/lib/python3.8/site-packages/airflow/example_dags/example_xcomargs.py
[2024-04-20T16:54:58.682+0000] {logging_mixin.py:188} INFO - [2024-04-20T16:54:58.682+0000] {dag.py:3047} INFO - Sync 2 DAGs
[2024-04-20T16:54:58.696+0000] {logging_mixin.py:188} INFO - [2024-04-20T16:54:58.696+0000] {dag.py:3834} INFO - Setting next_dagrun for example_xcom_args to None, run_after=None
[2024-04-20T16:54:58.700+0000] {logging_mixin.py:188} INFO - [2024-04-20T16:54:58.700+0000] {dag.py:3834} INFO - Setting next_dagrun for example_xcom_args_with_operators to None, run_after=None
[2024-04-20T16:54:58.822+0000] {processor.py:183} INFO - Processing /home/airflow/.local/lib/python3.8/site-packages/airflow/example_dags/example_xcomargs.py took 0.188 seconds
[2024-04-20T16:55:29.019+0000] {processor.py:161} INFO - Started process (PID=5474) to work on /home/airflow/.local/lib/python3.8/site-packages/airflow/example_dags/example_xcomargs.py
[2024-04-20T16:55:29.020+0000] {processor.py:830} INFO - Processing file /home/airflow/.local/lib/python3.8/site-packages/airflow/example_dags/example_xcomargs.py for tasks to queue
[2024-04-20T16:55:29.021+0000] {logging_mixin.py:188} INFO - [2024-04-20T16:55:29.020+0000] {dagbag.py:540} INFO - Filling up the DagBag from /home/airflow/.local/lib/python3.8/site-packages/airflow/example_dags/example_xcomargs.py
[2024-04-20T16:55:29.030+0000] {processor.py:840} INFO - DAG(s) 'example_xcom_args_with_operators', 'example_xcom_args' retrieved from /home/airflow/.local/lib/python3.8/site-packages/airflow/example_dags/example_xcomargs.py
[2024-04-20T16:55:29.060+0000] {logging_mixin.py:188} INFO - [2024-04-20T16:55:29.059+0000] {dag.py:3047} INFO - Sync 2 DAGs
[2024-04-20T16:55:29.075+0000] {logging_mixin.py:188} INFO - [2024-04-20T16:55:29.075+0000] {dag.py:3834} INFO - Setting next_dagrun for example_xcom_args to None, run_after=None
[2024-04-20T16:55:29.079+0000] {logging_mixin.py:188} INFO - [2024-04-20T16:55:29.078+0000] {dag.py:3834} INFO - Setting next_dagrun for example_xcom_args_with_operators to None, run_after=None
[2024-04-20T16:55:29.250+0000] {processor.py:183} INFO - Processing /home/airflow/.local/lib/python3.8/site-packages/airflow/example_dags/example_xcomargs.py took 0.234 seconds
[2024-04-20T16:55:59.281+0000] {processor.py:161} INFO - Started process (PID=5732) to work on /home/airflow/.local/lib/python3.8/site-packages/airflow/example_dags/example_xcomargs.py
[2024-04-20T16:55:59.281+0000] {processor.py:830} INFO - Processing file /home/airflow/.local/lib/python3.8/site-packages/airflow/example_dags/example_xcomargs.py for tasks to queue
[2024-04-20T16:55:59.282+0000] {logging_mixin.py:188} INFO - [2024-04-20T16:55:59.282+0000] {dagbag.py:540} INFO - Filling up the DagBag from /home/airflow/.local/lib/python3.8/site-packages/airflow/example_dags/example_xcomargs.py
[2024-04-20T16:55:59.289+0000] {processor.py:840} INFO - DAG(s) 'example_xcom_args_with_operators', 'example_xcom_args' retrieved from /home/airflow/.local/lib/python3.8/site-packages/airflow/example_dags/example_xcomargs.py
[2024-04-20T16:55:59.307+0000] {logging_mixin.py:188} INFO - [2024-04-20T16:55:59.307+0000] {dag.py:3047} INFO - Sync 2 DAGs
[2024-04-20T16:55:59.317+0000] {logging_mixin.py:188} INFO - [2024-04-20T16:55:59.317+0000] {dag.py:3834} INFO - Setting next_dagrun for example_xcom_args to None, run_after=None
[2024-04-20T16:55:59.320+0000] {logging_mixin.py:188} INFO - [2024-04-20T16:55:59.320+0000] {dag.py:3834} INFO - Setting next_dagrun for example_xcom_args_with_operators to None, run_after=None
[2024-04-20T16:55:59.440+0000] {processor.py:183} INFO - Processing /home/airflow/.local/lib/python3.8/site-packages/airflow/example_dags/example_xcomargs.py took 0.162 seconds
[2024-04-20T16:56:29.639+0000] {processor.py:161} INFO - Started process (PID=5989) to work on /home/airflow/.local/lib/python3.8/site-packages/airflow/example_dags/example_xcomargs.py
[2024-04-20T16:56:29.639+0000] {processor.py:830} INFO - Processing file /home/airflow/.local/lib/python3.8/site-packages/airflow/example_dags/example_xcomargs.py for tasks to queue
[2024-04-20T16:56:29.640+0000] {logging_mixin.py:188} INFO - [2024-04-20T16:56:29.640+0000] {dagbag.py:540} INFO - Filling up the DagBag from /home/airflow/.local/lib/python3.8/site-packages/airflow/example_dags/example_xcomargs.py
[2024-04-20T16:56:29.647+0000] {processor.py:840} INFO - DAG(s) 'example_xcom_args_with_operators', 'example_xcom_args' retrieved from /home/airflow/.local/lib/python3.8/site-packages/airflow/example_dags/example_xcomargs.py
[2024-04-20T16:56:29.666+0000] {logging_mixin.py:188} INFO - [2024-04-20T16:56:29.666+0000] {dag.py:3047} INFO - Sync 2 DAGs
[2024-04-20T16:56:29.676+0000] {logging_mixin.py:188} INFO - [2024-04-20T16:56:29.676+0000] {dag.py:3834} INFO - Setting next_dagrun for example_xcom_args to None, run_after=None
[2024-04-20T16:56:29.678+0000] {logging_mixin.py:188} INFO - [2024-04-20T16:56:29.678+0000] {dag.py:3834} INFO - Setting next_dagrun for example_xcom_args_with_operators to None, run_after=None
[2024-04-20T16:56:29.799+0000] {processor.py:183} INFO - Processing /home/airflow/.local/lib/python3.8/site-packages/airflow/example_dags/example_xcomargs.py took 0.163 seconds
[2024-04-20T16:57:00.141+0000] {processor.py:161} INFO - Started process (PID=6246) to work on /home/airflow/.local/lib/python3.8/site-packages/airflow/example_dags/example_xcomargs.py
[2024-04-20T16:57:00.142+0000] {processor.py:830} INFO - Processing file /home/airflow/.local/lib/python3.8/site-packages/airflow/example_dags/example_xcomargs.py for tasks to queue
[2024-04-20T16:57:00.143+0000] {logging_mixin.py:188} INFO - [2024-04-20T16:57:00.143+0000] {dagbag.py:540} INFO - Filling up the DagBag from /home/airflow/.local/lib/python3.8/site-packages/airflow/example_dags/example_xcomargs.py
[2024-04-20T16:57:00.152+0000] {processor.py:840} INFO - DAG(s) 'example_xcom_args', 'example_xcom_args_with_operators' retrieved from /home/airflow/.local/lib/python3.8/site-packages/airflow/example_dags/example_xcomargs.py
[2024-04-20T16:57:00.180+0000] {logging_mixin.py:188} INFO - [2024-04-20T16:57:00.180+0000] {dag.py:3047} INFO - Sync 2 DAGs
[2024-04-20T16:57:00.195+0000] {logging_mixin.py:188} INFO - [2024-04-20T16:57:00.195+0000] {dag.py:3834} INFO - Setting next_dagrun for example_xcom_args to None, run_after=None
[2024-04-20T16:57:00.199+0000] {logging_mixin.py:188} INFO - [2024-04-20T16:57:00.199+0000] {dag.py:3834} INFO - Setting next_dagrun for example_xcom_args_with_operators to None, run_after=None
[2024-04-20T16:57:00.320+0000] {processor.py:183} INFO - Processing /home/airflow/.local/lib/python3.8/site-packages/airflow/example_dags/example_xcomargs.py took 0.182 seconds
[2024-04-20T16:57:30.681+0000] {processor.py:161} INFO - Started process (PID=6504) to work on /home/airflow/.local/lib/python3.8/site-packages/airflow/example_dags/example_xcomargs.py
[2024-04-20T16:57:30.682+0000] {processor.py:830} INFO - Processing file /home/airflow/.local/lib/python3.8/site-packages/airflow/example_dags/example_xcomargs.py for tasks to queue
[2024-04-20T16:57:30.683+0000] {logging_mixin.py:188} INFO - [2024-04-20T16:57:30.683+0000] {dagbag.py:540} INFO - Filling up the DagBag from /home/airflow/.local/lib/python3.8/site-packages/airflow/example_dags/example_xcomargs.py
[2024-04-20T16:57:30.692+0000] {processor.py:840} INFO - DAG(s) 'example_xcom_args', 'example_xcom_args_with_operators' retrieved from /home/airflow/.local/lib/python3.8/site-packages/airflow/example_dags/example_xcomargs.py
[2024-04-20T16:57:30.741+0000] {logging_mixin.py:188} INFO - [2024-04-20T16:57:30.741+0000] {dag.py:3047} INFO - Sync 2 DAGs
[2024-04-20T16:57:30.757+0000] {logging_mixin.py:188} INFO - [2024-04-20T16:57:30.757+0000] {dag.py:3834} INFO - Setting next_dagrun for example_xcom_args to None, run_after=None
[2024-04-20T16:57:30.762+0000] {logging_mixin.py:188} INFO - [2024-04-20T16:57:30.761+0000] {dag.py:3834} INFO - Setting next_dagrun for example_xcom_args_with_operators to None, run_after=None
[2024-04-20T16:57:30.943+0000] {processor.py:183} INFO - Processing /home/airflow/.local/lib/python3.8/site-packages/airflow/example_dags/example_xcomargs.py took 0.265 seconds
[2024-04-20T16:58:01.243+0000] {processor.py:161} INFO - Started process (PID=6761) to work on /home/airflow/.local/lib/python3.8/site-packages/airflow/example_dags/example_xcomargs.py
[2024-04-20T16:58:01.245+0000] {processor.py:830} INFO - Processing file /home/airflow/.local/lib/python3.8/site-packages/airflow/example_dags/example_xcomargs.py for tasks to queue
[2024-04-20T16:58:01.246+0000] {logging_mixin.py:188} INFO - [2024-04-20T16:58:01.245+0000] {dagbag.py:540} INFO - Filling up the DagBag from /home/airflow/.local/lib/python3.8/site-packages/airflow/example_dags/example_xcomargs.py
[2024-04-20T16:58:01.256+0000] {processor.py:840} INFO - DAG(s) 'example_xcom_args', 'example_xcom_args_with_operators' retrieved from /home/airflow/.local/lib/python3.8/site-packages/airflow/example_dags/example_xcomargs.py
[2024-04-20T16:58:01.284+0000] {logging_mixin.py:188} INFO - [2024-04-20T16:58:01.284+0000] {dag.py:3047} INFO - Sync 2 DAGs
[2024-04-20T16:58:01.299+0000] {logging_mixin.py:188} INFO - [2024-04-20T16:58:01.298+0000] {dag.py:3834} INFO - Setting next_dagrun for example_xcom_args to None, run_after=None
[2024-04-20T16:58:01.303+0000] {logging_mixin.py:188} INFO - [2024-04-20T16:58:01.302+0000] {dag.py:3834} INFO - Setting next_dagrun for example_xcom_args_with_operators to None, run_after=None
[2024-04-20T16:58:01.424+0000] {processor.py:183} INFO - Processing /home/airflow/.local/lib/python3.8/site-packages/airflow/example_dags/example_xcomargs.py took 0.184 seconds
[2024-04-20T16:58:31.637+0000] {processor.py:161} INFO - Started process (PID=7020) to work on /home/airflow/.local/lib/python3.8/site-packages/airflow/example_dags/example_xcomargs.py
[2024-04-20T16:58:31.637+0000] {processor.py:830} INFO - Processing file /home/airflow/.local/lib/python3.8/site-packages/airflow/example_dags/example_xcomargs.py for tasks to queue
[2024-04-20T16:58:31.638+0000] {logging_mixin.py:188} INFO - [2024-04-20T16:58:31.638+0000] {dagbag.py:540} INFO - Filling up the DagBag from /home/airflow/.local/lib/python3.8/site-packages/airflow/example_dags/example_xcomargs.py
[2024-04-20T16:58:31.648+0000] {processor.py:840} INFO - DAG(s) 'example_xcom_args', 'example_xcom_args_with_operators' retrieved from /home/airflow/.local/lib/python3.8/site-packages/airflow/example_dags/example_xcomargs.py
[2024-04-20T16:58:31.677+0000] {logging_mixin.py:188} INFO - [2024-04-20T16:58:31.677+0000] {dag.py:3047} INFO - Sync 2 DAGs
[2024-04-20T16:58:31.698+0000] {logging_mixin.py:188} INFO - [2024-04-20T16:58:31.697+0000] {dag.py:3834} INFO - Setting next_dagrun for example_xcom_args to None, run_after=None
[2024-04-20T16:58:31.701+0000] {logging_mixin.py:188} INFO - [2024-04-20T16:58:31.701+0000] {dag.py:3834} INFO - Setting next_dagrun for example_xcom_args_with_operators to None, run_after=None
[2024-04-20T16:58:31.958+0000] {processor.py:183} INFO - Processing /home/airflow/.local/lib/python3.8/site-packages/airflow/example_dags/example_xcomargs.py took 0.325 seconds
[2024-04-20T16:59:02.126+0000] {processor.py:161} INFO - Started process (PID=7277) to work on /home/airflow/.local/lib/python3.8/site-packages/airflow/example_dags/example_xcomargs.py
[2024-04-20T16:59:02.128+0000] {processor.py:830} INFO - Processing file /home/airflow/.local/lib/python3.8/site-packages/airflow/example_dags/example_xcomargs.py for tasks to queue
[2024-04-20T16:59:02.129+0000] {logging_mixin.py:188} INFO - [2024-04-20T16:59:02.128+0000] {dagbag.py:540} INFO - Filling up the DagBag from /home/airflow/.local/lib/python3.8/site-packages/airflow/example_dags/example_xcomargs.py
[2024-04-20T16:59:02.138+0000] {processor.py:840} INFO - DAG(s) 'example_xcom_args', 'example_xcom_args_with_operators' retrieved from /home/airflow/.local/lib/python3.8/site-packages/airflow/example_dags/example_xcomargs.py
[2024-04-20T16:59:02.167+0000] {logging_mixin.py:188} INFO - [2024-04-20T16:59:02.167+0000] {dag.py:3047} INFO - Sync 2 DAGs
[2024-04-20T16:59:02.182+0000] {logging_mixin.py:188} INFO - [2024-04-20T16:59:02.182+0000] {dag.py:3834} INFO - Setting next_dagrun for example_xcom_args to None, run_after=None
[2024-04-20T16:59:02.186+0000] {logging_mixin.py:188} INFO - [2024-04-20T16:59:02.186+0000] {dag.py:3834} INFO - Setting next_dagrun for example_xcom_args_with_operators to None, run_after=None
[2024-04-20T16:59:02.307+0000] {processor.py:183} INFO - Processing /home/airflow/.local/lib/python3.8/site-packages/airflow/example_dags/example_xcomargs.py took 0.184 seconds
[2024-04-20T16:59:33.467+0000] {processor.py:161} INFO - Started process (PID=7532) to work on /home/airflow/.local/lib/python3.8/site-packages/airflow/example_dags/example_xcomargs.py
[2024-04-20T16:59:33.467+0000] {processor.py:830} INFO - Processing file /home/airflow/.local/lib/python3.8/site-packages/airflow/example_dags/example_xcomargs.py for tasks to queue
[2024-04-20T16:59:33.468+0000] {logging_mixin.py:188} INFO - [2024-04-20T16:59:33.468+0000] {dagbag.py:540} INFO - Filling up the DagBag from /home/airflow/.local/lib/python3.8/site-packages/airflow/example_dags/example_xcomargs.py
[2024-04-20T16:59:33.475+0000] {processor.py:840} INFO - DAG(s) 'example_xcom_args', 'example_xcom_args_with_operators' retrieved from /home/airflow/.local/lib/python3.8/site-packages/airflow/example_dags/example_xcomargs.py
[2024-04-20T16:59:33.494+0000] {logging_mixin.py:188} INFO - [2024-04-20T16:59:33.493+0000] {dag.py:3047} INFO - Sync 2 DAGs
[2024-04-20T16:59:33.504+0000] {logging_mixin.py:188} INFO - [2024-04-20T16:59:33.503+0000] {dag.py:3834} INFO - Setting next_dagrun for example_xcom_args to None, run_after=None
[2024-04-20T16:59:33.506+0000] {logging_mixin.py:188} INFO - [2024-04-20T16:59:33.506+0000] {dag.py:3834} INFO - Setting next_dagrun for example_xcom_args_with_operators to None, run_after=None
[2024-04-20T16:59:34.076+0000] {processor.py:183} INFO - Processing /home/airflow/.local/lib/python3.8/site-packages/airflow/example_dags/example_xcomargs.py took 0.612 seconds
[2024-04-20T17:00:04.856+0000] {processor.py:161} INFO - Started process (PID=7791) to work on /home/airflow/.local/lib/python3.8/site-packages/airflow/example_dags/example_xcomargs.py
[2024-04-20T17:00:04.857+0000] {processor.py:830} INFO - Processing file /home/airflow/.local/lib/python3.8/site-packages/airflow/example_dags/example_xcomargs.py for tasks to queue
[2024-04-20T17:00:04.858+0000] {logging_mixin.py:188} INFO - [2024-04-20T17:00:04.858+0000] {dagbag.py:540} INFO - Filling up the DagBag from /home/airflow/.local/lib/python3.8/site-packages/airflow/example_dags/example_xcomargs.py
[2024-04-20T17:00:04.869+0000] {processor.py:840} INFO - DAG(s) 'example_xcom_args', 'example_xcom_args_with_operators' retrieved from /home/airflow/.local/lib/python3.8/site-packages/airflow/example_dags/example_xcomargs.py
[2024-04-20T17:00:04.896+0000] {logging_mixin.py:188} INFO - [2024-04-20T17:00:04.896+0000] {dag.py:3047} INFO - Sync 2 DAGs
[2024-04-20T17:00:04.912+0000] {logging_mixin.py:188} INFO - [2024-04-20T17:00:04.911+0000] {dag.py:3834} INFO - Setting next_dagrun for example_xcom_args to None, run_after=None
[2024-04-20T17:00:04.915+0000] {logging_mixin.py:188} INFO - [2024-04-20T17:00:04.915+0000] {dag.py:3834} INFO - Setting next_dagrun for example_xcom_args_with_operators to None, run_after=None
[2024-04-20T17:00:05.037+0000] {processor.py:183} INFO - Processing /home/airflow/.local/lib/python3.8/site-packages/airflow/example_dags/example_xcomargs.py took 0.184 seconds
[2024-04-20T17:00:35.075+0000] {processor.py:161} INFO - Started process (PID=8048) to work on /home/airflow/.local/lib/python3.8/site-packages/airflow/example_dags/example_xcomargs.py
[2024-04-20T17:00:35.075+0000] {processor.py:830} INFO - Processing file /home/airflow/.local/lib/python3.8/site-packages/airflow/example_dags/example_xcomargs.py for tasks to queue
[2024-04-20T17:00:35.076+0000] {logging_mixin.py:188} INFO - [2024-04-20T17:00:35.076+0000] {dagbag.py:540} INFO - Filling up the DagBag from /home/airflow/.local/lib/python3.8/site-packages/airflow/example_dags/example_xcomargs.py
[2024-04-20T17:00:35.083+0000] {processor.py:840} INFO - DAG(s) 'example_xcom_args', 'example_xcom_args_with_operators' retrieved from /home/airflow/.local/lib/python3.8/site-packages/airflow/example_dags/example_xcomargs.py
[2024-04-20T17:00:35.102+0000] {logging_mixin.py:188} INFO - [2024-04-20T17:00:35.101+0000] {dag.py:3047} INFO - Sync 2 DAGs
[2024-04-20T17:00:35.112+0000] {logging_mixin.py:188} INFO - [2024-04-20T17:00:35.112+0000] {dag.py:3834} INFO - Setting next_dagrun for example_xcom_args to None, run_after=None
[2024-04-20T17:00:35.115+0000] {logging_mixin.py:188} INFO - [2024-04-20T17:00:35.115+0000] {dag.py:3834} INFO - Setting next_dagrun for example_xcom_args_with_operators to None, run_after=None
[2024-04-20T17:00:35.234+0000] {processor.py:183} INFO - Processing /home/airflow/.local/lib/python3.8/site-packages/airflow/example_dags/example_xcomargs.py took 0.162 seconds
[2024-04-20T17:01:05.277+0000] {processor.py:161} INFO - Started process (PID=8304) to work on /home/airflow/.local/lib/python3.8/site-packages/airflow/example_dags/example_xcomargs.py
[2024-04-20T17:01:05.277+0000] {processor.py:830} INFO - Processing file /home/airflow/.local/lib/python3.8/site-packages/airflow/example_dags/example_xcomargs.py for tasks to queue
[2024-04-20T17:01:05.278+0000] {logging_mixin.py:188} INFO - [2024-04-20T17:01:05.278+0000] {dagbag.py:540} INFO - Filling up the DagBag from /home/airflow/.local/lib/python3.8/site-packages/airflow/example_dags/example_xcomargs.py
[2024-04-20T17:01:05.288+0000] {processor.py:840} INFO - DAG(s) 'example_xcom_args_with_operators', 'example_xcom_args' retrieved from /home/airflow/.local/lib/python3.8/site-packages/airflow/example_dags/example_xcomargs.py
[2024-04-20T17:01:05.313+0000] {logging_mixin.py:188} INFO - [2024-04-20T17:01:05.313+0000] {dag.py:3047} INFO - Sync 2 DAGs
[2024-04-20T17:01:05.328+0000] {logging_mixin.py:188} INFO - [2024-04-20T17:01:05.328+0000] {dag.py:3834} INFO - Setting next_dagrun for example_xcom_args to None, run_after=None
[2024-04-20T17:01:05.332+0000] {logging_mixin.py:188} INFO - [2024-04-20T17:01:05.332+0000] {dag.py:3834} INFO - Setting next_dagrun for example_xcom_args_with_operators to None, run_after=None
[2024-04-20T17:01:05.457+0000] {processor.py:183} INFO - Processing /home/airflow/.local/lib/python3.8/site-packages/airflow/example_dags/example_xcomargs.py took 0.183 seconds
[2024-04-20T17:01:35.918+0000] {processor.py:161} INFO - Started process (PID=8562) to work on /home/airflow/.local/lib/python3.8/site-packages/airflow/example_dags/example_xcomargs.py
[2024-04-20T17:01:35.919+0000] {processor.py:830} INFO - Processing file /home/airflow/.local/lib/python3.8/site-packages/airflow/example_dags/example_xcomargs.py for tasks to queue
[2024-04-20T17:01:35.920+0000] {logging_mixin.py:188} INFO - [2024-04-20T17:01:35.919+0000] {dagbag.py:540} INFO - Filling up the DagBag from /home/airflow/.local/lib/python3.8/site-packages/airflow/example_dags/example_xcomargs.py
[2024-04-20T17:01:35.929+0000] {processor.py:840} INFO - DAG(s) 'example_xcom_args', 'example_xcom_args_with_operators' retrieved from /home/airflow/.local/lib/python3.8/site-packages/airflow/example_dags/example_xcomargs.py
[2024-04-20T17:01:35.954+0000] {logging_mixin.py:188} INFO - [2024-04-20T17:01:35.954+0000] {dag.py:3047} INFO - Sync 2 DAGs
[2024-04-20T17:01:35.969+0000] {logging_mixin.py:188} INFO - [2024-04-20T17:01:35.969+0000] {dag.py:3834} INFO - Setting next_dagrun for example_xcom_args to None, run_after=None
[2024-04-20T17:01:35.973+0000] {logging_mixin.py:188} INFO - [2024-04-20T17:01:35.972+0000] {dag.py:3834} INFO - Setting next_dagrun for example_xcom_args_with_operators to None, run_after=None
[2024-04-20T17:01:36.095+0000] {processor.py:183} INFO - Processing /home/airflow/.local/lib/python3.8/site-packages/airflow/example_dags/example_xcomargs.py took 0.181 seconds
[2024-04-20T17:02:06.324+0000] {processor.py:161} INFO - Started process (PID=8819) to work on /home/airflow/.local/lib/python3.8/site-packages/airflow/example_dags/example_xcomargs.py
[2024-04-20T17:02:06.324+0000] {processor.py:830} INFO - Processing file /home/airflow/.local/lib/python3.8/site-packages/airflow/example_dags/example_xcomargs.py for tasks to queue
[2024-04-20T17:02:06.325+0000] {logging_mixin.py:188} INFO - [2024-04-20T17:02:06.325+0000] {dagbag.py:540} INFO - Filling up the DagBag from /home/airflow/.local/lib/python3.8/site-packages/airflow/example_dags/example_xcomargs.py
[2024-04-20T17:02:06.334+0000] {processor.py:840} INFO - DAG(s) 'example_xcom_args_with_operators', 'example_xcom_args' retrieved from /home/airflow/.local/lib/python3.8/site-packages/airflow/example_dags/example_xcomargs.py
[2024-04-20T17:02:06.361+0000] {logging_mixin.py:188} INFO - [2024-04-20T17:02:06.360+0000] {dag.py:3047} INFO - Sync 2 DAGs
[2024-04-20T17:02:06.376+0000] {logging_mixin.py:188} INFO - [2024-04-20T17:02:06.376+0000] {dag.py:3834} INFO - Setting next_dagrun for example_xcom_args to None, run_after=None
[2024-04-20T17:02:06.380+0000] {logging_mixin.py:188} INFO - [2024-04-20T17:02:06.380+0000] {dag.py:3834} INFO - Setting next_dagrun for example_xcom_args_with_operators to None, run_after=None
[2024-04-20T17:02:06.745+0000] {processor.py:183} INFO - Processing /home/airflow/.local/lib/python3.8/site-packages/airflow/example_dags/example_xcomargs.py took 0.425 seconds
[2024-04-20T17:02:36.842+0000] {processor.py:161} INFO - Started process (PID=9077) to work on /home/airflow/.local/lib/python3.8/site-packages/airflow/example_dags/example_xcomargs.py
[2024-04-20T17:02:36.843+0000] {processor.py:830} INFO - Processing file /home/airflow/.local/lib/python3.8/site-packages/airflow/example_dags/example_xcomargs.py for tasks to queue
[2024-04-20T17:02:36.845+0000] {logging_mixin.py:188} INFO - [2024-04-20T17:02:36.844+0000] {dagbag.py:540} INFO - Filling up the DagBag from /home/airflow/.local/lib/python3.8/site-packages/airflow/example_dags/example_xcomargs.py
[2024-04-20T17:02:36.854+0000] {processor.py:840} INFO - DAG(s) 'example_xcom_args_with_operators', 'example_xcom_args' retrieved from /home/airflow/.local/lib/python3.8/site-packages/airflow/example_dags/example_xcomargs.py
[2024-04-20T17:02:36.879+0000] {logging_mixin.py:188} INFO - [2024-04-20T17:02:36.879+0000] {dag.py:3047} INFO - Sync 2 DAGs
[2024-04-20T17:02:36.894+0000] {logging_mixin.py:188} INFO - [2024-04-20T17:02:36.894+0000] {dag.py:3834} INFO - Setting next_dagrun for example_xcom_args to None, run_after=None
[2024-04-20T17:02:36.898+0000] {logging_mixin.py:188} INFO - [2024-04-20T17:02:36.897+0000] {dag.py:3834} INFO - Setting next_dagrun for example_xcom_args_with_operators to None, run_after=None
[2024-04-20T17:02:37.070+0000] {processor.py:183} INFO - Processing /home/airflow/.local/lib/python3.8/site-packages/airflow/example_dags/example_xcomargs.py took 0.231 seconds
[2024-04-20T17:03:07.606+0000] {processor.py:161} INFO - Started process (PID=9335) to work on /home/airflow/.local/lib/python3.8/site-packages/airflow/example_dags/example_xcomargs.py
[2024-04-20T17:03:07.607+0000] {processor.py:830} INFO - Processing file /home/airflow/.local/lib/python3.8/site-packages/airflow/example_dags/example_xcomargs.py for tasks to queue
[2024-04-20T17:03:07.608+0000] {logging_mixin.py:188} INFO - [2024-04-20T17:03:07.608+0000] {dagbag.py:540} INFO - Filling up the DagBag from /home/airflow/.local/lib/python3.8/site-packages/airflow/example_dags/example_xcomargs.py
[2024-04-20T17:03:07.618+0000] {processor.py:840} INFO - DAG(s) 'example_xcom_args', 'example_xcom_args_with_operators' retrieved from /home/airflow/.local/lib/python3.8/site-packages/airflow/example_dags/example_xcomargs.py
[2024-04-20T17:03:07.644+0000] {logging_mixin.py:188} INFO - [2024-04-20T17:03:07.643+0000] {dag.py:3047} INFO - Sync 2 DAGs
[2024-04-20T17:03:07.659+0000] {logging_mixin.py:188} INFO - [2024-04-20T17:03:07.659+0000] {dag.py:3834} INFO - Setting next_dagrun for example_xcom_args to None, run_after=None
[2024-04-20T17:03:07.663+0000] {logging_mixin.py:188} INFO - [2024-04-20T17:03:07.663+0000] {dag.py:3834} INFO - Setting next_dagrun for example_xcom_args_with_operators to None, run_after=None
[2024-04-20T17:03:07.934+0000] {processor.py:183} INFO - Processing /home/airflow/.local/lib/python3.8/site-packages/airflow/example_dags/example_xcomargs.py took 0.331 seconds
[2024-04-20T17:03:37.992+0000] {processor.py:161} INFO - Started process (PID=9589) to work on /home/airflow/.local/lib/python3.8/site-packages/airflow/example_dags/example_xcomargs.py
[2024-04-20T17:03:37.993+0000] {processor.py:830} INFO - Processing file /home/airflow/.local/lib/python3.8/site-packages/airflow/example_dags/example_xcomargs.py for tasks to queue
[2024-04-20T17:03:37.994+0000] {logging_mixin.py:188} INFO - [2024-04-20T17:03:37.993+0000] {dagbag.py:540} INFO - Filling up the DagBag from /home/airflow/.local/lib/python3.8/site-packages/airflow/example_dags/example_xcomargs.py
[2024-04-20T17:03:38.000+0000] {processor.py:840} INFO - DAG(s) 'example_xcom_args_with_operators', 'example_xcom_args' retrieved from /home/airflow/.local/lib/python3.8/site-packages/airflow/example_dags/example_xcomargs.py
[2024-04-20T17:03:38.019+0000] {logging_mixin.py:188} INFO - [2024-04-20T17:03:38.018+0000] {dag.py:3047} INFO - Sync 2 DAGs
[2024-04-20T17:03:38.028+0000] {logging_mixin.py:188} INFO - [2024-04-20T17:03:38.028+0000] {dag.py:3834} INFO - Setting next_dagrun for example_xcom_args to None, run_after=None
[2024-04-20T17:03:38.031+0000] {logging_mixin.py:188} INFO - [2024-04-20T17:03:38.031+0000] {dag.py:3834} INFO - Setting next_dagrun for example_xcom_args_with_operators to None, run_after=None
[2024-04-20T17:03:38.154+0000] {processor.py:183} INFO - Processing /home/airflow/.local/lib/python3.8/site-packages/airflow/example_dags/example_xcomargs.py took 0.164 seconds
[2024-04-20T17:04:08.196+0000] {processor.py:161} INFO - Started process (PID=9846) to work on /home/airflow/.local/lib/python3.8/site-packages/airflow/example_dags/example_xcomargs.py
[2024-04-20T17:04:08.197+0000] {processor.py:830} INFO - Processing file /home/airflow/.local/lib/python3.8/site-packages/airflow/example_dags/example_xcomargs.py for tasks to queue
[2024-04-20T17:04:08.198+0000] {logging_mixin.py:188} INFO - [2024-04-20T17:04:08.197+0000] {dagbag.py:540} INFO - Filling up the DagBag from /home/airflow/.local/lib/python3.8/site-packages/airflow/example_dags/example_xcomargs.py
[2024-04-20T17:04:08.204+0000] {processor.py:840} INFO - DAG(s) 'example_xcom_args_with_operators', 'example_xcom_args' retrieved from /home/airflow/.local/lib/python3.8/site-packages/airflow/example_dags/example_xcomargs.py
[2024-04-20T17:04:08.223+0000] {logging_mixin.py:188} INFO - [2024-04-20T17:04:08.223+0000] {dag.py:3047} INFO - Sync 2 DAGs
[2024-04-20T17:04:08.233+0000] {logging_mixin.py:188} INFO - [2024-04-20T17:04:08.233+0000] {dag.py:3834} INFO - Setting next_dagrun for example_xcom_args to None, run_after=None
[2024-04-20T17:04:08.236+0000] {logging_mixin.py:188} INFO - [2024-04-20T17:04:08.235+0000] {dag.py:3834} INFO - Setting next_dagrun for example_xcom_args_with_operators to None, run_after=None
[2024-04-20T17:04:08.404+0000] {processor.py:183} INFO - Processing /home/airflow/.local/lib/python3.8/site-packages/airflow/example_dags/example_xcomargs.py took 0.210 seconds
[2024-04-20T17:04:38.738+0000] {processor.py:161} INFO - Started process (PID=10106) to work on /home/airflow/.local/lib/python3.8/site-packages/airflow/example_dags/example_xcomargs.py
[2024-04-20T17:04:38.738+0000] {processor.py:830} INFO - Processing file /home/airflow/.local/lib/python3.8/site-packages/airflow/example_dags/example_xcomargs.py for tasks to queue
[2024-04-20T17:04:38.739+0000] {logging_mixin.py:188} INFO - [2024-04-20T17:04:38.739+0000] {dagbag.py:540} INFO - Filling up the DagBag from /home/airflow/.local/lib/python3.8/site-packages/airflow/example_dags/example_xcomargs.py
[2024-04-20T17:04:38.749+0000] {processor.py:840} INFO - DAG(s) 'example_xcom_args_with_operators', 'example_xcom_args' retrieved from /home/airflow/.local/lib/python3.8/site-packages/airflow/example_dags/example_xcomargs.py
[2024-04-20T17:04:38.775+0000] {logging_mixin.py:188} INFO - [2024-04-20T17:04:38.775+0000] {dag.py:3047} INFO - Sync 2 DAGs
[2024-04-20T17:04:38.790+0000] {logging_mixin.py:188} INFO - [2024-04-20T17:04:38.790+0000] {dag.py:3834} INFO - Setting next_dagrun for example_xcom_args to None, run_after=None
[2024-04-20T17:04:38.794+0000] {logging_mixin.py:188} INFO - [2024-04-20T17:04:38.794+0000] {dag.py:3834} INFO - Setting next_dagrun for example_xcom_args_with_operators to None, run_after=None
[2024-04-20T17:04:39.012+0000] {processor.py:183} INFO - Processing /home/airflow/.local/lib/python3.8/site-packages/airflow/example_dags/example_xcomargs.py took 0.278 seconds
[2024-04-20T17:05:09.664+0000] {processor.py:161} INFO - Started process (PID=10363) to work on /home/airflow/.local/lib/python3.8/site-packages/airflow/example_dags/example_xcomargs.py
[2024-04-20T17:05:09.665+0000] {processor.py:830} INFO - Processing file /home/airflow/.local/lib/python3.8/site-packages/airflow/example_dags/example_xcomargs.py for tasks to queue
[2024-04-20T17:05:09.666+0000] {logging_mixin.py:188} INFO - [2024-04-20T17:05:09.666+0000] {dagbag.py:540} INFO - Filling up the DagBag from /home/airflow/.local/lib/python3.8/site-packages/airflow/example_dags/example_xcomargs.py
[2024-04-20T17:05:09.677+0000] {processor.py:840} INFO - DAG(s) 'example_xcom_args', 'example_xcom_args_with_operators' retrieved from /home/airflow/.local/lib/python3.8/site-packages/airflow/example_dags/example_xcomargs.py
[2024-04-20T17:05:09.703+0000] {logging_mixin.py:188} INFO - [2024-04-20T17:05:09.702+0000] {dag.py:3047} INFO - Sync 2 DAGs
[2024-04-20T17:05:09.718+0000] {logging_mixin.py:188} INFO - [2024-04-20T17:05:09.718+0000] {dag.py:3834} INFO - Setting next_dagrun for example_xcom_args to None, run_after=None
[2024-04-20T17:05:09.722+0000] {logging_mixin.py:188} INFO - [2024-04-20T17:05:09.722+0000] {dag.py:3834} INFO - Setting next_dagrun for example_xcom_args_with_operators to None, run_after=None
[2024-04-20T17:05:09.949+0000] {processor.py:183} INFO - Processing /home/airflow/.local/lib/python3.8/site-packages/airflow/example_dags/example_xcomargs.py took 0.288 seconds
[2024-04-20T17:05:40.397+0000] {processor.py:161} INFO - Started process (PID=10620) to work on /home/airflow/.local/lib/python3.8/site-packages/airflow/example_dags/example_xcomargs.py
[2024-04-20T17:05:40.397+0000] {processor.py:830} INFO - Processing file /home/airflow/.local/lib/python3.8/site-packages/airflow/example_dags/example_xcomargs.py for tasks to queue
[2024-04-20T17:05:40.398+0000] {logging_mixin.py:188} INFO - [2024-04-20T17:05:40.398+0000] {dagbag.py:540} INFO - Filling up the DagBag from /home/airflow/.local/lib/python3.8/site-packages/airflow/example_dags/example_xcomargs.py
[2024-04-20T17:05:40.405+0000] {processor.py:840} INFO - DAG(s) 'example_xcom_args', 'example_xcom_args_with_operators' retrieved from /home/airflow/.local/lib/python3.8/site-packages/airflow/example_dags/example_xcomargs.py
[2024-04-20T17:05:40.424+0000] {logging_mixin.py:188} INFO - [2024-04-20T17:05:40.424+0000] {dag.py:3047} INFO - Sync 2 DAGs
[2024-04-20T17:05:40.434+0000] {logging_mixin.py:188} INFO - [2024-04-20T17:05:40.434+0000] {dag.py:3834} INFO - Setting next_dagrun for example_xcom_args to None, run_after=None
[2024-04-20T17:05:40.437+0000] {logging_mixin.py:188} INFO - [2024-04-20T17:05:40.437+0000] {dag.py:3834} INFO - Setting next_dagrun for example_xcom_args_with_operators to None, run_after=None
[2024-04-20T17:05:40.587+0000] {processor.py:183} INFO - Processing /home/airflow/.local/lib/python3.8/site-packages/airflow/example_dags/example_xcomargs.py took 0.193 seconds
[2024-04-20T17:06:11.217+0000] {processor.py:161} INFO - Started process (PID=10877) to work on /home/airflow/.local/lib/python3.8/site-packages/airflow/example_dags/example_xcomargs.py
[2024-04-20T17:06:11.218+0000] {processor.py:830} INFO - Processing file /home/airflow/.local/lib/python3.8/site-packages/airflow/example_dags/example_xcomargs.py for tasks to queue
[2024-04-20T17:06:11.219+0000] {logging_mixin.py:188} INFO - [2024-04-20T17:06:11.218+0000] {dagbag.py:540} INFO - Filling up the DagBag from /home/airflow/.local/lib/python3.8/site-packages/airflow/example_dags/example_xcomargs.py
[2024-04-20T17:06:11.225+0000] {processor.py:840} INFO - DAG(s) 'example_xcom_args', 'example_xcom_args_with_operators' retrieved from /home/airflow/.local/lib/python3.8/site-packages/airflow/example_dags/example_xcomargs.py
[2024-04-20T17:06:11.244+0000] {logging_mixin.py:188} INFO - [2024-04-20T17:06:11.244+0000] {dag.py:3047} INFO - Sync 2 DAGs
[2024-04-20T17:06:11.256+0000] {logging_mixin.py:188} INFO - [2024-04-20T17:06:11.256+0000] {dag.py:3834} INFO - Setting next_dagrun for example_xcom_args to None, run_after=None
[2024-04-20T17:06:11.259+0000] {logging_mixin.py:188} INFO - [2024-04-20T17:06:11.258+0000] {dag.py:3834} INFO - Setting next_dagrun for example_xcom_args_with_operators to None, run_after=None
[2024-04-20T17:06:11.408+0000] {processor.py:183} INFO - Processing /home/airflow/.local/lib/python3.8/site-packages/airflow/example_dags/example_xcomargs.py took 0.193 seconds
