[2024-04-20T16:45:11.493+0000] {processor.py:161} INFO - Started process (PID=312) to work on /home/airflow/.local/lib/python3.8/site-packages/airflow/example_dags/example_subdag_operator.py
[2024-04-20T16:45:11.494+0000] {processor.py:830} INFO - Processing file /home/airflow/.local/lib/python3.8/site-packages/airflow/example_dags/example_subdag_operator.py for tasks to queue
[2024-04-20T16:45:11.495+0000] {logging_mixin.py:188} INFO - [2024-04-20T16:45:11.495+0000] {dagbag.py:540} INFO - Filling up the DagBag from /home/airflow/.local/lib/python3.8/site-packages/airflow/example_dags/example_subdag_operator.py
[2024-04-20T16:45:11.525+0000] {processor.py:840} INFO - DAG(s) 'example_subdag_operator.section-1', 'example_subdag_operator.section-2', 'example_subdag_operator' retrieved from /home/airflow/.local/lib/python3.8/site-packages/airflow/example_dags/example_subdag_operator.py
[2024-04-20T16:45:11.546+0000] {logging_mixin.py:188} INFO - [2024-04-20T16:45:11.545+0000] {dag.py:3047} INFO - Sync 3 DAGs
[2024-04-20T16:45:11.571+0000] {logging_mixin.py:188} INFO - [2024-04-20T16:45:11.571+0000] {dag.py:3834} INFO - Setting next_dagrun for example_subdag_operator to 2022-01-01 00:00:00+00:00, run_after=2022-01-01 00:00:00+00:00
[2024-04-20T16:45:11.575+0000] {logging_mixin.py:188} INFO - [2024-04-20T16:45:11.575+0000] {dag.py:3834} INFO - Setting next_dagrun for example_subdag_operator.section-1 to None, run_after=None
[2024-04-20T16:45:11.577+0000] {logging_mixin.py:188} INFO - [2024-04-20T16:45:11.577+0000] {dag.py:3834} INFO - Setting next_dagrun for example_subdag_operator.section-2 to None, run_after=None
[2024-04-20T16:45:11.584+0000] {logging_mixin.py:188} INFO - [2024-04-20T16:45:11.584+0000] {dag.py:3047} INFO - Sync 2 DAGs
[2024-04-20T16:45:11.590+0000] {logging_mixin.py:188} INFO - [2024-04-20T16:45:11.590+0000] {dag.py:3834} INFO - Setting next_dagrun for example_subdag_operator.section-1 to None, run_after=None
[2024-04-20T16:45:11.591+0000] {logging_mixin.py:188} INFO - [2024-04-20T16:45:11.591+0000] {dag.py:3834} INFO - Setting next_dagrun for example_subdag_operator.section-2 to None, run_after=None
[2024-04-20T16:45:11.876+0000] {processor.py:183} INFO - Processing /home/airflow/.local/lib/python3.8/site-packages/airflow/example_dags/example_subdag_operator.py took 0.385 seconds
[2024-04-20T16:45:44.532+0000] {processor.py:161} INFO - Started process (PID=567) to work on /home/airflow/.local/lib/python3.8/site-packages/airflow/example_dags/example_subdag_operator.py
[2024-04-20T16:45:44.533+0000] {processor.py:830} INFO - Processing file /home/airflow/.local/lib/python3.8/site-packages/airflow/example_dags/example_subdag_operator.py for tasks to queue
[2024-04-20T16:45:44.534+0000] {logging_mixin.py:188} INFO - [2024-04-20T16:45:44.534+0000] {dagbag.py:540} INFO - Filling up the DagBag from /home/airflow/.local/lib/python3.8/site-packages/airflow/example_dags/example_subdag_operator.py
[2024-04-20T16:45:44.554+0000] {processor.py:840} INFO - DAG(s) 'example_subdag_operator.section-1', 'example_subdag_operator.section-2', 'example_subdag_operator' retrieved from /home/airflow/.local/lib/python3.8/site-packages/airflow/example_dags/example_subdag_operator.py
[2024-04-20T16:45:44.566+0000] {logging_mixin.py:188} INFO - [2024-04-20T16:45:44.566+0000] {dag.py:3047} INFO - Sync 3 DAGs
[2024-04-20T16:45:44.584+0000] {logging_mixin.py:188} INFO - [2024-04-20T16:45:44.583+0000] {dag.py:3834} INFO - Setting next_dagrun for example_subdag_operator to 2022-01-01 00:00:00+00:00, run_after=2022-01-01 00:00:00+00:00
[2024-04-20T16:45:44.586+0000] {logging_mixin.py:188} INFO - [2024-04-20T16:45:44.586+0000] {dag.py:3834} INFO - Setting next_dagrun for example_subdag_operator.section-1 to None, run_after=None
[2024-04-20T16:45:44.588+0000] {logging_mixin.py:188} INFO - [2024-04-20T16:45:44.587+0000] {dag.py:3834} INFO - Setting next_dagrun for example_subdag_operator.section-2 to None, run_after=None
[2024-04-20T16:45:44.593+0000] {logging_mixin.py:188} INFO - [2024-04-20T16:45:44.593+0000] {dag.py:3047} INFO - Sync 2 DAGs
[2024-04-20T16:45:44.597+0000] {logging_mixin.py:188} INFO - [2024-04-20T16:45:44.597+0000] {dag.py:3834} INFO - Setting next_dagrun for example_subdag_operator.section-1 to None, run_after=None
[2024-04-20T16:45:44.598+0000] {logging_mixin.py:188} INFO - [2024-04-20T16:45:44.598+0000] {dag.py:3834} INFO - Setting next_dagrun for example_subdag_operator.section-2 to None, run_after=None
[2024-04-20T16:45:44.773+0000] {processor.py:183} INFO - Processing /home/airflow/.local/lib/python3.8/site-packages/airflow/example_dags/example_subdag_operator.py took 0.243 seconds
[2024-04-20T16:46:15.079+0000] {processor.py:161} INFO - Started process (PID=820) to work on /home/airflow/.local/lib/python3.8/site-packages/airflow/example_dags/example_subdag_operator.py
[2024-04-20T16:46:15.080+0000] {processor.py:830} INFO - Processing file /home/airflow/.local/lib/python3.8/site-packages/airflow/example_dags/example_subdag_operator.py for tasks to queue
[2024-04-20T16:46:15.081+0000] {logging_mixin.py:188} INFO - [2024-04-20T16:46:15.081+0000] {dagbag.py:540} INFO - Filling up the DagBag from /home/airflow/.local/lib/python3.8/site-packages/airflow/example_dags/example_subdag_operator.py
[2024-04-20T16:46:15.100+0000] {processor.py:840} INFO - DAG(s) 'example_subdag_operator.section-1', 'example_subdag_operator.section-2', 'example_subdag_operator' retrieved from /home/airflow/.local/lib/python3.8/site-packages/airflow/example_dags/example_subdag_operator.py
[2024-04-20T16:46:15.112+0000] {logging_mixin.py:188} INFO - [2024-04-20T16:46:15.112+0000] {dag.py:3047} INFO - Sync 3 DAGs
[2024-04-20T16:46:15.129+0000] {logging_mixin.py:188} INFO - [2024-04-20T16:46:15.128+0000] {dag.py:3834} INFO - Setting next_dagrun for example_subdag_operator to 2022-01-01 00:00:00+00:00, run_after=2022-01-01 00:00:00+00:00
[2024-04-20T16:46:15.132+0000] {logging_mixin.py:188} INFO - [2024-04-20T16:46:15.131+0000] {dag.py:3834} INFO - Setting next_dagrun for example_subdag_operator.section-1 to None, run_after=None
[2024-04-20T16:46:15.133+0000] {logging_mixin.py:188} INFO - [2024-04-20T16:46:15.132+0000] {dag.py:3834} INFO - Setting next_dagrun for example_subdag_operator.section-2 to None, run_after=None
[2024-04-20T16:46:15.138+0000] {logging_mixin.py:188} INFO - [2024-04-20T16:46:15.138+0000] {dag.py:3047} INFO - Sync 2 DAGs
[2024-04-20T16:46:15.142+0000] {logging_mixin.py:188} INFO - [2024-04-20T16:46:15.141+0000] {dag.py:3834} INFO - Setting next_dagrun for example_subdag_operator.section-1 to None, run_after=None
[2024-04-20T16:46:15.142+0000] {logging_mixin.py:188} INFO - [2024-04-20T16:46:15.142+0000] {dag.py:3834} INFO - Setting next_dagrun for example_subdag_operator.section-2 to None, run_after=None
[2024-04-20T16:46:15.631+0000] {processor.py:183} INFO - Processing /home/airflow/.local/lib/python3.8/site-packages/airflow/example_dags/example_subdag_operator.py took 0.554 seconds
[2024-04-20T16:46:46.351+0000] {processor.py:161} INFO - Started process (PID=1077) to work on /home/airflow/.local/lib/python3.8/site-packages/airflow/example_dags/example_subdag_operator.py
[2024-04-20T16:46:46.352+0000] {processor.py:830} INFO - Processing file /home/airflow/.local/lib/python3.8/site-packages/airflow/example_dags/example_subdag_operator.py for tasks to queue
[2024-04-20T16:46:46.353+0000] {logging_mixin.py:188} INFO - [2024-04-20T16:46:46.353+0000] {dagbag.py:540} INFO - Filling up the DagBag from /home/airflow/.local/lib/python3.8/site-packages/airflow/example_dags/example_subdag_operator.py
[2024-04-20T16:46:46.373+0000] {processor.py:840} INFO - DAG(s) 'example_subdag_operator.section-1', 'example_subdag_operator.section-2', 'example_subdag_operator' retrieved from /home/airflow/.local/lib/python3.8/site-packages/airflow/example_dags/example_subdag_operator.py
[2024-04-20T16:46:46.386+0000] {logging_mixin.py:188} INFO - [2024-04-20T16:46:46.385+0000] {dag.py:3047} INFO - Sync 3 DAGs
[2024-04-20T16:46:46.403+0000] {logging_mixin.py:188} INFO - [2024-04-20T16:46:46.402+0000] {dag.py:3834} INFO - Setting next_dagrun for example_subdag_operator to 2022-01-01 00:00:00+00:00, run_after=2022-01-01 00:00:00+00:00
[2024-04-20T16:46:46.406+0000] {logging_mixin.py:188} INFO - [2024-04-20T16:46:46.405+0000] {dag.py:3834} INFO - Setting next_dagrun for example_subdag_operator.section-1 to None, run_after=None
[2024-04-20T16:46:46.407+0000] {logging_mixin.py:188} INFO - [2024-04-20T16:46:46.406+0000] {dag.py:3834} INFO - Setting next_dagrun for example_subdag_operator.section-2 to None, run_after=None
[2024-04-20T16:46:46.412+0000] {logging_mixin.py:188} INFO - [2024-04-20T16:46:46.412+0000] {dag.py:3047} INFO - Sync 2 DAGs
[2024-04-20T16:46:46.416+0000] {logging_mixin.py:188} INFO - [2024-04-20T16:46:46.416+0000] {dag.py:3834} INFO - Setting next_dagrun for example_subdag_operator.section-1 to None, run_after=None
[2024-04-20T16:46:46.416+0000] {logging_mixin.py:188} INFO - [2024-04-20T16:46:46.416+0000] {dag.py:3834} INFO - Setting next_dagrun for example_subdag_operator.section-2 to None, run_after=None
[2024-04-20T16:46:46.636+0000] {processor.py:183} INFO - Processing /home/airflow/.local/lib/python3.8/site-packages/airflow/example_dags/example_subdag_operator.py took 0.287 seconds
[2024-04-20T16:47:17.086+0000] {processor.py:161} INFO - Started process (PID=1334) to work on /home/airflow/.local/lib/python3.8/site-packages/airflow/example_dags/example_subdag_operator.py
[2024-04-20T16:47:17.088+0000] {processor.py:830} INFO - Processing file /home/airflow/.local/lib/python3.8/site-packages/airflow/example_dags/example_subdag_operator.py for tasks to queue
[2024-04-20T16:47:17.089+0000] {logging_mixin.py:188} INFO - [2024-04-20T16:47:17.089+0000] {dagbag.py:540} INFO - Filling up the DagBag from /home/airflow/.local/lib/python3.8/site-packages/airflow/example_dags/example_subdag_operator.py
[2024-04-20T16:47:17.129+0000] {processor.py:840} INFO - DAG(s) 'example_subdag_operator.section-1', 'example_subdag_operator.section-2', 'example_subdag_operator' retrieved from /home/airflow/.local/lib/python3.8/site-packages/airflow/example_dags/example_subdag_operator.py
[2024-04-20T16:47:17.147+0000] {logging_mixin.py:188} INFO - [2024-04-20T16:47:17.147+0000] {dag.py:3047} INFO - Sync 3 DAGs
[2024-04-20T16:47:17.171+0000] {logging_mixin.py:188} INFO - [2024-04-20T16:47:17.171+0000] {dag.py:3834} INFO - Setting next_dagrun for example_subdag_operator to 2022-01-01 00:00:00+00:00, run_after=2022-01-01 00:00:00+00:00
[2024-04-20T16:47:17.182+0000] {logging_mixin.py:188} INFO - [2024-04-20T16:47:17.181+0000] {dag.py:3834} INFO - Setting next_dagrun for example_subdag_operator.section-1 to None, run_after=None
[2024-04-20T16:47:17.185+0000] {logging_mixin.py:188} INFO - [2024-04-20T16:47:17.185+0000] {dag.py:3834} INFO - Setting next_dagrun for example_subdag_operator.section-2 to None, run_after=None
[2024-04-20T16:47:17.195+0000] {logging_mixin.py:188} INFO - [2024-04-20T16:47:17.195+0000] {dag.py:3047} INFO - Sync 2 DAGs
[2024-04-20T16:47:17.200+0000] {logging_mixin.py:188} INFO - [2024-04-20T16:47:17.200+0000] {dag.py:3834} INFO - Setting next_dagrun for example_subdag_operator.section-1 to None, run_after=None
[2024-04-20T16:47:17.201+0000] {logging_mixin.py:188} INFO - [2024-04-20T16:47:17.200+0000] {dag.py:3834} INFO - Setting next_dagrun for example_subdag_operator.section-2 to None, run_after=None
[2024-04-20T16:47:17.410+0000] {processor.py:183} INFO - Processing /home/airflow/.local/lib/python3.8/site-packages/airflow/example_dags/example_subdag_operator.py took 0.327 seconds
[2024-04-20T16:47:47.521+0000] {processor.py:161} INFO - Started process (PID=1591) to work on /home/airflow/.local/lib/python3.8/site-packages/airflow/example_dags/example_subdag_operator.py
[2024-04-20T16:47:47.522+0000] {processor.py:830} INFO - Processing file /home/airflow/.local/lib/python3.8/site-packages/airflow/example_dags/example_subdag_operator.py for tasks to queue
[2024-04-20T16:47:47.523+0000] {logging_mixin.py:188} INFO - [2024-04-20T16:47:47.523+0000] {dagbag.py:540} INFO - Filling up the DagBag from /home/airflow/.local/lib/python3.8/site-packages/airflow/example_dags/example_subdag_operator.py
[2024-04-20T16:47:47.550+0000] {processor.py:840} INFO - DAG(s) 'example_subdag_operator.section-1', 'example_subdag_operator.section-2', 'example_subdag_operator' retrieved from /home/airflow/.local/lib/python3.8/site-packages/airflow/example_dags/example_subdag_operator.py
[2024-04-20T16:47:47.568+0000] {logging_mixin.py:188} INFO - [2024-04-20T16:47:47.568+0000] {dag.py:3047} INFO - Sync 3 DAGs
[2024-04-20T16:47:47.591+0000] {logging_mixin.py:188} INFO - [2024-04-20T16:47:47.590+0000] {dag.py:3834} INFO - Setting next_dagrun for example_subdag_operator to 2022-01-01 00:00:00+00:00, run_after=2022-01-01 00:00:00+00:00
[2024-04-20T16:47:47.595+0000] {logging_mixin.py:188} INFO - [2024-04-20T16:47:47.595+0000] {dag.py:3834} INFO - Setting next_dagrun for example_subdag_operator.section-1 to None, run_after=None
[2024-04-20T16:47:47.596+0000] {logging_mixin.py:188} INFO - [2024-04-20T16:47:47.596+0000] {dag.py:3834} INFO - Setting next_dagrun for example_subdag_operator.section-2 to None, run_after=None
[2024-04-20T16:47:47.605+0000] {logging_mixin.py:188} INFO - [2024-04-20T16:47:47.605+0000] {dag.py:3047} INFO - Sync 2 DAGs
[2024-04-20T16:47:47.609+0000] {logging_mixin.py:188} INFO - [2024-04-20T16:47:47.609+0000] {dag.py:3834} INFO - Setting next_dagrun for example_subdag_operator.section-1 to None, run_after=None
[2024-04-20T16:47:47.609+0000] {logging_mixin.py:188} INFO - [2024-04-20T16:47:47.609+0000] {dag.py:3834} INFO - Setting next_dagrun for example_subdag_operator.section-2 to None, run_after=None
[2024-04-20T16:47:47.821+0000] {processor.py:183} INFO - Processing /home/airflow/.local/lib/python3.8/site-packages/airflow/example_dags/example_subdag_operator.py took 0.303 seconds
[2024-04-20T16:48:18.017+0000] {processor.py:161} INFO - Started process (PID=1848) to work on /home/airflow/.local/lib/python3.8/site-packages/airflow/example_dags/example_subdag_operator.py
[2024-04-20T16:48:18.018+0000] {processor.py:830} INFO - Processing file /home/airflow/.local/lib/python3.8/site-packages/airflow/example_dags/example_subdag_operator.py for tasks to queue
[2024-04-20T16:48:18.019+0000] {logging_mixin.py:188} INFO - [2024-04-20T16:48:18.019+0000] {dagbag.py:540} INFO - Filling up the DagBag from /home/airflow/.local/lib/python3.8/site-packages/airflow/example_dags/example_subdag_operator.py
[2024-04-20T16:48:18.046+0000] {processor.py:840} INFO - DAG(s) 'example_subdag_operator.section-1', 'example_subdag_operator.section-2', 'example_subdag_operator' retrieved from /home/airflow/.local/lib/python3.8/site-packages/airflow/example_dags/example_subdag_operator.py
[2024-04-20T16:48:18.067+0000] {logging_mixin.py:188} INFO - [2024-04-20T16:48:18.067+0000] {dag.py:3047} INFO - Sync 3 DAGs
[2024-04-20T16:48:18.092+0000] {logging_mixin.py:188} INFO - [2024-04-20T16:48:18.092+0000] {dag.py:3834} INFO - Setting next_dagrun for example_subdag_operator to 2022-01-01 00:00:00+00:00, run_after=2022-01-01 00:00:00+00:00
[2024-04-20T16:48:18.097+0000] {logging_mixin.py:188} INFO - [2024-04-20T16:48:18.097+0000] {dag.py:3834} INFO - Setting next_dagrun for example_subdag_operator.section-1 to None, run_after=None
[2024-04-20T16:48:18.099+0000] {logging_mixin.py:188} INFO - [2024-04-20T16:48:18.098+0000] {dag.py:3834} INFO - Setting next_dagrun for example_subdag_operator.section-2 to None, run_after=None
[2024-04-20T16:48:18.104+0000] {logging_mixin.py:188} INFO - [2024-04-20T16:48:18.104+0000] {dag.py:3047} INFO - Sync 2 DAGs
[2024-04-20T16:48:18.109+0000] {logging_mixin.py:188} INFO - [2024-04-20T16:48:18.109+0000] {dag.py:3834} INFO - Setting next_dagrun for example_subdag_operator.section-1 to None, run_after=None
[2024-04-20T16:48:18.110+0000] {logging_mixin.py:188} INFO - [2024-04-20T16:48:18.110+0000] {dag.py:3834} INFO - Setting next_dagrun for example_subdag_operator.section-2 to None, run_after=None
[2024-04-20T16:48:18.321+0000] {processor.py:183} INFO - Processing /home/airflow/.local/lib/python3.8/site-packages/airflow/example_dags/example_subdag_operator.py took 0.307 seconds
[2024-04-20T16:48:48.413+0000] {processor.py:161} INFO - Started process (PID=2105) to work on /home/airflow/.local/lib/python3.8/site-packages/airflow/example_dags/example_subdag_operator.py
[2024-04-20T16:48:48.414+0000] {processor.py:830} INFO - Processing file /home/airflow/.local/lib/python3.8/site-packages/airflow/example_dags/example_subdag_operator.py for tasks to queue
[2024-04-20T16:48:48.415+0000] {logging_mixin.py:188} INFO - [2024-04-20T16:48:48.415+0000] {dagbag.py:540} INFO - Filling up the DagBag from /home/airflow/.local/lib/python3.8/site-packages/airflow/example_dags/example_subdag_operator.py
[2024-04-20T16:48:48.442+0000] {processor.py:840} INFO - DAG(s) 'example_subdag_operator.section-1', 'example_subdag_operator.section-2', 'example_subdag_operator' retrieved from /home/airflow/.local/lib/python3.8/site-packages/airflow/example_dags/example_subdag_operator.py
[2024-04-20T16:48:48.461+0000] {logging_mixin.py:188} INFO - [2024-04-20T16:48:48.461+0000] {dag.py:3047} INFO - Sync 3 DAGs
[2024-04-20T16:48:48.484+0000] {logging_mixin.py:188} INFO - [2024-04-20T16:48:48.484+0000] {dag.py:3834} INFO - Setting next_dagrun for example_subdag_operator to 2022-01-01 00:00:00+00:00, run_after=2022-01-01 00:00:00+00:00
[2024-04-20T16:48:48.488+0000] {logging_mixin.py:188} INFO - [2024-04-20T16:48:48.488+0000] {dag.py:3834} INFO - Setting next_dagrun for example_subdag_operator.section-1 to None, run_after=None
[2024-04-20T16:48:48.490+0000] {logging_mixin.py:188} INFO - [2024-04-20T16:48:48.490+0000] {dag.py:3834} INFO - Setting next_dagrun for example_subdag_operator.section-2 to None, run_after=None
[2024-04-20T16:48:48.497+0000] {logging_mixin.py:188} INFO - [2024-04-20T16:48:48.497+0000] {dag.py:3047} INFO - Sync 2 DAGs
[2024-04-20T16:48:48.501+0000] {logging_mixin.py:188} INFO - [2024-04-20T16:48:48.501+0000] {dag.py:3834} INFO - Setting next_dagrun for example_subdag_operator.section-1 to None, run_after=None
[2024-04-20T16:48:48.502+0000] {logging_mixin.py:188} INFO - [2024-04-20T16:48:48.502+0000] {dag.py:3834} INFO - Setting next_dagrun for example_subdag_operator.section-2 to None, run_after=None
[2024-04-20T16:48:48.717+0000] {processor.py:183} INFO - Processing /home/airflow/.local/lib/python3.8/site-packages/airflow/example_dags/example_subdag_operator.py took 0.307 seconds
[2024-04-20T16:49:19.038+0000] {processor.py:161} INFO - Started process (PID=2367) to work on /home/airflow/.local/lib/python3.8/site-packages/airflow/example_dags/example_subdag_operator.py
[2024-04-20T16:49:19.038+0000] {processor.py:830} INFO - Processing file /home/airflow/.local/lib/python3.8/site-packages/airflow/example_dags/example_subdag_operator.py for tasks to queue
[2024-04-20T16:49:19.039+0000] {logging_mixin.py:188} INFO - [2024-04-20T16:49:19.039+0000] {dagbag.py:540} INFO - Filling up the DagBag from /home/airflow/.local/lib/python3.8/site-packages/airflow/example_dags/example_subdag_operator.py
[2024-04-20T16:49:19.067+0000] {processor.py:840} INFO - DAG(s) 'example_subdag_operator.section-1', 'example_subdag_operator.section-2', 'example_subdag_operator' retrieved from /home/airflow/.local/lib/python3.8/site-packages/airflow/example_dags/example_subdag_operator.py
[2024-04-20T16:49:19.085+0000] {logging_mixin.py:188} INFO - [2024-04-20T16:49:19.085+0000] {dag.py:3047} INFO - Sync 3 DAGs
[2024-04-20T16:49:19.108+0000] {logging_mixin.py:188} INFO - [2024-04-20T16:49:19.108+0000] {dag.py:3834} INFO - Setting next_dagrun for example_subdag_operator to 2022-01-01 00:00:00+00:00, run_after=2022-01-01 00:00:00+00:00
[2024-04-20T16:49:19.112+0000] {logging_mixin.py:188} INFO - [2024-04-20T16:49:19.112+0000] {dag.py:3834} INFO - Setting next_dagrun for example_subdag_operator.section-1 to None, run_after=None
[2024-04-20T16:49:19.115+0000] {logging_mixin.py:188} INFO - [2024-04-20T16:49:19.113+0000] {dag.py:3834} INFO - Setting next_dagrun for example_subdag_operator.section-2 to None, run_after=None
[2024-04-20T16:49:19.122+0000] {logging_mixin.py:188} INFO - [2024-04-20T16:49:19.121+0000] {dag.py:3047} INFO - Sync 2 DAGs
[2024-04-20T16:49:19.126+0000] {logging_mixin.py:188} INFO - [2024-04-20T16:49:19.126+0000] {dag.py:3834} INFO - Setting next_dagrun for example_subdag_operator.section-1 to None, run_after=None
[2024-04-20T16:49:19.127+0000] {logging_mixin.py:188} INFO - [2024-04-20T16:49:19.126+0000] {dag.py:3834} INFO - Setting next_dagrun for example_subdag_operator.section-2 to None, run_after=None
[2024-04-20T16:49:19.349+0000] {processor.py:183} INFO - Processing /home/airflow/.local/lib/python3.8/site-packages/airflow/example_dags/example_subdag_operator.py took 0.315 seconds
[2024-04-20T16:49:49.666+0000] {processor.py:161} INFO - Started process (PID=2630) to work on /home/airflow/.local/lib/python3.8/site-packages/airflow/example_dags/example_subdag_operator.py
[2024-04-20T16:49:49.667+0000] {processor.py:830} INFO - Processing file /home/airflow/.local/lib/python3.8/site-packages/airflow/example_dags/example_subdag_operator.py for tasks to queue
[2024-04-20T16:49:49.668+0000] {logging_mixin.py:188} INFO - [2024-04-20T16:49:49.668+0000] {dagbag.py:540} INFO - Filling up the DagBag from /home/airflow/.local/lib/python3.8/site-packages/airflow/example_dags/example_subdag_operator.py
[2024-04-20T16:49:49.687+0000] {processor.py:840} INFO - DAG(s) 'example_subdag_operator.section-1', 'example_subdag_operator.section-2', 'example_subdag_operator' retrieved from /home/airflow/.local/lib/python3.8/site-packages/airflow/example_dags/example_subdag_operator.py
[2024-04-20T16:49:49.700+0000] {logging_mixin.py:188} INFO - [2024-04-20T16:49:49.699+0000] {dag.py:3047} INFO - Sync 3 DAGs
[2024-04-20T16:49:49.716+0000] {logging_mixin.py:188} INFO - [2024-04-20T16:49:49.715+0000] {dag.py:3834} INFO - Setting next_dagrun for example_subdag_operator to 2022-01-01 00:00:00+00:00, run_after=2022-01-01 00:00:00+00:00
[2024-04-20T16:49:49.718+0000] {logging_mixin.py:188} INFO - [2024-04-20T16:49:49.718+0000] {dag.py:3834} INFO - Setting next_dagrun for example_subdag_operator.section-1 to None, run_after=None
[2024-04-20T16:49:49.722+0000] {logging_mixin.py:188} INFO - [2024-04-20T16:49:49.721+0000] {dag.py:3834} INFO - Setting next_dagrun for example_subdag_operator.section-2 to None, run_after=None
[2024-04-20T16:49:49.730+0000] {logging_mixin.py:188} INFO - [2024-04-20T16:49:49.730+0000] {dag.py:3047} INFO - Sync 2 DAGs
[2024-04-20T16:49:49.735+0000] {logging_mixin.py:188} INFO - [2024-04-20T16:49:49.735+0000] {dag.py:3834} INFO - Setting next_dagrun for example_subdag_operator.section-1 to None, run_after=None
[2024-04-20T16:49:49.736+0000] {logging_mixin.py:188} INFO - [2024-04-20T16:49:49.736+0000] {dag.py:3834} INFO - Setting next_dagrun for example_subdag_operator.section-2 to None, run_after=None
[2024-04-20T16:49:49.961+0000] {processor.py:183} INFO - Processing /home/airflow/.local/lib/python3.8/site-packages/airflow/example_dags/example_subdag_operator.py took 0.297 seconds
[2024-04-20T16:50:20.183+0000] {processor.py:161} INFO - Started process (PID=2885) to work on /home/airflow/.local/lib/python3.8/site-packages/airflow/example_dags/example_subdag_operator.py
[2024-04-20T16:50:20.184+0000] {processor.py:830} INFO - Processing file /home/airflow/.local/lib/python3.8/site-packages/airflow/example_dags/example_subdag_operator.py for tasks to queue
[2024-04-20T16:50:20.184+0000] {logging_mixin.py:188} INFO - [2024-04-20T16:50:20.184+0000] {dagbag.py:540} INFO - Filling up the DagBag from /home/airflow/.local/lib/python3.8/site-packages/airflow/example_dags/example_subdag_operator.py
[2024-04-20T16:50:20.204+0000] {processor.py:840} INFO - DAG(s) 'example_subdag_operator.section-1', 'example_subdag_operator.section-2', 'example_subdag_operator' retrieved from /home/airflow/.local/lib/python3.8/site-packages/airflow/example_dags/example_subdag_operator.py
[2024-04-20T16:50:20.216+0000] {logging_mixin.py:188} INFO - [2024-04-20T16:50:20.216+0000] {dag.py:3047} INFO - Sync 3 DAGs
[2024-04-20T16:50:20.232+0000] {logging_mixin.py:188} INFO - [2024-04-20T16:50:20.232+0000] {dag.py:3834} INFO - Setting next_dagrun for example_subdag_operator to 2022-01-01 00:00:00+00:00, run_after=2022-01-01 00:00:00+00:00
[2024-04-20T16:50:20.235+0000] {logging_mixin.py:188} INFO - [2024-04-20T16:50:20.235+0000] {dag.py:3834} INFO - Setting next_dagrun for example_subdag_operator.section-1 to None, run_after=None
[2024-04-20T16:50:20.236+0000] {logging_mixin.py:188} INFO - [2024-04-20T16:50:20.236+0000] {dag.py:3834} INFO - Setting next_dagrun for example_subdag_operator.section-2 to None, run_after=None
[2024-04-20T16:50:20.241+0000] {logging_mixin.py:188} INFO - [2024-04-20T16:50:20.241+0000] {dag.py:3047} INFO - Sync 2 DAGs
[2024-04-20T16:50:20.245+0000] {logging_mixin.py:188} INFO - [2024-04-20T16:50:20.245+0000] {dag.py:3834} INFO - Setting next_dagrun for example_subdag_operator.section-1 to None, run_after=None
[2024-04-20T16:50:20.245+0000] {logging_mixin.py:188} INFO - [2024-04-20T16:50:20.245+0000] {dag.py:3834} INFO - Setting next_dagrun for example_subdag_operator.section-2 to None, run_after=None
[2024-04-20T16:50:20.371+0000] {processor.py:183} INFO - Processing /home/airflow/.local/lib/python3.8/site-packages/airflow/example_dags/example_subdag_operator.py took 0.192 seconds
[2024-04-20T16:50:50.516+0000] {processor.py:161} INFO - Started process (PID=3135) to work on /home/airflow/.local/lib/python3.8/site-packages/airflow/example_dags/example_subdag_operator.py
[2024-04-20T16:50:50.517+0000] {processor.py:830} INFO - Processing file /home/airflow/.local/lib/python3.8/site-packages/airflow/example_dags/example_subdag_operator.py for tasks to queue
[2024-04-20T16:50:50.517+0000] {logging_mixin.py:188} INFO - [2024-04-20T16:50:50.517+0000] {dagbag.py:540} INFO - Filling up the DagBag from /home/airflow/.local/lib/python3.8/site-packages/airflow/example_dags/example_subdag_operator.py
[2024-04-20T16:50:50.547+0000] {processor.py:840} INFO - DAG(s) 'example_subdag_operator.section-1', 'example_subdag_operator.section-2', 'example_subdag_operator' retrieved from /home/airflow/.local/lib/python3.8/site-packages/airflow/example_dags/example_subdag_operator.py
[2024-04-20T16:50:50.566+0000] {logging_mixin.py:188} INFO - [2024-04-20T16:50:50.566+0000] {dag.py:3047} INFO - Sync 3 DAGs
[2024-04-20T16:50:50.608+0000] {logging_mixin.py:188} INFO - [2024-04-20T16:50:50.608+0000] {dag.py:3834} INFO - Setting next_dagrun for example_subdag_operator to 2022-01-01 00:00:00+00:00, run_after=2022-01-01 00:00:00+00:00
[2024-04-20T16:50:50.612+0000] {logging_mixin.py:188} INFO - [2024-04-20T16:50:50.612+0000] {dag.py:3834} INFO - Setting next_dagrun for example_subdag_operator.section-1 to None, run_after=None
[2024-04-20T16:50:50.613+0000] {logging_mixin.py:188} INFO - [2024-04-20T16:50:50.613+0000] {dag.py:3834} INFO - Setting next_dagrun for example_subdag_operator.section-2 to None, run_after=None
[2024-04-20T16:50:50.618+0000] {logging_mixin.py:188} INFO - [2024-04-20T16:50:50.618+0000] {dag.py:3047} INFO - Sync 2 DAGs
[2024-04-20T16:50:50.622+0000] {logging_mixin.py:188} INFO - [2024-04-20T16:50:50.622+0000] {dag.py:3834} INFO - Setting next_dagrun for example_subdag_operator.section-1 to None, run_after=None
[2024-04-20T16:50:50.622+0000] {logging_mixin.py:188} INFO - [2024-04-20T16:50:50.622+0000] {dag.py:3834} INFO - Setting next_dagrun for example_subdag_operator.section-2 to None, run_after=None
[2024-04-20T16:50:50.903+0000] {processor.py:183} INFO - Processing /home/airflow/.local/lib/python3.8/site-packages/airflow/example_dags/example_subdag_operator.py took 0.390 seconds
[2024-04-20T16:51:21.158+0000] {processor.py:161} INFO - Started process (PID=3392) to work on /home/airflow/.local/lib/python3.8/site-packages/airflow/example_dags/example_subdag_operator.py
[2024-04-20T16:51:21.159+0000] {processor.py:830} INFO - Processing file /home/airflow/.local/lib/python3.8/site-packages/airflow/example_dags/example_subdag_operator.py for tasks to queue
[2024-04-20T16:51:21.160+0000] {logging_mixin.py:188} INFO - [2024-04-20T16:51:21.160+0000] {dagbag.py:540} INFO - Filling up the DagBag from /home/airflow/.local/lib/python3.8/site-packages/airflow/example_dags/example_subdag_operator.py
[2024-04-20T16:51:21.187+0000] {processor.py:840} INFO - DAG(s) 'example_subdag_operator.section-1', 'example_subdag_operator.section-2', 'example_subdag_operator' retrieved from /home/airflow/.local/lib/python3.8/site-packages/airflow/example_dags/example_subdag_operator.py
[2024-04-20T16:51:21.205+0000] {logging_mixin.py:188} INFO - [2024-04-20T16:51:21.205+0000] {dag.py:3047} INFO - Sync 3 DAGs
[2024-04-20T16:51:21.231+0000] {logging_mixin.py:188} INFO - [2024-04-20T16:51:21.231+0000] {dag.py:3834} INFO - Setting next_dagrun for example_subdag_operator to 2022-01-01 00:00:00+00:00, run_after=2022-01-01 00:00:00+00:00
[2024-04-20T16:51:21.235+0000] {logging_mixin.py:188} INFO - [2024-04-20T16:51:21.235+0000] {dag.py:3834} INFO - Setting next_dagrun for example_subdag_operator.section-1 to None, run_after=None
[2024-04-20T16:51:21.238+0000] {logging_mixin.py:188} INFO - [2024-04-20T16:51:21.237+0000] {dag.py:3834} INFO - Setting next_dagrun for example_subdag_operator.section-2 to None, run_after=None
[2024-04-20T16:51:21.246+0000] {logging_mixin.py:188} INFO - [2024-04-20T16:51:21.246+0000] {dag.py:3047} INFO - Sync 2 DAGs
[2024-04-20T16:51:21.250+0000] {logging_mixin.py:188} INFO - [2024-04-20T16:51:21.250+0000] {dag.py:3834} INFO - Setting next_dagrun for example_subdag_operator.section-1 to None, run_after=None
[2024-04-20T16:51:21.251+0000] {logging_mixin.py:188} INFO - [2024-04-20T16:51:21.251+0000] {dag.py:3834} INFO - Setting next_dagrun for example_subdag_operator.section-2 to None, run_after=None
[2024-04-20T16:51:21.466+0000] {processor.py:183} INFO - Processing /home/airflow/.local/lib/python3.8/site-packages/airflow/example_dags/example_subdag_operator.py took 0.311 seconds
[2024-04-20T16:51:51.616+0000] {processor.py:161} INFO - Started process (PID=3647) to work on /home/airflow/.local/lib/python3.8/site-packages/airflow/example_dags/example_subdag_operator.py
[2024-04-20T16:51:51.616+0000] {processor.py:830} INFO - Processing file /home/airflow/.local/lib/python3.8/site-packages/airflow/example_dags/example_subdag_operator.py for tasks to queue
[2024-04-20T16:51:51.617+0000] {logging_mixin.py:188} INFO - [2024-04-20T16:51:51.617+0000] {dagbag.py:540} INFO - Filling up the DagBag from /home/airflow/.local/lib/python3.8/site-packages/airflow/example_dags/example_subdag_operator.py
[2024-04-20T16:51:51.636+0000] {processor.py:840} INFO - DAG(s) 'example_subdag_operator.section-1', 'example_subdag_operator.section-2', 'example_subdag_operator' retrieved from /home/airflow/.local/lib/python3.8/site-packages/airflow/example_dags/example_subdag_operator.py
[2024-04-20T16:51:51.648+0000] {logging_mixin.py:188} INFO - [2024-04-20T16:51:51.648+0000] {dag.py:3047} INFO - Sync 3 DAGs
[2024-04-20T16:51:51.664+0000] {logging_mixin.py:188} INFO - [2024-04-20T16:51:51.664+0000] {dag.py:3834} INFO - Setting next_dagrun for example_subdag_operator to 2022-01-01 00:00:00+00:00, run_after=2022-01-01 00:00:00+00:00
[2024-04-20T16:51:51.667+0000] {logging_mixin.py:188} INFO - [2024-04-20T16:51:51.667+0000] {dag.py:3834} INFO - Setting next_dagrun for example_subdag_operator.section-1 to None, run_after=None
[2024-04-20T16:51:51.668+0000] {logging_mixin.py:188} INFO - [2024-04-20T16:51:51.668+0000] {dag.py:3834} INFO - Setting next_dagrun for example_subdag_operator.section-2 to None, run_after=None
[2024-04-20T16:51:51.673+0000] {logging_mixin.py:188} INFO - [2024-04-20T16:51:51.673+0000] {dag.py:3047} INFO - Sync 2 DAGs
[2024-04-20T16:51:51.677+0000] {logging_mixin.py:188} INFO - [2024-04-20T16:51:51.677+0000] {dag.py:3834} INFO - Setting next_dagrun for example_subdag_operator.section-1 to None, run_after=None
[2024-04-20T16:51:51.677+0000] {logging_mixin.py:188} INFO - [2024-04-20T16:51:51.677+0000] {dag.py:3834} INFO - Setting next_dagrun for example_subdag_operator.section-2 to None, run_after=None
[2024-04-20T16:51:51.805+0000] {processor.py:183} INFO - Processing /home/airflow/.local/lib/python3.8/site-packages/airflow/example_dags/example_subdag_operator.py took 0.192 seconds
[2024-04-20T16:52:21.858+0000] {processor.py:161} INFO - Started process (PID=3904) to work on /home/airflow/.local/lib/python3.8/site-packages/airflow/example_dags/example_subdag_operator.py
[2024-04-20T16:52:21.859+0000] {processor.py:830} INFO - Processing file /home/airflow/.local/lib/python3.8/site-packages/airflow/example_dags/example_subdag_operator.py for tasks to queue
[2024-04-20T16:52:21.860+0000] {logging_mixin.py:188} INFO - [2024-04-20T16:52:21.859+0000] {dagbag.py:540} INFO - Filling up the DagBag from /home/airflow/.local/lib/python3.8/site-packages/airflow/example_dags/example_subdag_operator.py
[2024-04-20T16:52:21.879+0000] {processor.py:840} INFO - DAG(s) 'example_subdag_operator.section-1', 'example_subdag_operator.section-2', 'example_subdag_operator' retrieved from /home/airflow/.local/lib/python3.8/site-packages/airflow/example_dags/example_subdag_operator.py
[2024-04-20T16:52:21.891+0000] {logging_mixin.py:188} INFO - [2024-04-20T16:52:21.891+0000] {dag.py:3047} INFO - Sync 3 DAGs
[2024-04-20T16:52:21.907+0000] {logging_mixin.py:188} INFO - [2024-04-20T16:52:21.907+0000] {dag.py:3834} INFO - Setting next_dagrun for example_subdag_operator to 2022-01-01 00:00:00+00:00, run_after=2022-01-01 00:00:00+00:00
[2024-04-20T16:52:21.910+0000] {logging_mixin.py:188} INFO - [2024-04-20T16:52:21.910+0000] {dag.py:3834} INFO - Setting next_dagrun for example_subdag_operator.section-1 to None, run_after=None
[2024-04-20T16:52:21.911+0000] {logging_mixin.py:188} INFO - [2024-04-20T16:52:21.911+0000] {dag.py:3834} INFO - Setting next_dagrun for example_subdag_operator.section-2 to None, run_after=None
[2024-04-20T16:52:21.916+0000] {logging_mixin.py:188} INFO - [2024-04-20T16:52:21.916+0000] {dag.py:3047} INFO - Sync 2 DAGs
[2024-04-20T16:52:21.920+0000] {logging_mixin.py:188} INFO - [2024-04-20T16:52:21.920+0000] {dag.py:3834} INFO - Setting next_dagrun for example_subdag_operator.section-1 to None, run_after=None
[2024-04-20T16:52:21.920+0000] {logging_mixin.py:188} INFO - [2024-04-20T16:52:21.920+0000] {dag.py:3834} INFO - Setting next_dagrun for example_subdag_operator.section-2 to None, run_after=None
[2024-04-20T16:52:22.045+0000] {processor.py:183} INFO - Processing /home/airflow/.local/lib/python3.8/site-packages/airflow/example_dags/example_subdag_operator.py took 0.190 seconds
[2024-04-20T16:52:52.570+0000] {processor.py:161} INFO - Started process (PID=4161) to work on /home/airflow/.local/lib/python3.8/site-packages/airflow/example_dags/example_subdag_operator.py
[2024-04-20T16:52:52.570+0000] {processor.py:830} INFO - Processing file /home/airflow/.local/lib/python3.8/site-packages/airflow/example_dags/example_subdag_operator.py for tasks to queue
[2024-04-20T16:52:52.571+0000] {logging_mixin.py:188} INFO - [2024-04-20T16:52:52.571+0000] {dagbag.py:540} INFO - Filling up the DagBag from /home/airflow/.local/lib/python3.8/site-packages/airflow/example_dags/example_subdag_operator.py
[2024-04-20T16:52:52.591+0000] {processor.py:840} INFO - DAG(s) 'example_subdag_operator.section-1', 'example_subdag_operator.section-2', 'example_subdag_operator' retrieved from /home/airflow/.local/lib/python3.8/site-packages/airflow/example_dags/example_subdag_operator.py
[2024-04-20T16:52:52.603+0000] {logging_mixin.py:188} INFO - [2024-04-20T16:52:52.603+0000] {dag.py:3047} INFO - Sync 3 DAGs
[2024-04-20T16:52:52.621+0000] {logging_mixin.py:188} INFO - [2024-04-20T16:52:52.621+0000] {dag.py:3834} INFO - Setting next_dagrun for example_subdag_operator to 2022-01-01 00:00:00+00:00, run_after=2022-01-01 00:00:00+00:00
[2024-04-20T16:52:52.624+0000] {logging_mixin.py:188} INFO - [2024-04-20T16:52:52.624+0000] {dag.py:3834} INFO - Setting next_dagrun for example_subdag_operator.section-1 to None, run_after=None
[2024-04-20T16:52:52.625+0000] {logging_mixin.py:188} INFO - [2024-04-20T16:52:52.625+0000] {dag.py:3834} INFO - Setting next_dagrun for example_subdag_operator.section-2 to None, run_after=None
[2024-04-20T16:52:52.630+0000] {logging_mixin.py:188} INFO - [2024-04-20T16:52:52.630+0000] {dag.py:3047} INFO - Sync 2 DAGs
[2024-04-20T16:52:52.634+0000] {logging_mixin.py:188} INFO - [2024-04-20T16:52:52.634+0000] {dag.py:3834} INFO - Setting next_dagrun for example_subdag_operator.section-1 to None, run_after=None
[2024-04-20T16:52:52.634+0000] {logging_mixin.py:188} INFO - [2024-04-20T16:52:52.634+0000] {dag.py:3834} INFO - Setting next_dagrun for example_subdag_operator.section-2 to None, run_after=None
[2024-04-20T16:52:52.752+0000] {processor.py:183} INFO - Processing /home/airflow/.local/lib/python3.8/site-packages/airflow/example_dags/example_subdag_operator.py took 0.185 seconds
[2024-04-20T16:53:23.088+0000] {processor.py:161} INFO - Started process (PID=4419) to work on /home/airflow/.local/lib/python3.8/site-packages/airflow/example_dags/example_subdag_operator.py
[2024-04-20T16:53:23.088+0000] {processor.py:830} INFO - Processing file /home/airflow/.local/lib/python3.8/site-packages/airflow/example_dags/example_subdag_operator.py for tasks to queue
[2024-04-20T16:53:23.089+0000] {logging_mixin.py:188} INFO - [2024-04-20T16:53:23.089+0000] {dagbag.py:540} INFO - Filling up the DagBag from /home/airflow/.local/lib/python3.8/site-packages/airflow/example_dags/example_subdag_operator.py
[2024-04-20T16:53:23.108+0000] {processor.py:840} INFO - DAG(s) 'example_subdag_operator.section-1', 'example_subdag_operator.section-2', 'example_subdag_operator' retrieved from /home/airflow/.local/lib/python3.8/site-packages/airflow/example_dags/example_subdag_operator.py
[2024-04-20T16:53:23.120+0000] {logging_mixin.py:188} INFO - [2024-04-20T16:53:23.120+0000] {dag.py:3047} INFO - Sync 3 DAGs
[2024-04-20T16:53:23.136+0000] {logging_mixin.py:188} INFO - [2024-04-20T16:53:23.136+0000] {dag.py:3834} INFO - Setting next_dagrun for example_subdag_operator to 2022-01-01 00:00:00+00:00, run_after=2022-01-01 00:00:00+00:00
[2024-04-20T16:53:23.139+0000] {logging_mixin.py:188} INFO - [2024-04-20T16:53:23.139+0000] {dag.py:3834} INFO - Setting next_dagrun for example_subdag_operator.section-1 to None, run_after=None
[2024-04-20T16:53:23.140+0000] {logging_mixin.py:188} INFO - [2024-04-20T16:53:23.140+0000] {dag.py:3834} INFO - Setting next_dagrun for example_subdag_operator.section-2 to None, run_after=None
[2024-04-20T16:53:23.146+0000] {logging_mixin.py:188} INFO - [2024-04-20T16:53:23.146+0000] {dag.py:3047} INFO - Sync 2 DAGs
[2024-04-20T16:53:23.150+0000] {logging_mixin.py:188} INFO - [2024-04-20T16:53:23.149+0000] {dag.py:3834} INFO - Setting next_dagrun for example_subdag_operator.section-1 to None, run_after=None
[2024-04-20T16:53:23.150+0000] {logging_mixin.py:188} INFO - [2024-04-20T16:53:23.150+0000] {dag.py:3834} INFO - Setting next_dagrun for example_subdag_operator.section-2 to None, run_after=None
[2024-04-20T16:53:23.279+0000] {processor.py:183} INFO - Processing /home/airflow/.local/lib/python3.8/site-packages/airflow/example_dags/example_subdag_operator.py took 0.193 seconds
[2024-04-20T16:53:53.777+0000] {processor.py:161} INFO - Started process (PID=4676) to work on /home/airflow/.local/lib/python3.8/site-packages/airflow/example_dags/example_subdag_operator.py
[2024-04-20T16:53:53.778+0000] {processor.py:830} INFO - Processing file /home/airflow/.local/lib/python3.8/site-packages/airflow/example_dags/example_subdag_operator.py for tasks to queue
[2024-04-20T16:53:53.778+0000] {logging_mixin.py:188} INFO - [2024-04-20T16:53:53.778+0000] {dagbag.py:540} INFO - Filling up the DagBag from /home/airflow/.local/lib/python3.8/site-packages/airflow/example_dags/example_subdag_operator.py
[2024-04-20T16:53:53.797+0000] {processor.py:840} INFO - DAG(s) 'example_subdag_operator.section-1', 'example_subdag_operator.section-2', 'example_subdag_operator' retrieved from /home/airflow/.local/lib/python3.8/site-packages/airflow/example_dags/example_subdag_operator.py
[2024-04-20T16:53:53.810+0000] {logging_mixin.py:188} INFO - [2024-04-20T16:53:53.810+0000] {dag.py:3047} INFO - Sync 3 DAGs
[2024-04-20T16:53:53.826+0000] {logging_mixin.py:188} INFO - [2024-04-20T16:53:53.826+0000] {dag.py:3834} INFO - Setting next_dagrun for example_subdag_operator to 2022-01-01 00:00:00+00:00, run_after=2022-01-01 00:00:00+00:00
[2024-04-20T16:53:53.830+0000] {logging_mixin.py:188} INFO - [2024-04-20T16:53:53.830+0000] {dag.py:3834} INFO - Setting next_dagrun for example_subdag_operator.section-1 to None, run_after=None
[2024-04-20T16:53:53.831+0000] {logging_mixin.py:188} INFO - [2024-04-20T16:53:53.831+0000] {dag.py:3834} INFO - Setting next_dagrun for example_subdag_operator.section-2 to None, run_after=None
[2024-04-20T16:53:53.836+0000] {logging_mixin.py:188} INFO - [2024-04-20T16:53:53.836+0000] {dag.py:3047} INFO - Sync 2 DAGs
[2024-04-20T16:53:53.840+0000] {logging_mixin.py:188} INFO - [2024-04-20T16:53:53.840+0000] {dag.py:3834} INFO - Setting next_dagrun for example_subdag_operator.section-1 to None, run_after=None
[2024-04-20T16:53:53.840+0000] {logging_mixin.py:188} INFO - [2024-04-20T16:53:53.840+0000] {dag.py:3834} INFO - Setting next_dagrun for example_subdag_operator.section-2 to None, run_after=None
[2024-04-20T16:53:53.968+0000] {processor.py:183} INFO - Processing /home/airflow/.local/lib/python3.8/site-packages/airflow/example_dags/example_subdag_operator.py took 0.194 seconds
[2024-04-20T16:54:25.451+0000] {processor.py:161} INFO - Started process (PID=4934) to work on /home/airflow/.local/lib/python3.8/site-packages/airflow/example_dags/example_subdag_operator.py
[2024-04-20T16:54:25.452+0000] {processor.py:830} INFO - Processing file /home/airflow/.local/lib/python3.8/site-packages/airflow/example_dags/example_subdag_operator.py for tasks to queue
[2024-04-20T16:54:25.453+0000] {logging_mixin.py:188} INFO - [2024-04-20T16:54:25.452+0000] {dagbag.py:540} INFO - Filling up the DagBag from /home/airflow/.local/lib/python3.8/site-packages/airflow/example_dags/example_subdag_operator.py
[2024-04-20T16:54:25.480+0000] {processor.py:840} INFO - DAG(s) 'example_subdag_operator.section-1', 'example_subdag_operator.section-2', 'example_subdag_operator' retrieved from /home/airflow/.local/lib/python3.8/site-packages/airflow/example_dags/example_subdag_operator.py
[2024-04-20T16:54:25.499+0000] {logging_mixin.py:188} INFO - [2024-04-20T16:54:25.498+0000] {dag.py:3047} INFO - Sync 3 DAGs
[2024-04-20T16:54:25.523+0000] {logging_mixin.py:188} INFO - [2024-04-20T16:54:25.523+0000] {dag.py:3834} INFO - Setting next_dagrun for example_subdag_operator to 2022-01-01 00:00:00+00:00, run_after=2022-01-01 00:00:00+00:00
[2024-04-20T16:54:25.530+0000] {logging_mixin.py:188} INFO - [2024-04-20T16:54:25.530+0000] {dag.py:3834} INFO - Setting next_dagrun for example_subdag_operator.section-1 to None, run_after=None
[2024-04-20T16:54:25.531+0000] {logging_mixin.py:188} INFO - [2024-04-20T16:54:25.531+0000] {dag.py:3834} INFO - Setting next_dagrun for example_subdag_operator.section-2 to None, run_after=None
[2024-04-20T16:54:25.538+0000] {logging_mixin.py:188} INFO - [2024-04-20T16:54:25.538+0000] {dag.py:3047} INFO - Sync 2 DAGs
[2024-04-20T16:54:25.542+0000] {logging_mixin.py:188} INFO - [2024-04-20T16:54:25.542+0000] {dag.py:3834} INFO - Setting next_dagrun for example_subdag_operator.section-1 to None, run_after=None
[2024-04-20T16:54:25.542+0000] {logging_mixin.py:188} INFO - [2024-04-20T16:54:25.542+0000] {dag.py:3834} INFO - Setting next_dagrun for example_subdag_operator.section-2 to None, run_after=None
[2024-04-20T16:54:25.761+0000] {processor.py:183} INFO - Processing /home/airflow/.local/lib/python3.8/site-packages/airflow/example_dags/example_subdag_operator.py took 0.313 seconds
[2024-04-20T16:54:55.978+0000] {processor.py:161} INFO - Started process (PID=5197) to work on /home/airflow/.local/lib/python3.8/site-packages/airflow/example_dags/example_subdag_operator.py
[2024-04-20T16:54:55.979+0000] {processor.py:830} INFO - Processing file /home/airflow/.local/lib/python3.8/site-packages/airflow/example_dags/example_subdag_operator.py for tasks to queue
[2024-04-20T16:54:55.980+0000] {logging_mixin.py:188} INFO - [2024-04-20T16:54:55.980+0000] {dagbag.py:540} INFO - Filling up the DagBag from /home/airflow/.local/lib/python3.8/site-packages/airflow/example_dags/example_subdag_operator.py
[2024-04-20T16:54:56.009+0000] {processor.py:840} INFO - DAG(s) 'example_subdag_operator.section-1', 'example_subdag_operator.section-2', 'example_subdag_operator' retrieved from /home/airflow/.local/lib/python3.8/site-packages/airflow/example_dags/example_subdag_operator.py
[2024-04-20T16:54:56.028+0000] {logging_mixin.py:188} INFO - [2024-04-20T16:54:56.027+0000] {dag.py:3047} INFO - Sync 3 DAGs
[2024-04-20T16:54:56.052+0000] {logging_mixin.py:188} INFO - [2024-04-20T16:54:56.051+0000] {dag.py:3834} INFO - Setting next_dagrun for example_subdag_operator to 2022-01-01 00:00:00+00:00, run_after=2022-01-01 00:00:00+00:00
[2024-04-20T16:54:56.056+0000] {logging_mixin.py:188} INFO - [2024-04-20T16:54:56.056+0000] {dag.py:3834} INFO - Setting next_dagrun for example_subdag_operator.section-1 to None, run_after=None
[2024-04-20T16:54:56.058+0000] {logging_mixin.py:188} INFO - [2024-04-20T16:54:56.058+0000] {dag.py:3834} INFO - Setting next_dagrun for example_subdag_operator.section-2 to None, run_after=None
[2024-04-20T16:54:56.066+0000] {logging_mixin.py:188} INFO - [2024-04-20T16:54:56.066+0000] {dag.py:3047} INFO - Sync 2 DAGs
[2024-04-20T16:54:56.070+0000] {logging_mixin.py:188} INFO - [2024-04-20T16:54:56.070+0000] {dag.py:3834} INFO - Setting next_dagrun for example_subdag_operator.section-1 to None, run_after=None
[2024-04-20T16:54:56.070+0000] {logging_mixin.py:188} INFO - [2024-04-20T16:54:56.070+0000] {dag.py:3834} INFO - Setting next_dagrun for example_subdag_operator.section-2 to None, run_after=None
[2024-04-20T16:54:56.254+0000] {processor.py:183} INFO - Processing /home/airflow/.local/lib/python3.8/site-packages/airflow/example_dags/example_subdag_operator.py took 0.279 seconds
[2024-04-20T16:55:26.487+0000] {processor.py:161} INFO - Started process (PID=5452) to work on /home/airflow/.local/lib/python3.8/site-packages/airflow/example_dags/example_subdag_operator.py
[2024-04-20T16:55:26.488+0000] {processor.py:830} INFO - Processing file /home/airflow/.local/lib/python3.8/site-packages/airflow/example_dags/example_subdag_operator.py for tasks to queue
[2024-04-20T16:55:26.488+0000] {logging_mixin.py:188} INFO - [2024-04-20T16:55:26.488+0000] {dagbag.py:540} INFO - Filling up the DagBag from /home/airflow/.local/lib/python3.8/site-packages/airflow/example_dags/example_subdag_operator.py
[2024-04-20T16:55:26.508+0000] {processor.py:840} INFO - DAG(s) 'example_subdag_operator.section-1', 'example_subdag_operator.section-2', 'example_subdag_operator' retrieved from /home/airflow/.local/lib/python3.8/site-packages/airflow/example_dags/example_subdag_operator.py
[2024-04-20T16:55:26.521+0000] {logging_mixin.py:188} INFO - [2024-04-20T16:55:26.520+0000] {dag.py:3047} INFO - Sync 3 DAGs
[2024-04-20T16:55:26.537+0000] {logging_mixin.py:188} INFO - [2024-04-20T16:55:26.537+0000] {dag.py:3834} INFO - Setting next_dagrun for example_subdag_operator to 2022-01-01 00:00:00+00:00, run_after=2022-01-01 00:00:00+00:00
[2024-04-20T16:55:26.540+0000] {logging_mixin.py:188} INFO - [2024-04-20T16:55:26.540+0000] {dag.py:3834} INFO - Setting next_dagrun for example_subdag_operator.section-1 to None, run_after=None
[2024-04-20T16:55:26.541+0000] {logging_mixin.py:188} INFO - [2024-04-20T16:55:26.541+0000] {dag.py:3834} INFO - Setting next_dagrun for example_subdag_operator.section-2 to None, run_after=None
[2024-04-20T16:55:26.546+0000] {logging_mixin.py:188} INFO - [2024-04-20T16:55:26.546+0000] {dag.py:3047} INFO - Sync 2 DAGs
[2024-04-20T16:55:26.550+0000] {logging_mixin.py:188} INFO - [2024-04-20T16:55:26.550+0000] {dag.py:3834} INFO - Setting next_dagrun for example_subdag_operator.section-1 to None, run_after=None
[2024-04-20T16:55:26.551+0000] {logging_mixin.py:188} INFO - [2024-04-20T16:55:26.550+0000] {dag.py:3834} INFO - Setting next_dagrun for example_subdag_operator.section-2 to None, run_after=None
[2024-04-20T16:55:26.724+0000] {processor.py:183} INFO - Processing /home/airflow/.local/lib/python3.8/site-packages/airflow/example_dags/example_subdag_operator.py took 0.240 seconds
[2024-04-20T16:55:56.757+0000] {processor.py:161} INFO - Started process (PID=5710) to work on /home/airflow/.local/lib/python3.8/site-packages/airflow/example_dags/example_subdag_operator.py
[2024-04-20T16:55:56.758+0000] {processor.py:830} INFO - Processing file /home/airflow/.local/lib/python3.8/site-packages/airflow/example_dags/example_subdag_operator.py for tasks to queue
[2024-04-20T16:55:56.759+0000] {logging_mixin.py:188} INFO - [2024-04-20T16:55:56.759+0000] {dagbag.py:540} INFO - Filling up the DagBag from /home/airflow/.local/lib/python3.8/site-packages/airflow/example_dags/example_subdag_operator.py
[2024-04-20T16:55:56.778+0000] {processor.py:840} INFO - DAG(s) 'example_subdag_operator.section-1', 'example_subdag_operator.section-2', 'example_subdag_operator' retrieved from /home/airflow/.local/lib/python3.8/site-packages/airflow/example_dags/example_subdag_operator.py
[2024-04-20T16:55:56.790+0000] {logging_mixin.py:188} INFO - [2024-04-20T16:55:56.790+0000] {dag.py:3047} INFO - Sync 3 DAGs
[2024-04-20T16:55:56.807+0000] {logging_mixin.py:188} INFO - [2024-04-20T16:55:56.806+0000] {dag.py:3834} INFO - Setting next_dagrun for example_subdag_operator to 2022-01-01 00:00:00+00:00, run_after=2022-01-01 00:00:00+00:00
[2024-04-20T16:55:56.809+0000] {logging_mixin.py:188} INFO - [2024-04-20T16:55:56.809+0000] {dag.py:3834} INFO - Setting next_dagrun for example_subdag_operator.section-1 to None, run_after=None
[2024-04-20T16:55:56.810+0000] {logging_mixin.py:188} INFO - [2024-04-20T16:55:56.810+0000] {dag.py:3834} INFO - Setting next_dagrun for example_subdag_operator.section-2 to None, run_after=None
[2024-04-20T16:55:56.816+0000] {logging_mixin.py:188} INFO - [2024-04-20T16:55:56.816+0000] {dag.py:3047} INFO - Sync 2 DAGs
[2024-04-20T16:55:56.820+0000] {logging_mixin.py:188} INFO - [2024-04-20T16:55:56.820+0000] {dag.py:3834} INFO - Setting next_dagrun for example_subdag_operator.section-1 to None, run_after=None
[2024-04-20T16:55:56.820+0000] {logging_mixin.py:188} INFO - [2024-04-20T16:55:56.820+0000] {dag.py:3834} INFO - Setting next_dagrun for example_subdag_operator.section-2 to None, run_after=None
[2024-04-20T16:55:56.952+0000] {processor.py:183} INFO - Processing /home/airflow/.local/lib/python3.8/site-packages/airflow/example_dags/example_subdag_operator.py took 0.197 seconds
[2024-04-20T16:56:27.127+0000] {processor.py:161} INFO - Started process (PID=5967) to work on /home/airflow/.local/lib/python3.8/site-packages/airflow/example_dags/example_subdag_operator.py
[2024-04-20T16:56:27.128+0000] {processor.py:830} INFO - Processing file /home/airflow/.local/lib/python3.8/site-packages/airflow/example_dags/example_subdag_operator.py for tasks to queue
[2024-04-20T16:56:27.128+0000] {logging_mixin.py:188} INFO - [2024-04-20T16:56:27.128+0000] {dagbag.py:540} INFO - Filling up the DagBag from /home/airflow/.local/lib/python3.8/site-packages/airflow/example_dags/example_subdag_operator.py
[2024-04-20T16:56:27.147+0000] {processor.py:840} INFO - DAG(s) 'example_subdag_operator.section-1', 'example_subdag_operator.section-2', 'example_subdag_operator' retrieved from /home/airflow/.local/lib/python3.8/site-packages/airflow/example_dags/example_subdag_operator.py
[2024-04-20T16:56:27.160+0000] {logging_mixin.py:188} INFO - [2024-04-20T16:56:27.159+0000] {dag.py:3047} INFO - Sync 3 DAGs
[2024-04-20T16:56:27.176+0000] {logging_mixin.py:188} INFO - [2024-04-20T16:56:27.176+0000] {dag.py:3834} INFO - Setting next_dagrun for example_subdag_operator to 2022-01-01 00:00:00+00:00, run_after=2022-01-01 00:00:00+00:00
[2024-04-20T16:56:27.179+0000] {logging_mixin.py:188} INFO - [2024-04-20T16:56:27.178+0000] {dag.py:3834} INFO - Setting next_dagrun for example_subdag_operator.section-1 to None, run_after=None
[2024-04-20T16:56:27.180+0000] {logging_mixin.py:188} INFO - [2024-04-20T16:56:27.179+0000] {dag.py:3834} INFO - Setting next_dagrun for example_subdag_operator.section-2 to None, run_after=None
[2024-04-20T16:56:27.185+0000] {logging_mixin.py:188} INFO - [2024-04-20T16:56:27.185+0000] {dag.py:3047} INFO - Sync 2 DAGs
[2024-04-20T16:56:27.189+0000] {logging_mixin.py:188} INFO - [2024-04-20T16:56:27.189+0000] {dag.py:3834} INFO - Setting next_dagrun for example_subdag_operator.section-1 to None, run_after=None
[2024-04-20T16:56:27.189+0000] {logging_mixin.py:188} INFO - [2024-04-20T16:56:27.189+0000] {dag.py:3834} INFO - Setting next_dagrun for example_subdag_operator.section-2 to None, run_after=None
[2024-04-20T16:56:27.316+0000] {processor.py:183} INFO - Processing /home/airflow/.local/lib/python3.8/site-packages/airflow/example_dags/example_subdag_operator.py took 0.192 seconds
[2024-04-20T16:56:58.605+0000] {processor.py:161} INFO - Started process (PID=6219) to work on /home/airflow/.local/lib/python3.8/site-packages/airflow/example_dags/example_subdag_operator.py
[2024-04-20T16:56:58.606+0000] {processor.py:830} INFO - Processing file /home/airflow/.local/lib/python3.8/site-packages/airflow/example_dags/example_subdag_operator.py for tasks to queue
[2024-04-20T16:56:58.607+0000] {logging_mixin.py:188} INFO - [2024-04-20T16:56:58.606+0000] {dagbag.py:540} INFO - Filling up the DagBag from /home/airflow/.local/lib/python3.8/site-packages/airflow/example_dags/example_subdag_operator.py
[2024-04-20T16:56:58.626+0000] {processor.py:840} INFO - DAG(s) 'example_subdag_operator.section-1', 'example_subdag_operator.section-2', 'example_subdag_operator' retrieved from /home/airflow/.local/lib/python3.8/site-packages/airflow/example_dags/example_subdag_operator.py
[2024-04-20T16:56:58.638+0000] {logging_mixin.py:188} INFO - [2024-04-20T16:56:58.637+0000] {dag.py:3047} INFO - Sync 3 DAGs
[2024-04-20T16:56:58.654+0000] {logging_mixin.py:188} INFO - [2024-04-20T16:56:58.654+0000] {dag.py:3834} INFO - Setting next_dagrun for example_subdag_operator to 2022-01-01 00:00:00+00:00, run_after=2022-01-01 00:00:00+00:00
[2024-04-20T16:56:58.657+0000] {logging_mixin.py:188} INFO - [2024-04-20T16:56:58.656+0000] {dag.py:3834} INFO - Setting next_dagrun for example_subdag_operator.section-1 to None, run_after=None
[2024-04-20T16:56:58.658+0000] {logging_mixin.py:188} INFO - [2024-04-20T16:56:58.657+0000] {dag.py:3834} INFO - Setting next_dagrun for example_subdag_operator.section-2 to None, run_after=None
[2024-04-20T16:56:58.663+0000] {logging_mixin.py:188} INFO - [2024-04-20T16:56:58.662+0000] {dag.py:3047} INFO - Sync 2 DAGs
[2024-04-20T16:56:58.667+0000] {logging_mixin.py:188} INFO - [2024-04-20T16:56:58.666+0000] {dag.py:3834} INFO - Setting next_dagrun for example_subdag_operator.section-1 to None, run_after=None
[2024-04-20T16:56:58.667+0000] {logging_mixin.py:188} INFO - [2024-04-20T16:56:58.667+0000] {dag.py:3834} INFO - Setting next_dagrun for example_subdag_operator.section-2 to None, run_after=None
[2024-04-20T16:56:58.792+0000] {processor.py:183} INFO - Processing /home/airflow/.local/lib/python3.8/site-packages/airflow/example_dags/example_subdag_operator.py took 0.189 seconds
[2024-04-20T16:57:29.044+0000] {processor.py:161} INFO - Started process (PID=6479) to work on /home/airflow/.local/lib/python3.8/site-packages/airflow/example_dags/example_subdag_operator.py
[2024-04-20T16:57:29.045+0000] {processor.py:830} INFO - Processing file /home/airflow/.local/lib/python3.8/site-packages/airflow/example_dags/example_subdag_operator.py for tasks to queue
[2024-04-20T16:57:29.046+0000] {logging_mixin.py:188} INFO - [2024-04-20T16:57:29.045+0000] {dagbag.py:540} INFO - Filling up the DagBag from /home/airflow/.local/lib/python3.8/site-packages/airflow/example_dags/example_subdag_operator.py
[2024-04-20T16:57:29.065+0000] {processor.py:840} INFO - DAG(s) 'example_subdag_operator.section-1', 'example_subdag_operator.section-2', 'example_subdag_operator' retrieved from /home/airflow/.local/lib/python3.8/site-packages/airflow/example_dags/example_subdag_operator.py
[2024-04-20T16:57:29.077+0000] {logging_mixin.py:188} INFO - [2024-04-20T16:57:29.076+0000] {dag.py:3047} INFO - Sync 3 DAGs
[2024-04-20T16:57:29.093+0000] {logging_mixin.py:188} INFO - [2024-04-20T16:57:29.093+0000] {dag.py:3834} INFO - Setting next_dagrun for example_subdag_operator to 2022-01-01 00:00:00+00:00, run_after=2022-01-01 00:00:00+00:00
[2024-04-20T16:57:29.096+0000] {logging_mixin.py:188} INFO - [2024-04-20T16:57:29.096+0000] {dag.py:3834} INFO - Setting next_dagrun for example_subdag_operator.section-1 to None, run_after=None
[2024-04-20T16:57:29.097+0000] {logging_mixin.py:188} INFO - [2024-04-20T16:57:29.097+0000] {dag.py:3834} INFO - Setting next_dagrun for example_subdag_operator.section-2 to None, run_after=None
[2024-04-20T16:57:29.102+0000] {logging_mixin.py:188} INFO - [2024-04-20T16:57:29.102+0000] {dag.py:3047} INFO - Sync 2 DAGs
[2024-04-20T16:57:29.106+0000] {logging_mixin.py:188} INFO - [2024-04-20T16:57:29.106+0000] {dag.py:3834} INFO - Setting next_dagrun for example_subdag_operator.section-1 to None, run_after=None
[2024-04-20T16:57:29.106+0000] {logging_mixin.py:188} INFO - [2024-04-20T16:57:29.106+0000] {dag.py:3834} INFO - Setting next_dagrun for example_subdag_operator.section-2 to None, run_after=None
[2024-04-20T16:57:29.222+0000] {processor.py:183} INFO - Processing /home/airflow/.local/lib/python3.8/site-packages/airflow/example_dags/example_subdag_operator.py took 0.181 seconds
[2024-04-20T16:57:59.693+0000] {processor.py:161} INFO - Started process (PID=6734) to work on /home/airflow/.local/lib/python3.8/site-packages/airflow/example_dags/example_subdag_operator.py
[2024-04-20T16:57:59.694+0000] {processor.py:830} INFO - Processing file /home/airflow/.local/lib/python3.8/site-packages/airflow/example_dags/example_subdag_operator.py for tasks to queue
[2024-04-20T16:57:59.694+0000] {logging_mixin.py:188} INFO - [2024-04-20T16:57:59.694+0000] {dagbag.py:540} INFO - Filling up the DagBag from /home/airflow/.local/lib/python3.8/site-packages/airflow/example_dags/example_subdag_operator.py
[2024-04-20T16:57:59.713+0000] {processor.py:840} INFO - DAG(s) 'example_subdag_operator.section-1', 'example_subdag_operator.section-2', 'example_subdag_operator' retrieved from /home/airflow/.local/lib/python3.8/site-packages/airflow/example_dags/example_subdag_operator.py
[2024-04-20T16:57:59.725+0000] {logging_mixin.py:188} INFO - [2024-04-20T16:57:59.725+0000] {dag.py:3047} INFO - Sync 3 DAGs
[2024-04-20T16:57:59.741+0000] {logging_mixin.py:188} INFO - [2024-04-20T16:57:59.741+0000] {dag.py:3834} INFO - Setting next_dagrun for example_subdag_operator to 2022-01-01 00:00:00+00:00, run_after=2022-01-01 00:00:00+00:00
[2024-04-20T16:57:59.744+0000] {logging_mixin.py:188} INFO - [2024-04-20T16:57:59.744+0000] {dag.py:3834} INFO - Setting next_dagrun for example_subdag_operator.section-1 to None, run_after=None
[2024-04-20T16:57:59.745+0000] {logging_mixin.py:188} INFO - [2024-04-20T16:57:59.745+0000] {dag.py:3834} INFO - Setting next_dagrun for example_subdag_operator.section-2 to None, run_after=None
[2024-04-20T16:57:59.750+0000] {logging_mixin.py:188} INFO - [2024-04-20T16:57:59.750+0000] {dag.py:3047} INFO - Sync 2 DAGs
[2024-04-20T16:57:59.754+0000] {logging_mixin.py:188} INFO - [2024-04-20T16:57:59.754+0000] {dag.py:3834} INFO - Setting next_dagrun for example_subdag_operator.section-1 to None, run_after=None
[2024-04-20T16:57:59.754+0000] {logging_mixin.py:188} INFO - [2024-04-20T16:57:59.754+0000] {dag.py:3834} INFO - Setting next_dagrun for example_subdag_operator.section-2 to None, run_after=None
[2024-04-20T16:57:59.881+0000] {processor.py:183} INFO - Processing /home/airflow/.local/lib/python3.8/site-packages/airflow/example_dags/example_subdag_operator.py took 0.191 seconds
[2024-04-20T16:58:30.095+0000] {processor.py:161} INFO - Started process (PID=6993) to work on /home/airflow/.local/lib/python3.8/site-packages/airflow/example_dags/example_subdag_operator.py
[2024-04-20T16:58:30.096+0000] {processor.py:830} INFO - Processing file /home/airflow/.local/lib/python3.8/site-packages/airflow/example_dags/example_subdag_operator.py for tasks to queue
[2024-04-20T16:58:30.096+0000] {logging_mixin.py:188} INFO - [2024-04-20T16:58:30.096+0000] {dagbag.py:540} INFO - Filling up the DagBag from /home/airflow/.local/lib/python3.8/site-packages/airflow/example_dags/example_subdag_operator.py
[2024-04-20T16:58:30.116+0000] {processor.py:840} INFO - DAG(s) 'example_subdag_operator.section-1', 'example_subdag_operator.section-2', 'example_subdag_operator' retrieved from /home/airflow/.local/lib/python3.8/site-packages/airflow/example_dags/example_subdag_operator.py
[2024-04-20T16:58:30.129+0000] {logging_mixin.py:188} INFO - [2024-04-20T16:58:30.128+0000] {dag.py:3047} INFO - Sync 3 DAGs
[2024-04-20T16:58:30.145+0000] {logging_mixin.py:188} INFO - [2024-04-20T16:58:30.145+0000] {dag.py:3834} INFO - Setting next_dagrun for example_subdag_operator to 2022-01-01 00:00:00+00:00, run_after=2022-01-01 00:00:00+00:00
[2024-04-20T16:58:30.148+0000] {logging_mixin.py:188} INFO - [2024-04-20T16:58:30.148+0000] {dag.py:3834} INFO - Setting next_dagrun for example_subdag_operator.section-1 to None, run_after=None
[2024-04-20T16:58:30.149+0000] {logging_mixin.py:188} INFO - [2024-04-20T16:58:30.149+0000] {dag.py:3834} INFO - Setting next_dagrun for example_subdag_operator.section-2 to None, run_after=None
[2024-04-20T16:58:30.154+0000] {logging_mixin.py:188} INFO - [2024-04-20T16:58:30.154+0000] {dag.py:3047} INFO - Sync 2 DAGs
[2024-04-20T16:58:30.158+0000] {logging_mixin.py:188} INFO - [2024-04-20T16:58:30.158+0000] {dag.py:3834} INFO - Setting next_dagrun for example_subdag_operator.section-1 to None, run_after=None
[2024-04-20T16:58:30.158+0000] {logging_mixin.py:188} INFO - [2024-04-20T16:58:30.158+0000] {dag.py:3834} INFO - Setting next_dagrun for example_subdag_operator.section-2 to None, run_after=None
[2024-04-20T16:58:30.282+0000] {processor.py:183} INFO - Processing /home/airflow/.local/lib/python3.8/site-packages/airflow/example_dags/example_subdag_operator.py took 0.190 seconds
[2024-04-20T16:59:00.588+0000] {processor.py:161} INFO - Started process (PID=7250) to work on /home/airflow/.local/lib/python3.8/site-packages/airflow/example_dags/example_subdag_operator.py
[2024-04-20T16:59:00.589+0000] {processor.py:830} INFO - Processing file /home/airflow/.local/lib/python3.8/site-packages/airflow/example_dags/example_subdag_operator.py for tasks to queue
[2024-04-20T16:59:00.590+0000] {logging_mixin.py:188} INFO - [2024-04-20T16:59:00.589+0000] {dagbag.py:540} INFO - Filling up the DagBag from /home/airflow/.local/lib/python3.8/site-packages/airflow/example_dags/example_subdag_operator.py
[2024-04-20T16:59:00.609+0000] {processor.py:840} INFO - DAG(s) 'example_subdag_operator.section-1', 'example_subdag_operator.section-2', 'example_subdag_operator' retrieved from /home/airflow/.local/lib/python3.8/site-packages/airflow/example_dags/example_subdag_operator.py
[2024-04-20T16:59:00.622+0000] {logging_mixin.py:188} INFO - [2024-04-20T16:59:00.621+0000] {dag.py:3047} INFO - Sync 3 DAGs
[2024-04-20T16:59:00.638+0000] {logging_mixin.py:188} INFO - [2024-04-20T16:59:00.638+0000] {dag.py:3834} INFO - Setting next_dagrun for example_subdag_operator to 2022-01-01 00:00:00+00:00, run_after=2022-01-01 00:00:00+00:00
[2024-04-20T16:59:00.641+0000] {logging_mixin.py:188} INFO - [2024-04-20T16:59:00.640+0000] {dag.py:3834} INFO - Setting next_dagrun for example_subdag_operator.section-1 to None, run_after=None
[2024-04-20T16:59:00.642+0000] {logging_mixin.py:188} INFO - [2024-04-20T16:59:00.641+0000] {dag.py:3834} INFO - Setting next_dagrun for example_subdag_operator.section-2 to None, run_after=None
[2024-04-20T16:59:00.647+0000] {logging_mixin.py:188} INFO - [2024-04-20T16:59:00.647+0000] {dag.py:3047} INFO - Sync 2 DAGs
[2024-04-20T16:59:00.651+0000] {logging_mixin.py:188} INFO - [2024-04-20T16:59:00.650+0000] {dag.py:3834} INFO - Setting next_dagrun for example_subdag_operator.section-1 to None, run_after=None
[2024-04-20T16:59:00.651+0000] {logging_mixin.py:188} INFO - [2024-04-20T16:59:00.651+0000] {dag.py:3834} INFO - Setting next_dagrun for example_subdag_operator.section-2 to None, run_after=None
[2024-04-20T16:59:00.777+0000] {processor.py:183} INFO - Processing /home/airflow/.local/lib/python3.8/site-packages/airflow/example_dags/example_subdag_operator.py took 0.192 seconds
[2024-04-20T16:59:32.099+0000] {processor.py:161} INFO - Started process (PID=7507) to work on /home/airflow/.local/lib/python3.8/site-packages/airflow/example_dags/example_subdag_operator.py
[2024-04-20T16:59:32.100+0000] {processor.py:830} INFO - Processing file /home/airflow/.local/lib/python3.8/site-packages/airflow/example_dags/example_subdag_operator.py for tasks to queue
[2024-04-20T16:59:32.101+0000] {logging_mixin.py:188} INFO - [2024-04-20T16:59:32.100+0000] {dagbag.py:540} INFO - Filling up the DagBag from /home/airflow/.local/lib/python3.8/site-packages/airflow/example_dags/example_subdag_operator.py
[2024-04-20T16:59:32.119+0000] {processor.py:840} INFO - DAG(s) 'example_subdag_operator.section-1', 'example_subdag_operator.section-2', 'example_subdag_operator' retrieved from /home/airflow/.local/lib/python3.8/site-packages/airflow/example_dags/example_subdag_operator.py
[2024-04-20T16:59:32.132+0000] {logging_mixin.py:188} INFO - [2024-04-20T16:59:32.132+0000] {dag.py:3047} INFO - Sync 3 DAGs
[2024-04-20T16:59:32.150+0000] {logging_mixin.py:188} INFO - [2024-04-20T16:59:32.149+0000] {dag.py:3834} INFO - Setting next_dagrun for example_subdag_operator to 2022-01-01 00:00:00+00:00, run_after=2022-01-01 00:00:00+00:00
[2024-04-20T16:59:32.153+0000] {logging_mixin.py:188} INFO - [2024-04-20T16:59:32.152+0000] {dag.py:3834} INFO - Setting next_dagrun for example_subdag_operator.section-1 to None, run_after=None
[2024-04-20T16:59:32.154+0000] {logging_mixin.py:188} INFO - [2024-04-20T16:59:32.153+0000] {dag.py:3834} INFO - Setting next_dagrun for example_subdag_operator.section-2 to None, run_after=None
[2024-04-20T16:59:32.159+0000] {logging_mixin.py:188} INFO - [2024-04-20T16:59:32.159+0000] {dag.py:3047} INFO - Sync 2 DAGs
[2024-04-20T16:59:32.163+0000] {logging_mixin.py:188} INFO - [2024-04-20T16:59:32.163+0000] {dag.py:3834} INFO - Setting next_dagrun for example_subdag_operator.section-1 to None, run_after=None
[2024-04-20T16:59:32.163+0000] {logging_mixin.py:188} INFO - [2024-04-20T16:59:32.163+0000] {dag.py:3834} INFO - Setting next_dagrun for example_subdag_operator.section-2 to None, run_after=None
[2024-04-20T16:59:32.651+0000] {processor.py:183} INFO - Processing /home/airflow/.local/lib/python3.8/site-packages/airflow/example_dags/example_subdag_operator.py took 0.555 seconds
[2024-04-20T17:00:02.852+0000] {processor.py:161} INFO - Started process (PID=7764) to work on /home/airflow/.local/lib/python3.8/site-packages/airflow/example_dags/example_subdag_operator.py
[2024-04-20T17:00:02.853+0000] {processor.py:830} INFO - Processing file /home/airflow/.local/lib/python3.8/site-packages/airflow/example_dags/example_subdag_operator.py for tasks to queue
[2024-04-20T17:00:02.854+0000] {logging_mixin.py:188} INFO - [2024-04-20T17:00:02.854+0000] {dagbag.py:540} INFO - Filling up the DagBag from /home/airflow/.local/lib/python3.8/site-packages/airflow/example_dags/example_subdag_operator.py
[2024-04-20T17:00:02.886+0000] {processor.py:840} INFO - DAG(s) 'example_subdag_operator.section-1', 'example_subdag_operator.section-2', 'example_subdag_operator' retrieved from /home/airflow/.local/lib/python3.8/site-packages/airflow/example_dags/example_subdag_operator.py
[2024-04-20T17:00:02.905+0000] {logging_mixin.py:188} INFO - [2024-04-20T17:00:02.905+0000] {dag.py:3047} INFO - Sync 3 DAGs
[2024-04-20T17:00:02.959+0000] {logging_mixin.py:188} INFO - [2024-04-20T17:00:02.958+0000] {dag.py:3834} INFO - Setting next_dagrun for example_subdag_operator to 2022-01-01 00:00:00+00:00, run_after=2022-01-01 00:00:00+00:00
[2024-04-20T17:00:02.963+0000] {logging_mixin.py:188} INFO - [2024-04-20T17:00:02.963+0000] {dag.py:3834} INFO - Setting next_dagrun for example_subdag_operator.section-1 to None, run_after=None
[2024-04-20T17:00:02.964+0000] {logging_mixin.py:188} INFO - [2024-04-20T17:00:02.964+0000] {dag.py:3834} INFO - Setting next_dagrun for example_subdag_operator.section-2 to None, run_after=None
[2024-04-20T17:00:02.971+0000] {logging_mixin.py:188} INFO - [2024-04-20T17:00:02.971+0000] {dag.py:3047} INFO - Sync 2 DAGs
[2024-04-20T17:00:02.977+0000] {logging_mixin.py:188} INFO - [2024-04-20T17:00:02.976+0000] {dag.py:3834} INFO - Setting next_dagrun for example_subdag_operator.section-1 to None, run_after=None
[2024-04-20T17:00:02.977+0000] {logging_mixin.py:188} INFO - [2024-04-20T17:00:02.977+0000] {dag.py:3834} INFO - Setting next_dagrun for example_subdag_operator.section-2 to None, run_after=None
[2024-04-20T17:00:03.096+0000] {processor.py:183} INFO - Processing /home/airflow/.local/lib/python3.8/site-packages/airflow/example_dags/example_subdag_operator.py took 0.247 seconds
[2024-04-20T17:00:33.318+0000] {processor.py:161} INFO - Started process (PID=8021) to work on /home/airflow/.local/lib/python3.8/site-packages/airflow/example_dags/example_subdag_operator.py
[2024-04-20T17:00:33.319+0000] {processor.py:830} INFO - Processing file /home/airflow/.local/lib/python3.8/site-packages/airflow/example_dags/example_subdag_operator.py for tasks to queue
[2024-04-20T17:00:33.320+0000] {logging_mixin.py:188} INFO - [2024-04-20T17:00:33.319+0000] {dagbag.py:540} INFO - Filling up the DagBag from /home/airflow/.local/lib/python3.8/site-packages/airflow/example_dags/example_subdag_operator.py
[2024-04-20T17:00:33.343+0000] {processor.py:840} INFO - DAG(s) 'example_subdag_operator.section-1', 'example_subdag_operator.section-2', 'example_subdag_operator' retrieved from /home/airflow/.local/lib/python3.8/site-packages/airflow/example_dags/example_subdag_operator.py
[2024-04-20T17:00:33.355+0000] {logging_mixin.py:188} INFO - [2024-04-20T17:00:33.355+0000] {dag.py:3047} INFO - Sync 3 DAGs
[2024-04-20T17:00:33.373+0000] {logging_mixin.py:188} INFO - [2024-04-20T17:00:33.373+0000] {dag.py:3834} INFO - Setting next_dagrun for example_subdag_operator to 2022-01-01 00:00:00+00:00, run_after=2022-01-01 00:00:00+00:00
[2024-04-20T17:00:33.377+0000] {logging_mixin.py:188} INFO - [2024-04-20T17:00:33.377+0000] {dag.py:3834} INFO - Setting next_dagrun for example_subdag_operator.section-1 to None, run_after=None
[2024-04-20T17:00:33.378+0000] {logging_mixin.py:188} INFO - [2024-04-20T17:00:33.378+0000] {dag.py:3834} INFO - Setting next_dagrun for example_subdag_operator.section-2 to None, run_after=None
[2024-04-20T17:00:33.385+0000] {logging_mixin.py:188} INFO - [2024-04-20T17:00:33.385+0000] {dag.py:3047} INFO - Sync 2 DAGs
[2024-04-20T17:00:33.391+0000] {logging_mixin.py:188} INFO - [2024-04-20T17:00:33.391+0000] {dag.py:3834} INFO - Setting next_dagrun for example_subdag_operator.section-1 to None, run_after=None
[2024-04-20T17:00:33.392+0000] {logging_mixin.py:188} INFO - [2024-04-20T17:00:33.392+0000] {dag.py:3834} INFO - Setting next_dagrun for example_subdag_operator.section-2 to None, run_after=None
[2024-04-20T17:00:33.536+0000] {processor.py:183} INFO - Processing /home/airflow/.local/lib/python3.8/site-packages/airflow/example_dags/example_subdag_operator.py took 0.221 seconds
[2024-04-20T17:01:03.826+0000] {processor.py:161} INFO - Started process (PID=8279) to work on /home/airflow/.local/lib/python3.8/site-packages/airflow/example_dags/example_subdag_operator.py
[2024-04-20T17:01:03.827+0000] {processor.py:830} INFO - Processing file /home/airflow/.local/lib/python3.8/site-packages/airflow/example_dags/example_subdag_operator.py for tasks to queue
[2024-04-20T17:01:03.828+0000] {logging_mixin.py:188} INFO - [2024-04-20T17:01:03.828+0000] {dagbag.py:540} INFO - Filling up the DagBag from /home/airflow/.local/lib/python3.8/site-packages/airflow/example_dags/example_subdag_operator.py
[2024-04-20T17:01:03.847+0000] {processor.py:840} INFO - DAG(s) 'example_subdag_operator.section-1', 'example_subdag_operator.section-2', 'example_subdag_operator' retrieved from /home/airflow/.local/lib/python3.8/site-packages/airflow/example_dags/example_subdag_operator.py
[2024-04-20T17:01:03.858+0000] {logging_mixin.py:188} INFO - [2024-04-20T17:01:03.858+0000] {dag.py:3047} INFO - Sync 3 DAGs
[2024-04-20T17:01:03.875+0000] {logging_mixin.py:188} INFO - [2024-04-20T17:01:03.874+0000] {dag.py:3834} INFO - Setting next_dagrun for example_subdag_operator to 2022-01-01 00:00:00+00:00, run_after=2022-01-01 00:00:00+00:00
[2024-04-20T17:01:03.878+0000] {logging_mixin.py:188} INFO - [2024-04-20T17:01:03.878+0000] {dag.py:3834} INFO - Setting next_dagrun for example_subdag_operator.section-1 to None, run_after=None
[2024-04-20T17:01:03.879+0000] {logging_mixin.py:188} INFO - [2024-04-20T17:01:03.879+0000] {dag.py:3834} INFO - Setting next_dagrun for example_subdag_operator.section-2 to None, run_after=None
[2024-04-20T17:01:03.884+0000] {logging_mixin.py:188} INFO - [2024-04-20T17:01:03.884+0000] {dag.py:3047} INFO - Sync 2 DAGs
[2024-04-20T17:01:03.888+0000] {logging_mixin.py:188} INFO - [2024-04-20T17:01:03.888+0000] {dag.py:3834} INFO - Setting next_dagrun for example_subdag_operator.section-1 to None, run_after=None
[2024-04-20T17:01:03.888+0000] {logging_mixin.py:188} INFO - [2024-04-20T17:01:03.888+0000] {dag.py:3834} INFO - Setting next_dagrun for example_subdag_operator.section-2 to None, run_after=None
[2024-04-20T17:01:04.017+0000] {processor.py:183} INFO - Processing /home/airflow/.local/lib/python3.8/site-packages/airflow/example_dags/example_subdag_operator.py took 0.193 seconds
[2024-04-20T17:01:34.472+0000] {processor.py:161} INFO - Started process (PID=8537) to work on /home/airflow/.local/lib/python3.8/site-packages/airflow/example_dags/example_subdag_operator.py
[2024-04-20T17:01:34.472+0000] {processor.py:830} INFO - Processing file /home/airflow/.local/lib/python3.8/site-packages/airflow/example_dags/example_subdag_operator.py for tasks to queue
[2024-04-20T17:01:34.473+0000] {logging_mixin.py:188} INFO - [2024-04-20T17:01:34.473+0000] {dagbag.py:540} INFO - Filling up the DagBag from /home/airflow/.local/lib/python3.8/site-packages/airflow/example_dags/example_subdag_operator.py
[2024-04-20T17:01:34.493+0000] {processor.py:840} INFO - DAG(s) 'example_subdag_operator.section-1', 'example_subdag_operator.section-2', 'example_subdag_operator' retrieved from /home/airflow/.local/lib/python3.8/site-packages/airflow/example_dags/example_subdag_operator.py
[2024-04-20T17:01:34.506+0000] {logging_mixin.py:188} INFO - [2024-04-20T17:01:34.506+0000] {dag.py:3047} INFO - Sync 3 DAGs
[2024-04-20T17:01:34.523+0000] {logging_mixin.py:188} INFO - [2024-04-20T17:01:34.522+0000] {dag.py:3834} INFO - Setting next_dagrun for example_subdag_operator to 2022-01-01 00:00:00+00:00, run_after=2022-01-01 00:00:00+00:00
[2024-04-20T17:01:34.525+0000] {logging_mixin.py:188} INFO - [2024-04-20T17:01:34.525+0000] {dag.py:3834} INFO - Setting next_dagrun for example_subdag_operator.section-1 to None, run_after=None
[2024-04-20T17:01:34.526+0000] {logging_mixin.py:188} INFO - [2024-04-20T17:01:34.526+0000] {dag.py:3834} INFO - Setting next_dagrun for example_subdag_operator.section-2 to None, run_after=None
[2024-04-20T17:01:34.532+0000] {logging_mixin.py:188} INFO - [2024-04-20T17:01:34.532+0000] {dag.py:3047} INFO - Sync 2 DAGs
[2024-04-20T17:01:34.536+0000] {logging_mixin.py:188} INFO - [2024-04-20T17:01:34.536+0000] {dag.py:3834} INFO - Setting next_dagrun for example_subdag_operator.section-1 to None, run_after=None
[2024-04-20T17:01:34.537+0000] {logging_mixin.py:188} INFO - [2024-04-20T17:01:34.536+0000] {dag.py:3834} INFO - Setting next_dagrun for example_subdag_operator.section-2 to None, run_after=None
[2024-04-20T17:01:34.662+0000] {processor.py:183} INFO - Processing /home/airflow/.local/lib/python3.8/site-packages/airflow/example_dags/example_subdag_operator.py took 0.193 seconds
[2024-04-20T17:02:04.773+0000] {processor.py:161} INFO - Started process (PID=8794) to work on /home/airflow/.local/lib/python3.8/site-packages/airflow/example_dags/example_subdag_operator.py
[2024-04-20T17:02:04.774+0000] {processor.py:830} INFO - Processing file /home/airflow/.local/lib/python3.8/site-packages/airflow/example_dags/example_subdag_operator.py for tasks to queue
[2024-04-20T17:02:04.774+0000] {logging_mixin.py:188} INFO - [2024-04-20T17:02:04.774+0000] {dagbag.py:540} INFO - Filling up the DagBag from /home/airflow/.local/lib/python3.8/site-packages/airflow/example_dags/example_subdag_operator.py
[2024-04-20T17:02:04.800+0000] {processor.py:840} INFO - DAG(s) 'example_subdag_operator.section-1', 'example_subdag_operator.section-2', 'example_subdag_operator' retrieved from /home/airflow/.local/lib/python3.8/site-packages/airflow/example_dags/example_subdag_operator.py
[2024-04-20T17:02:04.819+0000] {logging_mixin.py:188} INFO - [2024-04-20T17:02:04.819+0000] {dag.py:3047} INFO - Sync 3 DAGs
[2024-04-20T17:02:04.844+0000] {logging_mixin.py:188} INFO - [2024-04-20T17:02:04.843+0000] {dag.py:3834} INFO - Setting next_dagrun for example_subdag_operator to 2022-01-01 00:00:00+00:00, run_after=2022-01-01 00:00:00+00:00
[2024-04-20T17:02:04.848+0000] {logging_mixin.py:188} INFO - [2024-04-20T17:02:04.847+0000] {dag.py:3834} INFO - Setting next_dagrun for example_subdag_operator.section-1 to None, run_after=None
[2024-04-20T17:02:04.849+0000] {logging_mixin.py:188} INFO - [2024-04-20T17:02:04.849+0000] {dag.py:3834} INFO - Setting next_dagrun for example_subdag_operator.section-2 to None, run_after=None
[2024-04-20T17:02:04.854+0000] {logging_mixin.py:188} INFO - [2024-04-20T17:02:04.854+0000] {dag.py:3047} INFO - Sync 2 DAGs
[2024-04-20T17:02:04.858+0000] {logging_mixin.py:188} INFO - [2024-04-20T17:02:04.858+0000] {dag.py:3834} INFO - Setting next_dagrun for example_subdag_operator.section-1 to None, run_after=None
[2024-04-20T17:02:04.859+0000] {logging_mixin.py:188} INFO - [2024-04-20T17:02:04.858+0000] {dag.py:3834} INFO - Setting next_dagrun for example_subdag_operator.section-2 to None, run_after=None
[2024-04-20T17:02:05.070+0000] {processor.py:183} INFO - Processing /home/airflow/.local/lib/python3.8/site-packages/airflow/example_dags/example_subdag_operator.py took 0.301 seconds
[2024-04-20T17:02:35.293+0000] {processor.py:161} INFO - Started process (PID=9052) to work on /home/airflow/.local/lib/python3.8/site-packages/airflow/example_dags/example_subdag_operator.py
[2024-04-20T17:02:35.294+0000] {processor.py:830} INFO - Processing file /home/airflow/.local/lib/python3.8/site-packages/airflow/example_dags/example_subdag_operator.py for tasks to queue
[2024-04-20T17:02:35.295+0000] {logging_mixin.py:188} INFO - [2024-04-20T17:02:35.295+0000] {dagbag.py:540} INFO - Filling up the DagBag from /home/airflow/.local/lib/python3.8/site-packages/airflow/example_dags/example_subdag_operator.py
[2024-04-20T17:02:35.314+0000] {processor.py:840} INFO - DAG(s) 'example_subdag_operator.section-1', 'example_subdag_operator.section-2', 'example_subdag_operator' retrieved from /home/airflow/.local/lib/python3.8/site-packages/airflow/example_dags/example_subdag_operator.py
[2024-04-20T17:02:35.327+0000] {logging_mixin.py:188} INFO - [2024-04-20T17:02:35.327+0000] {dag.py:3047} INFO - Sync 3 DAGs
[2024-04-20T17:02:35.343+0000] {logging_mixin.py:188} INFO - [2024-04-20T17:02:35.343+0000] {dag.py:3834} INFO - Setting next_dagrun for example_subdag_operator to 2022-01-01 00:00:00+00:00, run_after=2022-01-01 00:00:00+00:00
[2024-04-20T17:02:35.346+0000] {logging_mixin.py:188} INFO - [2024-04-20T17:02:35.346+0000] {dag.py:3834} INFO - Setting next_dagrun for example_subdag_operator.section-1 to None, run_after=None
[2024-04-20T17:02:35.347+0000] {logging_mixin.py:188} INFO - [2024-04-20T17:02:35.347+0000] {dag.py:3834} INFO - Setting next_dagrun for example_subdag_operator.section-2 to None, run_after=None
[2024-04-20T17:02:35.353+0000] {logging_mixin.py:188} INFO - [2024-04-20T17:02:35.352+0000] {dag.py:3047} INFO - Sync 2 DAGs
[2024-04-20T17:02:35.356+0000] {logging_mixin.py:188} INFO - [2024-04-20T17:02:35.356+0000] {dag.py:3834} INFO - Setting next_dagrun for example_subdag_operator.section-1 to None, run_after=None
[2024-04-20T17:02:35.357+0000] {logging_mixin.py:188} INFO - [2024-04-20T17:02:35.356+0000] {dag.py:3834} INFO - Setting next_dagrun for example_subdag_operator.section-2 to None, run_after=None
[2024-04-20T17:02:35.483+0000] {processor.py:183} INFO - Processing /home/airflow/.local/lib/python3.8/site-packages/airflow/example_dags/example_subdag_operator.py took 0.192 seconds
[2024-04-20T17:03:06.164+0000] {processor.py:161} INFO - Started process (PID=9310) to work on /home/airflow/.local/lib/python3.8/site-packages/airflow/example_dags/example_subdag_operator.py
[2024-04-20T17:03:06.165+0000] {processor.py:830} INFO - Processing file /home/airflow/.local/lib/python3.8/site-packages/airflow/example_dags/example_subdag_operator.py for tasks to queue
[2024-04-20T17:03:06.165+0000] {logging_mixin.py:188} INFO - [2024-04-20T17:03:06.165+0000] {dagbag.py:540} INFO - Filling up the DagBag from /home/airflow/.local/lib/python3.8/site-packages/airflow/example_dags/example_subdag_operator.py
[2024-04-20T17:03:06.185+0000] {processor.py:840} INFO - DAG(s) 'example_subdag_operator.section-1', 'example_subdag_operator.section-2', 'example_subdag_operator' retrieved from /home/airflow/.local/lib/python3.8/site-packages/airflow/example_dags/example_subdag_operator.py
[2024-04-20T17:03:06.197+0000] {logging_mixin.py:188} INFO - [2024-04-20T17:03:06.197+0000] {dag.py:3047} INFO - Sync 3 DAGs
[2024-04-20T17:03:06.213+0000] {logging_mixin.py:188} INFO - [2024-04-20T17:03:06.213+0000] {dag.py:3834} INFO - Setting next_dagrun for example_subdag_operator to 2022-01-01 00:00:00+00:00, run_after=2022-01-01 00:00:00+00:00
[2024-04-20T17:03:06.216+0000] {logging_mixin.py:188} INFO - [2024-04-20T17:03:06.216+0000] {dag.py:3834} INFO - Setting next_dagrun for example_subdag_operator.section-1 to None, run_after=None
[2024-04-20T17:03:06.217+0000] {logging_mixin.py:188} INFO - [2024-04-20T17:03:06.217+0000] {dag.py:3834} INFO - Setting next_dagrun for example_subdag_operator.section-2 to None, run_after=None
[2024-04-20T17:03:06.222+0000] {logging_mixin.py:188} INFO - [2024-04-20T17:03:06.222+0000] {dag.py:3047} INFO - Sync 2 DAGs
[2024-04-20T17:03:06.226+0000] {logging_mixin.py:188} INFO - [2024-04-20T17:03:06.226+0000] {dag.py:3834} INFO - Setting next_dagrun for example_subdag_operator.section-1 to None, run_after=None
[2024-04-20T17:03:06.226+0000] {logging_mixin.py:188} INFO - [2024-04-20T17:03:06.226+0000] {dag.py:3834} INFO - Setting next_dagrun for example_subdag_operator.section-2 to None, run_after=None
[2024-04-20T17:03:06.352+0000] {processor.py:183} INFO - Processing /home/airflow/.local/lib/python3.8/site-packages/airflow/example_dags/example_subdag_operator.py took 0.191 seconds
[2024-04-20T17:03:36.555+0000] {processor.py:161} INFO - Started process (PID=9567) to work on /home/airflow/.local/lib/python3.8/site-packages/airflow/example_dags/example_subdag_operator.py
[2024-04-20T17:03:36.556+0000] {processor.py:830} INFO - Processing file /home/airflow/.local/lib/python3.8/site-packages/airflow/example_dags/example_subdag_operator.py for tasks to queue
[2024-04-20T17:03:36.557+0000] {logging_mixin.py:188} INFO - [2024-04-20T17:03:36.557+0000] {dagbag.py:540} INFO - Filling up the DagBag from /home/airflow/.local/lib/python3.8/site-packages/airflow/example_dags/example_subdag_operator.py
[2024-04-20T17:03:36.576+0000] {processor.py:840} INFO - DAG(s) 'example_subdag_operator.section-1', 'example_subdag_operator.section-2', 'example_subdag_operator' retrieved from /home/airflow/.local/lib/python3.8/site-packages/airflow/example_dags/example_subdag_operator.py
[2024-04-20T17:03:36.588+0000] {logging_mixin.py:188} INFO - [2024-04-20T17:03:36.588+0000] {dag.py:3047} INFO - Sync 3 DAGs
[2024-04-20T17:03:36.605+0000] {logging_mixin.py:188} INFO - [2024-04-20T17:03:36.605+0000] {dag.py:3834} INFO - Setting next_dagrun for example_subdag_operator to 2022-01-01 00:00:00+00:00, run_after=2022-01-01 00:00:00+00:00
[2024-04-20T17:03:36.608+0000] {logging_mixin.py:188} INFO - [2024-04-20T17:03:36.607+0000] {dag.py:3834} INFO - Setting next_dagrun for example_subdag_operator.section-1 to None, run_after=None
[2024-04-20T17:03:36.609+0000] {logging_mixin.py:188} INFO - [2024-04-20T17:03:36.608+0000] {dag.py:3834} INFO - Setting next_dagrun for example_subdag_operator.section-2 to None, run_after=None
[2024-04-20T17:03:36.614+0000] {logging_mixin.py:188} INFO - [2024-04-20T17:03:36.614+0000] {dag.py:3047} INFO - Sync 2 DAGs
[2024-04-20T17:03:36.617+0000] {logging_mixin.py:188} INFO - [2024-04-20T17:03:36.617+0000] {dag.py:3834} INFO - Setting next_dagrun for example_subdag_operator.section-1 to None, run_after=None
[2024-04-20T17:03:36.618+0000] {logging_mixin.py:188} INFO - [2024-04-20T17:03:36.618+0000] {dag.py:3834} INFO - Setting next_dagrun for example_subdag_operator.section-2 to None, run_after=None
[2024-04-20T17:03:36.749+0000] {processor.py:183} INFO - Processing /home/airflow/.local/lib/python3.8/site-packages/airflow/example_dags/example_subdag_operator.py took 0.197 seconds
[2024-04-20T17:04:07.353+0000] {processor.py:161} INFO - Started process (PID=9824) to work on /home/airflow/.local/lib/python3.8/site-packages/airflow/example_dags/example_subdag_operator.py
[2024-04-20T17:04:07.354+0000] {processor.py:830} INFO - Processing file /home/airflow/.local/lib/python3.8/site-packages/airflow/example_dags/example_subdag_operator.py for tasks to queue
[2024-04-20T17:04:07.355+0000] {logging_mixin.py:188} INFO - [2024-04-20T17:04:07.355+0000] {dagbag.py:540} INFO - Filling up the DagBag from /home/airflow/.local/lib/python3.8/site-packages/airflow/example_dags/example_subdag_operator.py
[2024-04-20T17:04:07.374+0000] {processor.py:840} INFO - DAG(s) 'example_subdag_operator.section-1', 'example_subdag_operator.section-2', 'example_subdag_operator' retrieved from /home/airflow/.local/lib/python3.8/site-packages/airflow/example_dags/example_subdag_operator.py
[2024-04-20T17:04:07.386+0000] {logging_mixin.py:188} INFO - [2024-04-20T17:04:07.386+0000] {dag.py:3047} INFO - Sync 3 DAGs
[2024-04-20T17:04:07.403+0000] {logging_mixin.py:188} INFO - [2024-04-20T17:04:07.403+0000] {dag.py:3834} INFO - Setting next_dagrun for example_subdag_operator to 2022-01-01 00:00:00+00:00, run_after=2022-01-01 00:00:00+00:00
[2024-04-20T17:04:07.406+0000] {logging_mixin.py:188} INFO - [2024-04-20T17:04:07.406+0000] {dag.py:3834} INFO - Setting next_dagrun for example_subdag_operator.section-1 to None, run_after=None
[2024-04-20T17:04:07.407+0000] {logging_mixin.py:188} INFO - [2024-04-20T17:04:07.407+0000] {dag.py:3834} INFO - Setting next_dagrun for example_subdag_operator.section-2 to None, run_after=None
[2024-04-20T17:04:07.412+0000] {logging_mixin.py:188} INFO - [2024-04-20T17:04:07.412+0000] {dag.py:3047} INFO - Sync 2 DAGs
[2024-04-20T17:04:07.416+0000] {logging_mixin.py:188} INFO - [2024-04-20T17:04:07.416+0000] {dag.py:3834} INFO - Setting next_dagrun for example_subdag_operator.section-1 to None, run_after=None
[2024-04-20T17:04:07.417+0000] {logging_mixin.py:188} INFO - [2024-04-20T17:04:07.417+0000] {dag.py:3834} INFO - Setting next_dagrun for example_subdag_operator.section-2 to None, run_after=None
[2024-04-20T17:04:07.908+0000] {processor.py:183} INFO - Processing /home/airflow/.local/lib/python3.8/site-packages/airflow/example_dags/example_subdag_operator.py took 0.557 seconds
[2024-04-20T17:04:37.990+0000] {processor.py:161} INFO - Started process (PID=10081) to work on /home/airflow/.local/lib/python3.8/site-packages/airflow/example_dags/example_subdag_operator.py
[2024-04-20T17:04:37.991+0000] {processor.py:830} INFO - Processing file /home/airflow/.local/lib/python3.8/site-packages/airflow/example_dags/example_subdag_operator.py for tasks to queue
[2024-04-20T17:04:37.992+0000] {logging_mixin.py:188} INFO - [2024-04-20T17:04:37.992+0000] {dagbag.py:540} INFO - Filling up the DagBag from /home/airflow/.local/lib/python3.8/site-packages/airflow/example_dags/example_subdag_operator.py
[2024-04-20T17:04:38.029+0000] {processor.py:840} INFO - DAG(s) 'example_subdag_operator.section-1', 'example_subdag_operator.section-2', 'example_subdag_operator' retrieved from /home/airflow/.local/lib/python3.8/site-packages/airflow/example_dags/example_subdag_operator.py
[2024-04-20T17:04:38.049+0000] {logging_mixin.py:188} INFO - [2024-04-20T17:04:38.048+0000] {dag.py:3047} INFO - Sync 3 DAGs
[2024-04-20T17:04:38.073+0000] {logging_mixin.py:188} INFO - [2024-04-20T17:04:38.073+0000] {dag.py:3834} INFO - Setting next_dagrun for example_subdag_operator to 2022-01-01 00:00:00+00:00, run_after=2022-01-01 00:00:00+00:00
[2024-04-20T17:04:38.076+0000] {logging_mixin.py:188} INFO - [2024-04-20T17:04:38.075+0000] {dag.py:3834} INFO - Setting next_dagrun for example_subdag_operator.section-1 to None, run_after=None
[2024-04-20T17:04:38.077+0000] {logging_mixin.py:188} INFO - [2024-04-20T17:04:38.076+0000] {dag.py:3834} INFO - Setting next_dagrun for example_subdag_operator.section-2 to None, run_after=None
[2024-04-20T17:04:38.082+0000] {logging_mixin.py:188} INFO - [2024-04-20T17:04:38.082+0000] {dag.py:3047} INFO - Sync 2 DAGs
[2024-04-20T17:04:38.086+0000] {logging_mixin.py:188} INFO - [2024-04-20T17:04:38.085+0000] {dag.py:3834} INFO - Setting next_dagrun for example_subdag_operator.section-1 to None, run_after=None
[2024-04-20T17:04:38.086+0000] {logging_mixin.py:188} INFO - [2024-04-20T17:04:38.086+0000] {dag.py:3834} INFO - Setting next_dagrun for example_subdag_operator.section-2 to None, run_after=None
[2024-04-20T17:04:38.288+0000] {processor.py:183} INFO - Processing /home/airflow/.local/lib/python3.8/site-packages/airflow/example_dags/example_subdag_operator.py took 0.301 seconds
[2024-04-20T17:05:08.980+0000] {processor.py:161} INFO - Started process (PID=10338) to work on /home/airflow/.local/lib/python3.8/site-packages/airflow/example_dags/example_subdag_operator.py
[2024-04-20T17:05:08.981+0000] {processor.py:830} INFO - Processing file /home/airflow/.local/lib/python3.8/site-packages/airflow/example_dags/example_subdag_operator.py for tasks to queue
[2024-04-20T17:05:08.982+0000] {logging_mixin.py:188} INFO - [2024-04-20T17:05:08.982+0000] {dagbag.py:540} INFO - Filling up the DagBag from /home/airflow/.local/lib/python3.8/site-packages/airflow/example_dags/example_subdag_operator.py
[2024-04-20T17:05:09.008+0000] {processor.py:840} INFO - DAG(s) 'example_subdag_operator.section-1', 'example_subdag_operator.section-2', 'example_subdag_operator' retrieved from /home/airflow/.local/lib/python3.8/site-packages/airflow/example_dags/example_subdag_operator.py
[2024-04-20T17:05:09.027+0000] {logging_mixin.py:188} INFO - [2024-04-20T17:05:09.027+0000] {dag.py:3047} INFO - Sync 3 DAGs
[2024-04-20T17:05:09.053+0000] {logging_mixin.py:188} INFO - [2024-04-20T17:05:09.053+0000] {dag.py:3834} INFO - Setting next_dagrun for example_subdag_operator to 2022-01-01 00:00:00+00:00, run_after=2022-01-01 00:00:00+00:00
[2024-04-20T17:05:09.057+0000] {logging_mixin.py:188} INFO - [2024-04-20T17:05:09.057+0000] {dag.py:3834} INFO - Setting next_dagrun for example_subdag_operator.section-1 to None, run_after=None
[2024-04-20T17:05:09.059+0000] {logging_mixin.py:188} INFO - [2024-04-20T17:05:09.058+0000] {dag.py:3834} INFO - Setting next_dagrun for example_subdag_operator.section-2 to None, run_after=None
[2024-04-20T17:05:09.066+0000] {logging_mixin.py:188} INFO - [2024-04-20T17:05:09.066+0000] {dag.py:3047} INFO - Sync 2 DAGs
[2024-04-20T17:05:09.072+0000] {logging_mixin.py:188} INFO - [2024-04-20T17:05:09.072+0000] {dag.py:3834} INFO - Setting next_dagrun for example_subdag_operator.section-1 to None, run_after=None
[2024-04-20T17:05:09.073+0000] {logging_mixin.py:188} INFO - [2024-04-20T17:05:09.072+0000] {dag.py:3834} INFO - Setting next_dagrun for example_subdag_operator.section-2 to None, run_after=None
[2024-04-20T17:05:09.292+0000] {processor.py:183} INFO - Processing /home/airflow/.local/lib/python3.8/site-packages/airflow/example_dags/example_subdag_operator.py took 0.316 seconds
[2024-04-20T17:05:39.654+0000] {processor.py:161} INFO - Started process (PID=10597) to work on /home/airflow/.local/lib/python3.8/site-packages/airflow/example_dags/example_subdag_operator.py
[2024-04-20T17:05:39.656+0000] {processor.py:830} INFO - Processing file /home/airflow/.local/lib/python3.8/site-packages/airflow/example_dags/example_subdag_operator.py for tasks to queue
[2024-04-20T17:05:39.656+0000] {logging_mixin.py:188} INFO - [2024-04-20T17:05:39.656+0000] {dagbag.py:540} INFO - Filling up the DagBag from /home/airflow/.local/lib/python3.8/site-packages/airflow/example_dags/example_subdag_operator.py
[2024-04-20T17:05:39.676+0000] {processor.py:840} INFO - DAG(s) 'example_subdag_operator.section-1', 'example_subdag_operator.section-2', 'example_subdag_operator' retrieved from /home/airflow/.local/lib/python3.8/site-packages/airflow/example_dags/example_subdag_operator.py
[2024-04-20T17:05:39.690+0000] {logging_mixin.py:188} INFO - [2024-04-20T17:05:39.690+0000] {dag.py:3047} INFO - Sync 3 DAGs
[2024-04-20T17:05:39.707+0000] {logging_mixin.py:188} INFO - [2024-04-20T17:05:39.707+0000] {dag.py:3834} INFO - Setting next_dagrun for example_subdag_operator to 2022-01-01 00:00:00+00:00, run_after=2022-01-01 00:00:00+00:00
[2024-04-20T17:05:39.710+0000] {logging_mixin.py:188} INFO - [2024-04-20T17:05:39.710+0000] {dag.py:3834} INFO - Setting next_dagrun for example_subdag_operator.section-1 to None, run_after=None
[2024-04-20T17:05:39.711+0000] {logging_mixin.py:188} INFO - [2024-04-20T17:05:39.711+0000] {dag.py:3834} INFO - Setting next_dagrun for example_subdag_operator.section-2 to None, run_after=None
[2024-04-20T17:05:39.716+0000] {logging_mixin.py:188} INFO - [2024-04-20T17:05:39.716+0000] {dag.py:3047} INFO - Sync 2 DAGs
[2024-04-20T17:05:39.721+0000] {logging_mixin.py:188} INFO - [2024-04-20T17:05:39.720+0000] {dag.py:3834} INFO - Setting next_dagrun for example_subdag_operator.section-1 to None, run_after=None
[2024-04-20T17:05:39.721+0000] {logging_mixin.py:188} INFO - [2024-04-20T17:05:39.721+0000] {dag.py:3834} INFO - Setting next_dagrun for example_subdag_operator.section-2 to None, run_after=None
[2024-04-20T17:05:39.892+0000] {processor.py:183} INFO - Processing /home/airflow/.local/lib/python3.8/site-packages/airflow/example_dags/example_subdag_operator.py took 0.240 seconds
[2024-04-20T17:06:09.991+0000] {processor.py:161} INFO - Started process (PID=10852) to work on /home/airflow/.local/lib/python3.8/site-packages/airflow/example_dags/example_subdag_operator.py
[2024-04-20T17:06:09.991+0000] {processor.py:830} INFO - Processing file /home/airflow/.local/lib/python3.8/site-packages/airflow/example_dags/example_subdag_operator.py for tasks to queue
[2024-04-20T17:06:09.992+0000] {logging_mixin.py:188} INFO - [2024-04-20T17:06:09.992+0000] {dagbag.py:540} INFO - Filling up the DagBag from /home/airflow/.local/lib/python3.8/site-packages/airflow/example_dags/example_subdag_operator.py
[2024-04-20T17:06:10.017+0000] {processor.py:840} INFO - DAG(s) 'example_subdag_operator.section-1', 'example_subdag_operator.section-2', 'example_subdag_operator' retrieved from /home/airflow/.local/lib/python3.8/site-packages/airflow/example_dags/example_subdag_operator.py
[2024-04-20T17:06:10.029+0000] {logging_mixin.py:188} INFO - [2024-04-20T17:06:10.029+0000] {dag.py:3047} INFO - Sync 3 DAGs
[2024-04-20T17:06:10.054+0000] {logging_mixin.py:188} INFO - [2024-04-20T17:06:10.054+0000] {dag.py:3834} INFO - Setting next_dagrun for example_subdag_operator to 2022-01-01 00:00:00+00:00, run_after=2022-01-01 00:00:00+00:00
[2024-04-20T17:06:10.057+0000] {logging_mixin.py:188} INFO - [2024-04-20T17:06:10.057+0000] {dag.py:3834} INFO - Setting next_dagrun for example_subdag_operator.section-1 to None, run_after=None
[2024-04-20T17:06:10.058+0000] {logging_mixin.py:188} INFO - [2024-04-20T17:06:10.058+0000] {dag.py:3834} INFO - Setting next_dagrun for example_subdag_operator.section-2 to None, run_after=None
[2024-04-20T17:06:10.063+0000] {logging_mixin.py:188} INFO - [2024-04-20T17:06:10.063+0000] {dag.py:3047} INFO - Sync 2 DAGs
[2024-04-20T17:06:10.067+0000] {logging_mixin.py:188} INFO - [2024-04-20T17:06:10.067+0000] {dag.py:3834} INFO - Setting next_dagrun for example_subdag_operator.section-1 to None, run_after=None
[2024-04-20T17:06:10.068+0000] {logging_mixin.py:188} INFO - [2024-04-20T17:06:10.068+0000] {dag.py:3834} INFO - Setting next_dagrun for example_subdag_operator.section-2 to None, run_after=None
[2024-04-20T17:06:10.338+0000] {processor.py:183} INFO - Processing /home/airflow/.local/lib/python3.8/site-packages/airflow/example_dags/example_subdag_operator.py took 0.350 seconds
