[2024-04-20T16:45:14.612+0000] {processor.py:161} INFO - Started process (PID=375) to work on /home/airflow/.local/lib/python3.8/site-packages/airflow/example_dags/example_python_decorator.py
[2024-04-20T16:45:14.613+0000] {processor.py:830} INFO - Processing file /home/airflow/.local/lib/python3.8/site-packages/airflow/example_dags/example_python_decorator.py for tasks to queue
[2024-04-20T16:45:14.614+0000] {logging_mixin.py:188} INFO - [2024-04-20T16:45:14.614+0000] {dagbag.py:540} INFO - Filling up the DagBag from /home/airflow/.local/lib/python3.8/site-packages/airflow/example_dags/example_python_decorator.py
[2024-04-20T16:45:14.630+0000] {processor.py:840} INFO - DAG(s) 'example_python_decorator' retrieved from /home/airflow/.local/lib/python3.8/site-packages/airflow/example_dags/example_python_decorator.py
[2024-04-20T16:45:14.775+0000] {logging_mixin.py:188} INFO - [2024-04-20T16:45:14.775+0000] {dag.py:3047} INFO - Sync 1 DAGs
[2024-04-20T16:45:14.783+0000] {logging_mixin.py:188} INFO - [2024-04-20T16:45:14.783+0000] {dag.py:3834} INFO - Setting next_dagrun for example_python_decorator to None, run_after=None
[2024-04-20T16:45:15.374+0000] {processor.py:183} INFO - Processing /home/airflow/.local/lib/python3.8/site-packages/airflow/example_dags/example_python_decorator.py took 0.764 seconds
[2024-04-20T16:45:49.905+0000] {processor.py:161} INFO - Started process (PID=632) to work on /home/airflow/.local/lib/python3.8/site-packages/airflow/example_dags/example_python_decorator.py
[2024-04-20T16:45:49.906+0000] {processor.py:830} INFO - Processing file /home/airflow/.local/lib/python3.8/site-packages/airflow/example_dags/example_python_decorator.py for tasks to queue
[2024-04-20T16:45:49.907+0000] {logging_mixin.py:188} INFO - [2024-04-20T16:45:49.906+0000] {dagbag.py:540} INFO - Filling up the DagBag from /home/airflow/.local/lib/python3.8/site-packages/airflow/example_dags/example_python_decorator.py
[2024-04-20T16:45:49.917+0000] {processor.py:840} INFO - DAG(s) 'example_python_decorator' retrieved from /home/airflow/.local/lib/python3.8/site-packages/airflow/example_dags/example_python_decorator.py
[2024-04-20T16:45:49.937+0000] {logging_mixin.py:188} INFO - [2024-04-20T16:45:49.937+0000] {dag.py:3047} INFO - Sync 1 DAGs
[2024-04-20T16:45:49.947+0000] {logging_mixin.py:188} INFO - [2024-04-20T16:45:49.947+0000] {dag.py:3834} INFO - Setting next_dagrun for example_python_decorator to None, run_after=None
[2024-04-20T16:45:50.300+0000] {processor.py:183} INFO - Processing /home/airflow/.local/lib/python3.8/site-packages/airflow/example_dags/example_python_decorator.py took 0.397 seconds
[2024-04-20T16:46:20.552+0000] {processor.py:161} INFO - Started process (PID=885) to work on /home/airflow/.local/lib/python3.8/site-packages/airflow/example_dags/example_python_decorator.py
[2024-04-20T16:46:20.553+0000] {processor.py:830} INFO - Processing file /home/airflow/.local/lib/python3.8/site-packages/airflow/example_dags/example_python_decorator.py for tasks to queue
[2024-04-20T16:46:20.554+0000] {logging_mixin.py:188} INFO - [2024-04-20T16:46:20.553+0000] {dagbag.py:540} INFO - Filling up the DagBag from /home/airflow/.local/lib/python3.8/site-packages/airflow/example_dags/example_python_decorator.py
[2024-04-20T16:46:20.564+0000] {processor.py:840} INFO - DAG(s) 'example_python_decorator' retrieved from /home/airflow/.local/lib/python3.8/site-packages/airflow/example_dags/example_python_decorator.py
[2024-04-20T16:46:20.582+0000] {logging_mixin.py:188} INFO - [2024-04-20T16:46:20.582+0000] {dag.py:3047} INFO - Sync 1 DAGs
[2024-04-20T16:46:20.592+0000] {logging_mixin.py:188} INFO - [2024-04-20T16:46:20.592+0000] {dag.py:3834} INFO - Setting next_dagrun for example_python_decorator to None, run_after=None
[2024-04-20T16:46:20.786+0000] {processor.py:183} INFO - Processing /home/airflow/.local/lib/python3.8/site-packages/airflow/example_dags/example_python_decorator.py took 0.237 seconds
[2024-04-20T16:46:51.030+0000] {processor.py:161} INFO - Started process (PID=1142) to work on /home/airflow/.local/lib/python3.8/site-packages/airflow/example_dags/example_python_decorator.py
[2024-04-20T16:46:51.031+0000] {processor.py:830} INFO - Processing file /home/airflow/.local/lib/python3.8/site-packages/airflow/example_dags/example_python_decorator.py for tasks to queue
[2024-04-20T16:46:51.032+0000] {logging_mixin.py:188} INFO - [2024-04-20T16:46:51.032+0000] {dagbag.py:540} INFO - Filling up the DagBag from /home/airflow/.local/lib/python3.8/site-packages/airflow/example_dags/example_python_decorator.py
[2024-04-20T16:46:51.050+0000] {processor.py:840} INFO - DAG(s) 'example_python_decorator' retrieved from /home/airflow/.local/lib/python3.8/site-packages/airflow/example_dags/example_python_decorator.py
[2024-04-20T16:46:51.073+0000] {logging_mixin.py:188} INFO - [2024-04-20T16:46:51.073+0000] {dag.py:3047} INFO - Sync 1 DAGs
[2024-04-20T16:46:51.091+0000] {logging_mixin.py:188} INFO - [2024-04-20T16:46:51.090+0000] {dag.py:3834} INFO - Setting next_dagrun for example_python_decorator to None, run_after=None
[2024-04-20T16:46:51.476+0000] {processor.py:183} INFO - Processing /home/airflow/.local/lib/python3.8/site-packages/airflow/example_dags/example_python_decorator.py took 0.450 seconds
[2024-04-20T16:47:21.736+0000] {processor.py:161} INFO - Started process (PID=1397) to work on /home/airflow/.local/lib/python3.8/site-packages/airflow/example_dags/example_python_decorator.py
[2024-04-20T16:47:21.737+0000] {processor.py:830} INFO - Processing file /home/airflow/.local/lib/python3.8/site-packages/airflow/example_dags/example_python_decorator.py for tasks to queue
[2024-04-20T16:47:21.738+0000] {logging_mixin.py:188} INFO - [2024-04-20T16:47:21.737+0000] {dagbag.py:540} INFO - Filling up the DagBag from /home/airflow/.local/lib/python3.8/site-packages/airflow/example_dags/example_python_decorator.py
[2024-04-20T16:47:21.754+0000] {processor.py:840} INFO - DAG(s) 'example_python_decorator' retrieved from /home/airflow/.local/lib/python3.8/site-packages/airflow/example_dags/example_python_decorator.py
[2024-04-20T16:47:21.782+0000] {logging_mixin.py:188} INFO - [2024-04-20T16:47:21.781+0000] {dag.py:3047} INFO - Sync 1 DAGs
[2024-04-20T16:47:21.797+0000] {logging_mixin.py:188} INFO - [2024-04-20T16:47:21.797+0000] {dag.py:3834} INFO - Setting next_dagrun for example_python_decorator to None, run_after=None
[2024-04-20T16:47:22.015+0000] {processor.py:183} INFO - Processing /home/airflow/.local/lib/python3.8/site-packages/airflow/example_dags/example_python_decorator.py took 0.283 seconds
[2024-04-20T16:47:52.148+0000] {processor.py:161} INFO - Started process (PID=1649) to work on /home/airflow/.local/lib/python3.8/site-packages/airflow/example_dags/example_python_decorator.py
[2024-04-20T16:47:52.150+0000] {processor.py:830} INFO - Processing file /home/airflow/.local/lib/python3.8/site-packages/airflow/example_dags/example_python_decorator.py for tasks to queue
[2024-04-20T16:47:52.151+0000] {logging_mixin.py:188} INFO - [2024-04-20T16:47:52.150+0000] {dagbag.py:540} INFO - Filling up the DagBag from /home/airflow/.local/lib/python3.8/site-packages/airflow/example_dags/example_python_decorator.py
[2024-04-20T16:47:52.180+0000] {processor.py:840} INFO - DAG(s) 'example_python_decorator' retrieved from /home/airflow/.local/lib/python3.8/site-packages/airflow/example_dags/example_python_decorator.py
[2024-04-20T16:47:52.207+0000] {logging_mixin.py:188} INFO - [2024-04-20T16:47:52.207+0000] {dag.py:3047} INFO - Sync 1 DAGs
[2024-04-20T16:47:52.218+0000] {logging_mixin.py:188} INFO - [2024-04-20T16:47:52.217+0000] {dag.py:3834} INFO - Setting next_dagrun for example_python_decorator to None, run_after=None
[2024-04-20T16:47:52.399+0000] {processor.py:183} INFO - Processing /home/airflow/.local/lib/python3.8/site-packages/airflow/example_dags/example_python_decorator.py took 0.254 seconds
[2024-04-20T16:48:23.120+0000] {processor.py:161} INFO - Started process (PID=1911) to work on /home/airflow/.local/lib/python3.8/site-packages/airflow/example_dags/example_python_decorator.py
[2024-04-20T16:48:23.121+0000] {processor.py:830} INFO - Processing file /home/airflow/.local/lib/python3.8/site-packages/airflow/example_dags/example_python_decorator.py for tasks to queue
[2024-04-20T16:48:23.122+0000] {logging_mixin.py:188} INFO - [2024-04-20T16:48:23.122+0000] {dagbag.py:540} INFO - Filling up the DagBag from /home/airflow/.local/lib/python3.8/site-packages/airflow/example_dags/example_python_decorator.py
[2024-04-20T16:48:23.133+0000] {processor.py:840} INFO - DAG(s) 'example_python_decorator' retrieved from /home/airflow/.local/lib/python3.8/site-packages/airflow/example_dags/example_python_decorator.py
[2024-04-20T16:48:23.153+0000] {logging_mixin.py:188} INFO - [2024-04-20T16:48:23.152+0000] {dag.py:3047} INFO - Sync 1 DAGs
[2024-04-20T16:48:23.162+0000] {logging_mixin.py:188} INFO - [2024-04-20T16:48:23.162+0000] {dag.py:3834} INFO - Setting next_dagrun for example_python_decorator to None, run_after=None
[2024-04-20T16:48:23.310+0000] {processor.py:183} INFO - Processing /home/airflow/.local/lib/python3.8/site-packages/airflow/example_dags/example_python_decorator.py took 0.193 seconds
[2024-04-20T16:48:53.790+0000] {processor.py:161} INFO - Started process (PID=2168) to work on /home/airflow/.local/lib/python3.8/site-packages/airflow/example_dags/example_python_decorator.py
[2024-04-20T16:48:53.791+0000] {processor.py:830} INFO - Processing file /home/airflow/.local/lib/python3.8/site-packages/airflow/example_dags/example_python_decorator.py for tasks to queue
[2024-04-20T16:48:53.792+0000] {logging_mixin.py:188} INFO - [2024-04-20T16:48:53.792+0000] {dagbag.py:540} INFO - Filling up the DagBag from /home/airflow/.local/lib/python3.8/site-packages/airflow/example_dags/example_python_decorator.py
[2024-04-20T16:48:53.802+0000] {processor.py:840} INFO - DAG(s) 'example_python_decorator' retrieved from /home/airflow/.local/lib/python3.8/site-packages/airflow/example_dags/example_python_decorator.py
[2024-04-20T16:48:53.821+0000] {logging_mixin.py:188} INFO - [2024-04-20T16:48:53.820+0000] {dag.py:3047} INFO - Sync 1 DAGs
[2024-04-20T16:48:53.831+0000] {logging_mixin.py:188} INFO - [2024-04-20T16:48:53.830+0000] {dag.py:3834} INFO - Setting next_dagrun for example_python_decorator to None, run_after=None
[2024-04-20T16:48:54.024+0000] {processor.py:183} INFO - Processing /home/airflow/.local/lib/python3.8/site-packages/airflow/example_dags/example_python_decorator.py took 0.236 seconds
[2024-04-20T16:49:24.798+0000] {processor.py:161} INFO - Started process (PID=2425) to work on /home/airflow/.local/lib/python3.8/site-packages/airflow/example_dags/example_python_decorator.py
[2024-04-20T16:49:24.799+0000] {processor.py:830} INFO - Processing file /home/airflow/.local/lib/python3.8/site-packages/airflow/example_dags/example_python_decorator.py for tasks to queue
[2024-04-20T16:49:24.800+0000] {logging_mixin.py:188} INFO - [2024-04-20T16:49:24.799+0000] {dagbag.py:540} INFO - Filling up the DagBag from /home/airflow/.local/lib/python3.8/site-packages/airflow/example_dags/example_python_decorator.py
[2024-04-20T16:49:24.810+0000] {processor.py:840} INFO - DAG(s) 'example_python_decorator' retrieved from /home/airflow/.local/lib/python3.8/site-packages/airflow/example_dags/example_python_decorator.py
[2024-04-20T16:49:24.828+0000] {logging_mixin.py:188} INFO - [2024-04-20T16:49:24.828+0000] {dag.py:3047} INFO - Sync 1 DAGs
[2024-04-20T16:49:24.837+0000] {logging_mixin.py:188} INFO - [2024-04-20T16:49:24.837+0000] {dag.py:3834} INFO - Setting next_dagrun for example_python_decorator to None, run_after=None
[2024-04-20T16:49:25.148+0000] {processor.py:183} INFO - Processing /home/airflow/.local/lib/python3.8/site-packages/airflow/example_dags/example_python_decorator.py took 0.352 seconds
[2024-04-20T16:49:55.825+0000] {processor.py:161} INFO - Started process (PID=2683) to work on /home/airflow/.local/lib/python3.8/site-packages/airflow/example_dags/example_python_decorator.py
[2024-04-20T16:49:55.826+0000] {processor.py:830} INFO - Processing file /home/airflow/.local/lib/python3.8/site-packages/airflow/example_dags/example_python_decorator.py for tasks to queue
[2024-04-20T16:49:55.827+0000] {logging_mixin.py:188} INFO - [2024-04-20T16:49:55.826+0000] {dagbag.py:540} INFO - Filling up the DagBag from /home/airflow/.local/lib/python3.8/site-packages/airflow/example_dags/example_python_decorator.py
[2024-04-20T16:49:55.843+0000] {processor.py:840} INFO - DAG(s) 'example_python_decorator' retrieved from /home/airflow/.local/lib/python3.8/site-packages/airflow/example_dags/example_python_decorator.py
[2024-04-20T16:49:55.868+0000] {logging_mixin.py:188} INFO - [2024-04-20T16:49:55.868+0000] {dag.py:3047} INFO - Sync 1 DAGs
[2024-04-20T16:49:55.883+0000] {logging_mixin.py:188} INFO - [2024-04-20T16:49:55.883+0000] {dag.py:3834} INFO - Setting next_dagrun for example_python_decorator to None, run_after=None
[2024-04-20T16:49:56.007+0000] {processor.py:183} INFO - Processing /home/airflow/.local/lib/python3.8/site-packages/airflow/example_dags/example_python_decorator.py took 0.186 seconds
[2024-04-20T16:50:26.166+0000] {processor.py:161} INFO - Started process (PID=2940) to work on /home/airflow/.local/lib/python3.8/site-packages/airflow/example_dags/example_python_decorator.py
[2024-04-20T16:50:26.167+0000] {processor.py:830} INFO - Processing file /home/airflow/.local/lib/python3.8/site-packages/airflow/example_dags/example_python_decorator.py for tasks to queue
[2024-04-20T16:50:26.168+0000] {logging_mixin.py:188} INFO - [2024-04-20T16:50:26.168+0000] {dagbag.py:540} INFO - Filling up the DagBag from /home/airflow/.local/lib/python3.8/site-packages/airflow/example_dags/example_python_decorator.py
[2024-04-20T16:50:26.184+0000] {processor.py:840} INFO - DAG(s) 'example_python_decorator' retrieved from /home/airflow/.local/lib/python3.8/site-packages/airflow/example_dags/example_python_decorator.py
[2024-04-20T16:50:26.215+0000] {logging_mixin.py:188} INFO - [2024-04-20T16:50:26.214+0000] {dag.py:3047} INFO - Sync 1 DAGs
[2024-04-20T16:50:26.228+0000] {logging_mixin.py:188} INFO - [2024-04-20T16:50:26.228+0000] {dag.py:3834} INFO - Setting next_dagrun for example_python_decorator to None, run_after=None
[2024-04-20T16:50:26.358+0000] {processor.py:183} INFO - Processing /home/airflow/.local/lib/python3.8/site-packages/airflow/example_dags/example_python_decorator.py took 0.195 seconds
[2024-04-20T16:50:56.967+0000] {processor.py:161} INFO - Started process (PID=3198) to work on /home/airflow/.local/lib/python3.8/site-packages/airflow/example_dags/example_python_decorator.py
[2024-04-20T16:50:56.969+0000] {processor.py:830} INFO - Processing file /home/airflow/.local/lib/python3.8/site-packages/airflow/example_dags/example_python_decorator.py for tasks to queue
[2024-04-20T16:50:56.970+0000] {logging_mixin.py:188} INFO - [2024-04-20T16:50:56.969+0000] {dagbag.py:540} INFO - Filling up the DagBag from /home/airflow/.local/lib/python3.8/site-packages/airflow/example_dags/example_python_decorator.py
[2024-04-20T16:50:56.986+0000] {processor.py:840} INFO - DAG(s) 'example_python_decorator' retrieved from /home/airflow/.local/lib/python3.8/site-packages/airflow/example_dags/example_python_decorator.py
[2024-04-20T16:50:57.013+0000] {logging_mixin.py:188} INFO - [2024-04-20T16:50:57.012+0000] {dag.py:3047} INFO - Sync 1 DAGs
[2024-04-20T16:50:57.027+0000] {logging_mixin.py:188} INFO - [2024-04-20T16:50:57.027+0000] {dag.py:3834} INFO - Setting next_dagrun for example_python_decorator to None, run_after=None
[2024-04-20T16:50:57.152+0000] {processor.py:183} INFO - Processing /home/airflow/.local/lib/python3.8/site-packages/airflow/example_dags/example_python_decorator.py took 0.188 seconds
[2024-04-20T16:51:27.374+0000] {processor.py:161} INFO - Started process (PID=3455) to work on /home/airflow/.local/lib/python3.8/site-packages/airflow/example_dags/example_python_decorator.py
[2024-04-20T16:51:27.375+0000] {processor.py:830} INFO - Processing file /home/airflow/.local/lib/python3.8/site-packages/airflow/example_dags/example_python_decorator.py for tasks to queue
[2024-04-20T16:51:27.376+0000] {logging_mixin.py:188} INFO - [2024-04-20T16:51:27.375+0000] {dagbag.py:540} INFO - Filling up the DagBag from /home/airflow/.local/lib/python3.8/site-packages/airflow/example_dags/example_python_decorator.py
[2024-04-20T16:51:27.390+0000] {processor.py:840} INFO - DAG(s) 'example_python_decorator' retrieved from /home/airflow/.local/lib/python3.8/site-packages/airflow/example_dags/example_python_decorator.py
[2024-04-20T16:51:27.415+0000] {logging_mixin.py:188} INFO - [2024-04-20T16:51:27.415+0000] {dag.py:3047} INFO - Sync 1 DAGs
[2024-04-20T16:51:27.430+0000] {logging_mixin.py:188} INFO - [2024-04-20T16:51:27.429+0000] {dag.py:3834} INFO - Setting next_dagrun for example_python_decorator to None, run_after=None
[2024-04-20T16:51:27.555+0000] {processor.py:183} INFO - Processing /home/airflow/.local/lib/python3.8/site-packages/airflow/example_dags/example_python_decorator.py took 0.185 seconds
[2024-04-20T16:51:57.987+0000] {processor.py:161} INFO - Started process (PID=3712) to work on /home/airflow/.local/lib/python3.8/site-packages/airflow/example_dags/example_python_decorator.py
[2024-04-20T16:51:57.989+0000] {processor.py:830} INFO - Processing file /home/airflow/.local/lib/python3.8/site-packages/airflow/example_dags/example_python_decorator.py for tasks to queue
[2024-04-20T16:51:57.990+0000] {logging_mixin.py:188} INFO - [2024-04-20T16:51:57.990+0000] {dagbag.py:540} INFO - Filling up the DagBag from /home/airflow/.local/lib/python3.8/site-packages/airflow/example_dags/example_python_decorator.py
[2024-04-20T16:51:58.006+0000] {processor.py:840} INFO - DAG(s) 'example_python_decorator' retrieved from /home/airflow/.local/lib/python3.8/site-packages/airflow/example_dags/example_python_decorator.py
[2024-04-20T16:51:58.032+0000] {logging_mixin.py:188} INFO - [2024-04-20T16:51:58.032+0000] {dag.py:3047} INFO - Sync 1 DAGs
[2024-04-20T16:51:58.046+0000] {logging_mixin.py:188} INFO - [2024-04-20T16:51:58.046+0000] {dag.py:3834} INFO - Setting next_dagrun for example_python_decorator to None, run_after=None
[2024-04-20T16:51:58.171+0000] {processor.py:183} INFO - Processing /home/airflow/.local/lib/python3.8/site-packages/airflow/example_dags/example_python_decorator.py took 0.187 seconds
[2024-04-20T16:52:28.396+0000] {processor.py:161} INFO - Started process (PID=3969) to work on /home/airflow/.local/lib/python3.8/site-packages/airflow/example_dags/example_python_decorator.py
[2024-04-20T16:52:28.397+0000] {processor.py:830} INFO - Processing file /home/airflow/.local/lib/python3.8/site-packages/airflow/example_dags/example_python_decorator.py for tasks to queue
[2024-04-20T16:52:28.398+0000] {logging_mixin.py:188} INFO - [2024-04-20T16:52:28.397+0000] {dagbag.py:540} INFO - Filling up the DagBag from /home/airflow/.local/lib/python3.8/site-packages/airflow/example_dags/example_python_decorator.py
[2024-04-20T16:52:28.414+0000] {processor.py:840} INFO - DAG(s) 'example_python_decorator' retrieved from /home/airflow/.local/lib/python3.8/site-packages/airflow/example_dags/example_python_decorator.py
[2024-04-20T16:52:28.441+0000] {logging_mixin.py:188} INFO - [2024-04-20T16:52:28.440+0000] {dag.py:3047} INFO - Sync 1 DAGs
[2024-04-20T16:52:28.455+0000] {logging_mixin.py:188} INFO - [2024-04-20T16:52:28.455+0000] {dag.py:3834} INFO - Setting next_dagrun for example_python_decorator to None, run_after=None
[2024-04-20T16:52:28.579+0000] {processor.py:183} INFO - Processing /home/airflow/.local/lib/python3.8/site-packages/airflow/example_dags/example_python_decorator.py took 0.187 seconds
[2024-04-20T16:52:59.346+0000] {processor.py:161} INFO - Started process (PID=4225) to work on /home/airflow/.local/lib/python3.8/site-packages/airflow/example_dags/example_python_decorator.py
[2024-04-20T16:52:59.348+0000] {processor.py:830} INFO - Processing file /home/airflow/.local/lib/python3.8/site-packages/airflow/example_dags/example_python_decorator.py for tasks to queue
[2024-04-20T16:52:59.349+0000] {logging_mixin.py:188} INFO - [2024-04-20T16:52:59.349+0000] {dagbag.py:540} INFO - Filling up the DagBag from /home/airflow/.local/lib/python3.8/site-packages/airflow/example_dags/example_python_decorator.py
[2024-04-20T16:52:59.367+0000] {processor.py:840} INFO - DAG(s) 'example_python_decorator' retrieved from /home/airflow/.local/lib/python3.8/site-packages/airflow/example_dags/example_python_decorator.py
[2024-04-20T16:52:59.398+0000] {logging_mixin.py:188} INFO - [2024-04-20T16:52:59.397+0000] {dag.py:3047} INFO - Sync 1 DAGs
[2024-04-20T16:52:59.413+0000] {logging_mixin.py:188} INFO - [2024-04-20T16:52:59.412+0000] {dag.py:3834} INFO - Setting next_dagrun for example_python_decorator to None, run_after=None
[2024-04-20T16:52:59.601+0000] {processor.py:183} INFO - Processing /home/airflow/.local/lib/python3.8/site-packages/airflow/example_dags/example_python_decorator.py took 0.260 seconds
[2024-04-20T16:53:29.692+0000] {processor.py:161} INFO - Started process (PID=4481) to work on /home/airflow/.local/lib/python3.8/site-packages/airflow/example_dags/example_python_decorator.py
[2024-04-20T16:53:29.693+0000] {processor.py:830} INFO - Processing file /home/airflow/.local/lib/python3.8/site-packages/airflow/example_dags/example_python_decorator.py for tasks to queue
[2024-04-20T16:53:29.694+0000] {logging_mixin.py:188} INFO - [2024-04-20T16:53:29.694+0000] {dagbag.py:540} INFO - Filling up the DagBag from /home/airflow/.local/lib/python3.8/site-packages/airflow/example_dags/example_python_decorator.py
[2024-04-20T16:53:29.705+0000] {processor.py:840} INFO - DAG(s) 'example_python_decorator' retrieved from /home/airflow/.local/lib/python3.8/site-packages/airflow/example_dags/example_python_decorator.py
[2024-04-20T16:53:29.726+0000] {logging_mixin.py:188} INFO - [2024-04-20T16:53:29.726+0000] {dag.py:3047} INFO - Sync 1 DAGs
[2024-04-20T16:53:29.737+0000] {logging_mixin.py:188} INFO - [2024-04-20T16:53:29.736+0000] {dag.py:3834} INFO - Setting next_dagrun for example_python_decorator to None, run_after=None
[2024-04-20T16:53:29.998+0000] {processor.py:183} INFO - Processing /home/airflow/.local/lib/python3.8/site-packages/airflow/example_dags/example_python_decorator.py took 0.308 seconds
[2024-04-20T16:54:00.344+0000] {processor.py:161} INFO - Started process (PID=4738) to work on /home/airflow/.local/lib/python3.8/site-packages/airflow/example_dags/example_python_decorator.py
[2024-04-20T16:54:00.344+0000] {processor.py:830} INFO - Processing file /home/airflow/.local/lib/python3.8/site-packages/airflow/example_dags/example_python_decorator.py for tasks to queue
[2024-04-20T16:54:00.345+0000] {logging_mixin.py:188} INFO - [2024-04-20T16:54:00.345+0000] {dagbag.py:540} INFO - Filling up the DagBag from /home/airflow/.local/lib/python3.8/site-packages/airflow/example_dags/example_python_decorator.py
[2024-04-20T16:54:00.355+0000] {processor.py:840} INFO - DAG(s) 'example_python_decorator' retrieved from /home/airflow/.local/lib/python3.8/site-packages/airflow/example_dags/example_python_decorator.py
[2024-04-20T16:54:00.373+0000] {logging_mixin.py:188} INFO - [2024-04-20T16:54:00.373+0000] {dag.py:3047} INFO - Sync 1 DAGs
[2024-04-20T16:54:00.383+0000] {logging_mixin.py:188} INFO - [2024-04-20T16:54:00.383+0000] {dag.py:3834} INFO - Setting next_dagrun for example_python_decorator to None, run_after=None
[2024-04-20T16:54:00.507+0000] {processor.py:183} INFO - Processing /home/airflow/.local/lib/python3.8/site-packages/airflow/example_dags/example_python_decorator.py took 0.166 seconds
[2024-04-20T16:54:31.131+0000] {processor.py:161} INFO - Started process (PID=4997) to work on /home/airflow/.local/lib/python3.8/site-packages/airflow/example_dags/example_python_decorator.py
[2024-04-20T16:54:31.132+0000] {processor.py:830} INFO - Processing file /home/airflow/.local/lib/python3.8/site-packages/airflow/example_dags/example_python_decorator.py for tasks to queue
[2024-04-20T16:54:31.132+0000] {logging_mixin.py:188} INFO - [2024-04-20T16:54:31.132+0000] {dagbag.py:540} INFO - Filling up the DagBag from /home/airflow/.local/lib/python3.8/site-packages/airflow/example_dags/example_python_decorator.py
[2024-04-20T16:54:31.148+0000] {processor.py:840} INFO - DAG(s) 'example_python_decorator' retrieved from /home/airflow/.local/lib/python3.8/site-packages/airflow/example_dags/example_python_decorator.py
[2024-04-20T16:54:31.173+0000] {logging_mixin.py:188} INFO - [2024-04-20T16:54:31.173+0000] {dag.py:3047} INFO - Sync 1 DAGs
[2024-04-20T16:54:31.188+0000] {logging_mixin.py:188} INFO - [2024-04-20T16:54:31.187+0000] {dag.py:3834} INFO - Setting next_dagrun for example_python_decorator to None, run_after=None
[2024-04-20T16:54:31.323+0000] {processor.py:183} INFO - Processing /home/airflow/.local/lib/python3.8/site-packages/airflow/example_dags/example_python_decorator.py took 0.196 seconds
[2024-04-20T16:55:01.407+0000] {processor.py:161} INFO - Started process (PID=5252) to work on /home/airflow/.local/lib/python3.8/site-packages/airflow/example_dags/example_python_decorator.py
[2024-04-20T16:55:01.408+0000] {processor.py:830} INFO - Processing file /home/airflow/.local/lib/python3.8/site-packages/airflow/example_dags/example_python_decorator.py for tasks to queue
[2024-04-20T16:55:01.409+0000] {logging_mixin.py:188} INFO - [2024-04-20T16:55:01.409+0000] {dagbag.py:540} INFO - Filling up the DagBag from /home/airflow/.local/lib/python3.8/site-packages/airflow/example_dags/example_python_decorator.py
[2024-04-20T16:55:01.424+0000] {processor.py:840} INFO - DAG(s) 'example_python_decorator' retrieved from /home/airflow/.local/lib/python3.8/site-packages/airflow/example_dags/example_python_decorator.py
[2024-04-20T16:55:01.458+0000] {logging_mixin.py:188} INFO - [2024-04-20T16:55:01.458+0000] {dag.py:3047} INFO - Sync 1 DAGs
[2024-04-20T16:55:01.468+0000] {logging_mixin.py:188} INFO - [2024-04-20T16:55:01.468+0000] {dag.py:3834} INFO - Setting next_dagrun for example_python_decorator to None, run_after=None
[2024-04-20T16:55:01.591+0000] {processor.py:183} INFO - Processing /home/airflow/.local/lib/python3.8/site-packages/airflow/example_dags/example_python_decorator.py took 0.188 seconds
[2024-04-20T16:55:31.833+0000] {processor.py:161} INFO - Started process (PID=5512) to work on /home/airflow/.local/lib/python3.8/site-packages/airflow/example_dags/example_python_decorator.py
[2024-04-20T16:55:31.834+0000] {processor.py:830} INFO - Processing file /home/airflow/.local/lib/python3.8/site-packages/airflow/example_dags/example_python_decorator.py for tasks to queue
[2024-04-20T16:55:31.836+0000] {logging_mixin.py:188} INFO - [2024-04-20T16:55:31.835+0000] {dagbag.py:540} INFO - Filling up the DagBag from /home/airflow/.local/lib/python3.8/site-packages/airflow/example_dags/example_python_decorator.py
[2024-04-20T16:55:31.852+0000] {processor.py:840} INFO - DAG(s) 'example_python_decorator' retrieved from /home/airflow/.local/lib/python3.8/site-packages/airflow/example_dags/example_python_decorator.py
[2024-04-20T16:55:31.883+0000] {logging_mixin.py:188} INFO - [2024-04-20T16:55:31.883+0000] {dag.py:3047} INFO - Sync 1 DAGs
[2024-04-20T16:55:31.899+0000] {logging_mixin.py:188} INFO - [2024-04-20T16:55:31.899+0000] {dag.py:3834} INFO - Setting next_dagrun for example_python_decorator to None, run_after=None
[2024-04-20T16:55:32.023+0000] {processor.py:183} INFO - Processing /home/airflow/.local/lib/python3.8/site-packages/airflow/example_dags/example_python_decorator.py took 0.193 seconds
[2024-04-20T16:56:02.191+0000] {processor.py:161} INFO - Started process (PID=5770) to work on /home/airflow/.local/lib/python3.8/site-packages/airflow/example_dags/example_python_decorator.py
[2024-04-20T16:56:02.192+0000] {processor.py:830} INFO - Processing file /home/airflow/.local/lib/python3.8/site-packages/airflow/example_dags/example_python_decorator.py for tasks to queue
[2024-04-20T16:56:02.193+0000] {logging_mixin.py:188} INFO - [2024-04-20T16:56:02.193+0000] {dagbag.py:540} INFO - Filling up the DagBag from /home/airflow/.local/lib/python3.8/site-packages/airflow/example_dags/example_python_decorator.py
[2024-04-20T16:56:02.208+0000] {processor.py:840} INFO - DAG(s) 'example_python_decorator' retrieved from /home/airflow/.local/lib/python3.8/site-packages/airflow/example_dags/example_python_decorator.py
[2024-04-20T16:56:02.232+0000] {logging_mixin.py:188} INFO - [2024-04-20T16:56:02.232+0000] {dag.py:3047} INFO - Sync 1 DAGs
[2024-04-20T16:56:02.276+0000] {logging_mixin.py:188} INFO - [2024-04-20T16:56:02.276+0000] {dag.py:3834} INFO - Setting next_dagrun for example_python_decorator to None, run_after=None
[2024-04-20T16:56:02.451+0000] {processor.py:183} INFO - Processing /home/airflow/.local/lib/python3.8/site-packages/airflow/example_dags/example_python_decorator.py took 0.264 seconds
[2024-04-20T16:56:32.782+0000] {processor.py:161} INFO - Started process (PID=6026) to work on /home/airflow/.local/lib/python3.8/site-packages/airflow/example_dags/example_python_decorator.py
[2024-04-20T16:56:32.784+0000] {processor.py:830} INFO - Processing file /home/airflow/.local/lib/python3.8/site-packages/airflow/example_dags/example_python_decorator.py for tasks to queue
[2024-04-20T16:56:32.784+0000] {logging_mixin.py:188} INFO - [2024-04-20T16:56:32.784+0000] {dagbag.py:540} INFO - Filling up the DagBag from /home/airflow/.local/lib/python3.8/site-packages/airflow/example_dags/example_python_decorator.py
[2024-04-20T16:56:32.801+0000] {processor.py:840} INFO - DAG(s) 'example_python_decorator' retrieved from /home/airflow/.local/lib/python3.8/site-packages/airflow/example_dags/example_python_decorator.py
[2024-04-20T16:56:32.828+0000] {logging_mixin.py:188} INFO - [2024-04-20T16:56:32.828+0000] {dag.py:3047} INFO - Sync 1 DAGs
[2024-04-20T16:56:32.842+0000] {logging_mixin.py:188} INFO - [2024-04-20T16:56:32.842+0000] {dag.py:3834} INFO - Setting next_dagrun for example_python_decorator to None, run_after=None
[2024-04-20T16:56:33.028+0000] {processor.py:183} INFO - Processing /home/airflow/.local/lib/python3.8/site-packages/airflow/example_dags/example_python_decorator.py took 0.249 seconds
[2024-04-20T16:57:03.115+0000] {processor.py:161} INFO - Started process (PID=6284) to work on /home/airflow/.local/lib/python3.8/site-packages/airflow/example_dags/example_python_decorator.py
[2024-04-20T16:57:03.116+0000] {processor.py:830} INFO - Processing file /home/airflow/.local/lib/python3.8/site-packages/airflow/example_dags/example_python_decorator.py for tasks to queue
[2024-04-20T16:57:03.118+0000] {logging_mixin.py:188} INFO - [2024-04-20T16:57:03.117+0000] {dagbag.py:540} INFO - Filling up the DagBag from /home/airflow/.local/lib/python3.8/site-packages/airflow/example_dags/example_python_decorator.py
[2024-04-20T16:57:03.134+0000] {processor.py:840} INFO - DAG(s) 'example_python_decorator' retrieved from /home/airflow/.local/lib/python3.8/site-packages/airflow/example_dags/example_python_decorator.py
[2024-04-20T16:57:03.160+0000] {logging_mixin.py:188} INFO - [2024-04-20T16:57:03.160+0000] {dag.py:3047} INFO - Sync 1 DAGs
[2024-04-20T16:57:03.180+0000] {logging_mixin.py:188} INFO - [2024-04-20T16:57:03.179+0000] {dag.py:3834} INFO - Setting next_dagrun for example_python_decorator to None, run_after=None
[2024-04-20T16:57:03.476+0000] {processor.py:183} INFO - Processing /home/airflow/.local/lib/python3.8/site-packages/airflow/example_dags/example_python_decorator.py took 0.365 seconds
[2024-04-20T16:57:33.799+0000] {processor.py:161} INFO - Started process (PID=6540) to work on /home/airflow/.local/lib/python3.8/site-packages/airflow/example_dags/example_python_decorator.py
[2024-04-20T16:57:33.800+0000] {processor.py:830} INFO - Processing file /home/airflow/.local/lib/python3.8/site-packages/airflow/example_dags/example_python_decorator.py for tasks to queue
[2024-04-20T16:57:33.801+0000] {logging_mixin.py:188} INFO - [2024-04-20T16:57:33.800+0000] {dagbag.py:540} INFO - Filling up the DagBag from /home/airflow/.local/lib/python3.8/site-packages/airflow/example_dags/example_python_decorator.py
[2024-04-20T16:57:33.821+0000] {processor.py:840} INFO - DAG(s) 'example_python_decorator' retrieved from /home/airflow/.local/lib/python3.8/site-packages/airflow/example_dags/example_python_decorator.py
[2024-04-20T16:57:33.847+0000] {logging_mixin.py:188} INFO - [2024-04-20T16:57:33.846+0000] {dag.py:3047} INFO - Sync 1 DAGs
[2024-04-20T16:57:33.862+0000] {logging_mixin.py:188} INFO - [2024-04-20T16:57:33.861+0000] {dag.py:3834} INFO - Setting next_dagrun for example_python_decorator to None, run_after=None
[2024-04-20T16:57:34.004+0000] {processor.py:183} INFO - Processing /home/airflow/.local/lib/python3.8/site-packages/airflow/example_dags/example_python_decorator.py took 0.209 seconds
[2024-04-20T16:58:04.147+0000] {processor.py:161} INFO - Started process (PID=6799) to work on /home/airflow/.local/lib/python3.8/site-packages/airflow/example_dags/example_python_decorator.py
[2024-04-20T16:58:04.148+0000] {processor.py:830} INFO - Processing file /home/airflow/.local/lib/python3.8/site-packages/airflow/example_dags/example_python_decorator.py for tasks to queue
[2024-04-20T16:58:04.149+0000] {logging_mixin.py:188} INFO - [2024-04-20T16:58:04.149+0000] {dagbag.py:540} INFO - Filling up the DagBag from /home/airflow/.local/lib/python3.8/site-packages/airflow/example_dags/example_python_decorator.py
[2024-04-20T16:58:04.166+0000] {processor.py:840} INFO - DAG(s) 'example_python_decorator' retrieved from /home/airflow/.local/lib/python3.8/site-packages/airflow/example_dags/example_python_decorator.py
[2024-04-20T16:58:04.193+0000] {logging_mixin.py:188} INFO - [2024-04-20T16:58:04.193+0000] {dag.py:3047} INFO - Sync 1 DAGs
[2024-04-20T16:58:04.208+0000] {logging_mixin.py:188} INFO - [2024-04-20T16:58:04.208+0000] {dag.py:3834} INFO - Setting next_dagrun for example_python_decorator to None, run_after=None
[2024-04-20T16:58:04.331+0000] {processor.py:183} INFO - Processing /home/airflow/.local/lib/python3.8/site-packages/airflow/example_dags/example_python_decorator.py took 0.189 seconds
[2024-04-20T16:58:34.756+0000] {processor.py:161} INFO - Started process (PID=7058) to work on /home/airflow/.local/lib/python3.8/site-packages/airflow/example_dags/example_python_decorator.py
[2024-04-20T16:58:34.757+0000] {processor.py:830} INFO - Processing file /home/airflow/.local/lib/python3.8/site-packages/airflow/example_dags/example_python_decorator.py for tasks to queue
[2024-04-20T16:58:34.758+0000] {logging_mixin.py:188} INFO - [2024-04-20T16:58:34.757+0000] {dagbag.py:540} INFO - Filling up the DagBag from /home/airflow/.local/lib/python3.8/site-packages/airflow/example_dags/example_python_decorator.py
[2024-04-20T16:58:34.769+0000] {processor.py:840} INFO - DAG(s) 'example_python_decorator' retrieved from /home/airflow/.local/lib/python3.8/site-packages/airflow/example_dags/example_python_decorator.py
[2024-04-20T16:58:34.787+0000] {logging_mixin.py:188} INFO - [2024-04-20T16:58:34.787+0000] {dag.py:3047} INFO - Sync 1 DAGs
[2024-04-20T16:58:34.797+0000] {logging_mixin.py:188} INFO - [2024-04-20T16:58:34.797+0000] {dag.py:3834} INFO - Setting next_dagrun for example_python_decorator to None, run_after=None
[2024-04-20T16:58:34.939+0000] {processor.py:183} INFO - Processing /home/airflow/.local/lib/python3.8/site-packages/airflow/example_dags/example_python_decorator.py took 0.187 seconds
[2024-04-20T16:59:05.194+0000] {processor.py:161} INFO - Started process (PID=7315) to work on /home/airflow/.local/lib/python3.8/site-packages/airflow/example_dags/example_python_decorator.py
[2024-04-20T16:59:05.195+0000] {processor.py:830} INFO - Processing file /home/airflow/.local/lib/python3.8/site-packages/airflow/example_dags/example_python_decorator.py for tasks to queue
[2024-04-20T16:59:05.196+0000] {logging_mixin.py:188} INFO - [2024-04-20T16:59:05.196+0000] {dagbag.py:540} INFO - Filling up the DagBag from /home/airflow/.local/lib/python3.8/site-packages/airflow/example_dags/example_python_decorator.py
[2024-04-20T16:59:05.212+0000] {processor.py:840} INFO - DAG(s) 'example_python_decorator' retrieved from /home/airflow/.local/lib/python3.8/site-packages/airflow/example_dags/example_python_decorator.py
[2024-04-20T16:59:05.230+0000] {logging_mixin.py:188} INFO - [2024-04-20T16:59:05.230+0000] {dag.py:3047} INFO - Sync 1 DAGs
[2024-04-20T16:59:05.240+0000] {logging_mixin.py:188} INFO - [2024-04-20T16:59:05.240+0000] {dag.py:3834} INFO - Setting next_dagrun for example_python_decorator to None, run_after=None
[2024-04-20T16:59:05.380+0000] {processor.py:183} INFO - Processing /home/airflow/.local/lib/python3.8/site-packages/airflow/example_dags/example_python_decorator.py took 0.190 seconds
[2024-04-20T16:59:35.749+0000] {processor.py:161} INFO - Started process (PID=7572) to work on /home/airflow/.local/lib/python3.8/site-packages/airflow/example_dags/example_python_decorator.py
[2024-04-20T16:59:35.750+0000] {processor.py:830} INFO - Processing file /home/airflow/.local/lib/python3.8/site-packages/airflow/example_dags/example_python_decorator.py for tasks to queue
[2024-04-20T16:59:35.750+0000] {logging_mixin.py:188} INFO - [2024-04-20T16:59:35.750+0000] {dagbag.py:540} INFO - Filling up the DagBag from /home/airflow/.local/lib/python3.8/site-packages/airflow/example_dags/example_python_decorator.py
[2024-04-20T16:59:35.761+0000] {processor.py:840} INFO - DAG(s) 'example_python_decorator' retrieved from /home/airflow/.local/lib/python3.8/site-packages/airflow/example_dags/example_python_decorator.py
[2024-04-20T16:59:35.781+0000] {logging_mixin.py:188} INFO - [2024-04-20T16:59:35.780+0000] {dag.py:3047} INFO - Sync 1 DAGs
[2024-04-20T16:59:35.792+0000] {logging_mixin.py:188} INFO - [2024-04-20T16:59:35.791+0000] {dag.py:3834} INFO - Setting next_dagrun for example_python_decorator to None, run_after=None
[2024-04-20T16:59:35.938+0000] {processor.py:183} INFO - Processing /home/airflow/.local/lib/python3.8/site-packages/airflow/example_dags/example_python_decorator.py took 0.192 seconds
[2024-04-20T17:00:06.717+0000] {processor.py:161} INFO - Started process (PID=7829) to work on /home/airflow/.local/lib/python3.8/site-packages/airflow/example_dags/example_python_decorator.py
[2024-04-20T17:00:06.718+0000] {processor.py:830} INFO - Processing file /home/airflow/.local/lib/python3.8/site-packages/airflow/example_dags/example_python_decorator.py for tasks to queue
[2024-04-20T17:00:06.719+0000] {logging_mixin.py:188} INFO - [2024-04-20T17:00:06.719+0000] {dagbag.py:540} INFO - Filling up the DagBag from /home/airflow/.local/lib/python3.8/site-packages/airflow/example_dags/example_python_decorator.py
[2024-04-20T17:00:06.731+0000] {processor.py:840} INFO - DAG(s) 'example_python_decorator' retrieved from /home/airflow/.local/lib/python3.8/site-packages/airflow/example_dags/example_python_decorator.py
[2024-04-20T17:00:06.750+0000] {logging_mixin.py:188} INFO - [2024-04-20T17:00:06.749+0000] {dag.py:3047} INFO - Sync 1 DAGs
[2024-04-20T17:00:06.759+0000] {logging_mixin.py:188} INFO - [2024-04-20T17:00:06.759+0000] {dag.py:3834} INFO - Setting next_dagrun for example_python_decorator to None, run_after=None
[2024-04-20T17:00:06.909+0000] {processor.py:183} INFO - Processing /home/airflow/.local/lib/python3.8/site-packages/airflow/example_dags/example_python_decorator.py took 0.195 seconds
[2024-04-20T17:00:37.110+0000] {processor.py:161} INFO - Started process (PID=8086) to work on /home/airflow/.local/lib/python3.8/site-packages/airflow/example_dags/example_python_decorator.py
[2024-04-20T17:00:37.110+0000] {processor.py:830} INFO - Processing file /home/airflow/.local/lib/python3.8/site-packages/airflow/example_dags/example_python_decorator.py for tasks to queue
[2024-04-20T17:00:37.111+0000] {logging_mixin.py:188} INFO - [2024-04-20T17:00:37.111+0000] {dagbag.py:540} INFO - Filling up the DagBag from /home/airflow/.local/lib/python3.8/site-packages/airflow/example_dags/example_python_decorator.py
[2024-04-20T17:00:37.123+0000] {processor.py:840} INFO - DAG(s) 'example_python_decorator' retrieved from /home/airflow/.local/lib/python3.8/site-packages/airflow/example_dags/example_python_decorator.py
[2024-04-20T17:00:37.142+0000] {logging_mixin.py:188} INFO - [2024-04-20T17:00:37.142+0000] {dag.py:3047} INFO - Sync 1 DAGs
[2024-04-20T17:00:37.153+0000] {logging_mixin.py:188} INFO - [2024-04-20T17:00:37.152+0000] {dag.py:3834} INFO - Setting next_dagrun for example_python_decorator to None, run_after=None
[2024-04-20T17:00:37.300+0000] {processor.py:183} INFO - Processing /home/airflow/.local/lib/python3.8/site-packages/airflow/example_dags/example_python_decorator.py took 0.193 seconds
[2024-04-20T17:01:07.635+0000] {processor.py:161} INFO - Started process (PID=8344) to work on /home/airflow/.local/lib/python3.8/site-packages/airflow/example_dags/example_python_decorator.py
[2024-04-20T17:01:07.636+0000] {processor.py:830} INFO - Processing file /home/airflow/.local/lib/python3.8/site-packages/airflow/example_dags/example_python_decorator.py for tasks to queue
[2024-04-20T17:01:07.636+0000] {logging_mixin.py:188} INFO - [2024-04-20T17:01:07.636+0000] {dagbag.py:540} INFO - Filling up the DagBag from /home/airflow/.local/lib/python3.8/site-packages/airflow/example_dags/example_python_decorator.py
[2024-04-20T17:01:07.648+0000] {processor.py:840} INFO - DAG(s) 'example_python_decorator' retrieved from /home/airflow/.local/lib/python3.8/site-packages/airflow/example_dags/example_python_decorator.py
[2024-04-20T17:01:07.667+0000] {logging_mixin.py:188} INFO - [2024-04-20T17:01:07.667+0000] {dag.py:3047} INFO - Sync 1 DAGs
[2024-04-20T17:01:07.678+0000] {logging_mixin.py:188} INFO - [2024-04-20T17:01:07.677+0000] {dag.py:3834} INFO - Setting next_dagrun for example_python_decorator to None, run_after=None
[2024-04-20T17:01:07.827+0000] {processor.py:183} INFO - Processing /home/airflow/.local/lib/python3.8/site-packages/airflow/example_dags/example_python_decorator.py took 0.195 seconds
[2024-04-20T17:01:38.180+0000] {processor.py:161} INFO - Started process (PID=8604) to work on /home/airflow/.local/lib/python3.8/site-packages/airflow/example_dags/example_python_decorator.py
[2024-04-20T17:01:38.182+0000] {processor.py:830} INFO - Processing file /home/airflow/.local/lib/python3.8/site-packages/airflow/example_dags/example_python_decorator.py for tasks to queue
[2024-04-20T17:01:38.183+0000] {logging_mixin.py:188} INFO - [2024-04-20T17:01:38.182+0000] {dagbag.py:540} INFO - Filling up the DagBag from /home/airflow/.local/lib/python3.8/site-packages/airflow/example_dags/example_python_decorator.py
[2024-04-20T17:01:38.200+0000] {processor.py:840} INFO - DAG(s) 'example_python_decorator' retrieved from /home/airflow/.local/lib/python3.8/site-packages/airflow/example_dags/example_python_decorator.py
[2024-04-20T17:01:38.225+0000] {logging_mixin.py:188} INFO - [2024-04-20T17:01:38.224+0000] {dag.py:3047} INFO - Sync 1 DAGs
[2024-04-20T17:01:38.240+0000] {logging_mixin.py:188} INFO - [2024-04-20T17:01:38.239+0000] {dag.py:3834} INFO - Setting next_dagrun for example_python_decorator to None, run_after=None
[2024-04-20T17:01:38.374+0000] {processor.py:183} INFO - Processing /home/airflow/.local/lib/python3.8/site-packages/airflow/example_dags/example_python_decorator.py took 0.197 seconds
[2024-04-20T17:02:08.832+0000] {processor.py:161} INFO - Started process (PID=8859) to work on /home/airflow/.local/lib/python3.8/site-packages/airflow/example_dags/example_python_decorator.py
[2024-04-20T17:02:08.832+0000] {processor.py:830} INFO - Processing file /home/airflow/.local/lib/python3.8/site-packages/airflow/example_dags/example_python_decorator.py for tasks to queue
[2024-04-20T17:02:08.833+0000] {logging_mixin.py:188} INFO - [2024-04-20T17:02:08.833+0000] {dagbag.py:540} INFO - Filling up the DagBag from /home/airflow/.local/lib/python3.8/site-packages/airflow/example_dags/example_python_decorator.py
[2024-04-20T17:02:08.844+0000] {processor.py:840} INFO - DAG(s) 'example_python_decorator' retrieved from /home/airflow/.local/lib/python3.8/site-packages/airflow/example_dags/example_python_decorator.py
[2024-04-20T17:02:08.862+0000] {logging_mixin.py:188} INFO - [2024-04-20T17:02:08.862+0000] {dag.py:3047} INFO - Sync 1 DAGs
[2024-04-20T17:02:08.875+0000] {logging_mixin.py:188} INFO - [2024-04-20T17:02:08.875+0000] {dag.py:3834} INFO - Setting next_dagrun for example_python_decorator to None, run_after=None
[2024-04-20T17:02:09.021+0000] {processor.py:183} INFO - Processing /home/airflow/.local/lib/python3.8/site-packages/airflow/example_dags/example_python_decorator.py took 0.192 seconds
[2024-04-20T17:02:39.092+0000] {processor.py:161} INFO - Started process (PID=9117) to work on /home/airflow/.local/lib/python3.8/site-packages/airflow/example_dags/example_python_decorator.py
[2024-04-20T17:02:39.093+0000] {processor.py:830} INFO - Processing file /home/airflow/.local/lib/python3.8/site-packages/airflow/example_dags/example_python_decorator.py for tasks to queue
[2024-04-20T17:02:39.094+0000] {logging_mixin.py:188} INFO - [2024-04-20T17:02:39.094+0000] {dagbag.py:540} INFO - Filling up the DagBag from /home/airflow/.local/lib/python3.8/site-packages/airflow/example_dags/example_python_decorator.py
[2024-04-20T17:02:39.110+0000] {processor.py:840} INFO - DAG(s) 'example_python_decorator' retrieved from /home/airflow/.local/lib/python3.8/site-packages/airflow/example_dags/example_python_decorator.py
[2024-04-20T17:02:39.159+0000] {logging_mixin.py:188} INFO - [2024-04-20T17:02:39.159+0000] {dag.py:3047} INFO - Sync 1 DAGs
[2024-04-20T17:02:39.181+0000] {logging_mixin.py:188} INFO - [2024-04-20T17:02:39.181+0000] {dag.py:3834} INFO - Setting next_dagrun for example_python_decorator to None, run_after=None
[2024-04-20T17:02:39.517+0000] {processor.py:183} INFO - Processing /home/airflow/.local/lib/python3.8/site-packages/airflow/example_dags/example_python_decorator.py took 0.428 seconds
[2024-04-20T17:03:09.913+0000] {processor.py:161} INFO - Started process (PID=9375) to work on /home/airflow/.local/lib/python3.8/site-packages/airflow/example_dags/example_python_decorator.py
[2024-04-20T17:03:09.914+0000] {processor.py:830} INFO - Processing file /home/airflow/.local/lib/python3.8/site-packages/airflow/example_dags/example_python_decorator.py for tasks to queue
[2024-04-20T17:03:09.915+0000] {logging_mixin.py:188} INFO - [2024-04-20T17:03:09.914+0000] {dagbag.py:540} INFO - Filling up the DagBag from /home/airflow/.local/lib/python3.8/site-packages/airflow/example_dags/example_python_decorator.py
[2024-04-20T17:03:09.925+0000] {processor.py:840} INFO - DAG(s) 'example_python_decorator' retrieved from /home/airflow/.local/lib/python3.8/site-packages/airflow/example_dags/example_python_decorator.py
[2024-04-20T17:03:09.944+0000] {logging_mixin.py:188} INFO - [2024-04-20T17:03:09.944+0000] {dag.py:3047} INFO - Sync 1 DAGs
[2024-04-20T17:03:09.955+0000] {logging_mixin.py:188} INFO - [2024-04-20T17:03:09.955+0000] {dag.py:3834} INFO - Setting next_dagrun for example_python_decorator to None, run_after=None
[2024-04-20T17:03:10.115+0000] {processor.py:183} INFO - Processing /home/airflow/.local/lib/python3.8/site-packages/airflow/example_dags/example_python_decorator.py took 0.204 seconds
[2024-04-20T17:03:41.153+0000] {processor.py:161} INFO - Started process (PID=9632) to work on /home/airflow/.local/lib/python3.8/site-packages/airflow/example_dags/example_python_decorator.py
[2024-04-20T17:03:41.153+0000] {processor.py:830} INFO - Processing file /home/airflow/.local/lib/python3.8/site-packages/airflow/example_dags/example_python_decorator.py for tasks to queue
[2024-04-20T17:03:41.154+0000] {logging_mixin.py:188} INFO - [2024-04-20T17:03:41.154+0000] {dagbag.py:540} INFO - Filling up the DagBag from /home/airflow/.local/lib/python3.8/site-packages/airflow/example_dags/example_python_decorator.py
[2024-04-20T17:03:41.164+0000] {processor.py:840} INFO - DAG(s) 'example_python_decorator' retrieved from /home/airflow/.local/lib/python3.8/site-packages/airflow/example_dags/example_python_decorator.py
[2024-04-20T17:03:41.183+0000] {logging_mixin.py:188} INFO - [2024-04-20T17:03:41.183+0000] {dag.py:3047} INFO - Sync 1 DAGs
[2024-04-20T17:03:41.193+0000] {logging_mixin.py:188} INFO - [2024-04-20T17:03:41.193+0000] {dag.py:3834} INFO - Setting next_dagrun for example_python_decorator to None, run_after=None
[2024-04-20T17:03:41.344+0000] {processor.py:183} INFO - Processing /home/airflow/.local/lib/python3.8/site-packages/airflow/example_dags/example_python_decorator.py took 0.194 seconds
[2024-04-20T17:04:11.442+0000] {processor.py:161} INFO - Started process (PID=9889) to work on /home/airflow/.local/lib/python3.8/site-packages/airflow/example_dags/example_python_decorator.py
[2024-04-20T17:04:11.443+0000] {processor.py:830} INFO - Processing file /home/airflow/.local/lib/python3.8/site-packages/airflow/example_dags/example_python_decorator.py for tasks to queue
[2024-04-20T17:04:11.444+0000] {logging_mixin.py:188} INFO - [2024-04-20T17:04:11.444+0000] {dagbag.py:540} INFO - Filling up the DagBag from /home/airflow/.local/lib/python3.8/site-packages/airflow/example_dags/example_python_decorator.py
[2024-04-20T17:04:11.455+0000] {processor.py:840} INFO - DAG(s) 'example_python_decorator' retrieved from /home/airflow/.local/lib/python3.8/site-packages/airflow/example_dags/example_python_decorator.py
[2024-04-20T17:04:11.473+0000] {logging_mixin.py:188} INFO - [2024-04-20T17:04:11.473+0000] {dag.py:3047} INFO - Sync 1 DAGs
[2024-04-20T17:04:11.484+0000] {logging_mixin.py:188} INFO - [2024-04-20T17:04:11.483+0000] {dag.py:3834} INFO - Setting next_dagrun for example_python_decorator to None, run_after=None
[2024-04-20T17:04:11.628+0000] {processor.py:183} INFO - Processing /home/airflow/.local/lib/python3.8/site-packages/airflow/example_dags/example_python_decorator.py took 0.188 seconds
[2024-04-20T17:04:42.077+0000] {processor.py:161} INFO - Started process (PID=10146) to work on /home/airflow/.local/lib/python3.8/site-packages/airflow/example_dags/example_python_decorator.py
[2024-04-20T17:04:42.078+0000] {processor.py:830} INFO - Processing file /home/airflow/.local/lib/python3.8/site-packages/airflow/example_dags/example_python_decorator.py for tasks to queue
[2024-04-20T17:04:42.078+0000] {logging_mixin.py:188} INFO - [2024-04-20T17:04:42.078+0000] {dagbag.py:540} INFO - Filling up the DagBag from /home/airflow/.local/lib/python3.8/site-packages/airflow/example_dags/example_python_decorator.py
[2024-04-20T17:04:42.089+0000] {processor.py:840} INFO - DAG(s) 'example_python_decorator' retrieved from /home/airflow/.local/lib/python3.8/site-packages/airflow/example_dags/example_python_decorator.py
[2024-04-20T17:04:42.108+0000] {logging_mixin.py:188} INFO - [2024-04-20T17:04:42.107+0000] {dag.py:3047} INFO - Sync 1 DAGs
[2024-04-20T17:04:42.117+0000] {logging_mixin.py:188} INFO - [2024-04-20T17:04:42.117+0000] {dag.py:3834} INFO - Setting next_dagrun for example_python_decorator to None, run_after=None
[2024-04-20T17:04:42.265+0000] {processor.py:183} INFO - Processing /home/airflow/.local/lib/python3.8/site-packages/airflow/example_dags/example_python_decorator.py took 0.191 seconds
[2024-04-20T17:05:12.732+0000] {processor.py:161} INFO - Started process (PID=10403) to work on /home/airflow/.local/lib/python3.8/site-packages/airflow/example_dags/example_python_decorator.py
[2024-04-20T17:05:12.733+0000] {processor.py:830} INFO - Processing file /home/airflow/.local/lib/python3.8/site-packages/airflow/example_dags/example_python_decorator.py for tasks to queue
[2024-04-20T17:05:12.734+0000] {logging_mixin.py:188} INFO - [2024-04-20T17:05:12.734+0000] {dagbag.py:540} INFO - Filling up the DagBag from /home/airflow/.local/lib/python3.8/site-packages/airflow/example_dags/example_python_decorator.py
[2024-04-20T17:05:12.745+0000] {processor.py:840} INFO - DAG(s) 'example_python_decorator' retrieved from /home/airflow/.local/lib/python3.8/site-packages/airflow/example_dags/example_python_decorator.py
[2024-04-20T17:05:12.764+0000] {logging_mixin.py:188} INFO - [2024-04-20T17:05:12.763+0000] {dag.py:3047} INFO - Sync 1 DAGs
[2024-04-20T17:05:12.773+0000] {logging_mixin.py:188} INFO - [2024-04-20T17:05:12.773+0000] {dag.py:3834} INFO - Setting next_dagrun for example_python_decorator to None, run_after=None
[2024-04-20T17:05:12.921+0000] {processor.py:183} INFO - Processing /home/airflow/.local/lib/python3.8/site-packages/airflow/example_dags/example_python_decorator.py took 0.191 seconds
[2024-04-20T17:05:43.259+0000] {processor.py:161} INFO - Started process (PID=10660) to work on /home/airflow/.local/lib/python3.8/site-packages/airflow/example_dags/example_python_decorator.py
[2024-04-20T17:05:43.260+0000] {processor.py:830} INFO - Processing file /home/airflow/.local/lib/python3.8/site-packages/airflow/example_dags/example_python_decorator.py for tasks to queue
[2024-04-20T17:05:43.261+0000] {logging_mixin.py:188} INFO - [2024-04-20T17:05:43.260+0000] {dagbag.py:540} INFO - Filling up the DagBag from /home/airflow/.local/lib/python3.8/site-packages/airflow/example_dags/example_python_decorator.py
[2024-04-20T17:05:43.271+0000] {processor.py:840} INFO - DAG(s) 'example_python_decorator' retrieved from /home/airflow/.local/lib/python3.8/site-packages/airflow/example_dags/example_python_decorator.py
[2024-04-20T17:05:43.289+0000] {logging_mixin.py:188} INFO - [2024-04-20T17:05:43.289+0000] {dag.py:3047} INFO - Sync 1 DAGs
[2024-04-20T17:05:43.299+0000] {logging_mixin.py:188} INFO - [2024-04-20T17:05:43.299+0000] {dag.py:3834} INFO - Setting next_dagrun for example_python_decorator to None, run_after=None
[2024-04-20T17:05:43.455+0000] {processor.py:183} INFO - Processing /home/airflow/.local/lib/python3.8/site-packages/airflow/example_dags/example_python_decorator.py took 0.198 seconds
[2024-04-20T17:06:14.070+0000] {processor.py:161} INFO - Started process (PID=10917) to work on /home/airflow/.local/lib/python3.8/site-packages/airflow/example_dags/example_python_decorator.py
[2024-04-20T17:06:14.071+0000] {processor.py:830} INFO - Processing file /home/airflow/.local/lib/python3.8/site-packages/airflow/example_dags/example_python_decorator.py for tasks to queue
[2024-04-20T17:06:14.072+0000] {logging_mixin.py:188} INFO - [2024-04-20T17:06:14.071+0000] {dagbag.py:540} INFO - Filling up the DagBag from /home/airflow/.local/lib/python3.8/site-packages/airflow/example_dags/example_python_decorator.py
[2024-04-20T17:06:14.082+0000] {processor.py:840} INFO - DAG(s) 'example_python_decorator' retrieved from /home/airflow/.local/lib/python3.8/site-packages/airflow/example_dags/example_python_decorator.py
[2024-04-20T17:06:14.099+0000] {logging_mixin.py:188} INFO - [2024-04-20T17:06:14.099+0000] {dag.py:3047} INFO - Sync 1 DAGs
[2024-04-20T17:06:14.109+0000] {logging_mixin.py:188} INFO - [2024-04-20T17:06:14.109+0000] {dag.py:3834} INFO - Setting next_dagrun for example_python_decorator to None, run_after=None
[2024-04-20T17:06:14.260+0000] {processor.py:183} INFO - Processing /home/airflow/.local/lib/python3.8/site-packages/airflow/example_dags/example_python_decorator.py took 0.192 seconds
