[2024-04-20T16:45:15.403+0000] {processor.py:161} INFO - Started process (PID=382) to work on /home/airflow/.local/lib/python3.8/site-packages/airflow/example_dags/example_latest_only.py
[2024-04-20T16:45:15.404+0000] {processor.py:830} INFO - Processing file /home/airflow/.local/lib/python3.8/site-packages/airflow/example_dags/example_latest_only.py for tasks to queue
[2024-04-20T16:45:15.405+0000] {logging_mixin.py:188} INFO - [2024-04-20T16:45:15.405+0000] {dagbag.py:540} INFO - Filling up the DagBag from /home/airflow/.local/lib/python3.8/site-packages/airflow/example_dags/example_latest_only.py
[2024-04-20T16:45:15.409+0000] {processor.py:840} INFO - DAG(s) 'latest_only' retrieved from /home/airflow/.local/lib/python3.8/site-packages/airflow/example_dags/example_latest_only.py
[2024-04-20T16:45:15.426+0000] {logging_mixin.py:188} INFO - [2024-04-20T16:45:15.426+0000] {dag.py:3047} INFO - Sync 1 DAGs
[2024-04-20T16:45:15.443+0000] {logging_mixin.py:188} INFO - [2024-04-20T16:45:15.443+0000] {dag.py:3834} INFO - Setting next_dagrun for latest_only to 2024-04-20 12:00:00+00:00, run_after=2024-04-20 16:00:00+00:00
[2024-04-20T16:45:15.640+0000] {processor.py:183} INFO - Processing /home/airflow/.local/lib/python3.8/site-packages/airflow/example_dags/example_latest_only.py took 0.239 seconds
[2024-04-20T16:45:50.323+0000] {processor.py:161} INFO - Started process (PID=639) to work on /home/airflow/.local/lib/python3.8/site-packages/airflow/example_dags/example_latest_only.py
[2024-04-20T16:45:50.449+0000] {processor.py:830} INFO - Processing file /home/airflow/.local/lib/python3.8/site-packages/airflow/example_dags/example_latest_only.py for tasks to queue
[2024-04-20T16:45:50.450+0000] {logging_mixin.py:188} INFO - [2024-04-20T16:45:50.450+0000] {dagbag.py:540} INFO - Filling up the DagBag from /home/airflow/.local/lib/python3.8/site-packages/airflow/example_dags/example_latest_only.py
[2024-04-20T16:45:50.458+0000] {processor.py:840} INFO - DAG(s) 'latest_only' retrieved from /home/airflow/.local/lib/python3.8/site-packages/airflow/example_dags/example_latest_only.py
[2024-04-20T16:45:50.483+0000] {logging_mixin.py:188} INFO - [2024-04-20T16:45:50.483+0000] {dag.py:3047} INFO - Sync 1 DAGs
[2024-04-20T16:45:50.514+0000] {logging_mixin.py:188} INFO - [2024-04-20T16:45:50.513+0000] {dag.py:3834} INFO - Setting next_dagrun for latest_only to 2024-04-20 12:00:00+00:00, run_after=2024-04-20 16:00:00+00:00
[2024-04-20T16:45:50.718+0000] {processor.py:183} INFO - Processing /home/airflow/.local/lib/python3.8/site-packages/airflow/example_dags/example_latest_only.py took 0.398 seconds
[2024-04-20T16:46:20.812+0000] {processor.py:161} INFO - Started process (PID=890) to work on /home/airflow/.local/lib/python3.8/site-packages/airflow/example_dags/example_latest_only.py
[2024-04-20T16:46:20.812+0000] {processor.py:830} INFO - Processing file /home/airflow/.local/lib/python3.8/site-packages/airflow/example_dags/example_latest_only.py for tasks to queue
[2024-04-20T16:46:20.813+0000] {logging_mixin.py:188} INFO - [2024-04-20T16:46:20.813+0000] {dagbag.py:540} INFO - Filling up the DagBag from /home/airflow/.local/lib/python3.8/site-packages/airflow/example_dags/example_latest_only.py
[2024-04-20T16:46:20.817+0000] {processor.py:840} INFO - DAG(s) 'latest_only' retrieved from /home/airflow/.local/lib/python3.8/site-packages/airflow/example_dags/example_latest_only.py
[2024-04-20T16:46:20.833+0000] {logging_mixin.py:188} INFO - [2024-04-20T16:46:20.833+0000] {dag.py:3047} INFO - Sync 1 DAGs
[2024-04-20T16:46:20.851+0000] {logging_mixin.py:188} INFO - [2024-04-20T16:46:20.850+0000] {dag.py:3834} INFO - Setting next_dagrun for latest_only to 2024-04-20 12:00:00+00:00, run_after=2024-04-20 16:00:00+00:00
[2024-04-20T16:46:21.052+0000] {processor.py:183} INFO - Processing /home/airflow/.local/lib/python3.8/site-packages/airflow/example_dags/example_latest_only.py took 0.243 seconds
[2024-04-20T16:46:51.664+0000] {processor.py:161} INFO - Started process (PID=1147) to work on /home/airflow/.local/lib/python3.8/site-packages/airflow/example_dags/example_latest_only.py
[2024-04-20T16:46:51.665+0000] {processor.py:830} INFO - Processing file /home/airflow/.local/lib/python3.8/site-packages/airflow/example_dags/example_latest_only.py for tasks to queue
[2024-04-20T16:46:51.666+0000] {logging_mixin.py:188} INFO - [2024-04-20T16:46:51.665+0000] {dagbag.py:540} INFO - Filling up the DagBag from /home/airflow/.local/lib/python3.8/site-packages/airflow/example_dags/example_latest_only.py
[2024-04-20T16:46:51.671+0000] {processor.py:840} INFO - DAG(s) 'latest_only' retrieved from /home/airflow/.local/lib/python3.8/site-packages/airflow/example_dags/example_latest_only.py
[2024-04-20T16:46:51.748+0000] {logging_mixin.py:188} INFO - [2024-04-20T16:46:51.748+0000] {dag.py:3047} INFO - Sync 1 DAGs
[2024-04-20T16:46:51.806+0000] {logging_mixin.py:188} INFO - [2024-04-20T16:46:51.806+0000] {dag.py:3834} INFO - Setting next_dagrun for latest_only to 2024-04-20 12:00:00+00:00, run_after=2024-04-20 16:00:00+00:00
[2024-04-20T16:46:52.051+0000] {processor.py:183} INFO - Processing /home/airflow/.local/lib/python3.8/site-packages/airflow/example_dags/example_latest_only.py took 0.390 seconds
[2024-04-20T16:47:22.439+0000] {processor.py:161} INFO - Started process (PID=1404) to work on /home/airflow/.local/lib/python3.8/site-packages/airflow/example_dags/example_latest_only.py
[2024-04-20T16:47:22.440+0000] {processor.py:830} INFO - Processing file /home/airflow/.local/lib/python3.8/site-packages/airflow/example_dags/example_latest_only.py for tasks to queue
[2024-04-20T16:47:22.441+0000] {logging_mixin.py:188} INFO - [2024-04-20T16:47:22.440+0000] {dagbag.py:540} INFO - Filling up the DagBag from /home/airflow/.local/lib/python3.8/site-packages/airflow/example_dags/example_latest_only.py
[2024-04-20T16:47:22.450+0000] {processor.py:840} INFO - DAG(s) 'latest_only' retrieved from /home/airflow/.local/lib/python3.8/site-packages/airflow/example_dags/example_latest_only.py
[2024-04-20T16:47:22.496+0000] {logging_mixin.py:188} INFO - [2024-04-20T16:47:22.495+0000] {dag.py:3047} INFO - Sync 1 DAGs
[2024-04-20T16:47:22.557+0000] {logging_mixin.py:188} INFO - [2024-04-20T16:47:22.557+0000] {dag.py:3834} INFO - Setting next_dagrun for latest_only to 2024-04-20 12:00:00+00:00, run_after=2024-04-20 16:00:00+00:00
[2024-04-20T16:47:22.955+0000] {processor.py:183} INFO - Processing /home/airflow/.local/lib/python3.8/site-packages/airflow/example_dags/example_latest_only.py took 0.527 seconds
[2024-04-20T16:47:53.438+0000] {processor.py:161} INFO - Started process (PID=1661) to work on /home/airflow/.local/lib/python3.8/site-packages/airflow/example_dags/example_latest_only.py
[2024-04-20T16:47:53.439+0000] {processor.py:830} INFO - Processing file /home/airflow/.local/lib/python3.8/site-packages/airflow/example_dags/example_latest_only.py for tasks to queue
[2024-04-20T16:47:53.440+0000] {logging_mixin.py:188} INFO - [2024-04-20T16:47:53.440+0000] {dagbag.py:540} INFO - Filling up the DagBag from /home/airflow/.local/lib/python3.8/site-packages/airflow/example_dags/example_latest_only.py
[2024-04-20T16:47:53.445+0000] {processor.py:840} INFO - DAG(s) 'latest_only' retrieved from /home/airflow/.local/lib/python3.8/site-packages/airflow/example_dags/example_latest_only.py
[2024-04-20T16:47:53.469+0000] {logging_mixin.py:188} INFO - [2024-04-20T16:47:53.468+0000] {dag.py:3047} INFO - Sync 1 DAGs
[2024-04-20T16:47:53.494+0000] {logging_mixin.py:188} INFO - [2024-04-20T16:47:53.494+0000] {dag.py:3834} INFO - Setting next_dagrun for latest_only to 2024-04-20 12:00:00+00:00, run_after=2024-04-20 16:00:00+00:00
[2024-04-20T16:47:53.678+0000] {processor.py:183} INFO - Processing /home/airflow/.local/lib/python3.8/site-packages/airflow/example_dags/example_latest_only.py took 0.243 seconds
[2024-04-20T16:48:24.233+0000] {processor.py:161} INFO - Started process (PID=1918) to work on /home/airflow/.local/lib/python3.8/site-packages/airflow/example_dags/example_latest_only.py
[2024-04-20T16:48:24.234+0000] {processor.py:830} INFO - Processing file /home/airflow/.local/lib/python3.8/site-packages/airflow/example_dags/example_latest_only.py for tasks to queue
[2024-04-20T16:48:24.235+0000] {logging_mixin.py:188} INFO - [2024-04-20T16:48:24.234+0000] {dagbag.py:540} INFO - Filling up the DagBag from /home/airflow/.local/lib/python3.8/site-packages/airflow/example_dags/example_latest_only.py
[2024-04-20T16:48:24.240+0000] {processor.py:840} INFO - DAG(s) 'latest_only' retrieved from /home/airflow/.local/lib/python3.8/site-packages/airflow/example_dags/example_latest_only.py
[2024-04-20T16:48:24.263+0000] {logging_mixin.py:188} INFO - [2024-04-20T16:48:24.262+0000] {dag.py:3047} INFO - Sync 1 DAGs
[2024-04-20T16:48:24.289+0000] {logging_mixin.py:188} INFO - [2024-04-20T16:48:24.289+0000] {dag.py:3834} INFO - Setting next_dagrun for latest_only to 2024-04-20 12:00:00+00:00, run_after=2024-04-20 16:00:00+00:00
[2024-04-20T16:48:24.473+0000] {processor.py:183} INFO - Processing /home/airflow/.local/lib/python3.8/site-packages/airflow/example_dags/example_latest_only.py took 0.244 seconds
[2024-04-20T16:48:54.801+0000] {processor.py:161} INFO - Started process (PID=2175) to work on /home/airflow/.local/lib/python3.8/site-packages/airflow/example_dags/example_latest_only.py
[2024-04-20T16:48:54.802+0000] {processor.py:830} INFO - Processing file /home/airflow/.local/lib/python3.8/site-packages/airflow/example_dags/example_latest_only.py for tasks to queue
[2024-04-20T16:48:54.802+0000] {logging_mixin.py:188} INFO - [2024-04-20T16:48:54.802+0000] {dagbag.py:540} INFO - Filling up the DagBag from /home/airflow/.local/lib/python3.8/site-packages/airflow/example_dags/example_latest_only.py
[2024-04-20T16:48:54.808+0000] {processor.py:840} INFO - DAG(s) 'latest_only' retrieved from /home/airflow/.local/lib/python3.8/site-packages/airflow/example_dags/example_latest_only.py
[2024-04-20T16:48:54.832+0000] {logging_mixin.py:188} INFO - [2024-04-20T16:48:54.832+0000] {dag.py:3047} INFO - Sync 1 DAGs
[2024-04-20T16:48:54.857+0000] {logging_mixin.py:188} INFO - [2024-04-20T16:48:54.857+0000] {dag.py:3834} INFO - Setting next_dagrun for latest_only to 2024-04-20 12:00:00+00:00, run_after=2024-04-20 16:00:00+00:00
[2024-04-20T16:48:54.992+0000] {processor.py:183} INFO - Processing /home/airflow/.local/lib/python3.8/site-packages/airflow/example_dags/example_latest_only.py took 0.195 seconds
[2024-04-20T16:49:25.177+0000] {processor.py:161} INFO - Started process (PID=2432) to work on /home/airflow/.local/lib/python3.8/site-packages/airflow/example_dags/example_latest_only.py
[2024-04-20T16:49:25.177+0000] {processor.py:830} INFO - Processing file /home/airflow/.local/lib/python3.8/site-packages/airflow/example_dags/example_latest_only.py for tasks to queue
[2024-04-20T16:49:25.178+0000] {logging_mixin.py:188} INFO - [2024-04-20T16:49:25.178+0000] {dagbag.py:540} INFO - Filling up the DagBag from /home/airflow/.local/lib/python3.8/site-packages/airflow/example_dags/example_latest_only.py
[2024-04-20T16:49:25.182+0000] {processor.py:840} INFO - DAG(s) 'latest_only' retrieved from /home/airflow/.local/lib/python3.8/site-packages/airflow/example_dags/example_latest_only.py
[2024-04-20T16:49:25.198+0000] {logging_mixin.py:188} INFO - [2024-04-20T16:49:25.198+0000] {dag.py:3047} INFO - Sync 1 DAGs
[2024-04-20T16:49:25.215+0000] {logging_mixin.py:188} INFO - [2024-04-20T16:49:25.215+0000] {dag.py:3834} INFO - Setting next_dagrun for latest_only to 2024-04-20 12:00:00+00:00, run_after=2024-04-20 16:00:00+00:00
[2024-04-20T16:49:25.722+0000] {processor.py:183} INFO - Processing /home/airflow/.local/lib/python3.8/site-packages/airflow/example_dags/example_latest_only.py took 0.547 seconds
[2024-04-20T16:49:56.029+0000] {processor.py:161} INFO - Started process (PID=2688) to work on /home/airflow/.local/lib/python3.8/site-packages/airflow/example_dags/example_latest_only.py
[2024-04-20T16:49:56.030+0000] {processor.py:830} INFO - Processing file /home/airflow/.local/lib/python3.8/site-packages/airflow/example_dags/example_latest_only.py for tasks to queue
[2024-04-20T16:49:56.031+0000] {logging_mixin.py:188} INFO - [2024-04-20T16:49:56.030+0000] {dagbag.py:540} INFO - Filling up the DagBag from /home/airflow/.local/lib/python3.8/site-packages/airflow/example_dags/example_latest_only.py
[2024-04-20T16:49:56.035+0000] {processor.py:840} INFO - DAG(s) 'latest_only' retrieved from /home/airflow/.local/lib/python3.8/site-packages/airflow/example_dags/example_latest_only.py
[2024-04-20T16:49:56.052+0000] {logging_mixin.py:188} INFO - [2024-04-20T16:49:56.052+0000] {dag.py:3047} INFO - Sync 1 DAGs
[2024-04-20T16:49:56.068+0000] {logging_mixin.py:188} INFO - [2024-04-20T16:49:56.068+0000] {dag.py:3834} INFO - Setting next_dagrun for latest_only to 2024-04-20 12:00:00+00:00, run_after=2024-04-20 16:00:00+00:00
[2024-04-20T16:49:56.220+0000] {processor.py:183} INFO - Processing /home/airflow/.local/lib/python3.8/site-packages/airflow/example_dags/example_latest_only.py took 0.194 seconds
[2024-04-20T16:50:26.379+0000] {processor.py:161} INFO - Started process (PID=2945) to work on /home/airflow/.local/lib/python3.8/site-packages/airflow/example_dags/example_latest_only.py
[2024-04-20T16:50:26.380+0000] {processor.py:830} INFO - Processing file /home/airflow/.local/lib/python3.8/site-packages/airflow/example_dags/example_latest_only.py for tasks to queue
[2024-04-20T16:50:26.381+0000] {logging_mixin.py:188} INFO - [2024-04-20T16:50:26.380+0000] {dagbag.py:540} INFO - Filling up the DagBag from /home/airflow/.local/lib/python3.8/site-packages/airflow/example_dags/example_latest_only.py
[2024-04-20T16:50:26.385+0000] {processor.py:840} INFO - DAG(s) 'latest_only' retrieved from /home/airflow/.local/lib/python3.8/site-packages/airflow/example_dags/example_latest_only.py
[2024-04-20T16:50:26.404+0000] {logging_mixin.py:188} INFO - [2024-04-20T16:50:26.404+0000] {dag.py:3047} INFO - Sync 1 DAGs
[2024-04-20T16:50:26.421+0000] {logging_mixin.py:188} INFO - [2024-04-20T16:50:26.421+0000] {dag.py:3834} INFO - Setting next_dagrun for latest_only to 2024-04-20 12:00:00+00:00, run_after=2024-04-20 16:00:00+00:00
[2024-04-20T16:50:26.572+0000] {processor.py:183} INFO - Processing /home/airflow/.local/lib/python3.8/site-packages/airflow/example_dags/example_latest_only.py took 0.195 seconds
[2024-04-20T16:50:57.174+0000] {processor.py:161} INFO - Started process (PID=3203) to work on /home/airflow/.local/lib/python3.8/site-packages/airflow/example_dags/example_latest_only.py
[2024-04-20T16:50:57.175+0000] {processor.py:830} INFO - Processing file /home/airflow/.local/lib/python3.8/site-packages/airflow/example_dags/example_latest_only.py for tasks to queue
[2024-04-20T16:50:57.176+0000] {logging_mixin.py:188} INFO - [2024-04-20T16:50:57.176+0000] {dagbag.py:540} INFO - Filling up the DagBag from /home/airflow/.local/lib/python3.8/site-packages/airflow/example_dags/example_latest_only.py
[2024-04-20T16:50:57.180+0000] {processor.py:840} INFO - DAG(s) 'latest_only' retrieved from /home/airflow/.local/lib/python3.8/site-packages/airflow/example_dags/example_latest_only.py
[2024-04-20T16:50:57.199+0000] {logging_mixin.py:188} INFO - [2024-04-20T16:50:57.199+0000] {dag.py:3047} INFO - Sync 1 DAGs
[2024-04-20T16:50:57.218+0000] {logging_mixin.py:188} INFO - [2024-04-20T16:50:57.218+0000] {dag.py:3834} INFO - Setting next_dagrun for latest_only to 2024-04-20 12:00:00+00:00, run_after=2024-04-20 16:00:00+00:00
[2024-04-20T16:50:57.363+0000] {processor.py:183} INFO - Processing /home/airflow/.local/lib/python3.8/site-packages/airflow/example_dags/example_latest_only.py took 0.191 seconds
[2024-04-20T16:51:27.578+0000] {processor.py:161} INFO - Started process (PID=3460) to work on /home/airflow/.local/lib/python3.8/site-packages/airflow/example_dags/example_latest_only.py
[2024-04-20T16:51:27.579+0000] {processor.py:830} INFO - Processing file /home/airflow/.local/lib/python3.8/site-packages/airflow/example_dags/example_latest_only.py for tasks to queue
[2024-04-20T16:51:27.580+0000] {logging_mixin.py:188} INFO - [2024-04-20T16:51:27.579+0000] {dagbag.py:540} INFO - Filling up the DagBag from /home/airflow/.local/lib/python3.8/site-packages/airflow/example_dags/example_latest_only.py
[2024-04-20T16:51:27.584+0000] {processor.py:840} INFO - DAG(s) 'latest_only' retrieved from /home/airflow/.local/lib/python3.8/site-packages/airflow/example_dags/example_latest_only.py
[2024-04-20T16:51:27.601+0000] {logging_mixin.py:188} INFO - [2024-04-20T16:51:27.601+0000] {dag.py:3047} INFO - Sync 1 DAGs
[2024-04-20T16:51:27.618+0000] {logging_mixin.py:188} INFO - [2024-04-20T16:51:27.618+0000] {dag.py:3834} INFO - Setting next_dagrun for latest_only to 2024-04-20 12:00:00+00:00, run_after=2024-04-20 16:00:00+00:00
[2024-04-20T16:51:27.771+0000] {processor.py:183} INFO - Processing /home/airflow/.local/lib/python3.8/site-packages/airflow/example_dags/example_latest_only.py took 0.195 seconds
[2024-04-20T16:51:58.193+0000] {processor.py:161} INFO - Started process (PID=3717) to work on /home/airflow/.local/lib/python3.8/site-packages/airflow/example_dags/example_latest_only.py
[2024-04-20T16:51:58.194+0000] {processor.py:830} INFO - Processing file /home/airflow/.local/lib/python3.8/site-packages/airflow/example_dags/example_latest_only.py for tasks to queue
[2024-04-20T16:51:58.195+0000] {logging_mixin.py:188} INFO - [2024-04-20T16:51:58.195+0000] {dagbag.py:540} INFO - Filling up the DagBag from /home/airflow/.local/lib/python3.8/site-packages/airflow/example_dags/example_latest_only.py
[2024-04-20T16:51:58.199+0000] {processor.py:840} INFO - DAG(s) 'latest_only' retrieved from /home/airflow/.local/lib/python3.8/site-packages/airflow/example_dags/example_latest_only.py
[2024-04-20T16:51:58.216+0000] {logging_mixin.py:188} INFO - [2024-04-20T16:51:58.216+0000] {dag.py:3047} INFO - Sync 1 DAGs
[2024-04-20T16:51:58.234+0000] {logging_mixin.py:188} INFO - [2024-04-20T16:51:58.234+0000] {dag.py:3834} INFO - Setting next_dagrun for latest_only to 2024-04-20 12:00:00+00:00, run_after=2024-04-20 16:00:00+00:00
[2024-04-20T16:51:58.383+0000] {processor.py:183} INFO - Processing /home/airflow/.local/lib/python3.8/site-packages/airflow/example_dags/example_latest_only.py took 0.192 seconds
[2024-04-20T16:52:28.602+0000] {processor.py:161} INFO - Started process (PID=3974) to work on /home/airflow/.local/lib/python3.8/site-packages/airflow/example_dags/example_latest_only.py
[2024-04-20T16:52:28.602+0000] {processor.py:830} INFO - Processing file /home/airflow/.local/lib/python3.8/site-packages/airflow/example_dags/example_latest_only.py for tasks to queue
[2024-04-20T16:52:28.603+0000] {logging_mixin.py:188} INFO - [2024-04-20T16:52:28.603+0000] {dagbag.py:540} INFO - Filling up the DagBag from /home/airflow/.local/lib/python3.8/site-packages/airflow/example_dags/example_latest_only.py
[2024-04-20T16:52:28.607+0000] {processor.py:840} INFO - DAG(s) 'latest_only' retrieved from /home/airflow/.local/lib/python3.8/site-packages/airflow/example_dags/example_latest_only.py
[2024-04-20T16:52:28.624+0000] {logging_mixin.py:188} INFO - [2024-04-20T16:52:28.624+0000] {dag.py:3047} INFO - Sync 1 DAGs
[2024-04-20T16:52:28.641+0000] {logging_mixin.py:188} INFO - [2024-04-20T16:52:28.641+0000] {dag.py:3834} INFO - Setting next_dagrun for latest_only to 2024-04-20 12:00:00+00:00, run_after=2024-04-20 16:00:00+00:00
[2024-04-20T16:52:29.048+0000] {processor.py:183} INFO - Processing /home/airflow/.local/lib/python3.8/site-packages/airflow/example_dags/example_latest_only.py took 0.449 seconds
[2024-04-20T16:52:59.624+0000] {processor.py:161} INFO - Started process (PID=4231) to work on /home/airflow/.local/lib/python3.8/site-packages/airflow/example_dags/example_latest_only.py
[2024-04-20T16:52:59.624+0000] {processor.py:830} INFO - Processing file /home/airflow/.local/lib/python3.8/site-packages/airflow/example_dags/example_latest_only.py for tasks to queue
[2024-04-20T16:52:59.625+0000] {logging_mixin.py:188} INFO - [2024-04-20T16:52:59.625+0000] {dagbag.py:540} INFO - Filling up the DagBag from /home/airflow/.local/lib/python3.8/site-packages/airflow/example_dags/example_latest_only.py
[2024-04-20T16:52:59.629+0000] {processor.py:840} INFO - DAG(s) 'latest_only' retrieved from /home/airflow/.local/lib/python3.8/site-packages/airflow/example_dags/example_latest_only.py
[2024-04-20T16:52:59.646+0000] {logging_mixin.py:188} INFO - [2024-04-20T16:52:59.646+0000] {dag.py:3047} INFO - Sync 1 DAGs
[2024-04-20T16:52:59.663+0000] {logging_mixin.py:188} INFO - [2024-04-20T16:52:59.662+0000] {dag.py:3834} INFO - Setting next_dagrun for latest_only to 2024-04-20 12:00:00+00:00, run_after=2024-04-20 16:00:00+00:00
[2024-04-20T16:52:59.925+0000] {processor.py:183} INFO - Processing /home/airflow/.local/lib/python3.8/site-packages/airflow/example_dags/example_latest_only.py took 0.303 seconds
[2024-04-20T16:53:30.031+0000] {processor.py:161} INFO - Started process (PID=4489) to work on /home/airflow/.local/lib/python3.8/site-packages/airflow/example_dags/example_latest_only.py
[2024-04-20T16:53:30.032+0000] {processor.py:830} INFO - Processing file /home/airflow/.local/lib/python3.8/site-packages/airflow/example_dags/example_latest_only.py for tasks to queue
[2024-04-20T16:53:30.033+0000] {logging_mixin.py:188} INFO - [2024-04-20T16:53:30.033+0000] {dagbag.py:540} INFO - Filling up the DagBag from /home/airflow/.local/lib/python3.8/site-packages/airflow/example_dags/example_latest_only.py
[2024-04-20T16:53:30.039+0000] {processor.py:840} INFO - DAG(s) 'latest_only' retrieved from /home/airflow/.local/lib/python3.8/site-packages/airflow/example_dags/example_latest_only.py
[2024-04-20T16:53:30.061+0000] {logging_mixin.py:188} INFO - [2024-04-20T16:53:30.061+0000] {dag.py:3047} INFO - Sync 1 DAGs
[2024-04-20T16:53:30.103+0000] {logging_mixin.py:188} INFO - [2024-04-20T16:53:30.103+0000] {dag.py:3834} INFO - Setting next_dagrun for latest_only to 2024-04-20 12:00:00+00:00, run_after=2024-04-20 16:00:00+00:00
[2024-04-20T16:53:30.370+0000] {processor.py:183} INFO - Processing /home/airflow/.local/lib/python3.8/site-packages/airflow/example_dags/example_latest_only.py took 0.342 seconds
[2024-04-20T16:54:00.536+0000] {processor.py:161} INFO - Started process (PID=4746) to work on /home/airflow/.local/lib/python3.8/site-packages/airflow/example_dags/example_latest_only.py
[2024-04-20T16:54:00.536+0000] {processor.py:830} INFO - Processing file /home/airflow/.local/lib/python3.8/site-packages/airflow/example_dags/example_latest_only.py for tasks to queue
[2024-04-20T16:54:00.537+0000] {logging_mixin.py:188} INFO - [2024-04-20T16:54:00.537+0000] {dagbag.py:540} INFO - Filling up the DagBag from /home/airflow/.local/lib/python3.8/site-packages/airflow/example_dags/example_latest_only.py
[2024-04-20T16:54:00.541+0000] {processor.py:840} INFO - DAG(s) 'latest_only' retrieved from /home/airflow/.local/lib/python3.8/site-packages/airflow/example_dags/example_latest_only.py
[2024-04-20T16:54:00.559+0000] {logging_mixin.py:188} INFO - [2024-04-20T16:54:00.558+0000] {dag.py:3047} INFO - Sync 1 DAGs
[2024-04-20T16:54:00.576+0000] {logging_mixin.py:188} INFO - [2024-04-20T16:54:00.576+0000] {dag.py:3834} INFO - Setting next_dagrun for latest_only to 2024-04-20 12:00:00+00:00, run_after=2024-04-20 16:00:00+00:00
[2024-04-20T16:54:00.740+0000] {processor.py:183} INFO - Processing /home/airflow/.local/lib/python3.8/site-packages/airflow/example_dags/example_latest_only.py took 0.207 seconds
[2024-04-20T16:54:31.345+0000] {processor.py:161} INFO - Started process (PID=5002) to work on /home/airflow/.local/lib/python3.8/site-packages/airflow/example_dags/example_latest_only.py
[2024-04-20T16:54:31.346+0000] {processor.py:830} INFO - Processing file /home/airflow/.local/lib/python3.8/site-packages/airflow/example_dags/example_latest_only.py for tasks to queue
[2024-04-20T16:54:31.347+0000] {logging_mixin.py:188} INFO - [2024-04-20T16:54:31.346+0000] {dagbag.py:540} INFO - Filling up the DagBag from /home/airflow/.local/lib/python3.8/site-packages/airflow/example_dags/example_latest_only.py
[2024-04-20T16:54:31.351+0000] {processor.py:840} INFO - DAG(s) 'latest_only' retrieved from /home/airflow/.local/lib/python3.8/site-packages/airflow/example_dags/example_latest_only.py
[2024-04-20T16:54:31.367+0000] {logging_mixin.py:188} INFO - [2024-04-20T16:54:31.367+0000] {dag.py:3047} INFO - Sync 1 DAGs
[2024-04-20T16:54:31.384+0000] {logging_mixin.py:188} INFO - [2024-04-20T16:54:31.383+0000] {dag.py:3834} INFO - Setting next_dagrun for latest_only to 2024-04-20 12:00:00+00:00, run_after=2024-04-20 16:00:00+00:00
[2024-04-20T16:54:31.748+0000] {processor.py:183} INFO - Processing /home/airflow/.local/lib/python3.8/site-packages/airflow/example_dags/example_latest_only.py took 0.406 seconds
[2024-04-20T16:55:01.777+0000] {processor.py:161} INFO - Started process (PID=5262) to work on /home/airflow/.local/lib/python3.8/site-packages/airflow/example_dags/example_latest_only.py
[2024-04-20T16:55:01.779+0000] {processor.py:830} INFO - Processing file /home/airflow/.local/lib/python3.8/site-packages/airflow/example_dags/example_latest_only.py for tasks to queue
[2024-04-20T16:55:01.780+0000] {logging_mixin.py:188} INFO - [2024-04-20T16:55:01.780+0000] {dagbag.py:540} INFO - Filling up the DagBag from /home/airflow/.local/lib/python3.8/site-packages/airflow/example_dags/example_latest_only.py
[2024-04-20T16:55:01.786+0000] {processor.py:840} INFO - DAG(s) 'latest_only' retrieved from /home/airflow/.local/lib/python3.8/site-packages/airflow/example_dags/example_latest_only.py
[2024-04-20T16:55:01.805+0000] {logging_mixin.py:188} INFO - [2024-04-20T16:55:01.804+0000] {dag.py:3047} INFO - Sync 1 DAGs
[2024-04-20T16:55:01.822+0000] {logging_mixin.py:188} INFO - [2024-04-20T16:55:01.821+0000] {dag.py:3834} INFO - Setting next_dagrun for latest_only to 2024-04-20 12:00:00+00:00, run_after=2024-04-20 16:00:00+00:00
[2024-04-20T16:55:02.010+0000] {processor.py:183} INFO - Processing /home/airflow/.local/lib/python3.8/site-packages/airflow/example_dags/example_latest_only.py took 0.237 seconds
[2024-04-20T16:55:32.045+0000] {processor.py:161} INFO - Started process (PID=5517) to work on /home/airflow/.local/lib/python3.8/site-packages/airflow/example_dags/example_latest_only.py
[2024-04-20T16:55:32.046+0000] {processor.py:830} INFO - Processing file /home/airflow/.local/lib/python3.8/site-packages/airflow/example_dags/example_latest_only.py for tasks to queue
[2024-04-20T16:55:32.047+0000] {logging_mixin.py:188} INFO - [2024-04-20T16:55:32.047+0000] {dagbag.py:540} INFO - Filling up the DagBag from /home/airflow/.local/lib/python3.8/site-packages/airflow/example_dags/example_latest_only.py
[2024-04-20T16:55:32.051+0000] {processor.py:840} INFO - DAG(s) 'latest_only' retrieved from /home/airflow/.local/lib/python3.8/site-packages/airflow/example_dags/example_latest_only.py
[2024-04-20T16:55:32.068+0000] {logging_mixin.py:188} INFO - [2024-04-20T16:55:32.068+0000] {dag.py:3047} INFO - Sync 1 DAGs
[2024-04-20T16:55:32.085+0000] {logging_mixin.py:188} INFO - [2024-04-20T16:55:32.085+0000] {dag.py:3834} INFO - Setting next_dagrun for latest_only to 2024-04-20 12:00:00+00:00, run_after=2024-04-20 16:00:00+00:00
[2024-04-20T16:55:32.238+0000] {processor.py:183} INFO - Processing /home/airflow/.local/lib/python3.8/site-packages/airflow/example_dags/example_latest_only.py took 0.195 seconds
[2024-04-20T16:56:02.474+0000] {processor.py:161} INFO - Started process (PID=5775) to work on /home/airflow/.local/lib/python3.8/site-packages/airflow/example_dags/example_latest_only.py
[2024-04-20T16:56:02.474+0000] {processor.py:830} INFO - Processing file /home/airflow/.local/lib/python3.8/site-packages/airflow/example_dags/example_latest_only.py for tasks to queue
[2024-04-20T16:56:02.475+0000] {logging_mixin.py:188} INFO - [2024-04-20T16:56:02.475+0000] {dagbag.py:540} INFO - Filling up the DagBag from /home/airflow/.local/lib/python3.8/site-packages/airflow/example_dags/example_latest_only.py
[2024-04-20T16:56:02.479+0000] {processor.py:840} INFO - DAG(s) 'latest_only' retrieved from /home/airflow/.local/lib/python3.8/site-packages/airflow/example_dags/example_latest_only.py
[2024-04-20T16:56:02.495+0000] {logging_mixin.py:188} INFO - [2024-04-20T16:56:02.495+0000] {dag.py:3047} INFO - Sync 1 DAGs
[2024-04-20T16:56:02.512+0000] {logging_mixin.py:188} INFO - [2024-04-20T16:56:02.512+0000] {dag.py:3834} INFO - Setting next_dagrun for latest_only to 2024-04-20 12:00:00+00:00, run_after=2024-04-20 16:00:00+00:00
[2024-04-20T16:56:02.667+0000] {processor.py:183} INFO - Processing /home/airflow/.local/lib/python3.8/site-packages/airflow/example_dags/example_latest_only.py took 0.196 seconds
[2024-04-20T16:56:33.062+0000] {processor.py:161} INFO - Started process (PID=6034) to work on /home/airflow/.local/lib/python3.8/site-packages/airflow/example_dags/example_latest_only.py
[2024-04-20T16:56:33.063+0000] {processor.py:830} INFO - Processing file /home/airflow/.local/lib/python3.8/site-packages/airflow/example_dags/example_latest_only.py for tasks to queue
[2024-04-20T16:56:33.064+0000] {logging_mixin.py:188} INFO - [2024-04-20T16:56:33.063+0000] {dagbag.py:540} INFO - Filling up the DagBag from /home/airflow/.local/lib/python3.8/site-packages/airflow/example_dags/example_latest_only.py
[2024-04-20T16:56:33.067+0000] {processor.py:840} INFO - DAG(s) 'latest_only' retrieved from /home/airflow/.local/lib/python3.8/site-packages/airflow/example_dags/example_latest_only.py
[2024-04-20T16:56:33.083+0000] {logging_mixin.py:188} INFO - [2024-04-20T16:56:33.083+0000] {dag.py:3047} INFO - Sync 1 DAGs
[2024-04-20T16:56:33.100+0000] {logging_mixin.py:188} INFO - [2024-04-20T16:56:33.100+0000] {dag.py:3834} INFO - Setting next_dagrun for latest_only to 2024-04-20 12:00:00+00:00, run_after=2024-04-20 16:00:00+00:00
[2024-04-20T16:56:33.281+0000] {processor.py:183} INFO - Processing /home/airflow/.local/lib/python3.8/site-packages/airflow/example_dags/example_latest_only.py took 0.223 seconds
[2024-04-20T16:57:03.501+0000] {processor.py:161} INFO - Started process (PID=6289) to work on /home/airflow/.local/lib/python3.8/site-packages/airflow/example_dags/example_latest_only.py
[2024-04-20T16:57:03.502+0000] {processor.py:830} INFO - Processing file /home/airflow/.local/lib/python3.8/site-packages/airflow/example_dags/example_latest_only.py for tasks to queue
[2024-04-20T16:57:03.503+0000] {logging_mixin.py:188} INFO - [2024-04-20T16:57:03.503+0000] {dagbag.py:540} INFO - Filling up the DagBag from /home/airflow/.local/lib/python3.8/site-packages/airflow/example_dags/example_latest_only.py
[2024-04-20T16:57:03.507+0000] {processor.py:840} INFO - DAG(s) 'latest_only' retrieved from /home/airflow/.local/lib/python3.8/site-packages/airflow/example_dags/example_latest_only.py
[2024-04-20T16:57:03.524+0000] {logging_mixin.py:188} INFO - [2024-04-20T16:57:03.523+0000] {dag.py:3047} INFO - Sync 1 DAGs
[2024-04-20T16:57:03.540+0000] {logging_mixin.py:188} INFO - [2024-04-20T16:57:03.540+0000] {dag.py:3834} INFO - Setting next_dagrun for latest_only to 2024-04-20 12:00:00+00:00, run_after=2024-04-20 16:00:00+00:00
[2024-04-20T16:57:03.691+0000] {processor.py:183} INFO - Processing /home/airflow/.local/lib/python3.8/site-packages/airflow/example_dags/example_latest_only.py took 0.192 seconds
[2024-04-20T16:57:34.027+0000] {processor.py:161} INFO - Started process (PID=6547) to work on /home/airflow/.local/lib/python3.8/site-packages/airflow/example_dags/example_latest_only.py
[2024-04-20T16:57:34.028+0000] {processor.py:830} INFO - Processing file /home/airflow/.local/lib/python3.8/site-packages/airflow/example_dags/example_latest_only.py for tasks to queue
[2024-04-20T16:57:34.029+0000] {logging_mixin.py:188} INFO - [2024-04-20T16:57:34.029+0000] {dagbag.py:540} INFO - Filling up the DagBag from /home/airflow/.local/lib/python3.8/site-packages/airflow/example_dags/example_latest_only.py
[2024-04-20T16:57:34.033+0000] {processor.py:840} INFO - DAG(s) 'latest_only' retrieved from /home/airflow/.local/lib/python3.8/site-packages/airflow/example_dags/example_latest_only.py
[2024-04-20T16:57:34.050+0000] {logging_mixin.py:188} INFO - [2024-04-20T16:57:34.050+0000] {dag.py:3047} INFO - Sync 1 DAGs
[2024-04-20T16:57:34.066+0000] {logging_mixin.py:188} INFO - [2024-04-20T16:57:34.066+0000] {dag.py:3834} INFO - Setting next_dagrun for latest_only to 2024-04-20 12:00:00+00:00, run_after=2024-04-20 16:00:00+00:00
[2024-04-20T16:57:34.218+0000] {processor.py:183} INFO - Processing /home/airflow/.local/lib/python3.8/site-packages/airflow/example_dags/example_latest_only.py took 0.193 seconds
[2024-04-20T16:58:04.355+0000] {processor.py:161} INFO - Started process (PID=6804) to work on /home/airflow/.local/lib/python3.8/site-packages/airflow/example_dags/example_latest_only.py
[2024-04-20T16:58:04.356+0000] {processor.py:830} INFO - Processing file /home/airflow/.local/lib/python3.8/site-packages/airflow/example_dags/example_latest_only.py for tasks to queue
[2024-04-20T16:58:04.357+0000] {logging_mixin.py:188} INFO - [2024-04-20T16:58:04.356+0000] {dagbag.py:540} INFO - Filling up the DagBag from /home/airflow/.local/lib/python3.8/site-packages/airflow/example_dags/example_latest_only.py
[2024-04-20T16:58:04.360+0000] {processor.py:840} INFO - DAG(s) 'latest_only' retrieved from /home/airflow/.local/lib/python3.8/site-packages/airflow/example_dags/example_latest_only.py
[2024-04-20T16:58:04.378+0000] {logging_mixin.py:188} INFO - [2024-04-20T16:58:04.378+0000] {dag.py:3047} INFO - Sync 1 DAGs
[2024-04-20T16:58:04.396+0000] {logging_mixin.py:188} INFO - [2024-04-20T16:58:04.396+0000] {dag.py:3834} INFO - Setting next_dagrun for latest_only to 2024-04-20 12:00:00+00:00, run_after=2024-04-20 16:00:00+00:00
[2024-04-20T16:58:04.544+0000] {processor.py:183} INFO - Processing /home/airflow/.local/lib/python3.8/site-packages/airflow/example_dags/example_latest_only.py took 0.192 seconds
[2024-04-20T16:58:34.855+0000] {processor.py:161} INFO - Started process (PID=7063) to work on /home/airflow/.local/lib/python3.8/site-packages/airflow/example_dags/example_latest_only.py
[2024-04-20T16:58:34.856+0000] {processor.py:830} INFO - Processing file /home/airflow/.local/lib/python3.8/site-packages/airflow/example_dags/example_latest_only.py for tasks to queue
[2024-04-20T16:58:34.857+0000] {logging_mixin.py:188} INFO - [2024-04-20T16:58:34.857+0000] {dagbag.py:540} INFO - Filling up the DagBag from /home/airflow/.local/lib/python3.8/site-packages/airflow/example_dags/example_latest_only.py
[2024-04-20T16:58:34.861+0000] {processor.py:840} INFO - DAG(s) 'latest_only' retrieved from /home/airflow/.local/lib/python3.8/site-packages/airflow/example_dags/example_latest_only.py
[2024-04-20T16:58:34.879+0000] {logging_mixin.py:188} INFO - [2024-04-20T16:58:34.878+0000] {dag.py:3047} INFO - Sync 1 DAGs
[2024-04-20T16:58:34.896+0000] {logging_mixin.py:188} INFO - [2024-04-20T16:58:34.895+0000] {dag.py:3834} INFO - Setting next_dagrun for latest_only to 2024-04-20 12:00:00+00:00, run_after=2024-04-20 16:00:00+00:00
[2024-04-20T16:58:35.047+0000] {processor.py:183} INFO - Processing /home/airflow/.local/lib/python3.8/site-packages/airflow/example_dags/example_latest_only.py took 0.194 seconds
[2024-04-20T16:59:05.296+0000] {processor.py:161} INFO - Started process (PID=7320) to work on /home/airflow/.local/lib/python3.8/site-packages/airflow/example_dags/example_latest_only.py
[2024-04-20T16:59:05.297+0000] {processor.py:830} INFO - Processing file /home/airflow/.local/lib/python3.8/site-packages/airflow/example_dags/example_latest_only.py for tasks to queue
[2024-04-20T16:59:05.297+0000] {logging_mixin.py:188} INFO - [2024-04-20T16:59:05.297+0000] {dagbag.py:540} INFO - Filling up the DagBag from /home/airflow/.local/lib/python3.8/site-packages/airflow/example_dags/example_latest_only.py
[2024-04-20T16:59:05.301+0000] {processor.py:840} INFO - DAG(s) 'latest_only' retrieved from /home/airflow/.local/lib/python3.8/site-packages/airflow/example_dags/example_latest_only.py
[2024-04-20T16:59:05.317+0000] {logging_mixin.py:188} INFO - [2024-04-20T16:59:05.317+0000] {dag.py:3047} INFO - Sync 1 DAGs
[2024-04-20T16:59:05.334+0000] {logging_mixin.py:188} INFO - [2024-04-20T16:59:05.334+0000] {dag.py:3834} INFO - Setting next_dagrun for latest_only to 2024-04-20 12:00:00+00:00, run_after=2024-04-20 16:00:00+00:00
[2024-04-20T16:59:05.486+0000] {processor.py:183} INFO - Processing /home/airflow/.local/lib/python3.8/site-packages/airflow/example_dags/example_latest_only.py took 0.192 seconds
[2024-04-20T16:59:35.856+0000] {processor.py:161} INFO - Started process (PID=7577) to work on /home/airflow/.local/lib/python3.8/site-packages/airflow/example_dags/example_latest_only.py
[2024-04-20T16:59:35.857+0000] {processor.py:830} INFO - Processing file /home/airflow/.local/lib/python3.8/site-packages/airflow/example_dags/example_latest_only.py for tasks to queue
[2024-04-20T16:59:35.857+0000] {logging_mixin.py:188} INFO - [2024-04-20T16:59:35.857+0000] {dagbag.py:540} INFO - Filling up the DagBag from /home/airflow/.local/lib/python3.8/site-packages/airflow/example_dags/example_latest_only.py
[2024-04-20T16:59:35.861+0000] {processor.py:840} INFO - DAG(s) 'latest_only' retrieved from /home/airflow/.local/lib/python3.8/site-packages/airflow/example_dags/example_latest_only.py
[2024-04-20T16:59:35.878+0000] {logging_mixin.py:188} INFO - [2024-04-20T16:59:35.878+0000] {dag.py:3047} INFO - Sync 1 DAGs
[2024-04-20T16:59:35.895+0000] {logging_mixin.py:188} INFO - [2024-04-20T16:59:35.895+0000] {dag.py:3834} INFO - Setting next_dagrun for latest_only to 2024-04-20 12:00:00+00:00, run_after=2024-04-20 16:00:00+00:00
[2024-04-20T16:59:36.045+0000] {processor.py:183} INFO - Processing /home/airflow/.local/lib/python3.8/site-packages/airflow/example_dags/example_latest_only.py took 0.192 seconds
[2024-04-20T17:00:06.826+0000] {processor.py:161} INFO - Started process (PID=7834) to work on /home/airflow/.local/lib/python3.8/site-packages/airflow/example_dags/example_latest_only.py
[2024-04-20T17:00:06.826+0000] {processor.py:830} INFO - Processing file /home/airflow/.local/lib/python3.8/site-packages/airflow/example_dags/example_latest_only.py for tasks to queue
[2024-04-20T17:00:06.827+0000] {logging_mixin.py:188} INFO - [2024-04-20T17:00:06.827+0000] {dagbag.py:540} INFO - Filling up the DagBag from /home/airflow/.local/lib/python3.8/site-packages/airflow/example_dags/example_latest_only.py
[2024-04-20T17:00:06.831+0000] {processor.py:840} INFO - DAG(s) 'latest_only' retrieved from /home/airflow/.local/lib/python3.8/site-packages/airflow/example_dags/example_latest_only.py
[2024-04-20T17:00:06.847+0000] {logging_mixin.py:188} INFO - [2024-04-20T17:00:06.847+0000] {dag.py:3047} INFO - Sync 1 DAGs
[2024-04-20T17:00:06.864+0000] {logging_mixin.py:188} INFO - [2024-04-20T17:00:06.864+0000] {dag.py:3834} INFO - Setting next_dagrun for latest_only to 2024-04-20 12:00:00+00:00, run_after=2024-04-20 16:00:00+00:00
[2024-04-20T17:00:07.015+0000] {processor.py:183} INFO - Processing /home/airflow/.local/lib/python3.8/site-packages/airflow/example_dags/example_latest_only.py took 0.192 seconds
[2024-04-20T17:00:37.218+0000] {processor.py:161} INFO - Started process (PID=8091) to work on /home/airflow/.local/lib/python3.8/site-packages/airflow/example_dags/example_latest_only.py
[2024-04-20T17:00:37.218+0000] {processor.py:830} INFO - Processing file /home/airflow/.local/lib/python3.8/site-packages/airflow/example_dags/example_latest_only.py for tasks to queue
[2024-04-20T17:00:37.219+0000] {logging_mixin.py:188} INFO - [2024-04-20T17:00:37.219+0000] {dagbag.py:540} INFO - Filling up the DagBag from /home/airflow/.local/lib/python3.8/site-packages/airflow/example_dags/example_latest_only.py
[2024-04-20T17:00:37.223+0000] {processor.py:840} INFO - DAG(s) 'latest_only' retrieved from /home/airflow/.local/lib/python3.8/site-packages/airflow/example_dags/example_latest_only.py
[2024-04-20T17:00:37.240+0000] {logging_mixin.py:188} INFO - [2024-04-20T17:00:37.240+0000] {dag.py:3047} INFO - Sync 1 DAGs
[2024-04-20T17:00:37.257+0000] {logging_mixin.py:188} INFO - [2024-04-20T17:00:37.256+0000] {dag.py:3834} INFO - Setting next_dagrun for latest_only to 2024-04-20 12:00:00+00:00, run_after=2024-04-20 16:00:00+00:00
[2024-04-20T17:00:37.407+0000] {processor.py:183} INFO - Processing /home/airflow/.local/lib/python3.8/site-packages/airflow/example_dags/example_latest_only.py took 0.192 seconds
[2024-04-20T17:01:07.742+0000] {processor.py:161} INFO - Started process (PID=8349) to work on /home/airflow/.local/lib/python3.8/site-packages/airflow/example_dags/example_latest_only.py
[2024-04-20T17:01:07.742+0000] {processor.py:830} INFO - Processing file /home/airflow/.local/lib/python3.8/site-packages/airflow/example_dags/example_latest_only.py for tasks to queue
[2024-04-20T17:01:07.743+0000] {logging_mixin.py:188} INFO - [2024-04-20T17:01:07.743+0000] {dagbag.py:540} INFO - Filling up the DagBag from /home/airflow/.local/lib/python3.8/site-packages/airflow/example_dags/example_latest_only.py
[2024-04-20T17:01:07.747+0000] {processor.py:840} INFO - DAG(s) 'latest_only' retrieved from /home/airflow/.local/lib/python3.8/site-packages/airflow/example_dags/example_latest_only.py
[2024-04-20T17:01:07.764+0000] {logging_mixin.py:188} INFO - [2024-04-20T17:01:07.764+0000] {dag.py:3047} INFO - Sync 1 DAGs
[2024-04-20T17:01:07.781+0000] {logging_mixin.py:188} INFO - [2024-04-20T17:01:07.780+0000] {dag.py:3834} INFO - Setting next_dagrun for latest_only to 2024-04-20 12:00:00+00:00, run_after=2024-04-20 16:00:00+00:00
[2024-04-20T17:01:07.931+0000] {processor.py:183} INFO - Processing /home/airflow/.local/lib/python3.8/site-packages/airflow/example_dags/example_latest_only.py took 0.192 seconds
[2024-04-20T17:01:38.189+0000] {processor.py:161} INFO - Started process (PID=8607) to work on /home/airflow/.local/lib/python3.8/site-packages/airflow/example_dags/example_latest_only.py
[2024-04-20T17:01:38.189+0000] {processor.py:830} INFO - Processing file /home/airflow/.local/lib/python3.8/site-packages/airflow/example_dags/example_latest_only.py for tasks to queue
[2024-04-20T17:01:38.190+0000] {logging_mixin.py:188} INFO - [2024-04-20T17:01:38.190+0000] {dagbag.py:540} INFO - Filling up the DagBag from /home/airflow/.local/lib/python3.8/site-packages/airflow/example_dags/example_latest_only.py
[2024-04-20T17:01:38.196+0000] {processor.py:840} INFO - DAG(s) 'latest_only' retrieved from /home/airflow/.local/lib/python3.8/site-packages/airflow/example_dags/example_latest_only.py
[2024-04-20T17:01:38.219+0000] {logging_mixin.py:188} INFO - [2024-04-20T17:01:38.219+0000] {dag.py:3047} INFO - Sync 1 DAGs
[2024-04-20T17:01:38.244+0000] {logging_mixin.py:188} INFO - [2024-04-20T17:01:38.244+0000] {dag.py:3834} INFO - Setting next_dagrun for latest_only to 2024-04-20 12:00:00+00:00, run_after=2024-04-20 16:00:00+00:00
[2024-04-20T17:01:38.370+0000] {processor.py:183} INFO - Processing /home/airflow/.local/lib/python3.8/site-packages/airflow/example_dags/example_latest_only.py took 0.185 seconds
[2024-04-20T17:02:08.938+0000] {processor.py:161} INFO - Started process (PID=8864) to work on /home/airflow/.local/lib/python3.8/site-packages/airflow/example_dags/example_latest_only.py
[2024-04-20T17:02:08.939+0000] {processor.py:830} INFO - Processing file /home/airflow/.local/lib/python3.8/site-packages/airflow/example_dags/example_latest_only.py for tasks to queue
[2024-04-20T17:02:08.940+0000] {logging_mixin.py:188} INFO - [2024-04-20T17:02:08.939+0000] {dagbag.py:540} INFO - Filling up the DagBag from /home/airflow/.local/lib/python3.8/site-packages/airflow/example_dags/example_latest_only.py
[2024-04-20T17:02:08.944+0000] {processor.py:840} INFO - DAG(s) 'latest_only' retrieved from /home/airflow/.local/lib/python3.8/site-packages/airflow/example_dags/example_latest_only.py
[2024-04-20T17:02:08.960+0000] {logging_mixin.py:188} INFO - [2024-04-20T17:02:08.960+0000] {dag.py:3047} INFO - Sync 1 DAGs
[2024-04-20T17:02:08.978+0000] {logging_mixin.py:188} INFO - [2024-04-20T17:02:08.978+0000] {dag.py:3834} INFO - Setting next_dagrun for latest_only to 2024-04-20 12:00:00+00:00, run_after=2024-04-20 16:00:00+00:00
[2024-04-20T17:02:09.129+0000] {processor.py:183} INFO - Processing /home/airflow/.local/lib/python3.8/site-packages/airflow/example_dags/example_latest_only.py took 0.193 seconds
[2024-04-20T17:02:39.648+0000] {processor.py:161} INFO - Started process (PID=9124) to work on /home/airflow/.local/lib/python3.8/site-packages/airflow/example_dags/example_latest_only.py
[2024-04-20T17:02:39.650+0000] {processor.py:830} INFO - Processing file /home/airflow/.local/lib/python3.8/site-packages/airflow/example_dags/example_latest_only.py for tasks to queue
[2024-04-20T17:02:39.651+0000] {logging_mixin.py:188} INFO - [2024-04-20T17:02:39.650+0000] {dagbag.py:540} INFO - Filling up the DagBag from /home/airflow/.local/lib/python3.8/site-packages/airflow/example_dags/example_latest_only.py
[2024-04-20T17:02:39.657+0000] {processor.py:840} INFO - DAG(s) 'latest_only' retrieved from /home/airflow/.local/lib/python3.8/site-packages/airflow/example_dags/example_latest_only.py
[2024-04-20T17:02:39.674+0000] {logging_mixin.py:188} INFO - [2024-04-20T17:02:39.673+0000] {dag.py:3047} INFO - Sync 1 DAGs
[2024-04-20T17:02:39.690+0000] {logging_mixin.py:188} INFO - [2024-04-20T17:02:39.690+0000] {dag.py:3834} INFO - Setting next_dagrun for latest_only to 2024-04-20 12:00:00+00:00, run_after=2024-04-20 16:00:00+00:00
[2024-04-20T17:02:40.104+0000] {processor.py:183} INFO - Processing /home/airflow/.local/lib/python3.8/site-packages/airflow/example_dags/example_latest_only.py took 0.459 seconds
[2024-04-20T17:03:10.139+0000] {processor.py:161} INFO - Started process (PID=9382) to work on /home/airflow/.local/lib/python3.8/site-packages/airflow/example_dags/example_latest_only.py
[2024-04-20T17:03:10.140+0000] {processor.py:830} INFO - Processing file /home/airflow/.local/lib/python3.8/site-packages/airflow/example_dags/example_latest_only.py for tasks to queue
[2024-04-20T17:03:10.141+0000] {logging_mixin.py:188} INFO - [2024-04-20T17:03:10.140+0000] {dagbag.py:540} INFO - Filling up the DagBag from /home/airflow/.local/lib/python3.8/site-packages/airflow/example_dags/example_latest_only.py
[2024-04-20T17:03:10.145+0000] {processor.py:840} INFO - DAG(s) 'latest_only' retrieved from /home/airflow/.local/lib/python3.8/site-packages/airflow/example_dags/example_latest_only.py
[2024-04-20T17:03:10.161+0000] {logging_mixin.py:188} INFO - [2024-04-20T17:03:10.161+0000] {dag.py:3047} INFO - Sync 1 DAGs
[2024-04-20T17:03:10.178+0000] {logging_mixin.py:188} INFO - [2024-04-20T17:03:10.178+0000] {dag.py:3834} INFO - Setting next_dagrun for latest_only to 2024-04-20 12:00:00+00:00, run_after=2024-04-20 16:00:00+00:00
[2024-04-20T17:03:10.299+0000] {processor.py:183} INFO - Processing /home/airflow/.local/lib/python3.8/site-packages/airflow/example_dags/example_latest_only.py took 0.162 seconds
[2024-04-20T17:03:41.263+0000] {processor.py:161} INFO - Started process (PID=9637) to work on /home/airflow/.local/lib/python3.8/site-packages/airflow/example_dags/example_latest_only.py
[2024-04-20T17:03:41.264+0000] {processor.py:830} INFO - Processing file /home/airflow/.local/lib/python3.8/site-packages/airflow/example_dags/example_latest_only.py for tasks to queue
[2024-04-20T17:03:41.265+0000] {logging_mixin.py:188} INFO - [2024-04-20T17:03:41.264+0000] {dagbag.py:540} INFO - Filling up the DagBag from /home/airflow/.local/lib/python3.8/site-packages/airflow/example_dags/example_latest_only.py
[2024-04-20T17:03:41.268+0000] {processor.py:840} INFO - DAG(s) 'latest_only' retrieved from /home/airflow/.local/lib/python3.8/site-packages/airflow/example_dags/example_latest_only.py
[2024-04-20T17:03:41.285+0000] {logging_mixin.py:188} INFO - [2024-04-20T17:03:41.284+0000] {dag.py:3047} INFO - Sync 1 DAGs
[2024-04-20T17:03:41.301+0000] {logging_mixin.py:188} INFO - [2024-04-20T17:03:41.301+0000] {dag.py:3834} INFO - Setting next_dagrun for latest_only to 2024-04-20 12:00:00+00:00, run_after=2024-04-20 16:00:00+00:00
[2024-04-20T17:03:41.450+0000] {processor.py:183} INFO - Processing /home/airflow/.local/lib/python3.8/site-packages/airflow/example_dags/example_latest_only.py took 0.190 seconds
[2024-04-20T17:04:11.658+0000] {processor.py:161} INFO - Started process (PID=9896) to work on /home/airflow/.local/lib/python3.8/site-packages/airflow/example_dags/example_latest_only.py
[2024-04-20T17:04:11.659+0000] {processor.py:830} INFO - Processing file /home/airflow/.local/lib/python3.8/site-packages/airflow/example_dags/example_latest_only.py for tasks to queue
[2024-04-20T17:04:11.659+0000] {logging_mixin.py:188} INFO - [2024-04-20T17:04:11.659+0000] {dagbag.py:540} INFO - Filling up the DagBag from /home/airflow/.local/lib/python3.8/site-packages/airflow/example_dags/example_latest_only.py
[2024-04-20T17:04:11.663+0000] {processor.py:840} INFO - DAG(s) 'latest_only' retrieved from /home/airflow/.local/lib/python3.8/site-packages/airflow/example_dags/example_latest_only.py
[2024-04-20T17:04:11.679+0000] {logging_mixin.py:188} INFO - [2024-04-20T17:04:11.679+0000] {dag.py:3047} INFO - Sync 1 DAGs
[2024-04-20T17:04:11.696+0000] {logging_mixin.py:188} INFO - [2024-04-20T17:04:11.696+0000] {dag.py:3834} INFO - Setting next_dagrun for latest_only to 2024-04-20 12:00:00+00:00, run_after=2024-04-20 16:00:00+00:00
[2024-04-20T17:04:11.817+0000] {processor.py:183} INFO - Processing /home/airflow/.local/lib/python3.8/site-packages/airflow/example_dags/example_latest_only.py took 0.162 seconds
[2024-04-20T17:04:42.185+0000] {processor.py:161} INFO - Started process (PID=10151) to work on /home/airflow/.local/lib/python3.8/site-packages/airflow/example_dags/example_latest_only.py
[2024-04-20T17:04:42.186+0000] {processor.py:830} INFO - Processing file /home/airflow/.local/lib/python3.8/site-packages/airflow/example_dags/example_latest_only.py for tasks to queue
[2024-04-20T17:04:42.186+0000] {logging_mixin.py:188} INFO - [2024-04-20T17:04:42.186+0000] {dagbag.py:540} INFO - Filling up the DagBag from /home/airflow/.local/lib/python3.8/site-packages/airflow/example_dags/example_latest_only.py
[2024-04-20T17:04:42.191+0000] {processor.py:840} INFO - DAG(s) 'latest_only' retrieved from /home/airflow/.local/lib/python3.8/site-packages/airflow/example_dags/example_latest_only.py
[2024-04-20T17:04:42.208+0000] {logging_mixin.py:188} INFO - [2024-04-20T17:04:42.208+0000] {dag.py:3047} INFO - Sync 1 DAGs
[2024-04-20T17:04:42.225+0000] {logging_mixin.py:188} INFO - [2024-04-20T17:04:42.225+0000] {dag.py:3834} INFO - Setting next_dagrun for latest_only to 2024-04-20 12:00:00+00:00, run_after=2024-04-20 16:00:00+00:00
[2024-04-20T17:04:42.371+0000] {processor.py:183} INFO - Processing /home/airflow/.local/lib/python3.8/site-packages/airflow/example_dags/example_latest_only.py took 0.189 seconds
[2024-04-20T17:05:12.838+0000] {processor.py:161} INFO - Started process (PID=10408) to work on /home/airflow/.local/lib/python3.8/site-packages/airflow/example_dags/example_latest_only.py
[2024-04-20T17:05:12.839+0000] {processor.py:830} INFO - Processing file /home/airflow/.local/lib/python3.8/site-packages/airflow/example_dags/example_latest_only.py for tasks to queue
[2024-04-20T17:05:12.840+0000] {logging_mixin.py:188} INFO - [2024-04-20T17:05:12.840+0000] {dagbag.py:540} INFO - Filling up the DagBag from /home/airflow/.local/lib/python3.8/site-packages/airflow/example_dags/example_latest_only.py
[2024-04-20T17:05:12.844+0000] {processor.py:840} INFO - DAG(s) 'latest_only' retrieved from /home/airflow/.local/lib/python3.8/site-packages/airflow/example_dags/example_latest_only.py
[2024-04-20T17:05:12.860+0000] {logging_mixin.py:188} INFO - [2024-04-20T17:05:12.860+0000] {dag.py:3047} INFO - Sync 1 DAGs
[2024-04-20T17:05:12.877+0000] {logging_mixin.py:188} INFO - [2024-04-20T17:05:12.877+0000] {dag.py:3834} INFO - Setting next_dagrun for latest_only to 2024-04-20 12:00:00+00:00, run_after=2024-04-20 16:00:00+00:00
[2024-04-20T17:05:13.027+0000] {processor.py:183} INFO - Processing /home/airflow/.local/lib/python3.8/site-packages/airflow/example_dags/example_latest_only.py took 0.192 seconds
[2024-04-20T17:05:43.373+0000] {processor.py:161} INFO - Started process (PID=10665) to work on /home/airflow/.local/lib/python3.8/site-packages/airflow/example_dags/example_latest_only.py
[2024-04-20T17:05:43.374+0000] {processor.py:830} INFO - Processing file /home/airflow/.local/lib/python3.8/site-packages/airflow/example_dags/example_latest_only.py for tasks to queue
[2024-04-20T17:05:43.374+0000] {logging_mixin.py:188} INFO - [2024-04-20T17:05:43.374+0000] {dagbag.py:540} INFO - Filling up the DagBag from /home/airflow/.local/lib/python3.8/site-packages/airflow/example_dags/example_latest_only.py
[2024-04-20T17:05:43.378+0000] {processor.py:840} INFO - DAG(s) 'latest_only' retrieved from /home/airflow/.local/lib/python3.8/site-packages/airflow/example_dags/example_latest_only.py
[2024-04-20T17:05:43.395+0000] {logging_mixin.py:188} INFO - [2024-04-20T17:05:43.395+0000] {dag.py:3047} INFO - Sync 1 DAGs
[2024-04-20T17:05:43.411+0000] {logging_mixin.py:188} INFO - [2024-04-20T17:05:43.411+0000] {dag.py:3834} INFO - Setting next_dagrun for latest_only to 2024-04-20 12:00:00+00:00, run_after=2024-04-20 16:00:00+00:00
[2024-04-20T17:05:43.563+0000] {processor.py:183} INFO - Processing /home/airflow/.local/lib/python3.8/site-packages/airflow/example_dags/example_latest_only.py took 0.193 seconds
[2024-04-20T17:06:14.177+0000] {processor.py:161} INFO - Started process (PID=10922) to work on /home/airflow/.local/lib/python3.8/site-packages/airflow/example_dags/example_latest_only.py
[2024-04-20T17:06:14.178+0000] {processor.py:830} INFO - Processing file /home/airflow/.local/lib/python3.8/site-packages/airflow/example_dags/example_latest_only.py for tasks to queue
[2024-04-20T17:06:14.178+0000] {logging_mixin.py:188} INFO - [2024-04-20T17:06:14.178+0000] {dagbag.py:540} INFO - Filling up the DagBag from /home/airflow/.local/lib/python3.8/site-packages/airflow/example_dags/example_latest_only.py
[2024-04-20T17:06:14.182+0000] {processor.py:840} INFO - DAG(s) 'latest_only' retrieved from /home/airflow/.local/lib/python3.8/site-packages/airflow/example_dags/example_latest_only.py
[2024-04-20T17:06:14.198+0000] {logging_mixin.py:188} INFO - [2024-04-20T17:06:14.198+0000] {dag.py:3047} INFO - Sync 1 DAGs
[2024-04-20T17:06:14.214+0000] {logging_mixin.py:188} INFO - [2024-04-20T17:06:14.214+0000] {dag.py:3834} INFO - Setting next_dagrun for latest_only to 2024-04-20 12:00:00+00:00, run_after=2024-04-20 16:00:00+00:00
[2024-04-20T17:06:14.366+0000] {processor.py:183} INFO - Processing /home/airflow/.local/lib/python3.8/site-packages/airflow/example_dags/example_latest_only.py took 0.192 seconds
