[2024-04-20T16:45:07.882+0000] {processor.py:161} INFO - Started process (PID=255) to work on /home/airflow/.local/lib/python3.8/site-packages/airflow/example_dags/tutorial.py
[2024-04-20T16:45:07.883+0000] {processor.py:830} INFO - Processing file /home/airflow/.local/lib/python3.8/site-packages/airflow/example_dags/tutorial.py for tasks to queue
[2024-04-20T16:45:07.884+0000] {logging_mixin.py:188} INFO - [2024-04-20T16:45:07.884+0000] {dagbag.py:540} INFO - Filling up the DagBag from /home/airflow/.local/lib/python3.8/site-packages/airflow/example_dags/tutorial.py
[2024-04-20T16:45:07.891+0000] {processor.py:840} INFO - DAG(s) 'tutorial' retrieved from /home/airflow/.local/lib/python3.8/site-packages/airflow/example_dags/tutorial.py
[2024-04-20T16:45:07.918+0000] {logging_mixin.py:188} INFO - [2024-04-20T16:45:07.917+0000] {dag.py:3047} INFO - Sync 1 DAGs
[2024-04-20T16:45:07.944+0000] {logging_mixin.py:188} INFO - [2024-04-20T16:45:07.943+0000] {dag.py:3834} INFO - Setting next_dagrun for tutorial to 2024-04-19 00:00:00+00:00, run_after=2024-04-20 00:00:00+00:00
[2024-04-20T16:45:08.274+0000] {processor.py:183} INFO - Processing /home/airflow/.local/lib/python3.8/site-packages/airflow/example_dags/tutorial.py took 0.394 seconds
[2024-04-20T16:45:39.350+0000] {processor.py:161} INFO - Started process (PID=506) to work on /home/airflow/.local/lib/python3.8/site-packages/airflow/example_dags/tutorial.py
[2024-04-20T16:45:39.376+0000] {processor.py:830} INFO - Processing file /home/airflow/.local/lib/python3.8/site-packages/airflow/example_dags/tutorial.py for tasks to queue
[2024-04-20T16:45:39.378+0000] {logging_mixin.py:188} INFO - [2024-04-20T16:45:39.377+0000] {dagbag.py:540} INFO - Filling up the DagBag from /home/airflow/.local/lib/python3.8/site-packages/airflow/example_dags/tutorial.py
[2024-04-20T16:45:39.385+0000] {processor.py:840} INFO - DAG(s) 'tutorial' retrieved from /home/airflow/.local/lib/python3.8/site-packages/airflow/example_dags/tutorial.py
[2024-04-20T16:45:39.402+0000] {logging_mixin.py:188} INFO - [2024-04-20T16:45:39.401+0000] {dag.py:3047} INFO - Sync 1 DAGs
[2024-04-20T16:45:39.419+0000] {logging_mixin.py:188} INFO - [2024-04-20T16:45:39.419+0000] {dag.py:3834} INFO - Setting next_dagrun for tutorial to 2024-04-19 00:00:00+00:00, run_after=2024-04-20 00:00:00+00:00
[2024-04-20T16:45:39.750+0000] {processor.py:183} INFO - Processing /home/airflow/.local/lib/python3.8/site-packages/airflow/example_dags/tutorial.py took 0.402 seconds
[2024-04-20T16:46:09.956+0000] {processor.py:161} INFO - Started process (PID=758) to work on /home/airflow/.local/lib/python3.8/site-packages/airflow/example_dags/tutorial.py
[2024-04-20T16:46:09.958+0000] {processor.py:830} INFO - Processing file /home/airflow/.local/lib/python3.8/site-packages/airflow/example_dags/tutorial.py for tasks to queue
[2024-04-20T16:46:09.959+0000] {logging_mixin.py:188} INFO - [2024-04-20T16:46:09.958+0000] {dagbag.py:540} INFO - Filling up the DagBag from /home/airflow/.local/lib/python3.8/site-packages/airflow/example_dags/tutorial.py
[2024-04-20T16:46:09.966+0000] {processor.py:840} INFO - DAG(s) 'tutorial' retrieved from /home/airflow/.local/lib/python3.8/site-packages/airflow/example_dags/tutorial.py
[2024-04-20T16:46:09.987+0000] {logging_mixin.py:188} INFO - [2024-04-20T16:46:09.986+0000] {dag.py:3047} INFO - Sync 1 DAGs
[2024-04-20T16:46:10.004+0000] {logging_mixin.py:188} INFO - [2024-04-20T16:46:10.004+0000] {dag.py:3834} INFO - Setting next_dagrun for tutorial to 2024-04-19 00:00:00+00:00, run_after=2024-04-20 00:00:00+00:00
[2024-04-20T16:46:10.236+0000] {processor.py:183} INFO - Processing /home/airflow/.local/lib/python3.8/site-packages/airflow/example_dags/tutorial.py took 0.284 seconds
[2024-04-20T16:46:41.383+0000] {processor.py:161} INFO - Started process (PID=1020) to work on /home/airflow/.local/lib/python3.8/site-packages/airflow/example_dags/tutorial.py
[2024-04-20T16:46:41.384+0000] {processor.py:830} INFO - Processing file /home/airflow/.local/lib/python3.8/site-packages/airflow/example_dags/tutorial.py for tasks to queue
[2024-04-20T16:46:41.385+0000] {logging_mixin.py:188} INFO - [2024-04-20T16:46:41.384+0000] {dagbag.py:540} INFO - Filling up the DagBag from /home/airflow/.local/lib/python3.8/site-packages/airflow/example_dags/tutorial.py
[2024-04-20T16:46:41.392+0000] {processor.py:840} INFO - DAG(s) 'tutorial' retrieved from /home/airflow/.local/lib/python3.8/site-packages/airflow/example_dags/tutorial.py
[2024-04-20T16:46:41.423+0000] {logging_mixin.py:188} INFO - [2024-04-20T16:46:41.422+0000] {dag.py:3047} INFO - Sync 1 DAGs
[2024-04-20T16:46:41.448+0000] {logging_mixin.py:188} INFO - [2024-04-20T16:46:41.447+0000] {dag.py:3834} INFO - Setting next_dagrun for tutorial to 2024-04-19 00:00:00+00:00, run_after=2024-04-20 00:00:00+00:00
[2024-04-20T16:46:41.768+0000] {processor.py:183} INFO - Processing /home/airflow/.local/lib/python3.8/site-packages/airflow/example_dags/tutorial.py took 0.388 seconds
[2024-04-20T16:47:12.714+0000] {processor.py:161} INFO - Started process (PID=1277) to work on /home/airflow/.local/lib/python3.8/site-packages/airflow/example_dags/tutorial.py
[2024-04-20T16:47:12.715+0000] {processor.py:830} INFO - Processing file /home/airflow/.local/lib/python3.8/site-packages/airflow/example_dags/tutorial.py for tasks to queue
[2024-04-20T16:47:12.717+0000] {logging_mixin.py:188} INFO - [2024-04-20T16:47:12.716+0000] {dagbag.py:540} INFO - Filling up the DagBag from /home/airflow/.local/lib/python3.8/site-packages/airflow/example_dags/tutorial.py
[2024-04-20T16:47:12.724+0000] {processor.py:840} INFO - DAG(s) 'tutorial' retrieved from /home/airflow/.local/lib/python3.8/site-packages/airflow/example_dags/tutorial.py
[2024-04-20T16:47:12.748+0000] {logging_mixin.py:188} INFO - [2024-04-20T16:47:12.748+0000] {dag.py:3047} INFO - Sync 1 DAGs
[2024-04-20T16:47:12.774+0000] {logging_mixin.py:188} INFO - [2024-04-20T16:47:12.774+0000] {dag.py:3834} INFO - Setting next_dagrun for tutorial to 2024-04-19 00:00:00+00:00, run_after=2024-04-20 00:00:00+00:00
[2024-04-20T16:47:12.919+0000] {processor.py:183} INFO - Processing /home/airflow/.local/lib/python3.8/site-packages/airflow/example_dags/tutorial.py took 0.209 seconds
[2024-04-20T16:47:43.706+0000] {processor.py:161} INFO - Started process (PID=1534) to work on /home/airflow/.local/lib/python3.8/site-packages/airflow/example_dags/tutorial.py
[2024-04-20T16:47:43.707+0000] {processor.py:830} INFO - Processing file /home/airflow/.local/lib/python3.8/site-packages/airflow/example_dags/tutorial.py for tasks to queue
[2024-04-20T16:47:43.708+0000] {logging_mixin.py:188} INFO - [2024-04-20T16:47:43.708+0000] {dagbag.py:540} INFO - Filling up the DagBag from /home/airflow/.local/lib/python3.8/site-packages/airflow/example_dags/tutorial.py
[2024-04-20T16:47:43.713+0000] {processor.py:840} INFO - DAG(s) 'tutorial' retrieved from /home/airflow/.local/lib/python3.8/site-packages/airflow/example_dags/tutorial.py
[2024-04-20T16:47:43.729+0000] {logging_mixin.py:188} INFO - [2024-04-20T16:47:43.729+0000] {dag.py:3047} INFO - Sync 1 DAGs
[2024-04-20T16:47:43.746+0000] {logging_mixin.py:188} INFO - [2024-04-20T16:47:43.746+0000] {dag.py:3834} INFO - Setting next_dagrun for tutorial to 2024-04-19 00:00:00+00:00, run_after=2024-04-20 00:00:00+00:00
[2024-04-20T16:47:43.898+0000] {processor.py:183} INFO - Processing /home/airflow/.local/lib/python3.8/site-packages/airflow/example_dags/tutorial.py took 0.194 seconds
[2024-04-20T16:48:14.343+0000] {processor.py:161} INFO - Started process (PID=1791) to work on /home/airflow/.local/lib/python3.8/site-packages/airflow/example_dags/tutorial.py
[2024-04-20T16:48:14.344+0000] {processor.py:830} INFO - Processing file /home/airflow/.local/lib/python3.8/site-packages/airflow/example_dags/tutorial.py for tasks to queue
[2024-04-20T16:48:14.345+0000] {logging_mixin.py:188} INFO - [2024-04-20T16:48:14.345+0000] {dagbag.py:540} INFO - Filling up the DagBag from /home/airflow/.local/lib/python3.8/site-packages/airflow/example_dags/tutorial.py
[2024-04-20T16:48:14.350+0000] {processor.py:840} INFO - DAG(s) 'tutorial' retrieved from /home/airflow/.local/lib/python3.8/site-packages/airflow/example_dags/tutorial.py
[2024-04-20T16:48:14.366+0000] {logging_mixin.py:188} INFO - [2024-04-20T16:48:14.366+0000] {dag.py:3047} INFO - Sync 1 DAGs
[2024-04-20T16:48:14.383+0000] {logging_mixin.py:188} INFO - [2024-04-20T16:48:14.383+0000] {dag.py:3834} INFO - Setting next_dagrun for tutorial to 2024-04-19 00:00:00+00:00, run_after=2024-04-20 00:00:00+00:00
[2024-04-20T16:48:14.584+0000] {processor.py:183} INFO - Processing /home/airflow/.local/lib/python3.8/site-packages/airflow/example_dags/tutorial.py took 0.243 seconds
[2024-04-20T16:48:44.885+0000] {processor.py:161} INFO - Started process (PID=2048) to work on /home/airflow/.local/lib/python3.8/site-packages/airflow/example_dags/tutorial.py
[2024-04-20T16:48:44.886+0000] {processor.py:830} INFO - Processing file /home/airflow/.local/lib/python3.8/site-packages/airflow/example_dags/tutorial.py for tasks to queue
[2024-04-20T16:48:44.886+0000] {logging_mixin.py:188} INFO - [2024-04-20T16:48:44.886+0000] {dagbag.py:540} INFO - Filling up the DagBag from /home/airflow/.local/lib/python3.8/site-packages/airflow/example_dags/tutorial.py
[2024-04-20T16:48:44.891+0000] {processor.py:840} INFO - DAG(s) 'tutorial' retrieved from /home/airflow/.local/lib/python3.8/site-packages/airflow/example_dags/tutorial.py
[2024-04-20T16:48:44.907+0000] {logging_mixin.py:188} INFO - [2024-04-20T16:48:44.907+0000] {dag.py:3047} INFO - Sync 1 DAGs
[2024-04-20T16:48:44.925+0000] {logging_mixin.py:188} INFO - [2024-04-20T16:48:44.925+0000] {dag.py:3834} INFO - Setting next_dagrun for tutorial to 2024-04-19 00:00:00+00:00, run_after=2024-04-20 00:00:00+00:00
[2024-04-20T16:48:45.078+0000] {processor.py:183} INFO - Processing /home/airflow/.local/lib/python3.8/site-packages/airflow/example_dags/tutorial.py took 0.195 seconds
[2024-04-20T16:49:15.669+0000] {processor.py:161} INFO - Started process (PID=2305) to work on /home/airflow/.local/lib/python3.8/site-packages/airflow/example_dags/tutorial.py
[2024-04-20T16:49:15.670+0000] {processor.py:830} INFO - Processing file /home/airflow/.local/lib/python3.8/site-packages/airflow/example_dags/tutorial.py for tasks to queue
[2024-04-20T16:49:15.670+0000] {logging_mixin.py:188} INFO - [2024-04-20T16:49:15.670+0000] {dagbag.py:540} INFO - Filling up the DagBag from /home/airflow/.local/lib/python3.8/site-packages/airflow/example_dags/tutorial.py
[2024-04-20T16:49:15.677+0000] {processor.py:840} INFO - DAG(s) 'tutorial' retrieved from /home/airflow/.local/lib/python3.8/site-packages/airflow/example_dags/tutorial.py
[2024-04-20T16:49:15.700+0000] {logging_mixin.py:188} INFO - [2024-04-20T16:49:15.700+0000] {dag.py:3047} INFO - Sync 1 DAGs
[2024-04-20T16:49:15.721+0000] {logging_mixin.py:188} INFO - [2024-04-20T16:49:15.720+0000] {dag.py:3834} INFO - Setting next_dagrun for tutorial to 2024-04-19 00:00:00+00:00, run_after=2024-04-20 00:00:00+00:00
[2024-04-20T16:49:16.072+0000] {processor.py:183} INFO - Processing /home/airflow/.local/lib/python3.8/site-packages/airflow/example_dags/tutorial.py took 0.406 seconds
[2024-04-20T16:49:46.431+0000] {processor.py:161} INFO - Started process (PID=2563) to work on /home/airflow/.local/lib/python3.8/site-packages/airflow/example_dags/tutorial.py
[2024-04-20T16:49:46.432+0000] {processor.py:830} INFO - Processing file /home/airflow/.local/lib/python3.8/site-packages/airflow/example_dags/tutorial.py for tasks to queue
[2024-04-20T16:49:46.433+0000] {logging_mixin.py:188} INFO - [2024-04-20T16:49:46.433+0000] {dagbag.py:540} INFO - Filling up the DagBag from /home/airflow/.local/lib/python3.8/site-packages/airflow/example_dags/tutorial.py
[2024-04-20T16:49:46.438+0000] {processor.py:840} INFO - DAG(s) 'tutorial' retrieved from /home/airflow/.local/lib/python3.8/site-packages/airflow/example_dags/tutorial.py
[2024-04-20T16:49:46.455+0000] {logging_mixin.py:188} INFO - [2024-04-20T16:49:46.455+0000] {dag.py:3047} INFO - Sync 1 DAGs
[2024-04-20T16:49:46.472+0000] {logging_mixin.py:188} INFO - [2024-04-20T16:49:46.472+0000] {dag.py:3834} INFO - Setting next_dagrun for tutorial to 2024-04-19 00:00:00+00:00, run_after=2024-04-20 00:00:00+00:00
[2024-04-20T16:49:46.618+0000] {processor.py:183} INFO - Processing /home/airflow/.local/lib/python3.8/site-packages/airflow/example_dags/tutorial.py took 0.190 seconds
[2024-04-20T16:50:17.382+0000] {processor.py:161} INFO - Started process (PID=2820) to work on /home/airflow/.local/lib/python3.8/site-packages/airflow/example_dags/tutorial.py
[2024-04-20T16:50:17.382+0000] {processor.py:830} INFO - Processing file /home/airflow/.local/lib/python3.8/site-packages/airflow/example_dags/tutorial.py for tasks to queue
[2024-04-20T16:50:17.383+0000] {logging_mixin.py:188} INFO - [2024-04-20T16:50:17.383+0000] {dagbag.py:540} INFO - Filling up the DagBag from /home/airflow/.local/lib/python3.8/site-packages/airflow/example_dags/tutorial.py
[2024-04-20T16:50:17.388+0000] {processor.py:840} INFO - DAG(s) 'tutorial' retrieved from /home/airflow/.local/lib/python3.8/site-packages/airflow/example_dags/tutorial.py
[2024-04-20T16:50:17.407+0000] {logging_mixin.py:188} INFO - [2024-04-20T16:50:17.407+0000] {dag.py:3047} INFO - Sync 1 DAGs
[2024-04-20T16:50:17.484+0000] {logging_mixin.py:188} INFO - [2024-04-20T16:50:17.484+0000] {dag.py:3834} INFO - Setting next_dagrun for tutorial to 2024-04-19 00:00:00+00:00, run_after=2024-04-20 00:00:00+00:00
[2024-04-20T16:50:17.780+0000] {processor.py:183} INFO - Processing /home/airflow/.local/lib/python3.8/site-packages/airflow/example_dags/tutorial.py took 0.401 seconds
[2024-04-20T16:50:48.032+0000] {processor.py:161} INFO - Started process (PID=3080) to work on /home/airflow/.local/lib/python3.8/site-packages/airflow/example_dags/tutorial.py
[2024-04-20T16:50:48.034+0000] {processor.py:830} INFO - Processing file /home/airflow/.local/lib/python3.8/site-packages/airflow/example_dags/tutorial.py for tasks to queue
[2024-04-20T16:50:48.035+0000] {logging_mixin.py:188} INFO - [2024-04-20T16:50:48.034+0000] {dagbag.py:540} INFO - Filling up the DagBag from /home/airflow/.local/lib/python3.8/site-packages/airflow/example_dags/tutorial.py
[2024-04-20T16:50:48.042+0000] {processor.py:840} INFO - DAG(s) 'tutorial' retrieved from /home/airflow/.local/lib/python3.8/site-packages/airflow/example_dags/tutorial.py
[2024-04-20T16:50:48.064+0000] {logging_mixin.py:188} INFO - [2024-04-20T16:50:48.064+0000] {dag.py:3047} INFO - Sync 1 DAGs
[2024-04-20T16:50:48.089+0000] {logging_mixin.py:188} INFO - [2024-04-20T16:50:48.089+0000] {dag.py:3834} INFO - Setting next_dagrun for tutorial to 2024-04-19 00:00:00+00:00, run_after=2024-04-20 00:00:00+00:00
[2024-04-20T16:50:48.219+0000] {processor.py:183} INFO - Processing /home/airflow/.local/lib/python3.8/site-packages/airflow/example_dags/tutorial.py took 0.190 seconds
[2024-04-20T16:51:18.926+0000] {processor.py:161} INFO - Started process (PID=3335) to work on /home/airflow/.local/lib/python3.8/site-packages/airflow/example_dags/tutorial.py
[2024-04-20T16:51:18.927+0000] {processor.py:830} INFO - Processing file /home/airflow/.local/lib/python3.8/site-packages/airflow/example_dags/tutorial.py for tasks to queue
[2024-04-20T16:51:18.928+0000] {logging_mixin.py:188} INFO - [2024-04-20T16:51:18.927+0000] {dagbag.py:540} INFO - Filling up the DagBag from /home/airflow/.local/lib/python3.8/site-packages/airflow/example_dags/tutorial.py
[2024-04-20T16:51:18.932+0000] {processor.py:840} INFO - DAG(s) 'tutorial' retrieved from /home/airflow/.local/lib/python3.8/site-packages/airflow/example_dags/tutorial.py
[2024-04-20T16:51:18.949+0000] {logging_mixin.py:188} INFO - [2024-04-20T16:51:18.948+0000] {dag.py:3047} INFO - Sync 1 DAGs
[2024-04-20T16:51:18.965+0000] {logging_mixin.py:188} INFO - [2024-04-20T16:51:18.965+0000] {dag.py:3834} INFO - Setting next_dagrun for tutorial to 2024-04-19 00:00:00+00:00, run_after=2024-04-20 00:00:00+00:00
[2024-04-20T16:51:19.118+0000] {processor.py:183} INFO - Processing /home/airflow/.local/lib/python3.8/site-packages/airflow/example_dags/tutorial.py took 0.194 seconds
[2024-04-20T16:51:49.656+0000] {processor.py:161} INFO - Started process (PID=3592) to work on /home/airflow/.local/lib/python3.8/site-packages/airflow/example_dags/tutorial.py
[2024-04-20T16:51:49.657+0000] {processor.py:830} INFO - Processing file /home/airflow/.local/lib/python3.8/site-packages/airflow/example_dags/tutorial.py for tasks to queue
[2024-04-20T16:51:49.657+0000] {logging_mixin.py:188} INFO - [2024-04-20T16:51:49.657+0000] {dagbag.py:540} INFO - Filling up the DagBag from /home/airflow/.local/lib/python3.8/site-packages/airflow/example_dags/tutorial.py
[2024-04-20T16:51:49.662+0000] {processor.py:840} INFO - DAG(s) 'tutorial' retrieved from /home/airflow/.local/lib/python3.8/site-packages/airflow/example_dags/tutorial.py
[2024-04-20T16:51:49.679+0000] {logging_mixin.py:188} INFO - [2024-04-20T16:51:49.678+0000] {dag.py:3047} INFO - Sync 1 DAGs
[2024-04-20T16:51:49.697+0000] {logging_mixin.py:188} INFO - [2024-04-20T16:51:49.697+0000] {dag.py:3834} INFO - Setting next_dagrun for tutorial to 2024-04-19 00:00:00+00:00, run_after=2024-04-20 00:00:00+00:00
[2024-04-20T16:51:49.846+0000] {processor.py:183} INFO - Processing /home/airflow/.local/lib/python3.8/site-packages/airflow/example_dags/tutorial.py took 0.193 seconds
[2024-04-20T16:52:20.690+0000] {processor.py:161} INFO - Started process (PID=3849) to work on /home/airflow/.local/lib/python3.8/site-packages/airflow/example_dags/tutorial.py
[2024-04-20T16:52:20.691+0000] {processor.py:830} INFO - Processing file /home/airflow/.local/lib/python3.8/site-packages/airflow/example_dags/tutorial.py for tasks to queue
[2024-04-20T16:52:20.692+0000] {logging_mixin.py:188} INFO - [2024-04-20T16:52:20.691+0000] {dagbag.py:540} INFO - Filling up the DagBag from /home/airflow/.local/lib/python3.8/site-packages/airflow/example_dags/tutorial.py
[2024-04-20T16:52:20.696+0000] {processor.py:840} INFO - DAG(s) 'tutorial' retrieved from /home/airflow/.local/lib/python3.8/site-packages/airflow/example_dags/tutorial.py
[2024-04-20T16:52:20.713+0000] {logging_mixin.py:188} INFO - [2024-04-20T16:52:20.712+0000] {dag.py:3047} INFO - Sync 1 DAGs
[2024-04-20T16:52:20.729+0000] {logging_mixin.py:188} INFO - [2024-04-20T16:52:20.729+0000] {dag.py:3834} INFO - Setting next_dagrun for tutorial to 2024-04-19 00:00:00+00:00, run_after=2024-04-20 00:00:00+00:00
[2024-04-20T16:52:20.873+0000] {processor.py:183} INFO - Processing /home/airflow/.local/lib/python3.8/site-packages/airflow/example_dags/tutorial.py took 0.187 seconds
[2024-04-20T16:52:51.137+0000] {processor.py:161} INFO - Started process (PID=4106) to work on /home/airflow/.local/lib/python3.8/site-packages/airflow/example_dags/tutorial.py
[2024-04-20T16:52:51.138+0000] {processor.py:830} INFO - Processing file /home/airflow/.local/lib/python3.8/site-packages/airflow/example_dags/tutorial.py for tasks to queue
[2024-04-20T16:52:51.139+0000] {logging_mixin.py:188} INFO - [2024-04-20T16:52:51.139+0000] {dagbag.py:540} INFO - Filling up the DagBag from /home/airflow/.local/lib/python3.8/site-packages/airflow/example_dags/tutorial.py
[2024-04-20T16:52:51.144+0000] {processor.py:840} INFO - DAG(s) 'tutorial' retrieved from /home/airflow/.local/lib/python3.8/site-packages/airflow/example_dags/tutorial.py
[2024-04-20T16:52:51.160+0000] {logging_mixin.py:188} INFO - [2024-04-20T16:52:51.160+0000] {dag.py:3047} INFO - Sync 1 DAGs
[2024-04-20T16:52:51.185+0000] {logging_mixin.py:188} INFO - [2024-04-20T16:52:51.185+0000] {dag.py:3834} INFO - Setting next_dagrun for tutorial to 2024-04-19 00:00:00+00:00, run_after=2024-04-20 00:00:00+00:00
[2024-04-20T16:52:51.328+0000] {processor.py:183} INFO - Processing /home/airflow/.local/lib/python3.8/site-packages/airflow/example_dags/tutorial.py took 0.193 seconds
[2024-04-20T16:53:21.816+0000] {processor.py:161} INFO - Started process (PID=4364) to work on /home/airflow/.local/lib/python3.8/site-packages/airflow/example_dags/tutorial.py
[2024-04-20T16:53:21.816+0000] {processor.py:830} INFO - Processing file /home/airflow/.local/lib/python3.8/site-packages/airflow/example_dags/tutorial.py for tasks to queue
[2024-04-20T16:53:21.817+0000] {logging_mixin.py:188} INFO - [2024-04-20T16:53:21.817+0000] {dagbag.py:540} INFO - Filling up the DagBag from /home/airflow/.local/lib/python3.8/site-packages/airflow/example_dags/tutorial.py
[2024-04-20T16:53:21.822+0000] {processor.py:840} INFO - DAG(s) 'tutorial' retrieved from /home/airflow/.local/lib/python3.8/site-packages/airflow/example_dags/tutorial.py
[2024-04-20T16:53:21.843+0000] {logging_mixin.py:188} INFO - [2024-04-20T16:53:21.843+0000] {dag.py:3047} INFO - Sync 1 DAGs
[2024-04-20T16:53:21.861+0000] {logging_mixin.py:188} INFO - [2024-04-20T16:53:21.861+0000] {dag.py:3834} INFO - Setting next_dagrun for tutorial to 2024-04-19 00:00:00+00:00, run_after=2024-04-20 00:00:00+00:00
[2024-04-20T16:53:22.006+0000] {processor.py:183} INFO - Processing /home/airflow/.local/lib/python3.8/site-packages/airflow/example_dags/tutorial.py took 0.193 seconds
[2024-04-20T16:53:52.208+0000] {processor.py:161} INFO - Started process (PID=4621) to work on /home/airflow/.local/lib/python3.8/site-packages/airflow/example_dags/tutorial.py
[2024-04-20T16:53:52.209+0000] {processor.py:830} INFO - Processing file /home/airflow/.local/lib/python3.8/site-packages/airflow/example_dags/tutorial.py for tasks to queue
[2024-04-20T16:53:52.210+0000] {logging_mixin.py:188} INFO - [2024-04-20T16:53:52.209+0000] {dagbag.py:540} INFO - Filling up the DagBag from /home/airflow/.local/lib/python3.8/site-packages/airflow/example_dags/tutorial.py
[2024-04-20T16:53:52.214+0000] {processor.py:840} INFO - DAG(s) 'tutorial' retrieved from /home/airflow/.local/lib/python3.8/site-packages/airflow/example_dags/tutorial.py
[2024-04-20T16:53:52.231+0000] {logging_mixin.py:188} INFO - [2024-04-20T16:53:52.231+0000] {dag.py:3047} INFO - Sync 1 DAGs
[2024-04-20T16:53:52.247+0000] {logging_mixin.py:188} INFO - [2024-04-20T16:53:52.247+0000] {dag.py:3834} INFO - Setting next_dagrun for tutorial to 2024-04-19 00:00:00+00:00, run_after=2024-04-20 00:00:00+00:00
[2024-04-20T16:53:52.399+0000] {processor.py:183} INFO - Processing /home/airflow/.local/lib/python3.8/site-packages/airflow/example_dags/tutorial.py took 0.193 seconds
[2024-04-20T16:54:22.629+0000] {processor.py:161} INFO - Started process (PID=4877) to work on /home/airflow/.local/lib/python3.8/site-packages/airflow/example_dags/tutorial.py
[2024-04-20T16:54:22.630+0000] {processor.py:830} INFO - Processing file /home/airflow/.local/lib/python3.8/site-packages/airflow/example_dags/tutorial.py for tasks to queue
[2024-04-20T16:54:22.631+0000] {logging_mixin.py:188} INFO - [2024-04-20T16:54:22.631+0000] {dagbag.py:540} INFO - Filling up the DagBag from /home/airflow/.local/lib/python3.8/site-packages/airflow/example_dags/tutorial.py
[2024-04-20T16:54:22.639+0000] {processor.py:840} INFO - DAG(s) 'tutorial' retrieved from /home/airflow/.local/lib/python3.8/site-packages/airflow/example_dags/tutorial.py
[2024-04-20T16:54:22.657+0000] {logging_mixin.py:188} INFO - [2024-04-20T16:54:22.657+0000] {dag.py:3047} INFO - Sync 1 DAGs
[2024-04-20T16:54:22.675+0000] {logging_mixin.py:188} INFO - [2024-04-20T16:54:22.675+0000] {dag.py:3834} INFO - Setting next_dagrun for tutorial to 2024-04-19 00:00:00+00:00, run_after=2024-04-20 00:00:00+00:00
[2024-04-20T16:54:23.047+0000] {processor.py:183} INFO - Processing /home/airflow/.local/lib/python3.8/site-packages/airflow/example_dags/tutorial.py took 0.421 seconds
[2024-04-20T16:54:53.195+0000] {processor.py:161} INFO - Started process (PID=5135) to work on /home/airflow/.local/lib/python3.8/site-packages/airflow/example_dags/tutorial.py
[2024-04-20T16:54:53.196+0000] {processor.py:830} INFO - Processing file /home/airflow/.local/lib/python3.8/site-packages/airflow/example_dags/tutorial.py for tasks to queue
[2024-04-20T16:54:53.197+0000] {logging_mixin.py:188} INFO - [2024-04-20T16:54:53.197+0000] {dagbag.py:540} INFO - Filling up the DagBag from /home/airflow/.local/lib/python3.8/site-packages/airflow/example_dags/tutorial.py
[2024-04-20T16:54:53.204+0000] {processor.py:840} INFO - DAG(s) 'tutorial' retrieved from /home/airflow/.local/lib/python3.8/site-packages/airflow/example_dags/tutorial.py
[2024-04-20T16:54:53.229+0000] {logging_mixin.py:188} INFO - [2024-04-20T16:54:53.228+0000] {dag.py:3047} INFO - Sync 1 DAGs
[2024-04-20T16:54:53.254+0000] {logging_mixin.py:188} INFO - [2024-04-20T16:54:53.253+0000] {dag.py:3834} INFO - Setting next_dagrun for tutorial to 2024-04-19 00:00:00+00:00, run_after=2024-04-20 00:00:00+00:00
[2024-04-20T16:54:53.442+0000] {processor.py:183} INFO - Processing /home/airflow/.local/lib/python3.8/site-packages/airflow/example_dags/tutorial.py took 0.250 seconds
[2024-04-20T16:55:23.924+0000] {processor.py:161} INFO - Started process (PID=5392) to work on /home/airflow/.local/lib/python3.8/site-packages/airflow/example_dags/tutorial.py
[2024-04-20T16:55:23.925+0000] {processor.py:830} INFO - Processing file /home/airflow/.local/lib/python3.8/site-packages/airflow/example_dags/tutorial.py for tasks to queue
[2024-04-20T16:55:23.926+0000] {logging_mixin.py:188} INFO - [2024-04-20T16:55:23.926+0000] {dagbag.py:540} INFO - Filling up the DagBag from /home/airflow/.local/lib/python3.8/site-packages/airflow/example_dags/tutorial.py
[2024-04-20T16:55:23.931+0000] {processor.py:840} INFO - DAG(s) 'tutorial' retrieved from /home/airflow/.local/lib/python3.8/site-packages/airflow/example_dags/tutorial.py
[2024-04-20T16:55:23.948+0000] {logging_mixin.py:188} INFO - [2024-04-20T16:55:23.948+0000] {dag.py:3047} INFO - Sync 1 DAGs
[2024-04-20T16:55:23.964+0000] {logging_mixin.py:188} INFO - [2024-04-20T16:55:23.964+0000] {dag.py:3834} INFO - Setting next_dagrun for tutorial to 2024-04-19 00:00:00+00:00, run_after=2024-04-20 00:00:00+00:00
[2024-04-20T16:55:24.115+0000] {processor.py:183} INFO - Processing /home/airflow/.local/lib/python3.8/site-packages/airflow/example_dags/tutorial.py took 0.194 seconds
[2024-04-20T16:55:54.215+0000] {processor.py:161} INFO - Started process (PID=5650) to work on /home/airflow/.local/lib/python3.8/site-packages/airflow/example_dags/tutorial.py
[2024-04-20T16:55:54.216+0000] {processor.py:830} INFO - Processing file /home/airflow/.local/lib/python3.8/site-packages/airflow/example_dags/tutorial.py for tasks to queue
[2024-04-20T16:55:54.217+0000] {logging_mixin.py:188} INFO - [2024-04-20T16:55:54.217+0000] {dagbag.py:540} INFO - Filling up the DagBag from /home/airflow/.local/lib/python3.8/site-packages/airflow/example_dags/tutorial.py
[2024-04-20T16:55:54.224+0000] {processor.py:840} INFO - DAG(s) 'tutorial' retrieved from /home/airflow/.local/lib/python3.8/site-packages/airflow/example_dags/tutorial.py
[2024-04-20T16:55:54.248+0000] {logging_mixin.py:188} INFO - [2024-04-20T16:55:54.248+0000] {dag.py:3047} INFO - Sync 1 DAGs
[2024-04-20T16:55:54.274+0000] {logging_mixin.py:188} INFO - [2024-04-20T16:55:54.273+0000] {dag.py:3834} INFO - Setting next_dagrun for tutorial to 2024-04-19 00:00:00+00:00, run_after=2024-04-20 00:00:00+00:00
[2024-04-20T16:55:54.397+0000] {processor.py:183} INFO - Processing /home/airflow/.local/lib/python3.8/site-packages/airflow/example_dags/tutorial.py took 0.185 seconds
[2024-04-20T16:56:25.491+0000] {processor.py:161} INFO - Started process (PID=5909) to work on /home/airflow/.local/lib/python3.8/site-packages/airflow/example_dags/tutorial.py
[2024-04-20T16:56:25.492+0000] {processor.py:830} INFO - Processing file /home/airflow/.local/lib/python3.8/site-packages/airflow/example_dags/tutorial.py for tasks to queue
[2024-04-20T16:56:25.492+0000] {logging_mixin.py:188} INFO - [2024-04-20T16:56:25.492+0000] {dagbag.py:540} INFO - Filling up the DagBag from /home/airflow/.local/lib/python3.8/site-packages/airflow/example_dags/tutorial.py
[2024-04-20T16:56:25.497+0000] {processor.py:840} INFO - DAG(s) 'tutorial' retrieved from /home/airflow/.local/lib/python3.8/site-packages/airflow/example_dags/tutorial.py
[2024-04-20T16:56:25.513+0000] {logging_mixin.py:188} INFO - [2024-04-20T16:56:25.513+0000] {dag.py:3047} INFO - Sync 1 DAGs
[2024-04-20T16:56:25.529+0000] {logging_mixin.py:188} INFO - [2024-04-20T16:56:25.529+0000] {dag.py:3834} INFO - Setting next_dagrun for tutorial to 2024-04-19 00:00:00+00:00, run_after=2024-04-20 00:00:00+00:00
[2024-04-20T16:56:25.676+0000] {processor.py:183} INFO - Processing /home/airflow/.local/lib/python3.8/site-packages/airflow/example_dags/tutorial.py took 0.187 seconds
[2024-04-20T16:56:56.588+0000] {processor.py:161} INFO - Started process (PID=6166) to work on /home/airflow/.local/lib/python3.8/site-packages/airflow/example_dags/tutorial.py
[2024-04-20T16:56:56.589+0000] {processor.py:830} INFO - Processing file /home/airflow/.local/lib/python3.8/site-packages/airflow/example_dags/tutorial.py for tasks to queue
[2024-04-20T16:56:56.590+0000] {logging_mixin.py:188} INFO - [2024-04-20T16:56:56.590+0000] {dagbag.py:540} INFO - Filling up the DagBag from /home/airflow/.local/lib/python3.8/site-packages/airflow/example_dags/tutorial.py
[2024-04-20T16:56:56.597+0000] {processor.py:840} INFO - DAG(s) 'tutorial' retrieved from /home/airflow/.local/lib/python3.8/site-packages/airflow/example_dags/tutorial.py
[2024-04-20T16:56:56.620+0000] {logging_mixin.py:188} INFO - [2024-04-20T16:56:56.620+0000] {dag.py:3047} INFO - Sync 1 DAGs
[2024-04-20T16:56:56.644+0000] {logging_mixin.py:188} INFO - [2024-04-20T16:56:56.644+0000] {dag.py:3834} INFO - Setting next_dagrun for tutorial to 2024-04-19 00:00:00+00:00, run_after=2024-04-20 00:00:00+00:00
[2024-04-20T16:56:56.768+0000] {processor.py:183} INFO - Processing /home/airflow/.local/lib/python3.8/site-packages/airflow/example_dags/tutorial.py took 0.183 seconds
[2024-04-20T16:57:27.534+0000] {processor.py:161} INFO - Started process (PID=6422) to work on /home/airflow/.local/lib/python3.8/site-packages/airflow/example_dags/tutorial.py
[2024-04-20T16:57:27.535+0000] {processor.py:830} INFO - Processing file /home/airflow/.local/lib/python3.8/site-packages/airflow/example_dags/tutorial.py for tasks to queue
[2024-04-20T16:57:27.536+0000] {logging_mixin.py:188} INFO - [2024-04-20T16:57:27.535+0000] {dagbag.py:540} INFO - Filling up the DagBag from /home/airflow/.local/lib/python3.8/site-packages/airflow/example_dags/tutorial.py
[2024-04-20T16:57:27.540+0000] {processor.py:840} INFO - DAG(s) 'tutorial' retrieved from /home/airflow/.local/lib/python3.8/site-packages/airflow/example_dags/tutorial.py
[2024-04-20T16:57:27.558+0000] {logging_mixin.py:188} INFO - [2024-04-20T16:57:27.558+0000] {dag.py:3047} INFO - Sync 1 DAGs
[2024-04-20T16:57:27.576+0000] {logging_mixin.py:188} INFO - [2024-04-20T16:57:27.575+0000] {dag.py:3834} INFO - Setting next_dagrun for tutorial to 2024-04-19 00:00:00+00:00, run_after=2024-04-20 00:00:00+00:00
[2024-04-20T16:57:27.725+0000] {processor.py:183} INFO - Processing /home/airflow/.local/lib/python3.8/site-packages/airflow/example_dags/tutorial.py took 0.194 seconds
[2024-04-20T16:57:58.024+0000] {processor.py:161} INFO - Started process (PID=6679) to work on /home/airflow/.local/lib/python3.8/site-packages/airflow/example_dags/tutorial.py
[2024-04-20T16:57:58.025+0000] {processor.py:830} INFO - Processing file /home/airflow/.local/lib/python3.8/site-packages/airflow/example_dags/tutorial.py for tasks to queue
[2024-04-20T16:57:58.026+0000] {logging_mixin.py:188} INFO - [2024-04-20T16:57:58.025+0000] {dagbag.py:540} INFO - Filling up the DagBag from /home/airflow/.local/lib/python3.8/site-packages/airflow/example_dags/tutorial.py
[2024-04-20T16:57:58.030+0000] {processor.py:840} INFO - DAG(s) 'tutorial' retrieved from /home/airflow/.local/lib/python3.8/site-packages/airflow/example_dags/tutorial.py
[2024-04-20T16:57:58.047+0000] {logging_mixin.py:188} INFO - [2024-04-20T16:57:58.046+0000] {dag.py:3047} INFO - Sync 1 DAGs
[2024-04-20T16:57:58.063+0000] {logging_mixin.py:188} INFO - [2024-04-20T16:57:58.063+0000] {dag.py:3834} INFO - Setting next_dagrun for tutorial to 2024-04-19 00:00:00+00:00, run_after=2024-04-20 00:00:00+00:00
[2024-04-20T16:57:58.219+0000] {processor.py:183} INFO - Processing /home/airflow/.local/lib/python3.8/site-packages/airflow/example_dags/tutorial.py took 0.197 seconds
[2024-04-20T16:58:28.502+0000] {processor.py:161} INFO - Started process (PID=6938) to work on /home/airflow/.local/lib/python3.8/site-packages/airflow/example_dags/tutorial.py
[2024-04-20T16:58:28.503+0000] {processor.py:830} INFO - Processing file /home/airflow/.local/lib/python3.8/site-packages/airflow/example_dags/tutorial.py for tasks to queue
[2024-04-20T16:58:28.504+0000] {logging_mixin.py:188} INFO - [2024-04-20T16:58:28.503+0000] {dagbag.py:540} INFO - Filling up the DagBag from /home/airflow/.local/lib/python3.8/site-packages/airflow/example_dags/tutorial.py
[2024-04-20T16:58:28.510+0000] {processor.py:840} INFO - DAG(s) 'tutorial' retrieved from /home/airflow/.local/lib/python3.8/site-packages/airflow/example_dags/tutorial.py
[2024-04-20T16:58:28.533+0000] {logging_mixin.py:188} INFO - [2024-04-20T16:58:28.533+0000] {dag.py:3047} INFO - Sync 1 DAGs
[2024-04-20T16:58:28.557+0000] {logging_mixin.py:188} INFO - [2024-04-20T16:58:28.557+0000] {dag.py:3834} INFO - Setting next_dagrun for tutorial to 2024-04-19 00:00:00+00:00, run_after=2024-04-20 00:00:00+00:00
[2024-04-20T16:58:28.687+0000] {processor.py:183} INFO - Processing /home/airflow/.local/lib/python3.8/site-packages/airflow/example_dags/tutorial.py took 0.188 seconds
[2024-04-20T16:58:58.739+0000] {processor.py:161} INFO - Started process (PID=7192) to work on /home/airflow/.local/lib/python3.8/site-packages/airflow/example_dags/tutorial.py
[2024-04-20T16:58:58.740+0000] {processor.py:830} INFO - Processing file /home/airflow/.local/lib/python3.8/site-packages/airflow/example_dags/tutorial.py for tasks to queue
[2024-04-20T16:58:58.741+0000] {logging_mixin.py:188} INFO - [2024-04-20T16:58:58.740+0000] {dagbag.py:540} INFO - Filling up the DagBag from /home/airflow/.local/lib/python3.8/site-packages/airflow/example_dags/tutorial.py
[2024-04-20T16:58:58.746+0000] {processor.py:840} INFO - DAG(s) 'tutorial' retrieved from /home/airflow/.local/lib/python3.8/site-packages/airflow/example_dags/tutorial.py
[2024-04-20T16:58:58.765+0000] {logging_mixin.py:188} INFO - [2024-04-20T16:58:58.765+0000] {dag.py:3047} INFO - Sync 1 DAGs
[2024-04-20T16:58:58.790+0000] {logging_mixin.py:188} INFO - [2024-04-20T16:58:58.789+0000] {dag.py:3834} INFO - Setting next_dagrun for tutorial to 2024-04-19 00:00:00+00:00, run_after=2024-04-20 00:00:00+00:00
[2024-04-20T16:58:59.185+0000] {processor.py:183} INFO - Processing /home/airflow/.local/lib/python3.8/site-packages/airflow/example_dags/tutorial.py took 0.448 seconds
[2024-04-20T16:59:29.373+0000] {processor.py:161} INFO - Started process (PID=7447) to work on /home/airflow/.local/lib/python3.8/site-packages/airflow/example_dags/tutorial.py
[2024-04-20T16:59:29.374+0000] {processor.py:830} INFO - Processing file /home/airflow/.local/lib/python3.8/site-packages/airflow/example_dags/tutorial.py for tasks to queue
[2024-04-20T16:59:29.374+0000] {logging_mixin.py:188} INFO - [2024-04-20T16:59:29.374+0000] {dagbag.py:540} INFO - Filling up the DagBag from /home/airflow/.local/lib/python3.8/site-packages/airflow/example_dags/tutorial.py
[2024-04-20T16:59:29.379+0000] {processor.py:840} INFO - DAG(s) 'tutorial' retrieved from /home/airflow/.local/lib/python3.8/site-packages/airflow/example_dags/tutorial.py
[2024-04-20T16:59:29.396+0000] {logging_mixin.py:188} INFO - [2024-04-20T16:59:29.395+0000] {dag.py:3047} INFO - Sync 1 DAGs
[2024-04-20T16:59:29.414+0000] {logging_mixin.py:188} INFO - [2024-04-20T16:59:29.414+0000] {dag.py:3834} INFO - Setting next_dagrun for tutorial to 2024-04-19 00:00:00+00:00, run_after=2024-04-20 00:00:00+00:00
[2024-04-20T16:59:29.648+0000] {processor.py:183} INFO - Processing /home/airflow/.local/lib/python3.8/site-packages/airflow/example_dags/tutorial.py took 0.277 seconds
[2024-04-20T17:00:00.325+0000] {processor.py:161} INFO - Started process (PID=7704) to work on /home/airflow/.local/lib/python3.8/site-packages/airflow/example_dags/tutorial.py
[2024-04-20T17:00:00.326+0000] {processor.py:830} INFO - Processing file /home/airflow/.local/lib/python3.8/site-packages/airflow/example_dags/tutorial.py for tasks to queue
[2024-04-20T17:00:00.327+0000] {logging_mixin.py:188} INFO - [2024-04-20T17:00:00.327+0000] {dagbag.py:540} INFO - Filling up the DagBag from /home/airflow/.local/lib/python3.8/site-packages/airflow/example_dags/tutorial.py
[2024-04-20T17:00:00.334+0000] {processor.py:840} INFO - DAG(s) 'tutorial' retrieved from /home/airflow/.local/lib/python3.8/site-packages/airflow/example_dags/tutorial.py
[2024-04-20T17:00:00.358+0000] {logging_mixin.py:188} INFO - [2024-04-20T17:00:00.358+0000] {dag.py:3047} INFO - Sync 1 DAGs
[2024-04-20T17:00:00.385+0000] {logging_mixin.py:188} INFO - [2024-04-20T17:00:00.385+0000] {dag.py:3834} INFO - Setting next_dagrun for tutorial to 2024-04-19 00:00:00+00:00, run_after=2024-04-20 00:00:00+00:00
[2024-04-20T17:00:00.512+0000] {processor.py:183} INFO - Processing /home/airflow/.local/lib/python3.8/site-packages/airflow/example_dags/tutorial.py took 0.190 seconds
[2024-04-20T17:00:30.634+0000] {processor.py:161} INFO - Started process (PID=7958) to work on /home/airflow/.local/lib/python3.8/site-packages/airflow/example_dags/tutorial.py
[2024-04-20T17:00:30.635+0000] {processor.py:830} INFO - Processing file /home/airflow/.local/lib/python3.8/site-packages/airflow/example_dags/tutorial.py for tasks to queue
[2024-04-20T17:00:30.636+0000] {logging_mixin.py:188} INFO - [2024-04-20T17:00:30.636+0000] {dagbag.py:540} INFO - Filling up the DagBag from /home/airflow/.local/lib/python3.8/site-packages/airflow/example_dags/tutorial.py
[2024-04-20T17:00:30.641+0000] {processor.py:840} INFO - DAG(s) 'tutorial' retrieved from /home/airflow/.local/lib/python3.8/site-packages/airflow/example_dags/tutorial.py
[2024-04-20T17:00:30.656+0000] {logging_mixin.py:188} INFO - [2024-04-20T17:00:30.656+0000] {dag.py:3047} INFO - Sync 1 DAGs
[2024-04-20T17:00:30.673+0000] {logging_mixin.py:188} INFO - [2024-04-20T17:00:30.672+0000] {dag.py:3834} INFO - Setting next_dagrun for tutorial to 2024-04-19 00:00:00+00:00, run_after=2024-04-20 00:00:00+00:00
[2024-04-20T17:00:30.796+0000] {processor.py:183} INFO - Processing /home/airflow/.local/lib/python3.8/site-packages/airflow/example_dags/tutorial.py took 0.164 seconds
[2024-04-20T17:01:01.113+0000] {processor.py:161} INFO - Started process (PID=8219) to work on /home/airflow/.local/lib/python3.8/site-packages/airflow/example_dags/tutorial.py
[2024-04-20T17:01:01.114+0000] {processor.py:830} INFO - Processing file /home/airflow/.local/lib/python3.8/site-packages/airflow/example_dags/tutorial.py for tasks to queue
[2024-04-20T17:01:01.115+0000] {logging_mixin.py:188} INFO - [2024-04-20T17:01:01.114+0000] {dagbag.py:540} INFO - Filling up the DagBag from /home/airflow/.local/lib/python3.8/site-packages/airflow/example_dags/tutorial.py
[2024-04-20T17:01:01.121+0000] {processor.py:840} INFO - DAG(s) 'tutorial' retrieved from /home/airflow/.local/lib/python3.8/site-packages/airflow/example_dags/tutorial.py
[2024-04-20T17:01:01.144+0000] {logging_mixin.py:188} INFO - [2024-04-20T17:01:01.144+0000] {dag.py:3047} INFO - Sync 1 DAGs
[2024-04-20T17:01:01.170+0000] {logging_mixin.py:188} INFO - [2024-04-20T17:01:01.169+0000] {dag.py:3834} INFO - Setting next_dagrun for tutorial to 2024-04-19 00:00:00+00:00, run_after=2024-04-20 00:00:00+00:00
[2024-04-20T17:01:01.293+0000] {processor.py:183} INFO - Processing /home/airflow/.local/lib/python3.8/site-packages/airflow/example_dags/tutorial.py took 0.184 seconds
[2024-04-20T17:01:31.389+0000] {processor.py:161} INFO - Started process (PID=8474) to work on /home/airflow/.local/lib/python3.8/site-packages/airflow/example_dags/tutorial.py
[2024-04-20T17:01:31.390+0000] {processor.py:830} INFO - Processing file /home/airflow/.local/lib/python3.8/site-packages/airflow/example_dags/tutorial.py for tasks to queue
[2024-04-20T17:01:31.391+0000] {logging_mixin.py:188} INFO - [2024-04-20T17:01:31.390+0000] {dagbag.py:540} INFO - Filling up the DagBag from /home/airflow/.local/lib/python3.8/site-packages/airflow/example_dags/tutorial.py
[2024-04-20T17:01:31.396+0000] {processor.py:840} INFO - DAG(s) 'tutorial' retrieved from /home/airflow/.local/lib/python3.8/site-packages/airflow/example_dags/tutorial.py
[2024-04-20T17:01:31.413+0000] {logging_mixin.py:188} INFO - [2024-04-20T17:01:31.412+0000] {dag.py:3047} INFO - Sync 1 DAGs
[2024-04-20T17:01:31.429+0000] {logging_mixin.py:188} INFO - [2024-04-20T17:01:31.429+0000] {dag.py:3834} INFO - Setting next_dagrun for tutorial to 2024-04-19 00:00:00+00:00, run_after=2024-04-20 00:00:00+00:00
[2024-04-20T17:01:31.553+0000] {processor.py:183} INFO - Processing /home/airflow/.local/lib/python3.8/site-packages/airflow/example_dags/tutorial.py took 0.167 seconds
[2024-04-20T17:02:01.835+0000] {processor.py:161} INFO - Started process (PID=8734) to work on /home/airflow/.local/lib/python3.8/site-packages/airflow/example_dags/tutorial.py
[2024-04-20T17:02:01.837+0000] {processor.py:830} INFO - Processing file /home/airflow/.local/lib/python3.8/site-packages/airflow/example_dags/tutorial.py for tasks to queue
[2024-04-20T17:02:01.837+0000] {logging_mixin.py:188} INFO - [2024-04-20T17:02:01.837+0000] {dagbag.py:540} INFO - Filling up the DagBag from /home/airflow/.local/lib/python3.8/site-packages/airflow/example_dags/tutorial.py
[2024-04-20T17:02:01.844+0000] {processor.py:840} INFO - DAG(s) 'tutorial' retrieved from /home/airflow/.local/lib/python3.8/site-packages/airflow/example_dags/tutorial.py
[2024-04-20T17:02:01.865+0000] {logging_mixin.py:188} INFO - [2024-04-20T17:02:01.865+0000] {dag.py:3047} INFO - Sync 1 DAGs
[2024-04-20T17:02:01.891+0000] {logging_mixin.py:188} INFO - [2024-04-20T17:02:01.890+0000] {dag.py:3834} INFO - Setting next_dagrun for tutorial to 2024-04-19 00:00:00+00:00, run_after=2024-04-20 00:00:00+00:00
[2024-04-20T17:02:02.016+0000] {processor.py:183} INFO - Processing /home/airflow/.local/lib/python3.8/site-packages/airflow/example_dags/tutorial.py took 0.184 seconds
[2024-04-20T17:02:32.071+0000] {processor.py:161} INFO - Started process (PID=8989) to work on /home/airflow/.local/lib/python3.8/site-packages/airflow/example_dags/tutorial.py
[2024-04-20T17:02:32.072+0000] {processor.py:830} INFO - Processing file /home/airflow/.local/lib/python3.8/site-packages/airflow/example_dags/tutorial.py for tasks to queue
[2024-04-20T17:02:32.073+0000] {logging_mixin.py:188} INFO - [2024-04-20T17:02:32.072+0000] {dagbag.py:540} INFO - Filling up the DagBag from /home/airflow/.local/lib/python3.8/site-packages/airflow/example_dags/tutorial.py
[2024-04-20T17:02:32.078+0000] {processor.py:840} INFO - DAG(s) 'tutorial' retrieved from /home/airflow/.local/lib/python3.8/site-packages/airflow/example_dags/tutorial.py
[2024-04-20T17:02:32.094+0000] {logging_mixin.py:188} INFO - [2024-04-20T17:02:32.094+0000] {dag.py:3047} INFO - Sync 1 DAGs
[2024-04-20T17:02:32.111+0000] {logging_mixin.py:188} INFO - [2024-04-20T17:02:32.110+0000] {dag.py:3834} INFO - Setting next_dagrun for tutorial to 2024-04-19 00:00:00+00:00, run_after=2024-04-20 00:00:00+00:00
[2024-04-20T17:02:32.309+0000] {processor.py:183} INFO - Processing /home/airflow/.local/lib/python3.8/site-packages/airflow/example_dags/tutorial.py took 0.241 seconds
[2024-04-20T17:03:02.416+0000] {processor.py:161} INFO - Started process (PID=9240) to work on /home/airflow/.local/lib/python3.8/site-packages/airflow/example_dags/tutorial.py
[2024-04-20T17:03:02.417+0000] {processor.py:830} INFO - Processing file /home/airflow/.local/lib/python3.8/site-packages/airflow/example_dags/tutorial.py for tasks to queue
[2024-04-20T17:03:02.417+0000] {logging_mixin.py:188} INFO - [2024-04-20T17:03:02.417+0000] {dagbag.py:540} INFO - Filling up the DagBag from /home/airflow/.local/lib/python3.8/site-packages/airflow/example_dags/tutorial.py
[2024-04-20T17:03:02.422+0000] {processor.py:840} INFO - DAG(s) 'tutorial' retrieved from /home/airflow/.local/lib/python3.8/site-packages/airflow/example_dags/tutorial.py
[2024-04-20T17:03:02.439+0000] {logging_mixin.py:188} INFO - [2024-04-20T17:03:02.438+0000] {dag.py:3047} INFO - Sync 1 DAGs
[2024-04-20T17:03:02.456+0000] {logging_mixin.py:188} INFO - [2024-04-20T17:03:02.456+0000] {dag.py:3834} INFO - Setting next_dagrun for tutorial to 2024-04-19 00:00:00+00:00, run_after=2024-04-20 00:00:00+00:00
[2024-04-20T17:03:02.576+0000] {processor.py:183} INFO - Processing /home/airflow/.local/lib/python3.8/site-packages/airflow/example_dags/tutorial.py took 0.163 seconds
[2024-04-20T17:03:32.886+0000] {processor.py:161} INFO - Started process (PID=9498) to work on /home/airflow/.local/lib/python3.8/site-packages/airflow/example_dags/tutorial.py
[2024-04-20T17:03:32.886+0000] {processor.py:830} INFO - Processing file /home/airflow/.local/lib/python3.8/site-packages/airflow/example_dags/tutorial.py for tasks to queue
[2024-04-20T17:03:32.887+0000] {logging_mixin.py:188} INFO - [2024-04-20T17:03:32.887+0000] {dagbag.py:540} INFO - Filling up the DagBag from /home/airflow/.local/lib/python3.8/site-packages/airflow/example_dags/tutorial.py
[2024-04-20T17:03:32.892+0000] {processor.py:840} INFO - DAG(s) 'tutorial' retrieved from /home/airflow/.local/lib/python3.8/site-packages/airflow/example_dags/tutorial.py
[2024-04-20T17:03:32.908+0000] {logging_mixin.py:188} INFO - [2024-04-20T17:03:32.908+0000] {dag.py:3047} INFO - Sync 1 DAGs
[2024-04-20T17:03:32.924+0000] {logging_mixin.py:188} INFO - [2024-04-20T17:03:32.924+0000] {dag.py:3834} INFO - Setting next_dagrun for tutorial to 2024-04-19 00:00:00+00:00, run_after=2024-04-20 00:00:00+00:00
[2024-04-20T17:03:33.257+0000] {processor.py:183} INFO - Processing /home/airflow/.local/lib/python3.8/site-packages/airflow/example_dags/tutorial.py took 0.374 seconds
[2024-04-20T17:04:03.888+0000] {processor.py:161} INFO - Started process (PID=9755) to work on /home/airflow/.local/lib/python3.8/site-packages/airflow/example_dags/tutorial.py
[2024-04-20T17:04:03.889+0000] {processor.py:830} INFO - Processing file /home/airflow/.local/lib/python3.8/site-packages/airflow/example_dags/tutorial.py for tasks to queue
[2024-04-20T17:04:03.890+0000] {logging_mixin.py:188} INFO - [2024-04-20T17:04:03.890+0000] {dagbag.py:540} INFO - Filling up the DagBag from /home/airflow/.local/lib/python3.8/site-packages/airflow/example_dags/tutorial.py
[2024-04-20T17:04:03.897+0000] {processor.py:840} INFO - DAG(s) 'tutorial' retrieved from /home/airflow/.local/lib/python3.8/site-packages/airflow/example_dags/tutorial.py
[2024-04-20T17:04:03.916+0000] {logging_mixin.py:188} INFO - [2024-04-20T17:04:03.916+0000] {dag.py:3047} INFO - Sync 1 DAGs
[2024-04-20T17:04:03.941+0000] {logging_mixin.py:188} INFO - [2024-04-20T17:04:03.940+0000] {dag.py:3834} INFO - Setting next_dagrun for tutorial to 2024-04-19 00:00:00+00:00, run_after=2024-04-20 00:00:00+00:00
[2024-04-20T17:04:04.131+0000] {processor.py:183} INFO - Processing /home/airflow/.local/lib/python3.8/site-packages/airflow/example_dags/tutorial.py took 0.245 seconds
[2024-04-20T17:04:34.515+0000] {processor.py:161} INFO - Started process (PID=10012) to work on /home/airflow/.local/lib/python3.8/site-packages/airflow/example_dags/tutorial.py
[2024-04-20T17:04:34.516+0000] {processor.py:830} INFO - Processing file /home/airflow/.local/lib/python3.8/site-packages/airflow/example_dags/tutorial.py for tasks to queue
[2024-04-20T17:04:34.516+0000] {logging_mixin.py:188} INFO - [2024-04-20T17:04:34.516+0000] {dagbag.py:540} INFO - Filling up the DagBag from /home/airflow/.local/lib/python3.8/site-packages/airflow/example_dags/tutorial.py
[2024-04-20T17:04:34.521+0000] {processor.py:840} INFO - DAG(s) 'tutorial' retrieved from /home/airflow/.local/lib/python3.8/site-packages/airflow/example_dags/tutorial.py
[2024-04-20T17:04:34.537+0000] {logging_mixin.py:188} INFO - [2024-04-20T17:04:34.537+0000] {dag.py:3047} INFO - Sync 1 DAGs
[2024-04-20T17:04:34.554+0000] {logging_mixin.py:188} INFO - [2024-04-20T17:04:34.554+0000] {dag.py:3834} INFO - Setting next_dagrun for tutorial to 2024-04-19 00:00:00+00:00, run_after=2024-04-20 00:00:00+00:00
[2024-04-20T17:04:34.675+0000] {processor.py:183} INFO - Processing /home/airflow/.local/lib/python3.8/site-packages/airflow/example_dags/tutorial.py took 0.162 seconds
[2024-04-20T17:05:04.966+0000] {processor.py:161} INFO - Started process (PID=10269) to work on /home/airflow/.local/lib/python3.8/site-packages/airflow/example_dags/tutorial.py
[2024-04-20T17:05:04.969+0000] {processor.py:830} INFO - Processing file /home/airflow/.local/lib/python3.8/site-packages/airflow/example_dags/tutorial.py for tasks to queue
[2024-04-20T17:05:04.971+0000] {logging_mixin.py:188} INFO - [2024-04-20T17:05:04.970+0000] {dagbag.py:540} INFO - Filling up the DagBag from /home/airflow/.local/lib/python3.8/site-packages/airflow/example_dags/tutorial.py
[2024-04-20T17:05:04.979+0000] {processor.py:840} INFO - DAG(s) 'tutorial' retrieved from /home/airflow/.local/lib/python3.8/site-packages/airflow/example_dags/tutorial.py
[2024-04-20T17:05:05.002+0000] {logging_mixin.py:188} INFO - [2024-04-20T17:05:05.002+0000] {dag.py:3047} INFO - Sync 1 DAGs
[2024-04-20T17:05:05.028+0000] {logging_mixin.py:188} INFO - [2024-04-20T17:05:05.028+0000] {dag.py:3834} INFO - Setting next_dagrun for tutorial to 2024-04-19 00:00:00+00:00, run_after=2024-04-20 00:00:00+00:00
[2024-04-20T17:05:05.157+0000] {processor.py:183} INFO - Processing /home/airflow/.local/lib/python3.8/site-packages/airflow/example_dags/tutorial.py took 0.195 seconds
[2024-04-20T17:05:35.708+0000] {processor.py:161} INFO - Started process (PID=10526) to work on /home/airflow/.local/lib/python3.8/site-packages/airflow/example_dags/tutorial.py
[2024-04-20T17:05:35.709+0000] {processor.py:830} INFO - Processing file /home/airflow/.local/lib/python3.8/site-packages/airflow/example_dags/tutorial.py for tasks to queue
[2024-04-20T17:05:35.710+0000] {logging_mixin.py:188} INFO - [2024-04-20T17:05:35.710+0000] {dagbag.py:540} INFO - Filling up the DagBag from /home/airflow/.local/lib/python3.8/site-packages/airflow/example_dags/tutorial.py
[2024-04-20T17:05:35.717+0000] {processor.py:840} INFO - DAG(s) 'tutorial' retrieved from /home/airflow/.local/lib/python3.8/site-packages/airflow/example_dags/tutorial.py
[2024-04-20T17:05:35.736+0000] {logging_mixin.py:188} INFO - [2024-04-20T17:05:35.735+0000] {dag.py:3047} INFO - Sync 1 DAGs
[2024-04-20T17:05:35.754+0000] {logging_mixin.py:188} INFO - [2024-04-20T17:05:35.753+0000] {dag.py:3834} INFO - Setting next_dagrun for tutorial to 2024-04-19 00:00:00+00:00, run_after=2024-04-20 00:00:00+00:00
[2024-04-20T17:05:36.065+0000] {processor.py:183} INFO - Processing /home/airflow/.local/lib/python3.8/site-packages/airflow/example_dags/tutorial.py took 0.360 seconds
[2024-04-20T17:06:06.733+0000] {processor.py:161} INFO - Started process (PID=10783) to work on /home/airflow/.local/lib/python3.8/site-packages/airflow/example_dags/tutorial.py
[2024-04-20T17:06:06.735+0000] {processor.py:830} INFO - Processing file /home/airflow/.local/lib/python3.8/site-packages/airflow/example_dags/tutorial.py for tasks to queue
[2024-04-20T17:06:06.735+0000] {logging_mixin.py:188} INFO - [2024-04-20T17:06:06.735+0000] {dagbag.py:540} INFO - Filling up the DagBag from /home/airflow/.local/lib/python3.8/site-packages/airflow/example_dags/tutorial.py
[2024-04-20T17:06:06.740+0000] {processor.py:840} INFO - DAG(s) 'tutorial' retrieved from /home/airflow/.local/lib/python3.8/site-packages/airflow/example_dags/tutorial.py
[2024-04-20T17:06:06.758+0000] {logging_mixin.py:188} INFO - [2024-04-20T17:06:06.758+0000] {dag.py:3047} INFO - Sync 1 DAGs
[2024-04-20T17:06:06.776+0000] {logging_mixin.py:188} INFO - [2024-04-20T17:06:06.775+0000] {dag.py:3834} INFO - Setting next_dagrun for tutorial to 2024-04-19 00:00:00+00:00, run_after=2024-04-20 00:00:00+00:00
[2024-04-20T17:06:06.896+0000] {processor.py:183} INFO - Processing /home/airflow/.local/lib/python3.8/site-packages/airflow/example_dags/tutorial.py took 0.167 seconds
