[2024-04-20T16:45:13.048+0000] {processor.py:161} INFO - Started process (PID=350) to work on /home/airflow/.local/lib/python3.8/site-packages/airflow/example_dags/tutorial_dag.py
[2024-04-20T16:45:13.049+0000] {processor.py:830} INFO - Processing file /home/airflow/.local/lib/python3.8/site-packages/airflow/example_dags/tutorial_dag.py for tasks to queue
[2024-04-20T16:45:13.050+0000] {logging_mixin.py:188} INFO - [2024-04-20T16:45:13.050+0000] {dagbag.py:540} INFO - Filling up the DagBag from /home/airflow/.local/lib/python3.8/site-packages/airflow/example_dags/tutorial_dag.py
[2024-04-20T16:45:13.054+0000] {processor.py:840} INFO - DAG(s) 'tutorial_dag' retrieved from /home/airflow/.local/lib/python3.8/site-packages/airflow/example_dags/tutorial_dag.py
[2024-04-20T16:45:13.071+0000] {logging_mixin.py:188} INFO - [2024-04-20T16:45:13.071+0000] {dag.py:3047} INFO - Sync 1 DAGs
[2024-04-20T16:45:13.080+0000] {logging_mixin.py:188} INFO - [2024-04-20T16:45:13.080+0000] {dag.py:3834} INFO - Setting next_dagrun for tutorial_dag to None, run_after=None
[2024-04-20T16:45:13.442+0000] {processor.py:183} INFO - Processing /home/airflow/.local/lib/python3.8/site-packages/airflow/example_dags/tutorial_dag.py took 0.396 seconds
[2024-04-20T16:45:47.321+0000] {processor.py:161} INFO - Started process (PID=607) to work on /home/airflow/.local/lib/python3.8/site-packages/airflow/example_dags/tutorial_dag.py
[2024-04-20T16:45:47.322+0000] {processor.py:830} INFO - Processing file /home/airflow/.local/lib/python3.8/site-packages/airflow/example_dags/tutorial_dag.py for tasks to queue
[2024-04-20T16:45:47.322+0000] {logging_mixin.py:188} INFO - [2024-04-20T16:45:47.322+0000] {dagbag.py:540} INFO - Filling up the DagBag from /home/airflow/.local/lib/python3.8/site-packages/airflow/example_dags/tutorial_dag.py
[2024-04-20T16:45:47.327+0000] {processor.py:840} INFO - DAG(s) 'tutorial_dag' retrieved from /home/airflow/.local/lib/python3.8/site-packages/airflow/example_dags/tutorial_dag.py
[2024-04-20T16:45:47.345+0000] {logging_mixin.py:188} INFO - [2024-04-20T16:45:47.344+0000] {dag.py:3047} INFO - Sync 1 DAGs
[2024-04-20T16:45:47.355+0000] {logging_mixin.py:188} INFO - [2024-04-20T16:45:47.354+0000] {dag.py:3834} INFO - Setting next_dagrun for tutorial_dag to None, run_after=None
[2024-04-20T16:45:48.026+0000] {processor.py:183} INFO - Processing /home/airflow/.local/lib/python3.8/site-packages/airflow/example_dags/tutorial_dag.py took 0.708 seconds
[2024-04-20T16:46:18.265+0000] {processor.py:161} INFO - Started process (PID=860) to work on /home/airflow/.local/lib/python3.8/site-packages/airflow/example_dags/tutorial_dag.py
[2024-04-20T16:46:18.266+0000] {processor.py:830} INFO - Processing file /home/airflow/.local/lib/python3.8/site-packages/airflow/example_dags/tutorial_dag.py for tasks to queue
[2024-04-20T16:46:18.267+0000] {logging_mixin.py:188} INFO - [2024-04-20T16:46:18.267+0000] {dagbag.py:540} INFO - Filling up the DagBag from /home/airflow/.local/lib/python3.8/site-packages/airflow/example_dags/tutorial_dag.py
[2024-04-20T16:46:18.271+0000] {processor.py:840} INFO - DAG(s) 'tutorial_dag' retrieved from /home/airflow/.local/lib/python3.8/site-packages/airflow/example_dags/tutorial_dag.py
[2024-04-20T16:46:18.287+0000] {logging_mixin.py:188} INFO - [2024-04-20T16:46:18.287+0000] {dag.py:3047} INFO - Sync 1 DAGs
[2024-04-20T16:46:18.297+0000] {logging_mixin.py:188} INFO - [2024-04-20T16:46:18.297+0000] {dag.py:3834} INFO - Setting next_dagrun for tutorial_dag to None, run_after=None
[2024-04-20T16:46:18.506+0000] {processor.py:183} INFO - Processing /home/airflow/.local/lib/python3.8/site-packages/airflow/example_dags/tutorial_dag.py took 0.243 seconds
[2024-04-20T16:46:48.556+0000] {processor.py:161} INFO - Started process (PID=1117) to work on /home/airflow/.local/lib/python3.8/site-packages/airflow/example_dags/tutorial_dag.py
[2024-04-20T16:46:48.556+0000] {processor.py:830} INFO - Processing file /home/airflow/.local/lib/python3.8/site-packages/airflow/example_dags/tutorial_dag.py for tasks to queue
[2024-04-20T16:46:48.557+0000] {logging_mixin.py:188} INFO - [2024-04-20T16:46:48.557+0000] {dagbag.py:540} INFO - Filling up the DagBag from /home/airflow/.local/lib/python3.8/site-packages/airflow/example_dags/tutorial_dag.py
[2024-04-20T16:46:48.561+0000] {processor.py:840} INFO - DAG(s) 'tutorial_dag' retrieved from /home/airflow/.local/lib/python3.8/site-packages/airflow/example_dags/tutorial_dag.py
[2024-04-20T16:46:48.578+0000] {logging_mixin.py:188} INFO - [2024-04-20T16:46:48.578+0000] {dag.py:3047} INFO - Sync 1 DAGs
[2024-04-20T16:46:48.588+0000] {logging_mixin.py:188} INFO - [2024-04-20T16:46:48.587+0000] {dag.py:3834} INFO - Setting next_dagrun for tutorial_dag to None, run_after=None
[2024-04-20T16:46:49.001+0000] {processor.py:183} INFO - Processing /home/airflow/.local/lib/python3.8/site-packages/airflow/example_dags/tutorial_dag.py took 0.448 seconds
[2024-04-20T16:47:19.658+0000] {processor.py:161} INFO - Started process (PID=1372) to work on /home/airflow/.local/lib/python3.8/site-packages/airflow/example_dags/tutorial_dag.py
[2024-04-20T16:47:19.659+0000] {processor.py:830} INFO - Processing file /home/airflow/.local/lib/python3.8/site-packages/airflow/example_dags/tutorial_dag.py for tasks to queue
[2024-04-20T16:47:19.661+0000] {logging_mixin.py:188} INFO - [2024-04-20T16:47:19.660+0000] {dagbag.py:540} INFO - Filling up the DagBag from /home/airflow/.local/lib/python3.8/site-packages/airflow/example_dags/tutorial_dag.py
[2024-04-20T16:47:19.666+0000] {processor.py:840} INFO - DAG(s) 'tutorial_dag' retrieved from /home/airflow/.local/lib/python3.8/site-packages/airflow/example_dags/tutorial_dag.py
[2024-04-20T16:47:19.688+0000] {logging_mixin.py:188} INFO - [2024-04-20T16:47:19.688+0000] {dag.py:3047} INFO - Sync 1 DAGs
[2024-04-20T16:47:19.700+0000] {logging_mixin.py:188} INFO - [2024-04-20T16:47:19.700+0000] {dag.py:3834} INFO - Setting next_dagrun for tutorial_dag to None, run_after=None
[2024-04-20T16:47:20.286+0000] {processor.py:183} INFO - Processing /home/airflow/.local/lib/python3.8/site-packages/airflow/example_dags/tutorial_dag.py took 0.631 seconds
[2024-04-20T16:47:50.835+0000] {processor.py:161} INFO - Started process (PID=1631) to work on /home/airflow/.local/lib/python3.8/site-packages/airflow/example_dags/tutorial_dag.py
[2024-04-20T16:47:50.836+0000] {processor.py:830} INFO - Processing file /home/airflow/.local/lib/python3.8/site-packages/airflow/example_dags/tutorial_dag.py for tasks to queue
[2024-04-20T16:47:50.836+0000] {logging_mixin.py:188} INFO - [2024-04-20T16:47:50.836+0000] {dagbag.py:540} INFO - Filling up the DagBag from /home/airflow/.local/lib/python3.8/site-packages/airflow/example_dags/tutorial_dag.py
[2024-04-20T16:47:50.842+0000] {processor.py:840} INFO - DAG(s) 'tutorial_dag' retrieved from /home/airflow/.local/lib/python3.8/site-packages/airflow/example_dags/tutorial_dag.py
[2024-04-20T16:47:50.864+0000] {logging_mixin.py:188} INFO - [2024-04-20T16:47:50.864+0000] {dag.py:3047} INFO - Sync 1 DAGs
[2024-04-20T16:47:50.878+0000] {logging_mixin.py:188} INFO - [2024-04-20T16:47:50.878+0000] {dag.py:3834} INFO - Setting next_dagrun for tutorial_dag to None, run_after=None
[2024-04-20T16:47:51.001+0000] {processor.py:183} INFO - Processing /home/airflow/.local/lib/python3.8/site-packages/airflow/example_dags/tutorial_dag.py took 0.170 seconds
[2024-04-20T16:48:21.214+0000] {processor.py:161} INFO - Started process (PID=1888) to work on /home/airflow/.local/lib/python3.8/site-packages/airflow/example_dags/tutorial_dag.py
[2024-04-20T16:48:21.215+0000] {processor.py:830} INFO - Processing file /home/airflow/.local/lib/python3.8/site-packages/airflow/example_dags/tutorial_dag.py for tasks to queue
[2024-04-20T16:48:21.216+0000] {logging_mixin.py:188} INFO - [2024-04-20T16:48:21.216+0000] {dagbag.py:540} INFO - Filling up the DagBag from /home/airflow/.local/lib/python3.8/site-packages/airflow/example_dags/tutorial_dag.py
[2024-04-20T16:48:21.221+0000] {processor.py:840} INFO - DAG(s) 'tutorial_dag' retrieved from /home/airflow/.local/lib/python3.8/site-packages/airflow/example_dags/tutorial_dag.py
[2024-04-20T16:48:21.245+0000] {logging_mixin.py:188} INFO - [2024-04-20T16:48:21.244+0000] {dag.py:3047} INFO - Sync 1 DAGs
[2024-04-20T16:48:21.259+0000] {logging_mixin.py:188} INFO - [2024-04-20T16:48:21.259+0000] {dag.py:3834} INFO - Setting next_dagrun for tutorial_dag to None, run_after=None
[2024-04-20T16:48:21.486+0000] {processor.py:183} INFO - Processing /home/airflow/.local/lib/python3.8/site-packages/airflow/example_dags/tutorial_dag.py took 0.276 seconds
[2024-04-20T16:48:52.282+0000] {processor.py:161} INFO - Started process (PID=2145) to work on /home/airflow/.local/lib/python3.8/site-packages/airflow/example_dags/tutorial_dag.py
[2024-04-20T16:48:52.282+0000] {processor.py:830} INFO - Processing file /home/airflow/.local/lib/python3.8/site-packages/airflow/example_dags/tutorial_dag.py for tasks to queue
[2024-04-20T16:48:52.283+0000] {logging_mixin.py:188} INFO - [2024-04-20T16:48:52.283+0000] {dagbag.py:540} INFO - Filling up the DagBag from /home/airflow/.local/lib/python3.8/site-packages/airflow/example_dags/tutorial_dag.py
[2024-04-20T16:48:52.289+0000] {processor.py:840} INFO - DAG(s) 'tutorial_dag' retrieved from /home/airflow/.local/lib/python3.8/site-packages/airflow/example_dags/tutorial_dag.py
[2024-04-20T16:48:52.312+0000] {logging_mixin.py:188} INFO - [2024-04-20T16:48:52.312+0000] {dag.py:3047} INFO - Sync 1 DAGs
[2024-04-20T16:48:52.330+0000] {logging_mixin.py:188} INFO - [2024-04-20T16:48:52.329+0000] {dag.py:3834} INFO - Setting next_dagrun for tutorial_dag to None, run_after=None
[2024-04-20T16:48:52.456+0000] {processor.py:183} INFO - Processing /home/airflow/.local/lib/python3.8/site-packages/airflow/example_dags/tutorial_dag.py took 0.178 seconds
[2024-04-20T16:49:23.011+0000] {processor.py:161} INFO - Started process (PID=2402) to work on /home/airflow/.local/lib/python3.8/site-packages/airflow/example_dags/tutorial_dag.py
[2024-04-20T16:49:23.012+0000] {processor.py:830} INFO - Processing file /home/airflow/.local/lib/python3.8/site-packages/airflow/example_dags/tutorial_dag.py for tasks to queue
[2024-04-20T16:49:23.013+0000] {logging_mixin.py:188} INFO - [2024-04-20T16:49:23.012+0000] {dagbag.py:540} INFO - Filling up the DagBag from /home/airflow/.local/lib/python3.8/site-packages/airflow/example_dags/tutorial_dag.py
[2024-04-20T16:49:23.018+0000] {processor.py:840} INFO - DAG(s) 'tutorial_dag' retrieved from /home/airflow/.local/lib/python3.8/site-packages/airflow/example_dags/tutorial_dag.py
[2024-04-20T16:49:23.041+0000] {logging_mixin.py:188} INFO - [2024-04-20T16:49:23.041+0000] {dag.py:3047} INFO - Sync 1 DAGs
[2024-04-20T16:49:23.055+0000] {logging_mixin.py:188} INFO - [2024-04-20T16:49:23.054+0000] {dag.py:3834} INFO - Setting next_dagrun for tutorial_dag to None, run_after=None
[2024-04-20T16:49:23.179+0000] {processor.py:183} INFO - Processing /home/airflow/.local/lib/python3.8/site-packages/airflow/example_dags/tutorial_dag.py took 0.171 seconds
[2024-04-20T16:49:53.298+0000] {processor.py:161} INFO - Started process (PID=2660) to work on /home/airflow/.local/lib/python3.8/site-packages/airflow/example_dags/tutorial_dag.py
[2024-04-20T16:49:53.299+0000] {processor.py:830} INFO - Processing file /home/airflow/.local/lib/python3.8/site-packages/airflow/example_dags/tutorial_dag.py for tasks to queue
[2024-04-20T16:49:53.299+0000] {logging_mixin.py:188} INFO - [2024-04-20T16:49:53.299+0000] {dagbag.py:540} INFO - Filling up the DagBag from /home/airflow/.local/lib/python3.8/site-packages/airflow/example_dags/tutorial_dag.py
[2024-04-20T16:49:53.303+0000] {processor.py:840} INFO - DAG(s) 'tutorial_dag' retrieved from /home/airflow/.local/lib/python3.8/site-packages/airflow/example_dags/tutorial_dag.py
[2024-04-20T16:49:53.320+0000] {logging_mixin.py:188} INFO - [2024-04-20T16:49:53.320+0000] {dag.py:3047} INFO - Sync 1 DAGs
[2024-04-20T16:49:53.329+0000] {logging_mixin.py:188} INFO - [2024-04-20T16:49:53.329+0000] {dag.py:3834} INFO - Setting next_dagrun for tutorial_dag to None, run_after=None
[2024-04-20T16:49:53.449+0000] {processor.py:183} INFO - Processing /home/airflow/.local/lib/python3.8/site-packages/airflow/example_dags/tutorial_dag.py took 0.154 seconds
[2024-04-20T16:50:23.550+0000] {processor.py:161} INFO - Started process (PID=2917) to work on /home/airflow/.local/lib/python3.8/site-packages/airflow/example_dags/tutorial_dag.py
[2024-04-20T16:50:23.551+0000] {processor.py:830} INFO - Processing file /home/airflow/.local/lib/python3.8/site-packages/airflow/example_dags/tutorial_dag.py for tasks to queue
[2024-04-20T16:50:23.552+0000] {logging_mixin.py:188} INFO - [2024-04-20T16:50:23.551+0000] {dagbag.py:540} INFO - Filling up the DagBag from /home/airflow/.local/lib/python3.8/site-packages/airflow/example_dags/tutorial_dag.py
[2024-04-20T16:50:23.556+0000] {processor.py:840} INFO - DAG(s) 'tutorial_dag' retrieved from /home/airflow/.local/lib/python3.8/site-packages/airflow/example_dags/tutorial_dag.py
[2024-04-20T16:50:23.572+0000] {logging_mixin.py:188} INFO - [2024-04-20T16:50:23.572+0000] {dag.py:3047} INFO - Sync 1 DAGs
[2024-04-20T16:50:23.582+0000] {logging_mixin.py:188} INFO - [2024-04-20T16:50:23.582+0000] {dag.py:3834} INFO - Setting next_dagrun for tutorial_dag to None, run_after=None
[2024-04-20T16:50:23.791+0000] {processor.py:183} INFO - Processing /home/airflow/.local/lib/python3.8/site-packages/airflow/example_dags/tutorial_dag.py took 0.243 seconds
[2024-04-20T16:50:54.519+0000] {processor.py:161} INFO - Started process (PID=3173) to work on /home/airflow/.local/lib/python3.8/site-packages/airflow/example_dags/tutorial_dag.py
[2024-04-20T16:50:54.520+0000] {processor.py:830} INFO - Processing file /home/airflow/.local/lib/python3.8/site-packages/airflow/example_dags/tutorial_dag.py for tasks to queue
[2024-04-20T16:50:54.521+0000] {logging_mixin.py:188} INFO - [2024-04-20T16:50:54.521+0000] {dagbag.py:540} INFO - Filling up the DagBag from /home/airflow/.local/lib/python3.8/site-packages/airflow/example_dags/tutorial_dag.py
[2024-04-20T16:50:54.525+0000] {processor.py:840} INFO - DAG(s) 'tutorial_dag' retrieved from /home/airflow/.local/lib/python3.8/site-packages/airflow/example_dags/tutorial_dag.py
[2024-04-20T16:50:54.541+0000] {logging_mixin.py:188} INFO - [2024-04-20T16:50:54.541+0000] {dag.py:3047} INFO - Sync 1 DAGs
[2024-04-20T16:50:54.551+0000] {logging_mixin.py:188} INFO - [2024-04-20T16:50:54.551+0000] {dag.py:3834} INFO - Setting next_dagrun for tutorial_dag to None, run_after=None
[2024-04-20T16:50:54.709+0000] {processor.py:183} INFO - Processing /home/airflow/.local/lib/python3.8/site-packages/airflow/example_dags/tutorial_dag.py took 0.192 seconds
[2024-04-20T16:51:24.926+0000] {processor.py:161} INFO - Started process (PID=3430) to work on /home/airflow/.local/lib/python3.8/site-packages/airflow/example_dags/tutorial_dag.py
[2024-04-20T16:51:24.926+0000] {processor.py:830} INFO - Processing file /home/airflow/.local/lib/python3.8/site-packages/airflow/example_dags/tutorial_dag.py for tasks to queue
[2024-04-20T16:51:24.927+0000] {logging_mixin.py:188} INFO - [2024-04-20T16:51:24.927+0000] {dagbag.py:540} INFO - Filling up the DagBag from /home/airflow/.local/lib/python3.8/site-packages/airflow/example_dags/tutorial_dag.py
[2024-04-20T16:51:24.931+0000] {processor.py:840} INFO - DAG(s) 'tutorial_dag' retrieved from /home/airflow/.local/lib/python3.8/site-packages/airflow/example_dags/tutorial_dag.py
[2024-04-20T16:51:24.949+0000] {logging_mixin.py:188} INFO - [2024-04-20T16:51:24.948+0000] {dag.py:3047} INFO - Sync 1 DAGs
[2024-04-20T16:51:24.958+0000] {logging_mixin.py:188} INFO - [2024-04-20T16:51:24.958+0000] {dag.py:3834} INFO - Setting next_dagrun for tutorial_dag to None, run_after=None
[2024-04-20T16:51:25.117+0000] {processor.py:183} INFO - Processing /home/airflow/.local/lib/python3.8/site-packages/airflow/example_dags/tutorial_dag.py took 0.194 seconds
[2024-04-20T16:51:55.727+0000] {processor.py:161} INFO - Started process (PID=3687) to work on /home/airflow/.local/lib/python3.8/site-packages/airflow/example_dags/tutorial_dag.py
[2024-04-20T16:51:55.728+0000] {processor.py:830} INFO - Processing file /home/airflow/.local/lib/python3.8/site-packages/airflow/example_dags/tutorial_dag.py for tasks to queue
[2024-04-20T16:51:55.729+0000] {logging_mixin.py:188} INFO - [2024-04-20T16:51:55.729+0000] {dagbag.py:540} INFO - Filling up the DagBag from /home/airflow/.local/lib/python3.8/site-packages/airflow/example_dags/tutorial_dag.py
[2024-04-20T16:51:55.733+0000] {processor.py:840} INFO - DAG(s) 'tutorial_dag' retrieved from /home/airflow/.local/lib/python3.8/site-packages/airflow/example_dags/tutorial_dag.py
[2024-04-20T16:51:55.750+0000] {logging_mixin.py:188} INFO - [2024-04-20T16:51:55.750+0000] {dag.py:3047} INFO - Sync 1 DAGs
[2024-04-20T16:51:55.760+0000] {logging_mixin.py:188} INFO - [2024-04-20T16:51:55.760+0000] {dag.py:3834} INFO - Setting next_dagrun for tutorial_dag to None, run_after=None
[2024-04-20T16:51:55.918+0000] {processor.py:183} INFO - Processing /home/airflow/.local/lib/python3.8/site-packages/airflow/example_dags/tutorial_dag.py took 0.194 seconds
[2024-04-20T16:52:26.145+0000] {processor.py:161} INFO - Started process (PID=3944) to work on /home/airflow/.local/lib/python3.8/site-packages/airflow/example_dags/tutorial_dag.py
[2024-04-20T16:52:26.146+0000] {processor.py:830} INFO - Processing file /home/airflow/.local/lib/python3.8/site-packages/airflow/example_dags/tutorial_dag.py for tasks to queue
[2024-04-20T16:52:26.147+0000] {logging_mixin.py:188} INFO - [2024-04-20T16:52:26.146+0000] {dagbag.py:540} INFO - Filling up the DagBag from /home/airflow/.local/lib/python3.8/site-packages/airflow/example_dags/tutorial_dag.py
[2024-04-20T16:52:26.151+0000] {processor.py:840} INFO - DAG(s) 'tutorial_dag' retrieved from /home/airflow/.local/lib/python3.8/site-packages/airflow/example_dags/tutorial_dag.py
[2024-04-20T16:52:26.167+0000] {logging_mixin.py:188} INFO - [2024-04-20T16:52:26.167+0000] {dag.py:3047} INFO - Sync 1 DAGs
[2024-04-20T16:52:26.177+0000] {logging_mixin.py:188} INFO - [2024-04-20T16:52:26.176+0000] {dag.py:3834} INFO - Setting next_dagrun for tutorial_dag to None, run_after=None
[2024-04-20T16:52:26.334+0000] {processor.py:183} INFO - Processing /home/airflow/.local/lib/python3.8/site-packages/airflow/example_dags/tutorial_dag.py took 0.192 seconds
[2024-04-20T16:52:56.666+0000] {processor.py:161} INFO - Started process (PID=4201) to work on /home/airflow/.local/lib/python3.8/site-packages/airflow/example_dags/tutorial_dag.py
[2024-04-20T16:52:56.667+0000] {processor.py:830} INFO - Processing file /home/airflow/.local/lib/python3.8/site-packages/airflow/example_dags/tutorial_dag.py for tasks to queue
[2024-04-20T16:52:56.668+0000] {logging_mixin.py:188} INFO - [2024-04-20T16:52:56.667+0000] {dagbag.py:540} INFO - Filling up the DagBag from /home/airflow/.local/lib/python3.8/site-packages/airflow/example_dags/tutorial_dag.py
[2024-04-20T16:52:56.672+0000] {processor.py:840} INFO - DAG(s) 'tutorial_dag' retrieved from /home/airflow/.local/lib/python3.8/site-packages/airflow/example_dags/tutorial_dag.py
[2024-04-20T16:52:56.688+0000] {logging_mixin.py:188} INFO - [2024-04-20T16:52:56.688+0000] {dag.py:3047} INFO - Sync 1 DAGs
[2024-04-20T16:52:56.698+0000] {logging_mixin.py:188} INFO - [2024-04-20T16:52:56.698+0000] {dag.py:3834} INFO - Setting next_dagrun for tutorial_dag to None, run_after=None
[2024-04-20T16:52:57.023+0000] {processor.py:183} INFO - Processing /home/airflow/.local/lib/python3.8/site-packages/airflow/example_dags/tutorial_dag.py took 0.360 seconds
[2024-04-20T16:53:27.162+0000] {processor.py:161} INFO - Started process (PID=4461) to work on /home/airflow/.local/lib/python3.8/site-packages/airflow/example_dags/tutorial_dag.py
[2024-04-20T16:53:27.162+0000] {processor.py:830} INFO - Processing file /home/airflow/.local/lib/python3.8/site-packages/airflow/example_dags/tutorial_dag.py for tasks to queue
[2024-04-20T16:53:27.163+0000] {logging_mixin.py:188} INFO - [2024-04-20T16:53:27.163+0000] {dagbag.py:540} INFO - Filling up the DagBag from /home/airflow/.local/lib/python3.8/site-packages/airflow/example_dags/tutorial_dag.py
[2024-04-20T16:53:27.167+0000] {processor.py:840} INFO - DAG(s) 'tutorial_dag' retrieved from /home/airflow/.local/lib/python3.8/site-packages/airflow/example_dags/tutorial_dag.py
[2024-04-20T16:53:27.184+0000] {logging_mixin.py:188} INFO - [2024-04-20T16:53:27.184+0000] {dag.py:3047} INFO - Sync 1 DAGs
[2024-04-20T16:53:27.194+0000] {logging_mixin.py:188} INFO - [2024-04-20T16:53:27.193+0000] {dag.py:3834} INFO - Setting next_dagrun for tutorial_dag to None, run_after=None
[2024-04-20T16:53:27.401+0000] {processor.py:183} INFO - Processing /home/airflow/.local/lib/python3.8/site-packages/airflow/example_dags/tutorial_dag.py took 0.242 seconds
[2024-04-20T16:53:57.927+0000] {processor.py:161} INFO - Started process (PID=4718) to work on /home/airflow/.local/lib/python3.8/site-packages/airflow/example_dags/tutorial_dag.py
[2024-04-20T16:53:57.927+0000] {processor.py:830} INFO - Processing file /home/airflow/.local/lib/python3.8/site-packages/airflow/example_dags/tutorial_dag.py for tasks to queue
[2024-04-20T16:53:57.928+0000] {logging_mixin.py:188} INFO - [2024-04-20T16:53:57.928+0000] {dagbag.py:540} INFO - Filling up the DagBag from /home/airflow/.local/lib/python3.8/site-packages/airflow/example_dags/tutorial_dag.py
[2024-04-20T16:53:57.934+0000] {processor.py:840} INFO - DAG(s) 'tutorial_dag' retrieved from /home/airflow/.local/lib/python3.8/site-packages/airflow/example_dags/tutorial_dag.py
[2024-04-20T16:53:57.958+0000] {logging_mixin.py:188} INFO - [2024-04-20T16:53:57.957+0000] {dag.py:3047} INFO - Sync 1 DAGs
[2024-04-20T16:53:57.972+0000] {logging_mixin.py:188} INFO - [2024-04-20T16:53:57.972+0000] {dag.py:3834} INFO - Setting next_dagrun for tutorial_dag to None, run_after=None
[2024-04-20T16:53:58.099+0000] {processor.py:183} INFO - Processing /home/airflow/.local/lib/python3.8/site-packages/airflow/example_dags/tutorial_dag.py took 0.175 seconds
[2024-04-20T16:54:28.563+0000] {processor.py:161} INFO - Started process (PID=4972) to work on /home/airflow/.local/lib/python3.8/site-packages/airflow/example_dags/tutorial_dag.py
[2024-04-20T16:54:28.564+0000] {processor.py:830} INFO - Processing file /home/airflow/.local/lib/python3.8/site-packages/airflow/example_dags/tutorial_dag.py for tasks to queue
[2024-04-20T16:54:28.565+0000] {logging_mixin.py:188} INFO - [2024-04-20T16:54:28.564+0000] {dagbag.py:540} INFO - Filling up the DagBag from /home/airflow/.local/lib/python3.8/site-packages/airflow/example_dags/tutorial_dag.py
[2024-04-20T16:54:28.569+0000] {processor.py:840} INFO - DAG(s) 'tutorial_dag' retrieved from /home/airflow/.local/lib/python3.8/site-packages/airflow/example_dags/tutorial_dag.py
[2024-04-20T16:54:28.586+0000] {logging_mixin.py:188} INFO - [2024-04-20T16:54:28.586+0000] {dag.py:3047} INFO - Sync 1 DAGs
[2024-04-20T16:54:28.596+0000] {logging_mixin.py:188} INFO - [2024-04-20T16:54:28.595+0000] {dag.py:3834} INFO - Setting next_dagrun for tutorial_dag to None, run_after=None
[2024-04-20T16:54:28.850+0000] {processor.py:183} INFO - Processing /home/airflow/.local/lib/python3.8/site-packages/airflow/example_dags/tutorial_dag.py took 0.289 seconds
[2024-04-20T16:54:58.959+0000] {processor.py:161} INFO - Started process (PID=5230) to work on /home/airflow/.local/lib/python3.8/site-packages/airflow/example_dags/tutorial_dag.py
[2024-04-20T16:54:58.960+0000] {processor.py:830} INFO - Processing file /home/airflow/.local/lib/python3.8/site-packages/airflow/example_dags/tutorial_dag.py for tasks to queue
[2024-04-20T16:54:58.960+0000] {logging_mixin.py:188} INFO - [2024-04-20T16:54:58.960+0000] {dagbag.py:540} INFO - Filling up the DagBag from /home/airflow/.local/lib/python3.8/site-packages/airflow/example_dags/tutorial_dag.py
[2024-04-20T16:54:58.964+0000] {processor.py:840} INFO - DAG(s) 'tutorial_dag' retrieved from /home/airflow/.local/lib/python3.8/site-packages/airflow/example_dags/tutorial_dag.py
[2024-04-20T16:54:58.981+0000] {logging_mixin.py:188} INFO - [2024-04-20T16:54:58.981+0000] {dag.py:3047} INFO - Sync 1 DAGs
[2024-04-20T16:54:58.992+0000] {logging_mixin.py:188} INFO - [2024-04-20T16:54:58.991+0000] {dag.py:3834} INFO - Setting next_dagrun for tutorial_dag to None, run_after=None
[2024-04-20T16:54:59.142+0000] {processor.py:183} INFO - Processing /home/airflow/.local/lib/python3.8/site-packages/airflow/example_dags/tutorial_dag.py took 0.185 seconds
[2024-04-20T16:55:29.383+0000] {processor.py:161} INFO - Started process (PID=5487) to work on /home/airflow/.local/lib/python3.8/site-packages/airflow/example_dags/tutorial_dag.py
[2024-04-20T16:55:29.384+0000] {processor.py:830} INFO - Processing file /home/airflow/.local/lib/python3.8/site-packages/airflow/example_dags/tutorial_dag.py for tasks to queue
[2024-04-20T16:55:29.385+0000] {logging_mixin.py:188} INFO - [2024-04-20T16:55:29.384+0000] {dagbag.py:540} INFO - Filling up the DagBag from /home/airflow/.local/lib/python3.8/site-packages/airflow/example_dags/tutorial_dag.py
[2024-04-20T16:55:29.389+0000] {processor.py:840} INFO - DAG(s) 'tutorial_dag' retrieved from /home/airflow/.local/lib/python3.8/site-packages/airflow/example_dags/tutorial_dag.py
[2024-04-20T16:55:29.407+0000] {logging_mixin.py:188} INFO - [2024-04-20T16:55:29.407+0000] {dag.py:3047} INFO - Sync 1 DAGs
[2024-04-20T16:55:29.417+0000] {logging_mixin.py:188} INFO - [2024-04-20T16:55:29.417+0000] {dag.py:3834} INFO - Setting next_dagrun for tutorial_dag to None, run_after=None
[2024-04-20T16:55:29.574+0000] {processor.py:183} INFO - Processing /home/airflow/.local/lib/python3.8/site-packages/airflow/example_dags/tutorial_dag.py took 0.193 seconds
[2024-04-20T16:55:59.662+0000] {processor.py:161} INFO - Started process (PID=5745) to work on /home/airflow/.local/lib/python3.8/site-packages/airflow/example_dags/tutorial_dag.py
[2024-04-20T16:55:59.663+0000] {processor.py:830} INFO - Processing file /home/airflow/.local/lib/python3.8/site-packages/airflow/example_dags/tutorial_dag.py for tasks to queue
[2024-04-20T16:55:59.664+0000] {logging_mixin.py:188} INFO - [2024-04-20T16:55:59.664+0000] {dagbag.py:540} INFO - Filling up the DagBag from /home/airflow/.local/lib/python3.8/site-packages/airflow/example_dags/tutorial_dag.py
[2024-04-20T16:55:59.670+0000] {processor.py:840} INFO - DAG(s) 'tutorial_dag' retrieved from /home/airflow/.local/lib/python3.8/site-packages/airflow/example_dags/tutorial_dag.py
[2024-04-20T16:55:59.692+0000] {logging_mixin.py:188} INFO - [2024-04-20T16:55:59.691+0000] {dag.py:3047} INFO - Sync 1 DAGs
[2024-04-20T16:55:59.705+0000] {logging_mixin.py:188} INFO - [2024-04-20T16:55:59.705+0000] {dag.py:3834} INFO - Setting next_dagrun for tutorial_dag to None, run_after=None
[2024-04-20T16:55:59.828+0000] {processor.py:183} INFO - Processing /home/airflow/.local/lib/python3.8/site-packages/airflow/example_dags/tutorial_dag.py took 0.170 seconds
[2024-04-20T16:56:30.024+0000] {processor.py:161} INFO - Started process (PID=6002) to work on /home/airflow/.local/lib/python3.8/site-packages/airflow/example_dags/tutorial_dag.py
[2024-04-20T16:56:30.025+0000] {processor.py:830} INFO - Processing file /home/airflow/.local/lib/python3.8/site-packages/airflow/example_dags/tutorial_dag.py for tasks to queue
[2024-04-20T16:56:30.026+0000] {logging_mixin.py:188} INFO - [2024-04-20T16:56:30.026+0000] {dagbag.py:540} INFO - Filling up the DagBag from /home/airflow/.local/lib/python3.8/site-packages/airflow/example_dags/tutorial_dag.py
[2024-04-20T16:56:30.032+0000] {processor.py:840} INFO - DAG(s) 'tutorial_dag' retrieved from /home/airflow/.local/lib/python3.8/site-packages/airflow/example_dags/tutorial_dag.py
[2024-04-20T16:56:30.054+0000] {logging_mixin.py:188} INFO - [2024-04-20T16:56:30.054+0000] {dag.py:3047} INFO - Sync 1 DAGs
[2024-04-20T16:56:30.068+0000] {logging_mixin.py:188} INFO - [2024-04-20T16:56:30.067+0000] {dag.py:3834} INFO - Setting next_dagrun for tutorial_dag to None, run_after=None
[2024-04-20T16:56:30.193+0000] {processor.py:183} INFO - Processing /home/airflow/.local/lib/python3.8/site-packages/airflow/example_dags/tutorial_dag.py took 0.173 seconds
[2024-04-20T16:57:00.343+0000] {processor.py:161} INFO - Started process (PID=6254) to work on /home/airflow/.local/lib/python3.8/site-packages/airflow/example_dags/tutorial_dag.py
[2024-04-20T16:57:00.344+0000] {processor.py:830} INFO - Processing file /home/airflow/.local/lib/python3.8/site-packages/airflow/example_dags/tutorial_dag.py for tasks to queue
[2024-04-20T16:57:00.344+0000] {logging_mixin.py:188} INFO - [2024-04-20T16:57:00.344+0000] {dagbag.py:540} INFO - Filling up the DagBag from /home/airflow/.local/lib/python3.8/site-packages/airflow/example_dags/tutorial_dag.py
[2024-04-20T16:57:00.350+0000] {processor.py:840} INFO - DAG(s) 'tutorial_dag' retrieved from /home/airflow/.local/lib/python3.8/site-packages/airflow/example_dags/tutorial_dag.py
[2024-04-20T16:57:00.367+0000] {logging_mixin.py:188} INFO - [2024-04-20T16:57:00.366+0000] {dag.py:3047} INFO - Sync 1 DAGs
[2024-04-20T16:57:00.376+0000] {logging_mixin.py:188} INFO - [2024-04-20T16:57:00.376+0000] {dag.py:3834} INFO - Setting next_dagrun for tutorial_dag to None, run_after=None
[2024-04-20T16:57:00.534+0000] {processor.py:183} INFO - Processing /home/airflow/.local/lib/python3.8/site-packages/airflow/example_dags/tutorial_dag.py took 0.195 seconds
[2024-04-20T16:57:31.073+0000] {processor.py:161} INFO - Started process (PID=6514) to work on /home/airflow/.local/lib/python3.8/site-packages/airflow/example_dags/tutorial_dag.py
[2024-04-20T16:57:31.074+0000] {processor.py:830} INFO - Processing file /home/airflow/.local/lib/python3.8/site-packages/airflow/example_dags/tutorial_dag.py for tasks to queue
[2024-04-20T16:57:31.074+0000] {logging_mixin.py:188} INFO - [2024-04-20T16:57:31.074+0000] {dagbag.py:540} INFO - Filling up the DagBag from /home/airflow/.local/lib/python3.8/site-packages/airflow/example_dags/tutorial_dag.py
[2024-04-20T16:57:31.078+0000] {processor.py:840} INFO - DAG(s) 'tutorial_dag' retrieved from /home/airflow/.local/lib/python3.8/site-packages/airflow/example_dags/tutorial_dag.py
[2024-04-20T16:57:31.096+0000] {logging_mixin.py:188} INFO - [2024-04-20T16:57:31.095+0000] {dag.py:3047} INFO - Sync 1 DAGs
[2024-04-20T16:57:31.106+0000] {logging_mixin.py:188} INFO - [2024-04-20T16:57:31.106+0000] {dag.py:3834} INFO - Setting next_dagrun for tutorial_dag to None, run_after=None
[2024-04-20T16:57:31.317+0000] {processor.py:183} INFO - Processing /home/airflow/.local/lib/python3.8/site-packages/airflow/example_dags/tutorial_dag.py took 0.246 seconds
[2024-04-20T16:58:01.446+0000] {processor.py:161} INFO - Started process (PID=6769) to work on /home/airflow/.local/lib/python3.8/site-packages/airflow/example_dags/tutorial_dag.py
[2024-04-20T16:58:01.447+0000] {processor.py:830} INFO - Processing file /home/airflow/.local/lib/python3.8/site-packages/airflow/example_dags/tutorial_dag.py for tasks to queue
[2024-04-20T16:58:01.448+0000] {logging_mixin.py:188} INFO - [2024-04-20T16:58:01.448+0000] {dagbag.py:540} INFO - Filling up the DagBag from /home/airflow/.local/lib/python3.8/site-packages/airflow/example_dags/tutorial_dag.py
[2024-04-20T16:58:01.452+0000] {processor.py:840} INFO - DAG(s) 'tutorial_dag' retrieved from /home/airflow/.local/lib/python3.8/site-packages/airflow/example_dags/tutorial_dag.py
[2024-04-20T16:58:01.469+0000] {logging_mixin.py:188} INFO - [2024-04-20T16:58:01.468+0000] {dag.py:3047} INFO - Sync 1 DAGs
[2024-04-20T16:58:01.479+0000] {logging_mixin.py:188} INFO - [2024-04-20T16:58:01.479+0000] {dag.py:3834} INFO - Setting next_dagrun for tutorial_dag to None, run_after=None
[2024-04-20T16:58:01.637+0000] {processor.py:183} INFO - Processing /home/airflow/.local/lib/python3.8/site-packages/airflow/example_dags/tutorial_dag.py took 0.193 seconds
[2024-04-20T16:58:31.989+0000] {processor.py:161} INFO - Started process (PID=7030) to work on /home/airflow/.local/lib/python3.8/site-packages/airflow/example_dags/tutorial_dag.py
[2024-04-20T16:58:31.990+0000] {processor.py:830} INFO - Processing file /home/airflow/.local/lib/python3.8/site-packages/airflow/example_dags/tutorial_dag.py for tasks to queue
[2024-04-20T16:58:31.990+0000] {logging_mixin.py:188} INFO - [2024-04-20T16:58:31.990+0000] {dagbag.py:540} INFO - Filling up the DagBag from /home/airflow/.local/lib/python3.8/site-packages/airflow/example_dags/tutorial_dag.py
[2024-04-20T16:58:31.995+0000] {processor.py:840} INFO - DAG(s) 'tutorial_dag' retrieved from /home/airflow/.local/lib/python3.8/site-packages/airflow/example_dags/tutorial_dag.py
[2024-04-20T16:58:32.012+0000] {logging_mixin.py:188} INFO - [2024-04-20T16:58:32.012+0000] {dag.py:3047} INFO - Sync 1 DAGs
[2024-04-20T16:58:32.021+0000] {logging_mixin.py:188} INFO - [2024-04-20T16:58:32.021+0000] {dag.py:3834} INFO - Setting next_dagrun for tutorial_dag to None, run_after=None
[2024-04-20T16:58:32.197+0000] {processor.py:183} INFO - Processing /home/airflow/.local/lib/python3.8/site-packages/airflow/example_dags/tutorial_dag.py took 0.211 seconds
[2024-04-20T16:59:02.331+0000] {processor.py:161} INFO - Started process (PID=7285) to work on /home/airflow/.local/lib/python3.8/site-packages/airflow/example_dags/tutorial_dag.py
[2024-04-20T16:59:02.332+0000] {processor.py:830} INFO - Processing file /home/airflow/.local/lib/python3.8/site-packages/airflow/example_dags/tutorial_dag.py for tasks to queue
[2024-04-20T16:59:02.333+0000] {logging_mixin.py:188} INFO - [2024-04-20T16:59:02.332+0000] {dagbag.py:540} INFO - Filling up the DagBag from /home/airflow/.local/lib/python3.8/site-packages/airflow/example_dags/tutorial_dag.py
[2024-04-20T16:59:02.337+0000] {processor.py:840} INFO - DAG(s) 'tutorial_dag' retrieved from /home/airflow/.local/lib/python3.8/site-packages/airflow/example_dags/tutorial_dag.py
[2024-04-20T16:59:02.354+0000] {logging_mixin.py:188} INFO - [2024-04-20T16:59:02.354+0000] {dag.py:3047} INFO - Sync 1 DAGs
[2024-04-20T16:59:02.364+0000] {logging_mixin.py:188} INFO - [2024-04-20T16:59:02.364+0000] {dag.py:3834} INFO - Setting next_dagrun for tutorial_dag to None, run_after=None
[2024-04-20T16:59:02.519+0000] {processor.py:183} INFO - Processing /home/airflow/.local/lib/python3.8/site-packages/airflow/example_dags/tutorial_dag.py took 0.191 seconds
[2024-04-20T16:59:34.206+0000] {processor.py:161} INFO - Started process (PID=7547) to work on /home/airflow/.local/lib/python3.8/site-packages/airflow/example_dags/tutorial_dag.py
[2024-04-20T16:59:34.207+0000] {processor.py:830} INFO - Processing file /home/airflow/.local/lib/python3.8/site-packages/airflow/example_dags/tutorial_dag.py for tasks to queue
[2024-04-20T16:59:34.208+0000] {logging_mixin.py:188} INFO - [2024-04-20T16:59:34.208+0000] {dagbag.py:540} INFO - Filling up the DagBag from /home/airflow/.local/lib/python3.8/site-packages/airflow/example_dags/tutorial_dag.py
[2024-04-20T16:59:34.212+0000] {processor.py:840} INFO - DAG(s) 'tutorial_dag' retrieved from /home/airflow/.local/lib/python3.8/site-packages/airflow/example_dags/tutorial_dag.py
[2024-04-20T16:59:34.228+0000] {logging_mixin.py:188} INFO - [2024-04-20T16:59:34.228+0000] {dag.py:3047} INFO - Sync 1 DAGs
[2024-04-20T16:59:34.238+0000] {logging_mixin.py:188} INFO - [2024-04-20T16:59:34.238+0000] {dag.py:3834} INFO - Setting next_dagrun for tutorial_dag to None, run_after=None
[2024-04-20T16:59:34.500+0000] {processor.py:183} INFO - Processing /home/airflow/.local/lib/python3.8/site-packages/airflow/example_dags/tutorial_dag.py took 0.296 seconds
[2024-04-20T17:00:05.167+0000] {processor.py:161} INFO - Started process (PID=7804) to work on /home/airflow/.local/lib/python3.8/site-packages/airflow/example_dags/tutorial_dag.py
[2024-04-20T17:00:05.168+0000] {processor.py:830} INFO - Processing file /home/airflow/.local/lib/python3.8/site-packages/airflow/example_dags/tutorial_dag.py for tasks to queue
[2024-04-20T17:00:05.169+0000] {logging_mixin.py:188} INFO - [2024-04-20T17:00:05.169+0000] {dagbag.py:540} INFO - Filling up the DagBag from /home/airflow/.local/lib/python3.8/site-packages/airflow/example_dags/tutorial_dag.py
[2024-04-20T17:00:05.173+0000] {processor.py:840} INFO - DAG(s) 'tutorial_dag' retrieved from /home/airflow/.local/lib/python3.8/site-packages/airflow/example_dags/tutorial_dag.py
[2024-04-20T17:00:05.190+0000] {logging_mixin.py:188} INFO - [2024-04-20T17:00:05.190+0000] {dag.py:3047} INFO - Sync 1 DAGs
[2024-04-20T17:00:05.200+0000] {logging_mixin.py:188} INFO - [2024-04-20T17:00:05.199+0000] {dag.py:3834} INFO - Setting next_dagrun for tutorial_dag to None, run_after=None
[2024-04-20T17:00:05.356+0000] {processor.py:183} INFO - Processing /home/airflow/.local/lib/python3.8/site-packages/airflow/example_dags/tutorial_dag.py took 0.191 seconds
[2024-04-20T17:00:35.463+0000] {processor.py:161} INFO - Started process (PID=8061) to work on /home/airflow/.local/lib/python3.8/site-packages/airflow/example_dags/tutorial_dag.py
[2024-04-20T17:00:35.464+0000] {processor.py:830} INFO - Processing file /home/airflow/.local/lib/python3.8/site-packages/airflow/example_dags/tutorial_dag.py for tasks to queue
[2024-04-20T17:00:35.465+0000] {logging_mixin.py:188} INFO - [2024-04-20T17:00:35.465+0000] {dagbag.py:540} INFO - Filling up the DagBag from /home/airflow/.local/lib/python3.8/site-packages/airflow/example_dags/tutorial_dag.py
[2024-04-20T17:00:35.470+0000] {processor.py:840} INFO - DAG(s) 'tutorial_dag' retrieved from /home/airflow/.local/lib/python3.8/site-packages/airflow/example_dags/tutorial_dag.py
[2024-04-20T17:00:35.492+0000] {logging_mixin.py:188} INFO - [2024-04-20T17:00:35.492+0000] {dag.py:3047} INFO - Sync 1 DAGs
[2024-04-20T17:00:35.506+0000] {logging_mixin.py:188} INFO - [2024-04-20T17:00:35.506+0000] {dag.py:3834} INFO - Setting next_dagrun for tutorial_dag to None, run_after=None
[2024-04-20T17:00:35.636+0000] {processor.py:183} INFO - Processing /home/airflow/.local/lib/python3.8/site-packages/airflow/example_dags/tutorial_dag.py took 0.177 seconds
[2024-04-20T17:01:05.693+0000] {processor.py:161} INFO - Started process (PID=8316) to work on /home/airflow/.local/lib/python3.8/site-packages/airflow/example_dags/tutorial_dag.py
[2024-04-20T17:01:05.694+0000] {processor.py:830} INFO - Processing file /home/airflow/.local/lib/python3.8/site-packages/airflow/example_dags/tutorial_dag.py for tasks to queue
[2024-04-20T17:01:05.695+0000] {logging_mixin.py:188} INFO - [2024-04-20T17:01:05.694+0000] {dagbag.py:540} INFO - Filling up the DagBag from /home/airflow/.local/lib/python3.8/site-packages/airflow/example_dags/tutorial_dag.py
[2024-04-20T17:01:05.699+0000] {processor.py:840} INFO - DAG(s) 'tutorial_dag' retrieved from /home/airflow/.local/lib/python3.8/site-packages/airflow/example_dags/tutorial_dag.py
[2024-04-20T17:01:05.715+0000] {logging_mixin.py:188} INFO - [2024-04-20T17:01:05.715+0000] {dag.py:3047} INFO - Sync 1 DAGs
[2024-04-20T17:01:05.725+0000] {logging_mixin.py:188} INFO - [2024-04-20T17:01:05.725+0000] {dag.py:3834} INFO - Setting next_dagrun for tutorial_dag to None, run_after=None
[2024-04-20T17:01:05.845+0000] {processor.py:183} INFO - Processing /home/airflow/.local/lib/python3.8/site-packages/airflow/example_dags/tutorial_dag.py took 0.155 seconds
[2024-04-20T17:01:36.227+0000] {processor.py:161} INFO - Started process (PID=8572) to work on /home/airflow/.local/lib/python3.8/site-packages/airflow/example_dags/tutorial_dag.py
[2024-04-20T17:01:36.228+0000] {processor.py:830} INFO - Processing file /home/airflow/.local/lib/python3.8/site-packages/airflow/example_dags/tutorial_dag.py for tasks to queue
[2024-04-20T17:01:36.228+0000] {logging_mixin.py:188} INFO - [2024-04-20T17:01:36.228+0000] {dagbag.py:540} INFO - Filling up the DagBag from /home/airflow/.local/lib/python3.8/site-packages/airflow/example_dags/tutorial_dag.py
[2024-04-20T17:01:36.232+0000] {processor.py:840} INFO - DAG(s) 'tutorial_dag' retrieved from /home/airflow/.local/lib/python3.8/site-packages/airflow/example_dags/tutorial_dag.py
[2024-04-20T17:01:36.249+0000] {logging_mixin.py:188} INFO - [2024-04-20T17:01:36.249+0000] {dag.py:3047} INFO - Sync 1 DAGs
[2024-04-20T17:01:36.258+0000] {logging_mixin.py:188} INFO - [2024-04-20T17:01:36.258+0000] {dag.py:3834} INFO - Setting next_dagrun for tutorial_dag to None, run_after=None
[2024-04-20T17:01:36.415+0000] {processor.py:183} INFO - Processing /home/airflow/.local/lib/python3.8/site-packages/airflow/example_dags/tutorial_dag.py took 0.192 seconds
[2024-04-20T17:02:07.101+0000] {processor.py:161} INFO - Started process (PID=8834) to work on /home/airflow/.local/lib/python3.8/site-packages/airflow/example_dags/tutorial_dag.py
[2024-04-20T17:02:07.102+0000] {processor.py:830} INFO - Processing file /home/airflow/.local/lib/python3.8/site-packages/airflow/example_dags/tutorial_dag.py for tasks to queue
[2024-04-20T17:02:07.103+0000] {logging_mixin.py:188} INFO - [2024-04-20T17:02:07.103+0000] {dagbag.py:540} INFO - Filling up the DagBag from /home/airflow/.local/lib/python3.8/site-packages/airflow/example_dags/tutorial_dag.py
[2024-04-20T17:02:07.108+0000] {processor.py:840} INFO - DAG(s) 'tutorial_dag' retrieved from /home/airflow/.local/lib/python3.8/site-packages/airflow/example_dags/tutorial_dag.py
[2024-04-20T17:02:07.157+0000] {logging_mixin.py:188} INFO - [2024-04-20T17:02:07.156+0000] {dag.py:3047} INFO - Sync 1 DAGs
[2024-04-20T17:02:07.170+0000] {logging_mixin.py:188} INFO - [2024-04-20T17:02:07.169+0000] {dag.py:3834} INFO - Setting next_dagrun for tutorial_dag to None, run_after=None
[2024-04-20T17:02:07.491+0000] {processor.py:183} INFO - Processing /home/airflow/.local/lib/python3.8/site-packages/airflow/example_dags/tutorial_dag.py took 0.393 seconds
[2024-04-20T17:02:38.215+0000] {processor.py:161} INFO - Started process (PID=9092) to work on /home/airflow/.local/lib/python3.8/site-packages/airflow/example_dags/tutorial_dag.py
[2024-04-20T17:02:38.217+0000] {processor.py:830} INFO - Processing file /home/airflow/.local/lib/python3.8/site-packages/airflow/example_dags/tutorial_dag.py for tasks to queue
[2024-04-20T17:02:38.218+0000] {logging_mixin.py:188} INFO - [2024-04-20T17:02:38.217+0000] {dagbag.py:540} INFO - Filling up the DagBag from /home/airflow/.local/lib/python3.8/site-packages/airflow/example_dags/tutorial_dag.py
[2024-04-20T17:02:38.224+0000] {processor.py:840} INFO - DAG(s) 'tutorial_dag' retrieved from /home/airflow/.local/lib/python3.8/site-packages/airflow/example_dags/tutorial_dag.py
[2024-04-20T17:02:38.246+0000] {logging_mixin.py:188} INFO - [2024-04-20T17:02:38.246+0000] {dag.py:3047} INFO - Sync 1 DAGs
[2024-04-20T17:02:38.262+0000] {logging_mixin.py:188} INFO - [2024-04-20T17:02:38.262+0000] {dag.py:3834} INFO - Setting next_dagrun for tutorial_dag to None, run_after=None
[2024-04-20T17:02:38.548+0000] {processor.py:183} INFO - Processing /home/airflow/.local/lib/python3.8/site-packages/airflow/example_dags/tutorial_dag.py took 0.337 seconds
[2024-04-20T17:03:09.086+0000] {processor.py:161} INFO - Started process (PID=9349) to work on /home/airflow/.local/lib/python3.8/site-packages/airflow/example_dags/tutorial_dag.py
[2024-04-20T17:03:09.088+0000] {processor.py:830} INFO - Processing file /home/airflow/.local/lib/python3.8/site-packages/airflow/example_dags/tutorial_dag.py for tasks to queue
[2024-04-20T17:03:09.089+0000] {logging_mixin.py:188} INFO - [2024-04-20T17:03:09.089+0000] {dagbag.py:540} INFO - Filling up the DagBag from /home/airflow/.local/lib/python3.8/site-packages/airflow/example_dags/tutorial_dag.py
[2024-04-20T17:03:09.097+0000] {processor.py:840} INFO - DAG(s) 'tutorial_dag' retrieved from /home/airflow/.local/lib/python3.8/site-packages/airflow/example_dags/tutorial_dag.py
[2024-04-20T17:03:09.122+0000] {logging_mixin.py:188} INFO - [2024-04-20T17:03:09.121+0000] {dag.py:3047} INFO - Sync 1 DAGs
[2024-04-20T17:03:09.136+0000] {logging_mixin.py:188} INFO - [2024-04-20T17:03:09.136+0000] {dag.py:3834} INFO - Setting next_dagrun for tutorial_dag to None, run_after=None
[2024-04-20T17:03:09.459+0000] {processor.py:183} INFO - Processing /home/airflow/.local/lib/python3.8/site-packages/airflow/example_dags/tutorial_dag.py took 0.377 seconds
[2024-04-20T17:03:40.320+0000] {processor.py:161} INFO - Started process (PID=9607) to work on /home/airflow/.local/lib/python3.8/site-packages/airflow/example_dags/tutorial_dag.py
[2024-04-20T17:03:40.321+0000] {processor.py:830} INFO - Processing file /home/airflow/.local/lib/python3.8/site-packages/airflow/example_dags/tutorial_dag.py for tasks to queue
[2024-04-20T17:03:40.323+0000] {logging_mixin.py:188} INFO - [2024-04-20T17:03:40.322+0000] {dagbag.py:540} INFO - Filling up the DagBag from /home/airflow/.local/lib/python3.8/site-packages/airflow/example_dags/tutorial_dag.py
[2024-04-20T17:03:40.328+0000] {processor.py:840} INFO - DAG(s) 'tutorial_dag' retrieved from /home/airflow/.local/lib/python3.8/site-packages/airflow/example_dags/tutorial_dag.py
[2024-04-20T17:03:40.352+0000] {logging_mixin.py:188} INFO - [2024-04-20T17:03:40.352+0000] {dag.py:3047} INFO - Sync 1 DAGs
[2024-04-20T17:03:40.367+0000] {logging_mixin.py:188} INFO - [2024-04-20T17:03:40.366+0000] {dag.py:3834} INFO - Setting next_dagrun for tutorial_dag to None, run_after=None
[2024-04-20T17:03:40.682+0000] {processor.py:183} INFO - Processing /home/airflow/.local/lib/python3.8/site-packages/airflow/example_dags/tutorial_dag.py took 0.366 seconds
[2024-04-20T17:04:10.764+0000] {processor.py:161} INFO - Started process (PID=9864) to work on /home/airflow/.local/lib/python3.8/site-packages/airflow/example_dags/tutorial_dag.py
[2024-04-20T17:04:10.765+0000] {processor.py:830} INFO - Processing file /home/airflow/.local/lib/python3.8/site-packages/airflow/example_dags/tutorial_dag.py for tasks to queue
[2024-04-20T17:04:10.766+0000] {logging_mixin.py:188} INFO - [2024-04-20T17:04:10.766+0000] {dagbag.py:540} INFO - Filling up the DagBag from /home/airflow/.local/lib/python3.8/site-packages/airflow/example_dags/tutorial_dag.py
[2024-04-20T17:04:10.772+0000] {processor.py:840} INFO - DAG(s) 'tutorial_dag' retrieved from /home/airflow/.local/lib/python3.8/site-packages/airflow/example_dags/tutorial_dag.py
[2024-04-20T17:04:10.795+0000] {logging_mixin.py:188} INFO - [2024-04-20T17:04:10.795+0000] {dag.py:3047} INFO - Sync 1 DAGs
[2024-04-20T17:04:10.809+0000] {logging_mixin.py:188} INFO - [2024-04-20T17:04:10.809+0000] {dag.py:3834} INFO - Setting next_dagrun for tutorial_dag to None, run_after=None
[2024-04-20T17:04:10.982+0000] {processor.py:183} INFO - Processing /home/airflow/.local/lib/python3.8/site-packages/airflow/example_dags/tutorial_dag.py took 0.221 seconds
[2024-04-20T17:04:41.057+0000] {processor.py:161} INFO - Started process (PID=10118) to work on /home/airflow/.local/lib/python3.8/site-packages/airflow/example_dags/tutorial_dag.py
[2024-04-20T17:04:41.058+0000] {processor.py:830} INFO - Processing file /home/airflow/.local/lib/python3.8/site-packages/airflow/example_dags/tutorial_dag.py for tasks to queue
[2024-04-20T17:04:41.058+0000] {logging_mixin.py:188} INFO - [2024-04-20T17:04:41.058+0000] {dagbag.py:540} INFO - Filling up the DagBag from /home/airflow/.local/lib/python3.8/site-packages/airflow/example_dags/tutorial_dag.py
[2024-04-20T17:04:41.062+0000] {processor.py:840} INFO - DAG(s) 'tutorial_dag' retrieved from /home/airflow/.local/lib/python3.8/site-packages/airflow/example_dags/tutorial_dag.py
[2024-04-20T17:04:41.079+0000] {logging_mixin.py:188} INFO - [2024-04-20T17:04:41.079+0000] {dag.py:3047} INFO - Sync 1 DAGs
[2024-04-20T17:04:41.088+0000] {logging_mixin.py:188} INFO - [2024-04-20T17:04:41.088+0000] {dag.py:3834} INFO - Setting next_dagrun for tutorial_dag to None, run_after=None
[2024-04-20T17:04:41.315+0000] {processor.py:183} INFO - Processing /home/airflow/.local/lib/python3.8/site-packages/airflow/example_dags/tutorial_dag.py took 0.261 seconds
[2024-04-20T17:05:11.995+0000] {processor.py:161} INFO - Started process (PID=10378) to work on /home/airflow/.local/lib/python3.8/site-packages/airflow/example_dags/tutorial_dag.py
[2024-04-20T17:05:11.996+0000] {processor.py:830} INFO - Processing file /home/airflow/.local/lib/python3.8/site-packages/airflow/example_dags/tutorial_dag.py for tasks to queue
[2024-04-20T17:05:11.997+0000] {logging_mixin.py:188} INFO - [2024-04-20T17:05:11.996+0000] {dagbag.py:540} INFO - Filling up the DagBag from /home/airflow/.local/lib/python3.8/site-packages/airflow/example_dags/tutorial_dag.py
[2024-04-20T17:05:12.002+0000] {processor.py:840} INFO - DAG(s) 'tutorial_dag' retrieved from /home/airflow/.local/lib/python3.8/site-packages/airflow/example_dags/tutorial_dag.py
[2024-04-20T17:05:12.024+0000] {logging_mixin.py:188} INFO - [2024-04-20T17:05:12.024+0000] {dag.py:3047} INFO - Sync 1 DAGs
[2024-04-20T17:05:12.038+0000] {logging_mixin.py:188} INFO - [2024-04-20T17:05:12.038+0000] {dag.py:3834} INFO - Setting next_dagrun for tutorial_dag to None, run_after=None
[2024-04-20T17:05:12.163+0000] {processor.py:183} INFO - Processing /home/airflow/.local/lib/python3.8/site-packages/airflow/example_dags/tutorial_dag.py took 0.171 seconds
[2024-04-20T17:05:42.638+0000] {processor.py:161} INFO - Started process (PID=10635) to work on /home/airflow/.local/lib/python3.8/site-packages/airflow/example_dags/tutorial_dag.py
[2024-04-20T17:05:42.638+0000] {processor.py:830} INFO - Processing file /home/airflow/.local/lib/python3.8/site-packages/airflow/example_dags/tutorial_dag.py for tasks to queue
[2024-04-20T17:05:42.639+0000] {logging_mixin.py:188} INFO - [2024-04-20T17:05:42.639+0000] {dagbag.py:540} INFO - Filling up the DagBag from /home/airflow/.local/lib/python3.8/site-packages/airflow/example_dags/tutorial_dag.py
[2024-04-20T17:05:42.645+0000] {processor.py:840} INFO - DAG(s) 'tutorial_dag' retrieved from /home/airflow/.local/lib/python3.8/site-packages/airflow/example_dags/tutorial_dag.py
[2024-04-20T17:05:42.666+0000] {logging_mixin.py:188} INFO - [2024-04-20T17:05:42.666+0000] {dag.py:3047} INFO - Sync 1 DAGs
[2024-04-20T17:05:42.680+0000] {logging_mixin.py:188} INFO - [2024-04-20T17:05:42.680+0000] {dag.py:3834} INFO - Setting next_dagrun for tutorial_dag to None, run_after=None
[2024-04-20T17:05:42.805+0000] {processor.py:183} INFO - Processing /home/airflow/.local/lib/python3.8/site-packages/airflow/example_dags/tutorial_dag.py took 0.171 seconds
[2024-04-20T17:06:13.452+0000] {processor.py:161} INFO - Started process (PID=10892) to work on /home/airflow/.local/lib/python3.8/site-packages/airflow/example_dags/tutorial_dag.py
[2024-04-20T17:06:13.453+0000] {processor.py:830} INFO - Processing file /home/airflow/.local/lib/python3.8/site-packages/airflow/example_dags/tutorial_dag.py for tasks to queue
[2024-04-20T17:06:13.454+0000] {logging_mixin.py:188} INFO - [2024-04-20T17:06:13.454+0000] {dagbag.py:540} INFO - Filling up the DagBag from /home/airflow/.local/lib/python3.8/site-packages/airflow/example_dags/tutorial_dag.py
[2024-04-20T17:06:13.460+0000] {processor.py:840} INFO - DAG(s) 'tutorial_dag' retrieved from /home/airflow/.local/lib/python3.8/site-packages/airflow/example_dags/tutorial_dag.py
[2024-04-20T17:06:13.481+0000] {logging_mixin.py:188} INFO - [2024-04-20T17:06:13.481+0000] {dag.py:3047} INFO - Sync 1 DAGs
[2024-04-20T17:06:13.496+0000] {logging_mixin.py:188} INFO - [2024-04-20T17:06:13.496+0000] {dag.py:3834} INFO - Setting next_dagrun for tutorial_dag to None, run_after=None
[2024-04-20T17:06:13.619+0000] {processor.py:183} INFO - Processing /home/airflow/.local/lib/python3.8/site-packages/airflow/example_dags/tutorial_dag.py took 0.170 seconds
