[0m17:16:45.564139 [debug] [MainThread]: Sending event: {'category': 'dbt', 'action': 'invocation', 'label': 'start', 'context': [<snowplow_tracker.self_describing_json.SelfDescribingJson object at 0x7ff92c35cc70>, <snowplow_tracker.self_describing_json.SelfDescribingJson object at 0x7ff92ca971c0>, <snowplow_tracker.self_describing_json.SelfDescribingJson object at 0x7ff92ca97160>]}


============================== 17:16:45.572837 | 310e4a3a-36ea-4774-ac60-15d486a8d3b6 ==============================
[0m17:16:45.572837 [info ] [MainThread]: Running with dbt=1.7.13
[0m17:16:45.573952 [debug] [MainThread]: running dbt with arguments {'printer_width': '80', 'indirect_selection': 'eager', 'log_cache_events': 'False', 'write_json': 'True', 'partial_parse': 'True', 'cache_selected_only': 'False', 'warn_error': 'None', 'version_check': 'True', 'fail_fast': 'False', 'log_path': 'logs', 'debug': 'False', 'profiles_dir': '/home/codespace/.dbt', 'use_colors': 'True', 'use_experimental_parser': 'False', 'no_print': 'None', 'quiet': 'False', 'warn_error_options': 'WarnErrorOptions(include=[], exclude=[])', 'introspect': 'True', 'invocation_command': 'dbt init', 'static_parser': 'True', 'target_path': 'None', 'log_format': 'default', 'send_anonymous_usage_stats': 'True'}
[0m17:16:45.574728 [warn ] [MainThread]: [ConfigFolderDirectory]: Unable to parse dict {'dir': PosixPath('/home/codespace/.dbt')}
[0m17:16:45.575467 [info ] [MainThread]: Creating dbt configuration folder at 
[0m17:17:05.032284 [debug] [MainThread]: Starter project path: /workspaces/dw-and-bi/06-analytics-engineering/ENV/lib/python3.10/site-packages/dbt/include/starter_project
[0m17:17:05.037520 [info ] [MainThread]: 
Your new dbt project "ds525" was created!

For more information on how to configure the profiles.yml file,
please consult the dbt documentation here:

  https://docs.getdbt.com/docs/configure-your-profile

One more thing:

Need help? Don't hesitate to reach out to us via GitHub issues or on Slack:

  https://community.getdbt.com/

Happy modeling!

[0m17:17:05.038505 [info ] [MainThread]: Setting up your profile.
[0m17:20:40.211128 [info ] [MainThread]: Profile ds525 written to /home/codespace/.dbt/profiles.yml using target's profile_template.yml and your supplied values. Run 'dbt debug' to validate the connection.
[0m17:20:40.214230 [debug] [MainThread]: Resource report: {"command_name": "init", "command_success": true, "command_wall_clock_time": 234.65448, "process_user_time": 2.45759, "process_kernel_time": 0.116476, "process_mem_max_rss": "91172", "process_in_blocks": "3200", "process_out_blocks": "80"}
[0m17:20:40.215873 [debug] [MainThread]: Command `dbt init` succeeded at 17:20:40.215262 after 234.66 seconds
[0m17:20:40.217147 [debug] [MainThread]: Sending event: {'category': 'dbt', 'action': 'invocation', 'label': 'end', 'context': [<snowplow_tracker.self_describing_json.SelfDescribingJson object at 0x7ff92c35cc70>, <snowplow_tracker.self_describing_json.SelfDescribingJson object at 0x7ff92e67d0c0>, <snowplow_tracker.self_describing_json.SelfDescribingJson object at 0x7ff92ca973d0>]}
[0m17:20:40.218930 [debug] [MainThread]: Flushing usage events
